[2025-01-22T12:53:17.694+0000] {processor.py:186} INFO - Started process (PID=5871) to work on /usr/local/python/3.12.1/lib/python3.12/site-packages/airflow/example_dags/example_branch_labels.py
[2025-01-22T12:53:17.695+0000] {processor.py:914} INFO - Processing file /usr/local/python/3.12.1/lib/python3.12/site-packages/airflow/example_dags/example_branch_labels.py for tasks to queue
[2025-01-22T12:53:17.696+0000] {logging_mixin.py:190} INFO - [2025-01-22T12:53:17.696+0000] {dagbag.py:588} INFO - Filling up the DagBag from /usr/local/python/3.12.1/lib/python3.12/site-packages/airflow/example_dags/example_branch_labels.py
[2025-01-22T12:53:17.704+0000] {processor.py:925} INFO - DAG(s) 'example_branch_labels' retrieved from /usr/local/python/3.12.1/lib/python3.12/site-packages/airflow/example_dags/example_branch_labels.py
[2025-01-22T12:53:17.789+0000] {logging_mixin.py:190} INFO - [2025-01-22T12:53:17.788+0000] {override.py:1911} INFO - Created Permission View: can delete on DAG:example_branch_labels
[2025-01-22T12:53:17.796+0000] {logging_mixin.py:190} INFO - [2025-01-22T12:53:17.796+0000] {override.py:1911} INFO - Created Permission View: can edit on DAG:example_branch_labels
[2025-01-22T12:53:17.801+0000] {logging_mixin.py:190} INFO - [2025-01-22T12:53:17.801+0000] {override.py:1911} INFO - Created Permission View: can read on DAG:example_branch_labels
[2025-01-22T12:53:17.809+0000] {logging_mixin.py:190} INFO - [2025-01-22T12:53:17.809+0000] {override.py:1911} INFO - Created Permission View: can create on DAG Run:example_branch_labels
[2025-01-22T12:53:17.814+0000] {logging_mixin.py:190} INFO - [2025-01-22T12:53:17.814+0000] {override.py:1911} INFO - Created Permission View: can read on DAG Run:example_branch_labels
[2025-01-22T12:53:17.819+0000] {logging_mixin.py:190} INFO - [2025-01-22T12:53:17.819+0000] {override.py:1911} INFO - Created Permission View: menu access on DAG Run:example_branch_labels
[2025-01-22T12:53:17.825+0000] {logging_mixin.py:190} INFO - [2025-01-22T12:53:17.824+0000] {override.py:1911} INFO - Created Permission View: can delete on DAG Run:example_branch_labels
[2025-01-22T12:53:17.825+0000] {logging_mixin.py:190} INFO - [2025-01-22T12:53:17.825+0000] {dag.py:3239} INFO - Sync 1 DAGs
[2025-01-22T12:53:17.833+0000] {logging_mixin.py:190} INFO - [2025-01-22T12:53:17.833+0000] {dag.py:3262} INFO - Creating ORM DAG for example_branch_labels
[2025-01-22T12:53:17.840+0000] {logging_mixin.py:190} INFO - [2025-01-22T12:53:17.839+0000] {dag.py:4180} INFO - Setting next_dagrun for example_branch_labels to 2025-01-21 00:00:00+00:00, run_after=2025-01-22 00:00:00+00:00
[2025-01-22T12:53:17.855+0000] {processor.py:208} INFO - Processing /usr/local/python/3.12.1/lib/python3.12/site-packages/airflow/example_dags/example_branch_labels.py took 0.165 seconds
[2025-01-22T12:54:12.285+0000] {processor.py:186} INFO - Started process (PID=6753) to work on /usr/local/python/3.12.1/lib/python3.12/site-packages/airflow/example_dags/example_branch_labels.py
[2025-01-22T12:54:12.286+0000] {processor.py:914} INFO - Processing file /usr/local/python/3.12.1/lib/python3.12/site-packages/airflow/example_dags/example_branch_labels.py for tasks to queue
[2025-01-22T12:54:12.288+0000] {logging_mixin.py:190} INFO - [2025-01-22T12:54:12.287+0000] {dagbag.py:588} INFO - Filling up the DagBag from /usr/local/python/3.12.1/lib/python3.12/site-packages/airflow/example_dags/example_branch_labels.py
[2025-01-22T12:54:12.298+0000] {processor.py:925} INFO - DAG(s) 'example_branch_labels' retrieved from /usr/local/python/3.12.1/lib/python3.12/site-packages/airflow/example_dags/example_branch_labels.py
[2025-01-22T12:54:12.315+0000] {logging_mixin.py:190} INFO - [2025-01-22T12:54:12.315+0000] {dag.py:3239} INFO - Sync 1 DAGs
[2025-01-22T12:54:12.338+0000] {logging_mixin.py:190} INFO - [2025-01-22T12:54:12.338+0000] {dag.py:4180} INFO - Setting next_dagrun for example_branch_labels to 2025-01-21 00:00:00+00:00, run_after=2025-01-22 00:00:00+00:00
[2025-01-22T12:54:12.362+0000] {processor.py:208} INFO - Processing /usr/local/python/3.12.1/lib/python3.12/site-packages/airflow/example_dags/example_branch_labels.py took 0.082 seconds
[2025-01-22T12:55:07.503+0000] {processor.py:186} INFO - Started process (PID=7256) to work on /usr/local/python/3.12.1/lib/python3.12/site-packages/airflow/example_dags/example_branch_labels.py
[2025-01-22T12:55:07.504+0000] {processor.py:914} INFO - Processing file /usr/local/python/3.12.1/lib/python3.12/site-packages/airflow/example_dags/example_branch_labels.py for tasks to queue
[2025-01-22T12:55:07.505+0000] {logging_mixin.py:190} INFO - [2025-01-22T12:55:07.505+0000] {dagbag.py:588} INFO - Filling up the DagBag from /usr/local/python/3.12.1/lib/python3.12/site-packages/airflow/example_dags/example_branch_labels.py
[2025-01-22T12:55:07.513+0000] {processor.py:925} INFO - DAG(s) 'example_branch_labels' retrieved from /usr/local/python/3.12.1/lib/python3.12/site-packages/airflow/example_dags/example_branch_labels.py
[2025-01-22T12:55:07.524+0000] {logging_mixin.py:190} INFO - [2025-01-22T12:55:07.524+0000] {dag.py:3239} INFO - Sync 1 DAGs
[2025-01-22T12:55:07.539+0000] {logging_mixin.py:190} INFO - [2025-01-22T12:55:07.539+0000] {dag.py:4180} INFO - Setting next_dagrun for example_branch_labels to 2025-01-21 00:00:00+00:00, run_after=2025-01-22 00:00:00+00:00
[2025-01-22T12:55:07.553+0000] {processor.py:208} INFO - Processing /usr/local/python/3.12.1/lib/python3.12/site-packages/airflow/example_dags/example_branch_labels.py took 0.054 seconds
[2025-01-22T12:56:25.109+0000] {processor.py:186} INFO - Started process (PID=7993) to work on /usr/local/python/3.12.1/lib/python3.12/site-packages/airflow/example_dags/example_branch_labels.py
[2025-01-22T12:56:25.111+0000] {processor.py:914} INFO - Processing file /usr/local/python/3.12.1/lib/python3.12/site-packages/airflow/example_dags/example_branch_labels.py for tasks to queue
[2025-01-22T12:56:25.113+0000] {logging_mixin.py:190} INFO - [2025-01-22T12:56:25.112+0000] {dagbag.py:588} INFO - Filling up the DagBag from /usr/local/python/3.12.1/lib/python3.12/site-packages/airflow/example_dags/example_branch_labels.py
[2025-01-22T12:56:25.124+0000] {processor.py:925} INFO - DAG(s) 'example_branch_labels' retrieved from /usr/local/python/3.12.1/lib/python3.12/site-packages/airflow/example_dags/example_branch_labels.py
[2025-01-22T12:56:25.138+0000] {logging_mixin.py:190} INFO - [2025-01-22T12:56:25.138+0000] {dag.py:3239} INFO - Sync 1 DAGs
[2025-01-22T12:56:25.153+0000] {logging_mixin.py:190} INFO - [2025-01-22T12:56:25.153+0000] {dag.py:4180} INFO - Setting next_dagrun for example_branch_labels to 2025-01-21 00:00:00+00:00, run_after=2025-01-22 00:00:00+00:00
[2025-01-22T12:56:25.167+0000] {processor.py:208} INFO - Processing /usr/local/python/3.12.1/lib/python3.12/site-packages/airflow/example_dags/example_branch_labels.py took 0.062 seconds
[2025-01-22T12:57:40.623+0000] {processor.py:186} INFO - Started process (PID=8633) to work on /usr/local/python/3.12.1/lib/python3.12/site-packages/airflow/example_dags/example_branch_labels.py
[2025-01-22T12:57:40.624+0000] {processor.py:914} INFO - Processing file /usr/local/python/3.12.1/lib/python3.12/site-packages/airflow/example_dags/example_branch_labels.py for tasks to queue
[2025-01-22T12:57:40.625+0000] {logging_mixin.py:190} INFO - [2025-01-22T12:57:40.625+0000] {dagbag.py:588} INFO - Filling up the DagBag from /usr/local/python/3.12.1/lib/python3.12/site-packages/airflow/example_dags/example_branch_labels.py
[2025-01-22T12:57:40.632+0000] {processor.py:925} INFO - DAG(s) 'example_branch_labels' retrieved from /usr/local/python/3.12.1/lib/python3.12/site-packages/airflow/example_dags/example_branch_labels.py
[2025-01-22T12:57:40.643+0000] {logging_mixin.py:190} INFO - [2025-01-22T12:57:40.643+0000] {dag.py:3239} INFO - Sync 1 DAGs
[2025-01-22T12:57:40.663+0000] {logging_mixin.py:190} INFO - [2025-01-22T12:57:40.663+0000] {dag.py:4180} INFO - Setting next_dagrun for example_branch_labels to 2025-01-21 00:00:00+00:00, run_after=2025-01-22 00:00:00+00:00
[2025-01-22T12:57:40.683+0000] {processor.py:208} INFO - Processing /usr/local/python/3.12.1/lib/python3.12/site-packages/airflow/example_dags/example_branch_labels.py took 0.064 seconds
[2025-01-22T12:58:54.756+0000] {processor.py:186} INFO - Started process (PID=9235) to work on /usr/local/python/3.12.1/lib/python3.12/site-packages/airflow/example_dags/example_branch_labels.py
[2025-01-22T12:58:54.758+0000] {processor.py:914} INFO - Processing file /usr/local/python/3.12.1/lib/python3.12/site-packages/airflow/example_dags/example_branch_labels.py for tasks to queue
[2025-01-22T12:58:54.760+0000] {logging_mixin.py:190} INFO - [2025-01-22T12:58:54.760+0000] {dagbag.py:588} INFO - Filling up the DagBag from /usr/local/python/3.12.1/lib/python3.12/site-packages/airflow/example_dags/example_branch_labels.py
[2025-01-22T12:58:54.771+0000] {processor.py:925} INFO - DAG(s) 'example_branch_labels' retrieved from /usr/local/python/3.12.1/lib/python3.12/site-packages/airflow/example_dags/example_branch_labels.py
[2025-01-22T12:58:54.788+0000] {logging_mixin.py:190} INFO - [2025-01-22T12:58:54.788+0000] {dag.py:3239} INFO - Sync 1 DAGs
[2025-01-22T12:58:54.813+0000] {logging_mixin.py:190} INFO - [2025-01-22T12:58:54.813+0000] {dag.py:4180} INFO - Setting next_dagrun for example_branch_labels to 2025-01-21 00:00:00+00:00, run_after=2025-01-22 00:00:00+00:00
[2025-01-22T12:58:54.826+0000] {processor.py:208} INFO - Processing /usr/local/python/3.12.1/lib/python3.12/site-packages/airflow/example_dags/example_branch_labels.py took 0.075 seconds
[2025-01-22T13:00:13.448+0000] {processor.py:186} INFO - Started process (PID=9845) to work on /usr/local/python/3.12.1/lib/python3.12/site-packages/airflow/example_dags/example_branch_labels.py
[2025-01-22T13:00:13.448+0000] {processor.py:914} INFO - Processing file /usr/local/python/3.12.1/lib/python3.12/site-packages/airflow/example_dags/example_branch_labels.py for tasks to queue
[2025-01-22T13:00:13.450+0000] {logging_mixin.py:190} INFO - [2025-01-22T13:00:13.450+0000] {dagbag.py:588} INFO - Filling up the DagBag from /usr/local/python/3.12.1/lib/python3.12/site-packages/airflow/example_dags/example_branch_labels.py
[2025-01-22T13:00:13.457+0000] {processor.py:925} INFO - DAG(s) 'example_branch_labels' retrieved from /usr/local/python/3.12.1/lib/python3.12/site-packages/airflow/example_dags/example_branch_labels.py
[2025-01-22T13:00:13.470+0000] {logging_mixin.py:190} INFO - [2025-01-22T13:00:13.470+0000] {dag.py:3239} INFO - Sync 1 DAGs
[2025-01-22T13:00:13.487+0000] {logging_mixin.py:190} INFO - [2025-01-22T13:00:13.487+0000] {dag.py:4180} INFO - Setting next_dagrun for example_branch_labels to 2025-01-21 00:00:00+00:00, run_after=2025-01-22 00:00:00+00:00
[2025-01-22T13:00:13.502+0000] {processor.py:208} INFO - Processing /usr/local/python/3.12.1/lib/python3.12/site-packages/airflow/example_dags/example_branch_labels.py took 0.058 seconds
[2025-01-22T13:01:31.571+0000] {processor.py:186} INFO - Started process (PID=10521) to work on /usr/local/python/3.12.1/lib/python3.12/site-packages/airflow/example_dags/example_branch_labels.py
[2025-01-22T13:01:31.571+0000] {processor.py:914} INFO - Processing file /usr/local/python/3.12.1/lib/python3.12/site-packages/airflow/example_dags/example_branch_labels.py for tasks to queue
[2025-01-22T13:01:31.573+0000] {logging_mixin.py:190} INFO - [2025-01-22T13:01:31.573+0000] {dagbag.py:588} INFO - Filling up the DagBag from /usr/local/python/3.12.1/lib/python3.12/site-packages/airflow/example_dags/example_branch_labels.py
[2025-01-22T13:01:31.580+0000] {processor.py:925} INFO - DAG(s) 'example_branch_labels' retrieved from /usr/local/python/3.12.1/lib/python3.12/site-packages/airflow/example_dags/example_branch_labels.py
[2025-01-22T13:01:31.591+0000] {logging_mixin.py:190} INFO - [2025-01-22T13:01:31.591+0000] {dag.py:3239} INFO - Sync 1 DAGs
[2025-01-22T13:01:31.606+0000] {logging_mixin.py:190} INFO - [2025-01-22T13:01:31.606+0000] {dag.py:4180} INFO - Setting next_dagrun for example_branch_labels to 2025-01-21 00:00:00+00:00, run_after=2025-01-22 00:00:00+00:00
[2025-01-22T13:01:31.620+0000] {processor.py:208} INFO - Processing /usr/local/python/3.12.1/lib/python3.12/site-packages/airflow/example_dags/example_branch_labels.py took 0.053 seconds
[2025-01-22T13:02:44.596+0000] {processor.py:186} INFO - Started process (PID=11162) to work on /usr/local/python/3.12.1/lib/python3.12/site-packages/airflow/example_dags/example_branch_labels.py
[2025-01-22T13:02:44.597+0000] {processor.py:914} INFO - Processing file /usr/local/python/3.12.1/lib/python3.12/site-packages/airflow/example_dags/example_branch_labels.py for tasks to queue
[2025-01-22T13:02:44.599+0000] {logging_mixin.py:190} INFO - [2025-01-22T13:02:44.598+0000] {dagbag.py:588} INFO - Filling up the DagBag from /usr/local/python/3.12.1/lib/python3.12/site-packages/airflow/example_dags/example_branch_labels.py
[2025-01-22T13:02:44.606+0000] {processor.py:925} INFO - DAG(s) 'example_branch_labels' retrieved from /usr/local/python/3.12.1/lib/python3.12/site-packages/airflow/example_dags/example_branch_labels.py
[2025-01-22T13:02:44.617+0000] {logging_mixin.py:190} INFO - [2025-01-22T13:02:44.617+0000] {dag.py:3239} INFO - Sync 1 DAGs
[2025-01-22T13:02:44.633+0000] {logging_mixin.py:190} INFO - [2025-01-22T13:02:44.633+0000] {dag.py:4180} INFO - Setting next_dagrun for example_branch_labels to 2025-01-21 00:00:00+00:00, run_after=2025-01-22 00:00:00+00:00
[2025-01-22T13:02:44.646+0000] {processor.py:208} INFO - Processing /usr/local/python/3.12.1/lib/python3.12/site-packages/airflow/example_dags/example_branch_labels.py took 0.054 seconds
[2025-01-22T13:03:59.931+0000] {processor.py:186} INFO - Started process (PID=11775) to work on /usr/local/python/3.12.1/lib/python3.12/site-packages/airflow/example_dags/example_branch_labels.py
[2025-01-22T13:03:59.932+0000] {processor.py:914} INFO - Processing file /usr/local/python/3.12.1/lib/python3.12/site-packages/airflow/example_dags/example_branch_labels.py for tasks to queue
[2025-01-22T13:03:59.933+0000] {logging_mixin.py:190} INFO - [2025-01-22T13:03:59.933+0000] {dagbag.py:588} INFO - Filling up the DagBag from /usr/local/python/3.12.1/lib/python3.12/site-packages/airflow/example_dags/example_branch_labels.py
[2025-01-22T13:03:59.941+0000] {processor.py:925} INFO - DAG(s) 'example_branch_labels' retrieved from /usr/local/python/3.12.1/lib/python3.12/site-packages/airflow/example_dags/example_branch_labels.py
[2025-01-22T13:03:59.952+0000] {logging_mixin.py:190} INFO - [2025-01-22T13:03:59.952+0000] {dag.py:3239} INFO - Sync 1 DAGs
[2025-01-22T13:03:59.966+0000] {logging_mixin.py:190} INFO - [2025-01-22T13:03:59.966+0000] {dag.py:4180} INFO - Setting next_dagrun for example_branch_labels to 2025-01-21 00:00:00+00:00, run_after=2025-01-22 00:00:00+00:00
[2025-01-22T13:03:59.980+0000] {processor.py:208} INFO - Processing /usr/local/python/3.12.1/lib/python3.12/site-packages/airflow/example_dags/example_branch_labels.py took 0.053 seconds
[2025-01-22T13:05:17.426+0000] {processor.py:186} INFO - Started process (PID=12372) to work on /usr/local/python/3.12.1/lib/python3.12/site-packages/airflow/example_dags/example_branch_labels.py
[2025-01-22T13:05:17.427+0000] {processor.py:914} INFO - Processing file /usr/local/python/3.12.1/lib/python3.12/site-packages/airflow/example_dags/example_branch_labels.py for tasks to queue
[2025-01-22T13:05:17.428+0000] {logging_mixin.py:190} INFO - [2025-01-22T13:05:17.428+0000] {dagbag.py:588} INFO - Filling up the DagBag from /usr/local/python/3.12.1/lib/python3.12/site-packages/airflow/example_dags/example_branch_labels.py
[2025-01-22T13:05:17.435+0000] {processor.py:925} INFO - DAG(s) 'example_branch_labels' retrieved from /usr/local/python/3.12.1/lib/python3.12/site-packages/airflow/example_dags/example_branch_labels.py
[2025-01-22T13:05:17.446+0000] {logging_mixin.py:190} INFO - [2025-01-22T13:05:17.446+0000] {dag.py:3239} INFO - Sync 1 DAGs
[2025-01-22T13:05:17.461+0000] {logging_mixin.py:190} INFO - [2025-01-22T13:05:17.461+0000] {dag.py:4180} INFO - Setting next_dagrun for example_branch_labels to 2025-01-21 00:00:00+00:00, run_after=2025-01-22 00:00:00+00:00
[2025-01-22T13:05:17.475+0000] {processor.py:208} INFO - Processing /usr/local/python/3.12.1/lib/python3.12/site-packages/airflow/example_dags/example_branch_labels.py took 0.054 seconds
[2025-01-22T13:06:31.934+0000] {processor.py:186} INFO - Started process (PID=13018) to work on /usr/local/python/3.12.1/lib/python3.12/site-packages/airflow/example_dags/example_branch_labels.py
[2025-01-22T13:06:31.934+0000] {processor.py:914} INFO - Processing file /usr/local/python/3.12.1/lib/python3.12/site-packages/airflow/example_dags/example_branch_labels.py for tasks to queue
[2025-01-22T13:06:31.936+0000] {logging_mixin.py:190} INFO - [2025-01-22T13:06:31.935+0000] {dagbag.py:588} INFO - Filling up the DagBag from /usr/local/python/3.12.1/lib/python3.12/site-packages/airflow/example_dags/example_branch_labels.py
[2025-01-22T13:06:31.943+0000] {processor.py:925} INFO - DAG(s) 'example_branch_labels' retrieved from /usr/local/python/3.12.1/lib/python3.12/site-packages/airflow/example_dags/example_branch_labels.py
[2025-01-22T13:06:31.954+0000] {logging_mixin.py:190} INFO - [2025-01-22T13:06:31.954+0000] {dag.py:3239} INFO - Sync 1 DAGs
[2025-01-22T13:06:31.969+0000] {logging_mixin.py:190} INFO - [2025-01-22T13:06:31.969+0000] {dag.py:4180} INFO - Setting next_dagrun for example_branch_labels to 2025-01-21 00:00:00+00:00, run_after=2025-01-22 00:00:00+00:00
[2025-01-22T13:06:31.984+0000] {processor.py:208} INFO - Processing /usr/local/python/3.12.1/lib/python3.12/site-packages/airflow/example_dags/example_branch_labels.py took 0.054 seconds
[2025-01-22T13:07:45.277+0000] {processor.py:186} INFO - Started process (PID=13618) to work on /usr/local/python/3.12.1/lib/python3.12/site-packages/airflow/example_dags/example_branch_labels.py
[2025-01-22T13:07:45.277+0000] {processor.py:914} INFO - Processing file /usr/local/python/3.12.1/lib/python3.12/site-packages/airflow/example_dags/example_branch_labels.py for tasks to queue
[2025-01-22T13:07:45.279+0000] {logging_mixin.py:190} INFO - [2025-01-22T13:07:45.278+0000] {dagbag.py:588} INFO - Filling up the DagBag from /usr/local/python/3.12.1/lib/python3.12/site-packages/airflow/example_dags/example_branch_labels.py
[2025-01-22T13:07:45.286+0000] {processor.py:925} INFO - DAG(s) 'example_branch_labels' retrieved from /usr/local/python/3.12.1/lib/python3.12/site-packages/airflow/example_dags/example_branch_labels.py
[2025-01-22T13:07:45.298+0000] {logging_mixin.py:190} INFO - [2025-01-22T13:07:45.297+0000] {dag.py:3239} INFO - Sync 1 DAGs
[2025-01-22T13:07:45.313+0000] {logging_mixin.py:190} INFO - [2025-01-22T13:07:45.312+0000] {dag.py:4180} INFO - Setting next_dagrun for example_branch_labels to 2025-01-21 00:00:00+00:00, run_after=2025-01-22 00:00:00+00:00
[2025-01-22T13:07:45.326+0000] {processor.py:208} INFO - Processing /usr/local/python/3.12.1/lib/python3.12/site-packages/airflow/example_dags/example_branch_labels.py took 0.054 seconds
[2025-01-22T13:08:41.397+0000] {processor.py:186} INFO - Started process (PID=14316) to work on /usr/local/python/3.12.1/lib/python3.12/site-packages/airflow/example_dags/example_branch_labels.py
[2025-01-22T13:08:41.397+0000] {processor.py:914} INFO - Processing file /usr/local/python/3.12.1/lib/python3.12/site-packages/airflow/example_dags/example_branch_labels.py for tasks to queue
[2025-01-22T13:08:41.399+0000] {logging_mixin.py:190} INFO - [2025-01-22T13:08:41.398+0000] {dagbag.py:588} INFO - Filling up the DagBag from /usr/local/python/3.12.1/lib/python3.12/site-packages/airflow/example_dags/example_branch_labels.py
[2025-01-22T13:08:41.406+0000] {processor.py:925} INFO - DAG(s) 'example_branch_labels' retrieved from /usr/local/python/3.12.1/lib/python3.12/site-packages/airflow/example_dags/example_branch_labels.py
[2025-01-22T13:08:41.417+0000] {logging_mixin.py:190} INFO - [2025-01-22T13:08:41.417+0000] {dag.py:3239} INFO - Sync 1 DAGs
[2025-01-22T13:08:41.432+0000] {logging_mixin.py:190} INFO - [2025-01-22T13:08:41.431+0000] {dag.py:4180} INFO - Setting next_dagrun for example_branch_labels to 2025-01-21 00:00:00+00:00, run_after=2025-01-22 00:00:00+00:00
[2025-01-22T13:08:41.458+0000] {processor.py:208} INFO - Processing /usr/local/python/3.12.1/lib/python3.12/site-packages/airflow/example_dags/example_branch_labels.py took 0.065 seconds
[2025-01-22T13:09:56.918+0000] {processor.py:186} INFO - Started process (PID=14924) to work on /usr/local/python/3.12.1/lib/python3.12/site-packages/airflow/example_dags/example_branch_labels.py
[2025-01-22T13:09:56.919+0000] {processor.py:914} INFO - Processing file /usr/local/python/3.12.1/lib/python3.12/site-packages/airflow/example_dags/example_branch_labels.py for tasks to queue
[2025-01-22T13:09:56.920+0000] {logging_mixin.py:190} INFO - [2025-01-22T13:09:56.920+0000] {dagbag.py:588} INFO - Filling up the DagBag from /usr/local/python/3.12.1/lib/python3.12/site-packages/airflow/example_dags/example_branch_labels.py
[2025-01-22T13:09:56.928+0000] {processor.py:925} INFO - DAG(s) 'example_branch_labels' retrieved from /usr/local/python/3.12.1/lib/python3.12/site-packages/airflow/example_dags/example_branch_labels.py
[2025-01-22T13:09:56.939+0000] {logging_mixin.py:190} INFO - [2025-01-22T13:09:56.938+0000] {dag.py:3239} INFO - Sync 1 DAGs
[2025-01-22T13:09:56.953+0000] {logging_mixin.py:190} INFO - [2025-01-22T13:09:56.953+0000] {dag.py:4180} INFO - Setting next_dagrun for example_branch_labels to 2025-01-21 00:00:00+00:00, run_after=2025-01-22 00:00:00+00:00
[2025-01-22T13:09:56.967+0000] {processor.py:208} INFO - Processing /usr/local/python/3.12.1/lib/python3.12/site-packages/airflow/example_dags/example_branch_labels.py took 0.053 seconds
[2025-01-22T13:11:10.041+0000] {processor.py:186} INFO - Started process (PID=15495) to work on /usr/local/python/3.12.1/lib/python3.12/site-packages/airflow/example_dags/example_branch_labels.py
[2025-01-22T13:11:10.042+0000] {processor.py:914} INFO - Processing file /usr/local/python/3.12.1/lib/python3.12/site-packages/airflow/example_dags/example_branch_labels.py for tasks to queue
[2025-01-22T13:11:10.043+0000] {logging_mixin.py:190} INFO - [2025-01-22T13:11:10.043+0000] {dagbag.py:588} INFO - Filling up the DagBag from /usr/local/python/3.12.1/lib/python3.12/site-packages/airflow/example_dags/example_branch_labels.py
[2025-01-22T13:11:10.050+0000] {processor.py:925} INFO - DAG(s) 'example_branch_labels' retrieved from /usr/local/python/3.12.1/lib/python3.12/site-packages/airflow/example_dags/example_branch_labels.py
[2025-01-22T13:11:10.062+0000] {logging_mixin.py:190} INFO - [2025-01-22T13:11:10.061+0000] {dag.py:3239} INFO - Sync 1 DAGs
[2025-01-22T13:11:10.077+0000] {logging_mixin.py:190} INFO - [2025-01-22T13:11:10.077+0000] {dag.py:4180} INFO - Setting next_dagrun for example_branch_labels to 2025-01-21 00:00:00+00:00, run_after=2025-01-22 00:00:00+00:00
[2025-01-22T13:11:10.091+0000] {processor.py:208} INFO - Processing /usr/local/python/3.12.1/lib/python3.12/site-packages/airflow/example_dags/example_branch_labels.py took 0.054 seconds
[2025-01-22T13:12:26.940+0000] {processor.py:186} INFO - Started process (PID=16165) to work on /usr/local/python/3.12.1/lib/python3.12/site-packages/airflow/example_dags/example_branch_labels.py
[2025-01-22T13:12:26.941+0000] {processor.py:914} INFO - Processing file /usr/local/python/3.12.1/lib/python3.12/site-packages/airflow/example_dags/example_branch_labels.py for tasks to queue
[2025-01-22T13:12:26.942+0000] {logging_mixin.py:190} INFO - [2025-01-22T13:12:26.942+0000] {dagbag.py:588} INFO - Filling up the DagBag from /usr/local/python/3.12.1/lib/python3.12/site-packages/airflow/example_dags/example_branch_labels.py
[2025-01-22T13:12:26.950+0000] {processor.py:925} INFO - DAG(s) 'example_branch_labels' retrieved from /usr/local/python/3.12.1/lib/python3.12/site-packages/airflow/example_dags/example_branch_labels.py
[2025-01-22T13:12:26.961+0000] {logging_mixin.py:190} INFO - [2025-01-22T13:12:26.961+0000] {dag.py:3239} INFO - Sync 1 DAGs
[2025-01-22T13:12:26.976+0000] {logging_mixin.py:190} INFO - [2025-01-22T13:12:26.976+0000] {dag.py:4180} INFO - Setting next_dagrun for example_branch_labels to 2025-01-21 00:00:00+00:00, run_after=2025-01-22 00:00:00+00:00
[2025-01-22T13:12:26.990+0000] {processor.py:208} INFO - Processing /usr/local/python/3.12.1/lib/python3.12/site-packages/airflow/example_dags/example_branch_labels.py took 0.054 seconds
[2025-01-22T13:13:44.526+0000] {processor.py:186} INFO - Started process (PID=16831) to work on /usr/local/python/3.12.1/lib/python3.12/site-packages/airflow/example_dags/example_branch_labels.py
[2025-01-22T13:13:44.526+0000] {processor.py:914} INFO - Processing file /usr/local/python/3.12.1/lib/python3.12/site-packages/airflow/example_dags/example_branch_labels.py for tasks to queue
[2025-01-22T13:13:44.528+0000] {logging_mixin.py:190} INFO - [2025-01-22T13:13:44.528+0000] {dagbag.py:588} INFO - Filling up the DagBag from /usr/local/python/3.12.1/lib/python3.12/site-packages/airflow/example_dags/example_branch_labels.py
[2025-01-22T13:13:44.535+0000] {processor.py:925} INFO - DAG(s) 'example_branch_labels' retrieved from /usr/local/python/3.12.1/lib/python3.12/site-packages/airflow/example_dags/example_branch_labels.py
[2025-01-22T13:13:44.546+0000] {logging_mixin.py:190} INFO - [2025-01-22T13:13:44.546+0000] {dag.py:3239} INFO - Sync 1 DAGs
[2025-01-22T13:13:44.561+0000] {logging_mixin.py:190} INFO - [2025-01-22T13:13:44.561+0000] {dag.py:4180} INFO - Setting next_dagrun for example_branch_labels to 2025-01-21 00:00:00+00:00, run_after=2025-01-22 00:00:00+00:00
[2025-01-22T13:13:44.574+0000] {processor.py:208} INFO - Processing /usr/local/python/3.12.1/lib/python3.12/site-packages/airflow/example_dags/example_branch_labels.py took 0.052 seconds
[2025-01-22T13:15:01.256+0000] {processor.py:186} INFO - Started process (PID=17436) to work on /usr/local/python/3.12.1/lib/python3.12/site-packages/airflow/example_dags/example_branch_labels.py
[2025-01-22T13:15:01.258+0000] {processor.py:914} INFO - Processing file /usr/local/python/3.12.1/lib/python3.12/site-packages/airflow/example_dags/example_branch_labels.py for tasks to queue
[2025-01-22T13:15:01.260+0000] {logging_mixin.py:190} INFO - [2025-01-22T13:15:01.260+0000] {dagbag.py:588} INFO - Filling up the DagBag from /usr/local/python/3.12.1/lib/python3.12/site-packages/airflow/example_dags/example_branch_labels.py
[2025-01-22T13:15:01.274+0000] {processor.py:925} INFO - DAG(s) 'example_branch_labels' retrieved from /usr/local/python/3.12.1/lib/python3.12/site-packages/airflow/example_dags/example_branch_labels.py
[2025-01-22T13:15:01.291+0000] {logging_mixin.py:190} INFO - [2025-01-22T13:15:01.291+0000] {dag.py:3239} INFO - Sync 1 DAGs
[2025-01-22T13:15:01.316+0000] {logging_mixin.py:190} INFO - [2025-01-22T13:15:01.315+0000] {dag.py:4180} INFO - Setting next_dagrun for example_branch_labels to 2025-01-21 00:00:00+00:00, run_after=2025-01-22 00:00:00+00:00
[2025-01-22T13:15:01.332+0000] {processor.py:208} INFO - Processing /usr/local/python/3.12.1/lib/python3.12/site-packages/airflow/example_dags/example_branch_labels.py took 0.081 seconds
[2025-01-22T13:16:14.743+0000] {processor.py:186} INFO - Started process (PID=18026) to work on /usr/local/python/3.12.1/lib/python3.12/site-packages/airflow/example_dags/example_branch_labels.py
[2025-01-22T13:16:14.743+0000] {processor.py:914} INFO - Processing file /usr/local/python/3.12.1/lib/python3.12/site-packages/airflow/example_dags/example_branch_labels.py for tasks to queue
[2025-01-22T13:16:14.745+0000] {logging_mixin.py:190} INFO - [2025-01-22T13:16:14.744+0000] {dagbag.py:588} INFO - Filling up the DagBag from /usr/local/python/3.12.1/lib/python3.12/site-packages/airflow/example_dags/example_branch_labels.py
[2025-01-22T13:16:14.752+0000] {processor.py:925} INFO - DAG(s) 'example_branch_labels' retrieved from /usr/local/python/3.12.1/lib/python3.12/site-packages/airflow/example_dags/example_branch_labels.py
[2025-01-22T13:16:14.763+0000] {logging_mixin.py:190} INFO - [2025-01-22T13:16:14.763+0000] {dag.py:3239} INFO - Sync 1 DAGs
[2025-01-22T13:16:14.780+0000] {logging_mixin.py:190} INFO - [2025-01-22T13:16:14.779+0000] {dag.py:4180} INFO - Setting next_dagrun for example_branch_labels to 2025-01-21 00:00:00+00:00, run_after=2025-01-22 00:00:00+00:00
[2025-01-22T13:16:14.793+0000] {processor.py:208} INFO - Processing /usr/local/python/3.12.1/lib/python3.12/site-packages/airflow/example_dags/example_branch_labels.py took 0.055 seconds
[2025-01-22T13:17:34.915+0000] {processor.py:186} INFO - Started process (PID=18771) to work on /usr/local/python/3.12.1/lib/python3.12/site-packages/airflow/example_dags/example_branch_labels.py
[2025-01-22T13:17:34.916+0000] {processor.py:914} INFO - Processing file /usr/local/python/3.12.1/lib/python3.12/site-packages/airflow/example_dags/example_branch_labels.py for tasks to queue
[2025-01-22T13:17:34.917+0000] {logging_mixin.py:190} INFO - [2025-01-22T13:17:34.917+0000] {dagbag.py:588} INFO - Filling up the DagBag from /usr/local/python/3.12.1/lib/python3.12/site-packages/airflow/example_dags/example_branch_labels.py
[2025-01-22T13:17:34.925+0000] {processor.py:925} INFO - DAG(s) 'example_branch_labels' retrieved from /usr/local/python/3.12.1/lib/python3.12/site-packages/airflow/example_dags/example_branch_labels.py
[2025-01-22T13:17:34.936+0000] {logging_mixin.py:190} INFO - [2025-01-22T13:17:34.936+0000] {dag.py:3239} INFO - Sync 1 DAGs
[2025-01-22T13:17:34.951+0000] {logging_mixin.py:190} INFO - [2025-01-22T13:17:34.951+0000] {dag.py:4180} INFO - Setting next_dagrun for example_branch_labels to 2025-01-21 00:00:00+00:00, run_after=2025-01-22 00:00:00+00:00
[2025-01-22T13:17:34.966+0000] {processor.py:208} INFO - Processing /usr/local/python/3.12.1/lib/python3.12/site-packages/airflow/example_dags/example_branch_labels.py took 0.055 seconds
[2025-01-22T13:18:48.180+0000] {processor.py:186} INFO - Started process (PID=19504) to work on /usr/local/python/3.12.1/lib/python3.12/site-packages/airflow/example_dags/example_branch_labels.py
[2025-01-22T13:18:48.180+0000] {processor.py:914} INFO - Processing file /usr/local/python/3.12.1/lib/python3.12/site-packages/airflow/example_dags/example_branch_labels.py for tasks to queue
[2025-01-22T13:18:48.182+0000] {logging_mixin.py:190} INFO - [2025-01-22T13:18:48.182+0000] {dagbag.py:588} INFO - Filling up the DagBag from /usr/local/python/3.12.1/lib/python3.12/site-packages/airflow/example_dags/example_branch_labels.py
[2025-01-22T13:18:48.189+0000] {processor.py:925} INFO - DAG(s) 'example_branch_labels' retrieved from /usr/local/python/3.12.1/lib/python3.12/site-packages/airflow/example_dags/example_branch_labels.py
[2025-01-22T13:18:48.201+0000] {logging_mixin.py:190} INFO - [2025-01-22T13:18:48.201+0000] {dag.py:3239} INFO - Sync 1 DAGs
[2025-01-22T13:18:48.216+0000] {logging_mixin.py:190} INFO - [2025-01-22T13:18:48.216+0000] {dag.py:4180} INFO - Setting next_dagrun for example_branch_labels to 2025-01-21 00:00:00+00:00, run_after=2025-01-22 00:00:00+00:00
[2025-01-22T13:18:48.231+0000] {processor.py:208} INFO - Processing /usr/local/python/3.12.1/lib/python3.12/site-packages/airflow/example_dags/example_branch_labels.py took 0.055 seconds
[2025-01-22T13:20:04.255+0000] {processor.py:186} INFO - Started process (PID=20971) to work on /usr/local/python/3.12.1/lib/python3.12/site-packages/airflow/example_dags/example_branch_labels.py
[2025-01-22T13:20:04.256+0000] {processor.py:914} INFO - Processing file /usr/local/python/3.12.1/lib/python3.12/site-packages/airflow/example_dags/example_branch_labels.py for tasks to queue
[2025-01-22T13:20:04.257+0000] {logging_mixin.py:190} INFO - [2025-01-22T13:20:04.257+0000] {dagbag.py:588} INFO - Filling up the DagBag from /usr/local/python/3.12.1/lib/python3.12/site-packages/airflow/example_dags/example_branch_labels.py
[2025-01-22T13:20:04.264+0000] {processor.py:925} INFO - DAG(s) 'example_branch_labels' retrieved from /usr/local/python/3.12.1/lib/python3.12/site-packages/airflow/example_dags/example_branch_labels.py
[2025-01-22T13:20:04.275+0000] {logging_mixin.py:190} INFO - [2025-01-22T13:20:04.275+0000] {dag.py:3239} INFO - Sync 1 DAGs
[2025-01-22T13:20:04.291+0000] {logging_mixin.py:190} INFO - [2025-01-22T13:20:04.291+0000] {dag.py:4180} INFO - Setting next_dagrun for example_branch_labels to 2025-01-21 00:00:00+00:00, run_after=2025-01-22 00:00:00+00:00
[2025-01-22T13:20:04.305+0000] {processor.py:208} INFO - Processing /usr/local/python/3.12.1/lib/python3.12/site-packages/airflow/example_dags/example_branch_labels.py took 0.054 seconds
