[2025-01-22T12:53:16.452+0000] {processor.py:186} INFO - Started process (PID=5870) to work on /usr/local/python/3.12.1/lib/python3.12/site-packages/airflow/example_dags/example_complex.py
[2025-01-22T12:53:16.453+0000] {processor.py:914} INFO - Processing file /usr/local/python/3.12.1/lib/python3.12/site-packages/airflow/example_dags/example_complex.py for tasks to queue
[2025-01-22T12:53:16.455+0000] {logging_mixin.py:190} INFO - [2025-01-22T12:53:16.454+0000] {dagbag.py:588} INFO - Filling up the DagBag from /usr/local/python/3.12.1/lib/python3.12/site-packages/airflow/example_dags/example_complex.py
[2025-01-22T12:53:16.464+0000] {processor.py:925} INFO - DAG(s) 'example_complex' retrieved from /usr/local/python/3.12.1/lib/python3.12/site-packages/airflow/example_dags/example_complex.py
[2025-01-22T12:53:16.545+0000] {logging_mixin.py:190} INFO - [2025-01-22T12:53:16.544+0000] {override.py:1911} INFO - Created Permission View: can delete on DAG:example_complex
[2025-01-22T12:53:16.573+0000] {logging_mixin.py:190} INFO - [2025-01-22T12:53:16.572+0000] {override.py:1911} INFO - Created Permission View: can edit on DAG:example_complex
[2025-01-22T12:53:16.582+0000] {logging_mixin.py:190} INFO - [2025-01-22T12:53:16.581+0000] {override.py:1911} INFO - Created Permission View: can read on DAG:example_complex
[2025-01-22T12:53:16.607+0000] {logging_mixin.py:190} INFO - [2025-01-22T12:53:16.607+0000] {override.py:1911} INFO - Created Permission View: can create on DAG Run:example_complex
[2025-01-22T12:53:16.615+0000] {logging_mixin.py:190} INFO - [2025-01-22T12:53:16.615+0000] {override.py:1911} INFO - Created Permission View: can read on DAG Run:example_complex
[2025-01-22T12:53:16.620+0000] {logging_mixin.py:190} INFO - [2025-01-22T12:53:16.620+0000] {override.py:1911} INFO - Created Permission View: menu access on DAG Run:example_complex
[2025-01-22T12:53:16.624+0000] {logging_mixin.py:190} INFO - [2025-01-22T12:53:16.624+0000] {override.py:1911} INFO - Created Permission View: can delete on DAG Run:example_complex
[2025-01-22T12:53:16.625+0000] {logging_mixin.py:190} INFO - [2025-01-22T12:53:16.625+0000] {dag.py:3239} INFO - Sync 1 DAGs
[2025-01-22T12:53:16.633+0000] {logging_mixin.py:190} INFO - [2025-01-22T12:53:16.633+0000] {dag.py:3262} INFO - Creating ORM DAG for example_complex
[2025-01-22T12:53:16.633+0000] {logging_mixin.py:190} INFO - [2025-01-22T12:53:16.633+0000] {dag.py:4180} INFO - Setting next_dagrun for example_complex to None, run_after=None
[2025-01-22T12:53:16.646+0000] {processor.py:208} INFO - Processing /usr/local/python/3.12.1/lib/python3.12/site-packages/airflow/example_dags/example_complex.py took 0.198 seconds
[2025-01-22T12:54:11.146+0000] {processor.py:186} INFO - Started process (PID=6752) to work on /usr/local/python/3.12.1/lib/python3.12/site-packages/airflow/example_dags/example_complex.py
[2025-01-22T12:54:11.147+0000] {processor.py:914} INFO - Processing file /usr/local/python/3.12.1/lib/python3.12/site-packages/airflow/example_dags/example_complex.py for tasks to queue
[2025-01-22T12:54:11.149+0000] {logging_mixin.py:190} INFO - [2025-01-22T12:54:11.148+0000] {dagbag.py:588} INFO - Filling up the DagBag from /usr/local/python/3.12.1/lib/python3.12/site-packages/airflow/example_dags/example_complex.py
[2025-01-22T12:54:11.166+0000] {processor.py:925} INFO - DAG(s) 'example_complex' retrieved from /usr/local/python/3.12.1/lib/python3.12/site-packages/airflow/example_dags/example_complex.py
[2025-01-22T12:54:11.202+0000] {logging_mixin.py:190} INFO - [2025-01-22T12:54:11.201+0000] {dag.py:3239} INFO - Sync 1 DAGs
[2025-01-22T12:54:11.214+0000] {logging_mixin.py:190} INFO - [2025-01-22T12:54:11.214+0000] {dag.py:4180} INFO - Setting next_dagrun for example_complex to None, run_after=None
[2025-01-22T12:54:11.228+0000] {processor.py:208} INFO - Processing /usr/local/python/3.12.1/lib/python3.12/site-packages/airflow/example_dags/example_complex.py took 0.089 seconds
[2025-01-22T12:55:06.369+0000] {processor.py:186} INFO - Started process (PID=7249) to work on /usr/local/python/3.12.1/lib/python3.12/site-packages/airflow/example_dags/example_complex.py
[2025-01-22T12:55:06.369+0000] {processor.py:914} INFO - Processing file /usr/local/python/3.12.1/lib/python3.12/site-packages/airflow/example_dags/example_complex.py for tasks to queue
[2025-01-22T12:55:06.371+0000] {logging_mixin.py:190} INFO - [2025-01-22T12:55:06.371+0000] {dagbag.py:588} INFO - Filling up the DagBag from /usr/local/python/3.12.1/lib/python3.12/site-packages/airflow/example_dags/example_complex.py
[2025-01-22T12:55:06.380+0000] {processor.py:925} INFO - DAG(s) 'example_complex' retrieved from /usr/local/python/3.12.1/lib/python3.12/site-packages/airflow/example_dags/example_complex.py
[2025-01-22T12:55:06.399+0000] {logging_mixin.py:190} INFO - [2025-01-22T12:55:06.399+0000] {dag.py:3239} INFO - Sync 1 DAGs
[2025-01-22T12:55:06.408+0000] {logging_mixin.py:190} INFO - [2025-01-22T12:55:06.408+0000] {dag.py:4180} INFO - Setting next_dagrun for example_complex to None, run_after=None
[2025-01-22T12:55:06.422+0000] {processor.py:208} INFO - Processing /usr/local/python/3.12.1/lib/python3.12/site-packages/airflow/example_dags/example_complex.py took 0.058 seconds
[2025-01-22T12:56:23.971+0000] {processor.py:186} INFO - Started process (PID=7979) to work on /usr/local/python/3.12.1/lib/python3.12/site-packages/airflow/example_dags/example_complex.py
[2025-01-22T12:56:23.971+0000] {processor.py:914} INFO - Processing file /usr/local/python/3.12.1/lib/python3.12/site-packages/airflow/example_dags/example_complex.py for tasks to queue
[2025-01-22T12:56:23.973+0000] {logging_mixin.py:190} INFO - [2025-01-22T12:56:23.973+0000] {dagbag.py:588} INFO - Filling up the DagBag from /usr/local/python/3.12.1/lib/python3.12/site-packages/airflow/example_dags/example_complex.py
[2025-01-22T12:56:23.982+0000] {processor.py:925} INFO - DAG(s) 'example_complex' retrieved from /usr/local/python/3.12.1/lib/python3.12/site-packages/airflow/example_dags/example_complex.py
[2025-01-22T12:56:24.000+0000] {logging_mixin.py:190} INFO - [2025-01-22T12:56:24.000+0000] {dag.py:3239} INFO - Sync 1 DAGs
[2025-01-22T12:56:24.009+0000] {logging_mixin.py:190} INFO - [2025-01-22T12:56:24.009+0000] {dag.py:4180} INFO - Setting next_dagrun for example_complex to None, run_after=None
[2025-01-22T12:56:24.024+0000] {processor.py:208} INFO - Processing /usr/local/python/3.12.1/lib/python3.12/site-packages/airflow/example_dags/example_complex.py took 0.057 seconds
[2025-01-22T12:57:39.489+0000] {processor.py:186} INFO - Started process (PID=8632) to work on /usr/local/python/3.12.1/lib/python3.12/site-packages/airflow/example_dags/example_complex.py
[2025-01-22T12:57:39.489+0000] {processor.py:914} INFO - Processing file /usr/local/python/3.12.1/lib/python3.12/site-packages/airflow/example_dags/example_complex.py for tasks to queue
[2025-01-22T12:57:39.491+0000] {logging_mixin.py:190} INFO - [2025-01-22T12:57:39.490+0000] {dagbag.py:588} INFO - Filling up the DagBag from /usr/local/python/3.12.1/lib/python3.12/site-packages/airflow/example_dags/example_complex.py
[2025-01-22T12:57:39.500+0000] {processor.py:925} INFO - DAG(s) 'example_complex' retrieved from /usr/local/python/3.12.1/lib/python3.12/site-packages/airflow/example_dags/example_complex.py
[2025-01-22T12:57:39.518+0000] {logging_mixin.py:190} INFO - [2025-01-22T12:57:39.518+0000] {dag.py:3239} INFO - Sync 1 DAGs
[2025-01-22T12:57:39.532+0000] {logging_mixin.py:190} INFO - [2025-01-22T12:57:39.532+0000] {dag.py:4180} INFO - Setting next_dagrun for example_complex to None, run_after=None
[2025-01-22T12:57:39.558+0000] {processor.py:208} INFO - Processing /usr/local/python/3.12.1/lib/python3.12/site-packages/airflow/example_dags/example_complex.py took 0.073 seconds
[2025-01-22T12:58:54.517+0000] {processor.py:186} INFO - Started process (PID=9221) to work on /usr/local/python/3.12.1/lib/python3.12/site-packages/airflow/example_dags/example_complex.py
[2025-01-22T12:58:54.517+0000] {processor.py:914} INFO - Processing file /usr/local/python/3.12.1/lib/python3.12/site-packages/airflow/example_dags/example_complex.py for tasks to queue
[2025-01-22T12:58:54.519+0000] {logging_mixin.py:190} INFO - [2025-01-22T12:58:54.518+0000] {dagbag.py:588} INFO - Filling up the DagBag from /usr/local/python/3.12.1/lib/python3.12/site-packages/airflow/example_dags/example_complex.py
[2025-01-22T12:58:54.528+0000] {processor.py:925} INFO - DAG(s) 'example_complex' retrieved from /usr/local/python/3.12.1/lib/python3.12/site-packages/airflow/example_dags/example_complex.py
[2025-01-22T12:58:54.547+0000] {logging_mixin.py:190} INFO - [2025-01-22T12:58:54.546+0000] {dag.py:3239} INFO - Sync 1 DAGs
[2025-01-22T12:58:54.556+0000] {logging_mixin.py:190} INFO - [2025-01-22T12:58:54.556+0000] {dag.py:4180} INFO - Setting next_dagrun for example_complex to None, run_after=None
[2025-01-22T12:58:54.570+0000] {processor.py:208} INFO - Processing /usr/local/python/3.12.1/lib/python3.12/site-packages/airflow/example_dags/example_complex.py took 0.057 seconds
[2025-01-22T13:00:12.295+0000] {processor.py:186} INFO - Started process (PID=9838) to work on /usr/local/python/3.12.1/lib/python3.12/site-packages/airflow/example_dags/example_complex.py
[2025-01-22T13:00:12.296+0000] {processor.py:914} INFO - Processing file /usr/local/python/3.12.1/lib/python3.12/site-packages/airflow/example_dags/example_complex.py for tasks to queue
[2025-01-22T13:00:12.297+0000] {logging_mixin.py:190} INFO - [2025-01-22T13:00:12.297+0000] {dagbag.py:588} INFO - Filling up the DagBag from /usr/local/python/3.12.1/lib/python3.12/site-packages/airflow/example_dags/example_complex.py
[2025-01-22T13:00:12.306+0000] {processor.py:925} INFO - DAG(s) 'example_complex' retrieved from /usr/local/python/3.12.1/lib/python3.12/site-packages/airflow/example_dags/example_complex.py
[2025-01-22T13:00:12.325+0000] {logging_mixin.py:190} INFO - [2025-01-22T13:00:12.324+0000] {dag.py:3239} INFO - Sync 1 DAGs
[2025-01-22T13:00:12.334+0000] {logging_mixin.py:190} INFO - [2025-01-22T13:00:12.334+0000] {dag.py:4180} INFO - Setting next_dagrun for example_complex to None, run_after=None
[2025-01-22T13:00:12.348+0000] {processor.py:208} INFO - Processing /usr/local/python/3.12.1/lib/python3.12/site-packages/airflow/example_dags/example_complex.py took 0.057 seconds
[2025-01-22T13:01:30.433+0000] {processor.py:186} INFO - Started process (PID=10520) to work on /usr/local/python/3.12.1/lib/python3.12/site-packages/airflow/example_dags/example_complex.py
[2025-01-22T13:01:30.433+0000] {processor.py:914} INFO - Processing file /usr/local/python/3.12.1/lib/python3.12/site-packages/airflow/example_dags/example_complex.py for tasks to queue
[2025-01-22T13:01:30.435+0000] {logging_mixin.py:190} INFO - [2025-01-22T13:01:30.435+0000] {dagbag.py:588} INFO - Filling up the DagBag from /usr/local/python/3.12.1/lib/python3.12/site-packages/airflow/example_dags/example_complex.py
[2025-01-22T13:01:30.444+0000] {processor.py:925} INFO - DAG(s) 'example_complex' retrieved from /usr/local/python/3.12.1/lib/python3.12/site-packages/airflow/example_dags/example_complex.py
[2025-01-22T13:01:30.463+0000] {logging_mixin.py:190} INFO - [2025-01-22T13:01:30.462+0000] {dag.py:3239} INFO - Sync 1 DAGs
[2025-01-22T13:01:30.472+0000] {logging_mixin.py:190} INFO - [2025-01-22T13:01:30.471+0000] {dag.py:4180} INFO - Setting next_dagrun for example_complex to None, run_after=None
[2025-01-22T13:01:30.486+0000] {processor.py:208} INFO - Processing /usr/local/python/3.12.1/lib/python3.12/site-packages/airflow/example_dags/example_complex.py took 0.057 seconds
[2025-01-22T13:02:43.466+0000] {processor.py:186} INFO - Started process (PID=11161) to work on /usr/local/python/3.12.1/lib/python3.12/site-packages/airflow/example_dags/example_complex.py
[2025-01-22T13:02:43.466+0000] {processor.py:914} INFO - Processing file /usr/local/python/3.12.1/lib/python3.12/site-packages/airflow/example_dags/example_complex.py for tasks to queue
[2025-01-22T13:02:43.468+0000] {logging_mixin.py:190} INFO - [2025-01-22T13:02:43.467+0000] {dagbag.py:588} INFO - Filling up the DagBag from /usr/local/python/3.12.1/lib/python3.12/site-packages/airflow/example_dags/example_complex.py
[2025-01-22T13:02:43.481+0000] {processor.py:925} INFO - DAG(s) 'example_complex' retrieved from /usr/local/python/3.12.1/lib/python3.12/site-packages/airflow/example_dags/example_complex.py
[2025-01-22T13:02:43.501+0000] {logging_mixin.py:190} INFO - [2025-01-22T13:02:43.501+0000] {dag.py:3239} INFO - Sync 1 DAGs
[2025-01-22T13:02:43.510+0000] {logging_mixin.py:190} INFO - [2025-01-22T13:02:43.510+0000] {dag.py:4180} INFO - Setting next_dagrun for example_complex to None, run_after=None
[2025-01-22T13:02:43.525+0000] {processor.py:208} INFO - Processing /usr/local/python/3.12.1/lib/python3.12/site-packages/airflow/example_dags/example_complex.py took 0.063 seconds
[2025-01-22T13:03:58.798+0000] {processor.py:186} INFO - Started process (PID=11747) to work on /usr/local/python/3.12.1/lib/python3.12/site-packages/airflow/example_dags/example_complex.py
[2025-01-22T13:03:58.798+0000] {processor.py:914} INFO - Processing file /usr/local/python/3.12.1/lib/python3.12/site-packages/airflow/example_dags/example_complex.py for tasks to queue
[2025-01-22T13:03:58.800+0000] {logging_mixin.py:190} INFO - [2025-01-22T13:03:58.799+0000] {dagbag.py:588} INFO - Filling up the DagBag from /usr/local/python/3.12.1/lib/python3.12/site-packages/airflow/example_dags/example_complex.py
[2025-01-22T13:03:58.809+0000] {processor.py:925} INFO - DAG(s) 'example_complex' retrieved from /usr/local/python/3.12.1/lib/python3.12/site-packages/airflow/example_dags/example_complex.py
[2025-01-22T13:03:58.828+0000] {logging_mixin.py:190} INFO - [2025-01-22T13:03:58.827+0000] {dag.py:3239} INFO - Sync 1 DAGs
[2025-01-22T13:03:58.837+0000] {logging_mixin.py:190} INFO - [2025-01-22T13:03:58.837+0000] {dag.py:4180} INFO - Setting next_dagrun for example_complex to None, run_after=None
[2025-01-22T13:03:58.851+0000] {processor.py:208} INFO - Processing /usr/local/python/3.12.1/lib/python3.12/site-packages/airflow/example_dags/example_complex.py took 0.058 seconds
[2025-01-22T13:05:16.292+0000] {processor.py:186} INFO - Started process (PID=12365) to work on /usr/local/python/3.12.1/lib/python3.12/site-packages/airflow/example_dags/example_complex.py
[2025-01-22T13:05:16.292+0000] {processor.py:914} INFO - Processing file /usr/local/python/3.12.1/lib/python3.12/site-packages/airflow/example_dags/example_complex.py for tasks to queue
[2025-01-22T13:05:16.294+0000] {logging_mixin.py:190} INFO - [2025-01-22T13:05:16.293+0000] {dagbag.py:588} INFO - Filling up the DagBag from /usr/local/python/3.12.1/lib/python3.12/site-packages/airflow/example_dags/example_complex.py
[2025-01-22T13:05:16.302+0000] {processor.py:925} INFO - DAG(s) 'example_complex' retrieved from /usr/local/python/3.12.1/lib/python3.12/site-packages/airflow/example_dags/example_complex.py
[2025-01-22T13:05:16.334+0000] {logging_mixin.py:190} INFO - [2025-01-22T13:05:16.334+0000] {dag.py:3239} INFO - Sync 1 DAGs
[2025-01-22T13:05:16.343+0000] {logging_mixin.py:190} INFO - [2025-01-22T13:05:16.343+0000] {dag.py:4180} INFO - Setting next_dagrun for example_complex to None, run_after=None
[2025-01-22T13:05:16.358+0000] {processor.py:208} INFO - Processing /usr/local/python/3.12.1/lib/python3.12/site-packages/airflow/example_dags/example_complex.py took 0.070 seconds
[2025-01-22T13:06:30.800+0000] {processor.py:186} INFO - Started process (PID=13017) to work on /usr/local/python/3.12.1/lib/python3.12/site-packages/airflow/example_dags/example_complex.py
[2025-01-22T13:06:30.800+0000] {processor.py:914} INFO - Processing file /usr/local/python/3.12.1/lib/python3.12/site-packages/airflow/example_dags/example_complex.py for tasks to queue
[2025-01-22T13:06:30.802+0000] {logging_mixin.py:190} INFO - [2025-01-22T13:06:30.802+0000] {dagbag.py:588} INFO - Filling up the DagBag from /usr/local/python/3.12.1/lib/python3.12/site-packages/airflow/example_dags/example_complex.py
[2025-01-22T13:06:30.811+0000] {processor.py:925} INFO - DAG(s) 'example_complex' retrieved from /usr/local/python/3.12.1/lib/python3.12/site-packages/airflow/example_dags/example_complex.py
[2025-01-22T13:06:30.830+0000] {logging_mixin.py:190} INFO - [2025-01-22T13:06:30.829+0000] {dag.py:3239} INFO - Sync 1 DAGs
[2025-01-22T13:06:30.839+0000] {logging_mixin.py:190} INFO - [2025-01-22T13:06:30.839+0000] {dag.py:4180} INFO - Setting next_dagrun for example_complex to None, run_after=None
[2025-01-22T13:06:30.854+0000] {processor.py:208} INFO - Processing /usr/local/python/3.12.1/lib/python3.12/site-packages/airflow/example_dags/example_complex.py took 0.058 seconds
[2025-01-22T13:07:44.134+0000] {processor.py:186} INFO - Started process (PID=13611) to work on /usr/local/python/3.12.1/lib/python3.12/site-packages/airflow/example_dags/example_complex.py
[2025-01-22T13:07:44.134+0000] {processor.py:914} INFO - Processing file /usr/local/python/3.12.1/lib/python3.12/site-packages/airflow/example_dags/example_complex.py for tasks to queue
[2025-01-22T13:07:44.136+0000] {logging_mixin.py:190} INFO - [2025-01-22T13:07:44.136+0000] {dagbag.py:588} INFO - Filling up the DagBag from /usr/local/python/3.12.1/lib/python3.12/site-packages/airflow/example_dags/example_complex.py
[2025-01-22T13:07:44.145+0000] {processor.py:925} INFO - DAG(s) 'example_complex' retrieved from /usr/local/python/3.12.1/lib/python3.12/site-packages/airflow/example_dags/example_complex.py
[2025-01-22T13:07:44.164+0000] {logging_mixin.py:190} INFO - [2025-01-22T13:07:44.164+0000] {dag.py:3239} INFO - Sync 1 DAGs
[2025-01-22T13:07:44.174+0000] {logging_mixin.py:190} INFO - [2025-01-22T13:07:44.174+0000] {dag.py:4180} INFO - Setting next_dagrun for example_complex to None, run_after=None
[2025-01-22T13:07:44.189+0000] {processor.py:208} INFO - Processing /usr/local/python/3.12.1/lib/python3.12/site-packages/airflow/example_dags/example_complex.py took 0.060 seconds
[2025-01-22T13:08:40.894+0000] {processor.py:186} INFO - Started process (PID=14315) to work on /usr/local/python/3.12.1/lib/python3.12/site-packages/airflow/example_dags/example_complex.py
[2025-01-22T13:08:40.895+0000] {processor.py:914} INFO - Processing file /usr/local/python/3.12.1/lib/python3.12/site-packages/airflow/example_dags/example_complex.py for tasks to queue
[2025-01-22T13:08:40.896+0000] {logging_mixin.py:190} INFO - [2025-01-22T13:08:40.896+0000] {dagbag.py:588} INFO - Filling up the DagBag from /usr/local/python/3.12.1/lib/python3.12/site-packages/airflow/example_dags/example_complex.py
[2025-01-22T13:08:40.905+0000] {processor.py:925} INFO - DAG(s) 'example_complex' retrieved from /usr/local/python/3.12.1/lib/python3.12/site-packages/airflow/example_dags/example_complex.py
[2025-01-22T13:08:40.924+0000] {logging_mixin.py:190} INFO - [2025-01-22T13:08:40.924+0000] {dag.py:3239} INFO - Sync 1 DAGs
[2025-01-22T13:08:40.933+0000] {logging_mixin.py:190} INFO - [2025-01-22T13:08:40.933+0000] {dag.py:4180} INFO - Setting next_dagrun for example_complex to None, run_after=None
[2025-01-22T13:08:40.948+0000] {processor.py:208} INFO - Processing /usr/local/python/3.12.1/lib/python3.12/site-packages/airflow/example_dags/example_complex.py took 0.058 seconds
[2025-01-22T13:09:56.737+0000] {processor.py:186} INFO - Started process (PID=14923) to work on /usr/local/python/3.12.1/lib/python3.12/site-packages/airflow/example_dags/example_complex.py
[2025-01-22T13:09:56.738+0000] {processor.py:914} INFO - Processing file /usr/local/python/3.12.1/lib/python3.12/site-packages/airflow/example_dags/example_complex.py for tasks to queue
[2025-01-22T13:09:56.739+0000] {logging_mixin.py:190} INFO - [2025-01-22T13:09:56.739+0000] {dagbag.py:588} INFO - Filling up the DagBag from /usr/local/python/3.12.1/lib/python3.12/site-packages/airflow/example_dags/example_complex.py
[2025-01-22T13:09:56.749+0000] {processor.py:925} INFO - DAG(s) 'example_complex' retrieved from /usr/local/python/3.12.1/lib/python3.12/site-packages/airflow/example_dags/example_complex.py
[2025-01-22T13:09:56.769+0000] {logging_mixin.py:190} INFO - [2025-01-22T13:09:56.769+0000] {dag.py:3239} INFO - Sync 1 DAGs
[2025-01-22T13:09:56.779+0000] {logging_mixin.py:190} INFO - [2025-01-22T13:09:56.779+0000] {dag.py:4180} INFO - Setting next_dagrun for example_complex to None, run_after=None
[2025-01-22T13:09:56.793+0000] {processor.py:208} INFO - Processing /usr/local/python/3.12.1/lib/python3.12/site-packages/airflow/example_dags/example_complex.py took 0.060 seconds
[2025-01-22T13:11:08.910+0000] {processor.py:186} INFO - Started process (PID=15488) to work on /usr/local/python/3.12.1/lib/python3.12/site-packages/airflow/example_dags/example_complex.py
[2025-01-22T13:11:08.910+0000] {processor.py:914} INFO - Processing file /usr/local/python/3.12.1/lib/python3.12/site-packages/airflow/example_dags/example_complex.py for tasks to queue
[2025-01-22T13:11:08.912+0000] {logging_mixin.py:190} INFO - [2025-01-22T13:11:08.912+0000] {dagbag.py:588} INFO - Filling up the DagBag from /usr/local/python/3.12.1/lib/python3.12/site-packages/airflow/example_dags/example_complex.py
[2025-01-22T13:11:08.921+0000] {processor.py:925} INFO - DAG(s) 'example_complex' retrieved from /usr/local/python/3.12.1/lib/python3.12/site-packages/airflow/example_dags/example_complex.py
[2025-01-22T13:11:08.940+0000] {logging_mixin.py:190} INFO - [2025-01-22T13:11:08.940+0000] {dag.py:3239} INFO - Sync 1 DAGs
[2025-01-22T13:11:08.959+0000] {logging_mixin.py:190} INFO - [2025-01-22T13:11:08.959+0000] {dag.py:4180} INFO - Setting next_dagrun for example_complex to None, run_after=None
[2025-01-22T13:11:08.974+0000] {processor.py:208} INFO - Processing /usr/local/python/3.12.1/lib/python3.12/site-packages/airflow/example_dags/example_complex.py took 0.068 seconds
[2025-01-22T13:12:25.809+0000] {processor.py:186} INFO - Started process (PID=16139) to work on /usr/local/python/3.12.1/lib/python3.12/site-packages/airflow/example_dags/example_complex.py
[2025-01-22T13:12:25.809+0000] {processor.py:914} INFO - Processing file /usr/local/python/3.12.1/lib/python3.12/site-packages/airflow/example_dags/example_complex.py for tasks to queue
[2025-01-22T13:12:25.811+0000] {logging_mixin.py:190} INFO - [2025-01-22T13:12:25.811+0000] {dagbag.py:588} INFO - Filling up the DagBag from /usr/local/python/3.12.1/lib/python3.12/site-packages/airflow/example_dags/example_complex.py
[2025-01-22T13:12:25.820+0000] {processor.py:925} INFO - DAG(s) 'example_complex' retrieved from /usr/local/python/3.12.1/lib/python3.12/site-packages/airflow/example_dags/example_complex.py
[2025-01-22T13:12:25.839+0000] {logging_mixin.py:190} INFO - [2025-01-22T13:12:25.838+0000] {dag.py:3239} INFO - Sync 1 DAGs
[2025-01-22T13:12:25.847+0000] {logging_mixin.py:190} INFO - [2025-01-22T13:12:25.847+0000] {dag.py:4180} INFO - Setting next_dagrun for example_complex to None, run_after=None
[2025-01-22T13:12:25.862+0000] {processor.py:208} INFO - Processing /usr/local/python/3.12.1/lib/python3.12/site-packages/airflow/example_dags/example_complex.py took 0.057 seconds
[2025-01-22T13:13:43.424+0000] {processor.py:186} INFO - Started process (PID=16824) to work on /usr/local/python/3.12.1/lib/python3.12/site-packages/airflow/example_dags/example_complex.py
[2025-01-22T13:13:43.425+0000] {processor.py:914} INFO - Processing file /usr/local/python/3.12.1/lib/python3.12/site-packages/airflow/example_dags/example_complex.py for tasks to queue
[2025-01-22T13:13:43.426+0000] {logging_mixin.py:190} INFO - [2025-01-22T13:13:43.426+0000] {dagbag.py:588} INFO - Filling up the DagBag from /usr/local/python/3.12.1/lib/python3.12/site-packages/airflow/example_dags/example_complex.py
[2025-01-22T13:13:43.435+0000] {processor.py:925} INFO - DAG(s) 'example_complex' retrieved from /usr/local/python/3.12.1/lib/python3.12/site-packages/airflow/example_dags/example_complex.py
[2025-01-22T13:13:43.453+0000] {logging_mixin.py:190} INFO - [2025-01-22T13:13:43.453+0000] {dag.py:3239} INFO - Sync 1 DAGs
[2025-01-22T13:13:43.462+0000] {logging_mixin.py:190} INFO - [2025-01-22T13:13:43.462+0000] {dag.py:4180} INFO - Setting next_dagrun for example_complex to None, run_after=None
[2025-01-22T13:13:43.476+0000] {processor.py:208} INFO - Processing /usr/local/python/3.12.1/lib/python3.12/site-packages/airflow/example_dags/example_complex.py took 0.056 seconds
[2025-01-22T13:14:36.113+0000] {processor.py:186} INFO - Started process (PID=17249) to work on /usr/local/python/3.12.1/lib/python3.12/site-packages/airflow/example_dags/example_complex.py
[2025-01-22T13:14:36.114+0000] {processor.py:914} INFO - Processing file /usr/local/python/3.12.1/lib/python3.12/site-packages/airflow/example_dags/example_complex.py for tasks to queue
[2025-01-22T13:14:36.115+0000] {logging_mixin.py:190} INFO - [2025-01-22T13:14:36.115+0000] {dagbag.py:588} INFO - Filling up the DagBag from /usr/local/python/3.12.1/lib/python3.12/site-packages/airflow/example_dags/example_complex.py
[2025-01-22T13:14:36.124+0000] {processor.py:925} INFO - DAG(s) 'example_complex' retrieved from /usr/local/python/3.12.1/lib/python3.12/site-packages/airflow/example_dags/example_complex.py
[2025-01-22T13:14:36.143+0000] {logging_mixin.py:190} INFO - [2025-01-22T13:14:36.143+0000] {dag.py:3239} INFO - Sync 1 DAGs
[2025-01-22T13:14:36.152+0000] {logging_mixin.py:190} INFO - [2025-01-22T13:14:36.152+0000] {dag.py:4180} INFO - Setting next_dagrun for example_complex to None, run_after=None
[2025-01-22T13:14:36.166+0000] {processor.py:208} INFO - Processing /usr/local/python/3.12.1/lib/python3.12/site-packages/airflow/example_dags/example_complex.py took 0.057 seconds
[2025-01-22T13:15:50.180+0000] {processor.py:186} INFO - Started process (PID=17837) to work on /usr/local/python/3.12.1/lib/python3.12/site-packages/airflow/example_dags/example_complex.py
[2025-01-22T13:15:50.180+0000] {processor.py:914} INFO - Processing file /usr/local/python/3.12.1/lib/python3.12/site-packages/airflow/example_dags/example_complex.py for tasks to queue
[2025-01-22T13:15:50.182+0000] {logging_mixin.py:190} INFO - [2025-01-22T13:15:50.182+0000] {dagbag.py:588} INFO - Filling up the DagBag from /usr/local/python/3.12.1/lib/python3.12/site-packages/airflow/example_dags/example_complex.py
[2025-01-22T13:15:50.191+0000] {processor.py:925} INFO - DAG(s) 'example_complex' retrieved from /usr/local/python/3.12.1/lib/python3.12/site-packages/airflow/example_dags/example_complex.py
[2025-01-22T13:15:50.210+0000] {logging_mixin.py:190} INFO - [2025-01-22T13:15:50.209+0000] {dag.py:3239} INFO - Sync 1 DAGs
[2025-01-22T13:15:50.219+0000] {logging_mixin.py:190} INFO - [2025-01-22T13:15:50.219+0000] {dag.py:4180} INFO - Setting next_dagrun for example_complex to None, run_after=None
[2025-01-22T13:15:50.233+0000] {processor.py:208} INFO - Processing /usr/local/python/3.12.1/lib/python3.12/site-packages/airflow/example_dags/example_complex.py took 0.058 seconds
[2025-01-22T13:17:09.444+0000] {processor.py:186} INFO - Started process (PID=18464) to work on /usr/local/python/3.12.1/lib/python3.12/site-packages/airflow/example_dags/example_complex.py
[2025-01-22T13:17:09.444+0000] {processor.py:914} INFO - Processing file /usr/local/python/3.12.1/lib/python3.12/site-packages/airflow/example_dags/example_complex.py for tasks to queue
[2025-01-22T13:17:09.446+0000] {logging_mixin.py:190} INFO - [2025-01-22T13:17:09.445+0000] {dagbag.py:588} INFO - Filling up the DagBag from /usr/local/python/3.12.1/lib/python3.12/site-packages/airflow/example_dags/example_complex.py
[2025-01-22T13:17:09.455+0000] {processor.py:925} INFO - DAG(s) 'example_complex' retrieved from /usr/local/python/3.12.1/lib/python3.12/site-packages/airflow/example_dags/example_complex.py
[2025-01-22T13:17:09.474+0000] {logging_mixin.py:190} INFO - [2025-01-22T13:17:09.474+0000] {dag.py:3239} INFO - Sync 1 DAGs
[2025-01-22T13:17:09.483+0000] {logging_mixin.py:190} INFO - [2025-01-22T13:17:09.483+0000] {dag.py:4180} INFO - Setting next_dagrun for example_complex to None, run_after=None
[2025-01-22T13:17:09.497+0000] {processor.py:208} INFO - Processing /usr/local/python/3.12.1/lib/python3.12/site-packages/airflow/example_dags/example_complex.py took 0.058 seconds
[2025-01-22T13:18:23.319+0000] {processor.py:186} INFO - Started process (PID=19162) to work on /usr/local/python/3.12.1/lib/python3.12/site-packages/airflow/example_dags/example_complex.py
[2025-01-22T13:18:23.319+0000] {processor.py:914} INFO - Processing file /usr/local/python/3.12.1/lib/python3.12/site-packages/airflow/example_dags/example_complex.py for tasks to queue
[2025-01-22T13:18:23.321+0000] {logging_mixin.py:190} INFO - [2025-01-22T13:18:23.320+0000] {dagbag.py:588} INFO - Filling up the DagBag from /usr/local/python/3.12.1/lib/python3.12/site-packages/airflow/example_dags/example_complex.py
[2025-01-22T13:18:23.330+0000] {processor.py:925} INFO - DAG(s) 'example_complex' retrieved from /usr/local/python/3.12.1/lib/python3.12/site-packages/airflow/example_dags/example_complex.py
[2025-01-22T13:18:23.349+0000] {logging_mixin.py:190} INFO - [2025-01-22T13:18:23.349+0000] {dag.py:3239} INFO - Sync 1 DAGs
[2025-01-22T13:18:23.358+0000] {logging_mixin.py:190} INFO - [2025-01-22T13:18:23.358+0000] {dag.py:4180} INFO - Setting next_dagrun for example_complex to None, run_after=None
[2025-01-22T13:18:23.372+0000] {processor.py:208} INFO - Processing /usr/local/python/3.12.1/lib/python3.12/site-packages/airflow/example_dags/example_complex.py took 0.058 seconds
[2025-01-22T13:19:37.611+0000] {processor.py:186} INFO - Started process (PID=20435) to work on /usr/local/python/3.12.1/lib/python3.12/site-packages/airflow/example_dags/example_complex.py
[2025-01-22T13:19:37.612+0000] {processor.py:914} INFO - Processing file /usr/local/python/3.12.1/lib/python3.12/site-packages/airflow/example_dags/example_complex.py for tasks to queue
[2025-01-22T13:19:37.613+0000] {logging_mixin.py:190} INFO - [2025-01-22T13:19:37.613+0000] {dagbag.py:588} INFO - Filling up the DagBag from /usr/local/python/3.12.1/lib/python3.12/site-packages/airflow/example_dags/example_complex.py
[2025-01-22T13:19:37.622+0000] {processor.py:925} INFO - DAG(s) 'example_complex' retrieved from /usr/local/python/3.12.1/lib/python3.12/site-packages/airflow/example_dags/example_complex.py
[2025-01-22T13:19:37.640+0000] {logging_mixin.py:190} INFO - [2025-01-22T13:19:37.640+0000] {dag.py:3239} INFO - Sync 1 DAGs
[2025-01-22T13:19:37.649+0000] {logging_mixin.py:190} INFO - [2025-01-22T13:19:37.649+0000] {dag.py:4180} INFO - Setting next_dagrun for example_complex to None, run_after=None
[2025-01-22T13:19:37.663+0000] {processor.py:208} INFO - Processing /usr/local/python/3.12.1/lib/python3.12/site-packages/airflow/example_dags/example_complex.py took 0.056 seconds
[2025-01-22T13:20:50.522+0000] {processor.py:186} INFO - Started process (PID=21498) to work on /usr/local/python/3.12.1/lib/python3.12/site-packages/airflow/example_dags/example_complex.py
[2025-01-22T13:20:50.522+0000] {processor.py:914} INFO - Processing file /usr/local/python/3.12.1/lib/python3.12/site-packages/airflow/example_dags/example_complex.py for tasks to queue
[2025-01-22T13:20:50.524+0000] {logging_mixin.py:190} INFO - [2025-01-22T13:20:50.524+0000] {dagbag.py:588} INFO - Filling up the DagBag from /usr/local/python/3.12.1/lib/python3.12/site-packages/airflow/example_dags/example_complex.py
[2025-01-22T13:20:50.533+0000] {processor.py:925} INFO - DAG(s) 'example_complex' retrieved from /usr/local/python/3.12.1/lib/python3.12/site-packages/airflow/example_dags/example_complex.py
[2025-01-22T13:20:50.553+0000] {logging_mixin.py:190} INFO - [2025-01-22T13:20:50.553+0000] {dag.py:3239} INFO - Sync 1 DAGs
[2025-01-22T13:20:50.562+0000] {logging_mixin.py:190} INFO - [2025-01-22T13:20:50.562+0000] {dag.py:4180} INFO - Setting next_dagrun for example_complex to None, run_after=None
[2025-01-22T13:20:50.576+0000] {processor.py:208} INFO - Processing /usr/local/python/3.12.1/lib/python3.12/site-packages/airflow/example_dags/example_complex.py took 0.060 seconds
