[2025-01-22T12:52:37.315+0000] {processor.py:186} INFO - Started process (PID=5353) to work on /usr/local/python/3.12.1/lib/python3.12/site-packages/airflow/example_dags/example_xcomargs.py
[2025-01-22T12:52:37.316+0000] {processor.py:914} INFO - Processing file /usr/local/python/3.12.1/lib/python3.12/site-packages/airflow/example_dags/example_xcomargs.py for tasks to queue
[2025-01-22T12:52:37.317+0000] {logging_mixin.py:190} INFO - [2025-01-22T12:52:37.317+0000] {dagbag.py:588} INFO - Filling up the DagBag from /usr/local/python/3.12.1/lib/python3.12/site-packages/airflow/example_dags/example_xcomargs.py
[2025-01-22T12:52:37.324+0000] {processor.py:925} INFO - DAG(s) 'example_xcom_args_with_operators', 'example_xcom_args' retrieved from /usr/local/python/3.12.1/lib/python3.12/site-packages/airflow/example_dags/example_xcomargs.py
[2025-01-22T12:52:37.398+0000] {logging_mixin.py:190} INFO - [2025-01-22T12:52:37.397+0000] {override.py:1911} INFO - Created Permission View: can delete on DAG:example_xcom_args_with_operators
[2025-01-22T12:52:37.405+0000] {logging_mixin.py:190} INFO - [2025-01-22T12:52:37.405+0000] {override.py:1911} INFO - Created Permission View: can edit on DAG:example_xcom_args_with_operators
[2025-01-22T12:52:37.410+0000] {logging_mixin.py:190} INFO - [2025-01-22T12:52:37.410+0000] {override.py:1911} INFO - Created Permission View: can read on DAG:example_xcom_args_with_operators
[2025-01-22T12:52:37.418+0000] {logging_mixin.py:190} INFO - [2025-01-22T12:52:37.418+0000] {override.py:1911} INFO - Created Permission View: can create on DAG Run:example_xcom_args_with_operators
[2025-01-22T12:52:37.423+0000] {logging_mixin.py:190} INFO - [2025-01-22T12:52:37.423+0000] {override.py:1911} INFO - Created Permission View: can read on DAG Run:example_xcom_args_with_operators
[2025-01-22T12:52:37.429+0000] {logging_mixin.py:190} INFO - [2025-01-22T12:52:37.429+0000] {override.py:1911} INFO - Created Permission View: menu access on DAG Run:example_xcom_args_with_operators
[2025-01-22T12:52:37.436+0000] {logging_mixin.py:190} INFO - [2025-01-22T12:52:37.436+0000] {override.py:1911} INFO - Created Permission View: can delete on DAG Run:example_xcom_args_with_operators
[2025-01-22T12:52:37.449+0000] {logging_mixin.py:190} INFO - [2025-01-22T12:52:37.449+0000] {override.py:1911} INFO - Created Permission View: can delete on DAG:example_xcom_args
[2025-01-22T12:52:37.454+0000] {logging_mixin.py:190} INFO - [2025-01-22T12:52:37.454+0000] {override.py:1911} INFO - Created Permission View: can edit on DAG:example_xcom_args
[2025-01-22T12:52:37.459+0000] {logging_mixin.py:190} INFO - [2025-01-22T12:52:37.459+0000] {override.py:1911} INFO - Created Permission View: can read on DAG:example_xcom_args
[2025-01-22T12:52:37.467+0000] {logging_mixin.py:190} INFO - [2025-01-22T12:52:37.466+0000] {override.py:1911} INFO - Created Permission View: can create on DAG Run:example_xcom_args
[2025-01-22T12:52:37.471+0000] {logging_mixin.py:190} INFO - [2025-01-22T12:52:37.471+0000] {override.py:1911} INFO - Created Permission View: can read on DAG Run:example_xcom_args
[2025-01-22T12:52:37.476+0000] {logging_mixin.py:190} INFO - [2025-01-22T12:52:37.476+0000] {override.py:1911} INFO - Created Permission View: menu access on DAG Run:example_xcom_args
[2025-01-22T12:52:37.481+0000] {logging_mixin.py:190} INFO - [2025-01-22T12:52:37.481+0000] {override.py:1911} INFO - Created Permission View: can delete on DAG Run:example_xcom_args
[2025-01-22T12:52:37.481+0000] {logging_mixin.py:190} INFO - [2025-01-22T12:52:37.481+0000] {dag.py:3239} INFO - Sync 2 DAGs
[2025-01-22T12:52:37.490+0000] {logging_mixin.py:190} INFO - [2025-01-22T12:52:37.490+0000] {dag.py:3262} INFO - Creating ORM DAG for example_xcom_args
[2025-01-22T12:52:37.491+0000] {logging_mixin.py:190} INFO - [2025-01-22T12:52:37.491+0000] {dag.py:3262} INFO - Creating ORM DAG for example_xcom_args_with_operators
[2025-01-22T12:52:37.491+0000] {logging_mixin.py:190} INFO - [2025-01-22T12:52:37.491+0000] {dag.py:4180} INFO - Setting next_dagrun for example_xcom_args to None, run_after=None
[2025-01-22T12:52:37.492+0000] {logging_mixin.py:190} INFO - [2025-01-22T12:52:37.492+0000] {dag.py:4180} INFO - Setting next_dagrun for example_xcom_args_with_operators to None, run_after=None
[2025-01-22T12:52:37.504+0000] {processor.py:208} INFO - Processing /usr/local/python/3.12.1/lib/python3.12/site-packages/airflow/example_dags/example_xcomargs.py took 0.193 seconds
[2025-01-22T12:53:38.267+0000] {processor.py:186} INFO - Started process (PID=6266) to work on /usr/local/python/3.12.1/lib/python3.12/site-packages/airflow/example_dags/example_xcomargs.py
[2025-01-22T12:53:38.268+0000] {processor.py:914} INFO - Processing file /usr/local/python/3.12.1/lib/python3.12/site-packages/airflow/example_dags/example_xcomargs.py for tasks to queue
[2025-01-22T12:53:38.269+0000] {logging_mixin.py:190} INFO - [2025-01-22T12:53:38.269+0000] {dagbag.py:588} INFO - Filling up the DagBag from /usr/local/python/3.12.1/lib/python3.12/site-packages/airflow/example_dags/example_xcomargs.py
[2025-01-22T12:53:38.277+0000] {processor.py:925} INFO - DAG(s) 'example_xcom_args', 'example_xcom_args_with_operators' retrieved from /usr/local/python/3.12.1/lib/python3.12/site-packages/airflow/example_dags/example_xcomargs.py
[2025-01-22T12:53:38.289+0000] {logging_mixin.py:190} INFO - [2025-01-22T12:53:38.289+0000] {dag.py:3239} INFO - Sync 2 DAGs
[2025-01-22T12:53:38.298+0000] {logging_mixin.py:190} INFO - [2025-01-22T12:53:38.298+0000] {dag.py:4180} INFO - Setting next_dagrun for example_xcom_args to None, run_after=None
[2025-01-22T12:53:38.302+0000] {logging_mixin.py:190} INFO - [2025-01-22T12:53:38.302+0000] {dag.py:4180} INFO - Setting next_dagrun for example_xcom_args_with_operators to None, run_after=None
[2025-01-22T12:53:38.316+0000] {processor.py:208} INFO - Processing /usr/local/python/3.12.1/lib/python3.12/site-packages/airflow/example_dags/example_xcomargs.py took 0.053 seconds
[2025-01-22T12:54:31.410+0000] {processor.py:186} INFO - Started process (PID=7017) to work on /usr/local/python/3.12.1/lib/python3.12/site-packages/airflow/example_dags/example_xcomargs.py
[2025-01-22T12:54:31.411+0000] {processor.py:914} INFO - Processing file /usr/local/python/3.12.1/lib/python3.12/site-packages/airflow/example_dags/example_xcomargs.py for tasks to queue
[2025-01-22T12:54:31.412+0000] {logging_mixin.py:190} INFO - [2025-01-22T12:54:31.412+0000] {dagbag.py:588} INFO - Filling up the DagBag from /usr/local/python/3.12.1/lib/python3.12/site-packages/airflow/example_dags/example_xcomargs.py
[2025-01-22T12:54:31.420+0000] {processor.py:925} INFO - DAG(s) 'example_xcom_args', 'example_xcom_args_with_operators' retrieved from /usr/local/python/3.12.1/lib/python3.12/site-packages/airflow/example_dags/example_xcomargs.py
[2025-01-22T12:54:31.433+0000] {logging_mixin.py:190} INFO - [2025-01-22T12:54:31.433+0000] {dag.py:3239} INFO - Sync 2 DAGs
[2025-01-22T12:54:31.442+0000] {logging_mixin.py:190} INFO - [2025-01-22T12:54:31.442+0000] {dag.py:4180} INFO - Setting next_dagrun for example_xcom_args to None, run_after=None
[2025-01-22T12:54:31.444+0000] {logging_mixin.py:190} INFO - [2025-01-22T12:54:31.444+0000] {dag.py:4180} INFO - Setting next_dagrun for example_xcom_args_with_operators to None, run_after=None
[2025-01-22T12:54:31.457+0000] {processor.py:208} INFO - Processing /usr/local/python/3.12.1/lib/python3.12/site-packages/airflow/example_dags/example_xcomargs.py took 0.050 seconds
[2025-01-22T12:55:22.088+0000] {processor.py:186} INFO - Started process (PID=7434) to work on /usr/local/python/3.12.1/lib/python3.12/site-packages/airflow/example_dags/example_xcomargs.py
[2025-01-22T12:55:22.089+0000] {processor.py:914} INFO - Processing file /usr/local/python/3.12.1/lib/python3.12/site-packages/airflow/example_dags/example_xcomargs.py for tasks to queue
[2025-01-22T12:55:22.091+0000] {logging_mixin.py:190} INFO - [2025-01-22T12:55:22.090+0000] {dagbag.py:588} INFO - Filling up the DagBag from /usr/local/python/3.12.1/lib/python3.12/site-packages/airflow/example_dags/example_xcomargs.py
[2025-01-22T12:55:22.098+0000] {processor.py:925} INFO - DAG(s) 'example_xcom_args_with_operators', 'example_xcom_args' retrieved from /usr/local/python/3.12.1/lib/python3.12/site-packages/airflow/example_dags/example_xcomargs.py
[2025-01-22T12:55:22.111+0000] {logging_mixin.py:190} INFO - [2025-01-22T12:55:22.111+0000] {dag.py:3239} INFO - Sync 2 DAGs
[2025-01-22T12:55:22.120+0000] {logging_mixin.py:190} INFO - [2025-01-22T12:55:22.120+0000] {dag.py:4180} INFO - Setting next_dagrun for example_xcom_args to None, run_after=None
[2025-01-22T12:55:22.123+0000] {logging_mixin.py:190} INFO - [2025-01-22T12:55:22.123+0000] {dag.py:4180} INFO - Setting next_dagrun for example_xcom_args_with_operators to None, run_after=None
[2025-01-22T12:55:22.136+0000] {processor.py:208} INFO - Processing /usr/local/python/3.12.1/lib/python3.12/site-packages/airflow/example_dags/example_xcomargs.py took 0.052 seconds
[2025-01-22T12:56:16.114+0000] {processor.py:186} INFO - Started process (PID=7867) to work on /usr/local/python/3.12.1/lib/python3.12/site-packages/airflow/example_dags/example_xcomargs.py
[2025-01-22T12:56:16.115+0000] {processor.py:914} INFO - Processing file /usr/local/python/3.12.1/lib/python3.12/site-packages/airflow/example_dags/example_xcomargs.py for tasks to queue
[2025-01-22T12:56:16.116+0000] {logging_mixin.py:190} INFO - [2025-01-22T12:56:16.116+0000] {dagbag.py:588} INFO - Filling up the DagBag from /usr/local/python/3.12.1/lib/python3.12/site-packages/airflow/example_dags/example_xcomargs.py
[2025-01-22T12:56:16.124+0000] {processor.py:925} INFO - DAG(s) 'example_xcom_args_with_operators', 'example_xcom_args' retrieved from /usr/local/python/3.12.1/lib/python3.12/site-packages/airflow/example_dags/example_xcomargs.py
[2025-01-22T12:56:16.137+0000] {logging_mixin.py:190} INFO - [2025-01-22T12:56:16.136+0000] {dag.py:3239} INFO - Sync 2 DAGs
[2025-01-22T12:56:16.145+0000] {logging_mixin.py:190} INFO - [2025-01-22T12:56:16.145+0000] {dag.py:4180} INFO - Setting next_dagrun for example_xcom_args to None, run_after=None
[2025-01-22T12:56:16.148+0000] {logging_mixin.py:190} INFO - [2025-01-22T12:56:16.148+0000] {dag.py:4180} INFO - Setting next_dagrun for example_xcom_args_with_operators to None, run_after=None
[2025-01-22T12:56:16.160+0000] {processor.py:208} INFO - Processing /usr/local/python/3.12.1/lib/python3.12/site-packages/airflow/example_dags/example_xcomargs.py took 0.050 seconds
[2025-01-22T12:57:07.553+0000] {processor.py:186} INFO - Started process (PID=8282) to work on /usr/local/python/3.12.1/lib/python3.12/site-packages/airflow/example_dags/example_xcomargs.py
[2025-01-22T12:57:07.554+0000] {processor.py:914} INFO - Processing file /usr/local/python/3.12.1/lib/python3.12/site-packages/airflow/example_dags/example_xcomargs.py for tasks to queue
[2025-01-22T12:57:07.556+0000] {logging_mixin.py:190} INFO - [2025-01-22T12:57:07.555+0000] {dagbag.py:588} INFO - Filling up the DagBag from /usr/local/python/3.12.1/lib/python3.12/site-packages/airflow/example_dags/example_xcomargs.py
[2025-01-22T12:57:07.566+0000] {processor.py:925} INFO - DAG(s) 'example_xcom_args', 'example_xcom_args_with_operators' retrieved from /usr/local/python/3.12.1/lib/python3.12/site-packages/airflow/example_dags/example_xcomargs.py
[2025-01-22T12:57:07.583+0000] {logging_mixin.py:190} INFO - [2025-01-22T12:57:07.583+0000] {dag.py:3239} INFO - Sync 2 DAGs
[2025-01-22T12:57:07.596+0000] {logging_mixin.py:190} INFO - [2025-01-22T12:57:07.596+0000] {dag.py:4180} INFO - Setting next_dagrun for example_xcom_args to None, run_after=None
[2025-01-22T12:57:07.600+0000] {logging_mixin.py:190} INFO - [2025-01-22T12:57:07.599+0000] {dag.py:4180} INFO - Setting next_dagrun for example_xcom_args_with_operators to None, run_after=None
[2025-01-22T12:57:07.617+0000] {processor.py:208} INFO - Processing /usr/local/python/3.12.1/lib/python3.12/site-packages/airflow/example_dags/example_xcomargs.py took 0.070 seconds
[2025-01-22T12:57:57.331+0000] {processor.py:186} INFO - Started process (PID=8765) to work on /usr/local/python/3.12.1/lib/python3.12/site-packages/airflow/example_dags/example_xcomargs.py
[2025-01-22T12:57:57.332+0000] {processor.py:914} INFO - Processing file /usr/local/python/3.12.1/lib/python3.12/site-packages/airflow/example_dags/example_xcomargs.py for tasks to queue
[2025-01-22T12:57:57.333+0000] {logging_mixin.py:190} INFO - [2025-01-22T12:57:57.333+0000] {dagbag.py:588} INFO - Filling up the DagBag from /usr/local/python/3.12.1/lib/python3.12/site-packages/airflow/example_dags/example_xcomargs.py
[2025-01-22T12:57:57.341+0000] {processor.py:925} INFO - DAG(s) 'example_xcom_args', 'example_xcom_args_with_operators' retrieved from /usr/local/python/3.12.1/lib/python3.12/site-packages/airflow/example_dags/example_xcomargs.py
[2025-01-22T12:57:57.353+0000] {logging_mixin.py:190} INFO - [2025-01-22T12:57:57.353+0000] {dag.py:3239} INFO - Sync 2 DAGs
[2025-01-22T12:57:57.363+0000] {logging_mixin.py:190} INFO - [2025-01-22T12:57:57.363+0000] {dag.py:4180} INFO - Setting next_dagrun for example_xcom_args to None, run_after=None
[2025-01-22T12:57:57.365+0000] {logging_mixin.py:190} INFO - [2025-01-22T12:57:57.365+0000] {dag.py:4180} INFO - Setting next_dagrun for example_xcom_args_with_operators to None, run_after=None
[2025-01-22T12:57:57.378+0000] {processor.py:208} INFO - Processing /usr/local/python/3.12.1/lib/python3.12/site-packages/airflow/example_dags/example_xcomargs.py took 0.050 seconds
[2025-01-22T12:58:47.400+0000] {processor.py:186} INFO - Started process (PID=9183) to work on /usr/local/python/3.12.1/lib/python3.12/site-packages/airflow/example_dags/example_xcomargs.py
[2025-01-22T12:58:47.401+0000] {processor.py:914} INFO - Processing file /usr/local/python/3.12.1/lib/python3.12/site-packages/airflow/example_dags/example_xcomargs.py for tasks to queue
[2025-01-22T12:58:47.403+0000] {logging_mixin.py:190} INFO - [2025-01-22T12:58:47.402+0000] {dagbag.py:588} INFO - Filling up the DagBag from /usr/local/python/3.12.1/lib/python3.12/site-packages/airflow/example_dags/example_xcomargs.py
[2025-01-22T12:58:47.410+0000] {processor.py:925} INFO - DAG(s) 'example_xcom_args', 'example_xcom_args_with_operators' retrieved from /usr/local/python/3.12.1/lib/python3.12/site-packages/airflow/example_dags/example_xcomargs.py
[2025-01-22T12:58:47.422+0000] {logging_mixin.py:190} INFO - [2025-01-22T12:58:47.422+0000] {dag.py:3239} INFO - Sync 2 DAGs
[2025-01-22T12:58:47.431+0000] {logging_mixin.py:190} INFO - [2025-01-22T12:58:47.431+0000] {dag.py:4180} INFO - Setting next_dagrun for example_xcom_args to None, run_after=None
[2025-01-22T12:58:47.433+0000] {logging_mixin.py:190} INFO - [2025-01-22T12:58:47.433+0000] {dag.py:4180} INFO - Setting next_dagrun for example_xcom_args_with_operators to None, run_after=None
[2025-01-22T12:58:47.446+0000] {processor.py:208} INFO - Processing /usr/local/python/3.12.1/lib/python3.12/site-packages/airflow/example_dags/example_xcomargs.py took 0.050 seconds
[2025-01-22T12:59:38.727+0000] {processor.py:186} INFO - Started process (PID=9601) to work on /usr/local/python/3.12.1/lib/python3.12/site-packages/airflow/example_dags/example_xcomargs.py
[2025-01-22T12:59:38.727+0000] {processor.py:914} INFO - Processing file /usr/local/python/3.12.1/lib/python3.12/site-packages/airflow/example_dags/example_xcomargs.py for tasks to queue
[2025-01-22T12:59:38.729+0000] {logging_mixin.py:190} INFO - [2025-01-22T12:59:38.729+0000] {dagbag.py:588} INFO - Filling up the DagBag from /usr/local/python/3.12.1/lib/python3.12/site-packages/airflow/example_dags/example_xcomargs.py
[2025-01-22T12:59:38.739+0000] {processor.py:925} INFO - DAG(s) 'example_xcom_args_with_operators', 'example_xcom_args' retrieved from /usr/local/python/3.12.1/lib/python3.12/site-packages/airflow/example_dags/example_xcomargs.py
[2025-01-22T12:59:38.763+0000] {logging_mixin.py:190} INFO - [2025-01-22T12:59:38.763+0000] {dag.py:3239} INFO - Sync 2 DAGs
[2025-01-22T12:59:38.783+0000] {logging_mixin.py:190} INFO - [2025-01-22T12:59:38.783+0000] {dag.py:4180} INFO - Setting next_dagrun for example_xcom_args to None, run_after=None
[2025-01-22T12:59:38.787+0000] {logging_mixin.py:190} INFO - [2025-01-22T12:59:38.787+0000] {dag.py:4180} INFO - Setting next_dagrun for example_xcom_args_with_operators to None, run_after=None
[2025-01-22T12:59:38.804+0000] {processor.py:208} INFO - Processing /usr/local/python/3.12.1/lib/python3.12/site-packages/airflow/example_dags/example_xcomargs.py took 0.081 seconds
[2025-01-22T13:00:28.870+0000] {processor.py:186} INFO - Started process (PID=10022) to work on /usr/local/python/3.12.1/lib/python3.12/site-packages/airflow/example_dags/example_xcomargs.py
[2025-01-22T13:00:28.871+0000] {processor.py:914} INFO - Processing file /usr/local/python/3.12.1/lib/python3.12/site-packages/airflow/example_dags/example_xcomargs.py for tasks to queue
[2025-01-22T13:00:28.872+0000] {logging_mixin.py:190} INFO - [2025-01-22T13:00:28.872+0000] {dagbag.py:588} INFO - Filling up the DagBag from /usr/local/python/3.12.1/lib/python3.12/site-packages/airflow/example_dags/example_xcomargs.py
[2025-01-22T13:00:28.880+0000] {processor.py:925} INFO - DAG(s) 'example_xcom_args', 'example_xcom_args_with_operators' retrieved from /usr/local/python/3.12.1/lib/python3.12/site-packages/airflow/example_dags/example_xcomargs.py
[2025-01-22T13:00:28.893+0000] {logging_mixin.py:190} INFO - [2025-01-22T13:00:28.893+0000] {dag.py:3239} INFO - Sync 2 DAGs
[2025-01-22T13:00:28.902+0000] {logging_mixin.py:190} INFO - [2025-01-22T13:00:28.902+0000] {dag.py:4180} INFO - Setting next_dagrun for example_xcom_args to None, run_after=None
[2025-01-22T13:00:28.904+0000] {logging_mixin.py:190} INFO - [2025-01-22T13:00:28.904+0000] {dag.py:4180} INFO - Setting next_dagrun for example_xcom_args_with_operators to None, run_after=None
[2025-01-22T13:00:28.916+0000] {processor.py:208} INFO - Processing /usr/local/python/3.12.1/lib/python3.12/site-packages/airflow/example_dags/example_xcomargs.py took 0.050 seconds
[2025-01-22T13:01:21.883+0000] {processor.py:186} INFO - Started process (PID=10449) to work on /usr/local/python/3.12.1/lib/python3.12/site-packages/airflow/example_dags/example_xcomargs.py
[2025-01-22T13:01:21.884+0000] {processor.py:914} INFO - Processing file /usr/local/python/3.12.1/lib/python3.12/site-packages/airflow/example_dags/example_xcomargs.py for tasks to queue
[2025-01-22T13:01:21.885+0000] {logging_mixin.py:190} INFO - [2025-01-22T13:01:21.885+0000] {dagbag.py:588} INFO - Filling up the DagBag from /usr/local/python/3.12.1/lib/python3.12/site-packages/airflow/example_dags/example_xcomargs.py
[2025-01-22T13:01:21.893+0000] {processor.py:925} INFO - DAG(s) 'example_xcom_args_with_operators', 'example_xcom_args' retrieved from /usr/local/python/3.12.1/lib/python3.12/site-packages/airflow/example_dags/example_xcomargs.py
[2025-01-22T13:01:21.905+0000] {logging_mixin.py:190} INFO - [2025-01-22T13:01:21.905+0000] {dag.py:3239} INFO - Sync 2 DAGs
[2025-01-22T13:01:21.914+0000] {logging_mixin.py:190} INFO - [2025-01-22T13:01:21.914+0000] {dag.py:4180} INFO - Setting next_dagrun for example_xcom_args to None, run_after=None
[2025-01-22T13:01:21.917+0000] {logging_mixin.py:190} INFO - [2025-01-22T13:01:21.917+0000] {dag.py:4180} INFO - Setting next_dagrun for example_xcom_args_with_operators to None, run_after=None
[2025-01-22T13:01:21.932+0000] {processor.py:208} INFO - Processing /usr/local/python/3.12.1/lib/python3.12/site-packages/airflow/example_dags/example_xcomargs.py took 0.052 seconds
[2025-01-22T13:02:14.943+0000] {processor.py:186} INFO - Started process (PID=10828) to work on /usr/local/python/3.12.1/lib/python3.12/site-packages/airflow/example_dags/example_xcomargs.py
[2025-01-22T13:02:14.944+0000] {processor.py:914} INFO - Processing file /usr/local/python/3.12.1/lib/python3.12/site-packages/airflow/example_dags/example_xcomargs.py for tasks to queue
[2025-01-22T13:02:14.946+0000] {logging_mixin.py:190} INFO - [2025-01-22T13:02:14.946+0000] {dagbag.py:588} INFO - Filling up the DagBag from /usr/local/python/3.12.1/lib/python3.12/site-packages/airflow/example_dags/example_xcomargs.py
[2025-01-22T13:02:14.957+0000] {processor.py:925} INFO - DAG(s) 'example_xcom_args_with_operators', 'example_xcom_args' retrieved from /usr/local/python/3.12.1/lib/python3.12/site-packages/airflow/example_dags/example_xcomargs.py
[2025-01-22T13:02:14.977+0000] {logging_mixin.py:190} INFO - [2025-01-22T13:02:14.977+0000] {dag.py:3239} INFO - Sync 2 DAGs
[2025-01-22T13:02:14.987+0000] {logging_mixin.py:190} INFO - [2025-01-22T13:02:14.986+0000] {dag.py:4180} INFO - Setting next_dagrun for example_xcom_args to None, run_after=None
[2025-01-22T13:02:14.989+0000] {logging_mixin.py:190} INFO - [2025-01-22T13:02:14.989+0000] {dag.py:4180} INFO - Setting next_dagrun for example_xcom_args_with_operators to None, run_after=None
[2025-01-22T13:02:15.001+0000] {processor.py:208} INFO - Processing /usr/local/python/3.12.1/lib/python3.12/site-packages/airflow/example_dags/example_xcomargs.py took 0.063 seconds
[2025-01-22T13:03:00.188+0000] {processor.py:186} INFO - Started process (PID=11289) to work on /usr/local/python/3.12.1/lib/python3.12/site-packages/airflow/example_dags/example_xcomargs.py
[2025-01-22T13:03:00.188+0000] {processor.py:914} INFO - Processing file /usr/local/python/3.12.1/lib/python3.12/site-packages/airflow/example_dags/example_xcomargs.py for tasks to queue
[2025-01-22T13:03:00.190+0000] {logging_mixin.py:190} INFO - [2025-01-22T13:03:00.189+0000] {dagbag.py:588} INFO - Filling up the DagBag from /usr/local/python/3.12.1/lib/python3.12/site-packages/airflow/example_dags/example_xcomargs.py
[2025-01-22T13:03:00.197+0000] {processor.py:925} INFO - DAG(s) 'example_xcom_args_with_operators', 'example_xcom_args' retrieved from /usr/local/python/3.12.1/lib/python3.12/site-packages/airflow/example_dags/example_xcomargs.py
[2025-01-22T13:03:00.209+0000] {logging_mixin.py:190} INFO - [2025-01-22T13:03:00.209+0000] {dag.py:3239} INFO - Sync 2 DAGs
[2025-01-22T13:03:00.218+0000] {logging_mixin.py:190} INFO - [2025-01-22T13:03:00.218+0000] {dag.py:4180} INFO - Setting next_dagrun for example_xcom_args to None, run_after=None
[2025-01-22T13:03:00.221+0000] {logging_mixin.py:190} INFO - [2025-01-22T13:03:00.220+0000] {dag.py:4180} INFO - Setting next_dagrun for example_xcom_args_with_operators to None, run_after=None
[2025-01-22T13:03:00.233+0000] {processor.py:208} INFO - Processing /usr/local/python/3.12.1/lib/python3.12/site-packages/airflow/example_dags/example_xcomargs.py took 0.049 seconds
[2025-01-22T13:03:50.928+0000] {processor.py:186} INFO - Started process (PID=11708) to work on /usr/local/python/3.12.1/lib/python3.12/site-packages/airflow/example_dags/example_xcomargs.py
[2025-01-22T13:03:50.929+0000] {processor.py:914} INFO - Processing file /usr/local/python/3.12.1/lib/python3.12/site-packages/airflow/example_dags/example_xcomargs.py for tasks to queue
[2025-01-22T13:03:50.930+0000] {logging_mixin.py:190} INFO - [2025-01-22T13:03:50.930+0000] {dagbag.py:588} INFO - Filling up the DagBag from /usr/local/python/3.12.1/lib/python3.12/site-packages/airflow/example_dags/example_xcomargs.py
[2025-01-22T13:03:50.938+0000] {processor.py:925} INFO - DAG(s) 'example_xcom_args_with_operators', 'example_xcom_args' retrieved from /usr/local/python/3.12.1/lib/python3.12/site-packages/airflow/example_dags/example_xcomargs.py
[2025-01-22T13:03:50.950+0000] {logging_mixin.py:190} INFO - [2025-01-22T13:03:50.950+0000] {dag.py:3239} INFO - Sync 2 DAGs
[2025-01-22T13:03:50.959+0000] {logging_mixin.py:190} INFO - [2025-01-22T13:03:50.959+0000] {dag.py:4180} INFO - Setting next_dagrun for example_xcom_args to None, run_after=None
[2025-01-22T13:03:50.962+0000] {logging_mixin.py:190} INFO - [2025-01-22T13:03:50.962+0000] {dag.py:4180} INFO - Setting next_dagrun for example_xcom_args_with_operators to None, run_after=None
[2025-01-22T13:03:50.974+0000] {processor.py:208} INFO - Processing /usr/local/python/3.12.1/lib/python3.12/site-packages/airflow/example_dags/example_xcomargs.py took 0.050 seconds
[2025-01-22T13:04:43.359+0000] {processor.py:186} INFO - Started process (PID=12138) to work on /usr/local/python/3.12.1/lib/python3.12/site-packages/airflow/example_dags/example_xcomargs.py
[2025-01-22T13:04:43.359+0000] {processor.py:914} INFO - Processing file /usr/local/python/3.12.1/lib/python3.12/site-packages/airflow/example_dags/example_xcomargs.py for tasks to queue
[2025-01-22T13:04:43.361+0000] {logging_mixin.py:190} INFO - [2025-01-22T13:04:43.361+0000] {dagbag.py:588} INFO - Filling up the DagBag from /usr/local/python/3.12.1/lib/python3.12/site-packages/airflow/example_dags/example_xcomargs.py
[2025-01-22T13:04:43.369+0000] {processor.py:925} INFO - DAG(s) 'example_xcom_args', 'example_xcom_args_with_operators' retrieved from /usr/local/python/3.12.1/lib/python3.12/site-packages/airflow/example_dags/example_xcomargs.py
[2025-01-22T13:04:43.382+0000] {logging_mixin.py:190} INFO - [2025-01-22T13:04:43.382+0000] {dag.py:3239} INFO - Sync 2 DAGs
[2025-01-22T13:04:43.391+0000] {logging_mixin.py:190} INFO - [2025-01-22T13:04:43.391+0000] {dag.py:4180} INFO - Setting next_dagrun for example_xcom_args to None, run_after=None
[2025-01-22T13:04:43.394+0000] {logging_mixin.py:190} INFO - [2025-01-22T13:04:43.393+0000] {dag.py:4180} INFO - Setting next_dagrun for example_xcom_args_with_operators to None, run_after=None
[2025-01-22T13:04:43.407+0000] {processor.py:208} INFO - Processing /usr/local/python/3.12.1/lib/python3.12/site-packages/airflow/example_dags/example_xcomargs.py took 0.052 seconds
[2025-01-22T13:05:33.972+0000] {processor.py:186} INFO - Started process (PID=12558) to work on /usr/local/python/3.12.1/lib/python3.12/site-packages/airflow/example_dags/example_xcomargs.py
[2025-01-22T13:05:33.972+0000] {processor.py:914} INFO - Processing file /usr/local/python/3.12.1/lib/python3.12/site-packages/airflow/example_dags/example_xcomargs.py for tasks to queue
[2025-01-22T13:05:33.974+0000] {logging_mixin.py:190} INFO - [2025-01-22T13:05:33.974+0000] {dagbag.py:588} INFO - Filling up the DagBag from /usr/local/python/3.12.1/lib/python3.12/site-packages/airflow/example_dags/example_xcomargs.py
[2025-01-22T13:05:33.981+0000] {processor.py:925} INFO - DAG(s) 'example_xcom_args', 'example_xcom_args_with_operators' retrieved from /usr/local/python/3.12.1/lib/python3.12/site-packages/airflow/example_dags/example_xcomargs.py
[2025-01-22T13:05:33.994+0000] {logging_mixin.py:190} INFO - [2025-01-22T13:05:33.994+0000] {dag.py:3239} INFO - Sync 2 DAGs
[2025-01-22T13:05:34.004+0000] {logging_mixin.py:190} INFO - [2025-01-22T13:05:34.004+0000] {dag.py:4180} INFO - Setting next_dagrun for example_xcom_args to None, run_after=None
[2025-01-22T13:05:34.006+0000] {logging_mixin.py:190} INFO - [2025-01-22T13:05:34.006+0000] {dag.py:4180} INFO - Setting next_dagrun for example_xcom_args_with_operators to None, run_after=None
[2025-01-22T13:05:34.019+0000] {processor.py:208} INFO - Processing /usr/local/python/3.12.1/lib/python3.12/site-packages/airflow/example_dags/example_xcomargs.py took 0.051 seconds
[2025-01-22T13:06:24.224+0000] {processor.py:186} INFO - Started process (PID=12978) to work on /usr/local/python/3.12.1/lib/python3.12/site-packages/airflow/example_dags/example_xcomargs.py
[2025-01-22T13:06:24.225+0000] {processor.py:914} INFO - Processing file /usr/local/python/3.12.1/lib/python3.12/site-packages/airflow/example_dags/example_xcomargs.py for tasks to queue
[2025-01-22T13:06:24.226+0000] {logging_mixin.py:190} INFO - [2025-01-22T13:06:24.226+0000] {dagbag.py:588} INFO - Filling up the DagBag from /usr/local/python/3.12.1/lib/python3.12/site-packages/airflow/example_dags/example_xcomargs.py
[2025-01-22T13:06:24.234+0000] {processor.py:925} INFO - DAG(s) 'example_xcom_args', 'example_xcom_args_with_operators' retrieved from /usr/local/python/3.12.1/lib/python3.12/site-packages/airflow/example_dags/example_xcomargs.py
[2025-01-22T13:06:24.246+0000] {logging_mixin.py:190} INFO - [2025-01-22T13:06:24.246+0000] {dag.py:3239} INFO - Sync 2 DAGs
[2025-01-22T13:06:24.255+0000] {logging_mixin.py:190} INFO - [2025-01-22T13:06:24.255+0000] {dag.py:4180} INFO - Setting next_dagrun for example_xcom_args to None, run_after=None
[2025-01-22T13:06:24.257+0000] {logging_mixin.py:190} INFO - [2025-01-22T13:06:24.257+0000] {dag.py:4180} INFO - Setting next_dagrun for example_xcom_args_with_operators to None, run_after=None
[2025-01-22T13:06:24.270+0000] {processor.py:208} INFO - Processing /usr/local/python/3.12.1/lib/python3.12/site-packages/airflow/example_dags/example_xcomargs.py took 0.049 seconds
[2025-01-22T13:07:12.334+0000] {processor.py:186} INFO - Started process (PID=13300) to work on /usr/local/python/3.12.1/lib/python3.12/site-packages/airflow/example_dags/example_xcomargs.py
[2025-01-22T13:07:12.335+0000] {processor.py:914} INFO - Processing file /usr/local/python/3.12.1/lib/python3.12/site-packages/airflow/example_dags/example_xcomargs.py for tasks to queue
[2025-01-22T13:07:12.336+0000] {logging_mixin.py:190} INFO - [2025-01-22T13:07:12.336+0000] {dagbag.py:588} INFO - Filling up the DagBag from /usr/local/python/3.12.1/lib/python3.12/site-packages/airflow/example_dags/example_xcomargs.py
[2025-01-22T13:07:12.344+0000] {processor.py:925} INFO - DAG(s) 'example_xcom_args_with_operators', 'example_xcom_args' retrieved from /usr/local/python/3.12.1/lib/python3.12/site-packages/airflow/example_dags/example_xcomargs.py
[2025-01-22T13:07:12.356+0000] {logging_mixin.py:190} INFO - [2025-01-22T13:07:12.356+0000] {dag.py:3239} INFO - Sync 2 DAGs
[2025-01-22T13:07:12.365+0000] {logging_mixin.py:190} INFO - [2025-01-22T13:07:12.365+0000] {dag.py:4180} INFO - Setting next_dagrun for example_xcom_args to None, run_after=None
[2025-01-22T13:07:12.367+0000] {logging_mixin.py:190} INFO - [2025-01-22T13:07:12.367+0000] {dag.py:4180} INFO - Setting next_dagrun for example_xcom_args_with_operators to None, run_after=None
[2025-01-22T13:07:12.381+0000] {processor.py:208} INFO - Processing /usr/local/python/3.12.1/lib/python3.12/site-packages/airflow/example_dags/example_xcomargs.py took 0.050 seconds
[2025-01-22T13:08:06.697+0000] {processor.py:186} INFO - Started process (PID=13855) to work on /usr/local/python/3.12.1/lib/python3.12/site-packages/airflow/example_dags/example_xcomargs.py
[2025-01-22T13:08:06.697+0000] {processor.py:914} INFO - Processing file /usr/local/python/3.12.1/lib/python3.12/site-packages/airflow/example_dags/example_xcomargs.py for tasks to queue
[2025-01-22T13:08:06.699+0000] {logging_mixin.py:190} INFO - [2025-01-22T13:08:06.699+0000] {dagbag.py:588} INFO - Filling up the DagBag from /usr/local/python/3.12.1/lib/python3.12/site-packages/airflow/example_dags/example_xcomargs.py
[2025-01-22T13:08:06.706+0000] {processor.py:925} INFO - DAG(s) 'example_xcom_args_with_operators', 'example_xcom_args' retrieved from /usr/local/python/3.12.1/lib/python3.12/site-packages/airflow/example_dags/example_xcomargs.py
[2025-01-22T13:08:06.720+0000] {logging_mixin.py:190} INFO - [2025-01-22T13:08:06.719+0000] {dag.py:3239} INFO - Sync 2 DAGs
[2025-01-22T13:08:06.729+0000] {logging_mixin.py:190} INFO - [2025-01-22T13:08:06.728+0000] {dag.py:4180} INFO - Setting next_dagrun for example_xcom_args to None, run_after=None
[2025-01-22T13:08:06.731+0000] {logging_mixin.py:190} INFO - [2025-01-22T13:08:06.731+0000] {dag.py:4180} INFO - Setting next_dagrun for example_xcom_args_with_operators to None, run_after=None
[2025-01-22T13:08:06.744+0000] {processor.py:208} INFO - Processing /usr/local/python/3.12.1/lib/python3.12/site-packages/airflow/example_dags/example_xcomargs.py took 0.051 seconds
[2025-01-22T13:08:58.238+0000] {processor.py:186} INFO - Started process (PID=14447) to work on /usr/local/python/3.12.1/lib/python3.12/site-packages/airflow/example_dags/example_xcomargs.py
[2025-01-22T13:08:58.238+0000] {processor.py:914} INFO - Processing file /usr/local/python/3.12.1/lib/python3.12/site-packages/airflow/example_dags/example_xcomargs.py for tasks to queue
[2025-01-22T13:08:58.240+0000] {logging_mixin.py:190} INFO - [2025-01-22T13:08:58.240+0000] {dagbag.py:588} INFO - Filling up the DagBag from /usr/local/python/3.12.1/lib/python3.12/site-packages/airflow/example_dags/example_xcomargs.py
[2025-01-22T13:08:58.248+0000] {processor.py:925} INFO - DAG(s) 'example_xcom_args', 'example_xcom_args_with_operators' retrieved from /usr/local/python/3.12.1/lib/python3.12/site-packages/airflow/example_dags/example_xcomargs.py
[2025-01-22T13:08:58.261+0000] {logging_mixin.py:190} INFO - [2025-01-22T13:08:58.260+0000] {dag.py:3239} INFO - Sync 2 DAGs
[2025-01-22T13:08:58.270+0000] {logging_mixin.py:190} INFO - [2025-01-22T13:08:58.270+0000] {dag.py:4180} INFO - Setting next_dagrun for example_xcom_args to None, run_after=None
[2025-01-22T13:08:58.272+0000] {logging_mixin.py:190} INFO - [2025-01-22T13:08:58.272+0000] {dag.py:4180} INFO - Setting next_dagrun for example_xcom_args_with_operators to None, run_after=None
[2025-01-22T13:08:58.285+0000] {processor.py:208} INFO - Processing /usr/local/python/3.12.1/lib/python3.12/site-packages/airflow/example_dags/example_xcomargs.py took 0.051 seconds
[2025-01-22T13:09:47.918+0000] {processor.py:186} INFO - Started process (PID=14856) to work on /usr/local/python/3.12.1/lib/python3.12/site-packages/airflow/example_dags/example_xcomargs.py
[2025-01-22T13:09:47.919+0000] {processor.py:914} INFO - Processing file /usr/local/python/3.12.1/lib/python3.12/site-packages/airflow/example_dags/example_xcomargs.py for tasks to queue
[2025-01-22T13:09:47.920+0000] {logging_mixin.py:190} INFO - [2025-01-22T13:09:47.920+0000] {dagbag.py:588} INFO - Filling up the DagBag from /usr/local/python/3.12.1/lib/python3.12/site-packages/airflow/example_dags/example_xcomargs.py
[2025-01-22T13:09:47.928+0000] {processor.py:925} INFO - DAG(s) 'example_xcom_args_with_operators', 'example_xcom_args' retrieved from /usr/local/python/3.12.1/lib/python3.12/site-packages/airflow/example_dags/example_xcomargs.py
[2025-01-22T13:09:47.940+0000] {logging_mixin.py:190} INFO - [2025-01-22T13:09:47.940+0000] {dag.py:3239} INFO - Sync 2 DAGs
[2025-01-22T13:09:47.949+0000] {logging_mixin.py:190} INFO - [2025-01-22T13:09:47.949+0000] {dag.py:4180} INFO - Setting next_dagrun for example_xcom_args to None, run_after=None
[2025-01-22T13:09:47.952+0000] {logging_mixin.py:190} INFO - [2025-01-22T13:09:47.951+0000] {dag.py:4180} INFO - Setting next_dagrun for example_xcom_args_with_operators to None, run_after=None
[2025-01-22T13:09:47.967+0000] {processor.py:208} INFO - Processing /usr/local/python/3.12.1/lib/python3.12/site-packages/airflow/example_dags/example_xcomargs.py took 0.053 seconds
[2025-01-22T13:10:37.436+0000] {processor.py:186} INFO - Started process (PID=15265) to work on /usr/local/python/3.12.1/lib/python3.12/site-packages/airflow/example_dags/example_xcomargs.py
[2025-01-22T13:10:37.436+0000] {processor.py:914} INFO - Processing file /usr/local/python/3.12.1/lib/python3.12/site-packages/airflow/example_dags/example_xcomargs.py for tasks to queue
[2025-01-22T13:10:37.438+0000] {logging_mixin.py:190} INFO - [2025-01-22T13:10:37.438+0000] {dagbag.py:588} INFO - Filling up the DagBag from /usr/local/python/3.12.1/lib/python3.12/site-packages/airflow/example_dags/example_xcomargs.py
[2025-01-22T13:10:37.446+0000] {processor.py:925} INFO - DAG(s) 'example_xcom_args', 'example_xcom_args_with_operators' retrieved from /usr/local/python/3.12.1/lib/python3.12/site-packages/airflow/example_dags/example_xcomargs.py
[2025-01-22T13:10:37.458+0000] {logging_mixin.py:190} INFO - [2025-01-22T13:10:37.458+0000] {dag.py:3239} INFO - Sync 2 DAGs
[2025-01-22T13:10:37.468+0000] {logging_mixin.py:190} INFO - [2025-01-22T13:10:37.467+0000] {dag.py:4180} INFO - Setting next_dagrun for example_xcom_args to None, run_after=None
[2025-01-22T13:10:37.470+0000] {logging_mixin.py:190} INFO - [2025-01-22T13:10:37.470+0000] {dag.py:4180} INFO - Setting next_dagrun for example_xcom_args_with_operators to None, run_after=None
[2025-01-22T13:10:37.483+0000] {processor.py:208} INFO - Processing /usr/local/python/3.12.1/lib/python3.12/site-packages/airflow/example_dags/example_xcomargs.py took 0.052 seconds
[2025-01-22T13:11:26.995+0000] {processor.py:186} INFO - Started process (PID=15659) to work on /usr/local/python/3.12.1/lib/python3.12/site-packages/airflow/example_dags/example_xcomargs.py
[2025-01-22T13:11:26.995+0000] {processor.py:914} INFO - Processing file /usr/local/python/3.12.1/lib/python3.12/site-packages/airflow/example_dags/example_xcomargs.py for tasks to queue
[2025-01-22T13:11:26.997+0000] {logging_mixin.py:190} INFO - [2025-01-22T13:11:26.997+0000] {dagbag.py:588} INFO - Filling up the DagBag from /usr/local/python/3.12.1/lib/python3.12/site-packages/airflow/example_dags/example_xcomargs.py
[2025-01-22T13:11:27.004+0000] {processor.py:925} INFO - DAG(s) 'example_xcom_args_with_operators', 'example_xcom_args' retrieved from /usr/local/python/3.12.1/lib/python3.12/site-packages/airflow/example_dags/example_xcomargs.py
[2025-01-22T13:11:27.017+0000] {logging_mixin.py:190} INFO - [2025-01-22T13:11:27.017+0000] {dag.py:3239} INFO - Sync 2 DAGs
[2025-01-22T13:11:27.026+0000] {logging_mixin.py:190} INFO - [2025-01-22T13:11:27.026+0000] {dag.py:4180} INFO - Setting next_dagrun for example_xcom_args to None, run_after=None
[2025-01-22T13:11:27.028+0000] {logging_mixin.py:190} INFO - [2025-01-22T13:11:27.028+0000] {dag.py:4180} INFO - Setting next_dagrun for example_xcom_args_with_operators to None, run_after=None
[2025-01-22T13:11:27.040+0000] {processor.py:208} INFO - Processing /usr/local/python/3.12.1/lib/python3.12/site-packages/airflow/example_dags/example_xcomargs.py took 0.049 seconds
[2025-01-22T13:12:18.308+0000] {processor.py:186} INFO - Started process (PID=16035) to work on /usr/local/python/3.12.1/lib/python3.12/site-packages/airflow/example_dags/example_xcomargs.py
[2025-01-22T13:12:18.310+0000] {processor.py:914} INFO - Processing file /usr/local/python/3.12.1/lib/python3.12/site-packages/airflow/example_dags/example_xcomargs.py for tasks to queue
[2025-01-22T13:12:18.312+0000] {logging_mixin.py:190} INFO - [2025-01-22T13:12:18.312+0000] {dagbag.py:588} INFO - Filling up the DagBag from /usr/local/python/3.12.1/lib/python3.12/site-packages/airflow/example_dags/example_xcomargs.py
[2025-01-22T13:12:18.324+0000] {processor.py:925} INFO - DAG(s) 'example_xcom_args', 'example_xcom_args_with_operators' retrieved from /usr/local/python/3.12.1/lib/python3.12/site-packages/airflow/example_dags/example_xcomargs.py
[2025-01-22T13:12:18.345+0000] {logging_mixin.py:190} INFO - [2025-01-22T13:12:18.344+0000] {dag.py:3239} INFO - Sync 2 DAGs
[2025-01-22T13:12:18.360+0000] {logging_mixin.py:190} INFO - [2025-01-22T13:12:18.360+0000] {dag.py:4180} INFO - Setting next_dagrun for example_xcom_args to None, run_after=None
[2025-01-22T13:12:18.363+0000] {logging_mixin.py:190} INFO - [2025-01-22T13:12:18.363+0000] {dag.py:4180} INFO - Setting next_dagrun for example_xcom_args_with_operators to None, run_after=None
[2025-01-22T13:12:18.375+0000] {processor.py:208} INFO - Processing /usr/local/python/3.12.1/lib/python3.12/site-packages/airflow/example_dags/example_xcomargs.py took 0.073 seconds
[2025-01-22T13:13:09.523+0000] {processor.py:186} INFO - Started process (PID=16521) to work on /usr/local/python/3.12.1/lib/python3.12/site-packages/airflow/example_dags/example_xcomargs.py
[2025-01-22T13:13:09.523+0000] {processor.py:914} INFO - Processing file /usr/local/python/3.12.1/lib/python3.12/site-packages/airflow/example_dags/example_xcomargs.py for tasks to queue
[2025-01-22T13:13:09.525+0000] {logging_mixin.py:190} INFO - [2025-01-22T13:13:09.525+0000] {dagbag.py:588} INFO - Filling up the DagBag from /usr/local/python/3.12.1/lib/python3.12/site-packages/airflow/example_dags/example_xcomargs.py
[2025-01-22T13:13:09.532+0000] {processor.py:925} INFO - DAG(s) 'example_xcom_args', 'example_xcom_args_with_operators' retrieved from /usr/local/python/3.12.1/lib/python3.12/site-packages/airflow/example_dags/example_xcomargs.py
[2025-01-22T13:13:09.546+0000] {logging_mixin.py:190} INFO - [2025-01-22T13:13:09.546+0000] {dag.py:3239} INFO - Sync 2 DAGs
[2025-01-22T13:13:09.559+0000] {logging_mixin.py:190} INFO - [2025-01-22T13:13:09.559+0000] {dag.py:4180} INFO - Setting next_dagrun for example_xcom_args to None, run_after=None
[2025-01-22T13:13:09.563+0000] {logging_mixin.py:190} INFO - [2025-01-22T13:13:09.563+0000] {dag.py:4180} INFO - Setting next_dagrun for example_xcom_args_with_operators to None, run_after=None
[2025-01-22T13:13:09.578+0000] {processor.py:208} INFO - Processing /usr/local/python/3.12.1/lib/python3.12/site-packages/airflow/example_dags/example_xcomargs.py took 0.060 seconds
[2025-01-22T13:14:01.937+0000] {processor.py:186} INFO - Started process (PID=16953) to work on /usr/local/python/3.12.1/lib/python3.12/site-packages/airflow/example_dags/example_xcomargs.py
[2025-01-22T13:14:01.938+0000] {processor.py:914} INFO - Processing file /usr/local/python/3.12.1/lib/python3.12/site-packages/airflow/example_dags/example_xcomargs.py for tasks to queue
[2025-01-22T13:14:01.940+0000] {logging_mixin.py:190} INFO - [2025-01-22T13:14:01.939+0000] {dagbag.py:588} INFO - Filling up the DagBag from /usr/local/python/3.12.1/lib/python3.12/site-packages/airflow/example_dags/example_xcomargs.py
[2025-01-22T13:14:01.947+0000] {processor.py:925} INFO - DAG(s) 'example_xcom_args', 'example_xcom_args_with_operators' retrieved from /usr/local/python/3.12.1/lib/python3.12/site-packages/airflow/example_dags/example_xcomargs.py
[2025-01-22T13:14:01.960+0000] {logging_mixin.py:190} INFO - [2025-01-22T13:14:01.960+0000] {dag.py:3239} INFO - Sync 2 DAGs
[2025-01-22T13:14:01.970+0000] {logging_mixin.py:190} INFO - [2025-01-22T13:14:01.969+0000] {dag.py:4180} INFO - Setting next_dagrun for example_xcom_args to None, run_after=None
[2025-01-22T13:14:01.972+0000] {logging_mixin.py:190} INFO - [2025-01-22T13:14:01.972+0000] {dag.py:4180} INFO - Setting next_dagrun for example_xcom_args_with_operators to None, run_after=None
[2025-01-22T13:14:01.986+0000] {processor.py:208} INFO - Processing /usr/local/python/3.12.1/lib/python3.12/site-packages/airflow/example_dags/example_xcomargs.py took 0.052 seconds
[2025-01-22T13:14:54.948+0000] {processor.py:186} INFO - Started process (PID=17386) to work on /usr/local/python/3.12.1/lib/python3.12/site-packages/airflow/example_dags/example_xcomargs.py
[2025-01-22T13:14:54.948+0000] {processor.py:914} INFO - Processing file /usr/local/python/3.12.1/lib/python3.12/site-packages/airflow/example_dags/example_xcomargs.py for tasks to queue
[2025-01-22T13:14:54.950+0000] {logging_mixin.py:190} INFO - [2025-01-22T13:14:54.950+0000] {dagbag.py:588} INFO - Filling up the DagBag from /usr/local/python/3.12.1/lib/python3.12/site-packages/airflow/example_dags/example_xcomargs.py
[2025-01-22T13:14:54.957+0000] {processor.py:925} INFO - DAG(s) 'example_xcom_args_with_operators', 'example_xcom_args' retrieved from /usr/local/python/3.12.1/lib/python3.12/site-packages/airflow/example_dags/example_xcomargs.py
[2025-01-22T13:14:54.971+0000] {logging_mixin.py:190} INFO - [2025-01-22T13:14:54.970+0000] {dag.py:3239} INFO - Sync 2 DAGs
[2025-01-22T13:14:54.979+0000] {logging_mixin.py:190} INFO - [2025-01-22T13:14:54.979+0000] {dag.py:4180} INFO - Setting next_dagrun for example_xcom_args to None, run_after=None
[2025-01-22T13:14:54.982+0000] {logging_mixin.py:190} INFO - [2025-01-22T13:14:54.982+0000] {dag.py:4180} INFO - Setting next_dagrun for example_xcom_args_with_operators to None, run_after=None
[2025-01-22T13:14:54.995+0000] {processor.py:208} INFO - Processing /usr/local/python/3.12.1/lib/python3.12/site-packages/airflow/example_dags/example_xcomargs.py took 0.051 seconds
[2025-01-22T13:15:42.875+0000] {processor.py:186} INFO - Started process (PID=17800) to work on /usr/local/python/3.12.1/lib/python3.12/site-packages/airflow/example_dags/example_xcomargs.py
[2025-01-22T13:15:42.876+0000] {processor.py:914} INFO - Processing file /usr/local/python/3.12.1/lib/python3.12/site-packages/airflow/example_dags/example_xcomargs.py for tasks to queue
[2025-01-22T13:15:42.877+0000] {logging_mixin.py:190} INFO - [2025-01-22T13:15:42.877+0000] {dagbag.py:588} INFO - Filling up the DagBag from /usr/local/python/3.12.1/lib/python3.12/site-packages/airflow/example_dags/example_xcomargs.py
[2025-01-22T13:15:42.885+0000] {processor.py:925} INFO - DAG(s) 'example_xcom_args', 'example_xcom_args_with_operators' retrieved from /usr/local/python/3.12.1/lib/python3.12/site-packages/airflow/example_dags/example_xcomargs.py
[2025-01-22T13:15:42.898+0000] {logging_mixin.py:190} INFO - [2025-01-22T13:15:42.898+0000] {dag.py:3239} INFO - Sync 2 DAGs
[2025-01-22T13:15:42.907+0000] {logging_mixin.py:190} INFO - [2025-01-22T13:15:42.907+0000] {dag.py:4180} INFO - Setting next_dagrun for example_xcom_args to None, run_after=None
[2025-01-22T13:15:42.909+0000] {logging_mixin.py:190} INFO - [2025-01-22T13:15:42.909+0000] {dag.py:4180} INFO - Setting next_dagrun for example_xcom_args_with_operators to None, run_after=None
[2025-01-22T13:15:42.922+0000] {processor.py:208} INFO - Processing /usr/local/python/3.12.1/lib/python3.12/site-packages/airflow/example_dags/example_xcomargs.py took 0.051 seconds
[2025-01-22T13:16:33.128+0000] {processor.py:186} INFO - Started process (PID=18215) to work on /usr/local/python/3.12.1/lib/python3.12/site-packages/airflow/example_dags/example_xcomargs.py
[2025-01-22T13:16:33.129+0000] {processor.py:914} INFO - Processing file /usr/local/python/3.12.1/lib/python3.12/site-packages/airflow/example_dags/example_xcomargs.py for tasks to queue
[2025-01-22T13:16:33.131+0000] {logging_mixin.py:190} INFO - [2025-01-22T13:16:33.130+0000] {dagbag.py:588} INFO - Filling up the DagBag from /usr/local/python/3.12.1/lib/python3.12/site-packages/airflow/example_dags/example_xcomargs.py
[2025-01-22T13:16:33.138+0000] {processor.py:925} INFO - DAG(s) 'example_xcom_args_with_operators', 'example_xcom_args' retrieved from /usr/local/python/3.12.1/lib/python3.12/site-packages/airflow/example_dags/example_xcomargs.py
[2025-01-22T13:16:33.151+0000] {logging_mixin.py:190} INFO - [2025-01-22T13:16:33.151+0000] {dag.py:3239} INFO - Sync 2 DAGs
[2025-01-22T13:16:33.160+0000] {logging_mixin.py:190} INFO - [2025-01-22T13:16:33.160+0000] {dag.py:4180} INFO - Setting next_dagrun for example_xcom_args to None, run_after=None
[2025-01-22T13:16:33.163+0000] {logging_mixin.py:190} INFO - [2025-01-22T13:16:33.163+0000] {dag.py:4180} INFO - Setting next_dagrun for example_xcom_args_with_operators to None, run_after=None
[2025-01-22T13:16:33.176+0000] {processor.py:208} INFO - Processing /usr/local/python/3.12.1/lib/python3.12/site-packages/airflow/example_dags/example_xcomargs.py took 0.051 seconds
[2025-01-22T13:17:26.399+0000] {processor.py:186} INFO - Started process (PID=18677) to work on /usr/local/python/3.12.1/lib/python3.12/site-packages/airflow/example_dags/example_xcomargs.py
[2025-01-22T13:17:26.400+0000] {processor.py:914} INFO - Processing file /usr/local/python/3.12.1/lib/python3.12/site-packages/airflow/example_dags/example_xcomargs.py for tasks to queue
[2025-01-22T13:17:26.401+0000] {logging_mixin.py:190} INFO - [2025-01-22T13:17:26.401+0000] {dagbag.py:588} INFO - Filling up the DagBag from /usr/local/python/3.12.1/lib/python3.12/site-packages/airflow/example_dags/example_xcomargs.py
[2025-01-22T13:17:26.409+0000] {processor.py:925} INFO - DAG(s) 'example_xcom_args_with_operators', 'example_xcom_args' retrieved from /usr/local/python/3.12.1/lib/python3.12/site-packages/airflow/example_dags/example_xcomargs.py
[2025-01-22T13:17:26.421+0000] {logging_mixin.py:190} INFO - [2025-01-22T13:17:26.421+0000] {dag.py:3239} INFO - Sync 2 DAGs
[2025-01-22T13:17:26.430+0000] {logging_mixin.py:190} INFO - [2025-01-22T13:17:26.430+0000] {dag.py:4180} INFO - Setting next_dagrun for example_xcom_args to None, run_after=None
[2025-01-22T13:17:26.433+0000] {logging_mixin.py:190} INFO - [2025-01-22T13:17:26.433+0000] {dag.py:4180} INFO - Setting next_dagrun for example_xcom_args_with_operators to None, run_after=None
[2025-01-22T13:17:26.446+0000] {processor.py:208} INFO - Processing /usr/local/python/3.12.1/lib/python3.12/site-packages/airflow/example_dags/example_xcomargs.py took 0.050 seconds
[2025-01-22T13:18:17.736+0000] {processor.py:186} INFO - Started process (PID=19076) to work on /usr/local/python/3.12.1/lib/python3.12/site-packages/airflow/example_dags/example_xcomargs.py
[2025-01-22T13:18:17.736+0000] {processor.py:914} INFO - Processing file /usr/local/python/3.12.1/lib/python3.12/site-packages/airflow/example_dags/example_xcomargs.py for tasks to queue
[2025-01-22T13:18:17.738+0000] {logging_mixin.py:190} INFO - [2025-01-22T13:18:17.738+0000] {dagbag.py:588} INFO - Filling up the DagBag from /usr/local/python/3.12.1/lib/python3.12/site-packages/airflow/example_dags/example_xcomargs.py
[2025-01-22T13:18:17.749+0000] {processor.py:925} INFO - DAG(s) 'example_xcom_args', 'example_xcom_args_with_operators' retrieved from /usr/local/python/3.12.1/lib/python3.12/site-packages/airflow/example_dags/example_xcomargs.py
[2025-01-22T13:18:17.769+0000] {logging_mixin.py:190} INFO - [2025-01-22T13:18:17.769+0000] {dag.py:3239} INFO - Sync 2 DAGs
[2025-01-22T13:18:17.783+0000] {logging_mixin.py:190} INFO - [2025-01-22T13:18:17.783+0000] {dag.py:4180} INFO - Setting next_dagrun for example_xcom_args to None, run_after=None
[2025-01-22T13:18:17.787+0000] {logging_mixin.py:190} INFO - [2025-01-22T13:18:17.786+0000] {dag.py:4180} INFO - Setting next_dagrun for example_xcom_args_with_operators to None, run_after=None
[2025-01-22T13:18:17.805+0000] {processor.py:208} INFO - Processing /usr/local/python/3.12.1/lib/python3.12/site-packages/airflow/example_dags/example_xcomargs.py took 0.075 seconds
[2025-01-22T13:19:06.062+0000] {processor.py:186} INFO - Started process (PID=19847) to work on /usr/local/python/3.12.1/lib/python3.12/site-packages/airflow/example_dags/example_xcomargs.py
[2025-01-22T13:19:06.063+0000] {processor.py:914} INFO - Processing file /usr/local/python/3.12.1/lib/python3.12/site-packages/airflow/example_dags/example_xcomargs.py for tasks to queue
[2025-01-22T13:19:06.065+0000] {logging_mixin.py:190} INFO - [2025-01-22T13:19:06.064+0000] {dagbag.py:588} INFO - Filling up the DagBag from /usr/local/python/3.12.1/lib/python3.12/site-packages/airflow/example_dags/example_xcomargs.py
[2025-01-22T13:19:06.072+0000] {processor.py:925} INFO - DAG(s) 'example_xcom_args_with_operators', 'example_xcom_args' retrieved from /usr/local/python/3.12.1/lib/python3.12/site-packages/airflow/example_dags/example_xcomargs.py
[2025-01-22T13:19:06.085+0000] {logging_mixin.py:190} INFO - [2025-01-22T13:19:06.085+0000] {dag.py:3239} INFO - Sync 2 DAGs
[2025-01-22T13:19:06.095+0000] {logging_mixin.py:190} INFO - [2025-01-22T13:19:06.095+0000] {dag.py:4180} INFO - Setting next_dagrun for example_xcom_args to None, run_after=None
[2025-01-22T13:19:06.097+0000] {logging_mixin.py:190} INFO - [2025-01-22T13:19:06.097+0000] {dag.py:4180} INFO - Setting next_dagrun for example_xcom_args_with_operators to None, run_after=None
[2025-01-22T13:19:06.111+0000] {processor.py:208} INFO - Processing /usr/local/python/3.12.1/lib/python3.12/site-packages/airflow/example_dags/example_xcomargs.py took 0.054 seconds
[2025-01-22T13:19:56.744+0000] {processor.py:186} INFO - Started process (PID=20813) to work on /usr/local/python/3.12.1/lib/python3.12/site-packages/airflow/example_dags/example_xcomargs.py
[2025-01-22T13:19:56.744+0000] {processor.py:914} INFO - Processing file /usr/local/python/3.12.1/lib/python3.12/site-packages/airflow/example_dags/example_xcomargs.py for tasks to queue
[2025-01-22T13:19:56.746+0000] {logging_mixin.py:190} INFO - [2025-01-22T13:19:56.746+0000] {dagbag.py:588} INFO - Filling up the DagBag from /usr/local/python/3.12.1/lib/python3.12/site-packages/airflow/example_dags/example_xcomargs.py
[2025-01-22T13:19:56.754+0000] {processor.py:925} INFO - DAG(s) 'example_xcom_args_with_operators', 'example_xcom_args' retrieved from /usr/local/python/3.12.1/lib/python3.12/site-packages/airflow/example_dags/example_xcomargs.py
[2025-01-22T13:19:56.766+0000] {logging_mixin.py:190} INFO - [2025-01-22T13:19:56.766+0000] {dag.py:3239} INFO - Sync 2 DAGs
[2025-01-22T13:19:56.775+0000] {logging_mixin.py:190} INFO - [2025-01-22T13:19:56.775+0000] {dag.py:4180} INFO - Setting next_dagrun for example_xcom_args to None, run_after=None
[2025-01-22T13:19:56.777+0000] {logging_mixin.py:190} INFO - [2025-01-22T13:19:56.777+0000] {dag.py:4180} INFO - Setting next_dagrun for example_xcom_args_with_operators to None, run_after=None
[2025-01-22T13:19:56.790+0000] {processor.py:208} INFO - Processing /usr/local/python/3.12.1/lib/python3.12/site-packages/airflow/example_dags/example_xcomargs.py took 0.050 seconds
[2025-01-22T13:20:45.371+0000] {processor.py:186} INFO - Started process (PID=21445) to work on /usr/local/python/3.12.1/lib/python3.12/site-packages/airflow/example_dags/example_xcomargs.py
[2025-01-22T13:20:45.372+0000] {processor.py:914} INFO - Processing file /usr/local/python/3.12.1/lib/python3.12/site-packages/airflow/example_dags/example_xcomargs.py for tasks to queue
[2025-01-22T13:20:45.374+0000] {logging_mixin.py:190} INFO - [2025-01-22T13:20:45.373+0000] {dagbag.py:588} INFO - Filling up the DagBag from /usr/local/python/3.12.1/lib/python3.12/site-packages/airflow/example_dags/example_xcomargs.py
[2025-01-22T13:20:45.382+0000] {processor.py:925} INFO - DAG(s) 'example_xcom_args_with_operators', 'example_xcom_args' retrieved from /usr/local/python/3.12.1/lib/python3.12/site-packages/airflow/example_dags/example_xcomargs.py
[2025-01-22T13:20:45.399+0000] {logging_mixin.py:190} INFO - [2025-01-22T13:20:45.399+0000] {dag.py:3239} INFO - Sync 2 DAGs
[2025-01-22T13:20:45.410+0000] {logging_mixin.py:190} INFO - [2025-01-22T13:20:45.410+0000] {dag.py:4180} INFO - Setting next_dagrun for example_xcom_args to None, run_after=None
[2025-01-22T13:20:45.413+0000] {logging_mixin.py:190} INFO - [2025-01-22T13:20:45.413+0000] {dag.py:4180} INFO - Setting next_dagrun for example_xcom_args_with_operators to None, run_after=None
[2025-01-22T13:20:45.426+0000] {processor.py:208} INFO - Processing /usr/local/python/3.12.1/lib/python3.12/site-packages/airflow/example_dags/example_xcomargs.py took 0.059 seconds
[2025-01-22T13:21:34.888+0000] {processor.py:186} INFO - Started process (PID=21945) to work on /usr/local/python/3.12.1/lib/python3.12/site-packages/airflow/example_dags/example_xcomargs.py
[2025-01-22T13:21:34.888+0000] {processor.py:914} INFO - Processing file /usr/local/python/3.12.1/lib/python3.12/site-packages/airflow/example_dags/example_xcomargs.py for tasks to queue
[2025-01-22T13:21:34.890+0000] {logging_mixin.py:190} INFO - [2025-01-22T13:21:34.889+0000] {dagbag.py:588} INFO - Filling up the DagBag from /usr/local/python/3.12.1/lib/python3.12/site-packages/airflow/example_dags/example_xcomargs.py
[2025-01-22T13:21:34.898+0000] {processor.py:925} INFO - DAG(s) 'example_xcom_args_with_operators', 'example_xcom_args' retrieved from /usr/local/python/3.12.1/lib/python3.12/site-packages/airflow/example_dags/example_xcomargs.py
[2025-01-22T13:21:34.910+0000] {logging_mixin.py:190} INFO - [2025-01-22T13:21:34.910+0000] {dag.py:3239} INFO - Sync 2 DAGs
[2025-01-22T13:21:34.919+0000] {logging_mixin.py:190} INFO - [2025-01-22T13:21:34.919+0000] {dag.py:4180} INFO - Setting next_dagrun for example_xcom_args to None, run_after=None
[2025-01-22T13:21:34.921+0000] {logging_mixin.py:190} INFO - [2025-01-22T13:21:34.921+0000] {dag.py:4180} INFO - Setting next_dagrun for example_xcom_args_with_operators to None, run_after=None
[2025-01-22T13:21:34.945+0000] {processor.py:208} INFO - Processing /usr/local/python/3.12.1/lib/python3.12/site-packages/airflow/example_dags/example_xcomargs.py took 0.061 seconds
