[2025-01-22T12:52:58.156+0000] {processor.py:186} INFO - Started process (PID=5616) to work on /usr/local/python/3.12.1/lib/python3.12/site-packages/airflow/example_dags/example_inlet_event_extra.py
[2025-01-22T12:52:58.157+0000] {processor.py:914} INFO - Processing file /usr/local/python/3.12.1/lib/python3.12/site-packages/airflow/example_dags/example_inlet_event_extra.py for tasks to queue
[2025-01-22T12:52:58.159+0000] {logging_mixin.py:190} INFO - [2025-01-22T12:52:58.158+0000] {dagbag.py:588} INFO - Filling up the DagBag from /usr/local/python/3.12.1/lib/python3.12/site-packages/airflow/example_dags/example_inlet_event_extra.py
[2025-01-22T12:52:58.168+0000] {processor.py:925} INFO - DAG(s) 'read_dataset_event', 'read_dataset_event_from_classic' retrieved from /usr/local/python/3.12.1/lib/python3.12/site-packages/airflow/example_dags/example_inlet_event_extra.py
[2025-01-22T12:52:58.247+0000] {logging_mixin.py:190} INFO - [2025-01-22T12:52:58.247+0000] {override.py:1911} INFO - Created Permission View: can delete on DAG:read_dataset_event
[2025-01-22T12:52:58.255+0000] {logging_mixin.py:190} INFO - [2025-01-22T12:52:58.255+0000] {override.py:1911} INFO - Created Permission View: can edit on DAG:read_dataset_event
[2025-01-22T12:52:58.261+0000] {logging_mixin.py:190} INFO - [2025-01-22T12:52:58.260+0000] {override.py:1911} INFO - Created Permission View: can read on DAG:read_dataset_event
[2025-01-22T12:52:58.268+0000] {logging_mixin.py:190} INFO - [2025-01-22T12:52:58.268+0000] {override.py:1911} INFO - Created Permission View: can create on DAG Run:read_dataset_event
[2025-01-22T12:52:58.273+0000] {logging_mixin.py:190} INFO - [2025-01-22T12:52:58.273+0000] {override.py:1911} INFO - Created Permission View: can read on DAG Run:read_dataset_event
[2025-01-22T12:52:58.278+0000] {logging_mixin.py:190} INFO - [2025-01-22T12:52:58.278+0000] {override.py:1911} INFO - Created Permission View: menu access on DAG Run:read_dataset_event
[2025-01-22T12:52:58.283+0000] {logging_mixin.py:190} INFO - [2025-01-22T12:52:58.283+0000] {override.py:1911} INFO - Created Permission View: can delete on DAG Run:read_dataset_event
[2025-01-22T12:52:58.294+0000] {logging_mixin.py:190} INFO - [2025-01-22T12:52:58.294+0000] {override.py:1911} INFO - Created Permission View: can delete on DAG:read_dataset_event_from_classic
[2025-01-22T12:52:58.299+0000] {logging_mixin.py:190} INFO - [2025-01-22T12:52:58.299+0000] {override.py:1911} INFO - Created Permission View: can edit on DAG:read_dataset_event_from_classic
[2025-01-22T12:52:58.304+0000] {logging_mixin.py:190} INFO - [2025-01-22T12:52:58.304+0000] {override.py:1911} INFO - Created Permission View: can read on DAG:read_dataset_event_from_classic
[2025-01-22T12:52:58.312+0000] {logging_mixin.py:190} INFO - [2025-01-22T12:52:58.311+0000] {override.py:1911} INFO - Created Permission View: can create on DAG Run:read_dataset_event_from_classic
[2025-01-22T12:52:58.317+0000] {logging_mixin.py:190} INFO - [2025-01-22T12:52:58.317+0000] {override.py:1911} INFO - Created Permission View: can read on DAG Run:read_dataset_event_from_classic
[2025-01-22T12:52:58.322+0000] {logging_mixin.py:190} INFO - [2025-01-22T12:52:58.322+0000] {override.py:1911} INFO - Created Permission View: menu access on DAG Run:read_dataset_event_from_classic
[2025-01-22T12:52:58.327+0000] {logging_mixin.py:190} INFO - [2025-01-22T12:52:58.327+0000] {override.py:1911} INFO - Created Permission View: can delete on DAG Run:read_dataset_event_from_classic
[2025-01-22T12:52:58.327+0000] {logging_mixin.py:190} INFO - [2025-01-22T12:52:58.327+0000] {dag.py:3239} INFO - Sync 2 DAGs
[2025-01-22T12:52:58.337+0000] {logging_mixin.py:190} INFO - [2025-01-22T12:52:58.336+0000] {dag.py:3262} INFO - Creating ORM DAG for read_dataset_event_from_classic
[2025-01-22T12:52:58.337+0000] {logging_mixin.py:190} INFO - [2025-01-22T12:52:58.337+0000] {dag.py:3262} INFO - Creating ORM DAG for read_dataset_event
[2025-01-22T12:52:58.344+0000] {logging_mixin.py:190} INFO - [2025-01-22T12:52:58.344+0000] {dag.py:4180} INFO - Setting next_dagrun for read_dataset_event to 2025-01-21 00:00:00+00:00, run_after=2025-01-22 00:00:00+00:00
[2025-01-22T12:52:58.345+0000] {logging_mixin.py:190} INFO - [2025-01-22T12:52:58.345+0000] {dag.py:4180} INFO - Setting next_dagrun for read_dataset_event_from_classic to 2025-01-21 00:00:00+00:00, run_after=2025-01-22 00:00:00+00:00
[2025-01-22T12:52:58.358+0000] {processor.py:208} INFO - Processing /usr/local/python/3.12.1/lib/python3.12/site-packages/airflow/example_dags/example_inlet_event_extra.py took 0.206 seconds
[2025-01-22T12:53:55.945+0000] {processor.py:186} INFO - Started process (PID=6571) to work on /usr/local/python/3.12.1/lib/python3.12/site-packages/airflow/example_dags/example_inlet_event_extra.py
[2025-01-22T12:53:55.946+0000] {processor.py:914} INFO - Processing file /usr/local/python/3.12.1/lib/python3.12/site-packages/airflow/example_dags/example_inlet_event_extra.py for tasks to queue
[2025-01-22T12:53:55.947+0000] {logging_mixin.py:190} INFO - [2025-01-22T12:53:55.947+0000] {dagbag.py:588} INFO - Filling up the DagBag from /usr/local/python/3.12.1/lib/python3.12/site-packages/airflow/example_dags/example_inlet_event_extra.py
[2025-01-22T12:53:55.957+0000] {processor.py:925} INFO - DAG(s) 'read_dataset_event_from_classic', 'read_dataset_event' retrieved from /usr/local/python/3.12.1/lib/python3.12/site-packages/airflow/example_dags/example_inlet_event_extra.py
[2025-01-22T12:53:55.968+0000] {logging_mixin.py:190} INFO - [2025-01-22T12:53:55.968+0000] {dag.py:3239} INFO - Sync 2 DAGs
[2025-01-22T12:53:55.985+0000] {logging_mixin.py:190} INFO - [2025-01-22T12:53:55.985+0000] {dag.py:4180} INFO - Setting next_dagrun for read_dataset_event to 2025-01-21 00:00:00+00:00, run_after=2025-01-22 00:00:00+00:00
[2025-01-22T12:53:55.989+0000] {logging_mixin.py:190} INFO - [2025-01-22T12:53:55.989+0000] {dag.py:4180} INFO - Setting next_dagrun for read_dataset_event_from_classic to 2025-01-21 00:00:00+00:00, run_after=2025-01-22 00:00:00+00:00
[2025-01-22T12:53:56.001+0000] {processor.py:208} INFO - Processing /usr/local/python/3.12.1/lib/python3.12/site-packages/airflow/example_dags/example_inlet_event_extra.py took 0.060 seconds
[2025-01-22T12:54:51.235+0000] {processor.py:186} INFO - Started process (PID=7154) to work on /usr/local/python/3.12.1/lib/python3.12/site-packages/airflow/example_dags/example_inlet_event_extra.py
[2025-01-22T12:54:51.236+0000] {processor.py:914} INFO - Processing file /usr/local/python/3.12.1/lib/python3.12/site-packages/airflow/example_dags/example_inlet_event_extra.py for tasks to queue
[2025-01-22T12:54:51.237+0000] {logging_mixin.py:190} INFO - [2025-01-22T12:54:51.237+0000] {dagbag.py:588} INFO - Filling up the DagBag from /usr/local/python/3.12.1/lib/python3.12/site-packages/airflow/example_dags/example_inlet_event_extra.py
[2025-01-22T12:54:51.246+0000] {processor.py:925} INFO - DAG(s) 'read_dataset_event', 'read_dataset_event_from_classic' retrieved from /usr/local/python/3.12.1/lib/python3.12/site-packages/airflow/example_dags/example_inlet_event_extra.py
[2025-01-22T12:54:51.258+0000] {logging_mixin.py:190} INFO - [2025-01-22T12:54:51.258+0000] {dag.py:3239} INFO - Sync 2 DAGs
[2025-01-22T12:54:51.273+0000] {logging_mixin.py:190} INFO - [2025-01-22T12:54:51.273+0000] {dag.py:4180} INFO - Setting next_dagrun for read_dataset_event to 2025-01-21 00:00:00+00:00, run_after=2025-01-22 00:00:00+00:00
[2025-01-22T12:54:51.277+0000] {logging_mixin.py:190} INFO - [2025-01-22T12:54:51.277+0000] {dag.py:4180} INFO - Setting next_dagrun for read_dataset_event_from_classic to 2025-01-21 00:00:00+00:00, run_after=2025-01-22 00:00:00+00:00
[2025-01-22T12:54:51.289+0000] {processor.py:208} INFO - Processing /usr/local/python/3.12.1/lib/python3.12/site-packages/airflow/example_dags/example_inlet_event_extra.py took 0.057 seconds
[2025-01-22T12:55:45.275+0000] {processor.py:186} INFO - Started process (PID=7645) to work on /usr/local/python/3.12.1/lib/python3.12/site-packages/airflow/example_dags/example_inlet_event_extra.py
[2025-01-22T12:55:45.275+0000] {processor.py:914} INFO - Processing file /usr/local/python/3.12.1/lib/python3.12/site-packages/airflow/example_dags/example_inlet_event_extra.py for tasks to queue
[2025-01-22T12:55:45.277+0000] {logging_mixin.py:190} INFO - [2025-01-22T12:55:45.277+0000] {dagbag.py:588} INFO - Filling up the DagBag from /usr/local/python/3.12.1/lib/python3.12/site-packages/airflow/example_dags/example_inlet_event_extra.py
[2025-01-22T12:55:45.286+0000] {processor.py:925} INFO - DAG(s) 'read_dataset_event', 'read_dataset_event_from_classic' retrieved from /usr/local/python/3.12.1/lib/python3.12/site-packages/airflow/example_dags/example_inlet_event_extra.py
[2025-01-22T12:55:45.298+0000] {logging_mixin.py:190} INFO - [2025-01-22T12:55:45.298+0000] {dag.py:3239} INFO - Sync 2 DAGs
[2025-01-22T12:55:45.313+0000] {logging_mixin.py:190} INFO - [2025-01-22T12:55:45.313+0000] {dag.py:4180} INFO - Setting next_dagrun for read_dataset_event to 2025-01-21 00:00:00+00:00, run_after=2025-01-22 00:00:00+00:00
[2025-01-22T12:55:45.316+0000] {logging_mixin.py:190} INFO - [2025-01-22T12:55:45.316+0000] {dag.py:4180} INFO - Setting next_dagrun for read_dataset_event_from_classic to 2025-01-21 00:00:00+00:00, run_after=2025-01-22 00:00:00+00:00
[2025-01-22T12:55:45.334+0000] {processor.py:208} INFO - Processing /usr/local/python/3.12.1/lib/python3.12/site-packages/airflow/example_dags/example_inlet_event_extra.py took 0.063 seconds
[2025-01-22T12:56:36.692+0000] {processor.py:186} INFO - Started process (PID=8074) to work on /usr/local/python/3.12.1/lib/python3.12/site-packages/airflow/example_dags/example_inlet_event_extra.py
[2025-01-22T12:56:36.693+0000] {processor.py:914} INFO - Processing file /usr/local/python/3.12.1/lib/python3.12/site-packages/airflow/example_dags/example_inlet_event_extra.py for tasks to queue
[2025-01-22T12:56:36.695+0000] {logging_mixin.py:190} INFO - [2025-01-22T12:56:36.695+0000] {dagbag.py:588} INFO - Filling up the DagBag from /usr/local/python/3.12.1/lib/python3.12/site-packages/airflow/example_dags/example_inlet_event_extra.py
[2025-01-22T12:56:36.708+0000] {processor.py:925} INFO - DAG(s) 'read_dataset_event', 'read_dataset_event_from_classic' retrieved from /usr/local/python/3.12.1/lib/python3.12/site-packages/airflow/example_dags/example_inlet_event_extra.py
[2025-01-22T12:56:36.725+0000] {logging_mixin.py:190} INFO - [2025-01-22T12:56:36.724+0000] {dag.py:3239} INFO - Sync 2 DAGs
[2025-01-22T12:56:36.753+0000] {logging_mixin.py:190} INFO - [2025-01-22T12:56:36.752+0000] {dag.py:4180} INFO - Setting next_dagrun for read_dataset_event to 2025-01-21 00:00:00+00:00, run_after=2025-01-22 00:00:00+00:00
[2025-01-22T12:56:36.758+0000] {logging_mixin.py:190} INFO - [2025-01-22T12:56:36.758+0000] {dag.py:4180} INFO - Setting next_dagrun for read_dataset_event_from_classic to 2025-01-21 00:00:00+00:00, run_after=2025-01-22 00:00:00+00:00
[2025-01-22T12:56:36.776+0000] {processor.py:208} INFO - Processing /usr/local/python/3.12.1/lib/python3.12/site-packages/airflow/example_dags/example_inlet_event_extra.py took 0.089 seconds
[2025-01-22T12:57:28.064+0000] {processor.py:186} INFO - Started process (PID=8550) to work on /usr/local/python/3.12.1/lib/python3.12/site-packages/airflow/example_dags/example_inlet_event_extra.py
[2025-01-22T12:57:28.065+0000] {processor.py:914} INFO - Processing file /usr/local/python/3.12.1/lib/python3.12/site-packages/airflow/example_dags/example_inlet_event_extra.py for tasks to queue
[2025-01-22T12:57:28.067+0000] {logging_mixin.py:190} INFO - [2025-01-22T12:57:28.066+0000] {dagbag.py:588} INFO - Filling up the DagBag from /usr/local/python/3.12.1/lib/python3.12/site-packages/airflow/example_dags/example_inlet_event_extra.py
[2025-01-22T12:57:28.076+0000] {processor.py:925} INFO - DAG(s) 'read_dataset_event', 'read_dataset_event_from_classic' retrieved from /usr/local/python/3.12.1/lib/python3.12/site-packages/airflow/example_dags/example_inlet_event_extra.py
[2025-01-22T12:57:28.088+0000] {logging_mixin.py:190} INFO - [2025-01-22T12:57:28.088+0000] {dag.py:3239} INFO - Sync 2 DAGs
[2025-01-22T12:57:28.104+0000] {logging_mixin.py:190} INFO - [2025-01-22T12:57:28.104+0000] {dag.py:4180} INFO - Setting next_dagrun for read_dataset_event to 2025-01-21 00:00:00+00:00, run_after=2025-01-22 00:00:00+00:00
[2025-01-22T12:57:28.107+0000] {logging_mixin.py:190} INFO - [2025-01-22T12:57:28.107+0000] {dag.py:4180} INFO - Setting next_dagrun for read_dataset_event_from_classic to 2025-01-21 00:00:00+00:00, run_after=2025-01-22 00:00:00+00:00
[2025-01-22T12:57:28.120+0000] {processor.py:208} INFO - Processing /usr/local/python/3.12.1/lib/python3.12/site-packages/airflow/example_dags/example_inlet_event_extra.py took 0.060 seconds
[2025-01-22T12:58:19.885+0000] {processor.py:186} INFO - Started process (PID=8927) to work on /usr/local/python/3.12.1/lib/python3.12/site-packages/airflow/example_dags/example_inlet_event_extra.py
[2025-01-22T12:58:19.885+0000] {processor.py:914} INFO - Processing file /usr/local/python/3.12.1/lib/python3.12/site-packages/airflow/example_dags/example_inlet_event_extra.py for tasks to queue
[2025-01-22T12:58:19.887+0000] {logging_mixin.py:190} INFO - [2025-01-22T12:58:19.886+0000] {dagbag.py:588} INFO - Filling up the DagBag from /usr/local/python/3.12.1/lib/python3.12/site-packages/airflow/example_dags/example_inlet_event_extra.py
[2025-01-22T12:58:19.897+0000] {processor.py:925} INFO - DAG(s) 'read_dataset_event', 'read_dataset_event_from_classic' retrieved from /usr/local/python/3.12.1/lib/python3.12/site-packages/airflow/example_dags/example_inlet_event_extra.py
[2025-01-22T12:58:19.912+0000] {logging_mixin.py:190} INFO - [2025-01-22T12:58:19.911+0000] {dag.py:3239} INFO - Sync 2 DAGs
[2025-01-22T12:58:19.929+0000] {logging_mixin.py:190} INFO - [2025-01-22T12:58:19.929+0000] {dag.py:4180} INFO - Setting next_dagrun for read_dataset_event to 2025-01-21 00:00:00+00:00, run_after=2025-01-22 00:00:00+00:00
[2025-01-22T12:58:19.935+0000] {logging_mixin.py:190} INFO - [2025-01-22T12:58:19.934+0000] {dag.py:4180} INFO - Setting next_dagrun for read_dataset_event_from_classic to 2025-01-21 00:00:00+00:00, run_after=2025-01-22 00:00:00+00:00
[2025-01-22T12:58:19.959+0000] {processor.py:208} INFO - Processing /usr/local/python/3.12.1/lib/python3.12/site-packages/airflow/example_dags/example_inlet_event_extra.py took 0.078 seconds
[2025-01-22T12:59:10.782+0000] {processor.py:186} INFO - Started process (PID=9344) to work on /usr/local/python/3.12.1/lib/python3.12/site-packages/airflow/example_dags/example_inlet_event_extra.py
[2025-01-22T12:59:10.783+0000] {processor.py:914} INFO - Processing file /usr/local/python/3.12.1/lib/python3.12/site-packages/airflow/example_dags/example_inlet_event_extra.py for tasks to queue
[2025-01-22T12:59:10.784+0000] {logging_mixin.py:190} INFO - [2025-01-22T12:59:10.784+0000] {dagbag.py:588} INFO - Filling up the DagBag from /usr/local/python/3.12.1/lib/python3.12/site-packages/airflow/example_dags/example_inlet_event_extra.py
[2025-01-22T12:59:10.794+0000] {processor.py:925} INFO - DAG(s) 'read_dataset_event_from_classic', 'read_dataset_event' retrieved from /usr/local/python/3.12.1/lib/python3.12/site-packages/airflow/example_dags/example_inlet_event_extra.py
[2025-01-22T12:59:10.806+0000] {logging_mixin.py:190} INFO - [2025-01-22T12:59:10.806+0000] {dag.py:3239} INFO - Sync 2 DAGs
[2025-01-22T12:59:10.822+0000] {logging_mixin.py:190} INFO - [2025-01-22T12:59:10.822+0000] {dag.py:4180} INFO - Setting next_dagrun for read_dataset_event to 2025-01-21 00:00:00+00:00, run_after=2025-01-22 00:00:00+00:00
[2025-01-22T12:59:10.825+0000] {logging_mixin.py:190} INFO - [2025-01-22T12:59:10.825+0000] {dag.py:4180} INFO - Setting next_dagrun for read_dataset_event_from_classic to 2025-01-21 00:00:00+00:00, run_after=2025-01-22 00:00:00+00:00
[2025-01-22T12:59:10.838+0000] {processor.py:208} INFO - Processing /usr/local/python/3.12.1/lib/python3.12/site-packages/airflow/example_dags/example_inlet_event_extra.py took 0.060 seconds
[2025-01-22T13:00:03.157+0000] {processor.py:186} INFO - Started process (PID=9773) to work on /usr/local/python/3.12.1/lib/python3.12/site-packages/airflow/example_dags/example_inlet_event_extra.py
[2025-01-22T13:00:03.157+0000] {processor.py:914} INFO - Processing file /usr/local/python/3.12.1/lib/python3.12/site-packages/airflow/example_dags/example_inlet_event_extra.py for tasks to queue
[2025-01-22T13:00:03.159+0000] {logging_mixin.py:190} INFO - [2025-01-22T13:00:03.158+0000] {dagbag.py:588} INFO - Filling up the DagBag from /usr/local/python/3.12.1/lib/python3.12/site-packages/airflow/example_dags/example_inlet_event_extra.py
[2025-01-22T13:00:03.168+0000] {processor.py:925} INFO - DAG(s) 'read_dataset_event', 'read_dataset_event_from_classic' retrieved from /usr/local/python/3.12.1/lib/python3.12/site-packages/airflow/example_dags/example_inlet_event_extra.py
[2025-01-22T13:00:03.180+0000] {logging_mixin.py:190} INFO - [2025-01-22T13:00:03.180+0000] {dag.py:3239} INFO - Sync 2 DAGs
[2025-01-22T13:00:03.196+0000] {logging_mixin.py:190} INFO - [2025-01-22T13:00:03.196+0000] {dag.py:4180} INFO - Setting next_dagrun for read_dataset_event to 2025-01-21 00:00:00+00:00, run_after=2025-01-22 00:00:00+00:00
[2025-01-22T13:00:03.199+0000] {logging_mixin.py:190} INFO - [2025-01-22T13:00:03.199+0000] {dag.py:4180} INFO - Setting next_dagrun for read_dataset_event_from_classic to 2025-01-21 00:00:00+00:00, run_after=2025-01-22 00:00:00+00:00
[2025-01-22T13:00:03.212+0000] {processor.py:208} INFO - Processing /usr/local/python/3.12.1/lib/python3.12/site-packages/airflow/example_dags/example_inlet_event_extra.py took 0.060 seconds
[2025-01-22T13:00:54.285+0000] {processor.py:186} INFO - Started process (PID=10191) to work on /usr/local/python/3.12.1/lib/python3.12/site-packages/airflow/example_dags/example_inlet_event_extra.py
[2025-01-22T13:00:54.286+0000] {processor.py:914} INFO - Processing file /usr/local/python/3.12.1/lib/python3.12/site-packages/airflow/example_dags/example_inlet_event_extra.py for tasks to queue
[2025-01-22T13:00:54.288+0000] {logging_mixin.py:190} INFO - [2025-01-22T13:00:54.287+0000] {dagbag.py:588} INFO - Filling up the DagBag from /usr/local/python/3.12.1/lib/python3.12/site-packages/airflow/example_dags/example_inlet_event_extra.py
[2025-01-22T13:00:54.301+0000] {processor.py:925} INFO - DAG(s) 'read_dataset_event_from_classic', 'read_dataset_event' retrieved from /usr/local/python/3.12.1/lib/python3.12/site-packages/airflow/example_dags/example_inlet_event_extra.py
[2025-01-22T13:00:54.318+0000] {logging_mixin.py:190} INFO - [2025-01-22T13:00:54.318+0000] {dag.py:3239} INFO - Sync 2 DAGs
[2025-01-22T13:00:54.340+0000] {logging_mixin.py:190} INFO - [2025-01-22T13:00:54.340+0000] {dag.py:4180} INFO - Setting next_dagrun for read_dataset_event to 2025-01-21 00:00:00+00:00, run_after=2025-01-22 00:00:00+00:00
[2025-01-22T13:00:54.345+0000] {logging_mixin.py:190} INFO - [2025-01-22T13:00:54.345+0000] {dag.py:4180} INFO - Setting next_dagrun for read_dataset_event_from_classic to 2025-01-21 00:00:00+00:00, run_after=2025-01-22 00:00:00+00:00
[2025-01-22T13:00:54.363+0000] {processor.py:208} INFO - Processing /usr/local/python/3.12.1/lib/python3.12/site-packages/airflow/example_dags/example_inlet_event_extra.py took 0.083 seconds
[2025-01-22T13:01:46.974+0000] {processor.py:186} INFO - Started process (PID=10623) to work on /usr/local/python/3.12.1/lib/python3.12/site-packages/airflow/example_dags/example_inlet_event_extra.py
[2025-01-22T13:01:46.975+0000] {processor.py:914} INFO - Processing file /usr/local/python/3.12.1/lib/python3.12/site-packages/airflow/example_dags/example_inlet_event_extra.py for tasks to queue
[2025-01-22T13:01:46.977+0000] {logging_mixin.py:190} INFO - [2025-01-22T13:01:46.976+0000] {dagbag.py:588} INFO - Filling up the DagBag from /usr/local/python/3.12.1/lib/python3.12/site-packages/airflow/example_dags/example_inlet_event_extra.py
[2025-01-22T13:01:46.986+0000] {processor.py:925} INFO - DAG(s) 'read_dataset_event', 'read_dataset_event_from_classic' retrieved from /usr/local/python/3.12.1/lib/python3.12/site-packages/airflow/example_dags/example_inlet_event_extra.py
[2025-01-22T13:01:46.997+0000] {logging_mixin.py:190} INFO - [2025-01-22T13:01:46.997+0000] {dag.py:3239} INFO - Sync 2 DAGs
[2025-01-22T13:01:47.013+0000] {logging_mixin.py:190} INFO - [2025-01-22T13:01:47.013+0000] {dag.py:4180} INFO - Setting next_dagrun for read_dataset_event to 2025-01-21 00:00:00+00:00, run_after=2025-01-22 00:00:00+00:00
[2025-01-22T13:01:47.016+0000] {logging_mixin.py:190} INFO - [2025-01-22T13:01:47.016+0000] {dag.py:4180} INFO - Setting next_dagrun for read_dataset_event_from_classic to 2025-01-21 00:00:00+00:00, run_after=2025-01-22 00:00:00+00:00
[2025-01-22T13:01:47.029+0000] {processor.py:208} INFO - Processing /usr/local/python/3.12.1/lib/python3.12/site-packages/airflow/example_dags/example_inlet_event_extra.py took 0.058 seconds
[2025-01-22T13:02:37.192+0000] {processor.py:186} INFO - Started process (PID=11103) to work on /usr/local/python/3.12.1/lib/python3.12/site-packages/airflow/example_dags/example_inlet_event_extra.py
[2025-01-22T13:02:37.192+0000] {processor.py:914} INFO - Processing file /usr/local/python/3.12.1/lib/python3.12/site-packages/airflow/example_dags/example_inlet_event_extra.py for tasks to queue
[2025-01-22T13:02:37.194+0000] {logging_mixin.py:190} INFO - [2025-01-22T13:02:37.193+0000] {dagbag.py:588} INFO - Filling up the DagBag from /usr/local/python/3.12.1/lib/python3.12/site-packages/airflow/example_dags/example_inlet_event_extra.py
[2025-01-22T13:02:37.203+0000] {processor.py:925} INFO - DAG(s) 'read_dataset_event_from_classic', 'read_dataset_event' retrieved from /usr/local/python/3.12.1/lib/python3.12/site-packages/airflow/example_dags/example_inlet_event_extra.py
[2025-01-22T13:02:37.214+0000] {logging_mixin.py:190} INFO - [2025-01-22T13:02:37.214+0000] {dag.py:3239} INFO - Sync 2 DAGs
[2025-01-22T13:02:37.229+0000] {logging_mixin.py:190} INFO - [2025-01-22T13:02:37.229+0000] {dag.py:4180} INFO - Setting next_dagrun for read_dataset_event to 2025-01-21 00:00:00+00:00, run_after=2025-01-22 00:00:00+00:00
[2025-01-22T13:02:37.233+0000] {logging_mixin.py:190} INFO - [2025-01-22T13:02:37.232+0000] {dag.py:4180} INFO - Setting next_dagrun for read_dataset_event_from_classic to 2025-01-21 00:00:00+00:00, run_after=2025-01-22 00:00:00+00:00
[2025-01-22T13:02:37.245+0000] {processor.py:208} INFO - Processing /usr/local/python/3.12.1/lib/python3.12/site-packages/airflow/example_dags/example_inlet_event_extra.py took 0.057 seconds
[2025-01-22T13:03:26.555+0000] {processor.py:186} INFO - Started process (PID=11520) to work on /usr/local/python/3.12.1/lib/python3.12/site-packages/airflow/example_dags/example_inlet_event_extra.py
[2025-01-22T13:03:26.555+0000] {processor.py:914} INFO - Processing file /usr/local/python/3.12.1/lib/python3.12/site-packages/airflow/example_dags/example_inlet_event_extra.py for tasks to queue
[2025-01-22T13:03:26.557+0000] {logging_mixin.py:190} INFO - [2025-01-22T13:03:26.557+0000] {dagbag.py:588} INFO - Filling up the DagBag from /usr/local/python/3.12.1/lib/python3.12/site-packages/airflow/example_dags/example_inlet_event_extra.py
[2025-01-22T13:03:26.566+0000] {processor.py:925} INFO - DAG(s) 'read_dataset_event', 'read_dataset_event_from_classic' retrieved from /usr/local/python/3.12.1/lib/python3.12/site-packages/airflow/example_dags/example_inlet_event_extra.py
[2025-01-22T13:03:26.578+0000] {logging_mixin.py:190} INFO - [2025-01-22T13:03:26.577+0000] {dag.py:3239} INFO - Sync 2 DAGs
[2025-01-22T13:03:26.595+0000] {logging_mixin.py:190} INFO - [2025-01-22T13:03:26.595+0000] {dag.py:4180} INFO - Setting next_dagrun for read_dataset_event to 2025-01-21 00:00:00+00:00, run_after=2025-01-22 00:00:00+00:00
[2025-01-22T13:03:26.599+0000] {logging_mixin.py:190} INFO - [2025-01-22T13:03:26.599+0000] {dag.py:4180} INFO - Setting next_dagrun for read_dataset_event_from_classic to 2025-01-21 00:00:00+00:00, run_after=2025-01-22 00:00:00+00:00
[2025-01-22T13:03:26.612+0000] {processor.py:208} INFO - Processing /usr/local/python/3.12.1/lib/python3.12/site-packages/airflow/example_dags/example_inlet_event_extra.py took 0.061 seconds
[2025-01-22T13:04:18.752+0000] {processor.py:186} INFO - Started process (PID=11892) to work on /usr/local/python/3.12.1/lib/python3.12/site-packages/airflow/example_dags/example_inlet_event_extra.py
[2025-01-22T13:04:18.753+0000] {processor.py:914} INFO - Processing file /usr/local/python/3.12.1/lib/python3.12/site-packages/airflow/example_dags/example_inlet_event_extra.py for tasks to queue
[2025-01-22T13:04:18.754+0000] {logging_mixin.py:190} INFO - [2025-01-22T13:04:18.754+0000] {dagbag.py:588} INFO - Filling up the DagBag from /usr/local/python/3.12.1/lib/python3.12/site-packages/airflow/example_dags/example_inlet_event_extra.py
[2025-01-22T13:04:18.767+0000] {processor.py:925} INFO - DAG(s) 'read_dataset_event', 'read_dataset_event_from_classic' retrieved from /usr/local/python/3.12.1/lib/python3.12/site-packages/airflow/example_dags/example_inlet_event_extra.py
[2025-01-22T13:04:18.784+0000] {logging_mixin.py:190} INFO - [2025-01-22T13:04:18.784+0000] {dag.py:3239} INFO - Sync 2 DAGs
[2025-01-22T13:04:18.807+0000] {logging_mixin.py:190} INFO - [2025-01-22T13:04:18.807+0000] {dag.py:4180} INFO - Setting next_dagrun for read_dataset_event to 2025-01-21 00:00:00+00:00, run_after=2025-01-22 00:00:00+00:00
[2025-01-22T13:04:18.813+0000] {logging_mixin.py:190} INFO - [2025-01-22T13:04:18.812+0000] {dag.py:4180} INFO - Setting next_dagrun for read_dataset_event_from_classic to 2025-01-21 00:00:00+00:00, run_after=2025-01-22 00:00:00+00:00
[2025-01-22T13:04:18.843+0000] {processor.py:208} INFO - Processing /usr/local/python/3.12.1/lib/python3.12/site-packages/airflow/example_dags/example_inlet_event_extra.py took 0.094 seconds
[2025-01-22T13:05:09.730+0000] {processor.py:186} INFO - Started process (PID=12315) to work on /usr/local/python/3.12.1/lib/python3.12/site-packages/airflow/example_dags/example_inlet_event_extra.py
[2025-01-22T13:05:09.730+0000] {processor.py:914} INFO - Processing file /usr/local/python/3.12.1/lib/python3.12/site-packages/airflow/example_dags/example_inlet_event_extra.py for tasks to queue
[2025-01-22T13:05:09.732+0000] {logging_mixin.py:190} INFO - [2025-01-22T13:05:09.732+0000] {dagbag.py:588} INFO - Filling up the DagBag from /usr/local/python/3.12.1/lib/python3.12/site-packages/airflow/example_dags/example_inlet_event_extra.py
[2025-01-22T13:05:09.741+0000] {processor.py:925} INFO - DAG(s) 'read_dataset_event', 'read_dataset_event_from_classic' retrieved from /usr/local/python/3.12.1/lib/python3.12/site-packages/airflow/example_dags/example_inlet_event_extra.py
[2025-01-22T13:05:09.753+0000] {logging_mixin.py:190} INFO - [2025-01-22T13:05:09.753+0000] {dag.py:3239} INFO - Sync 2 DAGs
[2025-01-22T13:05:09.777+0000] {logging_mixin.py:190} INFO - [2025-01-22T13:05:09.777+0000] {dag.py:4180} INFO - Setting next_dagrun for read_dataset_event to 2025-01-21 00:00:00+00:00, run_after=2025-01-22 00:00:00+00:00
[2025-01-22T13:05:09.782+0000] {logging_mixin.py:190} INFO - [2025-01-22T13:05:09.782+0000] {dag.py:4180} INFO - Setting next_dagrun for read_dataset_event_from_classic to 2025-01-21 00:00:00+00:00, run_after=2025-01-22 00:00:00+00:00
[2025-01-22T13:05:09.813+0000] {processor.py:208} INFO - Processing /usr/local/python/3.12.1/lib/python3.12/site-packages/airflow/example_dags/example_inlet_event_extra.py took 0.087 seconds
[2025-01-22T13:06:01.414+0000] {processor.py:186} INFO - Started process (PID=12736) to work on /usr/local/python/3.12.1/lib/python3.12/site-packages/airflow/example_dags/example_inlet_event_extra.py
[2025-01-22T13:06:01.415+0000] {processor.py:914} INFO - Processing file /usr/local/python/3.12.1/lib/python3.12/site-packages/airflow/example_dags/example_inlet_event_extra.py for tasks to queue
[2025-01-22T13:06:01.416+0000] {logging_mixin.py:190} INFO - [2025-01-22T13:06:01.416+0000] {dagbag.py:588} INFO - Filling up the DagBag from /usr/local/python/3.12.1/lib/python3.12/site-packages/airflow/example_dags/example_inlet_event_extra.py
[2025-01-22T13:06:01.426+0000] {processor.py:925} INFO - DAG(s) 'read_dataset_event', 'read_dataset_event_from_classic' retrieved from /usr/local/python/3.12.1/lib/python3.12/site-packages/airflow/example_dags/example_inlet_event_extra.py
[2025-01-22T13:06:01.437+0000] {logging_mixin.py:190} INFO - [2025-01-22T13:06:01.437+0000] {dag.py:3239} INFO - Sync 2 DAGs
[2025-01-22T13:06:01.456+0000] {logging_mixin.py:190} INFO - [2025-01-22T13:06:01.456+0000] {dag.py:4180} INFO - Setting next_dagrun for read_dataset_event to 2025-01-21 00:00:00+00:00, run_after=2025-01-22 00:00:00+00:00
[2025-01-22T13:06:01.459+0000] {logging_mixin.py:190} INFO - [2025-01-22T13:06:01.459+0000] {dag.py:4180} INFO - Setting next_dagrun for read_dataset_event_from_classic to 2025-01-21 00:00:00+00:00, run_after=2025-01-22 00:00:00+00:00
[2025-01-22T13:06:01.473+0000] {processor.py:208} INFO - Processing /usr/local/python/3.12.1/lib/python3.12/site-packages/airflow/example_dags/example_inlet_event_extra.py took 0.062 seconds
[2025-01-22T13:06:49.923+0000] {processor.py:186} INFO - Started process (PID=13149) to work on /usr/local/python/3.12.1/lib/python3.12/site-packages/airflow/example_dags/example_inlet_event_extra.py
[2025-01-22T13:06:49.924+0000] {processor.py:914} INFO - Processing file /usr/local/python/3.12.1/lib/python3.12/site-packages/airflow/example_dags/example_inlet_event_extra.py for tasks to queue
[2025-01-22T13:06:49.925+0000] {logging_mixin.py:190} INFO - [2025-01-22T13:06:49.925+0000] {dagbag.py:588} INFO - Filling up the DagBag from /usr/local/python/3.12.1/lib/python3.12/site-packages/airflow/example_dags/example_inlet_event_extra.py
[2025-01-22T13:06:49.935+0000] {processor.py:925} INFO - DAG(s) 'read_dataset_event_from_classic', 'read_dataset_event' retrieved from /usr/local/python/3.12.1/lib/python3.12/site-packages/airflow/example_dags/example_inlet_event_extra.py
[2025-01-22T13:06:49.948+0000] {logging_mixin.py:190} INFO - [2025-01-22T13:06:49.948+0000] {dag.py:3239} INFO - Sync 2 DAGs
[2025-01-22T13:06:49.965+0000] {logging_mixin.py:190} INFO - [2025-01-22T13:06:49.965+0000] {dag.py:4180} INFO - Setting next_dagrun for read_dataset_event to 2025-01-21 00:00:00+00:00, run_after=2025-01-22 00:00:00+00:00
[2025-01-22T13:06:49.968+0000] {logging_mixin.py:190} INFO - [2025-01-22T13:06:49.968+0000] {dag.py:4180} INFO - Setting next_dagrun for read_dataset_event_from_classic to 2025-01-21 00:00:00+00:00, run_after=2025-01-22 00:00:00+00:00
[2025-01-22T13:06:49.981+0000] {processor.py:208} INFO - Processing /usr/local/python/3.12.1/lib/python3.12/site-packages/airflow/example_dags/example_inlet_event_extra.py took 0.062 seconds
[2025-01-22T13:07:37.260+0000] {processor.py:186} INFO - Started process (PID=13558) to work on /usr/local/python/3.12.1/lib/python3.12/site-packages/airflow/example_dags/example_inlet_event_extra.py
[2025-01-22T13:07:37.261+0000] {processor.py:914} INFO - Processing file /usr/local/python/3.12.1/lib/python3.12/site-packages/airflow/example_dags/example_inlet_event_extra.py for tasks to queue
[2025-01-22T13:07:37.262+0000] {logging_mixin.py:190} INFO - [2025-01-22T13:07:37.262+0000] {dagbag.py:588} INFO - Filling up the DagBag from /usr/local/python/3.12.1/lib/python3.12/site-packages/airflow/example_dags/example_inlet_event_extra.py
[2025-01-22T13:07:37.272+0000] {processor.py:925} INFO - DAG(s) 'read_dataset_event', 'read_dataset_event_from_classic' retrieved from /usr/local/python/3.12.1/lib/python3.12/site-packages/airflow/example_dags/example_inlet_event_extra.py
[2025-01-22T13:07:37.284+0000] {logging_mixin.py:190} INFO - [2025-01-22T13:07:37.283+0000] {dag.py:3239} INFO - Sync 2 DAGs
[2025-01-22T13:07:37.299+0000] {logging_mixin.py:190} INFO - [2025-01-22T13:07:37.299+0000] {dag.py:4180} INFO - Setting next_dagrun for read_dataset_event to 2025-01-21 00:00:00+00:00, run_after=2025-01-22 00:00:00+00:00
[2025-01-22T13:07:37.302+0000] {logging_mixin.py:190} INFO - [2025-01-22T13:07:37.302+0000] {dag.py:4180} INFO - Setting next_dagrun for read_dataset_event_from_classic to 2025-01-21 00:00:00+00:00, run_after=2025-01-22 00:00:00+00:00
[2025-01-22T13:07:37.315+0000] {processor.py:208} INFO - Processing /usr/local/python/3.12.1/lib/python3.12/site-packages/airflow/example_dags/example_inlet_event_extra.py took 0.059 seconds
[2025-01-22T13:08:30.231+0000] {processor.py:186} INFO - Started process (PID=14242) to work on /usr/local/python/3.12.1/lib/python3.12/site-packages/airflow/example_dags/example_inlet_event_extra.py
[2025-01-22T13:08:30.231+0000] {processor.py:914} INFO - Processing file /usr/local/python/3.12.1/lib/python3.12/site-packages/airflow/example_dags/example_inlet_event_extra.py for tasks to queue
[2025-01-22T13:08:30.233+0000] {logging_mixin.py:190} INFO - [2025-01-22T13:08:30.233+0000] {dagbag.py:588} INFO - Filling up the DagBag from /usr/local/python/3.12.1/lib/python3.12/site-packages/airflow/example_dags/example_inlet_event_extra.py
[2025-01-22T13:08:30.243+0000] {processor.py:925} INFO - DAG(s) 'read_dataset_event_from_classic', 'read_dataset_event' retrieved from /usr/local/python/3.12.1/lib/python3.12/site-packages/airflow/example_dags/example_inlet_event_extra.py
[2025-01-22T13:08:30.255+0000] {logging_mixin.py:190} INFO - [2025-01-22T13:08:30.255+0000] {dag.py:3239} INFO - Sync 2 DAGs
[2025-01-22T13:08:30.274+0000] {logging_mixin.py:190} INFO - [2025-01-22T13:08:30.274+0000] {dag.py:4180} INFO - Setting next_dagrun for read_dataset_event to 2025-01-21 00:00:00+00:00, run_after=2025-01-22 00:00:00+00:00
[2025-01-22T13:08:30.278+0000] {logging_mixin.py:190} INFO - [2025-01-22T13:08:30.278+0000] {dag.py:4180} INFO - Setting next_dagrun for read_dataset_event_from_classic to 2025-01-21 00:00:00+00:00, run_after=2025-01-22 00:00:00+00:00
[2025-01-22T13:08:30.295+0000] {processor.py:208} INFO - Processing /usr/local/python/3.12.1/lib/python3.12/site-packages/airflow/example_dags/example_inlet_event_extra.py took 0.068 seconds
[2025-01-22T13:09:23.649+0000] {processor.py:186} INFO - Started process (PID=14676) to work on /usr/local/python/3.12.1/lib/python3.12/site-packages/airflow/example_dags/example_inlet_event_extra.py
[2025-01-22T13:09:23.650+0000] {processor.py:914} INFO - Processing file /usr/local/python/3.12.1/lib/python3.12/site-packages/airflow/example_dags/example_inlet_event_extra.py for tasks to queue
[2025-01-22T13:09:23.652+0000] {logging_mixin.py:190} INFO - [2025-01-22T13:09:23.651+0000] {dagbag.py:588} INFO - Filling up the DagBag from /usr/local/python/3.12.1/lib/python3.12/site-packages/airflow/example_dags/example_inlet_event_extra.py
[2025-01-22T13:09:23.661+0000] {processor.py:925} INFO - DAG(s) 'read_dataset_event', 'read_dataset_event_from_classic' retrieved from /usr/local/python/3.12.1/lib/python3.12/site-packages/airflow/example_dags/example_inlet_event_extra.py
[2025-01-22T13:09:23.673+0000] {logging_mixin.py:190} INFO - [2025-01-22T13:09:23.673+0000] {dag.py:3239} INFO - Sync 2 DAGs
[2025-01-22T13:09:23.688+0000] {logging_mixin.py:190} INFO - [2025-01-22T13:09:23.688+0000] {dag.py:4180} INFO - Setting next_dagrun for read_dataset_event to 2025-01-21 00:00:00+00:00, run_after=2025-01-22 00:00:00+00:00
[2025-01-22T13:09:23.691+0000] {logging_mixin.py:190} INFO - [2025-01-22T13:09:23.691+0000] {dag.py:4180} INFO - Setting next_dagrun for read_dataset_event_from_classic to 2025-01-21 00:00:00+00:00, run_after=2025-01-22 00:00:00+00:00
[2025-01-22T13:09:23.704+0000] {processor.py:208} INFO - Processing /usr/local/python/3.12.1/lib/python3.12/site-packages/airflow/example_dags/example_inlet_event_extra.py took 0.058 seconds
[2025-01-22T13:10:15.029+0000] {processor.py:186} INFO - Started process (PID=15036) to work on /usr/local/python/3.12.1/lib/python3.12/site-packages/airflow/example_dags/example_inlet_event_extra.py
[2025-01-22T13:10:15.030+0000] {processor.py:914} INFO - Processing file /usr/local/python/3.12.1/lib/python3.12/site-packages/airflow/example_dags/example_inlet_event_extra.py for tasks to queue
[2025-01-22T13:10:15.031+0000] {logging_mixin.py:190} INFO - [2025-01-22T13:10:15.031+0000] {dagbag.py:588} INFO - Filling up the DagBag from /usr/local/python/3.12.1/lib/python3.12/site-packages/airflow/example_dags/example_inlet_event_extra.py
[2025-01-22T13:10:15.041+0000] {processor.py:925} INFO - DAG(s) 'read_dataset_event_from_classic', 'read_dataset_event' retrieved from /usr/local/python/3.12.1/lib/python3.12/site-packages/airflow/example_dags/example_inlet_event_extra.py
[2025-01-22T13:10:15.053+0000] {logging_mixin.py:190} INFO - [2025-01-22T13:10:15.053+0000] {dag.py:3239} INFO - Sync 2 DAGs
[2025-01-22T13:10:15.069+0000] {logging_mixin.py:190} INFO - [2025-01-22T13:10:15.069+0000] {dag.py:4180} INFO - Setting next_dagrun for read_dataset_event to 2025-01-21 00:00:00+00:00, run_after=2025-01-22 00:00:00+00:00
[2025-01-22T13:10:15.073+0000] {logging_mixin.py:190} INFO - [2025-01-22T13:10:15.073+0000] {dag.py:4180} INFO - Setting next_dagrun for read_dataset_event_from_classic to 2025-01-21 00:00:00+00:00, run_after=2025-01-22 00:00:00+00:00
[2025-01-22T13:10:15.087+0000] {processor.py:208} INFO - Processing /usr/local/python/3.12.1/lib/python3.12/site-packages/airflow/example_dags/example_inlet_event_extra.py took 0.062 seconds
[2025-01-22T13:11:02.525+0000] {processor.py:186} INFO - Started process (PID=15439) to work on /usr/local/python/3.12.1/lib/python3.12/site-packages/airflow/example_dags/example_inlet_event_extra.py
[2025-01-22T13:11:02.526+0000] {processor.py:914} INFO - Processing file /usr/local/python/3.12.1/lib/python3.12/site-packages/airflow/example_dags/example_inlet_event_extra.py for tasks to queue
[2025-01-22T13:11:02.527+0000] {logging_mixin.py:190} INFO - [2025-01-22T13:11:02.527+0000] {dagbag.py:588} INFO - Filling up the DagBag from /usr/local/python/3.12.1/lib/python3.12/site-packages/airflow/example_dags/example_inlet_event_extra.py
[2025-01-22T13:11:02.536+0000] {processor.py:925} INFO - DAG(s) 'read_dataset_event', 'read_dataset_event_from_classic' retrieved from /usr/local/python/3.12.1/lib/python3.12/site-packages/airflow/example_dags/example_inlet_event_extra.py
[2025-01-22T13:11:02.548+0000] {logging_mixin.py:190} INFO - [2025-01-22T13:11:02.548+0000] {dag.py:3239} INFO - Sync 2 DAGs
[2025-01-22T13:11:02.563+0000] {logging_mixin.py:190} INFO - [2025-01-22T13:11:02.563+0000] {dag.py:4180} INFO - Setting next_dagrun for read_dataset_event to 2025-01-21 00:00:00+00:00, run_after=2025-01-22 00:00:00+00:00
[2025-01-22T13:11:02.567+0000] {logging_mixin.py:190} INFO - [2025-01-22T13:11:02.566+0000] {dag.py:4180} INFO - Setting next_dagrun for read_dataset_event_from_classic to 2025-01-21 00:00:00+00:00, run_after=2025-01-22 00:00:00+00:00
[2025-01-22T13:11:02.579+0000] {processor.py:208} INFO - Processing /usr/local/python/3.12.1/lib/python3.12/site-packages/airflow/example_dags/example_inlet_event_extra.py took 0.058 seconds
[2025-01-22T13:11:53.822+0000] {processor.py:186} INFO - Started process (PID=15853) to work on /usr/local/python/3.12.1/lib/python3.12/site-packages/airflow/example_dags/example_inlet_event_extra.py
[2025-01-22T13:11:53.822+0000] {processor.py:914} INFO - Processing file /usr/local/python/3.12.1/lib/python3.12/site-packages/airflow/example_dags/example_inlet_event_extra.py for tasks to queue
[2025-01-22T13:11:53.824+0000] {logging_mixin.py:190} INFO - [2025-01-22T13:11:53.824+0000] {dagbag.py:588} INFO - Filling up the DagBag from /usr/local/python/3.12.1/lib/python3.12/site-packages/airflow/example_dags/example_inlet_event_extra.py
[2025-01-22T13:11:53.834+0000] {processor.py:925} INFO - DAG(s) 'read_dataset_event', 'read_dataset_event_from_classic' retrieved from /usr/local/python/3.12.1/lib/python3.12/site-packages/airflow/example_dags/example_inlet_event_extra.py
[2025-01-22T13:11:53.845+0000] {logging_mixin.py:190} INFO - [2025-01-22T13:11:53.845+0000] {dag.py:3239} INFO - Sync 2 DAGs
[2025-01-22T13:11:53.861+0000] {logging_mixin.py:190} INFO - [2025-01-22T13:11:53.860+0000] {dag.py:4180} INFO - Setting next_dagrun for read_dataset_event to 2025-01-21 00:00:00+00:00, run_after=2025-01-22 00:00:00+00:00
[2025-01-22T13:11:53.864+0000] {logging_mixin.py:190} INFO - [2025-01-22T13:11:53.864+0000] {dag.py:4180} INFO - Setting next_dagrun for read_dataset_event_from_classic to 2025-01-21 00:00:00+00:00, run_after=2025-01-22 00:00:00+00:00
[2025-01-22T13:11:53.876+0000] {processor.py:208} INFO - Processing /usr/local/python/3.12.1/lib/python3.12/site-packages/airflow/example_dags/example_inlet_event_extra.py took 0.059 seconds
[2025-01-22T13:12:44.006+0000] {processor.py:186} INFO - Started process (PID=16337) to work on /usr/local/python/3.12.1/lib/python3.12/site-packages/airflow/example_dags/example_inlet_event_extra.py
[2025-01-22T13:12:44.007+0000] {processor.py:914} INFO - Processing file /usr/local/python/3.12.1/lib/python3.12/site-packages/airflow/example_dags/example_inlet_event_extra.py for tasks to queue
[2025-01-22T13:12:44.009+0000] {logging_mixin.py:190} INFO - [2025-01-22T13:12:44.008+0000] {dagbag.py:588} INFO - Filling up the DagBag from /usr/local/python/3.12.1/lib/python3.12/site-packages/airflow/example_dags/example_inlet_event_extra.py
[2025-01-22T13:12:44.025+0000] {processor.py:925} INFO - DAG(s) 'read_dataset_event', 'read_dataset_event_from_classic' retrieved from /usr/local/python/3.12.1/lib/python3.12/site-packages/airflow/example_dags/example_inlet_event_extra.py
[2025-01-22T13:12:44.044+0000] {logging_mixin.py:190} INFO - [2025-01-22T13:12:44.044+0000] {dag.py:3239} INFO - Sync 2 DAGs
[2025-01-22T13:12:44.068+0000] {logging_mixin.py:190} INFO - [2025-01-22T13:12:44.067+0000] {dag.py:4180} INFO - Setting next_dagrun for read_dataset_event to 2025-01-21 00:00:00+00:00, run_after=2025-01-22 00:00:00+00:00
[2025-01-22T13:12:44.073+0000] {logging_mixin.py:190} INFO - [2025-01-22T13:12:44.073+0000] {dag.py:4180} INFO - Setting next_dagrun for read_dataset_event_from_classic to 2025-01-21 00:00:00+00:00, run_after=2025-01-22 00:00:00+00:00
[2025-01-22T13:12:44.102+0000] {processor.py:208} INFO - Processing /usr/local/python/3.12.1/lib/python3.12/site-packages/airflow/example_dags/example_inlet_event_extra.py took 0.102 seconds
[2025-01-22T13:13:35.388+0000] {processor.py:186} INFO - Started process (PID=16759) to work on /usr/local/python/3.12.1/lib/python3.12/site-packages/airflow/example_dags/example_inlet_event_extra.py
[2025-01-22T13:13:35.388+0000] {processor.py:914} INFO - Processing file /usr/local/python/3.12.1/lib/python3.12/site-packages/airflow/example_dags/example_inlet_event_extra.py for tasks to queue
[2025-01-22T13:13:35.390+0000] {logging_mixin.py:190} INFO - [2025-01-22T13:13:35.389+0000] {dagbag.py:588} INFO - Filling up the DagBag from /usr/local/python/3.12.1/lib/python3.12/site-packages/airflow/example_dags/example_inlet_event_extra.py
[2025-01-22T13:13:35.399+0000] {processor.py:925} INFO - DAG(s) 'read_dataset_event_from_classic', 'read_dataset_event' retrieved from /usr/local/python/3.12.1/lib/python3.12/site-packages/airflow/example_dags/example_inlet_event_extra.py
[2025-01-22T13:13:35.411+0000] {logging_mixin.py:190} INFO - [2025-01-22T13:13:35.411+0000] {dag.py:3239} INFO - Sync 2 DAGs
[2025-01-22T13:13:35.426+0000] {logging_mixin.py:190} INFO - [2025-01-22T13:13:35.426+0000] {dag.py:4180} INFO - Setting next_dagrun for read_dataset_event to 2025-01-21 00:00:00+00:00, run_after=2025-01-22 00:00:00+00:00
[2025-01-22T13:13:35.430+0000] {logging_mixin.py:190} INFO - [2025-01-22T13:13:35.430+0000] {dag.py:4180} INFO - Setting next_dagrun for read_dataset_event_from_classic to 2025-01-21 00:00:00+00:00, run_after=2025-01-22 00:00:00+00:00
[2025-01-22T13:13:35.442+0000] {processor.py:208} INFO - Processing /usr/local/python/3.12.1/lib/python3.12/site-packages/airflow/example_dags/example_inlet_event_extra.py took 0.058 seconds
[2025-01-22T13:14:29.238+0000] {processor.py:186} INFO - Started process (PID=17196) to work on /usr/local/python/3.12.1/lib/python3.12/site-packages/airflow/example_dags/example_inlet_event_extra.py
[2025-01-22T13:14:29.239+0000] {processor.py:914} INFO - Processing file /usr/local/python/3.12.1/lib/python3.12/site-packages/airflow/example_dags/example_inlet_event_extra.py for tasks to queue
[2025-01-22T13:14:29.241+0000] {logging_mixin.py:190} INFO - [2025-01-22T13:14:29.240+0000] {dagbag.py:588} INFO - Filling up the DagBag from /usr/local/python/3.12.1/lib/python3.12/site-packages/airflow/example_dags/example_inlet_event_extra.py
[2025-01-22T13:14:29.251+0000] {processor.py:925} INFO - DAG(s) 'read_dataset_event', 'read_dataset_event_from_classic' retrieved from /usr/local/python/3.12.1/lib/python3.12/site-packages/airflow/example_dags/example_inlet_event_extra.py
[2025-01-22T13:14:29.263+0000] {logging_mixin.py:190} INFO - [2025-01-22T13:14:29.263+0000] {dag.py:3239} INFO - Sync 2 DAGs
[2025-01-22T13:14:29.283+0000] {logging_mixin.py:190} INFO - [2025-01-22T13:14:29.282+0000] {dag.py:4180} INFO - Setting next_dagrun for read_dataset_event to 2025-01-21 00:00:00+00:00, run_after=2025-01-22 00:00:00+00:00
[2025-01-22T13:14:29.286+0000] {logging_mixin.py:190} INFO - [2025-01-22T13:14:29.286+0000] {dag.py:4180} INFO - Setting next_dagrun for read_dataset_event_from_classic to 2025-01-21 00:00:00+00:00, run_after=2025-01-22 00:00:00+00:00
[2025-01-22T13:14:29.300+0000] {processor.py:208} INFO - Processing /usr/local/python/3.12.1/lib/python3.12/site-packages/airflow/example_dags/example_inlet_event_extra.py took 0.066 seconds
[2025-01-22T13:15:20.630+0000] {processor.py:186} INFO - Started process (PID=17565) to work on /usr/local/python/3.12.1/lib/python3.12/site-packages/airflow/example_dags/example_inlet_event_extra.py
[2025-01-22T13:15:20.631+0000] {processor.py:914} INFO - Processing file /usr/local/python/3.12.1/lib/python3.12/site-packages/airflow/example_dags/example_inlet_event_extra.py for tasks to queue
[2025-01-22T13:15:20.633+0000] {logging_mixin.py:190} INFO - [2025-01-22T13:15:20.632+0000] {dagbag.py:588} INFO - Filling up the DagBag from /usr/local/python/3.12.1/lib/python3.12/site-packages/airflow/example_dags/example_inlet_event_extra.py
[2025-01-22T13:15:20.643+0000] {processor.py:925} INFO - DAG(s) 'read_dataset_event_from_classic', 'read_dataset_event' retrieved from /usr/local/python/3.12.1/lib/python3.12/site-packages/airflow/example_dags/example_inlet_event_extra.py
[2025-01-22T13:15:20.655+0000] {logging_mixin.py:190} INFO - [2025-01-22T13:15:20.654+0000] {dag.py:3239} INFO - Sync 2 DAGs
[2025-01-22T13:15:20.670+0000] {logging_mixin.py:190} INFO - [2025-01-22T13:15:20.670+0000] {dag.py:4180} INFO - Setting next_dagrun for read_dataset_event to 2025-01-21 00:00:00+00:00, run_after=2025-01-22 00:00:00+00:00
[2025-01-22T13:15:20.674+0000] {logging_mixin.py:190} INFO - [2025-01-22T13:15:20.673+0000] {dag.py:4180} INFO - Setting next_dagrun for read_dataset_event_from_classic to 2025-01-21 00:00:00+00:00, run_after=2025-01-22 00:00:00+00:00
[2025-01-22T13:15:20.686+0000] {processor.py:208} INFO - Processing /usr/local/python/3.12.1/lib/python3.12/site-packages/airflow/example_dags/example_inlet_event_extra.py took 0.060 seconds
[2025-01-22T13:16:08.465+0000] {processor.py:186} INFO - Started process (PID=17970) to work on /usr/local/python/3.12.1/lib/python3.12/site-packages/airflow/example_dags/example_inlet_event_extra.py
[2025-01-22T13:16:08.466+0000] {processor.py:914} INFO - Processing file /usr/local/python/3.12.1/lib/python3.12/site-packages/airflow/example_dags/example_inlet_event_extra.py for tasks to queue
[2025-01-22T13:16:08.467+0000] {logging_mixin.py:190} INFO - [2025-01-22T13:16:08.467+0000] {dagbag.py:588} INFO - Filling up the DagBag from /usr/local/python/3.12.1/lib/python3.12/site-packages/airflow/example_dags/example_inlet_event_extra.py
[2025-01-22T13:16:08.477+0000] {processor.py:925} INFO - DAG(s) 'read_dataset_event_from_classic', 'read_dataset_event' retrieved from /usr/local/python/3.12.1/lib/python3.12/site-packages/airflow/example_dags/example_inlet_event_extra.py
[2025-01-22T13:16:08.489+0000] {logging_mixin.py:190} INFO - [2025-01-22T13:16:08.489+0000] {dag.py:3239} INFO - Sync 2 DAGs
[2025-01-22T13:16:08.505+0000] {logging_mixin.py:190} INFO - [2025-01-22T13:16:08.505+0000] {dag.py:4180} INFO - Setting next_dagrun for read_dataset_event to 2025-01-21 00:00:00+00:00, run_after=2025-01-22 00:00:00+00:00
[2025-01-22T13:16:08.508+0000] {logging_mixin.py:190} INFO - [2025-01-22T13:16:08.508+0000] {dag.py:4180} INFO - Setting next_dagrun for read_dataset_event_from_classic to 2025-01-21 00:00:00+00:00, run_after=2025-01-22 00:00:00+00:00
[2025-01-22T13:16:08.521+0000] {processor.py:208} INFO - Processing /usr/local/python/3.12.1/lib/python3.12/site-packages/airflow/example_dags/example_inlet_event_extra.py took 0.060 seconds
[2025-01-22T13:17:01.943+0000] {processor.py:186} INFO - Started process (PID=18399) to work on /usr/local/python/3.12.1/lib/python3.12/site-packages/airflow/example_dags/example_inlet_event_extra.py
[2025-01-22T13:17:01.943+0000] {processor.py:914} INFO - Processing file /usr/local/python/3.12.1/lib/python3.12/site-packages/airflow/example_dags/example_inlet_event_extra.py for tasks to queue
[2025-01-22T13:17:01.945+0000] {logging_mixin.py:190} INFO - [2025-01-22T13:17:01.945+0000] {dagbag.py:588} INFO - Filling up the DagBag from /usr/local/python/3.12.1/lib/python3.12/site-packages/airflow/example_dags/example_inlet_event_extra.py
[2025-01-22T13:17:01.954+0000] {processor.py:925} INFO - DAG(s) 'read_dataset_event', 'read_dataset_event_from_classic' retrieved from /usr/local/python/3.12.1/lib/python3.12/site-packages/airflow/example_dags/example_inlet_event_extra.py
[2025-01-22T13:17:01.968+0000] {logging_mixin.py:190} INFO - [2025-01-22T13:17:01.967+0000] {dag.py:3239} INFO - Sync 2 DAGs
[2025-01-22T13:17:01.993+0000] {logging_mixin.py:190} INFO - [2025-01-22T13:17:01.992+0000] {dag.py:4180} INFO - Setting next_dagrun for read_dataset_event to 2025-01-21 00:00:00+00:00, run_after=2025-01-22 00:00:00+00:00
[2025-01-22T13:17:01.998+0000] {logging_mixin.py:190} INFO - [2025-01-22T13:17:01.998+0000] {dag.py:4180} INFO - Setting next_dagrun for read_dataset_event_from_classic to 2025-01-21 00:00:00+00:00, run_after=2025-01-22 00:00:00+00:00
[2025-01-22T13:17:02.020+0000] {processor.py:208} INFO - Processing /usr/local/python/3.12.1/lib/python3.12/site-packages/airflow/example_dags/example_inlet_event_extra.py took 0.081 seconds
[2025-01-22T13:17:54.053+0000] {processor.py:186} INFO - Started process (PID=18916) to work on /usr/local/python/3.12.1/lib/python3.12/site-packages/airflow/example_dags/example_inlet_event_extra.py
[2025-01-22T13:17:54.054+0000] {processor.py:914} INFO - Processing file /usr/local/python/3.12.1/lib/python3.12/site-packages/airflow/example_dags/example_inlet_event_extra.py for tasks to queue
[2025-01-22T13:17:54.056+0000] {logging_mixin.py:190} INFO - [2025-01-22T13:17:54.056+0000] {dagbag.py:588} INFO - Filling up the DagBag from /usr/local/python/3.12.1/lib/python3.12/site-packages/airflow/example_dags/example_inlet_event_extra.py
[2025-01-22T13:17:54.067+0000] {processor.py:925} INFO - DAG(s) 'read_dataset_event_from_classic', 'read_dataset_event' retrieved from /usr/local/python/3.12.1/lib/python3.12/site-packages/airflow/example_dags/example_inlet_event_extra.py
[2025-01-22T13:17:54.079+0000] {logging_mixin.py:190} INFO - [2025-01-22T13:17:54.079+0000] {dag.py:3239} INFO - Sync 2 DAGs
[2025-01-22T13:17:54.096+0000] {logging_mixin.py:190} INFO - [2025-01-22T13:17:54.096+0000] {dag.py:4180} INFO - Setting next_dagrun for read_dataset_event to 2025-01-21 00:00:00+00:00, run_after=2025-01-22 00:00:00+00:00
[2025-01-22T13:17:54.099+0000] {logging_mixin.py:190} INFO - [2025-01-22T13:17:54.099+0000] {dag.py:4180} INFO - Setting next_dagrun for read_dataset_event_from_classic to 2025-01-21 00:00:00+00:00, run_after=2025-01-22 00:00:00+00:00
[2025-01-22T13:17:54.112+0000] {processor.py:208} INFO - Processing /usr/local/python/3.12.1/lib/python3.12/site-packages/airflow/example_dags/example_inlet_event_extra.py took 0.065 seconds
[2025-01-22T13:18:43.384+0000] {processor.py:186} INFO - Started process (PID=19397) to work on /usr/local/python/3.12.1/lib/python3.12/site-packages/airflow/example_dags/example_inlet_event_extra.py
[2025-01-22T13:18:43.385+0000] {processor.py:914} INFO - Processing file /usr/local/python/3.12.1/lib/python3.12/site-packages/airflow/example_dags/example_inlet_event_extra.py for tasks to queue
[2025-01-22T13:18:43.386+0000] {logging_mixin.py:190} INFO - [2025-01-22T13:18:43.386+0000] {dagbag.py:588} INFO - Filling up the DagBag from /usr/local/python/3.12.1/lib/python3.12/site-packages/airflow/example_dags/example_inlet_event_extra.py
[2025-01-22T13:18:43.395+0000] {processor.py:925} INFO - DAG(s) 'read_dataset_event', 'read_dataset_event_from_classic' retrieved from /usr/local/python/3.12.1/lib/python3.12/site-packages/airflow/example_dags/example_inlet_event_extra.py
[2025-01-22T13:18:43.407+0000] {logging_mixin.py:190} INFO - [2025-01-22T13:18:43.407+0000] {dag.py:3239} INFO - Sync 2 DAGs
[2025-01-22T13:18:43.422+0000] {logging_mixin.py:190} INFO - [2025-01-22T13:18:43.422+0000] {dag.py:4180} INFO - Setting next_dagrun for read_dataset_event to 2025-01-21 00:00:00+00:00, run_after=2025-01-22 00:00:00+00:00
[2025-01-22T13:18:43.426+0000] {logging_mixin.py:190} INFO - [2025-01-22T13:18:43.426+0000] {dag.py:4180} INFO - Setting next_dagrun for read_dataset_event_from_classic to 2025-01-21 00:00:00+00:00, run_after=2025-01-22 00:00:00+00:00
[2025-01-22T13:18:43.438+0000] {processor.py:208} INFO - Processing /usr/local/python/3.12.1/lib/python3.12/site-packages/airflow/example_dags/example_inlet_event_extra.py took 0.058 seconds
[2025-01-22T13:19:31.798+0000] {processor.py:186} INFO - Started process (PID=20325) to work on /usr/local/python/3.12.1/lib/python3.12/site-packages/airflow/example_dags/example_inlet_event_extra.py
[2025-01-22T13:19:31.799+0000] {processor.py:914} INFO - Processing file /usr/local/python/3.12.1/lib/python3.12/site-packages/airflow/example_dags/example_inlet_event_extra.py for tasks to queue
[2025-01-22T13:19:31.800+0000] {logging_mixin.py:190} INFO - [2025-01-22T13:19:31.800+0000] {dagbag.py:588} INFO - Filling up the DagBag from /usr/local/python/3.12.1/lib/python3.12/site-packages/airflow/example_dags/example_inlet_event_extra.py
[2025-01-22T13:19:31.810+0000] {processor.py:925} INFO - DAG(s) 'read_dataset_event', 'read_dataset_event_from_classic' retrieved from /usr/local/python/3.12.1/lib/python3.12/site-packages/airflow/example_dags/example_inlet_event_extra.py
[2025-01-22T13:19:31.821+0000] {logging_mixin.py:190} INFO - [2025-01-22T13:19:31.821+0000] {dag.py:3239} INFO - Sync 2 DAGs
[2025-01-22T13:19:31.836+0000] {logging_mixin.py:190} INFO - [2025-01-22T13:19:31.836+0000] {dag.py:4180} INFO - Setting next_dagrun for read_dataset_event to 2025-01-21 00:00:00+00:00, run_after=2025-01-22 00:00:00+00:00
[2025-01-22T13:19:31.840+0000] {logging_mixin.py:190} INFO - [2025-01-22T13:19:31.839+0000] {dag.py:4180} INFO - Setting next_dagrun for read_dataset_event_from_classic to 2025-01-21 00:00:00+00:00, run_after=2025-01-22 00:00:00+00:00
[2025-01-22T13:19:31.854+0000] {processor.py:208} INFO - Processing /usr/local/python/3.12.1/lib/python3.12/site-packages/airflow/example_dags/example_inlet_event_extra.py took 0.059 seconds
[2025-01-22T13:20:21.285+0000] {processor.py:186} INFO - Started process (PID=21187) to work on /usr/local/python/3.12.1/lib/python3.12/site-packages/airflow/example_dags/example_inlet_event_extra.py
[2025-01-22T13:20:21.285+0000] {processor.py:914} INFO - Processing file /usr/local/python/3.12.1/lib/python3.12/site-packages/airflow/example_dags/example_inlet_event_extra.py for tasks to queue
[2025-01-22T13:20:21.287+0000] {logging_mixin.py:190} INFO - [2025-01-22T13:20:21.286+0000] {dagbag.py:588} INFO - Filling up the DagBag from /usr/local/python/3.12.1/lib/python3.12/site-packages/airflow/example_dags/example_inlet_event_extra.py
[2025-01-22T13:20:21.296+0000] {processor.py:925} INFO - DAG(s) 'read_dataset_event', 'read_dataset_event_from_classic' retrieved from /usr/local/python/3.12.1/lib/python3.12/site-packages/airflow/example_dags/example_inlet_event_extra.py
[2025-01-22T13:20:21.308+0000] {logging_mixin.py:190} INFO - [2025-01-22T13:20:21.307+0000] {dag.py:3239} INFO - Sync 2 DAGs
[2025-01-22T13:20:21.323+0000] {logging_mixin.py:190} INFO - [2025-01-22T13:20:21.323+0000] {dag.py:4180} INFO - Setting next_dagrun for read_dataset_event to 2025-01-21 00:00:00+00:00, run_after=2025-01-22 00:00:00+00:00
[2025-01-22T13:20:21.327+0000] {logging_mixin.py:190} INFO - [2025-01-22T13:20:21.326+0000] {dag.py:4180} INFO - Setting next_dagrun for read_dataset_event_from_classic to 2025-01-21 00:00:00+00:00, run_after=2025-01-22 00:00:00+00:00
[2025-01-22T13:20:21.339+0000] {processor.py:208} INFO - Processing /usr/local/python/3.12.1/lib/python3.12/site-packages/airflow/example_dags/example_inlet_event_extra.py took 0.059 seconds
[2025-01-22T13:21:09.349+0000] {processor.py:186} INFO - Started process (PID=21679) to work on /usr/local/python/3.12.1/lib/python3.12/site-packages/airflow/example_dags/example_inlet_event_extra.py
[2025-01-22T13:21:09.350+0000] {processor.py:914} INFO - Processing file /usr/local/python/3.12.1/lib/python3.12/site-packages/airflow/example_dags/example_inlet_event_extra.py for tasks to queue
[2025-01-22T13:21:09.351+0000] {logging_mixin.py:190} INFO - [2025-01-22T13:21:09.351+0000] {dagbag.py:588} INFO - Filling up the DagBag from /usr/local/python/3.12.1/lib/python3.12/site-packages/airflow/example_dags/example_inlet_event_extra.py
[2025-01-22T13:21:09.361+0000] {processor.py:925} INFO - DAG(s) 'read_dataset_event_from_classic', 'read_dataset_event' retrieved from /usr/local/python/3.12.1/lib/python3.12/site-packages/airflow/example_dags/example_inlet_event_extra.py
[2025-01-22T13:21:09.372+0000] {logging_mixin.py:190} INFO - [2025-01-22T13:21:09.372+0000] {dag.py:3239} INFO - Sync 2 DAGs
[2025-01-22T13:21:09.388+0000] {logging_mixin.py:190} INFO - [2025-01-22T13:21:09.388+0000] {dag.py:4180} INFO - Setting next_dagrun for read_dataset_event to 2025-01-21 00:00:00+00:00, run_after=2025-01-22 00:00:00+00:00
[2025-01-22T13:21:09.391+0000] {logging_mixin.py:190} INFO - [2025-01-22T13:21:09.391+0000] {dag.py:4180} INFO - Setting next_dagrun for read_dataset_event_from_classic to 2025-01-21 00:00:00+00:00, run_after=2025-01-22 00:00:00+00:00
[2025-01-22T13:21:09.404+0000] {processor.py:208} INFO - Processing /usr/local/python/3.12.1/lib/python3.12/site-packages/airflow/example_dags/example_inlet_event_extra.py took 0.059 seconds
