[2025-01-22T12:52:49.791+0000] {processor.py:186} INFO - Started process (PID=5578) to work on /usr/local/python/3.12.1/lib/python3.12/site-packages/airflow/example_dags/example_skip_dag.py
[2025-01-22T12:52:49.791+0000] {processor.py:914} INFO - Processing file /usr/local/python/3.12.1/lib/python3.12/site-packages/airflow/example_dags/example_skip_dag.py for tasks to queue
[2025-01-22T12:52:49.793+0000] {logging_mixin.py:190} INFO - [2025-01-22T12:52:49.793+0000] {dagbag.py:588} INFO - Filling up the DagBag from /usr/local/python/3.12.1/lib/python3.12/site-packages/airflow/example_dags/example_skip_dag.py
[2025-01-22T12:52:49.799+0000] {processor.py:925} INFO - DAG(s) 'example_skip_dag' retrieved from /usr/local/python/3.12.1/lib/python3.12/site-packages/airflow/example_dags/example_skip_dag.py
[2025-01-22T12:52:49.876+0000] {logging_mixin.py:190} INFO - [2025-01-22T12:52:49.876+0000] {override.py:1911} INFO - Created Permission View: can delete on DAG:example_skip_dag
[2025-01-22T12:52:49.883+0000] {logging_mixin.py:190} INFO - [2025-01-22T12:52:49.883+0000] {override.py:1911} INFO - Created Permission View: can edit on DAG:example_skip_dag
[2025-01-22T12:52:49.889+0000] {logging_mixin.py:190} INFO - [2025-01-22T12:52:49.888+0000] {override.py:1911} INFO - Created Permission View: can read on DAG:example_skip_dag
[2025-01-22T12:52:49.896+0000] {logging_mixin.py:190} INFO - [2025-01-22T12:52:49.895+0000] {override.py:1911} INFO - Created Permission View: can create on DAG Run:example_skip_dag
[2025-01-22T12:52:49.900+0000] {logging_mixin.py:190} INFO - [2025-01-22T12:52:49.900+0000] {override.py:1911} INFO - Created Permission View: can read on DAG Run:example_skip_dag
[2025-01-22T12:52:49.905+0000] {logging_mixin.py:190} INFO - [2025-01-22T12:52:49.905+0000] {override.py:1911} INFO - Created Permission View: menu access on DAG Run:example_skip_dag
[2025-01-22T12:52:49.910+0000] {logging_mixin.py:190} INFO - [2025-01-22T12:52:49.910+0000] {override.py:1911} INFO - Created Permission View: can delete on DAG Run:example_skip_dag
[2025-01-22T12:52:49.910+0000] {logging_mixin.py:190} INFO - [2025-01-22T12:52:49.910+0000] {dag.py:3239} INFO - Sync 1 DAGs
[2025-01-22T12:52:49.920+0000] {logging_mixin.py:190} INFO - [2025-01-22T12:52:49.919+0000] {dag.py:3262} INFO - Creating ORM DAG for example_skip_dag
[2025-01-22T12:52:49.926+0000] {logging_mixin.py:190} INFO - [2025-01-22T12:52:49.925+0000] {dag.py:4180} INFO - Setting next_dagrun for example_skip_dag to 2025-01-21 00:00:00+00:00, run_after=2025-01-22 00:00:00+00:00
[2025-01-22T12:52:49.939+0000] {processor.py:208} INFO - Processing /usr/local/python/3.12.1/lib/python3.12/site-packages/airflow/example_dags/example_skip_dag.py took 0.152 seconds
[2025-01-22T12:53:49.674+0000] {processor.py:186} INFO - Started process (PID=6479) to work on /usr/local/python/3.12.1/lib/python3.12/site-packages/airflow/example_dags/example_skip_dag.py
[2025-01-22T12:53:49.675+0000] {processor.py:914} INFO - Processing file /usr/local/python/3.12.1/lib/python3.12/site-packages/airflow/example_dags/example_skip_dag.py for tasks to queue
[2025-01-22T12:53:49.676+0000] {logging_mixin.py:190} INFO - [2025-01-22T12:53:49.676+0000] {dagbag.py:588} INFO - Filling up the DagBag from /usr/local/python/3.12.1/lib/python3.12/site-packages/airflow/example_dags/example_skip_dag.py
[2025-01-22T12:53:49.682+0000] {processor.py:925} INFO - DAG(s) 'example_skip_dag' retrieved from /usr/local/python/3.12.1/lib/python3.12/site-packages/airflow/example_dags/example_skip_dag.py
[2025-01-22T12:53:49.694+0000] {logging_mixin.py:190} INFO - [2025-01-22T12:53:49.694+0000] {dag.py:3239} INFO - Sync 1 DAGs
[2025-01-22T12:53:49.708+0000] {logging_mixin.py:190} INFO - [2025-01-22T12:53:49.708+0000] {dag.py:4180} INFO - Setting next_dagrun for example_skip_dag to 2025-01-21 00:00:00+00:00, run_after=2025-01-22 00:00:00+00:00
[2025-01-22T12:53:49.723+0000] {processor.py:208} INFO - Processing /usr/local/python/3.12.1/lib/python3.12/site-packages/airflow/example_dags/example_skip_dag.py took 0.053 seconds
[2025-01-22T12:54:43.821+0000] {processor.py:186} INFO - Started process (PID=7098) to work on /usr/local/python/3.12.1/lib/python3.12/site-packages/airflow/example_dags/example_skip_dag.py
[2025-01-22T12:54:43.821+0000] {processor.py:914} INFO - Processing file /usr/local/python/3.12.1/lib/python3.12/site-packages/airflow/example_dags/example_skip_dag.py for tasks to queue
[2025-01-22T12:54:43.823+0000] {logging_mixin.py:190} INFO - [2025-01-22T12:54:43.823+0000] {dagbag.py:588} INFO - Filling up the DagBag from /usr/local/python/3.12.1/lib/python3.12/site-packages/airflow/example_dags/example_skip_dag.py
[2025-01-22T12:54:43.829+0000] {processor.py:925} INFO - DAG(s) 'example_skip_dag' retrieved from /usr/local/python/3.12.1/lib/python3.12/site-packages/airflow/example_dags/example_skip_dag.py
[2025-01-22T12:54:43.841+0000] {logging_mixin.py:190} INFO - [2025-01-22T12:54:43.841+0000] {dag.py:3239} INFO - Sync 1 DAGs
[2025-01-22T12:54:43.857+0000] {logging_mixin.py:190} INFO - [2025-01-22T12:54:43.857+0000] {dag.py:4180} INFO - Setting next_dagrun for example_skip_dag to 2025-01-21 00:00:00+00:00, run_after=2025-01-22 00:00:00+00:00
[2025-01-22T12:54:43.872+0000] {processor.py:208} INFO - Processing /usr/local/python/3.12.1/lib/python3.12/site-packages/airflow/example_dags/example_skip_dag.py took 0.055 seconds
[2025-01-22T12:55:37.875+0000] {processor.py:186} INFO - Started process (PID=7595) to work on /usr/local/python/3.12.1/lib/python3.12/site-packages/airflow/example_dags/example_skip_dag.py
[2025-01-22T12:55:37.876+0000] {processor.py:914} INFO - Processing file /usr/local/python/3.12.1/lib/python3.12/site-packages/airflow/example_dags/example_skip_dag.py for tasks to queue
[2025-01-22T12:55:37.877+0000] {logging_mixin.py:190} INFO - [2025-01-22T12:55:37.877+0000] {dagbag.py:588} INFO - Filling up the DagBag from /usr/local/python/3.12.1/lib/python3.12/site-packages/airflow/example_dags/example_skip_dag.py
[2025-01-22T12:55:37.883+0000] {processor.py:925} INFO - DAG(s) 'example_skip_dag' retrieved from /usr/local/python/3.12.1/lib/python3.12/site-packages/airflow/example_dags/example_skip_dag.py
[2025-01-22T12:55:37.895+0000] {logging_mixin.py:190} INFO - [2025-01-22T12:55:37.895+0000] {dag.py:3239} INFO - Sync 1 DAGs
[2025-01-22T12:55:37.909+0000] {logging_mixin.py:190} INFO - [2025-01-22T12:55:37.909+0000] {dag.py:4180} INFO - Setting next_dagrun for example_skip_dag to 2025-01-21 00:00:00+00:00, run_after=2025-01-22 00:00:00+00:00
[2025-01-22T12:55:37.923+0000] {processor.py:208} INFO - Processing /usr/local/python/3.12.1/lib/python3.12/site-packages/airflow/example_dags/example_skip_dag.py took 0.053 seconds
[2025-01-22T12:56:30.943+0000] {processor.py:186} INFO - Started process (PID=8024) to work on /usr/local/python/3.12.1/lib/python3.12/site-packages/airflow/example_dags/example_skip_dag.py
[2025-01-22T12:56:30.944+0000] {processor.py:914} INFO - Processing file /usr/local/python/3.12.1/lib/python3.12/site-packages/airflow/example_dags/example_skip_dag.py for tasks to queue
[2025-01-22T12:56:30.945+0000] {logging_mixin.py:190} INFO - [2025-01-22T12:56:30.945+0000] {dagbag.py:588} INFO - Filling up the DagBag from /usr/local/python/3.12.1/lib/python3.12/site-packages/airflow/example_dags/example_skip_dag.py
[2025-01-22T12:56:30.951+0000] {processor.py:925} INFO - DAG(s) 'example_skip_dag' retrieved from /usr/local/python/3.12.1/lib/python3.12/site-packages/airflow/example_dags/example_skip_dag.py
[2025-01-22T12:56:30.963+0000] {logging_mixin.py:190} INFO - [2025-01-22T12:56:30.963+0000] {dag.py:3239} INFO - Sync 1 DAGs
[2025-01-22T12:56:30.980+0000] {logging_mixin.py:190} INFO - [2025-01-22T12:56:30.980+0000] {dag.py:4180} INFO - Setting next_dagrun for example_skip_dag to 2025-01-21 00:00:00+00:00, run_after=2025-01-22 00:00:00+00:00
[2025-01-22T12:56:30.999+0000] {processor.py:208} INFO - Processing /usr/local/python/3.12.1/lib/python3.12/site-packages/airflow/example_dags/example_skip_dag.py took 0.060 seconds
[2025-01-22T12:57:22.549+0000] {processor.py:186} INFO - Started process (PID=8437) to work on /usr/local/python/3.12.1/lib/python3.12/site-packages/airflow/example_dags/example_skip_dag.py
[2025-01-22T12:57:22.549+0000] {processor.py:914} INFO - Processing file /usr/local/python/3.12.1/lib/python3.12/site-packages/airflow/example_dags/example_skip_dag.py for tasks to queue
[2025-01-22T12:57:22.551+0000] {logging_mixin.py:190} INFO - [2025-01-22T12:57:22.550+0000] {dagbag.py:588} INFO - Filling up the DagBag from /usr/local/python/3.12.1/lib/python3.12/site-packages/airflow/example_dags/example_skip_dag.py
[2025-01-22T12:57:22.557+0000] {processor.py:925} INFO - DAG(s) 'example_skip_dag' retrieved from /usr/local/python/3.12.1/lib/python3.12/site-packages/airflow/example_dags/example_skip_dag.py
[2025-01-22T12:57:22.570+0000] {logging_mixin.py:190} INFO - [2025-01-22T12:57:22.569+0000] {dag.py:3239} INFO - Sync 1 DAGs
[2025-01-22T12:57:22.586+0000] {logging_mixin.py:190} INFO - [2025-01-22T12:57:22.586+0000] {dag.py:4180} INFO - Setting next_dagrun for example_skip_dag to 2025-01-21 00:00:00+00:00, run_after=2025-01-22 00:00:00+00:00
[2025-01-22T12:57:22.601+0000] {processor.py:208} INFO - Processing /usr/local/python/3.12.1/lib/python3.12/site-packages/airflow/example_dags/example_skip_dag.py took 0.056 seconds
[2025-01-22T12:58:13.721+0000] {processor.py:186} INFO - Started process (PID=8875) to work on /usr/local/python/3.12.1/lib/python3.12/site-packages/airflow/example_dags/example_skip_dag.py
[2025-01-22T12:58:13.722+0000] {processor.py:914} INFO - Processing file /usr/local/python/3.12.1/lib/python3.12/site-packages/airflow/example_dags/example_skip_dag.py for tasks to queue
[2025-01-22T12:58:13.723+0000] {logging_mixin.py:190} INFO - [2025-01-22T12:58:13.723+0000] {dagbag.py:588} INFO - Filling up the DagBag from /usr/local/python/3.12.1/lib/python3.12/site-packages/airflow/example_dags/example_skip_dag.py
[2025-01-22T12:58:13.729+0000] {processor.py:925} INFO - DAG(s) 'example_skip_dag' retrieved from /usr/local/python/3.12.1/lib/python3.12/site-packages/airflow/example_dags/example_skip_dag.py
[2025-01-22T12:58:13.741+0000] {logging_mixin.py:190} INFO - [2025-01-22T12:58:13.741+0000] {dag.py:3239} INFO - Sync 1 DAGs
[2025-01-22T12:58:13.755+0000] {logging_mixin.py:190} INFO - [2025-01-22T12:58:13.755+0000] {dag.py:4180} INFO - Setting next_dagrun for example_skip_dag to 2025-01-21 00:00:00+00:00, run_after=2025-01-22 00:00:00+00:00
[2025-01-22T12:58:13.770+0000] {processor.py:208} INFO - Processing /usr/local/python/3.12.1/lib/python3.12/site-packages/airflow/example_dags/example_skip_dag.py took 0.052 seconds
[2025-01-22T12:59:03.949+0000] {processor.py:186} INFO - Started process (PID=9288) to work on /usr/local/python/3.12.1/lib/python3.12/site-packages/airflow/example_dags/example_skip_dag.py
[2025-01-22T12:59:03.950+0000] {processor.py:914} INFO - Processing file /usr/local/python/3.12.1/lib/python3.12/site-packages/airflow/example_dags/example_skip_dag.py for tasks to queue
[2025-01-22T12:59:03.951+0000] {logging_mixin.py:190} INFO - [2025-01-22T12:59:03.951+0000] {dagbag.py:588} INFO - Filling up the DagBag from /usr/local/python/3.12.1/lib/python3.12/site-packages/airflow/example_dags/example_skip_dag.py
[2025-01-22T12:59:03.957+0000] {processor.py:925} INFO - DAG(s) 'example_skip_dag' retrieved from /usr/local/python/3.12.1/lib/python3.12/site-packages/airflow/example_dags/example_skip_dag.py
[2025-01-22T12:59:03.969+0000] {logging_mixin.py:190} INFO - [2025-01-22T12:59:03.969+0000] {dag.py:3239} INFO - Sync 1 DAGs
[2025-01-22T12:59:03.984+0000] {logging_mixin.py:190} INFO - [2025-01-22T12:59:03.984+0000] {dag.py:4180} INFO - Setting next_dagrun for example_skip_dag to 2025-01-21 00:00:00+00:00, run_after=2025-01-22 00:00:00+00:00
[2025-01-22T12:59:03.998+0000] {processor.py:208} INFO - Processing /usr/local/python/3.12.1/lib/python3.12/site-packages/airflow/example_dags/example_skip_dag.py took 0.053 seconds
[2025-01-22T12:59:56.730+0000] {processor.py:186} INFO - Started process (PID=9736) to work on /usr/local/python/3.12.1/lib/python3.12/site-packages/airflow/example_dags/example_skip_dag.py
[2025-01-22T12:59:56.730+0000] {processor.py:914} INFO - Processing file /usr/local/python/3.12.1/lib/python3.12/site-packages/airflow/example_dags/example_skip_dag.py for tasks to queue
[2025-01-22T12:59:56.732+0000] {logging_mixin.py:190} INFO - [2025-01-22T12:59:56.732+0000] {dagbag.py:588} INFO - Filling up the DagBag from /usr/local/python/3.12.1/lib/python3.12/site-packages/airflow/example_dags/example_skip_dag.py
[2025-01-22T12:59:56.738+0000] {processor.py:925} INFO - DAG(s) 'example_skip_dag' retrieved from /usr/local/python/3.12.1/lib/python3.12/site-packages/airflow/example_dags/example_skip_dag.py
[2025-01-22T12:59:56.750+0000] {logging_mixin.py:190} INFO - [2025-01-22T12:59:56.750+0000] {dag.py:3239} INFO - Sync 1 DAGs
[2025-01-22T12:59:56.764+0000] {logging_mixin.py:190} INFO - [2025-01-22T12:59:56.764+0000] {dag.py:4180} INFO - Setting next_dagrun for example_skip_dag to 2025-01-21 00:00:00+00:00, run_after=2025-01-22 00:00:00+00:00
[2025-01-22T12:59:56.778+0000] {processor.py:208} INFO - Processing /usr/local/python/3.12.1/lib/python3.12/site-packages/airflow/example_dags/example_skip_dag.py took 0.052 seconds
[2025-01-22T13:00:47.400+0000] {processor.py:186} INFO - Started process (PID=10153) to work on /usr/local/python/3.12.1/lib/python3.12/site-packages/airflow/example_dags/example_skip_dag.py
[2025-01-22T13:00:47.401+0000] {processor.py:914} INFO - Processing file /usr/local/python/3.12.1/lib/python3.12/site-packages/airflow/example_dags/example_skip_dag.py for tasks to queue
[2025-01-22T13:00:47.403+0000] {logging_mixin.py:190} INFO - [2025-01-22T13:00:47.402+0000] {dagbag.py:588} INFO - Filling up the DagBag from /usr/local/python/3.12.1/lib/python3.12/site-packages/airflow/example_dags/example_skip_dag.py
[2025-01-22T13:00:47.409+0000] {processor.py:925} INFO - DAG(s) 'example_skip_dag' retrieved from /usr/local/python/3.12.1/lib/python3.12/site-packages/airflow/example_dags/example_skip_dag.py
[2025-01-22T13:00:47.420+0000] {logging_mixin.py:190} INFO - [2025-01-22T13:00:47.420+0000] {dag.py:3239} INFO - Sync 1 DAGs
[2025-01-22T13:00:47.434+0000] {logging_mixin.py:190} INFO - [2025-01-22T13:00:47.434+0000] {dag.py:4180} INFO - Setting next_dagrun for example_skip_dag to 2025-01-21 00:00:00+00:00, run_after=2025-01-22 00:00:00+00:00
[2025-01-22T13:00:47.448+0000] {processor.py:208} INFO - Processing /usr/local/python/3.12.1/lib/python3.12/site-packages/airflow/example_dags/example_skip_dag.py took 0.051 seconds
[2025-01-22T13:01:39.569+0000] {processor.py:186} INFO - Started process (PID=10585) to work on /usr/local/python/3.12.1/lib/python3.12/site-packages/airflow/example_dags/example_skip_dag.py
[2025-01-22T13:01:39.570+0000] {processor.py:914} INFO - Processing file /usr/local/python/3.12.1/lib/python3.12/site-packages/airflow/example_dags/example_skip_dag.py for tasks to queue
[2025-01-22T13:01:39.572+0000] {logging_mixin.py:190} INFO - [2025-01-22T13:01:39.571+0000] {dagbag.py:588} INFO - Filling up the DagBag from /usr/local/python/3.12.1/lib/python3.12/site-packages/airflow/example_dags/example_skip_dag.py
[2025-01-22T13:01:39.577+0000] {processor.py:925} INFO - DAG(s) 'example_skip_dag' retrieved from /usr/local/python/3.12.1/lib/python3.12/site-packages/airflow/example_dags/example_skip_dag.py
[2025-01-22T13:01:39.588+0000] {logging_mixin.py:190} INFO - [2025-01-22T13:01:39.588+0000] {dag.py:3239} INFO - Sync 1 DAGs
[2025-01-22T13:01:39.604+0000] {logging_mixin.py:190} INFO - [2025-01-22T13:01:39.604+0000] {dag.py:4180} INFO - Setting next_dagrun for example_skip_dag to 2025-01-21 00:00:00+00:00, run_after=2025-01-22 00:00:00+00:00
[2025-01-22T13:01:39.624+0000] {processor.py:208} INFO - Processing /usr/local/python/3.12.1/lib/python3.12/site-packages/airflow/example_dags/example_skip_dag.py took 0.058 seconds
[2025-01-22T13:02:29.781+0000] {processor.py:186} INFO - Started process (PID=11066) to work on /usr/local/python/3.12.1/lib/python3.12/site-packages/airflow/example_dags/example_skip_dag.py
[2025-01-22T13:02:29.781+0000] {processor.py:914} INFO - Processing file /usr/local/python/3.12.1/lib/python3.12/site-packages/airflow/example_dags/example_skip_dag.py for tasks to queue
[2025-01-22T13:02:29.783+0000] {logging_mixin.py:190} INFO - [2025-01-22T13:02:29.783+0000] {dagbag.py:588} INFO - Filling up the DagBag from /usr/local/python/3.12.1/lib/python3.12/site-packages/airflow/example_dags/example_skip_dag.py
[2025-01-22T13:02:29.789+0000] {processor.py:925} INFO - DAG(s) 'example_skip_dag' retrieved from /usr/local/python/3.12.1/lib/python3.12/site-packages/airflow/example_dags/example_skip_dag.py
[2025-01-22T13:02:29.801+0000] {logging_mixin.py:190} INFO - [2025-01-22T13:02:29.800+0000] {dag.py:3239} INFO - Sync 1 DAGs
[2025-01-22T13:02:29.815+0000] {logging_mixin.py:190} INFO - [2025-01-22T13:02:29.814+0000] {dag.py:4180} INFO - Setting next_dagrun for example_skip_dag to 2025-01-21 00:00:00+00:00, run_after=2025-01-22 00:00:00+00:00
[2025-01-22T13:02:29.828+0000] {processor.py:208} INFO - Processing /usr/local/python/3.12.1/lib/python3.12/site-packages/airflow/example_dags/example_skip_dag.py took 0.051 seconds
[2025-01-22T13:03:19.390+0000] {processor.py:186} INFO - Started process (PID=11422) to work on /usr/local/python/3.12.1/lib/python3.12/site-packages/airflow/example_dags/example_skip_dag.py
[2025-01-22T13:03:19.391+0000] {processor.py:914} INFO - Processing file /usr/local/python/3.12.1/lib/python3.12/site-packages/airflow/example_dags/example_skip_dag.py for tasks to queue
[2025-01-22T13:03:19.392+0000] {logging_mixin.py:190} INFO - [2025-01-22T13:03:19.392+0000] {dagbag.py:588} INFO - Filling up the DagBag from /usr/local/python/3.12.1/lib/python3.12/site-packages/airflow/example_dags/example_skip_dag.py
[2025-01-22T13:03:19.398+0000] {processor.py:925} INFO - DAG(s) 'example_skip_dag' retrieved from /usr/local/python/3.12.1/lib/python3.12/site-packages/airflow/example_dags/example_skip_dag.py
[2025-01-22T13:03:19.410+0000] {logging_mixin.py:190} INFO - [2025-01-22T13:03:19.410+0000] {dag.py:3239} INFO - Sync 1 DAGs
[2025-01-22T13:03:19.424+0000] {logging_mixin.py:190} INFO - [2025-01-22T13:03:19.424+0000] {dag.py:4180} INFO - Setting next_dagrun for example_skip_dag to 2025-01-21 00:00:00+00:00, run_after=2025-01-22 00:00:00+00:00
[2025-01-22T13:03:19.438+0000] {processor.py:208} INFO - Processing /usr/local/python/3.12.1/lib/python3.12/site-packages/airflow/example_dags/example_skip_dag.py took 0.052 seconds
[2025-01-22T13:04:11.955+0000] {processor.py:186} INFO - Started process (PID=11855) to work on /usr/local/python/3.12.1/lib/python3.12/site-packages/airflow/example_dags/example_skip_dag.py
[2025-01-22T13:04:11.956+0000] {processor.py:914} INFO - Processing file /usr/local/python/3.12.1/lib/python3.12/site-packages/airflow/example_dags/example_skip_dag.py for tasks to queue
[2025-01-22T13:04:11.957+0000] {logging_mixin.py:190} INFO - [2025-01-22T13:04:11.957+0000] {dagbag.py:588} INFO - Filling up the DagBag from /usr/local/python/3.12.1/lib/python3.12/site-packages/airflow/example_dags/example_skip_dag.py
[2025-01-22T13:04:11.963+0000] {processor.py:925} INFO - DAG(s) 'example_skip_dag' retrieved from /usr/local/python/3.12.1/lib/python3.12/site-packages/airflow/example_dags/example_skip_dag.py
[2025-01-22T13:04:11.975+0000] {logging_mixin.py:190} INFO - [2025-01-22T13:04:11.975+0000] {dag.py:3239} INFO - Sync 1 DAGs
[2025-01-22T13:04:11.989+0000] {logging_mixin.py:190} INFO - [2025-01-22T13:04:11.989+0000] {dag.py:4180} INFO - Setting next_dagrun for example_skip_dag to 2025-01-21 00:00:00+00:00, run_after=2025-01-22 00:00:00+00:00
[2025-01-22T13:04:12.004+0000] {processor.py:208} INFO - Processing /usr/local/python/3.12.1/lib/python3.12/site-packages/airflow/example_dags/example_skip_dag.py took 0.052 seconds
[2025-01-22T13:05:03.163+0000] {processor.py:186} INFO - Started process (PID=12276) to work on /usr/local/python/3.12.1/lib/python3.12/site-packages/airflow/example_dags/example_skip_dag.py
[2025-01-22T13:05:03.163+0000] {processor.py:914} INFO - Processing file /usr/local/python/3.12.1/lib/python3.12/site-packages/airflow/example_dags/example_skip_dag.py for tasks to queue
[2025-01-22T13:05:03.165+0000] {logging_mixin.py:190} INFO - [2025-01-22T13:05:03.165+0000] {dagbag.py:588} INFO - Filling up the DagBag from /usr/local/python/3.12.1/lib/python3.12/site-packages/airflow/example_dags/example_skip_dag.py
[2025-01-22T13:05:03.171+0000] {processor.py:925} INFO - DAG(s) 'example_skip_dag' retrieved from /usr/local/python/3.12.1/lib/python3.12/site-packages/airflow/example_dags/example_skip_dag.py
[2025-01-22T13:05:03.183+0000] {logging_mixin.py:190} INFO - [2025-01-22T13:05:03.183+0000] {dag.py:3239} INFO - Sync 1 DAGs
[2025-01-22T13:05:03.197+0000] {logging_mixin.py:190} INFO - [2025-01-22T13:05:03.197+0000] {dag.py:4180} INFO - Setting next_dagrun for example_skip_dag to 2025-01-21 00:00:00+00:00, run_after=2025-01-22 00:00:00+00:00
[2025-01-22T13:05:03.211+0000] {processor.py:208} INFO - Processing /usr/local/python/3.12.1/lib/python3.12/site-packages/airflow/example_dags/example_skip_dag.py took 0.053 seconds
[2025-01-22T13:05:55.667+0000] {processor.py:186} INFO - Started process (PID=12704) to work on /usr/local/python/3.12.1/lib/python3.12/site-packages/airflow/example_dags/example_skip_dag.py
[2025-01-22T13:05:55.667+0000] {processor.py:914} INFO - Processing file /usr/local/python/3.12.1/lib/python3.12/site-packages/airflow/example_dags/example_skip_dag.py for tasks to queue
[2025-01-22T13:05:55.669+0000] {logging_mixin.py:190} INFO - [2025-01-22T13:05:55.669+0000] {dagbag.py:588} INFO - Filling up the DagBag from /usr/local/python/3.12.1/lib/python3.12/site-packages/airflow/example_dags/example_skip_dag.py
[2025-01-22T13:05:55.675+0000] {processor.py:925} INFO - DAG(s) 'example_skip_dag' retrieved from /usr/local/python/3.12.1/lib/python3.12/site-packages/airflow/example_dags/example_skip_dag.py
[2025-01-22T13:05:55.686+0000] {logging_mixin.py:190} INFO - [2025-01-22T13:05:55.686+0000] {dag.py:3239} INFO - Sync 1 DAGs
[2025-01-22T13:05:55.700+0000] {logging_mixin.py:190} INFO - [2025-01-22T13:05:55.700+0000] {dag.py:4180} INFO - Setting next_dagrun for example_skip_dag to 2025-01-21 00:00:00+00:00, run_after=2025-01-22 00:00:00+00:00
[2025-01-22T13:05:55.714+0000] {processor.py:208} INFO - Processing /usr/local/python/3.12.1/lib/python3.12/site-packages/airflow/example_dags/example_skip_dag.py took 0.052 seconds
[2025-01-22T13:06:42.504+0000] {processor.py:186} INFO - Started process (PID=13098) to work on /usr/local/python/3.12.1/lib/python3.12/site-packages/airflow/example_dags/example_skip_dag.py
[2025-01-22T13:06:42.505+0000] {processor.py:914} INFO - Processing file /usr/local/python/3.12.1/lib/python3.12/site-packages/airflow/example_dags/example_skip_dag.py for tasks to queue
[2025-01-22T13:06:42.506+0000] {logging_mixin.py:190} INFO - [2025-01-22T13:06:42.506+0000] {dagbag.py:588} INFO - Filling up the DagBag from /usr/local/python/3.12.1/lib/python3.12/site-packages/airflow/example_dags/example_skip_dag.py
[2025-01-22T13:06:42.512+0000] {processor.py:925} INFO - DAG(s) 'example_skip_dag' retrieved from /usr/local/python/3.12.1/lib/python3.12/site-packages/airflow/example_dags/example_skip_dag.py
[2025-01-22T13:06:42.525+0000] {logging_mixin.py:190} INFO - [2025-01-22T13:06:42.525+0000] {dag.py:3239} INFO - Sync 1 DAGs
[2025-01-22T13:06:42.540+0000] {logging_mixin.py:190} INFO - [2025-01-22T13:06:42.539+0000] {dag.py:4180} INFO - Setting next_dagrun for example_skip_dag to 2025-01-21 00:00:00+00:00, run_after=2025-01-22 00:00:00+00:00
[2025-01-22T13:06:42.554+0000] {processor.py:208} INFO - Processing /usr/local/python/3.12.1/lib/python3.12/site-packages/airflow/example_dags/example_skip_dag.py took 0.053 seconds
[2025-01-22T13:07:29.914+0000] {processor.py:186} INFO - Started process (PID=13493) to work on /usr/local/python/3.12.1/lib/python3.12/site-packages/airflow/example_dags/example_skip_dag.py
[2025-01-22T13:07:29.915+0000] {processor.py:914} INFO - Processing file /usr/local/python/3.12.1/lib/python3.12/site-packages/airflow/example_dags/example_skip_dag.py for tasks to queue
[2025-01-22T13:07:29.917+0000] {logging_mixin.py:190} INFO - [2025-01-22T13:07:29.916+0000] {dagbag.py:588} INFO - Filling up the DagBag from /usr/local/python/3.12.1/lib/python3.12/site-packages/airflow/example_dags/example_skip_dag.py
[2025-01-22T13:07:29.925+0000] {processor.py:925} INFO - DAG(s) 'example_skip_dag' retrieved from /usr/local/python/3.12.1/lib/python3.12/site-packages/airflow/example_dags/example_skip_dag.py
[2025-01-22T13:07:29.943+0000] {logging_mixin.py:190} INFO - [2025-01-22T13:07:29.943+0000] {dag.py:3239} INFO - Sync 1 DAGs
[2025-01-22T13:07:29.965+0000] {logging_mixin.py:190} INFO - [2025-01-22T13:07:29.965+0000] {dag.py:4180} INFO - Setting next_dagrun for example_skip_dag to 2025-01-21 00:00:00+00:00, run_after=2025-01-22 00:00:00+00:00
[2025-01-22T13:07:29.985+0000] {processor.py:208} INFO - Processing /usr/local/python/3.12.1/lib/python3.12/site-packages/airflow/example_dags/example_skip_dag.py took 0.075 seconds
[2025-01-22T13:08:24.058+0000] {processor.py:186} INFO - Started process (PID=14184) to work on /usr/local/python/3.12.1/lib/python3.12/site-packages/airflow/example_dags/example_skip_dag.py
[2025-01-22T13:08:24.058+0000] {processor.py:914} INFO - Processing file /usr/local/python/3.12.1/lib/python3.12/site-packages/airflow/example_dags/example_skip_dag.py for tasks to queue
[2025-01-22T13:08:24.060+0000] {logging_mixin.py:190} INFO - [2025-01-22T13:08:24.060+0000] {dagbag.py:588} INFO - Filling up the DagBag from /usr/local/python/3.12.1/lib/python3.12/site-packages/airflow/example_dags/example_skip_dag.py
[2025-01-22T13:08:24.069+0000] {processor.py:925} INFO - DAG(s) 'example_skip_dag' retrieved from /usr/local/python/3.12.1/lib/python3.12/site-packages/airflow/example_dags/example_skip_dag.py
[2025-01-22T13:08:24.088+0000] {logging_mixin.py:190} INFO - [2025-01-22T13:08:24.087+0000] {dag.py:3239} INFO - Sync 1 DAGs
[2025-01-22T13:08:24.113+0000] {logging_mixin.py:190} INFO - [2025-01-22T13:08:24.112+0000] {dag.py:4180} INFO - Setting next_dagrun for example_skip_dag to 2025-01-21 00:00:00+00:00, run_after=2025-01-22 00:00:00+00:00
[2025-01-22T13:08:24.130+0000] {processor.py:208} INFO - Processing /usr/local/python/3.12.1/lib/python3.12/site-packages/airflow/example_dags/example_skip_dag.py took 0.077 seconds
[2025-01-22T13:09:16.367+0000] {processor.py:186} INFO - Started process (PID=14571) to work on /usr/local/python/3.12.1/lib/python3.12/site-packages/airflow/example_dags/example_skip_dag.py
[2025-01-22T13:09:16.367+0000] {processor.py:914} INFO - Processing file /usr/local/python/3.12.1/lib/python3.12/site-packages/airflow/example_dags/example_skip_dag.py for tasks to queue
[2025-01-22T13:09:16.369+0000] {logging_mixin.py:190} INFO - [2025-01-22T13:09:16.369+0000] {dagbag.py:588} INFO - Filling up the DagBag from /usr/local/python/3.12.1/lib/python3.12/site-packages/airflow/example_dags/example_skip_dag.py
[2025-01-22T13:09:16.375+0000] {processor.py:925} INFO - DAG(s) 'example_skip_dag' retrieved from /usr/local/python/3.12.1/lib/python3.12/site-packages/airflow/example_dags/example_skip_dag.py
[2025-01-22T13:09:16.386+0000] {logging_mixin.py:190} INFO - [2025-01-22T13:09:16.386+0000] {dag.py:3239} INFO - Sync 1 DAGs
[2025-01-22T13:09:16.400+0000] {logging_mixin.py:190} INFO - [2025-01-22T13:09:16.400+0000] {dag.py:4180} INFO - Setting next_dagrun for example_skip_dag to 2025-01-21 00:00:00+00:00, run_after=2025-01-22 00:00:00+00:00
[2025-01-22T13:09:16.414+0000] {processor.py:208} INFO - Processing /usr/local/python/3.12.1/lib/python3.12/site-packages/airflow/example_dags/example_skip_dag.py took 0.051 seconds
[2025-01-22T13:10:08.169+0000] {processor.py:186} INFO - Started process (PID=15005) to work on /usr/local/python/3.12.1/lib/python3.12/site-packages/airflow/example_dags/example_skip_dag.py
[2025-01-22T13:10:08.170+0000] {processor.py:914} INFO - Processing file /usr/local/python/3.12.1/lib/python3.12/site-packages/airflow/example_dags/example_skip_dag.py for tasks to queue
[2025-01-22T13:10:08.171+0000] {logging_mixin.py:190} INFO - [2025-01-22T13:10:08.171+0000] {dagbag.py:588} INFO - Filling up the DagBag from /usr/local/python/3.12.1/lib/python3.12/site-packages/airflow/example_dags/example_skip_dag.py
[2025-01-22T13:10:08.177+0000] {processor.py:925} INFO - DAG(s) 'example_skip_dag' retrieved from /usr/local/python/3.12.1/lib/python3.12/site-packages/airflow/example_dags/example_skip_dag.py
[2025-01-22T13:10:08.189+0000] {logging_mixin.py:190} INFO - [2025-01-22T13:10:08.189+0000] {dag.py:3239} INFO - Sync 1 DAGs
[2025-01-22T13:10:08.204+0000] {logging_mixin.py:190} INFO - [2025-01-22T13:10:08.204+0000] {dag.py:4180} INFO - Setting next_dagrun for example_skip_dag to 2025-01-21 00:00:00+00:00, run_after=2025-01-22 00:00:00+00:00
[2025-01-22T13:10:08.218+0000] {processor.py:208} INFO - Processing /usr/local/python/3.12.1/lib/python3.12/site-packages/airflow/example_dags/example_skip_dag.py took 0.053 seconds
[2025-01-22T13:10:56.256+0000] {processor.py:186} INFO - Started process (PID=15389) to work on /usr/local/python/3.12.1/lib/python3.12/site-packages/airflow/example_dags/example_skip_dag.py
[2025-01-22T13:10:56.256+0000] {processor.py:914} INFO - Processing file /usr/local/python/3.12.1/lib/python3.12/site-packages/airflow/example_dags/example_skip_dag.py for tasks to queue
[2025-01-22T13:10:56.258+0000] {logging_mixin.py:190} INFO - [2025-01-22T13:10:56.257+0000] {dagbag.py:588} INFO - Filling up the DagBag from /usr/local/python/3.12.1/lib/python3.12/site-packages/airflow/example_dags/example_skip_dag.py
[2025-01-22T13:10:56.264+0000] {processor.py:925} INFO - DAG(s) 'example_skip_dag' retrieved from /usr/local/python/3.12.1/lib/python3.12/site-packages/airflow/example_dags/example_skip_dag.py
[2025-01-22T13:10:56.275+0000] {logging_mixin.py:190} INFO - [2025-01-22T13:10:56.275+0000] {dag.py:3239} INFO - Sync 1 DAGs
[2025-01-22T13:10:56.290+0000] {logging_mixin.py:190} INFO - [2025-01-22T13:10:56.290+0000] {dag.py:4180} INFO - Setting next_dagrun for example_skip_dag to 2025-01-21 00:00:00+00:00, run_after=2025-01-22 00:00:00+00:00
[2025-01-22T13:10:56.304+0000] {processor.py:208} INFO - Processing /usr/local/python/3.12.1/lib/python3.12/site-packages/airflow/example_dags/example_skip_dag.py took 0.052 seconds
[2025-01-22T13:11:46.411+0000] {processor.py:186} INFO - Started process (PID=15796) to work on /usr/local/python/3.12.1/lib/python3.12/site-packages/airflow/example_dags/example_skip_dag.py
[2025-01-22T13:11:46.412+0000] {processor.py:914} INFO - Processing file /usr/local/python/3.12.1/lib/python3.12/site-packages/airflow/example_dags/example_skip_dag.py for tasks to queue
[2025-01-22T13:11:46.413+0000] {logging_mixin.py:190} INFO - [2025-01-22T13:11:46.413+0000] {dagbag.py:588} INFO - Filling up the DagBag from /usr/local/python/3.12.1/lib/python3.12/site-packages/airflow/example_dags/example_skip_dag.py
[2025-01-22T13:11:46.419+0000] {processor.py:925} INFO - DAG(s) 'example_skip_dag' retrieved from /usr/local/python/3.12.1/lib/python3.12/site-packages/airflow/example_dags/example_skip_dag.py
[2025-01-22T13:11:46.431+0000] {logging_mixin.py:190} INFO - [2025-01-22T13:11:46.430+0000] {dag.py:3239} INFO - Sync 1 DAGs
[2025-01-22T13:11:46.445+0000] {logging_mixin.py:190} INFO - [2025-01-22T13:11:46.444+0000] {dag.py:4180} INFO - Setting next_dagrun for example_skip_dag to 2025-01-21 00:00:00+00:00, run_after=2025-01-22 00:00:00+00:00
[2025-01-22T13:11:46.458+0000] {processor.py:208} INFO - Processing /usr/local/python/3.12.1/lib/python3.12/site-packages/airflow/example_dags/example_skip_dag.py took 0.051 seconds
[2025-01-22T13:12:37.722+0000] {processor.py:186} INFO - Started process (PID=16280) to work on /usr/local/python/3.12.1/lib/python3.12/site-packages/airflow/example_dags/example_skip_dag.py
[2025-01-22T13:12:37.723+0000] {processor.py:914} INFO - Processing file /usr/local/python/3.12.1/lib/python3.12/site-packages/airflow/example_dags/example_skip_dag.py for tasks to queue
[2025-01-22T13:12:37.725+0000] {logging_mixin.py:190} INFO - [2025-01-22T13:12:37.724+0000] {dagbag.py:588} INFO - Filling up the DagBag from /usr/local/python/3.12.1/lib/python3.12/site-packages/airflow/example_dags/example_skip_dag.py
[2025-01-22T13:12:37.730+0000] {processor.py:925} INFO - DAG(s) 'example_skip_dag' retrieved from /usr/local/python/3.12.1/lib/python3.12/site-packages/airflow/example_dags/example_skip_dag.py
[2025-01-22T13:12:37.742+0000] {logging_mixin.py:190} INFO - [2025-01-22T13:12:37.742+0000] {dag.py:3239} INFO - Sync 1 DAGs
[2025-01-22T13:12:37.757+0000] {logging_mixin.py:190} INFO - [2025-01-22T13:12:37.757+0000] {dag.py:4180} INFO - Setting next_dagrun for example_skip_dag to 2025-01-21 00:00:00+00:00, run_after=2025-01-22 00:00:00+00:00
[2025-01-22T13:12:37.770+0000] {processor.py:208} INFO - Processing /usr/local/python/3.12.1/lib/python3.12/site-packages/airflow/example_dags/example_skip_dag.py took 0.052 seconds
[2025-01-22T13:13:29.112+0000] {processor.py:186} INFO - Started process (PID=16707) to work on /usr/local/python/3.12.1/lib/python3.12/site-packages/airflow/example_dags/example_skip_dag.py
[2025-01-22T13:13:29.112+0000] {processor.py:914} INFO - Processing file /usr/local/python/3.12.1/lib/python3.12/site-packages/airflow/example_dags/example_skip_dag.py for tasks to queue
[2025-01-22T13:13:29.114+0000] {logging_mixin.py:190} INFO - [2025-01-22T13:13:29.114+0000] {dagbag.py:588} INFO - Filling up the DagBag from /usr/local/python/3.12.1/lib/python3.12/site-packages/airflow/example_dags/example_skip_dag.py
[2025-01-22T13:13:29.120+0000] {processor.py:925} INFO - DAG(s) 'example_skip_dag' retrieved from /usr/local/python/3.12.1/lib/python3.12/site-packages/airflow/example_dags/example_skip_dag.py
[2025-01-22T13:13:29.131+0000] {logging_mixin.py:190} INFO - [2025-01-22T13:13:29.131+0000] {dag.py:3239} INFO - Sync 1 DAGs
[2025-01-22T13:13:29.146+0000] {logging_mixin.py:190} INFO - [2025-01-22T13:13:29.146+0000] {dag.py:4180} INFO - Setting next_dagrun for example_skip_dag to 2025-01-21 00:00:00+00:00, run_after=2025-01-22 00:00:00+00:00
[2025-01-22T13:13:29.160+0000] {processor.py:208} INFO - Processing /usr/local/python/3.12.1/lib/python3.12/site-packages/airflow/example_dags/example_skip_dag.py took 0.052 seconds
[2025-01-22T13:14:22.113+0000] {processor.py:186} INFO - Started process (PID=17124) to work on /usr/local/python/3.12.1/lib/python3.12/site-packages/airflow/example_dags/example_skip_dag.py
[2025-01-22T13:14:22.114+0000] {processor.py:914} INFO - Processing file /usr/local/python/3.12.1/lib/python3.12/site-packages/airflow/example_dags/example_skip_dag.py for tasks to queue
[2025-01-22T13:14:22.115+0000] {logging_mixin.py:190} INFO - [2025-01-22T13:14:22.115+0000] {dagbag.py:588} INFO - Filling up the DagBag from /usr/local/python/3.12.1/lib/python3.12/site-packages/airflow/example_dags/example_skip_dag.py
[2025-01-22T13:14:22.121+0000] {processor.py:925} INFO - DAG(s) 'example_skip_dag' retrieved from /usr/local/python/3.12.1/lib/python3.12/site-packages/airflow/example_dags/example_skip_dag.py
[2025-01-22T13:14:22.133+0000] {logging_mixin.py:190} INFO - [2025-01-22T13:14:22.132+0000] {dag.py:3239} INFO - Sync 1 DAGs
[2025-01-22T13:14:22.147+0000] {logging_mixin.py:190} INFO - [2025-01-22T13:14:22.147+0000] {dag.py:4180} INFO - Setting next_dagrun for example_skip_dag to 2025-01-21 00:00:00+00:00, run_after=2025-01-22 00:00:00+00:00
[2025-01-22T13:14:22.162+0000] {processor.py:208} INFO - Processing /usr/local/python/3.12.1/lib/python3.12/site-packages/airflow/example_dags/example_skip_dag.py took 0.053 seconds
[2025-01-22T13:15:13.229+0000] {processor.py:186} INFO - Started process (PID=17520) to work on /usr/local/python/3.12.1/lib/python3.12/site-packages/airflow/example_dags/example_skip_dag.py
[2025-01-22T13:15:13.229+0000] {processor.py:914} INFO - Processing file /usr/local/python/3.12.1/lib/python3.12/site-packages/airflow/example_dags/example_skip_dag.py for tasks to queue
[2025-01-22T13:15:13.232+0000] {logging_mixin.py:190} INFO - [2025-01-22T13:15:13.231+0000] {dagbag.py:588} INFO - Filling up the DagBag from /usr/local/python/3.12.1/lib/python3.12/site-packages/airflow/example_dags/example_skip_dag.py
[2025-01-22T13:15:13.240+0000] {processor.py:925} INFO - DAG(s) 'example_skip_dag' retrieved from /usr/local/python/3.12.1/lib/python3.12/site-packages/airflow/example_dags/example_skip_dag.py
[2025-01-22T13:15:13.255+0000] {logging_mixin.py:190} INFO - [2025-01-22T13:15:13.255+0000] {dag.py:3239} INFO - Sync 1 DAGs
[2025-01-22T13:15:13.269+0000] {logging_mixin.py:190} INFO - [2025-01-22T13:15:13.269+0000] {dag.py:4180} INFO - Setting next_dagrun for example_skip_dag to 2025-01-21 00:00:00+00:00, run_after=2025-01-22 00:00:00+00:00
[2025-01-22T13:15:13.283+0000] {processor.py:208} INFO - Processing /usr/local/python/3.12.1/lib/python3.12/site-packages/airflow/example_dags/example_skip_dag.py took 0.060 seconds
[2025-01-22T13:16:01.801+0000] {processor.py:186} INFO - Started process (PID=17913) to work on /usr/local/python/3.12.1/lib/python3.12/site-packages/airflow/example_dags/example_skip_dag.py
[2025-01-22T13:16:01.801+0000] {processor.py:914} INFO - Processing file /usr/local/python/3.12.1/lib/python3.12/site-packages/airflow/example_dags/example_skip_dag.py for tasks to queue
[2025-01-22T13:16:01.803+0000] {logging_mixin.py:190} INFO - [2025-01-22T13:16:01.803+0000] {dagbag.py:588} INFO - Filling up the DagBag from /usr/local/python/3.12.1/lib/python3.12/site-packages/airflow/example_dags/example_skip_dag.py
[2025-01-22T13:16:01.809+0000] {processor.py:925} INFO - DAG(s) 'example_skip_dag' retrieved from /usr/local/python/3.12.1/lib/python3.12/site-packages/airflow/example_dags/example_skip_dag.py
[2025-01-22T13:16:01.821+0000] {logging_mixin.py:190} INFO - [2025-01-22T13:16:01.820+0000] {dag.py:3239} INFO - Sync 1 DAGs
[2025-01-22T13:16:01.835+0000] {logging_mixin.py:190} INFO - [2025-01-22T13:16:01.835+0000] {dag.py:4180} INFO - Setting next_dagrun for example_skip_dag to 2025-01-21 00:00:00+00:00, run_after=2025-01-22 00:00:00+00:00
[2025-01-22T13:16:01.854+0000] {processor.py:208} INFO - Processing /usr/local/python/3.12.1/lib/python3.12/site-packages/airflow/example_dags/example_skip_dag.py took 0.058 seconds
[2025-01-22T13:16:54.531+0000] {processor.py:186} INFO - Started process (PID=18362) to work on /usr/local/python/3.12.1/lib/python3.12/site-packages/airflow/example_dags/example_skip_dag.py
[2025-01-22T13:16:54.532+0000] {processor.py:914} INFO - Processing file /usr/local/python/3.12.1/lib/python3.12/site-packages/airflow/example_dags/example_skip_dag.py for tasks to queue
[2025-01-22T13:16:54.534+0000] {logging_mixin.py:190} INFO - [2025-01-22T13:16:54.533+0000] {dagbag.py:588} INFO - Filling up the DagBag from /usr/local/python/3.12.1/lib/python3.12/site-packages/airflow/example_dags/example_skip_dag.py
[2025-01-22T13:16:54.542+0000] {processor.py:925} INFO - DAG(s) 'example_skip_dag' retrieved from /usr/local/python/3.12.1/lib/python3.12/site-packages/airflow/example_dags/example_skip_dag.py
[2025-01-22T13:16:54.557+0000] {logging_mixin.py:190} INFO - [2025-01-22T13:16:54.556+0000] {dag.py:3239} INFO - Sync 1 DAGs
[2025-01-22T13:16:54.572+0000] {logging_mixin.py:190} INFO - [2025-01-22T13:16:54.572+0000] {dag.py:4180} INFO - Setting next_dagrun for example_skip_dag to 2025-01-21 00:00:00+00:00, run_after=2025-01-22 00:00:00+00:00
[2025-01-22T13:16:54.586+0000] {processor.py:208} INFO - Processing /usr/local/python/3.12.1/lib/python3.12/site-packages/airflow/example_dags/example_skip_dag.py took 0.061 seconds
[2025-01-22T13:17:46.953+0000] {processor.py:186} INFO - Started process (PID=18859) to work on /usr/local/python/3.12.1/lib/python3.12/site-packages/airflow/example_dags/example_skip_dag.py
[2025-01-22T13:17:46.954+0000] {processor.py:914} INFO - Processing file /usr/local/python/3.12.1/lib/python3.12/site-packages/airflow/example_dags/example_skip_dag.py for tasks to queue
[2025-01-22T13:17:46.956+0000] {logging_mixin.py:190} INFO - [2025-01-22T13:17:46.955+0000] {dagbag.py:588} INFO - Filling up the DagBag from /usr/local/python/3.12.1/lib/python3.12/site-packages/airflow/example_dags/example_skip_dag.py
[2025-01-22T13:17:46.962+0000] {processor.py:925} INFO - DAG(s) 'example_skip_dag' retrieved from /usr/local/python/3.12.1/lib/python3.12/site-packages/airflow/example_dags/example_skip_dag.py
[2025-01-22T13:17:46.974+0000] {logging_mixin.py:190} INFO - [2025-01-22T13:17:46.974+0000] {dag.py:3239} INFO - Sync 1 DAGs
[2025-01-22T13:17:46.989+0000] {logging_mixin.py:190} INFO - [2025-01-22T13:17:46.988+0000] {dag.py:4180} INFO - Setting next_dagrun for example_skip_dag to 2025-01-21 00:00:00+00:00, run_after=2025-01-22 00:00:00+00:00
[2025-01-22T13:17:47.003+0000] {processor.py:208} INFO - Processing /usr/local/python/3.12.1/lib/python3.12/site-packages/airflow/example_dags/example_skip_dag.py took 0.054 seconds
[2025-01-22T13:18:36.851+0000] {processor.py:186} INFO - Started process (PID=19339) to work on /usr/local/python/3.12.1/lib/python3.12/site-packages/airflow/example_dags/example_skip_dag.py
[2025-01-22T13:18:36.852+0000] {processor.py:914} INFO - Processing file /usr/local/python/3.12.1/lib/python3.12/site-packages/airflow/example_dags/example_skip_dag.py for tasks to queue
[2025-01-22T13:18:36.854+0000] {logging_mixin.py:190} INFO - [2025-01-22T13:18:36.853+0000] {dagbag.py:588} INFO - Filling up the DagBag from /usr/local/python/3.12.1/lib/python3.12/site-packages/airflow/example_dags/example_skip_dag.py
[2025-01-22T13:18:36.860+0000] {processor.py:925} INFO - DAG(s) 'example_skip_dag' retrieved from /usr/local/python/3.12.1/lib/python3.12/site-packages/airflow/example_dags/example_skip_dag.py
[2025-01-22T13:18:36.872+0000] {logging_mixin.py:190} INFO - [2025-01-22T13:18:36.872+0000] {dag.py:3239} INFO - Sync 1 DAGs
[2025-01-22T13:18:36.887+0000] {logging_mixin.py:190} INFO - [2025-01-22T13:18:36.886+0000] {dag.py:4180} INFO - Setting next_dagrun for example_skip_dag to 2025-01-21 00:00:00+00:00, run_after=2025-01-22 00:00:00+00:00
[2025-01-22T13:18:36.901+0000] {processor.py:208} INFO - Processing /usr/local/python/3.12.1/lib/python3.12/site-packages/airflow/example_dags/example_skip_dag.py took 0.054 seconds
[2025-01-22T13:19:24.062+0000] {processor.py:186} INFO - Started process (PID=20173) to work on /usr/local/python/3.12.1/lib/python3.12/site-packages/airflow/example_dags/example_skip_dag.py
[2025-01-22T13:19:24.063+0000] {processor.py:914} INFO - Processing file /usr/local/python/3.12.1/lib/python3.12/site-packages/airflow/example_dags/example_skip_dag.py for tasks to queue
[2025-01-22T13:19:24.064+0000] {logging_mixin.py:190} INFO - [2025-01-22T13:19:24.064+0000] {dagbag.py:588} INFO - Filling up the DagBag from /usr/local/python/3.12.1/lib/python3.12/site-packages/airflow/example_dags/example_skip_dag.py
[2025-01-22T13:19:24.071+0000] {processor.py:925} INFO - DAG(s) 'example_skip_dag' retrieved from /usr/local/python/3.12.1/lib/python3.12/site-packages/airflow/example_dags/example_skip_dag.py
[2025-01-22T13:19:24.083+0000] {logging_mixin.py:190} INFO - [2025-01-22T13:19:24.083+0000] {dag.py:3239} INFO - Sync 1 DAGs
[2025-01-22T13:19:24.097+0000] {logging_mixin.py:190} INFO - [2025-01-22T13:19:24.097+0000] {dag.py:4180} INFO - Setting next_dagrun for example_skip_dag to 2025-01-21 00:00:00+00:00, run_after=2025-01-22 00:00:00+00:00
[2025-01-22T13:19:24.110+0000] {processor.py:208} INFO - Processing /usr/local/python/3.12.1/lib/python3.12/site-packages/airflow/example_dags/example_skip_dag.py took 0.052 seconds
[2025-01-22T13:20:14.749+0000] {processor.py:186} INFO - Started process (PID=21132) to work on /usr/local/python/3.12.1/lib/python3.12/site-packages/airflow/example_dags/example_skip_dag.py
[2025-01-22T13:20:14.749+0000] {processor.py:914} INFO - Processing file /usr/local/python/3.12.1/lib/python3.12/site-packages/airflow/example_dags/example_skip_dag.py for tasks to queue
[2025-01-22T13:20:14.751+0000] {logging_mixin.py:190} INFO - [2025-01-22T13:20:14.750+0000] {dagbag.py:588} INFO - Filling up the DagBag from /usr/local/python/3.12.1/lib/python3.12/site-packages/airflow/example_dags/example_skip_dag.py
[2025-01-22T13:20:14.757+0000] {processor.py:925} INFO - DAG(s) 'example_skip_dag' retrieved from /usr/local/python/3.12.1/lib/python3.12/site-packages/airflow/example_dags/example_skip_dag.py
[2025-01-22T13:20:14.768+0000] {logging_mixin.py:190} INFO - [2025-01-22T13:20:14.768+0000] {dag.py:3239} INFO - Sync 1 DAGs
[2025-01-22T13:20:14.783+0000] {logging_mixin.py:190} INFO - [2025-01-22T13:20:14.783+0000] {dag.py:4180} INFO - Setting next_dagrun for example_skip_dag to 2025-01-21 00:00:00+00:00, run_after=2025-01-22 00:00:00+00:00
[2025-01-22T13:20:14.797+0000] {processor.py:208} INFO - Processing /usr/local/python/3.12.1/lib/python3.12/site-packages/airflow/example_dags/example_skip_dag.py took 0.052 seconds
