[2025-01-22T12:52:49.012+0000] {processor.py:186} INFO - Started process (PID=5536) to work on /usr/local/python/3.12.1/lib/python3.12/site-packages/airflow/example_dags/example_workday_timetable.py
[2025-01-22T12:52:49.013+0000] {processor.py:914} INFO - Processing file /usr/local/python/3.12.1/lib/python3.12/site-packages/airflow/example_dags/example_workday_timetable.py for tasks to queue
[2025-01-22T12:52:49.014+0000] {logging_mixin.py:190} INFO - [2025-01-22T12:52:49.014+0000] {dagbag.py:588} INFO - Filling up the DagBag from /usr/local/python/3.12.1/lib/python3.12/site-packages/airflow/example_dags/example_workday_timetable.py
[2025-01-22T12:52:49.019+0000] {processor.py:925} INFO - DAG(s) 'example_workday_timetable' retrieved from /usr/local/python/3.12.1/lib/python3.12/site-packages/airflow/example_dags/example_workday_timetable.py
[2025-01-22T12:52:49.099+0000] {logging_mixin.py:190} INFO - [2025-01-22T12:52:49.099+0000] {override.py:1911} INFO - Created Permission View: can delete on DAG:example_workday_timetable
[2025-01-22T12:52:49.107+0000] {logging_mixin.py:190} INFO - [2025-01-22T12:52:49.106+0000] {override.py:1911} INFO - Created Permission View: can edit on DAG:example_workday_timetable
[2025-01-22T12:52:49.112+0000] {logging_mixin.py:190} INFO - [2025-01-22T12:52:49.112+0000] {override.py:1911} INFO - Created Permission View: can read on DAG:example_workday_timetable
[2025-01-22T12:52:49.119+0000] {logging_mixin.py:190} INFO - [2025-01-22T12:52:49.119+0000] {override.py:1911} INFO - Created Permission View: can create on DAG Run:example_workday_timetable
[2025-01-22T12:52:49.124+0000] {logging_mixin.py:190} INFO - [2025-01-22T12:52:49.124+0000] {override.py:1911} INFO - Created Permission View: can read on DAG Run:example_workday_timetable
[2025-01-22T12:52:49.129+0000] {logging_mixin.py:190} INFO - [2025-01-22T12:52:49.129+0000] {override.py:1911} INFO - Created Permission View: menu access on DAG Run:example_workday_timetable
[2025-01-22T12:52:49.134+0000] {logging_mixin.py:190} INFO - [2025-01-22T12:52:49.134+0000] {override.py:1911} INFO - Created Permission View: can delete on DAG Run:example_workday_timetable
[2025-01-22T12:52:49.134+0000] {logging_mixin.py:190} INFO - [2025-01-22T12:52:49.134+0000] {dag.py:3239} INFO - Sync 1 DAGs
[2025-01-22T12:52:49.142+0000] {logging_mixin.py:190} INFO - [2025-01-22T12:52:49.142+0000] {dag.py:3262} INFO - Creating ORM DAG for example_workday_timetable
[2025-01-22T12:52:49.198+0000] {logging_mixin.py:190} INFO - [2025-01-22T12:52:49.198+0000] {dag.py:4180} INFO - Setting next_dagrun for example_workday_timetable to 2021-01-04 00:00:00+00:00, run_after=2021-01-05 00:00:00+00:00
[2025-01-22T12:52:49.212+0000] {processor.py:208} INFO - Processing /usr/local/python/3.12.1/lib/python3.12/site-packages/airflow/example_dags/example_workday_timetable.py took 0.204 seconds
[2025-01-22T12:53:48.543+0000] {processor.py:186} INFO - Started process (PID=6459) to work on /usr/local/python/3.12.1/lib/python3.12/site-packages/airflow/example_dags/example_workday_timetable.py
[2025-01-22T12:53:48.544+0000] {processor.py:914} INFO - Processing file /usr/local/python/3.12.1/lib/python3.12/site-packages/airflow/example_dags/example_workday_timetable.py for tasks to queue
[2025-01-22T12:53:48.545+0000] {logging_mixin.py:190} INFO - [2025-01-22T12:53:48.545+0000] {dagbag.py:588} INFO - Filling up the DagBag from /usr/local/python/3.12.1/lib/python3.12/site-packages/airflow/example_dags/example_workday_timetable.py
[2025-01-22T12:53:48.550+0000] {processor.py:925} INFO - DAG(s) 'example_workday_timetable' retrieved from /usr/local/python/3.12.1/lib/python3.12/site-packages/airflow/example_dags/example_workday_timetable.py
[2025-01-22T12:53:48.560+0000] {logging_mixin.py:190} INFO - [2025-01-22T12:53:48.560+0000] {dag.py:3239} INFO - Sync 1 DAGs
[2025-01-22T12:53:48.601+0000] {logging_mixin.py:190} INFO - [2025-01-22T12:53:48.601+0000] {dag.py:4180} INFO - Setting next_dagrun for example_workday_timetable to 2021-01-04 00:00:00+00:00, run_after=2021-01-05 00:00:00+00:00
[2025-01-22T12:53:48.617+0000] {processor.py:208} INFO - Processing /usr/local/python/3.12.1/lib/python3.12/site-packages/airflow/example_dags/example_workday_timetable.py took 0.078 seconds
[2025-01-22T12:54:42.692+0000] {processor.py:186} INFO - Started process (PID=7091) to work on /usr/local/python/3.12.1/lib/python3.12/site-packages/airflow/example_dags/example_workday_timetable.py
[2025-01-22T12:54:42.693+0000] {processor.py:914} INFO - Processing file /usr/local/python/3.12.1/lib/python3.12/site-packages/airflow/example_dags/example_workday_timetable.py for tasks to queue
[2025-01-22T12:54:42.695+0000] {logging_mixin.py:190} INFO - [2025-01-22T12:54:42.695+0000] {dagbag.py:588} INFO - Filling up the DagBag from /usr/local/python/3.12.1/lib/python3.12/site-packages/airflow/example_dags/example_workday_timetable.py
[2025-01-22T12:54:42.702+0000] {processor.py:925} INFO - DAG(s) 'example_workday_timetable' retrieved from /usr/local/python/3.12.1/lib/python3.12/site-packages/airflow/example_dags/example_workday_timetable.py
[2025-01-22T12:54:42.716+0000] {logging_mixin.py:190} INFO - [2025-01-22T12:54:42.716+0000] {dag.py:3239} INFO - Sync 1 DAGs
[2025-01-22T12:54:42.757+0000] {logging_mixin.py:190} INFO - [2025-01-22T12:54:42.757+0000] {dag.py:4180} INFO - Setting next_dagrun for example_workday_timetable to 2021-01-04 00:00:00+00:00, run_after=2021-01-05 00:00:00+00:00
[2025-01-22T12:54:42.771+0000] {processor.py:208} INFO - Processing /usr/local/python/3.12.1/lib/python3.12/site-packages/airflow/example_dags/example_workday_timetable.py took 0.086 seconds
[2025-01-22T12:55:36.646+0000] {processor.py:186} INFO - Started process (PID=7588) to work on /usr/local/python/3.12.1/lib/python3.12/site-packages/airflow/example_dags/example_workday_timetable.py
[2025-01-22T12:55:36.648+0000] {processor.py:914} INFO - Processing file /usr/local/python/3.12.1/lib/python3.12/site-packages/airflow/example_dags/example_workday_timetable.py for tasks to queue
[2025-01-22T12:55:36.650+0000] {logging_mixin.py:190} INFO - [2025-01-22T12:55:36.649+0000] {dagbag.py:588} INFO - Filling up the DagBag from /usr/local/python/3.12.1/lib/python3.12/site-packages/airflow/example_dags/example_workday_timetable.py
[2025-01-22T12:55:36.656+0000] {processor.py:925} INFO - DAG(s) 'example_workday_timetable' retrieved from /usr/local/python/3.12.1/lib/python3.12/site-packages/airflow/example_dags/example_workday_timetable.py
[2025-01-22T12:55:36.672+0000] {logging_mixin.py:190} INFO - [2025-01-22T12:55:36.671+0000] {dag.py:3239} INFO - Sync 1 DAGs
[2025-01-22T12:55:36.729+0000] {logging_mixin.py:190} INFO - [2025-01-22T12:55:36.729+0000] {dag.py:4180} INFO - Setting next_dagrun for example_workday_timetable to 2021-01-04 00:00:00+00:00, run_after=2021-01-05 00:00:00+00:00
[2025-01-22T12:55:36.745+0000] {processor.py:208} INFO - Processing /usr/local/python/3.12.1/lib/python3.12/site-packages/airflow/example_dags/example_workday_timetable.py took 0.110 seconds
[2025-01-22T12:56:29.811+0000] {processor.py:186} INFO - Started process (PID=8010) to work on /usr/local/python/3.12.1/lib/python3.12/site-packages/airflow/example_dags/example_workday_timetable.py
[2025-01-22T12:56:29.812+0000] {processor.py:914} INFO - Processing file /usr/local/python/3.12.1/lib/python3.12/site-packages/airflow/example_dags/example_workday_timetable.py for tasks to queue
[2025-01-22T12:56:29.813+0000] {logging_mixin.py:190} INFO - [2025-01-22T12:56:29.813+0000] {dagbag.py:588} INFO - Filling up the DagBag from /usr/local/python/3.12.1/lib/python3.12/site-packages/airflow/example_dags/example_workday_timetable.py
[2025-01-22T12:56:29.817+0000] {processor.py:925} INFO - DAG(s) 'example_workday_timetable' retrieved from /usr/local/python/3.12.1/lib/python3.12/site-packages/airflow/example_dags/example_workday_timetable.py
[2025-01-22T12:56:29.828+0000] {logging_mixin.py:190} INFO - [2025-01-22T12:56:29.827+0000] {dag.py:3239} INFO - Sync 1 DAGs
[2025-01-22T12:56:29.873+0000] {logging_mixin.py:190} INFO - [2025-01-22T12:56:29.873+0000] {dag.py:4180} INFO - Setting next_dagrun for example_workday_timetable to 2021-01-04 00:00:00+00:00, run_after=2021-01-05 00:00:00+00:00
[2025-01-22T12:56:29.887+0000] {processor.py:208} INFO - Processing /usr/local/python/3.12.1/lib/python3.12/site-packages/airflow/example_dags/example_workday_timetable.py took 0.080 seconds
[2025-01-22T12:57:21.417+0000] {processor.py:186} INFO - Started process (PID=8401) to work on /usr/local/python/3.12.1/lib/python3.12/site-packages/airflow/example_dags/example_workday_timetable.py
[2025-01-22T12:57:21.418+0000] {processor.py:914} INFO - Processing file /usr/local/python/3.12.1/lib/python3.12/site-packages/airflow/example_dags/example_workday_timetable.py for tasks to queue
[2025-01-22T12:57:21.419+0000] {logging_mixin.py:190} INFO - [2025-01-22T12:57:21.419+0000] {dagbag.py:588} INFO - Filling up the DagBag from /usr/local/python/3.12.1/lib/python3.12/site-packages/airflow/example_dags/example_workday_timetable.py
[2025-01-22T12:57:21.423+0000] {processor.py:925} INFO - DAG(s) 'example_workday_timetable' retrieved from /usr/local/python/3.12.1/lib/python3.12/site-packages/airflow/example_dags/example_workday_timetable.py
[2025-01-22T12:57:21.434+0000] {logging_mixin.py:190} INFO - [2025-01-22T12:57:21.434+0000] {dag.py:3239} INFO - Sync 1 DAGs
[2025-01-22T12:57:21.473+0000] {logging_mixin.py:190} INFO - [2025-01-22T12:57:21.473+0000] {dag.py:4180} INFO - Setting next_dagrun for example_workday_timetable to 2021-01-04 00:00:00+00:00, run_after=2021-01-05 00:00:00+00:00
[2025-01-22T12:57:21.487+0000] {processor.py:208} INFO - Processing /usr/local/python/3.12.1/lib/python3.12/site-packages/airflow/example_dags/example_workday_timetable.py took 0.074 seconds
[2025-01-22T12:58:12.590+0000] {processor.py:186} INFO - Started process (PID=8862) to work on /usr/local/python/3.12.1/lib/python3.12/site-packages/airflow/example_dags/example_workday_timetable.py
[2025-01-22T12:58:12.590+0000] {processor.py:914} INFO - Processing file /usr/local/python/3.12.1/lib/python3.12/site-packages/airflow/example_dags/example_workday_timetable.py for tasks to queue
[2025-01-22T12:58:12.592+0000] {logging_mixin.py:190} INFO - [2025-01-22T12:58:12.591+0000] {dagbag.py:588} INFO - Filling up the DagBag from /usr/local/python/3.12.1/lib/python3.12/site-packages/airflow/example_dags/example_workday_timetable.py
[2025-01-22T12:58:12.596+0000] {processor.py:925} INFO - DAG(s) 'example_workday_timetable' retrieved from /usr/local/python/3.12.1/lib/python3.12/site-packages/airflow/example_dags/example_workday_timetable.py
[2025-01-22T12:58:12.613+0000] {logging_mixin.py:190} INFO - [2025-01-22T12:58:12.612+0000] {dag.py:3239} INFO - Sync 1 DAGs
[2025-01-22T12:58:12.655+0000] {logging_mixin.py:190} INFO - [2025-01-22T12:58:12.655+0000] {dag.py:4180} INFO - Setting next_dagrun for example_workday_timetable to 2021-01-04 00:00:00+00:00, run_after=2021-01-05 00:00:00+00:00
[2025-01-22T12:58:12.669+0000] {processor.py:208} INFO - Processing /usr/local/python/3.12.1/lib/python3.12/site-packages/airflow/example_dags/example_workday_timetable.py took 0.083 seconds
[2025-01-22T12:59:02.817+0000] {processor.py:186} INFO - Started process (PID=9287) to work on /usr/local/python/3.12.1/lib/python3.12/site-packages/airflow/example_dags/example_workday_timetable.py
[2025-01-22T12:59:02.818+0000] {processor.py:914} INFO - Processing file /usr/local/python/3.12.1/lib/python3.12/site-packages/airflow/example_dags/example_workday_timetable.py for tasks to queue
[2025-01-22T12:59:02.819+0000] {logging_mixin.py:190} INFO - [2025-01-22T12:59:02.819+0000] {dagbag.py:588} INFO - Filling up the DagBag from /usr/local/python/3.12.1/lib/python3.12/site-packages/airflow/example_dags/example_workday_timetable.py
[2025-01-22T12:59:02.824+0000] {processor.py:925} INFO - DAG(s) 'example_workday_timetable' retrieved from /usr/local/python/3.12.1/lib/python3.12/site-packages/airflow/example_dags/example_workday_timetable.py
[2025-01-22T12:59:02.834+0000] {logging_mixin.py:190} INFO - [2025-01-22T12:59:02.834+0000] {dag.py:3239} INFO - Sync 1 DAGs
[2025-01-22T12:59:02.874+0000] {logging_mixin.py:190} INFO - [2025-01-22T12:59:02.874+0000] {dag.py:4180} INFO - Setting next_dagrun for example_workday_timetable to 2021-01-04 00:00:00+00:00, run_after=2021-01-05 00:00:00+00:00
[2025-01-22T12:59:02.888+0000] {processor.py:208} INFO - Processing /usr/local/python/3.12.1/lib/python3.12/site-packages/airflow/example_dags/example_workday_timetable.py took 0.074 seconds
[2025-01-22T12:59:55.597+0000] {processor.py:186} INFO - Started process (PID=9710) to work on /usr/local/python/3.12.1/lib/python3.12/site-packages/airflow/example_dags/example_workday_timetable.py
[2025-01-22T12:59:55.598+0000] {processor.py:914} INFO - Processing file /usr/local/python/3.12.1/lib/python3.12/site-packages/airflow/example_dags/example_workday_timetable.py for tasks to queue
[2025-01-22T12:59:55.599+0000] {logging_mixin.py:190} INFO - [2025-01-22T12:59:55.599+0000] {dagbag.py:588} INFO - Filling up the DagBag from /usr/local/python/3.12.1/lib/python3.12/site-packages/airflow/example_dags/example_workday_timetable.py
[2025-01-22T12:59:55.603+0000] {processor.py:925} INFO - DAG(s) 'example_workday_timetable' retrieved from /usr/local/python/3.12.1/lib/python3.12/site-packages/airflow/example_dags/example_workday_timetable.py
[2025-01-22T12:59:55.614+0000] {logging_mixin.py:190} INFO - [2025-01-22T12:59:55.613+0000] {dag.py:3239} INFO - Sync 1 DAGs
[2025-01-22T12:59:55.654+0000] {logging_mixin.py:190} INFO - [2025-01-22T12:59:55.654+0000] {dag.py:4180} INFO - Setting next_dagrun for example_workday_timetable to 2021-01-04 00:00:00+00:00, run_after=2021-01-05 00:00:00+00:00
[2025-01-22T12:59:55.669+0000] {processor.py:208} INFO - Processing /usr/local/python/3.12.1/lib/python3.12/site-packages/airflow/example_dags/example_workday_timetable.py took 0.076 seconds
[2025-01-22T13:00:46.266+0000] {processor.py:186} INFO - Started process (PID=10134) to work on /usr/local/python/3.12.1/lib/python3.12/site-packages/airflow/example_dags/example_workday_timetable.py
[2025-01-22T13:00:46.267+0000] {processor.py:914} INFO - Processing file /usr/local/python/3.12.1/lib/python3.12/site-packages/airflow/example_dags/example_workday_timetable.py for tasks to queue
[2025-01-22T13:00:46.269+0000] {logging_mixin.py:190} INFO - [2025-01-22T13:00:46.268+0000] {dagbag.py:588} INFO - Filling up the DagBag from /usr/local/python/3.12.1/lib/python3.12/site-packages/airflow/example_dags/example_workday_timetable.py
[2025-01-22T13:00:46.273+0000] {processor.py:925} INFO - DAG(s) 'example_workday_timetable' retrieved from /usr/local/python/3.12.1/lib/python3.12/site-packages/airflow/example_dags/example_workday_timetable.py
[2025-01-22T13:00:46.283+0000] {logging_mixin.py:190} INFO - [2025-01-22T13:00:46.283+0000] {dag.py:3239} INFO - Sync 1 DAGs
[2025-01-22T13:00:46.322+0000] {logging_mixin.py:190} INFO - [2025-01-22T13:00:46.322+0000] {dag.py:4180} INFO - Setting next_dagrun for example_workday_timetable to 2021-01-04 00:00:00+00:00, run_after=2021-01-05 00:00:00+00:00
[2025-01-22T13:00:46.336+0000] {processor.py:208} INFO - Processing /usr/local/python/3.12.1/lib/python3.12/site-packages/airflow/example_dags/example_workday_timetable.py took 0.074 seconds
[2025-01-22T13:01:39.200+0000] {processor.py:186} INFO - Started process (PID=10584) to work on /usr/local/python/3.12.1/lib/python3.12/site-packages/airflow/example_dags/example_workday_timetable.py
[2025-01-22T13:01:39.201+0000] {processor.py:914} INFO - Processing file /usr/local/python/3.12.1/lib/python3.12/site-packages/airflow/example_dags/example_workday_timetable.py for tasks to queue
[2025-01-22T13:01:39.202+0000] {logging_mixin.py:190} INFO - [2025-01-22T13:01:39.202+0000] {dagbag.py:588} INFO - Filling up the DagBag from /usr/local/python/3.12.1/lib/python3.12/site-packages/airflow/example_dags/example_workday_timetable.py
[2025-01-22T13:01:39.206+0000] {processor.py:925} INFO - DAG(s) 'example_workday_timetable' retrieved from /usr/local/python/3.12.1/lib/python3.12/site-packages/airflow/example_dags/example_workday_timetable.py
[2025-01-22T13:01:39.216+0000] {logging_mixin.py:190} INFO - [2025-01-22T13:01:39.216+0000] {dag.py:3239} INFO - Sync 1 DAGs
[2025-01-22T13:01:39.256+0000] {logging_mixin.py:190} INFO - [2025-01-22T13:01:39.255+0000] {dag.py:4180} INFO - Setting next_dagrun for example_workday_timetable to 2021-01-04 00:00:00+00:00, run_after=2021-01-05 00:00:00+00:00
[2025-01-22T13:01:39.269+0000] {processor.py:208} INFO - Processing /usr/local/python/3.12.1/lib/python3.12/site-packages/airflow/example_dags/example_workday_timetable.py took 0.073 seconds
[2025-01-22T13:02:28.650+0000] {processor.py:186} INFO - Started process (PID=11059) to work on /usr/local/python/3.12.1/lib/python3.12/site-packages/airflow/example_dags/example_workday_timetable.py
[2025-01-22T13:02:28.651+0000] {processor.py:914} INFO - Processing file /usr/local/python/3.12.1/lib/python3.12/site-packages/airflow/example_dags/example_workday_timetable.py for tasks to queue
[2025-01-22T13:02:28.652+0000] {logging_mixin.py:190} INFO - [2025-01-22T13:02:28.652+0000] {dagbag.py:588} INFO - Filling up the DagBag from /usr/local/python/3.12.1/lib/python3.12/site-packages/airflow/example_dags/example_workday_timetable.py
[2025-01-22T13:02:28.657+0000] {processor.py:925} INFO - DAG(s) 'example_workday_timetable' retrieved from /usr/local/python/3.12.1/lib/python3.12/site-packages/airflow/example_dags/example_workday_timetable.py
[2025-01-22T13:02:28.667+0000] {logging_mixin.py:190} INFO - [2025-01-22T13:02:28.667+0000] {dag.py:3239} INFO - Sync 1 DAGs
[2025-01-22T13:02:28.707+0000] {logging_mixin.py:190} INFO - [2025-01-22T13:02:28.707+0000] {dag.py:4180} INFO - Setting next_dagrun for example_workday_timetable to 2021-01-04 00:00:00+00:00, run_after=2021-01-05 00:00:00+00:00
[2025-01-22T13:02:28.721+0000] {processor.py:208} INFO - Processing /usr/local/python/3.12.1/lib/python3.12/site-packages/airflow/example_dags/example_workday_timetable.py took 0.075 seconds
[2025-01-22T13:03:18.156+0000] {processor.py:186} INFO - Started process (PID=11401) to work on /usr/local/python/3.12.1/lib/python3.12/site-packages/airflow/example_dags/example_workday_timetable.py
[2025-01-22T13:03:18.157+0000] {processor.py:914} INFO - Processing file /usr/local/python/3.12.1/lib/python3.12/site-packages/airflow/example_dags/example_workday_timetable.py for tasks to queue
[2025-01-22T13:03:18.158+0000] {logging_mixin.py:190} INFO - [2025-01-22T13:03:18.158+0000] {dagbag.py:588} INFO - Filling up the DagBag from /usr/local/python/3.12.1/lib/python3.12/site-packages/airflow/example_dags/example_workday_timetable.py
[2025-01-22T13:03:18.162+0000] {processor.py:925} INFO - DAG(s) 'example_workday_timetable' retrieved from /usr/local/python/3.12.1/lib/python3.12/site-packages/airflow/example_dags/example_workday_timetable.py
[2025-01-22T13:03:18.173+0000] {logging_mixin.py:190} INFO - [2025-01-22T13:03:18.173+0000] {dag.py:3239} INFO - Sync 1 DAGs
[2025-01-22T13:03:18.231+0000] {logging_mixin.py:190} INFO - [2025-01-22T13:03:18.231+0000] {dag.py:4180} INFO - Setting next_dagrun for example_workday_timetable to 2021-01-04 00:00:00+00:00, run_after=2021-01-05 00:00:00+00:00
[2025-01-22T13:03:18.257+0000] {processor.py:208} INFO - Processing /usr/local/python/3.12.1/lib/python3.12/site-packages/airflow/example_dags/example_workday_timetable.py took 0.104 seconds
[2025-01-22T13:04:10.822+0000] {processor.py:186} INFO - Started process (PID=11854) to work on /usr/local/python/3.12.1/lib/python3.12/site-packages/airflow/example_dags/example_workday_timetable.py
[2025-01-22T13:04:10.822+0000] {processor.py:914} INFO - Processing file /usr/local/python/3.12.1/lib/python3.12/site-packages/airflow/example_dags/example_workday_timetable.py for tasks to queue
[2025-01-22T13:04:10.824+0000] {logging_mixin.py:190} INFO - [2025-01-22T13:04:10.824+0000] {dagbag.py:588} INFO - Filling up the DagBag from /usr/local/python/3.12.1/lib/python3.12/site-packages/airflow/example_dags/example_workday_timetable.py
[2025-01-22T13:04:10.829+0000] {processor.py:925} INFO - DAG(s) 'example_workday_timetable' retrieved from /usr/local/python/3.12.1/lib/python3.12/site-packages/airflow/example_dags/example_workday_timetable.py
[2025-01-22T13:04:10.842+0000] {logging_mixin.py:190} INFO - [2025-01-22T13:04:10.842+0000] {dag.py:3239} INFO - Sync 1 DAGs
[2025-01-22T13:04:10.883+0000] {logging_mixin.py:190} INFO - [2025-01-22T13:04:10.883+0000] {dag.py:4180} INFO - Setting next_dagrun for example_workday_timetable to 2021-01-04 00:00:00+00:00, run_after=2021-01-05 00:00:00+00:00
[2025-01-22T13:04:10.898+0000] {processor.py:208} INFO - Processing /usr/local/python/3.12.1/lib/python3.12/site-packages/airflow/example_dags/example_workday_timetable.py took 0.080 seconds
[2025-01-22T13:05:02.031+0000] {processor.py:186} INFO - Started process (PID=12269) to work on /usr/local/python/3.12.1/lib/python3.12/site-packages/airflow/example_dags/example_workday_timetable.py
[2025-01-22T13:05:02.032+0000] {processor.py:914} INFO - Processing file /usr/local/python/3.12.1/lib/python3.12/site-packages/airflow/example_dags/example_workday_timetable.py for tasks to queue
[2025-01-22T13:05:02.034+0000] {logging_mixin.py:190} INFO - [2025-01-22T13:05:02.033+0000] {dagbag.py:588} INFO - Filling up the DagBag from /usr/local/python/3.12.1/lib/python3.12/site-packages/airflow/example_dags/example_workday_timetable.py
[2025-01-22T13:05:02.038+0000] {processor.py:925} INFO - DAG(s) 'example_workday_timetable' retrieved from /usr/local/python/3.12.1/lib/python3.12/site-packages/airflow/example_dags/example_workday_timetable.py
[2025-01-22T13:05:02.049+0000] {logging_mixin.py:190} INFO - [2025-01-22T13:05:02.048+0000] {dag.py:3239} INFO - Sync 1 DAGs
[2025-01-22T13:05:02.089+0000] {logging_mixin.py:190} INFO - [2025-01-22T13:05:02.089+0000] {dag.py:4180} INFO - Setting next_dagrun for example_workday_timetable to 2021-01-04 00:00:00+00:00, run_after=2021-01-05 00:00:00+00:00
[2025-01-22T13:05:02.103+0000] {processor.py:208} INFO - Processing /usr/local/python/3.12.1/lib/python3.12/site-packages/airflow/example_dags/example_workday_timetable.py took 0.076 seconds
[2025-01-22T13:05:54.535+0000] {processor.py:186} INFO - Started process (PID=12703) to work on /usr/local/python/3.12.1/lib/python3.12/site-packages/airflow/example_dags/example_workday_timetable.py
[2025-01-22T13:05:54.536+0000] {processor.py:914} INFO - Processing file /usr/local/python/3.12.1/lib/python3.12/site-packages/airflow/example_dags/example_workday_timetable.py for tasks to queue
[2025-01-22T13:05:54.538+0000] {logging_mixin.py:190} INFO - [2025-01-22T13:05:54.537+0000] {dagbag.py:588} INFO - Filling up the DagBag from /usr/local/python/3.12.1/lib/python3.12/site-packages/airflow/example_dags/example_workday_timetable.py
[2025-01-22T13:05:54.542+0000] {processor.py:925} INFO - DAG(s) 'example_workday_timetable' retrieved from /usr/local/python/3.12.1/lib/python3.12/site-packages/airflow/example_dags/example_workday_timetable.py
[2025-01-22T13:05:54.553+0000] {logging_mixin.py:190} INFO - [2025-01-22T13:05:54.552+0000] {dag.py:3239} INFO - Sync 1 DAGs
[2025-01-22T13:05:54.593+0000] {logging_mixin.py:190} INFO - [2025-01-22T13:05:54.593+0000] {dag.py:4180} INFO - Setting next_dagrun for example_workday_timetable to 2021-01-04 00:00:00+00:00, run_after=2021-01-05 00:00:00+00:00
[2025-01-22T13:05:54.608+0000] {processor.py:208} INFO - Processing /usr/local/python/3.12.1/lib/python3.12/site-packages/airflow/example_dags/example_workday_timetable.py took 0.076 seconds
[2025-01-22T13:06:42.067+0000] {processor.py:186} INFO - Started process (PID=13091) to work on /usr/local/python/3.12.1/lib/python3.12/site-packages/airflow/example_dags/example_workday_timetable.py
[2025-01-22T13:06:42.068+0000] {processor.py:914} INFO - Processing file /usr/local/python/3.12.1/lib/python3.12/site-packages/airflow/example_dags/example_workday_timetable.py for tasks to queue
[2025-01-22T13:06:42.069+0000] {logging_mixin.py:190} INFO - [2025-01-22T13:06:42.069+0000] {dagbag.py:588} INFO - Filling up the DagBag from /usr/local/python/3.12.1/lib/python3.12/site-packages/airflow/example_dags/example_workday_timetable.py
[2025-01-22T13:06:42.073+0000] {processor.py:925} INFO - DAG(s) 'example_workday_timetable' retrieved from /usr/local/python/3.12.1/lib/python3.12/site-packages/airflow/example_dags/example_workday_timetable.py
[2025-01-22T13:06:42.084+0000] {logging_mixin.py:190} INFO - [2025-01-22T13:06:42.084+0000] {dag.py:3239} INFO - Sync 1 DAGs
[2025-01-22T13:06:42.125+0000] {logging_mixin.py:190} INFO - [2025-01-22T13:06:42.125+0000] {dag.py:4180} INFO - Setting next_dagrun for example_workday_timetable to 2021-01-04 00:00:00+00:00, run_after=2021-01-05 00:00:00+00:00
[2025-01-22T13:06:42.141+0000] {processor.py:208} INFO - Processing /usr/local/python/3.12.1/lib/python3.12/site-packages/airflow/example_dags/example_workday_timetable.py took 0.078 seconds
[2025-01-22T13:07:28.776+0000] {processor.py:186} INFO - Started process (PID=13486) to work on /usr/local/python/3.12.1/lib/python3.12/site-packages/airflow/example_dags/example_workday_timetable.py
[2025-01-22T13:07:28.776+0000] {processor.py:914} INFO - Processing file /usr/local/python/3.12.1/lib/python3.12/site-packages/airflow/example_dags/example_workday_timetable.py for tasks to queue
[2025-01-22T13:07:28.778+0000] {logging_mixin.py:190} INFO - [2025-01-22T13:07:28.778+0000] {dagbag.py:588} INFO - Filling up the DagBag from /usr/local/python/3.12.1/lib/python3.12/site-packages/airflow/example_dags/example_workday_timetable.py
[2025-01-22T13:07:28.782+0000] {processor.py:925} INFO - DAG(s) 'example_workday_timetable' retrieved from /usr/local/python/3.12.1/lib/python3.12/site-packages/airflow/example_dags/example_workday_timetable.py
[2025-01-22T13:07:28.792+0000] {logging_mixin.py:190} INFO - [2025-01-22T13:07:28.792+0000] {dag.py:3239} INFO - Sync 1 DAGs
[2025-01-22T13:07:28.832+0000] {logging_mixin.py:190} INFO - [2025-01-22T13:07:28.831+0000] {dag.py:4180} INFO - Setting next_dagrun for example_workday_timetable to 2021-01-04 00:00:00+00:00, run_after=2021-01-05 00:00:00+00:00
[2025-01-22T13:07:28.845+0000] {processor.py:208} INFO - Processing /usr/local/python/3.12.1/lib/python3.12/site-packages/airflow/example_dags/example_workday_timetable.py took 0.073 seconds
[2025-01-22T13:08:22.925+0000] {processor.py:186} INFO - Started process (PID=14177) to work on /usr/local/python/3.12.1/lib/python3.12/site-packages/airflow/example_dags/example_workday_timetable.py
[2025-01-22T13:08:22.926+0000] {processor.py:914} INFO - Processing file /usr/local/python/3.12.1/lib/python3.12/site-packages/airflow/example_dags/example_workday_timetable.py for tasks to queue
[2025-01-22T13:08:22.928+0000] {logging_mixin.py:190} INFO - [2025-01-22T13:08:22.927+0000] {dagbag.py:588} INFO - Filling up the DagBag from /usr/local/python/3.12.1/lib/python3.12/site-packages/airflow/example_dags/example_workday_timetable.py
[2025-01-22T13:08:22.932+0000] {processor.py:925} INFO - DAG(s) 'example_workday_timetable' retrieved from /usr/local/python/3.12.1/lib/python3.12/site-packages/airflow/example_dags/example_workday_timetable.py
[2025-01-22T13:08:22.942+0000] {logging_mixin.py:190} INFO - [2025-01-22T13:08:22.942+0000] {dag.py:3239} INFO - Sync 1 DAGs
[2025-01-22T13:08:22.983+0000] {logging_mixin.py:190} INFO - [2025-01-22T13:08:22.983+0000] {dag.py:4180} INFO - Setting next_dagrun for example_workday_timetable to 2021-01-04 00:00:00+00:00, run_after=2021-01-05 00:00:00+00:00
[2025-01-22T13:08:22.998+0000] {processor.py:208} INFO - Processing /usr/local/python/3.12.1/lib/python3.12/site-packages/airflow/example_dags/example_workday_timetable.py took 0.076 seconds
[2025-01-22T13:09:15.635+0000] {processor.py:186} INFO - Started process (PID=14570) to work on /usr/local/python/3.12.1/lib/python3.12/site-packages/airflow/example_dags/example_workday_timetable.py
[2025-01-22T13:09:15.636+0000] {processor.py:914} INFO - Processing file /usr/local/python/3.12.1/lib/python3.12/site-packages/airflow/example_dags/example_workday_timetable.py for tasks to queue
[2025-01-22T13:09:15.637+0000] {logging_mixin.py:190} INFO - [2025-01-22T13:09:15.637+0000] {dagbag.py:588} INFO - Filling up the DagBag from /usr/local/python/3.12.1/lib/python3.12/site-packages/airflow/example_dags/example_workday_timetable.py
[2025-01-22T13:09:15.642+0000] {processor.py:925} INFO - DAG(s) 'example_workday_timetable' retrieved from /usr/local/python/3.12.1/lib/python3.12/site-packages/airflow/example_dags/example_workday_timetable.py
[2025-01-22T13:09:15.652+0000] {logging_mixin.py:190} INFO - [2025-01-22T13:09:15.652+0000] {dag.py:3239} INFO - Sync 1 DAGs
[2025-01-22T13:09:15.696+0000] {logging_mixin.py:190} INFO - [2025-01-22T13:09:15.696+0000] {dag.py:4180} INFO - Setting next_dagrun for example_workday_timetable to 2021-01-04 00:00:00+00:00, run_after=2021-01-05 00:00:00+00:00
[2025-01-22T13:09:15.710+0000] {processor.py:208} INFO - Processing /usr/local/python/3.12.1/lib/python3.12/site-packages/airflow/example_dags/example_workday_timetable.py took 0.079 seconds
[2025-01-22T13:10:07.013+0000] {processor.py:186} INFO - Started process (PID=14998) to work on /usr/local/python/3.12.1/lib/python3.12/site-packages/airflow/example_dags/example_workday_timetable.py
[2025-01-22T13:10:07.013+0000] {processor.py:914} INFO - Processing file /usr/local/python/3.12.1/lib/python3.12/site-packages/airflow/example_dags/example_workday_timetable.py for tasks to queue
[2025-01-22T13:10:07.015+0000] {logging_mixin.py:190} INFO - [2025-01-22T13:10:07.015+0000] {dagbag.py:588} INFO - Filling up the DagBag from /usr/local/python/3.12.1/lib/python3.12/site-packages/airflow/example_dags/example_workday_timetable.py
[2025-01-22T13:10:07.019+0000] {processor.py:925} INFO - DAG(s) 'example_workday_timetable' retrieved from /usr/local/python/3.12.1/lib/python3.12/site-packages/airflow/example_dags/example_workday_timetable.py
[2025-01-22T13:10:07.030+0000] {logging_mixin.py:190} INFO - [2025-01-22T13:10:07.030+0000] {dag.py:3239} INFO - Sync 1 DAGs
[2025-01-22T13:10:07.071+0000] {logging_mixin.py:190} INFO - [2025-01-22T13:10:07.070+0000] {dag.py:4180} INFO - Setting next_dagrun for example_workday_timetable to 2021-01-04 00:00:00+00:00, run_after=2021-01-05 00:00:00+00:00
[2025-01-22T13:10:07.085+0000] {processor.py:208} INFO - Processing /usr/local/python/3.12.1/lib/python3.12/site-packages/airflow/example_dags/example_workday_timetable.py took 0.077 seconds
[2025-01-22T13:10:55.118+0000] {processor.py:186} INFO - Started process (PID=15375) to work on /usr/local/python/3.12.1/lib/python3.12/site-packages/airflow/example_dags/example_workday_timetable.py
[2025-01-22T13:10:55.119+0000] {processor.py:914} INFO - Processing file /usr/local/python/3.12.1/lib/python3.12/site-packages/airflow/example_dags/example_workday_timetable.py for tasks to queue
[2025-01-22T13:10:55.120+0000] {logging_mixin.py:190} INFO - [2025-01-22T13:10:55.120+0000] {dagbag.py:588} INFO - Filling up the DagBag from /usr/local/python/3.12.1/lib/python3.12/site-packages/airflow/example_dags/example_workday_timetable.py
[2025-01-22T13:10:55.124+0000] {processor.py:925} INFO - DAG(s) 'example_workday_timetable' retrieved from /usr/local/python/3.12.1/lib/python3.12/site-packages/airflow/example_dags/example_workday_timetable.py
[2025-01-22T13:10:55.135+0000] {logging_mixin.py:190} INFO - [2025-01-22T13:10:55.134+0000] {dag.py:3239} INFO - Sync 1 DAGs
[2025-01-22T13:10:55.176+0000] {logging_mixin.py:190} INFO - [2025-01-22T13:10:55.176+0000] {dag.py:4180} INFO - Setting next_dagrun for example_workday_timetable to 2021-01-04 00:00:00+00:00, run_after=2021-01-05 00:00:00+00:00
[2025-01-22T13:10:55.190+0000] {processor.py:208} INFO - Processing /usr/local/python/3.12.1/lib/python3.12/site-packages/airflow/example_dags/example_workday_timetable.py took 0.076 seconds
[2025-01-22T13:11:45.815+0000] {processor.py:186} INFO - Started process (PID=15795) to work on /usr/local/python/3.12.1/lib/python3.12/site-packages/airflow/example_dags/example_workday_timetable.py
[2025-01-22T13:11:45.815+0000] {processor.py:914} INFO - Processing file /usr/local/python/3.12.1/lib/python3.12/site-packages/airflow/example_dags/example_workday_timetable.py for tasks to queue
[2025-01-22T13:11:45.817+0000] {logging_mixin.py:190} INFO - [2025-01-22T13:11:45.817+0000] {dagbag.py:588} INFO - Filling up the DagBag from /usr/local/python/3.12.1/lib/python3.12/site-packages/airflow/example_dags/example_workday_timetable.py
[2025-01-22T13:11:45.821+0000] {processor.py:925} INFO - DAG(s) 'example_workday_timetable' retrieved from /usr/local/python/3.12.1/lib/python3.12/site-packages/airflow/example_dags/example_workday_timetable.py
[2025-01-22T13:11:45.831+0000] {logging_mixin.py:190} INFO - [2025-01-22T13:11:45.831+0000] {dag.py:3239} INFO - Sync 1 DAGs
[2025-01-22T13:11:45.871+0000] {logging_mixin.py:190} INFO - [2025-01-22T13:11:45.871+0000] {dag.py:4180} INFO - Setting next_dagrun for example_workday_timetable to 2021-01-04 00:00:00+00:00, run_after=2021-01-05 00:00:00+00:00
[2025-01-22T13:11:45.885+0000] {processor.py:208} INFO - Processing /usr/local/python/3.12.1/lib/python3.12/site-packages/airflow/example_dags/example_workday_timetable.py took 0.074 seconds
[2025-01-22T13:12:37.116+0000] {processor.py:186} INFO - Started process (PID=16273) to work on /usr/local/python/3.12.1/lib/python3.12/site-packages/airflow/example_dags/example_workday_timetable.py
[2025-01-22T13:12:37.117+0000] {processor.py:914} INFO - Processing file /usr/local/python/3.12.1/lib/python3.12/site-packages/airflow/example_dags/example_workday_timetable.py for tasks to queue
[2025-01-22T13:12:37.118+0000] {logging_mixin.py:190} INFO - [2025-01-22T13:12:37.118+0000] {dagbag.py:588} INFO - Filling up the DagBag from /usr/local/python/3.12.1/lib/python3.12/site-packages/airflow/example_dags/example_workday_timetable.py
[2025-01-22T13:12:37.123+0000] {processor.py:925} INFO - DAG(s) 'example_workday_timetable' retrieved from /usr/local/python/3.12.1/lib/python3.12/site-packages/airflow/example_dags/example_workday_timetable.py
[2025-01-22T13:12:37.137+0000] {logging_mixin.py:190} INFO - [2025-01-22T13:12:37.136+0000] {dag.py:3239} INFO - Sync 1 DAGs
[2025-01-22T13:12:37.184+0000] {logging_mixin.py:190} INFO - [2025-01-22T13:12:37.184+0000] {dag.py:4180} INFO - Setting next_dagrun for example_workday_timetable to 2021-01-04 00:00:00+00:00, run_after=2021-01-05 00:00:00+00:00
[2025-01-22T13:12:37.198+0000] {processor.py:208} INFO - Processing /usr/local/python/3.12.1/lib/python3.12/site-packages/airflow/example_dags/example_workday_timetable.py took 0.085 seconds
[2025-01-22T13:13:28.508+0000] {processor.py:186} INFO - Started process (PID=16706) to work on /usr/local/python/3.12.1/lib/python3.12/site-packages/airflow/example_dags/example_workday_timetable.py
[2025-01-22T13:13:28.509+0000] {processor.py:914} INFO - Processing file /usr/local/python/3.12.1/lib/python3.12/site-packages/airflow/example_dags/example_workday_timetable.py for tasks to queue
[2025-01-22T13:13:28.510+0000] {logging_mixin.py:190} INFO - [2025-01-22T13:13:28.510+0000] {dagbag.py:588} INFO - Filling up the DagBag from /usr/local/python/3.12.1/lib/python3.12/site-packages/airflow/example_dags/example_workday_timetable.py
[2025-01-22T13:13:28.514+0000] {processor.py:925} INFO - DAG(s) 'example_workday_timetable' retrieved from /usr/local/python/3.12.1/lib/python3.12/site-packages/airflow/example_dags/example_workday_timetable.py
[2025-01-22T13:13:28.525+0000] {logging_mixin.py:190} INFO - [2025-01-22T13:13:28.525+0000] {dag.py:3239} INFO - Sync 1 DAGs
[2025-01-22T13:13:28.565+0000] {logging_mixin.py:190} INFO - [2025-01-22T13:13:28.565+0000] {dag.py:4180} INFO - Setting next_dagrun for example_workday_timetable to 2021-01-04 00:00:00+00:00, run_after=2021-01-05 00:00:00+00:00
[2025-01-22T13:13:28.579+0000] {processor.py:208} INFO - Processing /usr/local/python/3.12.1/lib/python3.12/site-packages/airflow/example_dags/example_workday_timetable.py took 0.075 seconds
[2025-01-22T13:14:20.979+0000] {processor.py:186} INFO - Started process (PID=17091) to work on /usr/local/python/3.12.1/lib/python3.12/site-packages/airflow/example_dags/example_workday_timetable.py
[2025-01-22T13:14:20.980+0000] {processor.py:914} INFO - Processing file /usr/local/python/3.12.1/lib/python3.12/site-packages/airflow/example_dags/example_workday_timetable.py for tasks to queue
[2025-01-22T13:14:20.981+0000] {logging_mixin.py:190} INFO - [2025-01-22T13:14:20.981+0000] {dagbag.py:588} INFO - Filling up the DagBag from /usr/local/python/3.12.1/lib/python3.12/site-packages/airflow/example_dags/example_workday_timetable.py
[2025-01-22T13:14:20.985+0000] {processor.py:925} INFO - DAG(s) 'example_workday_timetable' retrieved from /usr/local/python/3.12.1/lib/python3.12/site-packages/airflow/example_dags/example_workday_timetable.py
[2025-01-22T13:14:20.996+0000] {logging_mixin.py:190} INFO - [2025-01-22T13:14:20.996+0000] {dag.py:3239} INFO - Sync 1 DAGs
[2025-01-22T13:14:21.036+0000] {logging_mixin.py:190} INFO - [2025-01-22T13:14:21.036+0000] {dag.py:4180} INFO - Setting next_dagrun for example_workday_timetable to 2021-01-04 00:00:00+00:00, run_after=2021-01-05 00:00:00+00:00
[2025-01-22T13:14:21.050+0000] {processor.py:208} INFO - Processing /usr/local/python/3.12.1/lib/python3.12/site-packages/airflow/example_dags/example_workday_timetable.py took 0.075 seconds
[2025-01-22T13:15:12.087+0000] {processor.py:186} INFO - Started process (PID=17519) to work on /usr/local/python/3.12.1/lib/python3.12/site-packages/airflow/example_dags/example_workday_timetable.py
[2025-01-22T13:15:12.088+0000] {processor.py:914} INFO - Processing file /usr/local/python/3.12.1/lib/python3.12/site-packages/airflow/example_dags/example_workday_timetable.py for tasks to queue
[2025-01-22T13:15:12.089+0000] {logging_mixin.py:190} INFO - [2025-01-22T13:15:12.089+0000] {dagbag.py:588} INFO - Filling up the DagBag from /usr/local/python/3.12.1/lib/python3.12/site-packages/airflow/example_dags/example_workday_timetable.py
[2025-01-22T13:15:12.094+0000] {processor.py:925} INFO - DAG(s) 'example_workday_timetable' retrieved from /usr/local/python/3.12.1/lib/python3.12/site-packages/airflow/example_dags/example_workday_timetable.py
[2025-01-22T13:15:12.104+0000] {logging_mixin.py:190} INFO - [2025-01-22T13:15:12.104+0000] {dag.py:3239} INFO - Sync 1 DAGs
[2025-01-22T13:15:12.144+0000] {logging_mixin.py:190} INFO - [2025-01-22T13:15:12.144+0000] {dag.py:4180} INFO - Setting next_dagrun for example_workday_timetable to 2021-01-04 00:00:00+00:00, run_after=2021-01-05 00:00:00+00:00
[2025-01-22T13:15:12.158+0000] {processor.py:208} INFO - Processing /usr/local/python/3.12.1/lib/python3.12/site-packages/airflow/example_dags/example_workday_timetable.py took 0.075 seconds
[2025-01-22T13:16:01.590+0000] {processor.py:186} INFO - Started process (PID=17912) to work on /usr/local/python/3.12.1/lib/python3.12/site-packages/airflow/example_dags/example_workday_timetable.py
[2025-01-22T13:16:01.591+0000] {processor.py:914} INFO - Processing file /usr/local/python/3.12.1/lib/python3.12/site-packages/airflow/example_dags/example_workday_timetable.py for tasks to queue
[2025-01-22T13:16:01.592+0000] {logging_mixin.py:190} INFO - [2025-01-22T13:16:01.592+0000] {dagbag.py:588} INFO - Filling up the DagBag from /usr/local/python/3.12.1/lib/python3.12/site-packages/airflow/example_dags/example_workday_timetable.py
[2025-01-22T13:16:01.597+0000] {processor.py:925} INFO - DAG(s) 'example_workday_timetable' retrieved from /usr/local/python/3.12.1/lib/python3.12/site-packages/airflow/example_dags/example_workday_timetable.py
[2025-01-22T13:16:01.607+0000] {logging_mixin.py:190} INFO - [2025-01-22T13:16:01.607+0000] {dag.py:3239} INFO - Sync 1 DAGs
[2025-01-22T13:16:01.647+0000] {logging_mixin.py:190} INFO - [2025-01-22T13:16:01.647+0000] {dag.py:4180} INFO - Setting next_dagrun for example_workday_timetable to 2021-01-04 00:00:00+00:00, run_after=2021-01-05 00:00:00+00:00
[2025-01-22T13:16:01.662+0000] {processor.py:208} INFO - Processing /usr/local/python/3.12.1/lib/python3.12/site-packages/airflow/example_dags/example_workday_timetable.py took 0.075 seconds
[2025-01-22T13:16:53.394+0000] {processor.py:186} INFO - Started process (PID=18361) to work on /usr/local/python/3.12.1/lib/python3.12/site-packages/airflow/example_dags/example_workday_timetable.py
[2025-01-22T13:16:53.395+0000] {processor.py:914} INFO - Processing file /usr/local/python/3.12.1/lib/python3.12/site-packages/airflow/example_dags/example_workday_timetable.py for tasks to queue
[2025-01-22T13:16:53.397+0000] {logging_mixin.py:190} INFO - [2025-01-22T13:16:53.396+0000] {dagbag.py:588} INFO - Filling up the DagBag from /usr/local/python/3.12.1/lib/python3.12/site-packages/airflow/example_dags/example_workday_timetable.py
[2025-01-22T13:16:53.401+0000] {processor.py:925} INFO - DAG(s) 'example_workday_timetable' retrieved from /usr/local/python/3.12.1/lib/python3.12/site-packages/airflow/example_dags/example_workday_timetable.py
[2025-01-22T13:16:53.412+0000] {logging_mixin.py:190} INFO - [2025-01-22T13:16:53.411+0000] {dag.py:3239} INFO - Sync 1 DAGs
[2025-01-22T13:16:53.453+0000] {logging_mixin.py:190} INFO - [2025-01-22T13:16:53.453+0000] {dag.py:4180} INFO - Setting next_dagrun for example_workday_timetable to 2021-01-04 00:00:00+00:00, run_after=2021-01-05 00:00:00+00:00
[2025-01-22T13:16:53.468+0000] {processor.py:208} INFO - Processing /usr/local/python/3.12.1/lib/python3.12/site-packages/airflow/example_dags/example_workday_timetable.py took 0.077 seconds
[2025-01-22T13:17:45.815+0000] {processor.py:186} INFO - Started process (PID=18851) to work on /usr/local/python/3.12.1/lib/python3.12/site-packages/airflow/example_dags/example_workday_timetable.py
[2025-01-22T13:17:45.816+0000] {processor.py:914} INFO - Processing file /usr/local/python/3.12.1/lib/python3.12/site-packages/airflow/example_dags/example_workday_timetable.py for tasks to queue
[2025-01-22T13:17:45.818+0000] {logging_mixin.py:190} INFO - [2025-01-22T13:17:45.817+0000] {dagbag.py:588} INFO - Filling up the DagBag from /usr/local/python/3.12.1/lib/python3.12/site-packages/airflow/example_dags/example_workday_timetable.py
[2025-01-22T13:17:45.822+0000] {processor.py:925} INFO - DAG(s) 'example_workday_timetable' retrieved from /usr/local/python/3.12.1/lib/python3.12/site-packages/airflow/example_dags/example_workday_timetable.py
[2025-01-22T13:17:45.832+0000] {logging_mixin.py:190} INFO - [2025-01-22T13:17:45.832+0000] {dag.py:3239} INFO - Sync 1 DAGs
[2025-01-22T13:17:45.873+0000] {logging_mixin.py:190} INFO - [2025-01-22T13:17:45.872+0000] {dag.py:4180} INFO - Setting next_dagrun for example_workday_timetable to 2021-01-04 00:00:00+00:00, run_after=2021-01-05 00:00:00+00:00
[2025-01-22T13:17:45.888+0000] {processor.py:208} INFO - Processing /usr/local/python/3.12.1/lib/python3.12/site-packages/airflow/example_dags/example_workday_timetable.py took 0.076 seconds
[2025-01-22T13:18:35.720+0000] {processor.py:186} INFO - Started process (PID=19332) to work on /usr/local/python/3.12.1/lib/python3.12/site-packages/airflow/example_dags/example_workday_timetable.py
[2025-01-22T13:18:35.721+0000] {processor.py:914} INFO - Processing file /usr/local/python/3.12.1/lib/python3.12/site-packages/airflow/example_dags/example_workday_timetable.py for tasks to queue
[2025-01-22T13:18:35.722+0000] {logging_mixin.py:190} INFO - [2025-01-22T13:18:35.722+0000] {dagbag.py:588} INFO - Filling up the DagBag from /usr/local/python/3.12.1/lib/python3.12/site-packages/airflow/example_dags/example_workday_timetable.py
[2025-01-22T13:18:35.726+0000] {processor.py:925} INFO - DAG(s) 'example_workday_timetable' retrieved from /usr/local/python/3.12.1/lib/python3.12/site-packages/airflow/example_dags/example_workday_timetable.py
[2025-01-22T13:18:35.737+0000] {logging_mixin.py:190} INFO - [2025-01-22T13:18:35.737+0000] {dag.py:3239} INFO - Sync 1 DAGs
[2025-01-22T13:18:35.785+0000] {logging_mixin.py:190} INFO - [2025-01-22T13:18:35.785+0000] {dag.py:4180} INFO - Setting next_dagrun for example_workday_timetable to 2021-01-04 00:00:00+00:00, run_after=2021-01-05 00:00:00+00:00
[2025-01-22T13:18:35.801+0000] {processor.py:208} INFO - Processing /usr/local/python/3.12.1/lib/python3.12/site-packages/airflow/example_dags/example_workday_timetable.py took 0.085 seconds
[2025-01-22T13:19:23.255+0000] {processor.py:186} INFO - Started process (PID=20165) to work on /usr/local/python/3.12.1/lib/python3.12/site-packages/airflow/example_dags/example_workday_timetable.py
[2025-01-22T13:19:23.255+0000] {processor.py:914} INFO - Processing file /usr/local/python/3.12.1/lib/python3.12/site-packages/airflow/example_dags/example_workday_timetable.py for tasks to queue
[2025-01-22T13:19:23.257+0000] {logging_mixin.py:190} INFO - [2025-01-22T13:19:23.257+0000] {dagbag.py:588} INFO - Filling up the DagBag from /usr/local/python/3.12.1/lib/python3.12/site-packages/airflow/example_dags/example_workday_timetable.py
[2025-01-22T13:19:23.261+0000] {processor.py:925} INFO - DAG(s) 'example_workday_timetable' retrieved from /usr/local/python/3.12.1/lib/python3.12/site-packages/airflow/example_dags/example_workday_timetable.py
[2025-01-22T13:19:23.272+0000] {logging_mixin.py:190} INFO - [2025-01-22T13:19:23.272+0000] {dag.py:3239} INFO - Sync 1 DAGs
[2025-01-22T13:19:23.312+0000] {logging_mixin.py:190} INFO - [2025-01-22T13:19:23.312+0000] {dag.py:4180} INFO - Setting next_dagrun for example_workday_timetable to 2021-01-04 00:00:00+00:00, run_after=2021-01-05 00:00:00+00:00
[2025-01-22T13:19:23.326+0000] {processor.py:208} INFO - Processing /usr/local/python/3.12.1/lib/python3.12/site-packages/airflow/example_dags/example_workday_timetable.py took 0.075 seconds
[2025-01-22T13:20:14.542+0000] {processor.py:186} INFO - Started process (PID=21131) to work on /usr/local/python/3.12.1/lib/python3.12/site-packages/airflow/example_dags/example_workday_timetable.py
[2025-01-22T13:20:14.543+0000] {processor.py:914} INFO - Processing file /usr/local/python/3.12.1/lib/python3.12/site-packages/airflow/example_dags/example_workday_timetable.py for tasks to queue
[2025-01-22T13:20:14.544+0000] {logging_mixin.py:190} INFO - [2025-01-22T13:20:14.544+0000] {dagbag.py:588} INFO - Filling up the DagBag from /usr/local/python/3.12.1/lib/python3.12/site-packages/airflow/example_dags/example_workday_timetable.py
[2025-01-22T13:20:14.548+0000] {processor.py:925} INFO - DAG(s) 'example_workday_timetable' retrieved from /usr/local/python/3.12.1/lib/python3.12/site-packages/airflow/example_dags/example_workday_timetable.py
[2025-01-22T13:20:14.559+0000] {logging_mixin.py:190} INFO - [2025-01-22T13:20:14.559+0000] {dag.py:3239} INFO - Sync 1 DAGs
[2025-01-22T13:20:14.604+0000] {logging_mixin.py:190} INFO - [2025-01-22T13:20:14.604+0000] {dag.py:4180} INFO - Setting next_dagrun for example_workday_timetable to 2021-01-04 00:00:00+00:00, run_after=2021-01-05 00:00:00+00:00
[2025-01-22T13:20:14.619+0000] {processor.py:208} INFO - Processing /usr/local/python/3.12.1/lib/python3.12/site-packages/airflow/example_dags/example_workday_timetable.py took 0.081 seconds
[2025-01-22T13:21:01.945+0000] {processor.py:186} INFO - Started process (PID=21615) to work on /usr/local/python/3.12.1/lib/python3.12/site-packages/airflow/example_dags/example_workday_timetable.py
[2025-01-22T13:21:01.946+0000] {processor.py:914} INFO - Processing file /usr/local/python/3.12.1/lib/python3.12/site-packages/airflow/example_dags/example_workday_timetable.py for tasks to queue
[2025-01-22T13:21:01.947+0000] {logging_mixin.py:190} INFO - [2025-01-22T13:21:01.947+0000] {dagbag.py:588} INFO - Filling up the DagBag from /usr/local/python/3.12.1/lib/python3.12/site-packages/airflow/example_dags/example_workday_timetable.py
[2025-01-22T13:21:01.952+0000] {processor.py:925} INFO - DAG(s) 'example_workday_timetable' retrieved from /usr/local/python/3.12.1/lib/python3.12/site-packages/airflow/example_dags/example_workday_timetable.py
[2025-01-22T13:21:01.963+0000] {logging_mixin.py:190} INFO - [2025-01-22T13:21:01.963+0000] {dag.py:3239} INFO - Sync 1 DAGs
[2025-01-22T13:21:02.017+0000] {logging_mixin.py:190} INFO - [2025-01-22T13:21:02.017+0000] {dag.py:4180} INFO - Setting next_dagrun for example_workday_timetable to 2021-01-04 00:00:00+00:00, run_after=2021-01-05 00:00:00+00:00
[2025-01-22T13:21:02.034+0000] {processor.py:208} INFO - Processing /usr/local/python/3.12.1/lib/python3.12/site-packages/airflow/example_dags/example_workday_timetable.py took 0.095 seconds
