[2025-01-22T12:53:14.090+0000] {processor.py:186} INFO - Started process (PID=5855) to work on /usr/local/python/3.12.1/lib/python3.12/site-packages/airflow/example_dags/example_dag_decorator.py
[2025-01-22T12:53:14.091+0000] {processor.py:914} INFO - Processing file /usr/local/python/3.12.1/lib/python3.12/site-packages/airflow/example_dags/example_dag_decorator.py for tasks to queue
[2025-01-22T12:53:14.092+0000] {logging_mixin.py:190} INFO - [2025-01-22T12:53:14.092+0000] {dagbag.py:588} INFO - Filling up the DagBag from /usr/local/python/3.12.1/lib/python3.12/site-packages/airflow/example_dags/example_dag_decorator.py
[2025-01-22T12:53:14.101+0000] {processor.py:925} INFO - DAG(s) 'example_dag_decorator' retrieved from /usr/local/python/3.12.1/lib/python3.12/site-packages/airflow/example_dags/example_dag_decorator.py
[2025-01-22T12:53:14.178+0000] {logging_mixin.py:190} INFO - [2025-01-22T12:53:14.178+0000] {override.py:1911} INFO - Created Permission View: can delete on DAG:example_dag_decorator
[2025-01-22T12:53:14.190+0000] {logging_mixin.py:190} INFO - [2025-01-22T12:53:14.189+0000] {override.py:1911} INFO - Created Permission View: can edit on DAG:example_dag_decorator
[2025-01-22T12:53:14.196+0000] {logging_mixin.py:190} INFO - [2025-01-22T12:53:14.195+0000] {override.py:1911} INFO - Created Permission View: can read on DAG:example_dag_decorator
[2025-01-22T12:53:14.203+0000] {logging_mixin.py:190} INFO - [2025-01-22T12:53:14.203+0000] {override.py:1911} INFO - Created Permission View: can create on DAG Run:example_dag_decorator
[2025-01-22T12:53:14.208+0000] {logging_mixin.py:190} INFO - [2025-01-22T12:53:14.207+0000] {override.py:1911} INFO - Created Permission View: can read on DAG Run:example_dag_decorator
[2025-01-22T12:53:14.212+0000] {logging_mixin.py:190} INFO - [2025-01-22T12:53:14.212+0000] {override.py:1911} INFO - Created Permission View: menu access on DAG Run:example_dag_decorator
[2025-01-22T12:53:14.217+0000] {logging_mixin.py:190} INFO - [2025-01-22T12:53:14.217+0000] {override.py:1911} INFO - Created Permission View: can delete on DAG Run:example_dag_decorator
[2025-01-22T12:53:14.218+0000] {logging_mixin.py:190} INFO - [2025-01-22T12:53:14.217+0000] {dag.py:3239} INFO - Sync 1 DAGs
[2025-01-22T12:53:14.226+0000] {logging_mixin.py:190} INFO - [2025-01-22T12:53:14.226+0000] {dag.py:3262} INFO - Creating ORM DAG for example_dag_decorator
[2025-01-22T12:53:14.226+0000] {logging_mixin.py:190} INFO - [2025-01-22T12:53:14.226+0000] {dag.py:4180} INFO - Setting next_dagrun for example_dag_decorator to None, run_after=None
[2025-01-22T12:53:14.239+0000] {processor.py:208} INFO - Processing /usr/local/python/3.12.1/lib/python3.12/site-packages/airflow/example_dags/example_dag_decorator.py took 0.153 seconds
[2025-01-22T12:54:09.100+0000] {processor.py:186} INFO - Started process (PID=6718) to work on /usr/local/python/3.12.1/lib/python3.12/site-packages/airflow/example_dags/example_dag_decorator.py
[2025-01-22T12:54:09.101+0000] {processor.py:914} INFO - Processing file /usr/local/python/3.12.1/lib/python3.12/site-packages/airflow/example_dags/example_dag_decorator.py for tasks to queue
[2025-01-22T12:54:09.103+0000] {logging_mixin.py:190} INFO - [2025-01-22T12:54:09.103+0000] {dagbag.py:588} INFO - Filling up the DagBag from /usr/local/python/3.12.1/lib/python3.12/site-packages/airflow/example_dags/example_dag_decorator.py
[2025-01-22T12:54:09.112+0000] {processor.py:925} INFO - DAG(s) 'example_dag_decorator' retrieved from /usr/local/python/3.12.1/lib/python3.12/site-packages/airflow/example_dags/example_dag_decorator.py
[2025-01-22T12:54:09.184+0000] {logging_mixin.py:190} INFO - [2025-01-22T12:54:09.184+0000] {dag.py:3239} INFO - Sync 1 DAGs
[2025-01-22T12:54:09.192+0000] {logging_mixin.py:190} INFO - [2025-01-22T12:54:09.192+0000] {dag.py:4180} INFO - Setting next_dagrun for example_dag_decorator to None, run_after=None
[2025-01-22T12:54:09.208+0000] {processor.py:208} INFO - Processing /usr/local/python/3.12.1/lib/python3.12/site-packages/airflow/example_dags/example_dag_decorator.py took 0.111 seconds
[2025-01-22T12:55:04.088+0000] {processor.py:186} INFO - Started process (PID=7241) to work on /usr/local/python/3.12.1/lib/python3.12/site-packages/airflow/example_dags/example_dag_decorator.py
[2025-01-22T12:55:04.089+0000] {processor.py:914} INFO - Processing file /usr/local/python/3.12.1/lib/python3.12/site-packages/airflow/example_dags/example_dag_decorator.py for tasks to queue
[2025-01-22T12:55:04.090+0000] {logging_mixin.py:190} INFO - [2025-01-22T12:55:04.090+0000] {dagbag.py:588} INFO - Filling up the DagBag from /usr/local/python/3.12.1/lib/python3.12/site-packages/airflow/example_dags/example_dag_decorator.py
[2025-01-22T12:55:04.100+0000] {processor.py:925} INFO - DAG(s) 'example_dag_decorator' retrieved from /usr/local/python/3.12.1/lib/python3.12/site-packages/airflow/example_dags/example_dag_decorator.py
[2025-01-22T12:55:04.195+0000] {logging_mixin.py:190} INFO - [2025-01-22T12:55:04.194+0000] {dag.py:3239} INFO - Sync 1 DAGs
[2025-01-22T12:55:04.203+0000] {logging_mixin.py:190} INFO - [2025-01-22T12:55:04.203+0000] {dag.py:4180} INFO - Setting next_dagrun for example_dag_decorator to None, run_after=None
[2025-01-22T12:55:04.217+0000] {processor.py:208} INFO - Processing /usr/local/python/3.12.1/lib/python3.12/site-packages/airflow/example_dags/example_dag_decorator.py took 0.133 seconds
[2025-01-22T12:55:57.821+0000] {processor.py:186} INFO - Started process (PID=7726) to work on /usr/local/python/3.12.1/lib/python3.12/site-packages/airflow/example_dags/example_dag_decorator.py
[2025-01-22T12:55:57.821+0000] {processor.py:914} INFO - Processing file /usr/local/python/3.12.1/lib/python3.12/site-packages/airflow/example_dags/example_dag_decorator.py for tasks to queue
[2025-01-22T12:55:57.823+0000] {logging_mixin.py:190} INFO - [2025-01-22T12:55:57.822+0000] {dagbag.py:588} INFO - Filling up the DagBag from /usr/local/python/3.12.1/lib/python3.12/site-packages/airflow/example_dags/example_dag_decorator.py
[2025-01-22T12:55:57.832+0000] {processor.py:925} INFO - DAG(s) 'example_dag_decorator' retrieved from /usr/local/python/3.12.1/lib/python3.12/site-packages/airflow/example_dags/example_dag_decorator.py
[2025-01-22T12:55:57.934+0000] {logging_mixin.py:190} INFO - [2025-01-22T12:55:57.933+0000] {dag.py:3239} INFO - Sync 1 DAGs
[2025-01-22T12:55:57.942+0000] {logging_mixin.py:190} INFO - [2025-01-22T12:55:57.942+0000] {dag.py:4180} INFO - Setting next_dagrun for example_dag_decorator to None, run_after=None
[2025-01-22T12:55:57.959+0000] {processor.py:208} INFO - Processing /usr/local/python/3.12.1/lib/python3.12/site-packages/airflow/example_dags/example_dag_decorator.py took 0.142 seconds
[2025-01-22T12:57:15.659+0000] {processor.py:186} INFO - Started process (PID=8346) to work on /usr/local/python/3.12.1/lib/python3.12/site-packages/airflow/example_dags/example_dag_decorator.py
[2025-01-22T12:57:15.660+0000] {processor.py:914} INFO - Processing file /usr/local/python/3.12.1/lib/python3.12/site-packages/airflow/example_dags/example_dag_decorator.py for tasks to queue
[2025-01-22T12:57:15.661+0000] {logging_mixin.py:190} INFO - [2025-01-22T12:57:15.661+0000] {dagbag.py:588} INFO - Filling up the DagBag from /usr/local/python/3.12.1/lib/python3.12/site-packages/airflow/example_dags/example_dag_decorator.py
[2025-01-22T12:57:15.670+0000] {processor.py:925} INFO - DAG(s) 'example_dag_decorator' retrieved from /usr/local/python/3.12.1/lib/python3.12/site-packages/airflow/example_dags/example_dag_decorator.py
[2025-01-22T12:57:15.683+0000] {logging_mixin.py:190} INFO - [2025-01-22T12:57:15.682+0000] {dag.py:3239} INFO - Sync 1 DAGs
[2025-01-22T12:57:15.691+0000] {logging_mixin.py:190} INFO - [2025-01-22T12:57:15.691+0000] {dag.py:4180} INFO - Setting next_dagrun for example_dag_decorator to None, run_after=None
[2025-01-22T12:57:15.705+0000] {processor.py:208} INFO - Processing /usr/local/python/3.12.1/lib/python3.12/site-packages/airflow/example_dags/example_dag_decorator.py took 0.050 seconds
[2025-01-22T12:58:29.606+0000] {processor.py:186} INFO - Started process (PID=9055) to work on /usr/local/python/3.12.1/lib/python3.12/site-packages/airflow/example_dags/example_dag_decorator.py
[2025-01-22T12:58:29.607+0000] {processor.py:914} INFO - Processing file /usr/local/python/3.12.1/lib/python3.12/site-packages/airflow/example_dags/example_dag_decorator.py for tasks to queue
[2025-01-22T12:58:29.608+0000] {logging_mixin.py:190} INFO - [2025-01-22T12:58:29.608+0000] {dagbag.py:588} INFO - Filling up the DagBag from /usr/local/python/3.12.1/lib/python3.12/site-packages/airflow/example_dags/example_dag_decorator.py
[2025-01-22T12:58:29.617+0000] {processor.py:925} INFO - DAG(s) 'example_dag_decorator' retrieved from /usr/local/python/3.12.1/lib/python3.12/site-packages/airflow/example_dags/example_dag_decorator.py
[2025-01-22T12:58:29.708+0000] {logging_mixin.py:190} INFO - [2025-01-22T12:58:29.708+0000] {dag.py:3239} INFO - Sync 1 DAGs
[2025-01-22T12:58:29.720+0000] {logging_mixin.py:190} INFO - [2025-01-22T12:58:29.719+0000] {dag.py:4180} INFO - Setting next_dagrun for example_dag_decorator to None, run_after=None
[2025-01-22T12:58:29.735+0000] {processor.py:208} INFO - Processing /usr/local/python/3.12.1/lib/python3.12/site-packages/airflow/example_dags/example_dag_decorator.py took 0.133 seconds
[2025-01-22T12:59:47.740+0000] {processor.py:186} INFO - Started process (PID=9672) to work on /usr/local/python/3.12.1/lib/python3.12/site-packages/airflow/example_dags/example_dag_decorator.py
[2025-01-22T12:59:47.740+0000] {processor.py:914} INFO - Processing file /usr/local/python/3.12.1/lib/python3.12/site-packages/airflow/example_dags/example_dag_decorator.py for tasks to queue
[2025-01-22T12:59:47.742+0000] {logging_mixin.py:190} INFO - [2025-01-22T12:59:47.742+0000] {dagbag.py:588} INFO - Filling up the DagBag from /usr/local/python/3.12.1/lib/python3.12/site-packages/airflow/example_dags/example_dag_decorator.py
[2025-01-22T12:59:47.750+0000] {processor.py:925} INFO - DAG(s) 'example_dag_decorator' retrieved from /usr/local/python/3.12.1/lib/python3.12/site-packages/airflow/example_dags/example_dag_decorator.py
[2025-01-22T12:59:47.822+0000] {logging_mixin.py:190} INFO - [2025-01-22T12:59:47.821+0000] {dag.py:3239} INFO - Sync 1 DAGs
[2025-01-22T12:59:47.829+0000] {logging_mixin.py:190} INFO - [2025-01-22T12:59:47.829+0000] {dag.py:4180} INFO - Setting next_dagrun for example_dag_decorator to None, run_after=None
[2025-01-22T12:59:47.844+0000] {processor.py:208} INFO - Processing /usr/local/python/3.12.1/lib/python3.12/site-packages/airflow/example_dags/example_dag_decorator.py took 0.108 seconds
[2025-01-22T13:01:04.846+0000] {processor.py:186} INFO - Started process (PID=10264) to work on /usr/local/python/3.12.1/lib/python3.12/site-packages/airflow/example_dags/example_dag_decorator.py
[2025-01-22T13:01:04.847+0000] {processor.py:914} INFO - Processing file /usr/local/python/3.12.1/lib/python3.12/site-packages/airflow/example_dags/example_dag_decorator.py for tasks to queue
[2025-01-22T13:01:04.848+0000] {logging_mixin.py:190} INFO - [2025-01-22T13:01:04.848+0000] {dagbag.py:588} INFO - Filling up the DagBag from /usr/local/python/3.12.1/lib/python3.12/site-packages/airflow/example_dags/example_dag_decorator.py
[2025-01-22T13:01:04.857+0000] {processor.py:925} INFO - DAG(s) 'example_dag_decorator' retrieved from /usr/local/python/3.12.1/lib/python3.12/site-packages/airflow/example_dags/example_dag_decorator.py
[2025-01-22T13:01:04.926+0000] {logging_mixin.py:190} INFO - [2025-01-22T13:01:04.926+0000] {dag.py:3239} INFO - Sync 1 DAGs
[2025-01-22T13:01:04.935+0000] {logging_mixin.py:190} INFO - [2025-01-22T13:01:04.935+0000] {dag.py:4180} INFO - Setting next_dagrun for example_dag_decorator to None, run_after=None
[2025-01-22T13:01:04.949+0000] {processor.py:208} INFO - Processing /usr/local/python/3.12.1/lib/python3.12/site-packages/airflow/example_dags/example_dag_decorator.py took 0.107 seconds
[2025-01-22T13:02:20.883+0000] {processor.py:186} INFO - Started process (PID=10906) to work on /usr/local/python/3.12.1/lib/python3.12/site-packages/airflow/example_dags/example_dag_decorator.py
[2025-01-22T13:02:20.883+0000] {processor.py:914} INFO - Processing file /usr/local/python/3.12.1/lib/python3.12/site-packages/airflow/example_dags/example_dag_decorator.py for tasks to queue
[2025-01-22T13:02:20.885+0000] {logging_mixin.py:190} INFO - [2025-01-22T13:02:20.885+0000] {dagbag.py:588} INFO - Filling up the DagBag from /usr/local/python/3.12.1/lib/python3.12/site-packages/airflow/example_dags/example_dag_decorator.py
[2025-01-22T13:02:20.894+0000] {processor.py:925} INFO - DAG(s) 'example_dag_decorator' retrieved from /usr/local/python/3.12.1/lib/python3.12/site-packages/airflow/example_dags/example_dag_decorator.py
[2025-01-22T13:02:20.969+0000] {logging_mixin.py:190} INFO - [2025-01-22T13:02:20.969+0000] {dag.py:3239} INFO - Sync 1 DAGs
[2025-01-22T13:02:20.977+0000] {logging_mixin.py:190} INFO - [2025-01-22T13:02:20.977+0000] {dag.py:4180} INFO - Setting next_dagrun for example_dag_decorator to None, run_after=None
[2025-01-22T13:02:20.991+0000] {processor.py:208} INFO - Processing /usr/local/python/3.12.1/lib/python3.12/site-packages/airflow/example_dags/example_dag_decorator.py took 0.112 seconds
[2025-01-22T13:03:32.530+0000] {processor.py:186} INFO - Started process (PID=11577) to work on /usr/local/python/3.12.1/lib/python3.12/site-packages/airflow/example_dags/example_dag_decorator.py
[2025-01-22T13:03:32.531+0000] {processor.py:914} INFO - Processing file /usr/local/python/3.12.1/lib/python3.12/site-packages/airflow/example_dags/example_dag_decorator.py for tasks to queue
[2025-01-22T13:03:32.532+0000] {logging_mixin.py:190} INFO - [2025-01-22T13:03:32.532+0000] {dagbag.py:588} INFO - Filling up the DagBag from /usr/local/python/3.12.1/lib/python3.12/site-packages/airflow/example_dags/example_dag_decorator.py
[2025-01-22T13:03:32.541+0000] {processor.py:925} INFO - DAG(s) 'example_dag_decorator' retrieved from /usr/local/python/3.12.1/lib/python3.12/site-packages/airflow/example_dags/example_dag_decorator.py
[2025-01-22T13:03:32.614+0000] {logging_mixin.py:190} INFO - [2025-01-22T13:03:32.614+0000] {dag.py:3239} INFO - Sync 1 DAGs
[2025-01-22T13:03:32.625+0000] {logging_mixin.py:190} INFO - [2025-01-22T13:03:32.624+0000] {dag.py:4180} INFO - Setting next_dagrun for example_dag_decorator to None, run_after=None
[2025-01-22T13:03:32.639+0000] {processor.py:208} INFO - Processing /usr/local/python/3.12.1/lib/python3.12/site-packages/airflow/example_dags/example_dag_decorator.py took 0.113 seconds
[2025-01-22T13:04:51.739+0000] {processor.py:186} INFO - Started process (PID=12196) to work on /usr/local/python/3.12.1/lib/python3.12/site-packages/airflow/example_dags/example_dag_decorator.py
[2025-01-22T13:04:51.739+0000] {processor.py:914} INFO - Processing file /usr/local/python/3.12.1/lib/python3.12/site-packages/airflow/example_dags/example_dag_decorator.py for tasks to queue
[2025-01-22T13:04:51.741+0000] {logging_mixin.py:190} INFO - [2025-01-22T13:04:51.740+0000] {dagbag.py:588} INFO - Filling up the DagBag from /usr/local/python/3.12.1/lib/python3.12/site-packages/airflow/example_dags/example_dag_decorator.py
[2025-01-22T13:04:51.750+0000] {processor.py:925} INFO - DAG(s) 'example_dag_decorator' retrieved from /usr/local/python/3.12.1/lib/python3.12/site-packages/airflow/example_dags/example_dag_decorator.py
[2025-01-22T13:04:51.763+0000] {logging_mixin.py:190} INFO - [2025-01-22T13:04:51.763+0000] {dag.py:3239} INFO - Sync 1 DAGs
[2025-01-22T13:04:51.772+0000] {logging_mixin.py:190} INFO - [2025-01-22T13:04:51.771+0000] {dag.py:4180} INFO - Setting next_dagrun for example_dag_decorator to None, run_after=None
[2025-01-22T13:04:51.786+0000] {processor.py:208} INFO - Processing /usr/local/python/3.12.1/lib/python3.12/site-packages/airflow/example_dags/example_dag_decorator.py took 0.051 seconds
[2025-01-22T13:06:08.830+0000] {processor.py:186} INFO - Started process (PID=12793) to work on /usr/local/python/3.12.1/lib/python3.12/site-packages/airflow/example_dags/example_dag_decorator.py
[2025-01-22T13:06:08.830+0000] {processor.py:914} INFO - Processing file /usr/local/python/3.12.1/lib/python3.12/site-packages/airflow/example_dags/example_dag_decorator.py for tasks to queue
[2025-01-22T13:06:08.832+0000] {logging_mixin.py:190} INFO - [2025-01-22T13:06:08.831+0000] {dagbag.py:588} INFO - Filling up the DagBag from /usr/local/python/3.12.1/lib/python3.12/site-packages/airflow/example_dags/example_dag_decorator.py
[2025-01-22T13:06:08.840+0000] {processor.py:925} INFO - DAG(s) 'example_dag_decorator' retrieved from /usr/local/python/3.12.1/lib/python3.12/site-packages/airflow/example_dags/example_dag_decorator.py
[2025-01-22T13:06:08.854+0000] {logging_mixin.py:190} INFO - [2025-01-22T13:06:08.854+0000] {dag.py:3239} INFO - Sync 1 DAGs
[2025-01-22T13:06:08.863+0000] {logging_mixin.py:190} INFO - [2025-01-22T13:06:08.863+0000] {dag.py:4180} INFO - Setting next_dagrun for example_dag_decorator to None, run_after=None
[2025-01-22T13:06:08.880+0000] {processor.py:208} INFO - Processing /usr/local/python/3.12.1/lib/python3.12/site-packages/airflow/example_dags/example_dag_decorator.py took 0.054 seconds
[2025-01-22T13:07:19.639+0000] {processor.py:186} INFO - Started process (PID=13363) to work on /usr/local/python/3.12.1/lib/python3.12/site-packages/airflow/example_dags/example_dag_decorator.py
[2025-01-22T13:07:19.639+0000] {processor.py:914} INFO - Processing file /usr/local/python/3.12.1/lib/python3.12/site-packages/airflow/example_dags/example_dag_decorator.py for tasks to queue
[2025-01-22T13:07:19.641+0000] {logging_mixin.py:190} INFO - [2025-01-22T13:07:19.640+0000] {dagbag.py:588} INFO - Filling up the DagBag from /usr/local/python/3.12.1/lib/python3.12/site-packages/airflow/example_dags/example_dag_decorator.py
[2025-01-22T13:07:19.650+0000] {processor.py:925} INFO - DAG(s) 'example_dag_decorator' retrieved from /usr/local/python/3.12.1/lib/python3.12/site-packages/airflow/example_dags/example_dag_decorator.py
[2025-01-22T13:07:19.722+0000] {logging_mixin.py:190} INFO - [2025-01-22T13:07:19.721+0000] {dag.py:3239} INFO - Sync 1 DAGs
[2025-01-22T13:07:19.729+0000] {logging_mixin.py:190} INFO - [2025-01-22T13:07:19.729+0000] {dag.py:4180} INFO - Setting next_dagrun for example_dag_decorator to None, run_after=None
[2025-01-22T13:07:19.744+0000] {processor.py:208} INFO - Processing /usr/local/python/3.12.1/lib/python3.12/site-packages/airflow/example_dags/example_dag_decorator.py took 0.109 seconds
[2025-01-22T13:08:38.530+0000] {processor.py:186} INFO - Started process (PID=14301) to work on /usr/local/python/3.12.1/lib/python3.12/site-packages/airflow/example_dags/example_dag_decorator.py
[2025-01-22T13:08:38.530+0000] {processor.py:914} INFO - Processing file /usr/local/python/3.12.1/lib/python3.12/site-packages/airflow/example_dags/example_dag_decorator.py for tasks to queue
[2025-01-22T13:08:38.532+0000] {logging_mixin.py:190} INFO - [2025-01-22T13:08:38.531+0000] {dagbag.py:588} INFO - Filling up the DagBag from /usr/local/python/3.12.1/lib/python3.12/site-packages/airflow/example_dags/example_dag_decorator.py
[2025-01-22T13:08:38.540+0000] {processor.py:925} INFO - DAG(s) 'example_dag_decorator' retrieved from /usr/local/python/3.12.1/lib/python3.12/site-packages/airflow/example_dags/example_dag_decorator.py
[2025-01-22T13:08:38.615+0000] {logging_mixin.py:190} INFO - [2025-01-22T13:08:38.615+0000] {dag.py:3239} INFO - Sync 1 DAGs
[2025-01-22T13:08:38.623+0000] {logging_mixin.py:190} INFO - [2025-01-22T13:08:38.623+0000] {dag.py:4180} INFO - Setting next_dagrun for example_dag_decorator to None, run_after=None
[2025-01-22T13:08:38.639+0000] {processor.py:208} INFO - Processing /usr/local/python/3.12.1/lib/python3.12/site-packages/airflow/example_dags/example_dag_decorator.py took 0.113 seconds
[2025-01-22T13:09:54.473+0000] {processor.py:186} INFO - Started process (PID=14888) to work on /usr/local/python/3.12.1/lib/python3.12/site-packages/airflow/example_dags/example_dag_decorator.py
[2025-01-22T13:09:54.474+0000] {processor.py:914} INFO - Processing file /usr/local/python/3.12.1/lib/python3.12/site-packages/airflow/example_dags/example_dag_decorator.py for tasks to queue
[2025-01-22T13:09:54.475+0000] {logging_mixin.py:190} INFO - [2025-01-22T13:09:54.475+0000] {dagbag.py:588} INFO - Filling up the DagBag from /usr/local/python/3.12.1/lib/python3.12/site-packages/airflow/example_dags/example_dag_decorator.py
[2025-01-22T13:09:54.485+0000] {processor.py:925} INFO - DAG(s) 'example_dag_decorator' retrieved from /usr/local/python/3.12.1/lib/python3.12/site-packages/airflow/example_dags/example_dag_decorator.py
[2025-01-22T13:09:54.498+0000] {logging_mixin.py:190} INFO - [2025-01-22T13:09:54.498+0000] {dag.py:3239} INFO - Sync 1 DAGs
[2025-01-22T13:09:54.507+0000] {logging_mixin.py:190} INFO - [2025-01-22T13:09:54.507+0000] {dag.py:4180} INFO - Setting next_dagrun for example_dag_decorator to None, run_after=None
[2025-01-22T13:09:54.521+0000] {processor.py:208} INFO - Processing /usr/local/python/3.12.1/lib/python3.12/site-packages/airflow/example_dags/example_dag_decorator.py took 0.052 seconds
[2025-01-22T13:11:06.542+0000] {processor.py:186} INFO - Started process (PID=15461) to work on /usr/local/python/3.12.1/lib/python3.12/site-packages/airflow/example_dags/example_dag_decorator.py
[2025-01-22T13:11:06.543+0000] {processor.py:914} INFO - Processing file /usr/local/python/3.12.1/lib/python3.12/site-packages/airflow/example_dags/example_dag_decorator.py for tasks to queue
[2025-01-22T13:11:06.544+0000] {logging_mixin.py:190} INFO - [2025-01-22T13:11:06.544+0000] {dagbag.py:588} INFO - Filling up the DagBag from /usr/local/python/3.12.1/lib/python3.12/site-packages/airflow/example_dags/example_dag_decorator.py
[2025-01-22T13:11:06.553+0000] {processor.py:925} INFO - DAG(s) 'example_dag_decorator' retrieved from /usr/local/python/3.12.1/lib/python3.12/site-packages/airflow/example_dags/example_dag_decorator.py
[2025-01-22T13:11:06.624+0000] {logging_mixin.py:190} INFO - [2025-01-22T13:11:06.623+0000] {dag.py:3239} INFO - Sync 1 DAGs
[2025-01-22T13:11:06.632+0000] {logging_mixin.py:190} INFO - [2025-01-22T13:11:06.632+0000] {dag.py:4180} INFO - Setting next_dagrun for example_dag_decorator to None, run_after=None
[2025-01-22T13:11:06.646+0000] {processor.py:208} INFO - Processing /usr/local/python/3.12.1/lib/python3.12/site-packages/airflow/example_dags/example_dag_decorator.py took 0.109 seconds
[2025-01-22T13:12:23.445+0000] {processor.py:186} INFO - Started process (PID=16131) to work on /usr/local/python/3.12.1/lib/python3.12/site-packages/airflow/example_dags/example_dag_decorator.py
[2025-01-22T13:12:23.445+0000] {processor.py:914} INFO - Processing file /usr/local/python/3.12.1/lib/python3.12/site-packages/airflow/example_dags/example_dag_decorator.py for tasks to queue
[2025-01-22T13:12:23.447+0000] {logging_mixin.py:190} INFO - [2025-01-22T13:12:23.447+0000] {dagbag.py:588} INFO - Filling up the DagBag from /usr/local/python/3.12.1/lib/python3.12/site-packages/airflow/example_dags/example_dag_decorator.py
[2025-01-22T13:12:23.456+0000] {processor.py:925} INFO - DAG(s) 'example_dag_decorator' retrieved from /usr/local/python/3.12.1/lib/python3.12/site-packages/airflow/example_dags/example_dag_decorator.py
[2025-01-22T13:12:23.527+0000] {logging_mixin.py:190} INFO - [2025-01-22T13:12:23.527+0000] {dag.py:3239} INFO - Sync 1 DAGs
[2025-01-22T13:12:23.534+0000] {logging_mixin.py:190} INFO - [2025-01-22T13:12:23.534+0000] {dag.py:4180} INFO - Setting next_dagrun for example_dag_decorator to None, run_after=None
[2025-01-22T13:12:23.551+0000] {processor.py:208} INFO - Processing /usr/local/python/3.12.1/lib/python3.12/site-packages/airflow/example_dags/example_dag_decorator.py took 0.110 seconds
[2025-01-22T13:13:41.059+0000] {processor.py:186} INFO - Started process (PID=16810) to work on /usr/local/python/3.12.1/lib/python3.12/site-packages/airflow/example_dags/example_dag_decorator.py
[2025-01-22T13:13:41.060+0000] {processor.py:914} INFO - Processing file /usr/local/python/3.12.1/lib/python3.12/site-packages/airflow/example_dags/example_dag_decorator.py for tasks to queue
[2025-01-22T13:13:41.061+0000] {logging_mixin.py:190} INFO - [2025-01-22T13:13:41.061+0000] {dagbag.py:588} INFO - Filling up the DagBag from /usr/local/python/3.12.1/lib/python3.12/site-packages/airflow/example_dags/example_dag_decorator.py
[2025-01-22T13:13:41.070+0000] {processor.py:925} INFO - DAG(s) 'example_dag_decorator' retrieved from /usr/local/python/3.12.1/lib/python3.12/site-packages/airflow/example_dags/example_dag_decorator.py
[2025-01-22T13:13:41.144+0000] {logging_mixin.py:190} INFO - [2025-01-22T13:13:41.143+0000] {dag.py:3239} INFO - Sync 1 DAGs
[2025-01-22T13:13:41.151+0000] {logging_mixin.py:190} INFO - [2025-01-22T13:13:41.151+0000] {dag.py:4180} INFO - Setting next_dagrun for example_dag_decorator to None, run_after=None
[2025-01-22T13:13:41.165+0000] {processor.py:208} INFO - Processing /usr/local/python/3.12.1/lib/python3.12/site-packages/airflow/example_dags/example_dag_decorator.py took 0.110 seconds
[2025-01-22T13:14:34.378+0000] {processor.py:186} INFO - Started process (PID=17241) to work on /usr/local/python/3.12.1/lib/python3.12/site-packages/airflow/example_dags/example_dag_decorator.py
[2025-01-22T13:14:34.379+0000] {processor.py:914} INFO - Processing file /usr/local/python/3.12.1/lib/python3.12/site-packages/airflow/example_dags/example_dag_decorator.py for tasks to queue
[2025-01-22T13:14:34.380+0000] {logging_mixin.py:190} INFO - [2025-01-22T13:14:34.380+0000] {dagbag.py:588} INFO - Filling up the DagBag from /usr/local/python/3.12.1/lib/python3.12/site-packages/airflow/example_dags/example_dag_decorator.py
[2025-01-22T13:14:34.389+0000] {processor.py:925} INFO - DAG(s) 'example_dag_decorator' retrieved from /usr/local/python/3.12.1/lib/python3.12/site-packages/airflow/example_dags/example_dag_decorator.py
[2025-01-22T13:14:34.460+0000] {logging_mixin.py:190} INFO - [2025-01-22T13:14:34.460+0000] {dag.py:3239} INFO - Sync 1 DAGs
[2025-01-22T13:14:34.469+0000] {logging_mixin.py:190} INFO - [2025-01-22T13:14:34.469+0000] {dag.py:4180} INFO - Setting next_dagrun for example_dag_decorator to None, run_after=None
[2025-01-22T13:14:34.483+0000] {processor.py:208} INFO - Processing /usr/local/python/3.12.1/lib/python3.12/site-packages/airflow/example_dags/example_dag_decorator.py took 0.109 seconds
[2025-01-22T13:15:47.801+0000] {processor.py:186} INFO - Started process (PID=17829) to work on /usr/local/python/3.12.1/lib/python3.12/site-packages/airflow/example_dags/example_dag_decorator.py
[2025-01-22T13:15:47.802+0000] {processor.py:914} INFO - Processing file /usr/local/python/3.12.1/lib/python3.12/site-packages/airflow/example_dags/example_dag_decorator.py for tasks to queue
[2025-01-22T13:15:47.803+0000] {logging_mixin.py:190} INFO - [2025-01-22T13:15:47.803+0000] {dagbag.py:588} INFO - Filling up the DagBag from /usr/local/python/3.12.1/lib/python3.12/site-packages/airflow/example_dags/example_dag_decorator.py
[2025-01-22T13:15:47.812+0000] {processor.py:925} INFO - DAG(s) 'example_dag_decorator' retrieved from /usr/local/python/3.12.1/lib/python3.12/site-packages/airflow/example_dags/example_dag_decorator.py
[2025-01-22T13:15:47.896+0000] {logging_mixin.py:190} INFO - [2025-01-22T13:15:47.895+0000] {dag.py:3239} INFO - Sync 1 DAGs
[2025-01-22T13:15:47.904+0000] {logging_mixin.py:190} INFO - [2025-01-22T13:15:47.904+0000] {dag.py:4180} INFO - Setting next_dagrun for example_dag_decorator to None, run_after=None
[2025-01-22T13:15:47.918+0000] {processor.py:208} INFO - Processing /usr/local/python/3.12.1/lib/python3.12/site-packages/airflow/example_dags/example_dag_decorator.py took 0.121 seconds
[2025-01-22T13:17:07.080+0000] {processor.py:186} INFO - Started process (PID=18450) to work on /usr/local/python/3.12.1/lib/python3.12/site-packages/airflow/example_dags/example_dag_decorator.py
[2025-01-22T13:17:07.081+0000] {processor.py:914} INFO - Processing file /usr/local/python/3.12.1/lib/python3.12/site-packages/airflow/example_dags/example_dag_decorator.py for tasks to queue
[2025-01-22T13:17:07.082+0000] {logging_mixin.py:190} INFO - [2025-01-22T13:17:07.082+0000] {dagbag.py:588} INFO - Filling up the DagBag from /usr/local/python/3.12.1/lib/python3.12/site-packages/airflow/example_dags/example_dag_decorator.py
[2025-01-22T13:17:07.091+0000] {processor.py:925} INFO - DAG(s) 'example_dag_decorator' retrieved from /usr/local/python/3.12.1/lib/python3.12/site-packages/airflow/example_dags/example_dag_decorator.py
[2025-01-22T13:17:07.167+0000] {logging_mixin.py:190} INFO - [2025-01-22T13:17:07.167+0000] {dag.py:3239} INFO - Sync 1 DAGs
[2025-01-22T13:17:07.176+0000] {logging_mixin.py:190} INFO - [2025-01-22T13:17:07.176+0000] {dag.py:4180} INFO - Setting next_dagrun for example_dag_decorator to None, run_after=None
[2025-01-22T13:17:07.190+0000] {processor.py:208} INFO - Processing /usr/local/python/3.12.1/lib/python3.12/site-packages/airflow/example_dags/example_dag_decorator.py took 0.115 seconds
[2025-01-22T13:18:22.874+0000] {processor.py:186} INFO - Started process (PID=19160) to work on /usr/local/python/3.12.1/lib/python3.12/site-packages/airflow/example_dags/example_dag_decorator.py
[2025-01-22T13:18:22.875+0000] {processor.py:914} INFO - Processing file /usr/local/python/3.12.1/lib/python3.12/site-packages/airflow/example_dags/example_dag_decorator.py for tasks to queue
[2025-01-22T13:18:22.877+0000] {logging_mixin.py:190} INFO - [2025-01-22T13:18:22.876+0000] {dagbag.py:588} INFO - Filling up the DagBag from /usr/local/python/3.12.1/lib/python3.12/site-packages/airflow/example_dags/example_dag_decorator.py
[2025-01-22T13:18:22.885+0000] {processor.py:925} INFO - DAG(s) 'example_dag_decorator' retrieved from /usr/local/python/3.12.1/lib/python3.12/site-packages/airflow/example_dags/example_dag_decorator.py
[2025-01-22T13:18:22.958+0000] {logging_mixin.py:190} INFO - [2025-01-22T13:18:22.958+0000] {dag.py:3239} INFO - Sync 1 DAGs
[2025-01-22T13:18:22.966+0000] {logging_mixin.py:190} INFO - [2025-01-22T13:18:22.966+0000] {dag.py:4180} INFO - Setting next_dagrun for example_dag_decorator to None, run_after=None
[2025-01-22T13:18:22.981+0000] {processor.py:208} INFO - Processing /usr/local/python/3.12.1/lib/python3.12/site-packages/airflow/example_dags/example_dag_decorator.py took 0.110 seconds
[2025-01-22T13:19:35.342+0000] {processor.py:186} INFO - Started process (PID=20409) to work on /usr/local/python/3.12.1/lib/python3.12/site-packages/airflow/example_dags/example_dag_decorator.py
[2025-01-22T13:19:35.343+0000] {processor.py:914} INFO - Processing file /usr/local/python/3.12.1/lib/python3.12/site-packages/airflow/example_dags/example_dag_decorator.py for tasks to queue
[2025-01-22T13:19:35.345+0000] {logging_mixin.py:190} INFO - [2025-01-22T13:19:35.345+0000] {dagbag.py:588} INFO - Filling up the DagBag from /usr/local/python/3.12.1/lib/python3.12/site-packages/airflow/example_dags/example_dag_decorator.py
[2025-01-22T13:19:35.355+0000] {processor.py:925} INFO - DAG(s) 'example_dag_decorator' retrieved from /usr/local/python/3.12.1/lib/python3.12/site-packages/airflow/example_dags/example_dag_decorator.py
[2025-01-22T13:19:35.368+0000] {logging_mixin.py:190} INFO - [2025-01-22T13:19:35.368+0000] {dag.py:3239} INFO - Sync 1 DAGs
[2025-01-22T13:19:35.377+0000] {logging_mixin.py:190} INFO - [2025-01-22T13:19:35.377+0000] {dag.py:4180} INFO - Setting next_dagrun for example_dag_decorator to None, run_after=None
[2025-01-22T13:19:35.393+0000] {processor.py:208} INFO - Processing /usr/local/python/3.12.1/lib/python3.12/site-packages/airflow/example_dags/example_dag_decorator.py took 0.055 seconds
[2025-01-22T13:20:28.222+0000] {processor.py:186} INFO - Started process (PID=21309) to work on /usr/local/python/3.12.1/lib/python3.12/site-packages/airflow/example_dags/example_dag_decorator.py
[2025-01-22T13:20:28.222+0000] {processor.py:914} INFO - Processing file /usr/local/python/3.12.1/lib/python3.12/site-packages/airflow/example_dags/example_dag_decorator.py for tasks to queue
[2025-01-22T13:20:28.224+0000] {logging_mixin.py:190} INFO - [2025-01-22T13:20:28.224+0000] {dagbag.py:588} INFO - Filling up the DagBag from /usr/local/python/3.12.1/lib/python3.12/site-packages/airflow/example_dags/example_dag_decorator.py
[2025-01-22T13:20:28.234+0000] {processor.py:925} INFO - DAG(s) 'example_dag_decorator' retrieved from /usr/local/python/3.12.1/lib/python3.12/site-packages/airflow/example_dags/example_dag_decorator.py
[2025-01-22T13:20:28.306+0000] {logging_mixin.py:190} INFO - [2025-01-22T13:20:28.306+0000] {dag.py:3239} INFO - Sync 1 DAGs
[2025-01-22T13:20:28.314+0000] {logging_mixin.py:190} INFO - [2025-01-22T13:20:28.314+0000] {dag.py:4180} INFO - Setting next_dagrun for example_dag_decorator to None, run_after=None
[2025-01-22T13:20:28.328+0000] {processor.py:208} INFO - Processing /usr/local/python/3.12.1/lib/python3.12/site-packages/airflow/example_dags/example_dag_decorator.py took 0.110 seconds
