[2025-01-22T12:52:55.486+0000] {processor.py:186} INFO - Started process (PID=5608) to work on /usr/local/python/3.12.1/lib/python3.12/site-packages/airflow/example_dags/example_dataset_alias.py
[2025-01-22T12:52:55.486+0000] {processor.py:914} INFO - Processing file /usr/local/python/3.12.1/lib/python3.12/site-packages/airflow/example_dags/example_dataset_alias.py for tasks to queue
[2025-01-22T12:52:55.488+0000] {logging_mixin.py:190} INFO - [2025-01-22T12:52:55.487+0000] {dagbag.py:588} INFO - Filling up the DagBag from /usr/local/python/3.12.1/lib/python3.12/site-packages/airflow/example_dags/example_dataset_alias.py
[2025-01-22T12:52:55.500+0000] {processor.py:925} INFO - DAG(s) 'dataset_s3_bucket_consumer', 'dataset_alias_example_alias_producer', 'dataset_s3_bucket_producer', 'dataset_alias_example_alias_consumer' retrieved from /usr/local/python/3.12.1/lib/python3.12/site-packages/airflow/example_dags/example_dataset_alias.py
[2025-01-22T12:52:55.569+0000] {logging_mixin.py:190} INFO - [2025-01-22T12:52:55.569+0000] {override.py:1911} INFO - Created Permission View: can delete on DAG:dataset_s3_bucket_consumer
[2025-01-22T12:52:55.577+0000] {logging_mixin.py:190} INFO - [2025-01-22T12:52:55.577+0000] {override.py:1911} INFO - Created Permission View: can edit on DAG:dataset_s3_bucket_consumer
[2025-01-22T12:52:55.582+0000] {logging_mixin.py:190} INFO - [2025-01-22T12:52:55.582+0000] {override.py:1911} INFO - Created Permission View: can read on DAG:dataset_s3_bucket_consumer
[2025-01-22T12:52:55.590+0000] {logging_mixin.py:190} INFO - [2025-01-22T12:52:55.590+0000] {override.py:1911} INFO - Created Permission View: can create on DAG Run:dataset_s3_bucket_consumer
[2025-01-22T12:52:55.595+0000] {logging_mixin.py:190} INFO - [2025-01-22T12:52:55.595+0000] {override.py:1911} INFO - Created Permission View: can read on DAG Run:dataset_s3_bucket_consumer
[2025-01-22T12:52:55.600+0000] {logging_mixin.py:190} INFO - [2025-01-22T12:52:55.600+0000] {override.py:1911} INFO - Created Permission View: menu access on DAG Run:dataset_s3_bucket_consumer
[2025-01-22T12:52:55.605+0000] {logging_mixin.py:190} INFO - [2025-01-22T12:52:55.605+0000] {override.py:1911} INFO - Created Permission View: can delete on DAG Run:dataset_s3_bucket_consumer
[2025-01-22T12:52:55.620+0000] {logging_mixin.py:190} INFO - [2025-01-22T12:52:55.620+0000] {override.py:1911} INFO - Created Permission View: can delete on DAG:dataset_alias_example_alias_producer
[2025-01-22T12:52:55.626+0000] {logging_mixin.py:190} INFO - [2025-01-22T12:52:55.626+0000] {override.py:1911} INFO - Created Permission View: can edit on DAG:dataset_alias_example_alias_producer
[2025-01-22T12:52:55.633+0000] {logging_mixin.py:190} INFO - [2025-01-22T12:52:55.633+0000] {override.py:1911} INFO - Created Permission View: can read on DAG:dataset_alias_example_alias_producer
[2025-01-22T12:52:55.641+0000] {logging_mixin.py:190} INFO - [2025-01-22T12:52:55.641+0000] {override.py:1911} INFO - Created Permission View: can create on DAG Run:dataset_alias_example_alias_producer
[2025-01-22T12:52:55.646+0000] {logging_mixin.py:190} INFO - [2025-01-22T12:52:55.646+0000] {override.py:1911} INFO - Created Permission View: can read on DAG Run:dataset_alias_example_alias_producer
[2025-01-22T12:52:55.651+0000] {logging_mixin.py:190} INFO - [2025-01-22T12:52:55.650+0000] {override.py:1911} INFO - Created Permission View: menu access on DAG Run:dataset_alias_example_alias_producer
[2025-01-22T12:52:55.656+0000] {logging_mixin.py:190} INFO - [2025-01-22T12:52:55.655+0000] {override.py:1911} INFO - Created Permission View: can delete on DAG Run:dataset_alias_example_alias_producer
[2025-01-22T12:52:55.666+0000] {logging_mixin.py:190} INFO - [2025-01-22T12:52:55.666+0000] {override.py:1911} INFO - Created Permission View: can delete on DAG:dataset_s3_bucket_producer
[2025-01-22T12:52:55.671+0000] {logging_mixin.py:190} INFO - [2025-01-22T12:52:55.670+0000] {override.py:1911} INFO - Created Permission View: can edit on DAG:dataset_s3_bucket_producer
[2025-01-22T12:52:55.675+0000] {logging_mixin.py:190} INFO - [2025-01-22T12:52:55.675+0000] {override.py:1911} INFO - Created Permission View: can read on DAG:dataset_s3_bucket_producer
[2025-01-22T12:52:55.682+0000] {logging_mixin.py:190} INFO - [2025-01-22T12:52:55.682+0000] {override.py:1911} INFO - Created Permission View: can create on DAG Run:dataset_s3_bucket_producer
[2025-01-22T12:52:55.689+0000] {logging_mixin.py:190} INFO - [2025-01-22T12:52:55.689+0000] {override.py:1911} INFO - Created Permission View: can read on DAG Run:dataset_s3_bucket_producer
[2025-01-22T12:52:55.694+0000] {logging_mixin.py:190} INFO - [2025-01-22T12:52:55.694+0000] {override.py:1911} INFO - Created Permission View: menu access on DAG Run:dataset_s3_bucket_producer
[2025-01-22T12:52:55.702+0000] {logging_mixin.py:190} INFO - [2025-01-22T12:52:55.702+0000] {override.py:1911} INFO - Created Permission View: can delete on DAG Run:dataset_s3_bucket_producer
[2025-01-22T12:52:55.718+0000] {logging_mixin.py:190} INFO - [2025-01-22T12:52:55.717+0000] {override.py:1911} INFO - Created Permission View: can delete on DAG:dataset_alias_example_alias_consumer
[2025-01-22T12:52:55.725+0000] {logging_mixin.py:190} INFO - [2025-01-22T12:52:55.724+0000] {override.py:1911} INFO - Created Permission View: can edit on DAG:dataset_alias_example_alias_consumer
[2025-01-22T12:52:55.733+0000] {logging_mixin.py:190} INFO - [2025-01-22T12:52:55.732+0000] {override.py:1911} INFO - Created Permission View: can read on DAG:dataset_alias_example_alias_consumer
[2025-01-22T12:52:55.739+0000] {logging_mixin.py:190} INFO - [2025-01-22T12:52:55.739+0000] {override.py:1911} INFO - Created Permission View: can create on DAG Run:dataset_alias_example_alias_consumer
[2025-01-22T12:52:55.744+0000] {logging_mixin.py:190} INFO - [2025-01-22T12:52:55.744+0000] {override.py:1911} INFO - Created Permission View: can read on DAG Run:dataset_alias_example_alias_consumer
[2025-01-22T12:52:55.748+0000] {logging_mixin.py:190} INFO - [2025-01-22T12:52:55.748+0000] {override.py:1911} INFO - Created Permission View: menu access on DAG Run:dataset_alias_example_alias_consumer
[2025-01-22T12:52:55.753+0000] {logging_mixin.py:190} INFO - [2025-01-22T12:52:55.753+0000] {override.py:1911} INFO - Created Permission View: can delete on DAG Run:dataset_alias_example_alias_consumer
[2025-01-22T12:52:55.753+0000] {logging_mixin.py:190} INFO - [2025-01-22T12:52:55.753+0000] {dag.py:3239} INFO - Sync 4 DAGs
[2025-01-22T12:52:55.761+0000] {logging_mixin.py:190} INFO - [2025-01-22T12:52:55.761+0000] {dag.py:3262} INFO - Creating ORM DAG for dataset_alias_example_alias_consumer
[2025-01-22T12:52:55.762+0000] {logging_mixin.py:190} INFO - [2025-01-22T12:52:55.762+0000] {dag.py:3262} INFO - Creating ORM DAG for dataset_s3_bucket_producer
[2025-01-22T12:52:55.762+0000] {logging_mixin.py:190} INFO - [2025-01-22T12:52:55.762+0000] {dag.py:3262} INFO - Creating ORM DAG for dataset_alias_example_alias_producer
[2025-01-22T12:52:55.763+0000] {logging_mixin.py:190} INFO - [2025-01-22T12:52:55.763+0000] {dag.py:3262} INFO - Creating ORM DAG for dataset_s3_bucket_consumer
[2025-01-22T12:52:55.768+0000] {logging_mixin.py:190} INFO - [2025-01-22T12:52:55.768+0000] {dag.py:4180} INFO - Setting next_dagrun for dataset_alias_example_alias_consumer to None, run_after=None
[2025-01-22T12:52:55.769+0000] {logging_mixin.py:190} INFO - [2025-01-22T12:52:55.769+0000] {dag.py:4180} INFO - Setting next_dagrun for dataset_alias_example_alias_producer to None, run_after=None
[2025-01-22T12:52:55.769+0000] {logging_mixin.py:190} INFO - [2025-01-22T12:52:55.769+0000] {dag.py:4180} INFO - Setting next_dagrun for dataset_s3_bucket_consumer to None, run_after=None
[2025-01-22T12:52:55.770+0000] {logging_mixin.py:190} INFO - [2025-01-22T12:52:55.770+0000] {dag.py:4180} INFO - Setting next_dagrun for dataset_s3_bucket_producer to None, run_after=None
[2025-01-22T12:52:55.789+0000] {processor.py:208} INFO - Processing /usr/local/python/3.12.1/lib/python3.12/site-packages/airflow/example_dags/example_dataset_alias.py took 0.307 seconds
[2025-01-22T12:53:53.683+0000] {processor.py:186} INFO - Started process (PID=6528) to work on /usr/local/python/3.12.1/lib/python3.12/site-packages/airflow/example_dags/example_dataset_alias.py
[2025-01-22T12:53:53.684+0000] {processor.py:914} INFO - Processing file /usr/local/python/3.12.1/lib/python3.12/site-packages/airflow/example_dags/example_dataset_alias.py for tasks to queue
[2025-01-22T12:53:53.685+0000] {logging_mixin.py:190} INFO - [2025-01-22T12:53:53.685+0000] {dagbag.py:588} INFO - Filling up the DagBag from /usr/local/python/3.12.1/lib/python3.12/site-packages/airflow/example_dags/example_dataset_alias.py
[2025-01-22T12:53:53.702+0000] {processor.py:925} INFO - DAG(s) 'dataset_s3_bucket_consumer', 'dataset_alias_example_alias_consumer', 'dataset_alias_example_alias_producer', 'dataset_s3_bucket_producer' retrieved from /usr/local/python/3.12.1/lib/python3.12/site-packages/airflow/example_dags/example_dataset_alias.py
[2025-01-22T12:53:53.716+0000] {logging_mixin.py:190} INFO - [2025-01-22T12:53:53.716+0000] {dag.py:3239} INFO - Sync 4 DAGs
[2025-01-22T12:53:53.731+0000] {logging_mixin.py:190} INFO - [2025-01-22T12:53:53.730+0000] {dag.py:4180} INFO - Setting next_dagrun for dataset_alias_example_alias_consumer to None, run_after=None
[2025-01-22T12:53:53.732+0000] {logging_mixin.py:190} INFO - [2025-01-22T12:53:53.732+0000] {dag.py:4180} INFO - Setting next_dagrun for dataset_alias_example_alias_producer to None, run_after=None
[2025-01-22T12:53:53.733+0000] {logging_mixin.py:190} INFO - [2025-01-22T12:53:53.733+0000] {dag.py:4180} INFO - Setting next_dagrun for dataset_s3_bucket_consumer to None, run_after=None
[2025-01-22T12:53:53.734+0000] {logging_mixin.py:190} INFO - [2025-01-22T12:53:53.733+0000] {dag.py:4180} INFO - Setting next_dagrun for dataset_s3_bucket_producer to None, run_after=None
[2025-01-22T12:53:53.749+0000] {processor.py:208} INFO - Processing /usr/local/python/3.12.1/lib/python3.12/site-packages/airflow/example_dags/example_dataset_alias.py took 0.070 seconds
[2025-01-22T12:54:48.964+0000] {processor.py:186} INFO - Started process (PID=7128) to work on /usr/local/python/3.12.1/lib/python3.12/site-packages/airflow/example_dags/example_dataset_alias.py
[2025-01-22T12:54:48.965+0000] {processor.py:914} INFO - Processing file /usr/local/python/3.12.1/lib/python3.12/site-packages/airflow/example_dags/example_dataset_alias.py for tasks to queue
[2025-01-22T12:54:48.966+0000] {logging_mixin.py:190} INFO - [2025-01-22T12:54:48.966+0000] {dagbag.py:588} INFO - Filling up the DagBag from /usr/local/python/3.12.1/lib/python3.12/site-packages/airflow/example_dags/example_dataset_alias.py
[2025-01-22T12:54:48.982+0000] {processor.py:925} INFO - DAG(s) 'dataset_s3_bucket_producer', 'dataset_s3_bucket_consumer', 'dataset_alias_example_alias_producer', 'dataset_alias_example_alias_consumer' retrieved from /usr/local/python/3.12.1/lib/python3.12/site-packages/airflow/example_dags/example_dataset_alias.py
[2025-01-22T12:54:48.996+0000] {logging_mixin.py:190} INFO - [2025-01-22T12:54:48.996+0000] {dag.py:3239} INFO - Sync 4 DAGs
[2025-01-22T12:54:49.010+0000] {logging_mixin.py:190} INFO - [2025-01-22T12:54:49.009+0000] {dag.py:4180} INFO - Setting next_dagrun for dataset_alias_example_alias_consumer to None, run_after=None
[2025-01-22T12:54:49.011+0000] {logging_mixin.py:190} INFO - [2025-01-22T12:54:49.011+0000] {dag.py:4180} INFO - Setting next_dagrun for dataset_alias_example_alias_producer to None, run_after=None
[2025-01-22T12:54:49.012+0000] {logging_mixin.py:190} INFO - [2025-01-22T12:54:49.012+0000] {dag.py:4180} INFO - Setting next_dagrun for dataset_s3_bucket_consumer to None, run_after=None
[2025-01-22T12:54:49.013+0000] {logging_mixin.py:190} INFO - [2025-01-22T12:54:49.012+0000] {dag.py:4180} INFO - Setting next_dagrun for dataset_s3_bucket_producer to None, run_after=None
[2025-01-22T12:54:49.029+0000] {processor.py:208} INFO - Processing /usr/local/python/3.12.1/lib/python3.12/site-packages/airflow/example_dags/example_dataset_alias.py took 0.069 seconds
[2025-01-22T12:55:43.430+0000] {processor.py:186} INFO - Started process (PID=7637) to work on /usr/local/python/3.12.1/lib/python3.12/site-packages/airflow/example_dags/example_dataset_alias.py
[2025-01-22T12:55:43.431+0000] {processor.py:914} INFO - Processing file /usr/local/python/3.12.1/lib/python3.12/site-packages/airflow/example_dags/example_dataset_alias.py for tasks to queue
[2025-01-22T12:55:43.433+0000] {logging_mixin.py:190} INFO - [2025-01-22T12:55:43.432+0000] {dagbag.py:588} INFO - Filling up the DagBag from /usr/local/python/3.12.1/lib/python3.12/site-packages/airflow/example_dags/example_dataset_alias.py
[2025-01-22T12:55:43.449+0000] {processor.py:925} INFO - DAG(s) 'dataset_alias_example_alias_consumer', 'dataset_alias_example_alias_producer', 'dataset_s3_bucket_producer', 'dataset_s3_bucket_consumer' retrieved from /usr/local/python/3.12.1/lib/python3.12/site-packages/airflow/example_dags/example_dataset_alias.py
[2025-01-22T12:55:43.463+0000] {logging_mixin.py:190} INFO - [2025-01-22T12:55:43.463+0000] {dag.py:3239} INFO - Sync 4 DAGs
[2025-01-22T12:55:43.477+0000] {logging_mixin.py:190} INFO - [2025-01-22T12:55:43.477+0000] {dag.py:4180} INFO - Setting next_dagrun for dataset_alias_example_alias_consumer to None, run_after=None
[2025-01-22T12:55:43.479+0000] {logging_mixin.py:190} INFO - [2025-01-22T12:55:43.479+0000] {dag.py:4180} INFO - Setting next_dagrun for dataset_alias_example_alias_producer to None, run_after=None
[2025-01-22T12:55:43.479+0000] {logging_mixin.py:190} INFO - [2025-01-22T12:55:43.479+0000] {dag.py:4180} INFO - Setting next_dagrun for dataset_s3_bucket_consumer to None, run_after=None
[2025-01-22T12:55:43.480+0000] {logging_mixin.py:190} INFO - [2025-01-22T12:55:43.480+0000] {dag.py:4180} INFO - Setting next_dagrun for dataset_s3_bucket_producer to None, run_after=None
[2025-01-22T12:55:43.496+0000] {processor.py:208} INFO - Processing /usr/local/python/3.12.1/lib/python3.12/site-packages/airflow/example_dags/example_dataset_alias.py took 0.069 seconds
[2025-01-22T12:56:35.264+0000] {processor.py:186} INFO - Started process (PID=8060) to work on /usr/local/python/3.12.1/lib/python3.12/site-packages/airflow/example_dags/example_dataset_alias.py
[2025-01-22T12:56:35.265+0000] {processor.py:914} INFO - Processing file /usr/local/python/3.12.1/lib/python3.12/site-packages/airflow/example_dags/example_dataset_alias.py for tasks to queue
[2025-01-22T12:56:35.267+0000] {logging_mixin.py:190} INFO - [2025-01-22T12:56:35.267+0000] {dagbag.py:588} INFO - Filling up the DagBag from /usr/local/python/3.12.1/lib/python3.12/site-packages/airflow/example_dags/example_dataset_alias.py
[2025-01-22T12:56:35.290+0000] {processor.py:925} INFO - DAG(s) 'dataset_s3_bucket_producer', 'dataset_alias_example_alias_producer', 'dataset_alias_example_alias_consumer', 'dataset_s3_bucket_consumer' retrieved from /usr/local/python/3.12.1/lib/python3.12/site-packages/airflow/example_dags/example_dataset_alias.py
[2025-01-22T12:56:35.310+0000] {logging_mixin.py:190} INFO - [2025-01-22T12:56:35.309+0000] {dag.py:3239} INFO - Sync 4 DAGs
[2025-01-22T12:56:35.330+0000] {logging_mixin.py:190} INFO - [2025-01-22T12:56:35.330+0000] {dag.py:4180} INFO - Setting next_dagrun for dataset_alias_example_alias_consumer to None, run_after=None
[2025-01-22T12:56:35.332+0000] {logging_mixin.py:190} INFO - [2025-01-22T12:56:35.332+0000] {dag.py:4180} INFO - Setting next_dagrun for dataset_alias_example_alias_producer to None, run_after=None
[2025-01-22T12:56:35.333+0000] {logging_mixin.py:190} INFO - [2025-01-22T12:56:35.333+0000] {dag.py:4180} INFO - Setting next_dagrun for dataset_s3_bucket_consumer to None, run_after=None
[2025-01-22T12:56:35.334+0000] {logging_mixin.py:190} INFO - [2025-01-22T12:56:35.334+0000] {dag.py:4180} INFO - Setting next_dagrun for dataset_s3_bucket_producer to None, run_after=None
[2025-01-22T12:56:35.356+0000] {processor.py:208} INFO - Processing /usr/local/python/3.12.1/lib/python3.12/site-packages/airflow/example_dags/example_dataset_alias.py took 0.099 seconds
[2025-01-22T12:57:25.801+0000] {processor.py:186} INFO - Started process (PID=8507) to work on /usr/local/python/3.12.1/lib/python3.12/site-packages/airflow/example_dags/example_dataset_alias.py
[2025-01-22T12:57:25.801+0000] {processor.py:914} INFO - Processing file /usr/local/python/3.12.1/lib/python3.12/site-packages/airflow/example_dags/example_dataset_alias.py for tasks to queue
[2025-01-22T12:57:25.803+0000] {logging_mixin.py:190} INFO - [2025-01-22T12:57:25.803+0000] {dagbag.py:588} INFO - Filling up the DagBag from /usr/local/python/3.12.1/lib/python3.12/site-packages/airflow/example_dags/example_dataset_alias.py
[2025-01-22T12:57:25.819+0000] {processor.py:925} INFO - DAG(s) 'dataset_s3_bucket_consumer', 'dataset_alias_example_alias_producer', 'dataset_alias_example_alias_consumer', 'dataset_s3_bucket_producer' retrieved from /usr/local/python/3.12.1/lib/python3.12/site-packages/airflow/example_dags/example_dataset_alias.py
[2025-01-22T12:57:25.833+0000] {logging_mixin.py:190} INFO - [2025-01-22T12:57:25.832+0000] {dag.py:3239} INFO - Sync 4 DAGs
[2025-01-22T12:57:25.846+0000] {logging_mixin.py:190} INFO - [2025-01-22T12:57:25.846+0000] {dag.py:4180} INFO - Setting next_dagrun for dataset_alias_example_alias_consumer to None, run_after=None
[2025-01-22T12:57:25.848+0000] {logging_mixin.py:190} INFO - [2025-01-22T12:57:25.847+0000] {dag.py:4180} INFO - Setting next_dagrun for dataset_alias_example_alias_producer to None, run_after=None
[2025-01-22T12:57:25.848+0000] {logging_mixin.py:190} INFO - [2025-01-22T12:57:25.848+0000] {dag.py:4180} INFO - Setting next_dagrun for dataset_s3_bucket_consumer to None, run_after=None
[2025-01-22T12:57:25.849+0000] {logging_mixin.py:190} INFO - [2025-01-22T12:57:25.849+0000] {dag.py:4180} INFO - Setting next_dagrun for dataset_s3_bucket_producer to None, run_after=None
[2025-01-22T12:57:25.866+0000] {processor.py:208} INFO - Processing /usr/local/python/3.12.1/lib/python3.12/site-packages/airflow/example_dags/example_dataset_alias.py took 0.069 seconds
[2025-01-22T12:58:18.729+0000] {processor.py:186} INFO - Started process (PID=8919) to work on /usr/local/python/3.12.1/lib/python3.12/site-packages/airflow/example_dags/example_dataset_alias.py
[2025-01-22T12:58:18.730+0000] {processor.py:914} INFO - Processing file /usr/local/python/3.12.1/lib/python3.12/site-packages/airflow/example_dags/example_dataset_alias.py for tasks to queue
[2025-01-22T12:58:18.731+0000] {logging_mixin.py:190} INFO - [2025-01-22T12:58:18.731+0000] {dagbag.py:588} INFO - Filling up the DagBag from /usr/local/python/3.12.1/lib/python3.12/site-packages/airflow/example_dags/example_dataset_alias.py
[2025-01-22T12:58:18.748+0000] {processor.py:925} INFO - DAG(s) 'dataset_alias_example_alias_producer', 'dataset_s3_bucket_consumer', 'dataset_s3_bucket_producer', 'dataset_alias_example_alias_consumer' retrieved from /usr/local/python/3.12.1/lib/python3.12/site-packages/airflow/example_dags/example_dataset_alias.py
[2025-01-22T12:58:18.762+0000] {logging_mixin.py:190} INFO - [2025-01-22T12:58:18.762+0000] {dag.py:3239} INFO - Sync 4 DAGs
[2025-01-22T12:58:18.776+0000] {logging_mixin.py:190} INFO - [2025-01-22T12:58:18.776+0000] {dag.py:4180} INFO - Setting next_dagrun for dataset_alias_example_alias_consumer to None, run_after=None
[2025-01-22T12:58:18.778+0000] {logging_mixin.py:190} INFO - [2025-01-22T12:58:18.777+0000] {dag.py:4180} INFO - Setting next_dagrun for dataset_alias_example_alias_producer to None, run_after=None
[2025-01-22T12:58:18.778+0000] {logging_mixin.py:190} INFO - [2025-01-22T12:58:18.778+0000] {dag.py:4180} INFO - Setting next_dagrun for dataset_s3_bucket_consumer to None, run_after=None
[2025-01-22T12:58:18.779+0000] {logging_mixin.py:190} INFO - [2025-01-22T12:58:18.779+0000] {dag.py:4180} INFO - Setting next_dagrun for dataset_s3_bucket_producer to None, run_after=None
[2025-01-22T12:58:18.795+0000] {processor.py:208} INFO - Processing /usr/local/python/3.12.1/lib/python3.12/site-packages/airflow/example_dags/example_dataset_alias.py took 0.070 seconds
[2025-01-22T12:59:08.516+0000] {processor.py:186} INFO - Started process (PID=9336) to work on /usr/local/python/3.12.1/lib/python3.12/site-packages/airflow/example_dags/example_dataset_alias.py
[2025-01-22T12:59:08.517+0000] {processor.py:914} INFO - Processing file /usr/local/python/3.12.1/lib/python3.12/site-packages/airflow/example_dags/example_dataset_alias.py for tasks to queue
[2025-01-22T12:59:08.519+0000] {logging_mixin.py:190} INFO - [2025-01-22T12:59:08.518+0000] {dagbag.py:588} INFO - Filling up the DagBag from /usr/local/python/3.12.1/lib/python3.12/site-packages/airflow/example_dags/example_dataset_alias.py
[2025-01-22T12:59:08.535+0000] {processor.py:925} INFO - DAG(s) 'dataset_s3_bucket_producer', 'dataset_alias_example_alias_producer', 'dataset_alias_example_alias_consumer', 'dataset_s3_bucket_consumer' retrieved from /usr/local/python/3.12.1/lib/python3.12/site-packages/airflow/example_dags/example_dataset_alias.py
[2025-01-22T12:59:08.558+0000] {logging_mixin.py:190} INFO - [2025-01-22T12:59:08.558+0000] {dag.py:3239} INFO - Sync 4 DAGs
[2025-01-22T12:59:08.581+0000] {logging_mixin.py:190} INFO - [2025-01-22T12:59:08.581+0000] {dag.py:4180} INFO - Setting next_dagrun for dataset_alias_example_alias_consumer to None, run_after=None
[2025-01-22T12:59:08.583+0000] {logging_mixin.py:190} INFO - [2025-01-22T12:59:08.583+0000] {dag.py:4180} INFO - Setting next_dagrun for dataset_alias_example_alias_producer to None, run_after=None
[2025-01-22T12:59:08.585+0000] {logging_mixin.py:190} INFO - [2025-01-22T12:59:08.584+0000] {dag.py:4180} INFO - Setting next_dagrun for dataset_s3_bucket_consumer to None, run_after=None
[2025-01-22T12:59:08.586+0000] {logging_mixin.py:190} INFO - [2025-01-22T12:59:08.585+0000] {dag.py:4180} INFO - Setting next_dagrun for dataset_s3_bucket_producer to None, run_after=None
[2025-01-22T12:59:08.604+0000] {processor.py:208} INFO - Processing /usr/local/python/3.12.1/lib/python3.12/site-packages/airflow/example_dags/example_dataset_alias.py took 0.091 seconds
[2025-01-22T13:00:01.421+0000] {processor.py:186} INFO - Started process (PID=9765) to work on /usr/local/python/3.12.1/lib/python3.12/site-packages/airflow/example_dags/example_dataset_alias.py
[2025-01-22T13:00:01.422+0000] {processor.py:914} INFO - Processing file /usr/local/python/3.12.1/lib/python3.12/site-packages/airflow/example_dags/example_dataset_alias.py for tasks to queue
[2025-01-22T13:00:01.423+0000] {logging_mixin.py:190} INFO - [2025-01-22T13:00:01.423+0000] {dagbag.py:588} INFO - Filling up the DagBag from /usr/local/python/3.12.1/lib/python3.12/site-packages/airflow/example_dags/example_dataset_alias.py
[2025-01-22T13:00:01.450+0000] {processor.py:925} INFO - DAG(s) 'dataset_alias_example_alias_consumer', 'dataset_s3_bucket_producer', 'dataset_s3_bucket_consumer', 'dataset_alias_example_alias_producer' retrieved from /usr/local/python/3.12.1/lib/python3.12/site-packages/airflow/example_dags/example_dataset_alias.py
[2025-01-22T13:00:01.466+0000] {logging_mixin.py:190} INFO - [2025-01-22T13:00:01.465+0000] {dag.py:3239} INFO - Sync 4 DAGs
[2025-01-22T13:00:01.484+0000] {logging_mixin.py:190} INFO - [2025-01-22T13:00:01.484+0000] {dag.py:4180} INFO - Setting next_dagrun for dataset_alias_example_alias_consumer to None, run_after=None
[2025-01-22T13:00:01.486+0000] {logging_mixin.py:190} INFO - [2025-01-22T13:00:01.486+0000] {dag.py:4180} INFO - Setting next_dagrun for dataset_alias_example_alias_producer to None, run_after=None
[2025-01-22T13:00:01.487+0000] {logging_mixin.py:190} INFO - [2025-01-22T13:00:01.486+0000] {dag.py:4180} INFO - Setting next_dagrun for dataset_s3_bucket_consumer to None, run_after=None
[2025-01-22T13:00:01.487+0000] {logging_mixin.py:190} INFO - [2025-01-22T13:00:01.487+0000] {dag.py:4180} INFO - Setting next_dagrun for dataset_s3_bucket_producer to None, run_after=None
[2025-01-22T13:00:01.503+0000] {processor.py:208} INFO - Processing /usr/local/python/3.12.1/lib/python3.12/site-packages/airflow/example_dags/example_dataset_alias.py took 0.086 seconds
[2025-01-22T13:00:52.828+0000] {processor.py:186} INFO - Started process (PID=10183) to work on /usr/local/python/3.12.1/lib/python3.12/site-packages/airflow/example_dags/example_dataset_alias.py
[2025-01-22T13:00:52.828+0000] {processor.py:914} INFO - Processing file /usr/local/python/3.12.1/lib/python3.12/site-packages/airflow/example_dags/example_dataset_alias.py for tasks to queue
[2025-01-22T13:00:52.830+0000] {logging_mixin.py:190} INFO - [2025-01-22T13:00:52.830+0000] {dagbag.py:588} INFO - Filling up the DagBag from /usr/local/python/3.12.1/lib/python3.12/site-packages/airflow/example_dags/example_dataset_alias.py
[2025-01-22T13:00:52.846+0000] {processor.py:925} INFO - DAG(s) 'dataset_s3_bucket_producer', 'dataset_alias_example_alias_producer', 'dataset_alias_example_alias_consumer', 'dataset_s3_bucket_consumer' retrieved from /usr/local/python/3.12.1/lib/python3.12/site-packages/airflow/example_dags/example_dataset_alias.py
[2025-01-22T13:00:52.859+0000] {logging_mixin.py:190} INFO - [2025-01-22T13:00:52.859+0000] {dag.py:3239} INFO - Sync 4 DAGs
[2025-01-22T13:00:52.873+0000] {logging_mixin.py:190} INFO - [2025-01-22T13:00:52.873+0000] {dag.py:4180} INFO - Setting next_dagrun for dataset_alias_example_alias_consumer to None, run_after=None
[2025-01-22T13:00:52.874+0000] {logging_mixin.py:190} INFO - [2025-01-22T13:00:52.874+0000] {dag.py:4180} INFO - Setting next_dagrun for dataset_alias_example_alias_producer to None, run_after=None
[2025-01-22T13:00:52.875+0000] {logging_mixin.py:190} INFO - [2025-01-22T13:00:52.875+0000] {dag.py:4180} INFO - Setting next_dagrun for dataset_s3_bucket_consumer to None, run_after=None
[2025-01-22T13:00:52.876+0000] {logging_mixin.py:190} INFO - [2025-01-22T13:00:52.876+0000] {dag.py:4180} INFO - Setting next_dagrun for dataset_s3_bucket_producer to None, run_after=None
[2025-01-22T13:00:52.892+0000] {processor.py:208} INFO - Processing /usr/local/python/3.12.1/lib/python3.12/site-packages/airflow/example_dags/example_dataset_alias.py took 0.068 seconds
[2025-01-22T13:01:44.706+0000] {processor.py:186} INFO - Started process (PID=10615) to work on /usr/local/python/3.12.1/lib/python3.12/site-packages/airflow/example_dags/example_dataset_alias.py
[2025-01-22T13:01:44.707+0000] {processor.py:914} INFO - Processing file /usr/local/python/3.12.1/lib/python3.12/site-packages/airflow/example_dags/example_dataset_alias.py for tasks to queue
[2025-01-22T13:01:44.709+0000] {logging_mixin.py:190} INFO - [2025-01-22T13:01:44.708+0000] {dagbag.py:588} INFO - Filling up the DagBag from /usr/local/python/3.12.1/lib/python3.12/site-packages/airflow/example_dags/example_dataset_alias.py
[2025-01-22T13:01:44.725+0000] {processor.py:925} INFO - DAG(s) 'dataset_alias_example_alias_consumer', 'dataset_s3_bucket_consumer', 'dataset_alias_example_alias_producer', 'dataset_s3_bucket_producer' retrieved from /usr/local/python/3.12.1/lib/python3.12/site-packages/airflow/example_dags/example_dataset_alias.py
[2025-01-22T13:01:44.739+0000] {logging_mixin.py:190} INFO - [2025-01-22T13:01:44.739+0000] {dag.py:3239} INFO - Sync 4 DAGs
[2025-01-22T13:01:44.753+0000] {logging_mixin.py:190} INFO - [2025-01-22T13:01:44.753+0000] {dag.py:4180} INFO - Setting next_dagrun for dataset_alias_example_alias_consumer to None, run_after=None
[2025-01-22T13:01:44.755+0000] {logging_mixin.py:190} INFO - [2025-01-22T13:01:44.754+0000] {dag.py:4180} INFO - Setting next_dagrun for dataset_alias_example_alias_producer to None, run_after=None
[2025-01-22T13:01:44.755+0000] {logging_mixin.py:190} INFO - [2025-01-22T13:01:44.755+0000] {dag.py:4180} INFO - Setting next_dagrun for dataset_s3_bucket_consumer to None, run_after=None
[2025-01-22T13:01:44.756+0000] {logging_mixin.py:190} INFO - [2025-01-22T13:01:44.756+0000] {dag.py:4180} INFO - Setting next_dagrun for dataset_s3_bucket_producer to None, run_after=None
[2025-01-22T13:01:44.772+0000] {processor.py:208} INFO - Processing /usr/local/python/3.12.1/lib/python3.12/site-packages/airflow/example_dags/example_dataset_alias.py took 0.070 seconds
[2025-01-22T13:02:35.454+0000] {processor.py:186} INFO - Started process (PID=11095) to work on /usr/local/python/3.12.1/lib/python3.12/site-packages/airflow/example_dags/example_dataset_alias.py
[2025-01-22T13:02:35.454+0000] {processor.py:914} INFO - Processing file /usr/local/python/3.12.1/lib/python3.12/site-packages/airflow/example_dags/example_dataset_alias.py for tasks to queue
[2025-01-22T13:02:35.456+0000] {logging_mixin.py:190} INFO - [2025-01-22T13:02:35.456+0000] {dagbag.py:588} INFO - Filling up the DagBag from /usr/local/python/3.12.1/lib/python3.12/site-packages/airflow/example_dags/example_dataset_alias.py
[2025-01-22T13:02:35.474+0000] {processor.py:925} INFO - DAG(s) 'dataset_s3_bucket_producer', 'dataset_alias_example_alias_consumer', 'dataset_s3_bucket_consumer', 'dataset_alias_example_alias_producer' retrieved from /usr/local/python/3.12.1/lib/python3.12/site-packages/airflow/example_dags/example_dataset_alias.py
[2025-01-22T13:02:35.488+0000] {logging_mixin.py:190} INFO - [2025-01-22T13:02:35.488+0000] {dag.py:3239} INFO - Sync 4 DAGs
[2025-01-22T13:02:35.503+0000] {logging_mixin.py:190} INFO - [2025-01-22T13:02:35.502+0000] {dag.py:4180} INFO - Setting next_dagrun for dataset_alias_example_alias_consumer to None, run_after=None
[2025-01-22T13:02:35.504+0000] {logging_mixin.py:190} INFO - [2025-01-22T13:02:35.504+0000] {dag.py:4180} INFO - Setting next_dagrun for dataset_alias_example_alias_producer to None, run_after=None
[2025-01-22T13:02:35.505+0000] {logging_mixin.py:190} INFO - [2025-01-22T13:02:35.505+0000] {dag.py:4180} INFO - Setting next_dagrun for dataset_s3_bucket_consumer to None, run_after=None
[2025-01-22T13:02:35.506+0000] {logging_mixin.py:190} INFO - [2025-01-22T13:02:35.505+0000] {dag.py:4180} INFO - Setting next_dagrun for dataset_s3_bucket_producer to None, run_after=None
[2025-01-22T13:02:35.521+0000] {processor.py:208} INFO - Processing /usr/local/python/3.12.1/lib/python3.12/site-packages/airflow/example_dags/example_dataset_alias.py took 0.071 seconds
[2025-01-22T13:03:24.525+0000] {processor.py:186} INFO - Started process (PID=11512) to work on /usr/local/python/3.12.1/lib/python3.12/site-packages/airflow/example_dags/example_dataset_alias.py
[2025-01-22T13:03:24.526+0000] {processor.py:914} INFO - Processing file /usr/local/python/3.12.1/lib/python3.12/site-packages/airflow/example_dags/example_dataset_alias.py for tasks to queue
[2025-01-22T13:03:24.527+0000] {logging_mixin.py:190} INFO - [2025-01-22T13:03:24.527+0000] {dagbag.py:588} INFO - Filling up the DagBag from /usr/local/python/3.12.1/lib/python3.12/site-packages/airflow/example_dags/example_dataset_alias.py
[2025-01-22T13:03:24.544+0000] {processor.py:925} INFO - DAG(s) 'dataset_s3_bucket_producer', 'dataset_s3_bucket_consumer', 'dataset_alias_example_alias_producer', 'dataset_alias_example_alias_consumer' retrieved from /usr/local/python/3.12.1/lib/python3.12/site-packages/airflow/example_dags/example_dataset_alias.py
[2025-01-22T13:03:24.557+0000] {logging_mixin.py:190} INFO - [2025-01-22T13:03:24.557+0000] {dag.py:3239} INFO - Sync 4 DAGs
[2025-01-22T13:03:24.572+0000] {logging_mixin.py:190} INFO - [2025-01-22T13:03:24.572+0000] {dag.py:4180} INFO - Setting next_dagrun for dataset_alias_example_alias_consumer to None, run_after=None
[2025-01-22T13:03:24.573+0000] {logging_mixin.py:190} INFO - [2025-01-22T13:03:24.573+0000] {dag.py:4180} INFO - Setting next_dagrun for dataset_alias_example_alias_producer to None, run_after=None
[2025-01-22T13:03:24.574+0000] {logging_mixin.py:190} INFO - [2025-01-22T13:03:24.574+0000] {dag.py:4180} INFO - Setting next_dagrun for dataset_s3_bucket_consumer to None, run_after=None
[2025-01-22T13:03:24.575+0000] {logging_mixin.py:190} INFO - [2025-01-22T13:03:24.575+0000] {dag.py:4180} INFO - Setting next_dagrun for dataset_s3_bucket_producer to None, run_after=None
[2025-01-22T13:03:24.593+0000] {processor.py:208} INFO - Processing /usr/local/python/3.12.1/lib/python3.12/site-packages/airflow/example_dags/example_dataset_alias.py took 0.072 seconds
[2025-01-22T13:04:17.017+0000] {processor.py:186} INFO - Started process (PID=11884) to work on /usr/local/python/3.12.1/lib/python3.12/site-packages/airflow/example_dags/example_dataset_alias.py
[2025-01-22T13:04:17.018+0000] {processor.py:914} INFO - Processing file /usr/local/python/3.12.1/lib/python3.12/site-packages/airflow/example_dags/example_dataset_alias.py for tasks to queue
[2025-01-22T13:04:17.019+0000] {logging_mixin.py:190} INFO - [2025-01-22T13:04:17.019+0000] {dagbag.py:588} INFO - Filling up the DagBag from /usr/local/python/3.12.1/lib/python3.12/site-packages/airflow/example_dags/example_dataset_alias.py
[2025-01-22T13:04:17.035+0000] {processor.py:925} INFO - DAG(s) 'dataset_alias_example_alias_consumer', 'dataset_s3_bucket_producer', 'dataset_s3_bucket_consumer', 'dataset_alias_example_alias_producer' retrieved from /usr/local/python/3.12.1/lib/python3.12/site-packages/airflow/example_dags/example_dataset_alias.py
[2025-01-22T13:04:17.049+0000] {logging_mixin.py:190} INFO - [2025-01-22T13:04:17.049+0000] {dag.py:3239} INFO - Sync 4 DAGs
[2025-01-22T13:04:17.063+0000] {logging_mixin.py:190} INFO - [2025-01-22T13:04:17.063+0000] {dag.py:4180} INFO - Setting next_dagrun for dataset_alias_example_alias_consumer to None, run_after=None
[2025-01-22T13:04:17.065+0000] {logging_mixin.py:190} INFO - [2025-01-22T13:04:17.065+0000] {dag.py:4180} INFO - Setting next_dagrun for dataset_alias_example_alias_producer to None, run_after=None
[2025-01-22T13:04:17.066+0000] {logging_mixin.py:190} INFO - [2025-01-22T13:04:17.066+0000] {dag.py:4180} INFO - Setting next_dagrun for dataset_s3_bucket_consumer to None, run_after=None
[2025-01-22T13:04:17.067+0000] {logging_mixin.py:190} INFO - [2025-01-22T13:04:17.066+0000] {dag.py:4180} INFO - Setting next_dagrun for dataset_s3_bucket_producer to None, run_after=None
[2025-01-22T13:04:17.082+0000] {processor.py:208} INFO - Processing /usr/local/python/3.12.1/lib/python3.12/site-packages/airflow/example_dags/example_dataset_alias.py took 0.069 seconds
[2025-01-22T13:05:08.285+0000] {processor.py:186} INFO - Started process (PID=12301) to work on /usr/local/python/3.12.1/lib/python3.12/site-packages/airflow/example_dags/example_dataset_alias.py
[2025-01-22T13:05:08.286+0000] {processor.py:914} INFO - Processing file /usr/local/python/3.12.1/lib/python3.12/site-packages/airflow/example_dags/example_dataset_alias.py for tasks to queue
[2025-01-22T13:05:08.288+0000] {logging_mixin.py:190} INFO - [2025-01-22T13:05:08.287+0000] {dagbag.py:588} INFO - Filling up the DagBag from /usr/local/python/3.12.1/lib/python3.12/site-packages/airflow/example_dags/example_dataset_alias.py
[2025-01-22T13:05:08.304+0000] {processor.py:925} INFO - DAG(s) 'dataset_s3_bucket_producer', 'dataset_s3_bucket_consumer', 'dataset_alias_example_alias_consumer', 'dataset_alias_example_alias_producer' retrieved from /usr/local/python/3.12.1/lib/python3.12/site-packages/airflow/example_dags/example_dataset_alias.py
[2025-01-22T13:05:08.318+0000] {logging_mixin.py:190} INFO - [2025-01-22T13:05:08.318+0000] {dag.py:3239} INFO - Sync 4 DAGs
[2025-01-22T13:05:08.335+0000] {logging_mixin.py:190} INFO - [2025-01-22T13:05:08.335+0000] {dag.py:4180} INFO - Setting next_dagrun for dataset_alias_example_alias_consumer to None, run_after=None
[2025-01-22T13:05:08.337+0000] {logging_mixin.py:190} INFO - [2025-01-22T13:05:08.337+0000] {dag.py:4180} INFO - Setting next_dagrun for dataset_alias_example_alias_producer to None, run_after=None
[2025-01-22T13:05:08.338+0000] {logging_mixin.py:190} INFO - [2025-01-22T13:05:08.338+0000] {dag.py:4180} INFO - Setting next_dagrun for dataset_s3_bucket_consumer to None, run_after=None
[2025-01-22T13:05:08.338+0000] {logging_mixin.py:190} INFO - [2025-01-22T13:05:08.338+0000] {dag.py:4180} INFO - Setting next_dagrun for dataset_s3_bucket_producer to None, run_after=None
[2025-01-22T13:05:08.353+0000] {processor.py:208} INFO - Processing /usr/local/python/3.12.1/lib/python3.12/site-packages/airflow/example_dags/example_dataset_alias.py took 0.071 seconds
[2025-01-22T13:06:00.073+0000] {processor.py:186} INFO - Started process (PID=12734) to work on /usr/local/python/3.12.1/lib/python3.12/site-packages/airflow/example_dags/example_dataset_alias.py
[2025-01-22T13:06:00.074+0000] {processor.py:914} INFO - Processing file /usr/local/python/3.12.1/lib/python3.12/site-packages/airflow/example_dags/example_dataset_alias.py for tasks to queue
[2025-01-22T13:06:00.076+0000] {logging_mixin.py:190} INFO - [2025-01-22T13:06:00.075+0000] {dagbag.py:588} INFO - Filling up the DagBag from /usr/local/python/3.12.1/lib/python3.12/site-packages/airflow/example_dags/example_dataset_alias.py
[2025-01-22T13:06:00.092+0000] {processor.py:925} INFO - DAG(s) 'dataset_alias_example_alias_consumer', 'dataset_s3_bucket_consumer', 'dataset_s3_bucket_producer', 'dataset_alias_example_alias_producer' retrieved from /usr/local/python/3.12.1/lib/python3.12/site-packages/airflow/example_dags/example_dataset_alias.py
[2025-01-22T13:06:00.106+0000] {logging_mixin.py:190} INFO - [2025-01-22T13:06:00.106+0000] {dag.py:3239} INFO - Sync 4 DAGs
[2025-01-22T13:06:00.120+0000] {logging_mixin.py:190} INFO - [2025-01-22T13:06:00.120+0000] {dag.py:4180} INFO - Setting next_dagrun for dataset_alias_example_alias_consumer to None, run_after=None
[2025-01-22T13:06:00.122+0000] {logging_mixin.py:190} INFO - [2025-01-22T13:06:00.121+0000] {dag.py:4180} INFO - Setting next_dagrun for dataset_alias_example_alias_producer to None, run_after=None
[2025-01-22T13:06:00.122+0000] {logging_mixin.py:190} INFO - [2025-01-22T13:06:00.122+0000] {dag.py:4180} INFO - Setting next_dagrun for dataset_s3_bucket_consumer to None, run_after=None
[2025-01-22T13:06:00.123+0000] {logging_mixin.py:190} INFO - [2025-01-22T13:06:00.123+0000] {dag.py:4180} INFO - Setting next_dagrun for dataset_s3_bucket_producer to None, run_after=None
[2025-01-22T13:06:00.139+0000] {processor.py:208} INFO - Processing /usr/local/python/3.12.1/lib/python3.12/site-packages/airflow/example_dags/example_dataset_alias.py took 0.069 seconds
[2025-01-22T13:06:47.653+0000] {processor.py:186} INFO - Started process (PID=13141) to work on /usr/local/python/3.12.1/lib/python3.12/site-packages/airflow/example_dags/example_dataset_alias.py
[2025-01-22T13:06:47.654+0000] {processor.py:914} INFO - Processing file /usr/local/python/3.12.1/lib/python3.12/site-packages/airflow/example_dags/example_dataset_alias.py for tasks to queue
[2025-01-22T13:06:47.655+0000] {logging_mixin.py:190} INFO - [2025-01-22T13:06:47.655+0000] {dagbag.py:588} INFO - Filling up the DagBag from /usr/local/python/3.12.1/lib/python3.12/site-packages/airflow/example_dags/example_dataset_alias.py
[2025-01-22T13:06:47.672+0000] {processor.py:925} INFO - DAG(s) 'dataset_s3_bucket_consumer', 'dataset_s3_bucket_producer', 'dataset_alias_example_alias_consumer', 'dataset_alias_example_alias_producer' retrieved from /usr/local/python/3.12.1/lib/python3.12/site-packages/airflow/example_dags/example_dataset_alias.py
[2025-01-22T13:06:47.686+0000] {logging_mixin.py:190} INFO - [2025-01-22T13:06:47.685+0000] {dag.py:3239} INFO - Sync 4 DAGs
[2025-01-22T13:06:47.701+0000] {logging_mixin.py:190} INFO - [2025-01-22T13:06:47.700+0000] {dag.py:4180} INFO - Setting next_dagrun for dataset_alias_example_alias_consumer to None, run_after=None
[2025-01-22T13:06:47.703+0000] {logging_mixin.py:190} INFO - [2025-01-22T13:06:47.703+0000] {dag.py:4180} INFO - Setting next_dagrun for dataset_alias_example_alias_producer to None, run_after=None
[2025-01-22T13:06:47.704+0000] {logging_mixin.py:190} INFO - [2025-01-22T13:06:47.704+0000] {dag.py:4180} INFO - Setting next_dagrun for dataset_s3_bucket_consumer to None, run_after=None
[2025-01-22T13:06:47.705+0000] {logging_mixin.py:190} INFO - [2025-01-22T13:06:47.705+0000] {dag.py:4180} INFO - Setting next_dagrun for dataset_s3_bucket_producer to None, run_after=None
[2025-01-22T13:06:47.721+0000] {processor.py:208} INFO - Processing /usr/local/python/3.12.1/lib/python3.12/site-packages/airflow/example_dags/example_dataset_alias.py took 0.072 seconds
[2025-01-22T13:07:34.998+0000] {processor.py:186} INFO - Started process (PID=13537) to work on /usr/local/python/3.12.1/lib/python3.12/site-packages/airflow/example_dags/example_dataset_alias.py
[2025-01-22T13:07:34.999+0000] {processor.py:914} INFO - Processing file /usr/local/python/3.12.1/lib/python3.12/site-packages/airflow/example_dags/example_dataset_alias.py for tasks to queue
[2025-01-22T13:07:35.000+0000] {logging_mixin.py:190} INFO - [2025-01-22T13:07:35.000+0000] {dagbag.py:588} INFO - Filling up the DagBag from /usr/local/python/3.12.1/lib/python3.12/site-packages/airflow/example_dags/example_dataset_alias.py
[2025-01-22T13:07:35.020+0000] {processor.py:925} INFO - DAG(s) 'dataset_s3_bucket_producer', 'dataset_alias_example_alias_consumer', 'dataset_s3_bucket_consumer', 'dataset_alias_example_alias_producer' retrieved from /usr/local/python/3.12.1/lib/python3.12/site-packages/airflow/example_dags/example_dataset_alias.py
[2025-01-22T13:07:35.033+0000] {logging_mixin.py:190} INFO - [2025-01-22T13:07:35.033+0000] {dag.py:3239} INFO - Sync 4 DAGs
[2025-01-22T13:07:35.048+0000] {logging_mixin.py:190} INFO - [2025-01-22T13:07:35.048+0000] {dag.py:4180} INFO - Setting next_dagrun for dataset_alias_example_alias_consumer to None, run_after=None
[2025-01-22T13:07:35.049+0000] {logging_mixin.py:190} INFO - [2025-01-22T13:07:35.049+0000] {dag.py:4180} INFO - Setting next_dagrun for dataset_alias_example_alias_producer to None, run_after=None
[2025-01-22T13:07:35.050+0000] {logging_mixin.py:190} INFO - [2025-01-22T13:07:35.050+0000] {dag.py:4180} INFO - Setting next_dagrun for dataset_s3_bucket_consumer to None, run_after=None
[2025-01-22T13:07:35.051+0000] {logging_mixin.py:190} INFO - [2025-01-22T13:07:35.051+0000] {dag.py:4180} INFO - Setting next_dagrun for dataset_s3_bucket_producer to None, run_after=None
[2025-01-22T13:07:35.065+0000] {processor.py:208} INFO - Processing /usr/local/python/3.12.1/lib/python3.12/site-packages/airflow/example_dags/example_dataset_alias.py took 0.071 seconds
[2025-01-22T13:08:27.966+0000] {processor.py:186} INFO - Started process (PID=14227) to work on /usr/local/python/3.12.1/lib/python3.12/site-packages/airflow/example_dags/example_dataset_alias.py
[2025-01-22T13:08:27.966+0000] {processor.py:914} INFO - Processing file /usr/local/python/3.12.1/lib/python3.12/site-packages/airflow/example_dags/example_dataset_alias.py for tasks to queue
[2025-01-22T13:08:27.968+0000] {logging_mixin.py:190} INFO - [2025-01-22T13:08:27.967+0000] {dagbag.py:588} INFO - Filling up the DagBag from /usr/local/python/3.12.1/lib/python3.12/site-packages/airflow/example_dags/example_dataset_alias.py
[2025-01-22T13:08:27.984+0000] {processor.py:925} INFO - DAG(s) 'dataset_s3_bucket_consumer', 'dataset_s3_bucket_producer', 'dataset_alias_example_alias_producer', 'dataset_alias_example_alias_consumer' retrieved from /usr/local/python/3.12.1/lib/python3.12/site-packages/airflow/example_dags/example_dataset_alias.py
[2025-01-22T13:08:27.998+0000] {logging_mixin.py:190} INFO - [2025-01-22T13:08:27.998+0000] {dag.py:3239} INFO - Sync 4 DAGs
[2025-01-22T13:08:28.012+0000] {logging_mixin.py:190} INFO - [2025-01-22T13:08:28.012+0000] {dag.py:4180} INFO - Setting next_dagrun for dataset_alias_example_alias_consumer to None, run_after=None
[2025-01-22T13:08:28.013+0000] {logging_mixin.py:190} INFO - [2025-01-22T13:08:28.013+0000] {dag.py:4180} INFO - Setting next_dagrun for dataset_alias_example_alias_producer to None, run_after=None
[2025-01-22T13:08:28.014+0000] {logging_mixin.py:190} INFO - [2025-01-22T13:08:28.014+0000] {dag.py:4180} INFO - Setting next_dagrun for dataset_s3_bucket_consumer to None, run_after=None
[2025-01-22T13:08:28.015+0000] {logging_mixin.py:190} INFO - [2025-01-22T13:08:28.015+0000] {dag.py:4180} INFO - Setting next_dagrun for dataset_s3_bucket_producer to None, run_after=None
[2025-01-22T13:08:28.031+0000] {processor.py:208} INFO - Processing /usr/local/python/3.12.1/lib/python3.12/site-packages/airflow/example_dags/example_dataset_alias.py took 0.069 seconds
[2025-01-22T13:09:21.918+0000] {processor.py:186} INFO - Started process (PID=14626) to work on /usr/local/python/3.12.1/lib/python3.12/site-packages/airflow/example_dags/example_dataset_alias.py
[2025-01-22T13:09:21.919+0000] {processor.py:914} INFO - Processing file /usr/local/python/3.12.1/lib/python3.12/site-packages/airflow/example_dags/example_dataset_alias.py for tasks to queue
[2025-01-22T13:09:21.920+0000] {logging_mixin.py:190} INFO - [2025-01-22T13:09:21.920+0000] {dagbag.py:588} INFO - Filling up the DagBag from /usr/local/python/3.12.1/lib/python3.12/site-packages/airflow/example_dags/example_dataset_alias.py
[2025-01-22T13:09:21.936+0000] {processor.py:925} INFO - DAG(s) 'dataset_alias_example_alias_producer', 'dataset_alias_example_alias_consumer', 'dataset_s3_bucket_producer', 'dataset_s3_bucket_consumer' retrieved from /usr/local/python/3.12.1/lib/python3.12/site-packages/airflow/example_dags/example_dataset_alias.py
[2025-01-22T13:09:21.950+0000] {logging_mixin.py:190} INFO - [2025-01-22T13:09:21.950+0000] {dag.py:3239} INFO - Sync 4 DAGs
[2025-01-22T13:09:21.964+0000] {logging_mixin.py:190} INFO - [2025-01-22T13:09:21.964+0000] {dag.py:4180} INFO - Setting next_dagrun for dataset_alias_example_alias_consumer to None, run_after=None
[2025-01-22T13:09:21.965+0000] {logging_mixin.py:190} INFO - [2025-01-22T13:09:21.965+0000] {dag.py:4180} INFO - Setting next_dagrun for dataset_alias_example_alias_producer to None, run_after=None
[2025-01-22T13:09:21.966+0000] {logging_mixin.py:190} INFO - [2025-01-22T13:09:21.966+0000] {dag.py:4180} INFO - Setting next_dagrun for dataset_s3_bucket_consumer to None, run_after=None
[2025-01-22T13:09:21.967+0000] {logging_mixin.py:190} INFO - [2025-01-22T13:09:21.967+0000] {dag.py:4180} INFO - Setting next_dagrun for dataset_s3_bucket_producer to None, run_after=None
[2025-01-22T13:09:21.982+0000] {processor.py:208} INFO - Processing /usr/local/python/3.12.1/lib/python3.12/site-packages/airflow/example_dags/example_dataset_alias.py took 0.068 seconds
[2025-01-22T13:10:13.284+0000] {processor.py:186} INFO - Started process (PID=15034) to work on /usr/local/python/3.12.1/lib/python3.12/site-packages/airflow/example_dags/example_dataset_alias.py
[2025-01-22T13:10:13.285+0000] {processor.py:914} INFO - Processing file /usr/local/python/3.12.1/lib/python3.12/site-packages/airflow/example_dags/example_dataset_alias.py for tasks to queue
[2025-01-22T13:10:13.286+0000] {logging_mixin.py:190} INFO - [2025-01-22T13:10:13.286+0000] {dagbag.py:588} INFO - Filling up the DagBag from /usr/local/python/3.12.1/lib/python3.12/site-packages/airflow/example_dags/example_dataset_alias.py
[2025-01-22T13:10:13.303+0000] {processor.py:925} INFO - DAG(s) 'dataset_alias_example_alias_producer', 'dataset_s3_bucket_consumer', 'dataset_s3_bucket_producer', 'dataset_alias_example_alias_consumer' retrieved from /usr/local/python/3.12.1/lib/python3.12/site-packages/airflow/example_dags/example_dataset_alias.py
[2025-01-22T13:10:13.317+0000] {logging_mixin.py:190} INFO - [2025-01-22T13:10:13.316+0000] {dag.py:3239} INFO - Sync 4 DAGs
[2025-01-22T13:10:13.331+0000] {logging_mixin.py:190} INFO - [2025-01-22T13:10:13.331+0000] {dag.py:4180} INFO - Setting next_dagrun for dataset_alias_example_alias_consumer to None, run_after=None
[2025-01-22T13:10:13.333+0000] {logging_mixin.py:190} INFO - [2025-01-22T13:10:13.333+0000] {dag.py:4180} INFO - Setting next_dagrun for dataset_alias_example_alias_producer to None, run_after=None
[2025-01-22T13:10:13.334+0000] {logging_mixin.py:190} INFO - [2025-01-22T13:10:13.334+0000] {dag.py:4180} INFO - Setting next_dagrun for dataset_s3_bucket_consumer to None, run_after=None
[2025-01-22T13:10:13.335+0000] {logging_mixin.py:190} INFO - [2025-01-22T13:10:13.334+0000] {dag.py:4180} INFO - Setting next_dagrun for dataset_s3_bucket_producer to None, run_after=None
[2025-01-22T13:10:13.350+0000] {processor.py:208} INFO - Processing /usr/local/python/3.12.1/lib/python3.12/site-packages/airflow/example_dags/example_dataset_alias.py took 0.070 seconds
[2025-01-22T13:11:00.255+0000] {processor.py:186} INFO - Started process (PID=15424) to work on /usr/local/python/3.12.1/lib/python3.12/site-packages/airflow/example_dags/example_dataset_alias.py
[2025-01-22T13:11:00.256+0000] {processor.py:914} INFO - Processing file /usr/local/python/3.12.1/lib/python3.12/site-packages/airflow/example_dags/example_dataset_alias.py for tasks to queue
[2025-01-22T13:11:00.258+0000] {logging_mixin.py:190} INFO - [2025-01-22T13:11:00.257+0000] {dagbag.py:588} INFO - Filling up the DagBag from /usr/local/python/3.12.1/lib/python3.12/site-packages/airflow/example_dags/example_dataset_alias.py
[2025-01-22T13:11:00.274+0000] {processor.py:925} INFO - DAG(s) 'dataset_s3_bucket_producer', 'dataset_alias_example_alias_producer', 'dataset_alias_example_alias_consumer', 'dataset_s3_bucket_consumer' retrieved from /usr/local/python/3.12.1/lib/python3.12/site-packages/airflow/example_dags/example_dataset_alias.py
[2025-01-22T13:11:00.288+0000] {logging_mixin.py:190} INFO - [2025-01-22T13:11:00.287+0000] {dag.py:3239} INFO - Sync 4 DAGs
[2025-01-22T13:11:00.302+0000] {logging_mixin.py:190} INFO - [2025-01-22T13:11:00.302+0000] {dag.py:4180} INFO - Setting next_dagrun for dataset_alias_example_alias_consumer to None, run_after=None
[2025-01-22T13:11:00.304+0000] {logging_mixin.py:190} INFO - [2025-01-22T13:11:00.303+0000] {dag.py:4180} INFO - Setting next_dagrun for dataset_alias_example_alias_producer to None, run_after=None
[2025-01-22T13:11:00.304+0000] {logging_mixin.py:190} INFO - [2025-01-22T13:11:00.304+0000] {dag.py:4180} INFO - Setting next_dagrun for dataset_s3_bucket_consumer to None, run_after=None
[2025-01-22T13:11:00.305+0000] {logging_mixin.py:190} INFO - [2025-01-22T13:11:00.305+0000] {dag.py:4180} INFO - Setting next_dagrun for dataset_s3_bucket_producer to None, run_after=None
[2025-01-22T13:11:00.320+0000] {processor.py:208} INFO - Processing /usr/local/python/3.12.1/lib/python3.12/site-packages/airflow/example_dags/example_dataset_alias.py took 0.069 seconds
[2025-01-22T13:11:51.551+0000] {processor.py:186} INFO - Started process (PID=15845) to work on /usr/local/python/3.12.1/lib/python3.12/site-packages/airflow/example_dags/example_dataset_alias.py
[2025-01-22T13:11:51.552+0000] {processor.py:914} INFO - Processing file /usr/local/python/3.12.1/lib/python3.12/site-packages/airflow/example_dags/example_dataset_alias.py for tasks to queue
[2025-01-22T13:11:51.554+0000] {logging_mixin.py:190} INFO - [2025-01-22T13:11:51.553+0000] {dagbag.py:588} INFO - Filling up the DagBag from /usr/local/python/3.12.1/lib/python3.12/site-packages/airflow/example_dags/example_dataset_alias.py
[2025-01-22T13:11:51.570+0000] {processor.py:925} INFO - DAG(s) 'dataset_alias_example_alias_consumer', 'dataset_s3_bucket_consumer', 'dataset_s3_bucket_producer', 'dataset_alias_example_alias_producer' retrieved from /usr/local/python/3.12.1/lib/python3.12/site-packages/airflow/example_dags/example_dataset_alias.py
[2025-01-22T13:11:51.584+0000] {logging_mixin.py:190} INFO - [2025-01-22T13:11:51.584+0000] {dag.py:3239} INFO - Sync 4 DAGs
[2025-01-22T13:11:51.598+0000] {logging_mixin.py:190} INFO - [2025-01-22T13:11:51.598+0000] {dag.py:4180} INFO - Setting next_dagrun for dataset_alias_example_alias_consumer to None, run_after=None
[2025-01-22T13:11:51.600+0000] {logging_mixin.py:190} INFO - [2025-01-22T13:11:51.600+0000] {dag.py:4180} INFO - Setting next_dagrun for dataset_alias_example_alias_producer to None, run_after=None
[2025-01-22T13:11:51.601+0000] {logging_mixin.py:190} INFO - [2025-01-22T13:11:51.600+0000] {dag.py:4180} INFO - Setting next_dagrun for dataset_s3_bucket_consumer to None, run_after=None
[2025-01-22T13:11:51.601+0000] {logging_mixin.py:190} INFO - [2025-01-22T13:11:51.601+0000] {dag.py:4180} INFO - Setting next_dagrun for dataset_s3_bucket_producer to None, run_after=None
[2025-01-22T13:11:51.618+0000] {processor.py:208} INFO - Processing /usr/local/python/3.12.1/lib/python3.12/site-packages/airflow/example_dags/example_dataset_alias.py took 0.070 seconds
[2025-01-22T13:12:42.427+0000] {processor.py:186} INFO - Started process (PID=16322) to work on /usr/local/python/3.12.1/lib/python3.12/site-packages/airflow/example_dags/example_dataset_alias.py
[2025-01-22T13:12:42.427+0000] {processor.py:914} INFO - Processing file /usr/local/python/3.12.1/lib/python3.12/site-packages/airflow/example_dags/example_dataset_alias.py for tasks to queue
[2025-01-22T13:12:42.429+0000] {logging_mixin.py:190} INFO - [2025-01-22T13:12:42.429+0000] {dagbag.py:588} INFO - Filling up the DagBag from /usr/local/python/3.12.1/lib/python3.12/site-packages/airflow/example_dags/example_dataset_alias.py
[2025-01-22T13:12:42.445+0000] {processor.py:925} INFO - DAG(s) 'dataset_s3_bucket_producer', 'dataset_alias_example_alias_producer', 'dataset_s3_bucket_consumer', 'dataset_alias_example_alias_consumer' retrieved from /usr/local/python/3.12.1/lib/python3.12/site-packages/airflow/example_dags/example_dataset_alias.py
[2025-01-22T13:12:42.459+0000] {logging_mixin.py:190} INFO - [2025-01-22T13:12:42.459+0000] {dag.py:3239} INFO - Sync 4 DAGs
[2025-01-22T13:12:42.473+0000] {logging_mixin.py:190} INFO - [2025-01-22T13:12:42.472+0000] {dag.py:4180} INFO - Setting next_dagrun for dataset_alias_example_alias_consumer to None, run_after=None
[2025-01-22T13:12:42.474+0000] {logging_mixin.py:190} INFO - [2025-01-22T13:12:42.474+0000] {dag.py:4180} INFO - Setting next_dagrun for dataset_alias_example_alias_producer to None, run_after=None
[2025-01-22T13:12:42.475+0000] {logging_mixin.py:190} INFO - [2025-01-22T13:12:42.475+0000] {dag.py:4180} INFO - Setting next_dagrun for dataset_s3_bucket_consumer to None, run_after=None
[2025-01-22T13:12:42.476+0000] {logging_mixin.py:190} INFO - [2025-01-22T13:12:42.475+0000] {dag.py:4180} INFO - Setting next_dagrun for dataset_s3_bucket_producer to None, run_after=None
[2025-01-22T13:12:42.491+0000] {processor.py:208} INFO - Processing /usr/local/python/3.12.1/lib/python3.12/site-packages/airflow/example_dags/example_dataset_alias.py took 0.068 seconds
[2025-01-22T13:13:33.980+0000] {processor.py:186} INFO - Started process (PID=16757) to work on /usr/local/python/3.12.1/lib/python3.12/site-packages/airflow/example_dags/example_dataset_alias.py
[2025-01-22T13:13:33.981+0000] {processor.py:914} INFO - Processing file /usr/local/python/3.12.1/lib/python3.12/site-packages/airflow/example_dags/example_dataset_alias.py for tasks to queue
[2025-01-22T13:13:33.982+0000] {logging_mixin.py:190} INFO - [2025-01-22T13:13:33.982+0000] {dagbag.py:588} INFO - Filling up the DagBag from /usr/local/python/3.12.1/lib/python3.12/site-packages/airflow/example_dags/example_dataset_alias.py
[2025-01-22T13:13:33.998+0000] {processor.py:925} INFO - DAG(s) 'dataset_s3_bucket_producer', 'dataset_alias_example_alias_producer', 'dataset_alias_example_alias_consumer', 'dataset_s3_bucket_consumer' retrieved from /usr/local/python/3.12.1/lib/python3.12/site-packages/airflow/example_dags/example_dataset_alias.py
[2025-01-22T13:13:34.012+0000] {logging_mixin.py:190} INFO - [2025-01-22T13:13:34.012+0000] {dag.py:3239} INFO - Sync 4 DAGs
[2025-01-22T13:13:34.026+0000] {logging_mixin.py:190} INFO - [2025-01-22T13:13:34.026+0000] {dag.py:4180} INFO - Setting next_dagrun for dataset_alias_example_alias_consumer to None, run_after=None
[2025-01-22T13:13:34.028+0000] {logging_mixin.py:190} INFO - [2025-01-22T13:13:34.028+0000] {dag.py:4180} INFO - Setting next_dagrun for dataset_alias_example_alias_producer to None, run_after=None
[2025-01-22T13:13:34.029+0000] {logging_mixin.py:190} INFO - [2025-01-22T13:13:34.028+0000] {dag.py:4180} INFO - Setting next_dagrun for dataset_s3_bucket_consumer to None, run_after=None
[2025-01-22T13:13:34.029+0000] {logging_mixin.py:190} INFO - [2025-01-22T13:13:34.029+0000] {dag.py:4180} INFO - Setting next_dagrun for dataset_s3_bucket_producer to None, run_after=None
[2025-01-22T13:13:34.044+0000] {processor.py:208} INFO - Processing /usr/local/python/3.12.1/lib/python3.12/site-packages/airflow/example_dags/example_dataset_alias.py took 0.070 seconds
[2025-01-22T13:14:26.973+0000] {processor.py:186} INFO - Started process (PID=17188) to work on /usr/local/python/3.12.1/lib/python3.12/site-packages/airflow/example_dags/example_dataset_alias.py
[2025-01-22T13:14:26.974+0000] {processor.py:914} INFO - Processing file /usr/local/python/3.12.1/lib/python3.12/site-packages/airflow/example_dags/example_dataset_alias.py for tasks to queue
[2025-01-22T13:14:26.975+0000] {logging_mixin.py:190} INFO - [2025-01-22T13:14:26.975+0000] {dagbag.py:588} INFO - Filling up the DagBag from /usr/local/python/3.12.1/lib/python3.12/site-packages/airflow/example_dags/example_dataset_alias.py
[2025-01-22T13:14:26.992+0000] {processor.py:925} INFO - DAG(s) 'dataset_s3_bucket_producer', 'dataset_alias_example_alias_producer', 'dataset_alias_example_alias_consumer', 'dataset_s3_bucket_consumer' retrieved from /usr/local/python/3.12.1/lib/python3.12/site-packages/airflow/example_dags/example_dataset_alias.py
[2025-01-22T13:14:27.006+0000] {logging_mixin.py:190} INFO - [2025-01-22T13:14:27.006+0000] {dag.py:3239} INFO - Sync 4 DAGs
[2025-01-22T13:14:27.021+0000] {logging_mixin.py:190} INFO - [2025-01-22T13:14:27.021+0000] {dag.py:4180} INFO - Setting next_dagrun for dataset_alias_example_alias_consumer to None, run_after=None
[2025-01-22T13:14:27.023+0000] {logging_mixin.py:190} INFO - [2025-01-22T13:14:27.023+0000] {dag.py:4180} INFO - Setting next_dagrun for dataset_alias_example_alias_producer to None, run_after=None
[2025-01-22T13:14:27.024+0000] {logging_mixin.py:190} INFO - [2025-01-22T13:14:27.023+0000] {dag.py:4180} INFO - Setting next_dagrun for dataset_s3_bucket_consumer to None, run_after=None
[2025-01-22T13:14:27.024+0000] {logging_mixin.py:190} INFO - [2025-01-22T13:14:27.024+0000] {dag.py:4180} INFO - Setting next_dagrun for dataset_s3_bucket_producer to None, run_after=None
[2025-01-22T13:14:27.041+0000] {processor.py:208} INFO - Processing /usr/local/python/3.12.1/lib/python3.12/site-packages/airflow/example_dags/example_dataset_alias.py took 0.071 seconds
[2025-01-22T13:15:18.365+0000] {processor.py:186} INFO - Started process (PID=17550) to work on /usr/local/python/3.12.1/lib/python3.12/site-packages/airflow/example_dags/example_dataset_alias.py
[2025-01-22T13:15:18.365+0000] {processor.py:914} INFO - Processing file /usr/local/python/3.12.1/lib/python3.12/site-packages/airflow/example_dags/example_dataset_alias.py for tasks to queue
[2025-01-22T13:15:18.367+0000] {logging_mixin.py:190} INFO - [2025-01-22T13:15:18.366+0000] {dagbag.py:588} INFO - Filling up the DagBag from /usr/local/python/3.12.1/lib/python3.12/site-packages/airflow/example_dags/example_dataset_alias.py
[2025-01-22T13:15:18.383+0000] {processor.py:925} INFO - DAG(s) 'dataset_alias_example_alias_consumer', 'dataset_s3_bucket_producer', 'dataset_s3_bucket_consumer', 'dataset_alias_example_alias_producer' retrieved from /usr/local/python/3.12.1/lib/python3.12/site-packages/airflow/example_dags/example_dataset_alias.py
[2025-01-22T13:15:18.398+0000] {logging_mixin.py:190} INFO - [2025-01-22T13:15:18.398+0000] {dag.py:3239} INFO - Sync 4 DAGs
[2025-01-22T13:15:18.412+0000] {logging_mixin.py:190} INFO - [2025-01-22T13:15:18.412+0000] {dag.py:4180} INFO - Setting next_dagrun for dataset_alias_example_alias_consumer to None, run_after=None
[2025-01-22T13:15:18.414+0000] {logging_mixin.py:190} INFO - [2025-01-22T13:15:18.413+0000] {dag.py:4180} INFO - Setting next_dagrun for dataset_alias_example_alias_producer to None, run_after=None
[2025-01-22T13:15:18.414+0000] {logging_mixin.py:190} INFO - [2025-01-22T13:15:18.414+0000] {dag.py:4180} INFO - Setting next_dagrun for dataset_s3_bucket_consumer to None, run_after=None
[2025-01-22T13:15:18.415+0000] {logging_mixin.py:190} INFO - [2025-01-22T13:15:18.415+0000] {dag.py:4180} INFO - Setting next_dagrun for dataset_s3_bucket_producer to None, run_after=None
[2025-01-22T13:15:18.433+0000] {processor.py:208} INFO - Processing /usr/local/python/3.12.1/lib/python3.12/site-packages/airflow/example_dags/example_dataset_alias.py took 0.073 seconds
[2025-01-22T13:16:06.729+0000] {processor.py:186} INFO - Started process (PID=17962) to work on /usr/local/python/3.12.1/lib/python3.12/site-packages/airflow/example_dags/example_dataset_alias.py
[2025-01-22T13:16:06.729+0000] {processor.py:914} INFO - Processing file /usr/local/python/3.12.1/lib/python3.12/site-packages/airflow/example_dags/example_dataset_alias.py for tasks to queue
[2025-01-22T13:16:06.731+0000] {logging_mixin.py:190} INFO - [2025-01-22T13:16:06.731+0000] {dagbag.py:588} INFO - Filling up the DagBag from /usr/local/python/3.12.1/lib/python3.12/site-packages/airflow/example_dags/example_dataset_alias.py
[2025-01-22T13:16:06.747+0000] {processor.py:925} INFO - DAG(s) 'dataset_alias_example_alias_consumer', 'dataset_alias_example_alias_producer', 'dataset_s3_bucket_producer', 'dataset_s3_bucket_consumer' retrieved from /usr/local/python/3.12.1/lib/python3.12/site-packages/airflow/example_dags/example_dataset_alias.py
[2025-01-22T13:16:06.762+0000] {logging_mixin.py:190} INFO - [2025-01-22T13:16:06.762+0000] {dag.py:3239} INFO - Sync 4 DAGs
[2025-01-22T13:16:06.776+0000] {logging_mixin.py:190} INFO - [2025-01-22T13:16:06.776+0000] {dag.py:4180} INFO - Setting next_dagrun for dataset_alias_example_alias_consumer to None, run_after=None
[2025-01-22T13:16:06.777+0000] {logging_mixin.py:190} INFO - [2025-01-22T13:16:06.777+0000] {dag.py:4180} INFO - Setting next_dagrun for dataset_alias_example_alias_producer to None, run_after=None
[2025-01-22T13:16:06.778+0000] {logging_mixin.py:190} INFO - [2025-01-22T13:16:06.778+0000] {dag.py:4180} INFO - Setting next_dagrun for dataset_s3_bucket_consumer to None, run_after=None
[2025-01-22T13:16:06.779+0000] {logging_mixin.py:190} INFO - [2025-01-22T13:16:06.779+0000] {dag.py:4180} INFO - Setting next_dagrun for dataset_s3_bucket_producer to None, run_after=None
[2025-01-22T13:16:06.794+0000] {processor.py:208} INFO - Processing /usr/local/python/3.12.1/lib/python3.12/site-packages/airflow/example_dags/example_dataset_alias.py took 0.069 seconds
[2025-01-22T13:16:59.667+0000] {processor.py:186} INFO - Started process (PID=18391) to work on /usr/local/python/3.12.1/lib/python3.12/site-packages/airflow/example_dags/example_dataset_alias.py
[2025-01-22T13:16:59.667+0000] {processor.py:914} INFO - Processing file /usr/local/python/3.12.1/lib/python3.12/site-packages/airflow/example_dags/example_dataset_alias.py for tasks to queue
[2025-01-22T13:16:59.669+0000] {logging_mixin.py:190} INFO - [2025-01-22T13:16:59.669+0000] {dagbag.py:588} INFO - Filling up the DagBag from /usr/local/python/3.12.1/lib/python3.12/site-packages/airflow/example_dags/example_dataset_alias.py
[2025-01-22T13:16:59.686+0000] {processor.py:925} INFO - DAG(s) 'dataset_s3_bucket_producer', 'dataset_alias_example_alias_consumer', 'dataset_alias_example_alias_producer', 'dataset_s3_bucket_consumer' retrieved from /usr/local/python/3.12.1/lib/python3.12/site-packages/airflow/example_dags/example_dataset_alias.py
[2025-01-22T13:16:59.701+0000] {logging_mixin.py:190} INFO - [2025-01-22T13:16:59.701+0000] {dag.py:3239} INFO - Sync 4 DAGs
[2025-01-22T13:16:59.716+0000] {logging_mixin.py:190} INFO - [2025-01-22T13:16:59.715+0000] {dag.py:4180} INFO - Setting next_dagrun for dataset_alias_example_alias_consumer to None, run_after=None
[2025-01-22T13:16:59.717+0000] {logging_mixin.py:190} INFO - [2025-01-22T13:16:59.717+0000] {dag.py:4180} INFO - Setting next_dagrun for dataset_alias_example_alias_producer to None, run_after=None
[2025-01-22T13:16:59.718+0000] {logging_mixin.py:190} INFO - [2025-01-22T13:16:59.718+0000] {dag.py:4180} INFO - Setting next_dagrun for dataset_s3_bucket_consumer to None, run_after=None
[2025-01-22T13:16:59.719+0000] {logging_mixin.py:190} INFO - [2025-01-22T13:16:59.719+0000] {dag.py:4180} INFO - Setting next_dagrun for dataset_s3_bucket_producer to None, run_after=None
[2025-01-22T13:16:59.735+0000] {processor.py:208} INFO - Processing /usr/local/python/3.12.1/lib/python3.12/site-packages/airflow/example_dags/example_dataset_alias.py took 0.072 seconds
[2025-01-22T13:17:52.098+0000] {processor.py:186} INFO - Started process (PID=18889) to work on /usr/local/python/3.12.1/lib/python3.12/site-packages/airflow/example_dags/example_dataset_alias.py
[2025-01-22T13:17:52.099+0000] {processor.py:914} INFO - Processing file /usr/local/python/3.12.1/lib/python3.12/site-packages/airflow/example_dags/example_dataset_alias.py for tasks to queue
[2025-01-22T13:17:52.101+0000] {logging_mixin.py:190} INFO - [2025-01-22T13:17:52.100+0000] {dagbag.py:588} INFO - Filling up the DagBag from /usr/local/python/3.12.1/lib/python3.12/site-packages/airflow/example_dags/example_dataset_alias.py
[2025-01-22T13:17:52.119+0000] {processor.py:925} INFO - DAG(s) 'dataset_alias_example_alias_producer', 'dataset_s3_bucket_producer', 'dataset_s3_bucket_consumer', 'dataset_alias_example_alias_consumer' retrieved from /usr/local/python/3.12.1/lib/python3.12/site-packages/airflow/example_dags/example_dataset_alias.py
[2025-01-22T13:17:52.134+0000] {logging_mixin.py:190} INFO - [2025-01-22T13:17:52.133+0000] {dag.py:3239} INFO - Sync 4 DAGs
[2025-01-22T13:17:52.148+0000] {logging_mixin.py:190} INFO - [2025-01-22T13:17:52.148+0000] {dag.py:4180} INFO - Setting next_dagrun for dataset_alias_example_alias_consumer to None, run_after=None
[2025-01-22T13:17:52.150+0000] {logging_mixin.py:190} INFO - [2025-01-22T13:17:52.149+0000] {dag.py:4180} INFO - Setting next_dagrun for dataset_alias_example_alias_producer to None, run_after=None
[2025-01-22T13:17:52.150+0000] {logging_mixin.py:190} INFO - [2025-01-22T13:17:52.150+0000] {dag.py:4180} INFO - Setting next_dagrun for dataset_s3_bucket_consumer to None, run_after=None
[2025-01-22T13:17:52.151+0000] {logging_mixin.py:190} INFO - [2025-01-22T13:17:52.151+0000] {dag.py:4180} INFO - Setting next_dagrun for dataset_s3_bucket_producer to None, run_after=None
[2025-01-22T13:17:52.166+0000] {processor.py:208} INFO - Processing /usr/local/python/3.12.1/lib/python3.12/site-packages/airflow/example_dags/example_dataset_alias.py took 0.074 seconds
[2025-01-22T13:18:41.641+0000] {processor.py:186} INFO - Started process (PID=19364) to work on /usr/local/python/3.12.1/lib/python3.12/site-packages/airflow/example_dags/example_dataset_alias.py
[2025-01-22T13:18:41.642+0000] {processor.py:914} INFO - Processing file /usr/local/python/3.12.1/lib/python3.12/site-packages/airflow/example_dags/example_dataset_alias.py for tasks to queue
[2025-01-22T13:18:41.643+0000] {logging_mixin.py:190} INFO - [2025-01-22T13:18:41.643+0000] {dagbag.py:588} INFO - Filling up the DagBag from /usr/local/python/3.12.1/lib/python3.12/site-packages/airflow/example_dags/example_dataset_alias.py
[2025-01-22T13:18:41.663+0000] {processor.py:925} INFO - DAG(s) 'dataset_alias_example_alias_consumer', 'dataset_alias_example_alias_producer', 'dataset_s3_bucket_producer', 'dataset_s3_bucket_consumer' retrieved from /usr/local/python/3.12.1/lib/python3.12/site-packages/airflow/example_dags/example_dataset_alias.py
[2025-01-22T13:18:41.679+0000] {logging_mixin.py:190} INFO - [2025-01-22T13:18:41.679+0000] {dag.py:3239} INFO - Sync 4 DAGs
[2025-01-22T13:18:41.696+0000] {logging_mixin.py:190} INFO - [2025-01-22T13:18:41.695+0000] {dag.py:4180} INFO - Setting next_dagrun for dataset_alias_example_alias_consumer to None, run_after=None
[2025-01-22T13:18:41.697+0000] {logging_mixin.py:190} INFO - [2025-01-22T13:18:41.697+0000] {dag.py:4180} INFO - Setting next_dagrun for dataset_alias_example_alias_producer to None, run_after=None
[2025-01-22T13:18:41.698+0000] {logging_mixin.py:190} INFO - [2025-01-22T13:18:41.698+0000] {dag.py:4180} INFO - Setting next_dagrun for dataset_s3_bucket_consumer to None, run_after=None
[2025-01-22T13:18:41.699+0000] {logging_mixin.py:190} INFO - [2025-01-22T13:18:41.699+0000] {dag.py:4180} INFO - Setting next_dagrun for dataset_s3_bucket_producer to None, run_after=None
[2025-01-22T13:18:41.717+0000] {processor.py:208} INFO - Processing /usr/local/python/3.12.1/lib/python3.12/site-packages/airflow/example_dags/example_dataset_alias.py took 0.080 seconds
[2025-01-22T13:19:29.534+0000] {processor.py:186} INFO - Started process (PID=20317) to work on /usr/local/python/3.12.1/lib/python3.12/site-packages/airflow/example_dags/example_dataset_alias.py
[2025-01-22T13:19:29.534+0000] {processor.py:914} INFO - Processing file /usr/local/python/3.12.1/lib/python3.12/site-packages/airflow/example_dags/example_dataset_alias.py for tasks to queue
[2025-01-22T13:19:29.536+0000] {logging_mixin.py:190} INFO - [2025-01-22T13:19:29.535+0000] {dagbag.py:588} INFO - Filling up the DagBag from /usr/local/python/3.12.1/lib/python3.12/site-packages/airflow/example_dags/example_dataset_alias.py
[2025-01-22T13:19:29.556+0000] {processor.py:925} INFO - DAG(s) 'dataset_s3_bucket_consumer', 'dataset_alias_example_alias_producer', 'dataset_alias_example_alias_consumer', 'dataset_s3_bucket_producer' retrieved from /usr/local/python/3.12.1/lib/python3.12/site-packages/airflow/example_dags/example_dataset_alias.py
[2025-01-22T13:19:29.576+0000] {logging_mixin.py:190} INFO - [2025-01-22T13:19:29.576+0000] {dag.py:3239} INFO - Sync 4 DAGs
[2025-01-22T13:19:29.597+0000] {logging_mixin.py:190} INFO - [2025-01-22T13:19:29.597+0000] {dag.py:4180} INFO - Setting next_dagrun for dataset_alias_example_alias_consumer to None, run_after=None
[2025-01-22T13:19:29.600+0000] {logging_mixin.py:190} INFO - [2025-01-22T13:19:29.599+0000] {dag.py:4180} INFO - Setting next_dagrun for dataset_alias_example_alias_producer to None, run_after=None
[2025-01-22T13:19:29.601+0000] {logging_mixin.py:190} INFO - [2025-01-22T13:19:29.601+0000] {dag.py:4180} INFO - Setting next_dagrun for dataset_s3_bucket_consumer to None, run_after=None
[2025-01-22T13:19:29.602+0000] {logging_mixin.py:190} INFO - [2025-01-22T13:19:29.602+0000] {dag.py:4180} INFO - Setting next_dagrun for dataset_s3_bucket_producer to None, run_after=None
[2025-01-22T13:19:29.624+0000] {processor.py:208} INFO - Processing /usr/local/python/3.12.1/lib/python3.12/site-packages/airflow/example_dags/example_dataset_alias.py took 0.095 seconds
[2025-01-22T13:20:19.679+0000] {processor.py:186} INFO - Started process (PID=21185) to work on /usr/local/python/3.12.1/lib/python3.12/site-packages/airflow/example_dags/example_dataset_alias.py
[2025-01-22T13:20:19.680+0000] {processor.py:914} INFO - Processing file /usr/local/python/3.12.1/lib/python3.12/site-packages/airflow/example_dags/example_dataset_alias.py for tasks to queue
[2025-01-22T13:20:19.681+0000] {logging_mixin.py:190} INFO - [2025-01-22T13:20:19.681+0000] {dagbag.py:588} INFO - Filling up the DagBag from /usr/local/python/3.12.1/lib/python3.12/site-packages/airflow/example_dags/example_dataset_alias.py
[2025-01-22T13:20:19.698+0000] {processor.py:925} INFO - DAG(s) 'dataset_s3_bucket_producer', 'dataset_s3_bucket_consumer', 'dataset_alias_example_alias_consumer', 'dataset_alias_example_alias_producer' retrieved from /usr/local/python/3.12.1/lib/python3.12/site-packages/airflow/example_dags/example_dataset_alias.py
[2025-01-22T13:20:19.712+0000] {logging_mixin.py:190} INFO - [2025-01-22T13:20:19.711+0000] {dag.py:3239} INFO - Sync 4 DAGs
[2025-01-22T13:20:19.725+0000] {logging_mixin.py:190} INFO - [2025-01-22T13:20:19.725+0000] {dag.py:4180} INFO - Setting next_dagrun for dataset_alias_example_alias_consumer to None, run_after=None
[2025-01-22T13:20:19.727+0000] {logging_mixin.py:190} INFO - [2025-01-22T13:20:19.727+0000] {dag.py:4180} INFO - Setting next_dagrun for dataset_alias_example_alias_producer to None, run_after=None
[2025-01-22T13:20:19.728+0000] {logging_mixin.py:190} INFO - [2025-01-22T13:20:19.727+0000] {dag.py:4180} INFO - Setting next_dagrun for dataset_s3_bucket_consumer to None, run_after=None
[2025-01-22T13:20:19.728+0000] {logging_mixin.py:190} INFO - [2025-01-22T13:20:19.728+0000] {dag.py:4180} INFO - Setting next_dagrun for dataset_s3_bucket_producer to None, run_after=None
[2025-01-22T13:20:19.747+0000] {processor.py:208} INFO - Processing /usr/local/python/3.12.1/lib/python3.12/site-packages/airflow/example_dags/example_dataset_alias.py took 0.072 seconds
[2025-01-22T13:21:07.083+0000] {processor.py:186} INFO - Started process (PID=21651) to work on /usr/local/python/3.12.1/lib/python3.12/site-packages/airflow/example_dags/example_dataset_alias.py
[2025-01-22T13:21:07.084+0000] {processor.py:914} INFO - Processing file /usr/local/python/3.12.1/lib/python3.12/site-packages/airflow/example_dags/example_dataset_alias.py for tasks to queue
[2025-01-22T13:21:07.085+0000] {logging_mixin.py:190} INFO - [2025-01-22T13:21:07.085+0000] {dagbag.py:588} INFO - Filling up the DagBag from /usr/local/python/3.12.1/lib/python3.12/site-packages/airflow/example_dags/example_dataset_alias.py
[2025-01-22T13:21:07.102+0000] {processor.py:925} INFO - DAG(s) 'dataset_s3_bucket_producer', 'dataset_alias_example_alias_producer', 'dataset_s3_bucket_consumer', 'dataset_alias_example_alias_consumer' retrieved from /usr/local/python/3.12.1/lib/python3.12/site-packages/airflow/example_dags/example_dataset_alias.py
[2025-01-22T13:21:07.116+0000] {logging_mixin.py:190} INFO - [2025-01-22T13:21:07.116+0000] {dag.py:3239} INFO - Sync 4 DAGs
[2025-01-22T13:21:07.133+0000] {logging_mixin.py:190} INFO - [2025-01-22T13:21:07.133+0000] {dag.py:4180} INFO - Setting next_dagrun for dataset_alias_example_alias_consumer to None, run_after=None
[2025-01-22T13:21:07.136+0000] {logging_mixin.py:190} INFO - [2025-01-22T13:21:07.135+0000] {dag.py:4180} INFO - Setting next_dagrun for dataset_alias_example_alias_producer to None, run_after=None
[2025-01-22T13:21:07.137+0000] {logging_mixin.py:190} INFO - [2025-01-22T13:21:07.137+0000] {dag.py:4180} INFO - Setting next_dagrun for dataset_s3_bucket_consumer to None, run_after=None
[2025-01-22T13:21:07.138+0000] {logging_mixin.py:190} INFO - [2025-01-22T13:21:07.137+0000] {dag.py:4180} INFO - Setting next_dagrun for dataset_s3_bucket_producer to None, run_after=None
[2025-01-22T13:21:07.171+0000] {processor.py:208} INFO - Processing /usr/local/python/3.12.1/lib/python3.12/site-packages/airflow/example_dags/example_dataset_alias.py took 0.092 seconds
