[2025-01-22T12:52:45.009+0000] {processor.py:186} INFO - Started process (PID=5471) to work on /usr/local/python/3.12.1/lib/python3.12/site-packages/airflow/example_dags/example_task_group_decorator.py
[2025-01-22T12:52:45.010+0000] {processor.py:914} INFO - Processing file /usr/local/python/3.12.1/lib/python3.12/site-packages/airflow/example_dags/example_task_group_decorator.py for tasks to queue
[2025-01-22T12:52:45.012+0000] {logging_mixin.py:190} INFO - [2025-01-22T12:52:45.011+0000] {dagbag.py:588} INFO - Filling up the DagBag from /usr/local/python/3.12.1/lib/python3.12/site-packages/airflow/example_dags/example_task_group_decorator.py
[2025-01-22T12:52:45.023+0000] {processor.py:925} INFO - DAG(s) 'example_task_group_decorator' retrieved from /usr/local/python/3.12.1/lib/python3.12/site-packages/airflow/example_dags/example_task_group_decorator.py
[2025-01-22T12:52:45.111+0000] {logging_mixin.py:190} INFO - [2025-01-22T12:52:45.110+0000] {override.py:1911} INFO - Created Permission View: can delete on DAG:example_task_group_decorator
[2025-01-22T12:52:45.118+0000] {logging_mixin.py:190} INFO - [2025-01-22T12:52:45.118+0000] {override.py:1911} INFO - Created Permission View: can edit on DAG:example_task_group_decorator
[2025-01-22T12:52:45.123+0000] {logging_mixin.py:190} INFO - [2025-01-22T12:52:45.123+0000] {override.py:1911} INFO - Created Permission View: can read on DAG:example_task_group_decorator
[2025-01-22T12:52:45.131+0000] {logging_mixin.py:190} INFO - [2025-01-22T12:52:45.130+0000] {override.py:1911} INFO - Created Permission View: can create on DAG Run:example_task_group_decorator
[2025-01-22T12:52:45.136+0000] {logging_mixin.py:190} INFO - [2025-01-22T12:52:45.135+0000] {override.py:1911} INFO - Created Permission View: can read on DAG Run:example_task_group_decorator
[2025-01-22T12:52:45.141+0000] {logging_mixin.py:190} INFO - [2025-01-22T12:52:45.140+0000] {override.py:1911} INFO - Created Permission View: menu access on DAG Run:example_task_group_decorator
[2025-01-22T12:52:45.146+0000] {logging_mixin.py:190} INFO - [2025-01-22T12:52:45.146+0000] {override.py:1911} INFO - Created Permission View: can delete on DAG Run:example_task_group_decorator
[2025-01-22T12:52:45.146+0000] {logging_mixin.py:190} INFO - [2025-01-22T12:52:45.146+0000] {dag.py:3239} INFO - Sync 1 DAGs
[2025-01-22T12:52:45.155+0000] {logging_mixin.py:190} INFO - [2025-01-22T12:52:45.155+0000] {dag.py:3262} INFO - Creating ORM DAG for example_task_group_decorator
[2025-01-22T12:52:45.156+0000] {logging_mixin.py:190} INFO - [2025-01-22T12:52:45.156+0000] {dag.py:4180} INFO - Setting next_dagrun for example_task_group_decorator to None, run_after=None
[2025-01-22T12:52:45.170+0000] {processor.py:208} INFO - Processing /usr/local/python/3.12.1/lib/python3.12/site-packages/airflow/example_dags/example_task_group_decorator.py took 0.164 seconds
[2025-01-22T12:53:44.537+0000] {processor.py:186} INFO - Started process (PID=6377) to work on /usr/local/python/3.12.1/lib/python3.12/site-packages/airflow/example_dags/example_task_group_decorator.py
[2025-01-22T12:53:44.538+0000] {processor.py:914} INFO - Processing file /usr/local/python/3.12.1/lib/python3.12/site-packages/airflow/example_dags/example_task_group_decorator.py for tasks to queue
[2025-01-22T12:53:44.540+0000] {logging_mixin.py:190} INFO - [2025-01-22T12:53:44.539+0000] {dagbag.py:588} INFO - Filling up the DagBag from /usr/local/python/3.12.1/lib/python3.12/site-packages/airflow/example_dags/example_task_group_decorator.py
[2025-01-22T12:53:44.551+0000] {processor.py:925} INFO - DAG(s) 'example_task_group_decorator' retrieved from /usr/local/python/3.12.1/lib/python3.12/site-packages/airflow/example_dags/example_task_group_decorator.py
[2025-01-22T12:53:44.566+0000] {logging_mixin.py:190} INFO - [2025-01-22T12:53:44.565+0000] {dag.py:3239} INFO - Sync 1 DAGs
[2025-01-22T12:53:44.575+0000] {logging_mixin.py:190} INFO - [2025-01-22T12:53:44.575+0000] {dag.py:4180} INFO - Setting next_dagrun for example_task_group_decorator to None, run_after=None
[2025-01-22T12:53:44.589+0000] {processor.py:208} INFO - Processing /usr/local/python/3.12.1/lib/python3.12/site-packages/airflow/example_dags/example_task_group_decorator.py took 0.056 seconds
[2025-01-22T12:54:38.392+0000] {processor.py:186} INFO - Started process (PID=7048) to work on /usr/local/python/3.12.1/lib/python3.12/site-packages/airflow/example_dags/example_task_group_decorator.py
[2025-01-22T12:54:38.393+0000] {processor.py:914} INFO - Processing file /usr/local/python/3.12.1/lib/python3.12/site-packages/airflow/example_dags/example_task_group_decorator.py for tasks to queue
[2025-01-22T12:54:38.394+0000] {logging_mixin.py:190} INFO - [2025-01-22T12:54:38.394+0000] {dagbag.py:588} INFO - Filling up the DagBag from /usr/local/python/3.12.1/lib/python3.12/site-packages/airflow/example_dags/example_task_group_decorator.py
[2025-01-22T12:54:38.405+0000] {processor.py:925} INFO - DAG(s) 'example_task_group_decorator' retrieved from /usr/local/python/3.12.1/lib/python3.12/site-packages/airflow/example_dags/example_task_group_decorator.py
[2025-01-22T12:54:38.420+0000] {logging_mixin.py:190} INFO - [2025-01-22T12:54:38.420+0000] {dag.py:3239} INFO - Sync 1 DAGs
[2025-01-22T12:54:38.430+0000] {logging_mixin.py:190} INFO - [2025-01-22T12:54:38.429+0000] {dag.py:4180} INFO - Setting next_dagrun for example_task_group_decorator to None, run_after=None
[2025-01-22T12:54:38.445+0000] {processor.py:208} INFO - Processing /usr/local/python/3.12.1/lib/python3.12/site-packages/airflow/example_dags/example_task_group_decorator.py took 0.057 seconds
[2025-01-22T12:55:29.280+0000] {processor.py:186} INFO - Started process (PID=7465) to work on /usr/local/python/3.12.1/lib/python3.12/site-packages/airflow/example_dags/example_task_group_decorator.py
[2025-01-22T12:55:29.280+0000] {processor.py:914} INFO - Processing file /usr/local/python/3.12.1/lib/python3.12/site-packages/airflow/example_dags/example_task_group_decorator.py for tasks to queue
[2025-01-22T12:55:29.282+0000] {logging_mixin.py:190} INFO - [2025-01-22T12:55:29.282+0000] {dagbag.py:588} INFO - Filling up the DagBag from /usr/local/python/3.12.1/lib/python3.12/site-packages/airflow/example_dags/example_task_group_decorator.py
[2025-01-22T12:55:29.293+0000] {processor.py:925} INFO - DAG(s) 'example_task_group_decorator' retrieved from /usr/local/python/3.12.1/lib/python3.12/site-packages/airflow/example_dags/example_task_group_decorator.py
[2025-01-22T12:55:29.308+0000] {logging_mixin.py:190} INFO - [2025-01-22T12:55:29.307+0000] {dag.py:3239} INFO - Sync 1 DAGs
[2025-01-22T12:55:29.316+0000] {logging_mixin.py:190} INFO - [2025-01-22T12:55:29.316+0000] {dag.py:4180} INFO - Setting next_dagrun for example_task_group_decorator to None, run_after=None
[2025-01-22T12:55:29.330+0000] {processor.py:208} INFO - Processing /usr/local/python/3.12.1/lib/python3.12/site-packages/airflow/example_dags/example_task_group_decorator.py took 0.054 seconds
[2025-01-22T12:56:22.109+0000] {processor.py:186} INFO - Started process (PID=7970) to work on /usr/local/python/3.12.1/lib/python3.12/site-packages/airflow/example_dags/example_task_group_decorator.py
[2025-01-22T12:56:22.110+0000] {processor.py:914} INFO - Processing file /usr/local/python/3.12.1/lib/python3.12/site-packages/airflow/example_dags/example_task_group_decorator.py for tasks to queue
[2025-01-22T12:56:22.113+0000] {logging_mixin.py:190} INFO - [2025-01-22T12:56:22.112+0000] {dagbag.py:588} INFO - Filling up the DagBag from /usr/local/python/3.12.1/lib/python3.12/site-packages/airflow/example_dags/example_task_group_decorator.py
[2025-01-22T12:56:22.127+0000] {processor.py:925} INFO - DAG(s) 'example_task_group_decorator' retrieved from /usr/local/python/3.12.1/lib/python3.12/site-packages/airflow/example_dags/example_task_group_decorator.py
[2025-01-22T12:56:22.143+0000] {logging_mixin.py:190} INFO - [2025-01-22T12:56:22.143+0000] {dag.py:3239} INFO - Sync 1 DAGs
[2025-01-22T12:56:22.154+0000] {logging_mixin.py:190} INFO - [2025-01-22T12:56:22.154+0000] {dag.py:4180} INFO - Setting next_dagrun for example_task_group_decorator to None, run_after=None
[2025-01-22T12:56:22.170+0000] {processor.py:208} INFO - Processing /usr/local/python/3.12.1/lib/python3.12/site-packages/airflow/example_dags/example_task_group_decorator.py took 0.067 seconds
[2025-01-22T12:57:17.828+0000] {processor.py:186} INFO - Started process (PID=8354) to work on /usr/local/python/3.12.1/lib/python3.12/site-packages/airflow/example_dags/example_task_group_decorator.py
[2025-01-22T12:57:17.829+0000] {processor.py:914} INFO - Processing file /usr/local/python/3.12.1/lib/python3.12/site-packages/airflow/example_dags/example_task_group_decorator.py for tasks to queue
[2025-01-22T12:57:17.830+0000] {logging_mixin.py:190} INFO - [2025-01-22T12:57:17.830+0000] {dagbag.py:588} INFO - Filling up the DagBag from /usr/local/python/3.12.1/lib/python3.12/site-packages/airflow/example_dags/example_task_group_decorator.py
[2025-01-22T12:57:17.841+0000] {processor.py:925} INFO - DAG(s) 'example_task_group_decorator' retrieved from /usr/local/python/3.12.1/lib/python3.12/site-packages/airflow/example_dags/example_task_group_decorator.py
[2025-01-22T12:57:17.855+0000] {logging_mixin.py:190} INFO - [2025-01-22T12:57:17.855+0000] {dag.py:3239} INFO - Sync 1 DAGs
[2025-01-22T12:57:17.864+0000] {logging_mixin.py:190} INFO - [2025-01-22T12:57:17.864+0000] {dag.py:4180} INFO - Setting next_dagrun for example_task_group_decorator to None, run_after=None
[2025-01-22T12:57:17.878+0000] {processor.py:208} INFO - Processing /usr/local/python/3.12.1/lib/python3.12/site-packages/airflow/example_dags/example_task_group_decorator.py took 0.054 seconds
[2025-01-22T12:58:08.095+0000] {processor.py:186} INFO - Started process (PID=8846) to work on /usr/local/python/3.12.1/lib/python3.12/site-packages/airflow/example_dags/example_task_group_decorator.py
[2025-01-22T12:58:08.095+0000] {processor.py:914} INFO - Processing file /usr/local/python/3.12.1/lib/python3.12/site-packages/airflow/example_dags/example_task_group_decorator.py for tasks to queue
[2025-01-22T12:58:08.097+0000] {logging_mixin.py:190} INFO - [2025-01-22T12:58:08.097+0000] {dagbag.py:588} INFO - Filling up the DagBag from /usr/local/python/3.12.1/lib/python3.12/site-packages/airflow/example_dags/example_task_group_decorator.py
[2025-01-22T12:58:08.116+0000] {processor.py:925} INFO - DAG(s) 'example_task_group_decorator' retrieved from /usr/local/python/3.12.1/lib/python3.12/site-packages/airflow/example_dags/example_task_group_decorator.py
[2025-01-22T12:58:08.141+0000] {logging_mixin.py:190} INFO - [2025-01-22T12:58:08.141+0000] {dag.py:3239} INFO - Sync 1 DAGs
[2025-01-22T12:58:08.152+0000] {logging_mixin.py:190} INFO - [2025-01-22T12:58:08.152+0000] {dag.py:4180} INFO - Setting next_dagrun for example_task_group_decorator to None, run_after=None
[2025-01-22T12:58:08.165+0000] {processor.py:208} INFO - Processing /usr/local/python/3.12.1/lib/python3.12/site-packages/airflow/example_dags/example_task_group_decorator.py took 0.074 seconds
[2025-01-22T12:58:58.814+0000] {processor.py:186} INFO - Started process (PID=9264) to work on /usr/local/python/3.12.1/lib/python3.12/site-packages/airflow/example_dags/example_task_group_decorator.py
[2025-01-22T12:58:58.815+0000] {processor.py:914} INFO - Processing file /usr/local/python/3.12.1/lib/python3.12/site-packages/airflow/example_dags/example_task_group_decorator.py for tasks to queue
[2025-01-22T12:58:58.817+0000] {logging_mixin.py:190} INFO - [2025-01-22T12:58:58.816+0000] {dagbag.py:588} INFO - Filling up the DagBag from /usr/local/python/3.12.1/lib/python3.12/site-packages/airflow/example_dags/example_task_group_decorator.py
[2025-01-22T12:58:58.828+0000] {processor.py:925} INFO - DAG(s) 'example_task_group_decorator' retrieved from /usr/local/python/3.12.1/lib/python3.12/site-packages/airflow/example_dags/example_task_group_decorator.py
[2025-01-22T12:58:58.842+0000] {logging_mixin.py:190} INFO - [2025-01-22T12:58:58.842+0000] {dag.py:3239} INFO - Sync 1 DAGs
[2025-01-22T12:58:58.852+0000] {logging_mixin.py:190} INFO - [2025-01-22T12:58:58.852+0000] {dag.py:4180} INFO - Setting next_dagrun for example_task_group_decorator to None, run_after=None
[2025-01-22T12:58:58.866+0000] {processor.py:208} INFO - Processing /usr/local/python/3.12.1/lib/python3.12/site-packages/airflow/example_dags/example_task_group_decorator.py took 0.055 seconds
[2025-01-22T12:59:51.739+0000] {processor.py:186} INFO - Started process (PID=9694) to work on /usr/local/python/3.12.1/lib/python3.12/site-packages/airflow/example_dags/example_task_group_decorator.py
[2025-01-22T12:59:51.740+0000] {processor.py:914} INFO - Processing file /usr/local/python/3.12.1/lib/python3.12/site-packages/airflow/example_dags/example_task_group_decorator.py for tasks to queue
[2025-01-22T12:59:51.742+0000] {logging_mixin.py:190} INFO - [2025-01-22T12:59:51.741+0000] {dagbag.py:588} INFO - Filling up the DagBag from /usr/local/python/3.12.1/lib/python3.12/site-packages/airflow/example_dags/example_task_group_decorator.py
[2025-01-22T12:59:51.753+0000] {processor.py:925} INFO - DAG(s) 'example_task_group_decorator' retrieved from /usr/local/python/3.12.1/lib/python3.12/site-packages/airflow/example_dags/example_task_group_decorator.py
[2025-01-22T12:59:51.768+0000] {logging_mixin.py:190} INFO - [2025-01-22T12:59:51.768+0000] {dag.py:3239} INFO - Sync 1 DAGs
[2025-01-22T12:59:51.777+0000] {logging_mixin.py:190} INFO - [2025-01-22T12:59:51.777+0000] {dag.py:4180} INFO - Setting next_dagrun for example_task_group_decorator to None, run_after=None
[2025-01-22T12:59:51.792+0000] {processor.py:208} INFO - Processing /usr/local/python/3.12.1/lib/python3.12/site-packages/airflow/example_dags/example_task_group_decorator.py took 0.056 seconds
[2025-01-22T13:00:42.555+0000] {processor.py:186} INFO - Started process (PID=10111) to work on /usr/local/python/3.12.1/lib/python3.12/site-packages/airflow/example_dags/example_task_group_decorator.py
[2025-01-22T13:00:42.556+0000] {processor.py:914} INFO - Processing file /usr/local/python/3.12.1/lib/python3.12/site-packages/airflow/example_dags/example_task_group_decorator.py for tasks to queue
[2025-01-22T13:00:42.558+0000] {logging_mixin.py:190} INFO - [2025-01-22T13:00:42.557+0000] {dagbag.py:588} INFO - Filling up the DagBag from /usr/local/python/3.12.1/lib/python3.12/site-packages/airflow/example_dags/example_task_group_decorator.py
[2025-01-22T13:00:42.569+0000] {processor.py:925} INFO - DAG(s) 'example_task_group_decorator' retrieved from /usr/local/python/3.12.1/lib/python3.12/site-packages/airflow/example_dags/example_task_group_decorator.py
[2025-01-22T13:00:42.583+0000] {logging_mixin.py:190} INFO - [2025-01-22T13:00:42.583+0000] {dag.py:3239} INFO - Sync 1 DAGs
[2025-01-22T13:00:42.592+0000] {logging_mixin.py:190} INFO - [2025-01-22T13:00:42.592+0000] {dag.py:4180} INFO - Setting next_dagrun for example_task_group_decorator to None, run_after=None
[2025-01-22T13:00:42.606+0000] {processor.py:208} INFO - Processing /usr/local/python/3.12.1/lib/python3.12/site-packages/airflow/example_dags/example_task_group_decorator.py took 0.054 seconds
[2025-01-22T13:01:35.570+0000] {processor.py:186} INFO - Started process (PID=10544) to work on /usr/local/python/3.12.1/lib/python3.12/site-packages/airflow/example_dags/example_task_group_decorator.py
[2025-01-22T13:01:35.570+0000] {processor.py:914} INFO - Processing file /usr/local/python/3.12.1/lib/python3.12/site-packages/airflow/example_dags/example_task_group_decorator.py for tasks to queue
[2025-01-22T13:01:35.572+0000] {logging_mixin.py:190} INFO - [2025-01-22T13:01:35.571+0000] {dagbag.py:588} INFO - Filling up the DagBag from /usr/local/python/3.12.1/lib/python3.12/site-packages/airflow/example_dags/example_task_group_decorator.py
[2025-01-22T13:01:35.583+0000] {processor.py:925} INFO - DAG(s) 'example_task_group_decorator' retrieved from /usr/local/python/3.12.1/lib/python3.12/site-packages/airflow/example_dags/example_task_group_decorator.py
[2025-01-22T13:01:35.597+0000] {logging_mixin.py:190} INFO - [2025-01-22T13:01:35.597+0000] {dag.py:3239} INFO - Sync 1 DAGs
[2025-01-22T13:01:35.606+0000] {logging_mixin.py:190} INFO - [2025-01-22T13:01:35.606+0000] {dag.py:4180} INFO - Setting next_dagrun for example_task_group_decorator to None, run_after=None
[2025-01-22T13:01:35.620+0000] {processor.py:208} INFO - Processing /usr/local/python/3.12.1/lib/python3.12/site-packages/airflow/example_dags/example_task_group_decorator.py took 0.054 seconds
[2025-01-22T13:02:24.982+0000] {processor.py:186} INFO - Started process (PID=10965) to work on /usr/local/python/3.12.1/lib/python3.12/site-packages/airflow/example_dags/example_task_group_decorator.py
[2025-01-22T13:02:24.982+0000] {processor.py:914} INFO - Processing file /usr/local/python/3.12.1/lib/python3.12/site-packages/airflow/example_dags/example_task_group_decorator.py for tasks to queue
[2025-01-22T13:02:24.984+0000] {logging_mixin.py:190} INFO - [2025-01-22T13:02:24.983+0000] {dagbag.py:588} INFO - Filling up the DagBag from /usr/local/python/3.12.1/lib/python3.12/site-packages/airflow/example_dags/example_task_group_decorator.py
[2025-01-22T13:02:24.995+0000] {processor.py:925} INFO - DAG(s) 'example_task_group_decorator' retrieved from /usr/local/python/3.12.1/lib/python3.12/site-packages/airflow/example_dags/example_task_group_decorator.py
[2025-01-22T13:02:25.010+0000] {logging_mixin.py:190} INFO - [2025-01-22T13:02:25.010+0000] {dag.py:3239} INFO - Sync 1 DAGs
[2025-01-22T13:02:25.019+0000] {logging_mixin.py:190} INFO - [2025-01-22T13:02:25.019+0000] {dag.py:4180} INFO - Setting next_dagrun for example_task_group_decorator to None, run_after=None
[2025-01-22T13:02:25.033+0000] {processor.py:208} INFO - Processing /usr/local/python/3.12.1/lib/python3.12/site-packages/airflow/example_dags/example_task_group_decorator.py took 0.055 seconds
[2025-01-22T13:03:14.304+0000] {processor.py:186} INFO - Started process (PID=11378) to work on /usr/local/python/3.12.1/lib/python3.12/site-packages/airflow/example_dags/example_task_group_decorator.py
[2025-01-22T13:03:14.305+0000] {processor.py:914} INFO - Processing file /usr/local/python/3.12.1/lib/python3.12/site-packages/airflow/example_dags/example_task_group_decorator.py for tasks to queue
[2025-01-22T13:03:14.306+0000] {logging_mixin.py:190} INFO - [2025-01-22T13:03:14.306+0000] {dagbag.py:588} INFO - Filling up the DagBag from /usr/local/python/3.12.1/lib/python3.12/site-packages/airflow/example_dags/example_task_group_decorator.py
[2025-01-22T13:03:14.318+0000] {processor.py:925} INFO - DAG(s) 'example_task_group_decorator' retrieved from /usr/local/python/3.12.1/lib/python3.12/site-packages/airflow/example_dags/example_task_group_decorator.py
[2025-01-22T13:03:14.332+0000] {logging_mixin.py:190} INFO - [2025-01-22T13:03:14.332+0000] {dag.py:3239} INFO - Sync 1 DAGs
[2025-01-22T13:03:14.341+0000] {logging_mixin.py:190} INFO - [2025-01-22T13:03:14.341+0000] {dag.py:4180} INFO - Setting next_dagrun for example_task_group_decorator to None, run_after=None
[2025-01-22T13:03:14.356+0000] {processor.py:208} INFO - Processing /usr/local/python/3.12.1/lib/python3.12/site-packages/airflow/example_dags/example_task_group_decorator.py took 0.056 seconds
[2025-01-22T13:04:07.876+0000] {processor.py:186} INFO - Started process (PID=11812) to work on /usr/local/python/3.12.1/lib/python3.12/site-packages/airflow/example_dags/example_task_group_decorator.py
[2025-01-22T13:04:07.877+0000] {processor.py:914} INFO - Processing file /usr/local/python/3.12.1/lib/python3.12/site-packages/airflow/example_dags/example_task_group_decorator.py for tasks to queue
[2025-01-22T13:04:07.878+0000] {logging_mixin.py:190} INFO - [2025-01-22T13:04:07.878+0000] {dagbag.py:588} INFO - Filling up the DagBag from /usr/local/python/3.12.1/lib/python3.12/site-packages/airflow/example_dags/example_task_group_decorator.py
[2025-01-22T13:04:07.890+0000] {processor.py:925} INFO - DAG(s) 'example_task_group_decorator' retrieved from /usr/local/python/3.12.1/lib/python3.12/site-packages/airflow/example_dags/example_task_group_decorator.py
[2025-01-22T13:04:07.905+0000] {logging_mixin.py:190} INFO - [2025-01-22T13:04:07.905+0000] {dag.py:3239} INFO - Sync 1 DAGs
[2025-01-22T13:04:07.914+0000] {logging_mixin.py:190} INFO - [2025-01-22T13:04:07.914+0000] {dag.py:4180} INFO - Setting next_dagrun for example_task_group_decorator to None, run_after=None
[2025-01-22T13:04:07.929+0000] {processor.py:208} INFO - Processing /usr/local/python/3.12.1/lib/python3.12/site-packages/airflow/example_dags/example_task_group_decorator.py took 0.056 seconds
[2025-01-22T13:04:58.496+0000] {processor.py:186} INFO - Started process (PID=12228) to work on /usr/local/python/3.12.1/lib/python3.12/site-packages/airflow/example_dags/example_task_group_decorator.py
[2025-01-22T13:04:58.497+0000] {processor.py:914} INFO - Processing file /usr/local/python/3.12.1/lib/python3.12/site-packages/airflow/example_dags/example_task_group_decorator.py for tasks to queue
[2025-01-22T13:04:58.498+0000] {logging_mixin.py:190} INFO - [2025-01-22T13:04:58.498+0000] {dagbag.py:588} INFO - Filling up the DagBag from /usr/local/python/3.12.1/lib/python3.12/site-packages/airflow/example_dags/example_task_group_decorator.py
[2025-01-22T13:04:58.509+0000] {processor.py:925} INFO - DAG(s) 'example_task_group_decorator' retrieved from /usr/local/python/3.12.1/lib/python3.12/site-packages/airflow/example_dags/example_task_group_decorator.py
[2025-01-22T13:04:58.524+0000] {logging_mixin.py:190} INFO - [2025-01-22T13:04:58.523+0000] {dag.py:3239} INFO - Sync 1 DAGs
[2025-01-22T13:04:58.532+0000] {logging_mixin.py:190} INFO - [2025-01-22T13:04:58.532+0000] {dag.py:4180} INFO - Setting next_dagrun for example_task_group_decorator to None, run_after=None
[2025-01-22T13:04:58.546+0000] {processor.py:208} INFO - Processing /usr/local/python/3.12.1/lib/python3.12/site-packages/airflow/example_dags/example_task_group_decorator.py took 0.054 seconds
[2025-01-22T13:05:50.266+0000] {processor.py:186} INFO - Started process (PID=12661) to work on /usr/local/python/3.12.1/lib/python3.12/site-packages/airflow/example_dags/example_task_group_decorator.py
[2025-01-22T13:05:50.267+0000] {processor.py:914} INFO - Processing file /usr/local/python/3.12.1/lib/python3.12/site-packages/airflow/example_dags/example_task_group_decorator.py for tasks to queue
[2025-01-22T13:05:50.268+0000] {logging_mixin.py:190} INFO - [2025-01-22T13:05:50.268+0000] {dagbag.py:588} INFO - Filling up the DagBag from /usr/local/python/3.12.1/lib/python3.12/site-packages/airflow/example_dags/example_task_group_decorator.py
[2025-01-22T13:05:50.280+0000] {processor.py:925} INFO - DAG(s) 'example_task_group_decorator' retrieved from /usr/local/python/3.12.1/lib/python3.12/site-packages/airflow/example_dags/example_task_group_decorator.py
[2025-01-22T13:05:50.294+0000] {logging_mixin.py:190} INFO - [2025-01-22T13:05:50.294+0000] {dag.py:3239} INFO - Sync 1 DAGs
[2025-01-22T13:05:50.303+0000] {logging_mixin.py:190} INFO - [2025-01-22T13:05:50.303+0000] {dag.py:4180} INFO - Setting next_dagrun for example_task_group_decorator to None, run_after=None
[2025-01-22T13:05:50.317+0000] {processor.py:208} INFO - Processing /usr/local/python/3.12.1/lib/python3.12/site-packages/airflow/example_dags/example_task_group_decorator.py took 0.056 seconds
[2025-01-22T13:06:38.504+0000] {processor.py:186} INFO - Started process (PID=13075) to work on /usr/local/python/3.12.1/lib/python3.12/site-packages/airflow/example_dags/example_task_group_decorator.py
[2025-01-22T13:06:38.505+0000] {processor.py:914} INFO - Processing file /usr/local/python/3.12.1/lib/python3.12/site-packages/airflow/example_dags/example_task_group_decorator.py for tasks to queue
[2025-01-22T13:06:38.506+0000] {logging_mixin.py:190} INFO - [2025-01-22T13:06:38.506+0000] {dagbag.py:588} INFO - Filling up the DagBag from /usr/local/python/3.12.1/lib/python3.12/site-packages/airflow/example_dags/example_task_group_decorator.py
[2025-01-22T13:06:38.518+0000] {processor.py:925} INFO - DAG(s) 'example_task_group_decorator' retrieved from /usr/local/python/3.12.1/lib/python3.12/site-packages/airflow/example_dags/example_task_group_decorator.py
[2025-01-22T13:06:38.532+0000] {logging_mixin.py:190} INFO - [2025-01-22T13:06:38.532+0000] {dag.py:3239} INFO - Sync 1 DAGs
[2025-01-22T13:06:38.541+0000] {logging_mixin.py:190} INFO - [2025-01-22T13:06:38.541+0000] {dag.py:4180} INFO - Setting next_dagrun for example_task_group_decorator to None, run_after=None
[2025-01-22T13:06:38.555+0000] {processor.py:208} INFO - Processing /usr/local/python/3.12.1/lib/python3.12/site-packages/airflow/example_dags/example_task_group_decorator.py took 0.055 seconds
[2025-01-22T13:07:25.910+0000] {processor.py:186} INFO - Started process (PID=13476) to work on /usr/local/python/3.12.1/lib/python3.12/site-packages/airflow/example_dags/example_task_group_decorator.py
[2025-01-22T13:07:25.910+0000] {processor.py:914} INFO - Processing file /usr/local/python/3.12.1/lib/python3.12/site-packages/airflow/example_dags/example_task_group_decorator.py for tasks to queue
[2025-01-22T13:07:25.912+0000] {logging_mixin.py:190} INFO - [2025-01-22T13:07:25.912+0000] {dagbag.py:588} INFO - Filling up the DagBag from /usr/local/python/3.12.1/lib/python3.12/site-packages/airflow/example_dags/example_task_group_decorator.py
[2025-01-22T13:07:25.926+0000] {processor.py:925} INFO - DAG(s) 'example_task_group_decorator' retrieved from /usr/local/python/3.12.1/lib/python3.12/site-packages/airflow/example_dags/example_task_group_decorator.py
[2025-01-22T13:07:25.941+0000] {logging_mixin.py:190} INFO - [2025-01-22T13:07:25.941+0000] {dag.py:3239} INFO - Sync 1 DAGs
[2025-01-22T13:07:25.950+0000] {logging_mixin.py:190} INFO - [2025-01-22T13:07:25.950+0000] {dag.py:4180} INFO - Setting next_dagrun for example_task_group_decorator to None, run_after=None
[2025-01-22T13:07:25.964+0000] {processor.py:208} INFO - Processing /usr/local/python/3.12.1/lib/python3.12/site-packages/airflow/example_dags/example_task_group_decorator.py took 0.058 seconds
[2025-01-22T13:08:20.238+0000] {processor.py:186} INFO - Started process (PID=14107) to work on /usr/local/python/3.12.1/lib/python3.12/site-packages/airflow/example_dags/example_task_group_decorator.py
[2025-01-22T13:08:20.239+0000] {processor.py:914} INFO - Processing file /usr/local/python/3.12.1/lib/python3.12/site-packages/airflow/example_dags/example_task_group_decorator.py for tasks to queue
[2025-01-22T13:08:20.240+0000] {logging_mixin.py:190} INFO - [2025-01-22T13:08:20.240+0000] {dagbag.py:588} INFO - Filling up the DagBag from /usr/local/python/3.12.1/lib/python3.12/site-packages/airflow/example_dags/example_task_group_decorator.py
[2025-01-22T13:08:20.253+0000] {processor.py:925} INFO - DAG(s) 'example_task_group_decorator' retrieved from /usr/local/python/3.12.1/lib/python3.12/site-packages/airflow/example_dags/example_task_group_decorator.py
[2025-01-22T13:08:20.267+0000] {logging_mixin.py:190} INFO - [2025-01-22T13:08:20.267+0000] {dag.py:3239} INFO - Sync 1 DAGs
[2025-01-22T13:08:20.276+0000] {logging_mixin.py:190} INFO - [2025-01-22T13:08:20.276+0000] {dag.py:4180} INFO - Setting next_dagrun for example_task_group_decorator to None, run_after=None
[2025-01-22T13:08:20.291+0000] {processor.py:208} INFO - Processing /usr/local/python/3.12.1/lib/python3.12/site-packages/airflow/example_dags/example_task_group_decorator.py took 0.057 seconds
[2025-01-22T13:09:11.633+0000] {processor.py:186} INFO - Started process (PID=14528) to work on /usr/local/python/3.12.1/lib/python3.12/site-packages/airflow/example_dags/example_task_group_decorator.py
[2025-01-22T13:09:11.633+0000] {processor.py:914} INFO - Processing file /usr/local/python/3.12.1/lib/python3.12/site-packages/airflow/example_dags/example_task_group_decorator.py for tasks to queue
[2025-01-22T13:09:11.635+0000] {logging_mixin.py:190} INFO - [2025-01-22T13:09:11.635+0000] {dagbag.py:588} INFO - Filling up the DagBag from /usr/local/python/3.12.1/lib/python3.12/site-packages/airflow/example_dags/example_task_group_decorator.py
[2025-01-22T13:09:11.650+0000] {processor.py:925} INFO - DAG(s) 'example_task_group_decorator' retrieved from /usr/local/python/3.12.1/lib/python3.12/site-packages/airflow/example_dags/example_task_group_decorator.py
[2025-01-22T13:09:11.664+0000] {logging_mixin.py:190} INFO - [2025-01-22T13:09:11.664+0000] {dag.py:3239} INFO - Sync 1 DAGs
[2025-01-22T13:09:11.673+0000] {logging_mixin.py:190} INFO - [2025-01-22T13:09:11.673+0000] {dag.py:4180} INFO - Setting next_dagrun for example_task_group_decorator to None, run_after=None
[2025-01-22T13:09:11.688+0000] {processor.py:208} INFO - Processing /usr/local/python/3.12.1/lib/python3.12/site-packages/airflow/example_dags/example_task_group_decorator.py took 0.060 seconds
[2025-01-22T13:10:03.299+0000] {processor.py:186} INFO - Started process (PID=14962) to work on /usr/local/python/3.12.1/lib/python3.12/site-packages/airflow/example_dags/example_task_group_decorator.py
[2025-01-22T13:10:03.300+0000] {processor.py:914} INFO - Processing file /usr/local/python/3.12.1/lib/python3.12/site-packages/airflow/example_dags/example_task_group_decorator.py for tasks to queue
[2025-01-22T13:10:03.301+0000] {logging_mixin.py:190} INFO - [2025-01-22T13:10:03.301+0000] {dagbag.py:588} INFO - Filling up the DagBag from /usr/local/python/3.12.1/lib/python3.12/site-packages/airflow/example_dags/example_task_group_decorator.py
[2025-01-22T13:10:03.313+0000] {processor.py:925} INFO - DAG(s) 'example_task_group_decorator' retrieved from /usr/local/python/3.12.1/lib/python3.12/site-packages/airflow/example_dags/example_task_group_decorator.py
[2025-01-22T13:10:03.327+0000] {logging_mixin.py:190} INFO - [2025-01-22T13:10:03.327+0000] {dag.py:3239} INFO - Sync 1 DAGs
[2025-01-22T13:10:03.337+0000] {logging_mixin.py:190} INFO - [2025-01-22T13:10:03.336+0000] {dag.py:4180} INFO - Setting next_dagrun for example_task_group_decorator to None, run_after=None
[2025-01-22T13:10:03.351+0000] {processor.py:208} INFO - Processing /usr/local/python/3.12.1/lib/python3.12/site-packages/airflow/example_dags/example_task_group_decorator.py took 0.055 seconds
[2025-01-22T13:10:51.119+0000] {processor.py:186} INFO - Started process (PID=15359) to work on /usr/local/python/3.12.1/lib/python3.12/site-packages/airflow/example_dags/example_task_group_decorator.py
[2025-01-22T13:10:51.119+0000] {processor.py:914} INFO - Processing file /usr/local/python/3.12.1/lib/python3.12/site-packages/airflow/example_dags/example_task_group_decorator.py for tasks to queue
[2025-01-22T13:10:51.121+0000] {logging_mixin.py:190} INFO - [2025-01-22T13:10:51.121+0000] {dagbag.py:588} INFO - Filling up the DagBag from /usr/local/python/3.12.1/lib/python3.12/site-packages/airflow/example_dags/example_task_group_decorator.py
[2025-01-22T13:10:51.132+0000] {processor.py:925} INFO - DAG(s) 'example_task_group_decorator' retrieved from /usr/local/python/3.12.1/lib/python3.12/site-packages/airflow/example_dags/example_task_group_decorator.py
[2025-01-22T13:10:51.146+0000] {logging_mixin.py:190} INFO - [2025-01-22T13:10:51.146+0000] {dag.py:3239} INFO - Sync 1 DAGs
[2025-01-22T13:10:51.155+0000] {logging_mixin.py:190} INFO - [2025-01-22T13:10:51.155+0000] {dag.py:4180} INFO - Setting next_dagrun for example_task_group_decorator to None, run_after=None
[2025-01-22T13:10:51.170+0000] {processor.py:208} INFO - Processing /usr/local/python/3.12.1/lib/python3.12/site-packages/airflow/example_dags/example_task_group_decorator.py took 0.055 seconds
[2025-01-22T13:11:41.271+0000] {processor.py:186} INFO - Started process (PID=15773) to work on /usr/local/python/3.12.1/lib/python3.12/site-packages/airflow/example_dags/example_task_group_decorator.py
[2025-01-22T13:11:41.272+0000] {processor.py:914} INFO - Processing file /usr/local/python/3.12.1/lib/python3.12/site-packages/airflow/example_dags/example_task_group_decorator.py for tasks to queue
[2025-01-22T13:11:41.273+0000] {logging_mixin.py:190} INFO - [2025-01-22T13:11:41.273+0000] {dagbag.py:588} INFO - Filling up the DagBag from /usr/local/python/3.12.1/lib/python3.12/site-packages/airflow/example_dags/example_task_group_decorator.py
[2025-01-22T13:11:41.286+0000] {processor.py:925} INFO - DAG(s) 'example_task_group_decorator' retrieved from /usr/local/python/3.12.1/lib/python3.12/site-packages/airflow/example_dags/example_task_group_decorator.py
[2025-01-22T13:11:41.301+0000] {logging_mixin.py:190} INFO - [2025-01-22T13:11:41.301+0000] {dag.py:3239} INFO - Sync 1 DAGs
[2025-01-22T13:11:41.311+0000] {logging_mixin.py:190} INFO - [2025-01-22T13:11:41.311+0000] {dag.py:4180} INFO - Setting next_dagrun for example_task_group_decorator to None, run_after=None
[2025-01-22T13:11:41.329+0000] {processor.py:208} INFO - Processing /usr/local/python/3.12.1/lib/python3.12/site-packages/airflow/example_dags/example_task_group_decorator.py took 0.062 seconds
[2025-01-22T13:12:32.584+0000] {processor.py:186} INFO - Started process (PID=16250) to work on /usr/local/python/3.12.1/lib/python3.12/site-packages/airflow/example_dags/example_task_group_decorator.py
[2025-01-22T13:12:32.584+0000] {processor.py:914} INFO - Processing file /usr/local/python/3.12.1/lib/python3.12/site-packages/airflow/example_dags/example_task_group_decorator.py for tasks to queue
[2025-01-22T13:12:32.586+0000] {logging_mixin.py:190} INFO - [2025-01-22T13:12:32.586+0000] {dagbag.py:588} INFO - Filling up the DagBag from /usr/local/python/3.12.1/lib/python3.12/site-packages/airflow/example_dags/example_task_group_decorator.py
[2025-01-22T13:12:32.600+0000] {processor.py:925} INFO - DAG(s) 'example_task_group_decorator' retrieved from /usr/local/python/3.12.1/lib/python3.12/site-packages/airflow/example_dags/example_task_group_decorator.py
[2025-01-22T13:12:32.614+0000] {logging_mixin.py:190} INFO - [2025-01-22T13:12:32.614+0000] {dag.py:3239} INFO - Sync 1 DAGs
[2025-01-22T13:12:32.623+0000] {logging_mixin.py:190} INFO - [2025-01-22T13:12:32.622+0000] {dag.py:4180} INFO - Setting next_dagrun for example_task_group_decorator to None, run_after=None
[2025-01-22T13:12:32.636+0000] {processor.py:208} INFO - Processing /usr/local/python/3.12.1/lib/python3.12/site-packages/airflow/example_dags/example_task_group_decorator.py took 0.057 seconds
[2025-01-22T13:13:23.974+0000] {processor.py:186} INFO - Started process (PID=16684) to work on /usr/local/python/3.12.1/lib/python3.12/site-packages/airflow/example_dags/example_task_group_decorator.py
[2025-01-22T13:13:23.975+0000] {processor.py:914} INFO - Processing file /usr/local/python/3.12.1/lib/python3.12/site-packages/airflow/example_dags/example_task_group_decorator.py for tasks to queue
[2025-01-22T13:13:23.976+0000] {logging_mixin.py:190} INFO - [2025-01-22T13:13:23.976+0000] {dagbag.py:588} INFO - Filling up the DagBag from /usr/local/python/3.12.1/lib/python3.12/site-packages/airflow/example_dags/example_task_group_decorator.py
[2025-01-22T13:13:23.987+0000] {processor.py:925} INFO - DAG(s) 'example_task_group_decorator' retrieved from /usr/local/python/3.12.1/lib/python3.12/site-packages/airflow/example_dags/example_task_group_decorator.py
[2025-01-22T13:13:24.002+0000] {logging_mixin.py:190} INFO - [2025-01-22T13:13:24.001+0000] {dag.py:3239} INFO - Sync 1 DAGs
[2025-01-22T13:13:24.010+0000] {logging_mixin.py:190} INFO - [2025-01-22T13:13:24.010+0000] {dag.py:4180} INFO - Setting next_dagrun for example_task_group_decorator to None, run_after=None
[2025-01-22T13:13:24.026+0000] {processor.py:208} INFO - Processing /usr/local/python/3.12.1/lib/python3.12/site-packages/airflow/example_dags/example_task_group_decorator.py took 0.055 seconds
[2025-01-22T13:14:18.216+0000] {processor.py:186} INFO - Started process (PID=17055) to work on /usr/local/python/3.12.1/lib/python3.12/site-packages/airflow/example_dags/example_task_group_decorator.py
[2025-01-22T13:14:18.216+0000] {processor.py:914} INFO - Processing file /usr/local/python/3.12.1/lib/python3.12/site-packages/airflow/example_dags/example_task_group_decorator.py for tasks to queue
[2025-01-22T13:14:18.218+0000] {logging_mixin.py:190} INFO - [2025-01-22T13:14:18.217+0000] {dagbag.py:588} INFO - Filling up the DagBag from /usr/local/python/3.12.1/lib/python3.12/site-packages/airflow/example_dags/example_task_group_decorator.py
[2025-01-22T13:14:18.229+0000] {processor.py:925} INFO - DAG(s) 'example_task_group_decorator' retrieved from /usr/local/python/3.12.1/lib/python3.12/site-packages/airflow/example_dags/example_task_group_decorator.py
[2025-01-22T13:14:18.243+0000] {logging_mixin.py:190} INFO - [2025-01-22T13:14:18.243+0000] {dag.py:3239} INFO - Sync 1 DAGs
[2025-01-22T13:14:18.252+0000] {logging_mixin.py:190} INFO - [2025-01-22T13:14:18.252+0000] {dag.py:4180} INFO - Setting next_dagrun for example_task_group_decorator to None, run_after=None
[2025-01-22T13:14:18.267+0000] {processor.py:208} INFO - Processing /usr/local/python/3.12.1/lib/python3.12/site-packages/airflow/example_dags/example_task_group_decorator.py took 0.056 seconds
[2025-01-22T13:15:08.088+0000] {processor.py:186} INFO - Started process (PID=17475) to work on /usr/local/python/3.12.1/lib/python3.12/site-packages/airflow/example_dags/example_task_group_decorator.py
[2025-01-22T13:15:08.088+0000] {processor.py:914} INFO - Processing file /usr/local/python/3.12.1/lib/python3.12/site-packages/airflow/example_dags/example_task_group_decorator.py for tasks to queue
[2025-01-22T13:15:08.090+0000] {logging_mixin.py:190} INFO - [2025-01-22T13:15:08.090+0000] {dagbag.py:588} INFO - Filling up the DagBag from /usr/local/python/3.12.1/lib/python3.12/site-packages/airflow/example_dags/example_task_group_decorator.py
[2025-01-22T13:15:08.102+0000] {processor.py:925} INFO - DAG(s) 'example_task_group_decorator' retrieved from /usr/local/python/3.12.1/lib/python3.12/site-packages/airflow/example_dags/example_task_group_decorator.py
[2025-01-22T13:15:08.116+0000] {logging_mixin.py:190} INFO - [2025-01-22T13:15:08.116+0000] {dag.py:3239} INFO - Sync 1 DAGs
[2025-01-22T13:15:08.125+0000] {logging_mixin.py:190} INFO - [2025-01-22T13:15:08.125+0000] {dag.py:4180} INFO - Setting next_dagrun for example_task_group_decorator to None, run_after=None
[2025-01-22T13:15:08.140+0000] {processor.py:208} INFO - Processing /usr/local/python/3.12.1/lib/python3.12/site-packages/airflow/example_dags/example_task_group_decorator.py took 0.056 seconds
[2025-01-22T13:15:57.583+0000] {processor.py:186} INFO - Started process (PID=17890) to work on /usr/local/python/3.12.1/lib/python3.12/site-packages/airflow/example_dags/example_task_group_decorator.py
[2025-01-22T13:15:57.584+0000] {processor.py:914} INFO - Processing file /usr/local/python/3.12.1/lib/python3.12/site-packages/airflow/example_dags/example_task_group_decorator.py for tasks to queue
[2025-01-22T13:15:57.586+0000] {logging_mixin.py:190} INFO - [2025-01-22T13:15:57.585+0000] {dagbag.py:588} INFO - Filling up the DagBag from /usr/local/python/3.12.1/lib/python3.12/site-packages/airflow/example_dags/example_task_group_decorator.py
[2025-01-22T13:15:57.597+0000] {processor.py:925} INFO - DAG(s) 'example_task_group_decorator' retrieved from /usr/local/python/3.12.1/lib/python3.12/site-packages/airflow/example_dags/example_task_group_decorator.py
[2025-01-22T13:15:57.611+0000] {logging_mixin.py:190} INFO - [2025-01-22T13:15:57.611+0000] {dag.py:3239} INFO - Sync 1 DAGs
[2025-01-22T13:15:57.621+0000] {logging_mixin.py:190} INFO - [2025-01-22T13:15:57.621+0000] {dag.py:4180} INFO - Setting next_dagrun for example_task_group_decorator to None, run_after=None
[2025-01-22T13:15:57.635+0000] {processor.py:208} INFO - Processing /usr/local/python/3.12.1/lib/python3.12/site-packages/airflow/example_dags/example_task_group_decorator.py took 0.056 seconds
[2025-01-22T13:16:49.402+0000] {processor.py:186} INFO - Started process (PID=18318) to work on /usr/local/python/3.12.1/lib/python3.12/site-packages/airflow/example_dags/example_task_group_decorator.py
[2025-01-22T13:16:49.403+0000] {processor.py:914} INFO - Processing file /usr/local/python/3.12.1/lib/python3.12/site-packages/airflow/example_dags/example_task_group_decorator.py for tasks to queue
[2025-01-22T13:16:49.404+0000] {logging_mixin.py:190} INFO - [2025-01-22T13:16:49.404+0000] {dagbag.py:588} INFO - Filling up the DagBag from /usr/local/python/3.12.1/lib/python3.12/site-packages/airflow/example_dags/example_task_group_decorator.py
[2025-01-22T13:16:49.416+0000] {processor.py:925} INFO - DAG(s) 'example_task_group_decorator' retrieved from /usr/local/python/3.12.1/lib/python3.12/site-packages/airflow/example_dags/example_task_group_decorator.py
[2025-01-22T13:16:49.430+0000] {logging_mixin.py:190} INFO - [2025-01-22T13:16:49.430+0000] {dag.py:3239} INFO - Sync 1 DAGs
[2025-01-22T13:16:49.439+0000] {logging_mixin.py:190} INFO - [2025-01-22T13:16:49.439+0000] {dag.py:4180} INFO - Setting next_dagrun for example_task_group_decorator to None, run_after=None
[2025-01-22T13:16:49.454+0000] {processor.py:208} INFO - Processing /usr/local/python/3.12.1/lib/python3.12/site-packages/airflow/example_dags/example_task_group_decorator.py took 0.055 seconds
[2025-01-22T13:17:41.817+0000] {processor.py:186} INFO - Started process (PID=18815) to work on /usr/local/python/3.12.1/lib/python3.12/site-packages/airflow/example_dags/example_task_group_decorator.py
[2025-01-22T13:17:41.817+0000] {processor.py:914} INFO - Processing file /usr/local/python/3.12.1/lib/python3.12/site-packages/airflow/example_dags/example_task_group_decorator.py for tasks to queue
[2025-01-22T13:17:41.819+0000] {logging_mixin.py:190} INFO - [2025-01-22T13:17:41.819+0000] {dagbag.py:588} INFO - Filling up the DagBag from /usr/local/python/3.12.1/lib/python3.12/site-packages/airflow/example_dags/example_task_group_decorator.py
[2025-01-22T13:17:41.830+0000] {processor.py:925} INFO - DAG(s) 'example_task_group_decorator' retrieved from /usr/local/python/3.12.1/lib/python3.12/site-packages/airflow/example_dags/example_task_group_decorator.py
[2025-01-22T13:17:41.844+0000] {logging_mixin.py:190} INFO - [2025-01-22T13:17:41.844+0000] {dag.py:3239} INFO - Sync 1 DAGs
[2025-01-22T13:17:41.853+0000] {logging_mixin.py:190} INFO - [2025-01-22T13:17:41.853+0000] {dag.py:4180} INFO - Setting next_dagrun for example_task_group_decorator to None, run_after=None
[2025-01-22T13:17:41.867+0000] {processor.py:208} INFO - Processing /usr/local/python/3.12.1/lib/python3.12/site-packages/airflow/example_dags/example_task_group_decorator.py took 0.055 seconds
[2025-01-22T13:18:31.966+0000] {processor.py:186} INFO - Started process (PID=19294) to work on /usr/local/python/3.12.1/lib/python3.12/site-packages/airflow/example_dags/example_task_group_decorator.py
[2025-01-22T13:18:31.967+0000] {processor.py:914} INFO - Processing file /usr/local/python/3.12.1/lib/python3.12/site-packages/airflow/example_dags/example_task_group_decorator.py for tasks to queue
[2025-01-22T13:18:31.968+0000] {logging_mixin.py:190} INFO - [2025-01-22T13:18:31.968+0000] {dagbag.py:588} INFO - Filling up the DagBag from /usr/local/python/3.12.1/lib/python3.12/site-packages/airflow/example_dags/example_task_group_decorator.py
[2025-01-22T13:18:31.979+0000] {processor.py:925} INFO - DAG(s) 'example_task_group_decorator' retrieved from /usr/local/python/3.12.1/lib/python3.12/site-packages/airflow/example_dags/example_task_group_decorator.py
[2025-01-22T13:18:31.994+0000] {logging_mixin.py:190} INFO - [2025-01-22T13:18:31.994+0000] {dag.py:3239} INFO - Sync 1 DAGs
[2025-01-22T13:18:32.003+0000] {logging_mixin.py:190} INFO - [2025-01-22T13:18:32.003+0000] {dag.py:4180} INFO - Setting next_dagrun for example_task_group_decorator to None, run_after=None
[2025-01-22T13:18:32.017+0000] {processor.py:208} INFO - Processing /usr/local/python/3.12.1/lib/python3.12/site-packages/airflow/example_dags/example_task_group_decorator.py took 0.055 seconds
[2025-01-22T13:19:19.689+0000] {processor.py:186} INFO - Started process (PID=20123) to work on /usr/local/python/3.12.1/lib/python3.12/site-packages/airflow/example_dags/example_task_group_decorator.py
[2025-01-22T13:19:19.690+0000] {processor.py:914} INFO - Processing file /usr/local/python/3.12.1/lib/python3.12/site-packages/airflow/example_dags/example_task_group_decorator.py for tasks to queue
[2025-01-22T13:19:19.692+0000] {logging_mixin.py:190} INFO - [2025-01-22T13:19:19.691+0000] {dagbag.py:588} INFO - Filling up the DagBag from /usr/local/python/3.12.1/lib/python3.12/site-packages/airflow/example_dags/example_task_group_decorator.py
[2025-01-22T13:19:19.703+0000] {processor.py:925} INFO - DAG(s) 'example_task_group_decorator' retrieved from /usr/local/python/3.12.1/lib/python3.12/site-packages/airflow/example_dags/example_task_group_decorator.py
[2025-01-22T13:19:19.717+0000] {logging_mixin.py:190} INFO - [2025-01-22T13:19:19.717+0000] {dag.py:3239} INFO - Sync 1 DAGs
[2025-01-22T13:19:19.726+0000] {logging_mixin.py:190} INFO - [2025-01-22T13:19:19.726+0000] {dag.py:4180} INFO - Setting next_dagrun for example_task_group_decorator to None, run_after=None
[2025-01-22T13:19:19.741+0000] {processor.py:208} INFO - Processing /usr/local/python/3.12.1/lib/python3.12/site-packages/airflow/example_dags/example_task_group_decorator.py took 0.056 seconds
[2025-01-22T13:20:10.542+0000] {processor.py:186} INFO - Started process (PID=21103) to work on /usr/local/python/3.12.1/lib/python3.12/site-packages/airflow/example_dags/example_task_group_decorator.py
[2025-01-22T13:20:10.543+0000] {processor.py:914} INFO - Processing file /usr/local/python/3.12.1/lib/python3.12/site-packages/airflow/example_dags/example_task_group_decorator.py for tasks to queue
[2025-01-22T13:20:10.545+0000] {logging_mixin.py:190} INFO - [2025-01-22T13:20:10.544+0000] {dagbag.py:588} INFO - Filling up the DagBag from /usr/local/python/3.12.1/lib/python3.12/site-packages/airflow/example_dags/example_task_group_decorator.py
[2025-01-22T13:20:10.556+0000] {processor.py:925} INFO - DAG(s) 'example_task_group_decorator' retrieved from /usr/local/python/3.12.1/lib/python3.12/site-packages/airflow/example_dags/example_task_group_decorator.py
[2025-01-22T13:20:10.572+0000] {logging_mixin.py:190} INFO - [2025-01-22T13:20:10.572+0000] {dag.py:3239} INFO - Sync 1 DAGs
[2025-01-22T13:20:10.582+0000] {logging_mixin.py:190} INFO - [2025-01-22T13:20:10.581+0000] {dag.py:4180} INFO - Setting next_dagrun for example_task_group_decorator to None, run_after=None
[2025-01-22T13:20:10.596+0000] {processor.py:208} INFO - Processing /usr/local/python/3.12.1/lib/python3.12/site-packages/airflow/example_dags/example_task_group_decorator.py took 0.057 seconds
[2025-01-22T13:20:57.930+0000] {processor.py:186} INFO - Started process (PID=21581) to work on /usr/local/python/3.12.1/lib/python3.12/site-packages/airflow/example_dags/example_task_group_decorator.py
[2025-01-22T13:20:57.931+0000] {processor.py:914} INFO - Processing file /usr/local/python/3.12.1/lib/python3.12/site-packages/airflow/example_dags/example_task_group_decorator.py for tasks to queue
[2025-01-22T13:20:57.932+0000] {logging_mixin.py:190} INFO - [2025-01-22T13:20:57.932+0000] {dagbag.py:588} INFO - Filling up the DagBag from /usr/local/python/3.12.1/lib/python3.12/site-packages/airflow/example_dags/example_task_group_decorator.py
[2025-01-22T13:20:57.949+0000] {processor.py:925} INFO - DAG(s) 'example_task_group_decorator' retrieved from /usr/local/python/3.12.1/lib/python3.12/site-packages/airflow/example_dags/example_task_group_decorator.py
[2025-01-22T13:20:57.972+0000] {logging_mixin.py:190} INFO - [2025-01-22T13:20:57.972+0000] {dag.py:3239} INFO - Sync 1 DAGs
[2025-01-22T13:20:57.985+0000] {logging_mixin.py:190} INFO - [2025-01-22T13:20:57.984+0000] {dag.py:4180} INFO - Setting next_dagrun for example_task_group_decorator to None, run_after=None
[2025-01-22T13:20:58.002+0000] {processor.py:208} INFO - Processing /usr/local/python/3.12.1/lib/python3.12/site-packages/airflow/example_dags/example_task_group_decorator.py took 0.076 seconds
