[2025-01-22T12:53:15.321+0000] {processor.py:186} INFO - Started process (PID=5856) to work on /usr/local/python/3.12.1/lib/python3.12/site-packages/airflow/example_dags/example_nested_branch_dag.py
[2025-01-22T12:53:15.322+0000] {processor.py:914} INFO - Processing file /usr/local/python/3.12.1/lib/python3.12/site-packages/airflow/example_dags/example_nested_branch_dag.py for tasks to queue
[2025-01-22T12:53:15.323+0000] {logging_mixin.py:190} INFO - [2025-01-22T12:53:15.323+0000] {dagbag.py:588} INFO - Filling up the DagBag from /usr/local/python/3.12.1/lib/python3.12/site-packages/airflow/example_dags/example_nested_branch_dag.py
[2025-01-22T12:53:15.332+0000] {processor.py:925} INFO - DAG(s) 'example_nested_branch_dag' retrieved from /usr/local/python/3.12.1/lib/python3.12/site-packages/airflow/example_dags/example_nested_branch_dag.py
[2025-01-22T12:53:15.405+0000] {logging_mixin.py:190} INFO - [2025-01-22T12:53:15.405+0000] {override.py:1911} INFO - Created Permission View: can delete on DAG:example_nested_branch_dag
[2025-01-22T12:53:15.413+0000] {logging_mixin.py:190} INFO - [2025-01-22T12:53:15.412+0000] {override.py:1911} INFO - Created Permission View: can edit on DAG:example_nested_branch_dag
[2025-01-22T12:53:15.418+0000] {logging_mixin.py:190} INFO - [2025-01-22T12:53:15.418+0000] {override.py:1911} INFO - Created Permission View: can read on DAG:example_nested_branch_dag
[2025-01-22T12:53:15.425+0000] {logging_mixin.py:190} INFO - [2025-01-22T12:53:15.425+0000] {override.py:1911} INFO - Created Permission View: can create on DAG Run:example_nested_branch_dag
[2025-01-22T12:53:15.430+0000] {logging_mixin.py:190} INFO - [2025-01-22T12:53:15.430+0000] {override.py:1911} INFO - Created Permission View: can read on DAG Run:example_nested_branch_dag
[2025-01-22T12:53:15.435+0000] {logging_mixin.py:190} INFO - [2025-01-22T12:53:15.435+0000] {override.py:1911} INFO - Created Permission View: menu access on DAG Run:example_nested_branch_dag
[2025-01-22T12:53:15.440+0000] {logging_mixin.py:190} INFO - [2025-01-22T12:53:15.440+0000] {override.py:1911} INFO - Created Permission View: can delete on DAG Run:example_nested_branch_dag
[2025-01-22T12:53:15.440+0000] {logging_mixin.py:190} INFO - [2025-01-22T12:53:15.440+0000] {dag.py:3239} INFO - Sync 1 DAGs
[2025-01-22T12:53:15.448+0000] {logging_mixin.py:190} INFO - [2025-01-22T12:53:15.448+0000] {dag.py:3262} INFO - Creating ORM DAG for example_nested_branch_dag
[2025-01-22T12:53:15.455+0000] {logging_mixin.py:190} INFO - [2025-01-22T12:53:15.455+0000] {dag.py:4180} INFO - Setting next_dagrun for example_nested_branch_dag to 2025-01-21 00:00:00+00:00, run_after=2025-01-22 00:00:00+00:00
[2025-01-22T12:53:15.467+0000] {processor.py:208} INFO - Processing /usr/local/python/3.12.1/lib/python3.12/site-packages/airflow/example_dags/example_nested_branch_dag.py took 0.150 seconds
[2025-01-22T12:54:10.336+0000] {processor.py:186} INFO - Started process (PID=6745) to work on /usr/local/python/3.12.1/lib/python3.12/site-packages/airflow/example_dags/example_nested_branch_dag.py
[2025-01-22T12:54:10.337+0000] {processor.py:914} INFO - Processing file /usr/local/python/3.12.1/lib/python3.12/site-packages/airflow/example_dags/example_nested_branch_dag.py for tasks to queue
[2025-01-22T12:54:10.340+0000] {logging_mixin.py:190} INFO - [2025-01-22T12:54:10.339+0000] {dagbag.py:588} INFO - Filling up the DagBag from /usr/local/python/3.12.1/lib/python3.12/site-packages/airflow/example_dags/example_nested_branch_dag.py
[2025-01-22T12:54:10.348+0000] {processor.py:925} INFO - DAG(s) 'example_nested_branch_dag' retrieved from /usr/local/python/3.12.1/lib/python3.12/site-packages/airflow/example_dags/example_nested_branch_dag.py
[2025-01-22T12:54:10.360+0000] {logging_mixin.py:190} INFO - [2025-01-22T12:54:10.360+0000] {dag.py:3239} INFO - Sync 1 DAGs
[2025-01-22T12:54:10.375+0000] {logging_mixin.py:190} INFO - [2025-01-22T12:54:10.375+0000] {dag.py:4180} INFO - Setting next_dagrun for example_nested_branch_dag to 2025-01-21 00:00:00+00:00, run_after=2025-01-22 00:00:00+00:00
[2025-01-22T12:54:10.389+0000] {processor.py:208} INFO - Processing /usr/local/python/3.12.1/lib/python3.12/site-packages/airflow/example_dags/example_nested_branch_dag.py took 0.059 seconds
[2025-01-22T12:55:05.327+0000] {processor.py:186} INFO - Started process (PID=7248) to work on /usr/local/python/3.12.1/lib/python3.12/site-packages/airflow/example_dags/example_nested_branch_dag.py
[2025-01-22T12:55:05.328+0000] {processor.py:914} INFO - Processing file /usr/local/python/3.12.1/lib/python3.12/site-packages/airflow/example_dags/example_nested_branch_dag.py for tasks to queue
[2025-01-22T12:55:05.330+0000] {logging_mixin.py:190} INFO - [2025-01-22T12:55:05.329+0000] {dagbag.py:588} INFO - Filling up the DagBag from /usr/local/python/3.12.1/lib/python3.12/site-packages/airflow/example_dags/example_nested_branch_dag.py
[2025-01-22T12:55:05.338+0000] {processor.py:925} INFO - DAG(s) 'example_nested_branch_dag' retrieved from /usr/local/python/3.12.1/lib/python3.12/site-packages/airflow/example_dags/example_nested_branch_dag.py
[2025-01-22T12:55:05.350+0000] {logging_mixin.py:190} INFO - [2025-01-22T12:55:05.350+0000] {dag.py:3239} INFO - Sync 1 DAGs
[2025-01-22T12:55:05.365+0000] {logging_mixin.py:190} INFO - [2025-01-22T12:55:05.365+0000] {dag.py:4180} INFO - Setting next_dagrun for example_nested_branch_dag to 2025-01-21 00:00:00+00:00, run_after=2025-01-22 00:00:00+00:00
[2025-01-22T12:55:05.381+0000] {processor.py:208} INFO - Processing /usr/local/python/3.12.1/lib/python3.12/site-packages/airflow/example_dags/example_nested_branch_dag.py took 0.057 seconds
[2025-01-22T12:56:22.836+0000] {processor.py:186} INFO - Started process (PID=7978) to work on /usr/local/python/3.12.1/lib/python3.12/site-packages/airflow/example_dags/example_nested_branch_dag.py
[2025-01-22T12:56:22.836+0000] {processor.py:914} INFO - Processing file /usr/local/python/3.12.1/lib/python3.12/site-packages/airflow/example_dags/example_nested_branch_dag.py for tasks to queue
[2025-01-22T12:56:22.838+0000] {logging_mixin.py:190} INFO - [2025-01-22T12:56:22.838+0000] {dagbag.py:588} INFO - Filling up the DagBag from /usr/local/python/3.12.1/lib/python3.12/site-packages/airflow/example_dags/example_nested_branch_dag.py
[2025-01-22T12:56:22.846+0000] {processor.py:925} INFO - DAG(s) 'example_nested_branch_dag' retrieved from /usr/local/python/3.12.1/lib/python3.12/site-packages/airflow/example_dags/example_nested_branch_dag.py
[2025-01-22T12:56:22.858+0000] {logging_mixin.py:190} INFO - [2025-01-22T12:56:22.858+0000] {dag.py:3239} INFO - Sync 1 DAGs
[2025-01-22T12:56:22.873+0000] {logging_mixin.py:190} INFO - [2025-01-22T12:56:22.873+0000] {dag.py:4180} INFO - Setting next_dagrun for example_nested_branch_dag to 2025-01-21 00:00:00+00:00, run_after=2025-01-22 00:00:00+00:00
[2025-01-22T12:56:22.887+0000] {processor.py:208} INFO - Processing /usr/local/python/3.12.1/lib/python3.12/site-packages/airflow/example_dags/example_nested_branch_dag.py took 0.056 seconds
[2025-01-22T12:57:38.349+0000] {processor.py:186} INFO - Started process (PID=8625) to work on /usr/local/python/3.12.1/lib/python3.12/site-packages/airflow/example_dags/example_nested_branch_dag.py
[2025-01-22T12:57:38.350+0000] {processor.py:914} INFO - Processing file /usr/local/python/3.12.1/lib/python3.12/site-packages/airflow/example_dags/example_nested_branch_dag.py for tasks to queue
[2025-01-22T12:57:38.352+0000] {logging_mixin.py:190} INFO - [2025-01-22T12:57:38.351+0000] {dagbag.py:588} INFO - Filling up the DagBag from /usr/local/python/3.12.1/lib/python3.12/site-packages/airflow/example_dags/example_nested_branch_dag.py
[2025-01-22T12:57:38.362+0000] {processor.py:925} INFO - DAG(s) 'example_nested_branch_dag' retrieved from /usr/local/python/3.12.1/lib/python3.12/site-packages/airflow/example_dags/example_nested_branch_dag.py
[2025-01-22T12:57:38.374+0000] {logging_mixin.py:190} INFO - [2025-01-22T12:57:38.374+0000] {dag.py:3239} INFO - Sync 1 DAGs
[2025-01-22T12:57:38.389+0000] {logging_mixin.py:190} INFO - [2025-01-22T12:57:38.389+0000] {dag.py:4180} INFO - Setting next_dagrun for example_nested_branch_dag to 2025-01-21 00:00:00+00:00, run_after=2025-01-22 00:00:00+00:00
[2025-01-22T12:57:38.404+0000] {processor.py:208} INFO - Processing /usr/local/python/3.12.1/lib/python3.12/site-packages/airflow/example_dags/example_nested_branch_dag.py took 0.058 seconds
[2025-01-22T12:58:53.383+0000] {processor.py:186} INFO - Started process (PID=9214) to work on /usr/local/python/3.12.1/lib/python3.12/site-packages/airflow/example_dags/example_nested_branch_dag.py
[2025-01-22T12:58:53.383+0000] {processor.py:914} INFO - Processing file /usr/local/python/3.12.1/lib/python3.12/site-packages/airflow/example_dags/example_nested_branch_dag.py for tasks to queue
[2025-01-22T12:58:53.385+0000] {logging_mixin.py:190} INFO - [2025-01-22T12:58:53.385+0000] {dagbag.py:588} INFO - Filling up the DagBag from /usr/local/python/3.12.1/lib/python3.12/site-packages/airflow/example_dags/example_nested_branch_dag.py
[2025-01-22T12:58:53.397+0000] {processor.py:925} INFO - DAG(s) 'example_nested_branch_dag' retrieved from /usr/local/python/3.12.1/lib/python3.12/site-packages/airflow/example_dags/example_nested_branch_dag.py
[2025-01-22T12:58:53.413+0000] {logging_mixin.py:190} INFO - [2025-01-22T12:58:53.413+0000] {dag.py:3239} INFO - Sync 1 DAGs
[2025-01-22T12:58:53.435+0000] {logging_mixin.py:190} INFO - [2025-01-22T12:58:53.435+0000] {dag.py:4180} INFO - Setting next_dagrun for example_nested_branch_dag to 2025-01-21 00:00:00+00:00, run_after=2025-01-22 00:00:00+00:00
[2025-01-22T12:58:53.457+0000] {processor.py:208} INFO - Processing /usr/local/python/3.12.1/lib/python3.12/site-packages/airflow/example_dags/example_nested_branch_dag.py took 0.079 seconds
[2025-01-22T13:00:11.260+0000] {processor.py:186} INFO - Started process (PID=9830) to work on /usr/local/python/3.12.1/lib/python3.12/site-packages/airflow/example_dags/example_nested_branch_dag.py
[2025-01-22T13:00:11.261+0000] {processor.py:914} INFO - Processing file /usr/local/python/3.12.1/lib/python3.12/site-packages/airflow/example_dags/example_nested_branch_dag.py for tasks to queue
[2025-01-22T13:00:11.262+0000] {logging_mixin.py:190} INFO - [2025-01-22T13:00:11.262+0000] {dagbag.py:588} INFO - Filling up the DagBag from /usr/local/python/3.12.1/lib/python3.12/site-packages/airflow/example_dags/example_nested_branch_dag.py
[2025-01-22T13:00:11.271+0000] {processor.py:925} INFO - DAG(s) 'example_nested_branch_dag' retrieved from /usr/local/python/3.12.1/lib/python3.12/site-packages/airflow/example_dags/example_nested_branch_dag.py
[2025-01-22T13:00:11.283+0000] {logging_mixin.py:190} INFO - [2025-01-22T13:00:11.282+0000] {dag.py:3239} INFO - Sync 1 DAGs
[2025-01-22T13:00:11.297+0000] {logging_mixin.py:190} INFO - [2025-01-22T13:00:11.297+0000] {dag.py:4180} INFO - Setting next_dagrun for example_nested_branch_dag to 2025-01-21 00:00:00+00:00, run_after=2025-01-22 00:00:00+00:00
[2025-01-22T13:00:11.311+0000] {processor.py:208} INFO - Processing /usr/local/python/3.12.1/lib/python3.12/site-packages/airflow/example_dags/example_nested_branch_dag.py took 0.054 seconds
[2025-01-22T13:01:29.294+0000] {processor.py:186} INFO - Started process (PID=10513) to work on /usr/local/python/3.12.1/lib/python3.12/site-packages/airflow/example_dags/example_nested_branch_dag.py
[2025-01-22T13:01:29.295+0000] {processor.py:914} INFO - Processing file /usr/local/python/3.12.1/lib/python3.12/site-packages/airflow/example_dags/example_nested_branch_dag.py for tasks to queue
[2025-01-22T13:01:29.296+0000] {logging_mixin.py:190} INFO - [2025-01-22T13:01:29.296+0000] {dagbag.py:588} INFO - Filling up the DagBag from /usr/local/python/3.12.1/lib/python3.12/site-packages/airflow/example_dags/example_nested_branch_dag.py
[2025-01-22T13:01:29.305+0000] {processor.py:925} INFO - DAG(s) 'example_nested_branch_dag' retrieved from /usr/local/python/3.12.1/lib/python3.12/site-packages/airflow/example_dags/example_nested_branch_dag.py
[2025-01-22T13:01:29.317+0000] {logging_mixin.py:190} INFO - [2025-01-22T13:01:29.317+0000] {dag.py:3239} INFO - Sync 1 DAGs
[2025-01-22T13:01:29.334+0000] {logging_mixin.py:190} INFO - [2025-01-22T13:01:29.334+0000] {dag.py:4180} INFO - Setting next_dagrun for example_nested_branch_dag to 2025-01-21 00:00:00+00:00, run_after=2025-01-22 00:00:00+00:00
[2025-01-22T13:01:29.354+0000] {processor.py:208} INFO - Processing /usr/local/python/3.12.1/lib/python3.12/site-packages/airflow/example_dags/example_nested_branch_dag.py took 0.064 seconds
[2025-01-22T13:02:42.330+0000] {processor.py:186} INFO - Started process (PID=11148) to work on /usr/local/python/3.12.1/lib/python3.12/site-packages/airflow/example_dags/example_nested_branch_dag.py
[2025-01-22T13:02:42.331+0000] {processor.py:914} INFO - Processing file /usr/local/python/3.12.1/lib/python3.12/site-packages/airflow/example_dags/example_nested_branch_dag.py for tasks to queue
[2025-01-22T13:02:42.332+0000] {logging_mixin.py:190} INFO - [2025-01-22T13:02:42.332+0000] {dagbag.py:588} INFO - Filling up the DagBag from /usr/local/python/3.12.1/lib/python3.12/site-packages/airflow/example_dags/example_nested_branch_dag.py
[2025-01-22T13:02:42.341+0000] {processor.py:925} INFO - DAG(s) 'example_nested_branch_dag' retrieved from /usr/local/python/3.12.1/lib/python3.12/site-packages/airflow/example_dags/example_nested_branch_dag.py
[2025-01-22T13:02:42.356+0000] {logging_mixin.py:190} INFO - [2025-01-22T13:02:42.356+0000] {dag.py:3239} INFO - Sync 1 DAGs
[2025-01-22T13:02:42.371+0000] {logging_mixin.py:190} INFO - [2025-01-22T13:02:42.371+0000] {dag.py:4180} INFO - Setting next_dagrun for example_nested_branch_dag to 2025-01-21 00:00:00+00:00, run_after=2025-01-22 00:00:00+00:00
[2025-01-22T13:02:42.385+0000] {processor.py:208} INFO - Processing /usr/local/python/3.12.1/lib/python3.12/site-packages/airflow/example_dags/example_nested_branch_dag.py took 0.058 seconds
[2025-01-22T13:03:58.238+0000] {processor.py:186} INFO - Started process (PID=11746) to work on /usr/local/python/3.12.1/lib/python3.12/site-packages/airflow/example_dags/example_nested_branch_dag.py
[2025-01-22T13:03:58.239+0000] {processor.py:914} INFO - Processing file /usr/local/python/3.12.1/lib/python3.12/site-packages/airflow/example_dags/example_nested_branch_dag.py for tasks to queue
[2025-01-22T13:03:58.240+0000] {logging_mixin.py:190} INFO - [2025-01-22T13:03:58.240+0000] {dagbag.py:588} INFO - Filling up the DagBag from /usr/local/python/3.12.1/lib/python3.12/site-packages/airflow/example_dags/example_nested_branch_dag.py
[2025-01-22T13:03:58.249+0000] {processor.py:925} INFO - DAG(s) 'example_nested_branch_dag' retrieved from /usr/local/python/3.12.1/lib/python3.12/site-packages/airflow/example_dags/example_nested_branch_dag.py
[2025-01-22T13:03:58.262+0000] {logging_mixin.py:190} INFO - [2025-01-22T13:03:58.262+0000] {dag.py:3239} INFO - Sync 1 DAGs
[2025-01-22T13:03:58.277+0000] {logging_mixin.py:190} INFO - [2025-01-22T13:03:58.277+0000] {dag.py:4180} INFO - Setting next_dagrun for example_nested_branch_dag to 2025-01-21 00:00:00+00:00, run_after=2025-01-22 00:00:00+00:00
[2025-01-22T13:03:58.291+0000] {processor.py:208} INFO - Processing /usr/local/python/3.12.1/lib/python3.12/site-packages/airflow/example_dags/example_nested_branch_dag.py took 0.057 seconds
[2025-01-22T13:05:15.152+0000] {processor.py:186} INFO - Started process (PID=12358) to work on /usr/local/python/3.12.1/lib/python3.12/site-packages/airflow/example_dags/example_nested_branch_dag.py
[2025-01-22T13:05:15.153+0000] {processor.py:914} INFO - Processing file /usr/local/python/3.12.1/lib/python3.12/site-packages/airflow/example_dags/example_nested_branch_dag.py for tasks to queue
[2025-01-22T13:05:15.154+0000] {logging_mixin.py:190} INFO - [2025-01-22T13:05:15.154+0000] {dagbag.py:588} INFO - Filling up the DagBag from /usr/local/python/3.12.1/lib/python3.12/site-packages/airflow/example_dags/example_nested_branch_dag.py
[2025-01-22T13:05:15.165+0000] {processor.py:925} INFO - DAG(s) 'example_nested_branch_dag' retrieved from /usr/local/python/3.12.1/lib/python3.12/site-packages/airflow/example_dags/example_nested_branch_dag.py
[2025-01-22T13:05:15.184+0000] {logging_mixin.py:190} INFO - [2025-01-22T13:05:15.183+0000] {dag.py:3239} INFO - Sync 1 DAGs
[2025-01-22T13:05:15.209+0000] {logging_mixin.py:190} INFO - [2025-01-22T13:05:15.209+0000] {dag.py:4180} INFO - Setting next_dagrun for example_nested_branch_dag to 2025-01-21 00:00:00+00:00, run_after=2025-01-22 00:00:00+00:00
[2025-01-22T13:05:15.240+0000] {processor.py:208} INFO - Processing /usr/local/python/3.12.1/lib/python3.12/site-packages/airflow/example_dags/example_nested_branch_dag.py took 0.092 seconds
[2025-01-22T13:06:30.490+0000] {processor.py:186} INFO - Started process (PID=13009) to work on /usr/local/python/3.12.1/lib/python3.12/site-packages/airflow/example_dags/example_nested_branch_dag.py
[2025-01-22T13:06:30.490+0000] {processor.py:914} INFO - Processing file /usr/local/python/3.12.1/lib/python3.12/site-packages/airflow/example_dags/example_nested_branch_dag.py for tasks to queue
[2025-01-22T13:06:30.492+0000] {logging_mixin.py:190} INFO - [2025-01-22T13:06:30.491+0000] {dagbag.py:588} INFO - Filling up the DagBag from /usr/local/python/3.12.1/lib/python3.12/site-packages/airflow/example_dags/example_nested_branch_dag.py
[2025-01-22T13:06:30.500+0000] {processor.py:925} INFO - DAG(s) 'example_nested_branch_dag' retrieved from /usr/local/python/3.12.1/lib/python3.12/site-packages/airflow/example_dags/example_nested_branch_dag.py
[2025-01-22T13:06:30.512+0000] {logging_mixin.py:190} INFO - [2025-01-22T13:06:30.512+0000] {dag.py:3239} INFO - Sync 1 DAGs
[2025-01-22T13:06:30.526+0000] {logging_mixin.py:190} INFO - [2025-01-22T13:06:30.526+0000] {dag.py:4180} INFO - Setting next_dagrun for example_nested_branch_dag to 2025-01-21 00:00:00+00:00, run_after=2025-01-22 00:00:00+00:00
[2025-01-22T13:06:30.541+0000] {processor.py:208} INFO - Processing /usr/local/python/3.12.1/lib/python3.12/site-packages/airflow/example_dags/example_nested_branch_dag.py took 0.055 seconds
[2025-01-22T13:07:43.743+0000] {processor.py:186} INFO - Started process (PID=13604) to work on /usr/local/python/3.12.1/lib/python3.12/site-packages/airflow/example_dags/example_nested_branch_dag.py
[2025-01-22T13:07:43.744+0000] {processor.py:914} INFO - Processing file /usr/local/python/3.12.1/lib/python3.12/site-packages/airflow/example_dags/example_nested_branch_dag.py for tasks to queue
[2025-01-22T13:07:43.746+0000] {logging_mixin.py:190} INFO - [2025-01-22T13:07:43.746+0000] {dagbag.py:588} INFO - Filling up the DagBag from /usr/local/python/3.12.1/lib/python3.12/site-packages/airflow/example_dags/example_nested_branch_dag.py
[2025-01-22T13:07:43.761+0000] {processor.py:925} INFO - DAG(s) 'example_nested_branch_dag' retrieved from /usr/local/python/3.12.1/lib/python3.12/site-packages/airflow/example_dags/example_nested_branch_dag.py
[2025-01-22T13:07:43.774+0000] {logging_mixin.py:190} INFO - [2025-01-22T13:07:43.773+0000] {dag.py:3239} INFO - Sync 1 DAGs
[2025-01-22T13:07:43.799+0000] {logging_mixin.py:190} INFO - [2025-01-22T13:07:43.798+0000] {dag.py:4180} INFO - Setting next_dagrun for example_nested_branch_dag to 2025-01-21 00:00:00+00:00, run_after=2025-01-22 00:00:00+00:00
[2025-01-22T13:07:43.814+0000] {processor.py:208} INFO - Processing /usr/local/python/3.12.1/lib/python3.12/site-packages/airflow/example_dags/example_nested_branch_dag.py took 0.076 seconds
[2025-01-22T13:08:39.761+0000] {processor.py:186} INFO - Started process (PID=14302) to work on /usr/local/python/3.12.1/lib/python3.12/site-packages/airflow/example_dags/example_nested_branch_dag.py
[2025-01-22T13:08:39.762+0000] {processor.py:914} INFO - Processing file /usr/local/python/3.12.1/lib/python3.12/site-packages/airflow/example_dags/example_nested_branch_dag.py for tasks to queue
[2025-01-22T13:08:39.764+0000] {logging_mixin.py:190} INFO - [2025-01-22T13:08:39.763+0000] {dagbag.py:588} INFO - Filling up the DagBag from /usr/local/python/3.12.1/lib/python3.12/site-packages/airflow/example_dags/example_nested_branch_dag.py
[2025-01-22T13:08:39.772+0000] {processor.py:925} INFO - DAG(s) 'example_nested_branch_dag' retrieved from /usr/local/python/3.12.1/lib/python3.12/site-packages/airflow/example_dags/example_nested_branch_dag.py
[2025-01-22T13:08:39.786+0000] {logging_mixin.py:190} INFO - [2025-01-22T13:08:39.786+0000] {dag.py:3239} INFO - Sync 1 DAGs
[2025-01-22T13:08:39.801+0000] {logging_mixin.py:190} INFO - [2025-01-22T13:08:39.801+0000] {dag.py:4180} INFO - Setting next_dagrun for example_nested_branch_dag to 2025-01-21 00:00:00+00:00, run_after=2025-01-22 00:00:00+00:00
[2025-01-22T13:08:39.817+0000] {processor.py:208} INFO - Processing /usr/local/python/3.12.1/lib/python3.12/site-packages/airflow/example_dags/example_nested_branch_dag.py took 0.060 seconds
[2025-01-22T13:09:55.605+0000] {processor.py:186} INFO - Started process (PID=14895) to work on /usr/local/python/3.12.1/lib/python3.12/site-packages/airflow/example_dags/example_nested_branch_dag.py
[2025-01-22T13:09:55.606+0000] {processor.py:914} INFO - Processing file /usr/local/python/3.12.1/lib/python3.12/site-packages/airflow/example_dags/example_nested_branch_dag.py for tasks to queue
[2025-01-22T13:09:55.607+0000] {logging_mixin.py:190} INFO - [2025-01-22T13:09:55.607+0000] {dagbag.py:588} INFO - Filling up the DagBag from /usr/local/python/3.12.1/lib/python3.12/site-packages/airflow/example_dags/example_nested_branch_dag.py
[2025-01-22T13:09:55.616+0000] {processor.py:925} INFO - DAG(s) 'example_nested_branch_dag' retrieved from /usr/local/python/3.12.1/lib/python3.12/site-packages/airflow/example_dags/example_nested_branch_dag.py
[2025-01-22T13:09:55.628+0000] {logging_mixin.py:190} INFO - [2025-01-22T13:09:55.628+0000] {dag.py:3239} INFO - Sync 1 DAGs
[2025-01-22T13:09:55.643+0000] {logging_mixin.py:190} INFO - [2025-01-22T13:09:55.643+0000] {dag.py:4180} INFO - Setting next_dagrun for example_nested_branch_dag to 2025-01-21 00:00:00+00:00, run_after=2025-01-22 00:00:00+00:00
[2025-01-22T13:09:55.657+0000] {processor.py:208} INFO - Processing /usr/local/python/3.12.1/lib/python3.12/site-packages/airflow/example_dags/example_nested_branch_dag.py took 0.056 seconds
[2025-01-22T13:11:07.772+0000] {processor.py:186} INFO - Started process (PID=15481) to work on /usr/local/python/3.12.1/lib/python3.12/site-packages/airflow/example_dags/example_nested_branch_dag.py
[2025-01-22T13:11:07.772+0000] {processor.py:914} INFO - Processing file /usr/local/python/3.12.1/lib/python3.12/site-packages/airflow/example_dags/example_nested_branch_dag.py for tasks to queue
[2025-01-22T13:11:07.774+0000] {logging_mixin.py:190} INFO - [2025-01-22T13:11:07.774+0000] {dagbag.py:588} INFO - Filling up the DagBag from /usr/local/python/3.12.1/lib/python3.12/site-packages/airflow/example_dags/example_nested_branch_dag.py
[2025-01-22T13:11:07.782+0000] {processor.py:925} INFO - DAG(s) 'example_nested_branch_dag' retrieved from /usr/local/python/3.12.1/lib/python3.12/site-packages/airflow/example_dags/example_nested_branch_dag.py
[2025-01-22T13:11:07.794+0000] {logging_mixin.py:190} INFO - [2025-01-22T13:11:07.794+0000] {dag.py:3239} INFO - Sync 1 DAGs
[2025-01-22T13:11:07.809+0000] {logging_mixin.py:190} INFO - [2025-01-22T13:11:07.809+0000] {dag.py:4180} INFO - Setting next_dagrun for example_nested_branch_dag to 2025-01-21 00:00:00+00:00, run_after=2025-01-22 00:00:00+00:00
[2025-01-22T13:11:07.822+0000] {processor.py:208} INFO - Processing /usr/local/python/3.12.1/lib/python3.12/site-packages/airflow/example_dags/example_nested_branch_dag.py took 0.055 seconds
[2025-01-22T13:12:24.677+0000] {processor.py:186} INFO - Started process (PID=16132) to work on /usr/local/python/3.12.1/lib/python3.12/site-packages/airflow/example_dags/example_nested_branch_dag.py
[2025-01-22T13:12:24.678+0000] {processor.py:914} INFO - Processing file /usr/local/python/3.12.1/lib/python3.12/site-packages/airflow/example_dags/example_nested_branch_dag.py for tasks to queue
[2025-01-22T13:12:24.679+0000] {logging_mixin.py:190} INFO - [2025-01-22T13:12:24.679+0000] {dagbag.py:588} INFO - Filling up the DagBag from /usr/local/python/3.12.1/lib/python3.12/site-packages/airflow/example_dags/example_nested_branch_dag.py
[2025-01-22T13:12:24.688+0000] {processor.py:925} INFO - DAG(s) 'example_nested_branch_dag' retrieved from /usr/local/python/3.12.1/lib/python3.12/site-packages/airflow/example_dags/example_nested_branch_dag.py
[2025-01-22T13:12:24.700+0000] {logging_mixin.py:190} INFO - [2025-01-22T13:12:24.699+0000] {dag.py:3239} INFO - Sync 1 DAGs
[2025-01-22T13:12:24.715+0000] {logging_mixin.py:190} INFO - [2025-01-22T13:12:24.715+0000] {dag.py:4180} INFO - Setting next_dagrun for example_nested_branch_dag to 2025-01-21 00:00:00+00:00, run_after=2025-01-22 00:00:00+00:00
[2025-01-22T13:12:24.729+0000] {processor.py:208} INFO - Processing /usr/local/python/3.12.1/lib/python3.12/site-packages/airflow/example_dags/example_nested_branch_dag.py took 0.056 seconds
[2025-01-22T13:13:42.292+0000] {processor.py:186} INFO - Started process (PID=16817) to work on /usr/local/python/3.12.1/lib/python3.12/site-packages/airflow/example_dags/example_nested_branch_dag.py
[2025-01-22T13:13:42.292+0000] {processor.py:914} INFO - Processing file /usr/local/python/3.12.1/lib/python3.12/site-packages/airflow/example_dags/example_nested_branch_dag.py for tasks to queue
[2025-01-22T13:13:42.294+0000] {logging_mixin.py:190} INFO - [2025-01-22T13:13:42.294+0000] {dagbag.py:588} INFO - Filling up the DagBag from /usr/local/python/3.12.1/lib/python3.12/site-packages/airflow/example_dags/example_nested_branch_dag.py
[2025-01-22T13:13:42.302+0000] {processor.py:925} INFO - DAG(s) 'example_nested_branch_dag' retrieved from /usr/local/python/3.12.1/lib/python3.12/site-packages/airflow/example_dags/example_nested_branch_dag.py
[2025-01-22T13:13:42.314+0000] {logging_mixin.py:190} INFO - [2025-01-22T13:13:42.314+0000] {dag.py:3239} INFO - Sync 1 DAGs
[2025-01-22T13:13:42.329+0000] {logging_mixin.py:190} INFO - [2025-01-22T13:13:42.329+0000] {dag.py:4180} INFO - Setting next_dagrun for example_nested_branch_dag to 2025-01-21 00:00:00+00:00, run_after=2025-01-22 00:00:00+00:00
[2025-01-22T13:13:42.344+0000] {processor.py:208} INFO - Processing /usr/local/python/3.12.1/lib/python3.12/site-packages/airflow/example_dags/example_nested_branch_dag.py took 0.056 seconds
[2025-01-22T13:14:35.610+0000] {processor.py:186} INFO - Started process (PID=17248) to work on /usr/local/python/3.12.1/lib/python3.12/site-packages/airflow/example_dags/example_nested_branch_dag.py
[2025-01-22T13:14:35.610+0000] {processor.py:914} INFO - Processing file /usr/local/python/3.12.1/lib/python3.12/site-packages/airflow/example_dags/example_nested_branch_dag.py for tasks to queue
[2025-01-22T13:14:35.612+0000] {logging_mixin.py:190} INFO - [2025-01-22T13:14:35.612+0000] {dagbag.py:588} INFO - Filling up the DagBag from /usr/local/python/3.12.1/lib/python3.12/site-packages/airflow/example_dags/example_nested_branch_dag.py
[2025-01-22T13:14:35.621+0000] {processor.py:925} INFO - DAG(s) 'example_nested_branch_dag' retrieved from /usr/local/python/3.12.1/lib/python3.12/site-packages/airflow/example_dags/example_nested_branch_dag.py
[2025-01-22T13:14:35.632+0000] {logging_mixin.py:190} INFO - [2025-01-22T13:14:35.632+0000] {dag.py:3239} INFO - Sync 1 DAGs
[2025-01-22T13:14:35.647+0000] {logging_mixin.py:190} INFO - [2025-01-22T13:14:35.647+0000] {dag.py:4180} INFO - Setting next_dagrun for example_nested_branch_dag to 2025-01-21 00:00:00+00:00, run_after=2025-01-22 00:00:00+00:00
[2025-01-22T13:14:35.661+0000] {processor.py:208} INFO - Processing /usr/local/python/3.12.1/lib/python3.12/site-packages/airflow/example_dags/example_nested_branch_dag.py took 0.055 seconds
[2025-01-22T13:15:49.047+0000] {processor.py:186} INFO - Started process (PID=17830) to work on /usr/local/python/3.12.1/lib/python3.12/site-packages/airflow/example_dags/example_nested_branch_dag.py
[2025-01-22T13:15:49.047+0000] {processor.py:914} INFO - Processing file /usr/local/python/3.12.1/lib/python3.12/site-packages/airflow/example_dags/example_nested_branch_dag.py for tasks to queue
[2025-01-22T13:15:49.049+0000] {logging_mixin.py:190} INFO - [2025-01-22T13:15:49.048+0000] {dagbag.py:588} INFO - Filling up the DagBag from /usr/local/python/3.12.1/lib/python3.12/site-packages/airflow/example_dags/example_nested_branch_dag.py
[2025-01-22T13:15:49.058+0000] {processor.py:925} INFO - DAG(s) 'example_nested_branch_dag' retrieved from /usr/local/python/3.12.1/lib/python3.12/site-packages/airflow/example_dags/example_nested_branch_dag.py
[2025-01-22T13:15:49.070+0000] {logging_mixin.py:190} INFO - [2025-01-22T13:15:49.070+0000] {dag.py:3239} INFO - Sync 1 DAGs
[2025-01-22T13:15:49.086+0000] {logging_mixin.py:190} INFO - [2025-01-22T13:15:49.086+0000] {dag.py:4180} INFO - Setting next_dagrun for example_nested_branch_dag to 2025-01-21 00:00:00+00:00, run_after=2025-01-22 00:00:00+00:00
[2025-01-22T13:15:49.100+0000] {processor.py:208} INFO - Processing /usr/local/python/3.12.1/lib/python3.12/site-packages/airflow/example_dags/example_nested_branch_dag.py took 0.058 seconds
[2025-01-22T13:17:08.311+0000] {processor.py:186} INFO - Started process (PID=18451) to work on /usr/local/python/3.12.1/lib/python3.12/site-packages/airflow/example_dags/example_nested_branch_dag.py
[2025-01-22T13:17:08.312+0000] {processor.py:914} INFO - Processing file /usr/local/python/3.12.1/lib/python3.12/site-packages/airflow/example_dags/example_nested_branch_dag.py for tasks to queue
[2025-01-22T13:17:08.313+0000] {logging_mixin.py:190} INFO - [2025-01-22T13:17:08.313+0000] {dagbag.py:588} INFO - Filling up the DagBag from /usr/local/python/3.12.1/lib/python3.12/site-packages/airflow/example_dags/example_nested_branch_dag.py
[2025-01-22T13:17:08.322+0000] {processor.py:925} INFO - DAG(s) 'example_nested_branch_dag' retrieved from /usr/local/python/3.12.1/lib/python3.12/site-packages/airflow/example_dags/example_nested_branch_dag.py
[2025-01-22T13:17:08.334+0000] {logging_mixin.py:190} INFO - [2025-01-22T13:17:08.334+0000] {dag.py:3239} INFO - Sync 1 DAGs
[2025-01-22T13:17:08.349+0000] {logging_mixin.py:190} INFO - [2025-01-22T13:17:08.349+0000] {dag.py:4180} INFO - Setting next_dagrun for example_nested_branch_dag to 2025-01-21 00:00:00+00:00, run_after=2025-01-22 00:00:00+00:00
[2025-01-22T13:17:08.363+0000] {processor.py:208} INFO - Processing /usr/local/python/3.12.1/lib/python3.12/site-packages/airflow/example_dags/example_nested_branch_dag.py took 0.056 seconds
[2025-01-22T13:18:23.122+0000] {processor.py:186} INFO - Started process (PID=19161) to work on /usr/local/python/3.12.1/lib/python3.12/site-packages/airflow/example_dags/example_nested_branch_dag.py
[2025-01-22T13:18:23.122+0000] {processor.py:914} INFO - Processing file /usr/local/python/3.12.1/lib/python3.12/site-packages/airflow/example_dags/example_nested_branch_dag.py for tasks to queue
[2025-01-22T13:18:23.124+0000] {logging_mixin.py:190} INFO - [2025-01-22T13:18:23.124+0000] {dagbag.py:588} INFO - Filling up the DagBag from /usr/local/python/3.12.1/lib/python3.12/site-packages/airflow/example_dags/example_nested_branch_dag.py
[2025-01-22T13:18:23.133+0000] {processor.py:925} INFO - DAG(s) 'example_nested_branch_dag' retrieved from /usr/local/python/3.12.1/lib/python3.12/site-packages/airflow/example_dags/example_nested_branch_dag.py
[2025-01-22T13:18:23.145+0000] {logging_mixin.py:190} INFO - [2025-01-22T13:18:23.145+0000] {dag.py:3239} INFO - Sync 1 DAGs
[2025-01-22T13:18:23.160+0000] {logging_mixin.py:190} INFO - [2025-01-22T13:18:23.160+0000] {dag.py:4180} INFO - Setting next_dagrun for example_nested_branch_dag to 2025-01-21 00:00:00+00:00, run_after=2025-01-22 00:00:00+00:00
[2025-01-22T13:18:23.175+0000] {processor.py:208} INFO - Processing /usr/local/python/3.12.1/lib/python3.12/site-packages/airflow/example_dags/example_nested_branch_dag.py took 0.058 seconds
[2025-01-22T13:19:36.473+0000] {processor.py:186} INFO - Started process (PID=20428) to work on /usr/local/python/3.12.1/lib/python3.12/site-packages/airflow/example_dags/example_nested_branch_dag.py
[2025-01-22T13:19:36.474+0000] {processor.py:914} INFO - Processing file /usr/local/python/3.12.1/lib/python3.12/site-packages/airflow/example_dags/example_nested_branch_dag.py for tasks to queue
[2025-01-22T13:19:36.475+0000] {logging_mixin.py:190} INFO - [2025-01-22T13:19:36.475+0000] {dagbag.py:588} INFO - Filling up the DagBag from /usr/local/python/3.12.1/lib/python3.12/site-packages/airflow/example_dags/example_nested_branch_dag.py
[2025-01-22T13:19:36.484+0000] {processor.py:925} INFO - DAG(s) 'example_nested_branch_dag' retrieved from /usr/local/python/3.12.1/lib/python3.12/site-packages/airflow/example_dags/example_nested_branch_dag.py
[2025-01-22T13:19:36.496+0000] {logging_mixin.py:190} INFO - [2025-01-22T13:19:36.496+0000] {dag.py:3239} INFO - Sync 1 DAGs
[2025-01-22T13:19:36.510+0000] {logging_mixin.py:190} INFO - [2025-01-22T13:19:36.510+0000] {dag.py:4180} INFO - Setting next_dagrun for example_nested_branch_dag to 2025-01-21 00:00:00+00:00, run_after=2025-01-22 00:00:00+00:00
[2025-01-22T13:19:36.525+0000] {processor.py:208} INFO - Processing /usr/local/python/3.12.1/lib/python3.12/site-packages/airflow/example_dags/example_nested_branch_dag.py took 0.055 seconds
[2025-01-22T13:20:49.528+0000] {processor.py:186} INFO - Started process (PID=21480) to work on /usr/local/python/3.12.1/lib/python3.12/site-packages/airflow/example_dags/example_nested_branch_dag.py
[2025-01-22T13:20:49.529+0000] {processor.py:914} INFO - Processing file /usr/local/python/3.12.1/lib/python3.12/site-packages/airflow/example_dags/example_nested_branch_dag.py for tasks to queue
[2025-01-22T13:20:49.530+0000] {logging_mixin.py:190} INFO - [2025-01-22T13:20:49.530+0000] {dagbag.py:588} INFO - Filling up the DagBag from /usr/local/python/3.12.1/lib/python3.12/site-packages/airflow/example_dags/example_nested_branch_dag.py
[2025-01-22T13:20:49.539+0000] {processor.py:925} INFO - DAG(s) 'example_nested_branch_dag' retrieved from /usr/local/python/3.12.1/lib/python3.12/site-packages/airflow/example_dags/example_nested_branch_dag.py
[2025-01-22T13:20:49.551+0000] {logging_mixin.py:190} INFO - [2025-01-22T13:20:49.550+0000] {dag.py:3239} INFO - Sync 1 DAGs
[2025-01-22T13:20:49.565+0000] {logging_mixin.py:190} INFO - [2025-01-22T13:20:49.565+0000] {dag.py:4180} INFO - Setting next_dagrun for example_nested_branch_dag to 2025-01-21 00:00:00+00:00, run_after=2025-01-22 00:00:00+00:00
[2025-01-22T13:20:49.579+0000] {processor.py:208} INFO - Processing /usr/local/python/3.12.1/lib/python3.12/site-packages/airflow/example_dags/example_nested_branch_dag.py took 0.057 seconds
