[2025-01-22T12:53:09.979+0000] {processor.py:186} INFO - Started process (PID=5833) to work on /usr/local/python/3.12.1/lib/python3.12/site-packages/airflow/example_dags/example_outlet_event_extra.py
[2025-01-22T12:53:09.980+0000] {processor.py:914} INFO - Processing file /usr/local/python/3.12.1/lib/python3.12/site-packages/airflow/example_dags/example_outlet_event_extra.py for tasks to queue
[2025-01-22T12:53:09.981+0000] {logging_mixin.py:190} INFO - [2025-01-22T12:53:09.981+0000] {dagbag.py:588} INFO - Filling up the DagBag from /usr/local/python/3.12.1/lib/python3.12/site-packages/airflow/example_dags/example_outlet_event_extra.py
[2025-01-22T12:53:09.993+0000] {processor.py:925} INFO - DAG(s) 'dataset_with_extra_by_yield', 'dataset_with_extra_from_classic_operator', 'dataset_with_extra_by_context' retrieved from /usr/local/python/3.12.1/lib/python3.12/site-packages/airflow/example_dags/example_outlet_event_extra.py
[2025-01-22T12:53:10.065+0000] {logging_mixin.py:190} INFO - [2025-01-22T12:53:10.064+0000] {override.py:1911} INFO - Created Permission View: can delete on DAG:dataset_with_extra_by_yield
[2025-01-22T12:53:10.072+0000] {logging_mixin.py:190} INFO - [2025-01-22T12:53:10.072+0000] {override.py:1911} INFO - Created Permission View: can edit on DAG:dataset_with_extra_by_yield
[2025-01-22T12:53:10.078+0000] {logging_mixin.py:190} INFO - [2025-01-22T12:53:10.077+0000] {override.py:1911} INFO - Created Permission View: can read on DAG:dataset_with_extra_by_yield
[2025-01-22T12:53:10.085+0000] {logging_mixin.py:190} INFO - [2025-01-22T12:53:10.085+0000] {override.py:1911} INFO - Created Permission View: can create on DAG Run:dataset_with_extra_by_yield
[2025-01-22T12:53:10.090+0000] {logging_mixin.py:190} INFO - [2025-01-22T12:53:10.090+0000] {override.py:1911} INFO - Created Permission View: can read on DAG Run:dataset_with_extra_by_yield
[2025-01-22T12:53:10.095+0000] {logging_mixin.py:190} INFO - [2025-01-22T12:53:10.095+0000] {override.py:1911} INFO - Created Permission View: menu access on DAG Run:dataset_with_extra_by_yield
[2025-01-22T12:53:10.100+0000] {logging_mixin.py:190} INFO - [2025-01-22T12:53:10.100+0000] {override.py:1911} INFO - Created Permission View: can delete on DAG Run:dataset_with_extra_by_yield
[2025-01-22T12:53:10.113+0000] {logging_mixin.py:190} INFO - [2025-01-22T12:53:10.112+0000] {override.py:1911} INFO - Created Permission View: can delete on DAG:dataset_with_extra_from_classic_operator
[2025-01-22T12:53:10.118+0000] {logging_mixin.py:190} INFO - [2025-01-22T12:53:10.118+0000] {override.py:1911} INFO - Created Permission View: can edit on DAG:dataset_with_extra_from_classic_operator
[2025-01-22T12:53:10.123+0000] {logging_mixin.py:190} INFO - [2025-01-22T12:53:10.123+0000] {override.py:1911} INFO - Created Permission View: can read on DAG:dataset_with_extra_from_classic_operator
[2025-01-22T12:53:10.130+0000] {logging_mixin.py:190} INFO - [2025-01-22T12:53:10.130+0000] {override.py:1911} INFO - Created Permission View: can create on DAG Run:dataset_with_extra_from_classic_operator
[2025-01-22T12:53:10.135+0000] {logging_mixin.py:190} INFO - [2025-01-22T12:53:10.135+0000] {override.py:1911} INFO - Created Permission View: can read on DAG Run:dataset_with_extra_from_classic_operator
[2025-01-22T12:53:10.139+0000] {logging_mixin.py:190} INFO - [2025-01-22T12:53:10.139+0000] {override.py:1911} INFO - Created Permission View: menu access on DAG Run:dataset_with_extra_from_classic_operator
[2025-01-22T12:53:10.144+0000] {logging_mixin.py:190} INFO - [2025-01-22T12:53:10.144+0000] {override.py:1911} INFO - Created Permission View: can delete on DAG Run:dataset_with_extra_from_classic_operator
[2025-01-22T12:53:10.154+0000] {logging_mixin.py:190} INFO - [2025-01-22T12:53:10.154+0000] {override.py:1911} INFO - Created Permission View: can delete on DAG:dataset_with_extra_by_context
[2025-01-22T12:53:10.159+0000] {logging_mixin.py:190} INFO - [2025-01-22T12:53:10.159+0000] {override.py:1911} INFO - Created Permission View: can edit on DAG:dataset_with_extra_by_context
[2025-01-22T12:53:10.164+0000] {logging_mixin.py:190} INFO - [2025-01-22T12:53:10.164+0000] {override.py:1911} INFO - Created Permission View: can read on DAG:dataset_with_extra_by_context
[2025-01-22T12:53:10.173+0000] {logging_mixin.py:190} INFO - [2025-01-22T12:53:10.173+0000] {override.py:1911} INFO - Created Permission View: can create on DAG Run:dataset_with_extra_by_context
[2025-01-22T12:53:10.178+0000] {logging_mixin.py:190} INFO - [2025-01-22T12:53:10.178+0000] {override.py:1911} INFO - Created Permission View: can read on DAG Run:dataset_with_extra_by_context
[2025-01-22T12:53:10.183+0000] {logging_mixin.py:190} INFO - [2025-01-22T12:53:10.182+0000] {override.py:1911} INFO - Created Permission View: menu access on DAG Run:dataset_with_extra_by_context
[2025-01-22T12:53:10.187+0000] {logging_mixin.py:190} INFO - [2025-01-22T12:53:10.187+0000] {override.py:1911} INFO - Created Permission View: can delete on DAG Run:dataset_with_extra_by_context
[2025-01-22T12:53:10.188+0000] {logging_mixin.py:190} INFO - [2025-01-22T12:53:10.187+0000] {dag.py:3239} INFO - Sync 3 DAGs
[2025-01-22T12:53:10.196+0000] {logging_mixin.py:190} INFO - [2025-01-22T12:53:10.195+0000] {dag.py:3262} INFO - Creating ORM DAG for dataset_with_extra_by_context
[2025-01-22T12:53:10.196+0000] {logging_mixin.py:190} INFO - [2025-01-22T12:53:10.196+0000] {dag.py:3262} INFO - Creating ORM DAG for dataset_with_extra_by_yield
[2025-01-22T12:53:10.197+0000] {logging_mixin.py:190} INFO - [2025-01-22T12:53:10.196+0000] {dag.py:3262} INFO - Creating ORM DAG for dataset_with_extra_from_classic_operator
[2025-01-22T12:53:10.203+0000] {logging_mixin.py:190} INFO - [2025-01-22T12:53:10.203+0000] {dag.py:4180} INFO - Setting next_dagrun for dataset_with_extra_by_context to 2025-01-21 00:00:00+00:00, run_after=2025-01-22 00:00:00+00:00
[2025-01-22T12:53:10.204+0000] {logging_mixin.py:190} INFO - [2025-01-22T12:53:10.204+0000] {dag.py:4180} INFO - Setting next_dagrun for dataset_with_extra_by_yield to 2025-01-21 00:00:00+00:00, run_after=2025-01-22 00:00:00+00:00
[2025-01-22T12:53:10.206+0000] {logging_mixin.py:190} INFO - [2025-01-22T12:53:10.206+0000] {dag.py:4180} INFO - Setting next_dagrun for dataset_with_extra_from_classic_operator to 2025-01-21 00:00:00+00:00, run_after=2025-01-22 00:00:00+00:00
[2025-01-22T12:53:10.226+0000] {processor.py:208} INFO - Processing /usr/local/python/3.12.1/lib/python3.12/site-packages/airflow/example_dags/example_outlet_event_extra.py took 0.250 seconds
[2025-01-22T12:54:05.869+0000] {processor.py:186} INFO - Started process (PID=6703) to work on /usr/local/python/3.12.1/lib/python3.12/site-packages/airflow/example_dags/example_outlet_event_extra.py
[2025-01-22T12:54:05.870+0000] {processor.py:914} INFO - Processing file /usr/local/python/3.12.1/lib/python3.12/site-packages/airflow/example_dags/example_outlet_event_extra.py for tasks to queue
[2025-01-22T12:54:05.871+0000] {logging_mixin.py:190} INFO - [2025-01-22T12:54:05.871+0000] {dagbag.py:588} INFO - Filling up the DagBag from /usr/local/python/3.12.1/lib/python3.12/site-packages/airflow/example_dags/example_outlet_event_extra.py
[2025-01-22T12:54:05.882+0000] {processor.py:925} INFO - DAG(s) 'dataset_with_extra_by_yield', 'dataset_with_extra_by_context', 'dataset_with_extra_from_classic_operator' retrieved from /usr/local/python/3.12.1/lib/python3.12/site-packages/airflow/example_dags/example_outlet_event_extra.py
[2025-01-22T12:54:05.896+0000] {logging_mixin.py:190} INFO - [2025-01-22T12:54:05.896+0000] {dag.py:3239} INFO - Sync 3 DAGs
[2025-01-22T12:54:05.912+0000] {logging_mixin.py:190} INFO - [2025-01-22T12:54:05.911+0000] {dag.py:4180} INFO - Setting next_dagrun for dataset_with_extra_by_context to 2025-01-21 00:00:00+00:00, run_after=2025-01-22 00:00:00+00:00
[2025-01-22T12:54:05.915+0000] {logging_mixin.py:190} INFO - [2025-01-22T12:54:05.915+0000] {dag.py:4180} INFO - Setting next_dagrun for dataset_with_extra_by_yield to 2025-01-21 00:00:00+00:00, run_after=2025-01-22 00:00:00+00:00
[2025-01-22T12:54:05.917+0000] {logging_mixin.py:190} INFO - [2025-01-22T12:54:05.917+0000] {dag.py:4180} INFO - Setting next_dagrun for dataset_with_extra_from_classic_operator to 2025-01-21 00:00:00+00:00, run_after=2025-01-22 00:00:00+00:00
[2025-01-22T12:54:05.931+0000] {processor.py:208} INFO - Processing /usr/local/python/3.12.1/lib/python3.12/site-packages/airflow/example_dags/example_outlet_event_extra.py took 0.066 seconds
[2025-01-22T12:55:01.381+0000] {processor.py:186} INFO - Started process (PID=7225) to work on /usr/local/python/3.12.1/lib/python3.12/site-packages/airflow/example_dags/example_outlet_event_extra.py
[2025-01-22T12:55:01.381+0000] {processor.py:914} INFO - Processing file /usr/local/python/3.12.1/lib/python3.12/site-packages/airflow/example_dags/example_outlet_event_extra.py for tasks to queue
[2025-01-22T12:55:01.383+0000] {logging_mixin.py:190} INFO - [2025-01-22T12:55:01.382+0000] {dagbag.py:588} INFO - Filling up the DagBag from /usr/local/python/3.12.1/lib/python3.12/site-packages/airflow/example_dags/example_outlet_event_extra.py
[2025-01-22T12:55:01.394+0000] {processor.py:925} INFO - DAG(s) 'dataset_with_extra_from_classic_operator', 'dataset_with_extra_by_yield', 'dataset_with_extra_by_context' retrieved from /usr/local/python/3.12.1/lib/python3.12/site-packages/airflow/example_dags/example_outlet_event_extra.py
[2025-01-22T12:55:01.408+0000] {logging_mixin.py:190} INFO - [2025-01-22T12:55:01.408+0000] {dag.py:3239} INFO - Sync 3 DAGs
[2025-01-22T12:55:01.423+0000] {logging_mixin.py:190} INFO - [2025-01-22T12:55:01.423+0000] {dag.py:4180} INFO - Setting next_dagrun for dataset_with_extra_by_context to 2025-01-21 00:00:00+00:00, run_after=2025-01-22 00:00:00+00:00
[2025-01-22T12:55:01.426+0000] {logging_mixin.py:190} INFO - [2025-01-22T12:55:01.426+0000] {dag.py:4180} INFO - Setting next_dagrun for dataset_with_extra_by_yield to 2025-01-21 00:00:00+00:00, run_after=2025-01-22 00:00:00+00:00
[2025-01-22T12:55:01.428+0000] {logging_mixin.py:190} INFO - [2025-01-22T12:55:01.428+0000] {dag.py:4180} INFO - Setting next_dagrun for dataset_with_extra_from_classic_operator to 2025-01-21 00:00:00+00:00, run_after=2025-01-22 00:00:00+00:00
[2025-01-22T12:55:01.448+0000] {processor.py:208} INFO - Processing /usr/local/python/3.12.1/lib/python3.12/site-packages/airflow/example_dags/example_outlet_event_extra.py took 0.072 seconds
[2025-01-22T12:55:54.705+0000] {processor.py:186} INFO - Started process (PID=7717) to work on /usr/local/python/3.12.1/lib/python3.12/site-packages/airflow/example_dags/example_outlet_event_extra.py
[2025-01-22T12:55:54.706+0000] {processor.py:914} INFO - Processing file /usr/local/python/3.12.1/lib/python3.12/site-packages/airflow/example_dags/example_outlet_event_extra.py for tasks to queue
[2025-01-22T12:55:54.707+0000] {logging_mixin.py:190} INFO - [2025-01-22T12:55:54.707+0000] {dagbag.py:588} INFO - Filling up the DagBag from /usr/local/python/3.12.1/lib/python3.12/site-packages/airflow/example_dags/example_outlet_event_extra.py
[2025-01-22T12:55:54.718+0000] {processor.py:925} INFO - DAG(s) 'dataset_with_extra_from_classic_operator', 'dataset_with_extra_by_context', 'dataset_with_extra_by_yield' retrieved from /usr/local/python/3.12.1/lib/python3.12/site-packages/airflow/example_dags/example_outlet_event_extra.py
[2025-01-22T12:55:54.731+0000] {logging_mixin.py:190} INFO - [2025-01-22T12:55:54.731+0000] {dag.py:3239} INFO - Sync 3 DAGs
[2025-01-22T12:55:54.747+0000] {logging_mixin.py:190} INFO - [2025-01-22T12:55:54.747+0000] {dag.py:4180} INFO - Setting next_dagrun for dataset_with_extra_by_context to 2025-01-21 00:00:00+00:00, run_after=2025-01-22 00:00:00+00:00
[2025-01-22T12:55:54.750+0000] {logging_mixin.py:190} INFO - [2025-01-22T12:55:54.750+0000] {dag.py:4180} INFO - Setting next_dagrun for dataset_with_extra_by_yield to 2025-01-21 00:00:00+00:00, run_after=2025-01-22 00:00:00+00:00
[2025-01-22T12:55:54.752+0000] {logging_mixin.py:190} INFO - [2025-01-22T12:55:54.752+0000] {dag.py:4180} INFO - Setting next_dagrun for dataset_with_extra_from_classic_operator to 2025-01-21 00:00:00+00:00, run_after=2025-01-22 00:00:00+00:00
[2025-01-22T12:55:54.767+0000] {processor.py:208} INFO - Processing /usr/local/python/3.12.1/lib/python3.12/site-packages/airflow/example_dags/example_outlet_event_extra.py took 0.066 seconds
[2025-01-22T12:56:46.994+0000] {processor.py:186} INFO - Started process (PID=8145) to work on /usr/local/python/3.12.1/lib/python3.12/site-packages/airflow/example_dags/example_outlet_event_extra.py
[2025-01-22T12:56:46.994+0000] {processor.py:914} INFO - Processing file /usr/local/python/3.12.1/lib/python3.12/site-packages/airflow/example_dags/example_outlet_event_extra.py for tasks to queue
[2025-01-22T12:56:46.997+0000] {logging_mixin.py:190} INFO - [2025-01-22T12:56:46.996+0000] {dagbag.py:588} INFO - Filling up the DagBag from /usr/local/python/3.12.1/lib/python3.12/site-packages/airflow/example_dags/example_outlet_event_extra.py
[2025-01-22T12:56:47.011+0000] {processor.py:925} INFO - DAG(s) 'dataset_with_extra_from_classic_operator', 'dataset_with_extra_by_context', 'dataset_with_extra_by_yield' retrieved from /usr/local/python/3.12.1/lib/python3.12/site-packages/airflow/example_dags/example_outlet_event_extra.py
[2025-01-22T12:56:47.027+0000] {logging_mixin.py:190} INFO - [2025-01-22T12:56:47.026+0000] {dag.py:3239} INFO - Sync 3 DAGs
[2025-01-22T12:56:47.042+0000] {logging_mixin.py:190} INFO - [2025-01-22T12:56:47.042+0000] {dag.py:4180} INFO - Setting next_dagrun for dataset_with_extra_by_context to 2025-01-21 00:00:00+00:00, run_after=2025-01-22 00:00:00+00:00
[2025-01-22T12:56:47.046+0000] {logging_mixin.py:190} INFO - [2025-01-22T12:56:47.046+0000] {dag.py:4180} INFO - Setting next_dagrun for dataset_with_extra_by_yield to 2025-01-21 00:00:00+00:00, run_after=2025-01-22 00:00:00+00:00
[2025-01-22T12:56:47.047+0000] {logging_mixin.py:190} INFO - [2025-01-22T12:56:47.047+0000] {dag.py:4180} INFO - Setting next_dagrun for dataset_with_extra_from_classic_operator to 2025-01-21 00:00:00+00:00, run_after=2025-01-22 00:00:00+00:00
[2025-01-22T12:56:47.063+0000] {processor.py:208} INFO - Processing /usr/local/python/3.12.1/lib/python3.12/site-packages/airflow/example_dags/example_outlet_event_extra.py took 0.075 seconds
[2025-01-22T12:57:37.822+0000] {processor.py:186} INFO - Started process (PID=8624) to work on /usr/local/python/3.12.1/lib/python3.12/site-packages/airflow/example_dags/example_outlet_event_extra.py
[2025-01-22T12:57:37.823+0000] {processor.py:914} INFO - Processing file /usr/local/python/3.12.1/lib/python3.12/site-packages/airflow/example_dags/example_outlet_event_extra.py for tasks to queue
[2025-01-22T12:57:37.825+0000] {logging_mixin.py:190} INFO - [2025-01-22T12:57:37.824+0000] {dagbag.py:588} INFO - Filling up the DagBag from /usr/local/python/3.12.1/lib/python3.12/site-packages/airflow/example_dags/example_outlet_event_extra.py
[2025-01-22T12:57:37.837+0000] {processor.py:925} INFO - DAG(s) 'dataset_with_extra_by_context', 'dataset_with_extra_by_yield', 'dataset_with_extra_from_classic_operator' retrieved from /usr/local/python/3.12.1/lib/python3.12/site-packages/airflow/example_dags/example_outlet_event_extra.py
[2025-01-22T12:57:37.856+0000] {logging_mixin.py:190} INFO - [2025-01-22T12:57:37.856+0000] {dag.py:3239} INFO - Sync 3 DAGs
[2025-01-22T12:57:37.877+0000] {logging_mixin.py:190} INFO - [2025-01-22T12:57:37.877+0000] {dag.py:4180} INFO - Setting next_dagrun for dataset_with_extra_by_context to 2025-01-21 00:00:00+00:00, run_after=2025-01-22 00:00:00+00:00
[2025-01-22T12:57:37.882+0000] {logging_mixin.py:190} INFO - [2025-01-22T12:57:37.882+0000] {dag.py:4180} INFO - Setting next_dagrun for dataset_with_extra_by_yield to 2025-01-21 00:00:00+00:00, run_after=2025-01-22 00:00:00+00:00
[2025-01-22T12:57:37.885+0000] {logging_mixin.py:190} INFO - [2025-01-22T12:57:37.885+0000] {dag.py:4180} INFO - Setting next_dagrun for dataset_with_extra_from_classic_operator to 2025-01-21 00:00:00+00:00, run_after=2025-01-22 00:00:00+00:00
[2025-01-22T12:57:37.906+0000] {processor.py:208} INFO - Processing /usr/local/python/3.12.1/lib/python3.12/site-packages/airflow/example_dags/example_outlet_event_extra.py took 0.088 seconds
[2025-01-22T12:58:52.539+0000] {processor.py:186} INFO - Started process (PID=9213) to work on /usr/local/python/3.12.1/lib/python3.12/site-packages/airflow/example_dags/example_outlet_event_extra.py
[2025-01-22T12:58:52.540+0000] {processor.py:914} INFO - Processing file /usr/local/python/3.12.1/lib/python3.12/site-packages/airflow/example_dags/example_outlet_event_extra.py for tasks to queue
[2025-01-22T12:58:52.542+0000] {logging_mixin.py:190} INFO - [2025-01-22T12:58:52.541+0000] {dagbag.py:588} INFO - Filling up the DagBag from /usr/local/python/3.12.1/lib/python3.12/site-packages/airflow/example_dags/example_outlet_event_extra.py
[2025-01-22T12:58:52.552+0000] {processor.py:925} INFO - DAG(s) 'dataset_with_extra_by_yield', 'dataset_with_extra_from_classic_operator', 'dataset_with_extra_by_context' retrieved from /usr/local/python/3.12.1/lib/python3.12/site-packages/airflow/example_dags/example_outlet_event_extra.py
[2025-01-22T12:58:52.567+0000] {logging_mixin.py:190} INFO - [2025-01-22T12:58:52.567+0000] {dag.py:3239} INFO - Sync 3 DAGs
[2025-01-22T12:58:52.586+0000] {logging_mixin.py:190} INFO - [2025-01-22T12:58:52.586+0000] {dag.py:4180} INFO - Setting next_dagrun for dataset_with_extra_by_context to 2025-01-21 00:00:00+00:00, run_after=2025-01-22 00:00:00+00:00
[2025-01-22T12:58:52.590+0000] {logging_mixin.py:190} INFO - [2025-01-22T12:58:52.590+0000] {dag.py:4180} INFO - Setting next_dagrun for dataset_with_extra_by_yield to 2025-01-21 00:00:00+00:00, run_after=2025-01-22 00:00:00+00:00
[2025-01-22T12:58:52.592+0000] {logging_mixin.py:190} INFO - [2025-01-22T12:58:52.591+0000] {dag.py:4180} INFO - Setting next_dagrun for dataset_with_extra_from_classic_operator to 2025-01-21 00:00:00+00:00, run_after=2025-01-22 00:00:00+00:00
[2025-01-22T12:58:52.607+0000] {processor.py:208} INFO - Processing /usr/local/python/3.12.1/lib/python3.12/site-packages/airflow/example_dags/example_outlet_event_extra.py took 0.071 seconds
[2025-01-22T12:59:45.457+0000] {processor.py:186} INFO - Started process (PID=9645) to work on /usr/local/python/3.12.1/lib/python3.12/site-packages/airflow/example_dags/example_outlet_event_extra.py
[2025-01-22T12:59:45.457+0000] {processor.py:914} INFO - Processing file /usr/local/python/3.12.1/lib/python3.12/site-packages/airflow/example_dags/example_outlet_event_extra.py for tasks to queue
[2025-01-22T12:59:45.459+0000] {logging_mixin.py:190} INFO - [2025-01-22T12:59:45.459+0000] {dagbag.py:588} INFO - Filling up the DagBag from /usr/local/python/3.12.1/lib/python3.12/site-packages/airflow/example_dags/example_outlet_event_extra.py
[2025-01-22T12:59:45.469+0000] {processor.py:925} INFO - DAG(s) 'dataset_with_extra_from_classic_operator', 'dataset_with_extra_by_yield', 'dataset_with_extra_by_context' retrieved from /usr/local/python/3.12.1/lib/python3.12/site-packages/airflow/example_dags/example_outlet_event_extra.py
[2025-01-22T12:59:45.483+0000] {logging_mixin.py:190} INFO - [2025-01-22T12:59:45.483+0000] {dag.py:3239} INFO - Sync 3 DAGs
[2025-01-22T12:59:45.499+0000] {logging_mixin.py:190} INFO - [2025-01-22T12:59:45.499+0000] {dag.py:4180} INFO - Setting next_dagrun for dataset_with_extra_by_context to 2025-01-21 00:00:00+00:00, run_after=2025-01-22 00:00:00+00:00
[2025-01-22T12:59:45.502+0000] {logging_mixin.py:190} INFO - [2025-01-22T12:59:45.502+0000] {dag.py:4180} INFO - Setting next_dagrun for dataset_with_extra_by_yield to 2025-01-21 00:00:00+00:00, run_after=2025-01-22 00:00:00+00:00
[2025-01-22T12:59:45.504+0000] {logging_mixin.py:190} INFO - [2025-01-22T12:59:45.503+0000] {dag.py:4180} INFO - Setting next_dagrun for dataset_with_extra_from_classic_operator to 2025-01-21 00:00:00+00:00, run_after=2025-01-22 00:00:00+00:00
[2025-01-22T12:59:45.519+0000] {processor.py:208} INFO - Processing /usr/local/python/3.12.1/lib/python3.12/site-packages/airflow/example_dags/example_outlet_event_extra.py took 0.066 seconds
[2025-01-22T13:00:36.133+0000] {processor.py:186} INFO - Started process (PID=10060) to work on /usr/local/python/3.12.1/lib/python3.12/site-packages/airflow/example_dags/example_outlet_event_extra.py
[2025-01-22T13:00:36.134+0000] {processor.py:914} INFO - Processing file /usr/local/python/3.12.1/lib/python3.12/site-packages/airflow/example_dags/example_outlet_event_extra.py for tasks to queue
[2025-01-22T13:00:36.135+0000] {logging_mixin.py:190} INFO - [2025-01-22T13:00:36.135+0000] {dagbag.py:588} INFO - Filling up the DagBag from /usr/local/python/3.12.1/lib/python3.12/site-packages/airflow/example_dags/example_outlet_event_extra.py
[2025-01-22T13:00:36.146+0000] {processor.py:925} INFO - DAG(s) 'dataset_with_extra_by_yield', 'dataset_with_extra_by_context', 'dataset_with_extra_from_classic_operator' retrieved from /usr/local/python/3.12.1/lib/python3.12/site-packages/airflow/example_dags/example_outlet_event_extra.py
[2025-01-22T13:00:36.159+0000] {logging_mixin.py:190} INFO - [2025-01-22T13:00:36.159+0000] {dag.py:3239} INFO - Sync 3 DAGs
[2025-01-22T13:00:36.175+0000] {logging_mixin.py:190} INFO - [2025-01-22T13:00:36.174+0000] {dag.py:4180} INFO - Setting next_dagrun for dataset_with_extra_by_context to 2025-01-21 00:00:00+00:00, run_after=2025-01-22 00:00:00+00:00
[2025-01-22T13:00:36.178+0000] {logging_mixin.py:190} INFO - [2025-01-22T13:00:36.178+0000] {dag.py:4180} INFO - Setting next_dagrun for dataset_with_extra_by_yield to 2025-01-21 00:00:00+00:00, run_after=2025-01-22 00:00:00+00:00
[2025-01-22T13:00:36.179+0000] {logging_mixin.py:190} INFO - [2025-01-22T13:00:36.179+0000] {dag.py:4180} INFO - Setting next_dagrun for dataset_with_extra_from_classic_operator to 2025-01-21 00:00:00+00:00, run_after=2025-01-22 00:00:00+00:00
[2025-01-22T13:00:36.194+0000] {processor.py:208} INFO - Processing /usr/local/python/3.12.1/lib/python3.12/site-packages/airflow/example_dags/example_outlet_event_extra.py took 0.065 seconds
[2025-01-22T13:01:29.068+0000] {processor.py:186} INFO - Started process (PID=10512) to work on /usr/local/python/3.12.1/lib/python3.12/site-packages/airflow/example_dags/example_outlet_event_extra.py
[2025-01-22T13:01:29.069+0000] {processor.py:914} INFO - Processing file /usr/local/python/3.12.1/lib/python3.12/site-packages/airflow/example_dags/example_outlet_event_extra.py for tasks to queue
[2025-01-22T13:01:29.070+0000] {logging_mixin.py:190} INFO - [2025-01-22T13:01:29.070+0000] {dagbag.py:588} INFO - Filling up the DagBag from /usr/local/python/3.12.1/lib/python3.12/site-packages/airflow/example_dags/example_outlet_event_extra.py
[2025-01-22T13:01:29.081+0000] {processor.py:925} INFO - DAG(s) 'dataset_with_extra_by_yield', 'dataset_with_extra_by_context', 'dataset_with_extra_from_classic_operator' retrieved from /usr/local/python/3.12.1/lib/python3.12/site-packages/airflow/example_dags/example_outlet_event_extra.py
[2025-01-22T13:01:29.097+0000] {logging_mixin.py:190} INFO - [2025-01-22T13:01:29.097+0000] {dag.py:3239} INFO - Sync 3 DAGs
[2025-01-22T13:01:29.113+0000] {logging_mixin.py:190} INFO - [2025-01-22T13:01:29.112+0000] {dag.py:4180} INFO - Setting next_dagrun for dataset_with_extra_by_context to 2025-01-21 00:00:00+00:00, run_after=2025-01-22 00:00:00+00:00
[2025-01-22T13:01:29.116+0000] {logging_mixin.py:190} INFO - [2025-01-22T13:01:29.116+0000] {dag.py:4180} INFO - Setting next_dagrun for dataset_with_extra_by_yield to 2025-01-21 00:00:00+00:00, run_after=2025-01-22 00:00:00+00:00
[2025-01-22T13:01:29.117+0000] {logging_mixin.py:190} INFO - [2025-01-22T13:01:29.117+0000] {dag.py:4180} INFO - Setting next_dagrun for dataset_with_extra_from_classic_operator to 2025-01-21 00:00:00+00:00, run_after=2025-01-22 00:00:00+00:00
[2025-01-22T13:01:29.132+0000] {processor.py:208} INFO - Processing /usr/local/python/3.12.1/lib/python3.12/site-packages/airflow/example_dags/example_outlet_event_extra.py took 0.068 seconds
[2025-01-22T13:02:20.704+0000] {processor.py:186} INFO - Started process (PID=10873) to work on /usr/local/python/3.12.1/lib/python3.12/site-packages/airflow/example_dags/example_outlet_event_extra.py
[2025-01-22T13:02:20.705+0000] {processor.py:914} INFO - Processing file /usr/local/python/3.12.1/lib/python3.12/site-packages/airflow/example_dags/example_outlet_event_extra.py for tasks to queue
[2025-01-22T13:02:20.706+0000] {logging_mixin.py:190} INFO - [2025-01-22T13:02:20.706+0000] {dagbag.py:588} INFO - Filling up the DagBag from /usr/local/python/3.12.1/lib/python3.12/site-packages/airflow/example_dags/example_outlet_event_extra.py
[2025-01-22T13:02:20.722+0000] {processor.py:925} INFO - DAG(s) 'dataset_with_extra_by_yield', 'dataset_with_extra_from_classic_operator', 'dataset_with_extra_by_context' retrieved from /usr/local/python/3.12.1/lib/python3.12/site-packages/airflow/example_dags/example_outlet_event_extra.py
[2025-01-22T13:02:20.742+0000] {logging_mixin.py:190} INFO - [2025-01-22T13:02:20.742+0000] {dag.py:3239} INFO - Sync 3 DAGs
[2025-01-22T13:02:20.761+0000] {logging_mixin.py:190} INFO - [2025-01-22T13:02:20.761+0000] {dag.py:4180} INFO - Setting next_dagrun for dataset_with_extra_by_context to 2025-01-21 00:00:00+00:00, run_after=2025-01-22 00:00:00+00:00
[2025-01-22T13:02:20.764+0000] {logging_mixin.py:190} INFO - [2025-01-22T13:02:20.764+0000] {dag.py:4180} INFO - Setting next_dagrun for dataset_with_extra_by_yield to 2025-01-21 00:00:00+00:00, run_after=2025-01-22 00:00:00+00:00
[2025-01-22T13:02:20.766+0000] {logging_mixin.py:190} INFO - [2025-01-22T13:02:20.766+0000] {dag.py:4180} INFO - Setting next_dagrun for dataset_with_extra_from_classic_operator to 2025-01-21 00:00:00+00:00, run_after=2025-01-22 00:00:00+00:00
[2025-01-22T13:02:20.781+0000] {processor.py:208} INFO - Processing /usr/local/python/3.12.1/lib/python3.12/site-packages/airflow/example_dags/example_outlet_event_extra.py took 0.081 seconds
[2025-01-22T13:03:31.789+0000] {processor.py:186} INFO - Started process (PID=11570) to work on /usr/local/python/3.12.1/lib/python3.12/site-packages/airflow/example_dags/example_outlet_event_extra.py
[2025-01-22T13:03:31.790+0000] {processor.py:914} INFO - Processing file /usr/local/python/3.12.1/lib/python3.12/site-packages/airflow/example_dags/example_outlet_event_extra.py for tasks to queue
[2025-01-22T13:03:31.792+0000] {logging_mixin.py:190} INFO - [2025-01-22T13:03:31.791+0000] {dagbag.py:588} INFO - Filling up the DagBag from /usr/local/python/3.12.1/lib/python3.12/site-packages/airflow/example_dags/example_outlet_event_extra.py
[2025-01-22T13:03:31.802+0000] {processor.py:925} INFO - DAG(s) 'dataset_with_extra_by_yield', 'dataset_with_extra_by_context', 'dataset_with_extra_from_classic_operator' retrieved from /usr/local/python/3.12.1/lib/python3.12/site-packages/airflow/example_dags/example_outlet_event_extra.py
[2025-01-22T13:03:31.816+0000] {logging_mixin.py:190} INFO - [2025-01-22T13:03:31.816+0000] {dag.py:3239} INFO - Sync 3 DAGs
[2025-01-22T13:03:31.831+0000] {logging_mixin.py:190} INFO - [2025-01-22T13:03:31.831+0000] {dag.py:4180} INFO - Setting next_dagrun for dataset_with_extra_by_context to 2025-01-21 00:00:00+00:00, run_after=2025-01-22 00:00:00+00:00
[2025-01-22T13:03:31.834+0000] {logging_mixin.py:190} INFO - [2025-01-22T13:03:31.834+0000] {dag.py:4180} INFO - Setting next_dagrun for dataset_with_extra_by_yield to 2025-01-21 00:00:00+00:00, run_after=2025-01-22 00:00:00+00:00
[2025-01-22T13:03:31.836+0000] {logging_mixin.py:190} INFO - [2025-01-22T13:03:31.836+0000] {dag.py:4180} INFO - Setting next_dagrun for dataset_with_extra_from_classic_operator to 2025-01-21 00:00:00+00:00, run_after=2025-01-22 00:00:00+00:00
[2025-01-22T13:03:31.851+0000] {processor.py:208} INFO - Processing /usr/local/python/3.12.1/lib/python3.12/site-packages/airflow/example_dags/example_outlet_event_extra.py took 0.066 seconds
[2025-01-22T13:04:23.518+0000] {processor.py:186} INFO - Started process (PID=11994) to work on /usr/local/python/3.12.1/lib/python3.12/site-packages/airflow/example_dags/example_outlet_event_extra.py
[2025-01-22T13:04:23.519+0000] {processor.py:914} INFO - Processing file /usr/local/python/3.12.1/lib/python3.12/site-packages/airflow/example_dags/example_outlet_event_extra.py for tasks to queue
[2025-01-22T13:04:23.520+0000] {logging_mixin.py:190} INFO - [2025-01-22T13:04:23.520+0000] {dagbag.py:588} INFO - Filling up the DagBag from /usr/local/python/3.12.1/lib/python3.12/site-packages/airflow/example_dags/example_outlet_event_extra.py
[2025-01-22T13:04:23.531+0000] {processor.py:925} INFO - DAG(s) 'dataset_with_extra_by_yield', 'dataset_with_extra_by_context', 'dataset_with_extra_from_classic_operator' retrieved from /usr/local/python/3.12.1/lib/python3.12/site-packages/airflow/example_dags/example_outlet_event_extra.py
[2025-01-22T13:04:23.545+0000] {logging_mixin.py:190} INFO - [2025-01-22T13:04:23.545+0000] {dag.py:3239} INFO - Sync 3 DAGs
[2025-01-22T13:04:23.561+0000] {logging_mixin.py:190} INFO - [2025-01-22T13:04:23.561+0000] {dag.py:4180} INFO - Setting next_dagrun for dataset_with_extra_by_context to 2025-01-21 00:00:00+00:00, run_after=2025-01-22 00:00:00+00:00
[2025-01-22T13:04:23.564+0000] {logging_mixin.py:190} INFO - [2025-01-22T13:04:23.564+0000] {dag.py:4180} INFO - Setting next_dagrun for dataset_with_extra_by_yield to 2025-01-21 00:00:00+00:00, run_after=2025-01-22 00:00:00+00:00
[2025-01-22T13:04:23.566+0000] {logging_mixin.py:190} INFO - [2025-01-22T13:04:23.565+0000] {dag.py:4180} INFO - Setting next_dagrun for dataset_with_extra_from_classic_operator to 2025-01-21 00:00:00+00:00, run_after=2025-01-22 00:00:00+00:00
[2025-01-22T13:04:23.581+0000] {processor.py:208} INFO - Processing /usr/local/python/3.12.1/lib/python3.12/site-packages/airflow/example_dags/example_outlet_event_extra.py took 0.067 seconds
[2025-01-22T13:05:14.660+0000] {processor.py:186} INFO - Started process (PID=12350) to work on /usr/local/python/3.12.1/lib/python3.12/site-packages/airflow/example_dags/example_outlet_event_extra.py
[2025-01-22T13:05:14.661+0000] {processor.py:914} INFO - Processing file /usr/local/python/3.12.1/lib/python3.12/site-packages/airflow/example_dags/example_outlet_event_extra.py for tasks to queue
[2025-01-22T13:05:14.662+0000] {logging_mixin.py:190} INFO - [2025-01-22T13:05:14.662+0000] {dagbag.py:588} INFO - Filling up the DagBag from /usr/local/python/3.12.1/lib/python3.12/site-packages/airflow/example_dags/example_outlet_event_extra.py
[2025-01-22T13:05:14.673+0000] {processor.py:925} INFO - DAG(s) 'dataset_with_extra_by_context', 'dataset_with_extra_from_classic_operator', 'dataset_with_extra_by_yield' retrieved from /usr/local/python/3.12.1/lib/python3.12/site-packages/airflow/example_dags/example_outlet_event_extra.py
[2025-01-22T13:05:14.687+0000] {logging_mixin.py:190} INFO - [2025-01-22T13:05:14.687+0000] {dag.py:3239} INFO - Sync 3 DAGs
[2025-01-22T13:05:14.703+0000] {logging_mixin.py:190} INFO - [2025-01-22T13:05:14.702+0000] {dag.py:4180} INFO - Setting next_dagrun for dataset_with_extra_by_context to 2025-01-21 00:00:00+00:00, run_after=2025-01-22 00:00:00+00:00
[2025-01-22T13:05:14.706+0000] {logging_mixin.py:190} INFO - [2025-01-22T13:05:14.706+0000] {dag.py:4180} INFO - Setting next_dagrun for dataset_with_extra_by_yield to 2025-01-21 00:00:00+00:00, run_after=2025-01-22 00:00:00+00:00
[2025-01-22T13:05:14.708+0000] {logging_mixin.py:190} INFO - [2025-01-22T13:05:14.708+0000] {dag.py:4180} INFO - Setting next_dagrun for dataset_with_extra_from_classic_operator to 2025-01-21 00:00:00+00:00, run_after=2025-01-22 00:00:00+00:00
[2025-01-22T13:05:14.723+0000] {processor.py:208} INFO - Processing /usr/local/python/3.12.1/lib/python3.12/site-packages/airflow/example_dags/example_outlet_event_extra.py took 0.067 seconds
[2025-01-22T13:06:06.552+0000] {processor.py:186} INFO - Started process (PID=12785) to work on /usr/local/python/3.12.1/lib/python3.12/site-packages/airflow/example_dags/example_outlet_event_extra.py
[2025-01-22T13:06:06.553+0000] {processor.py:914} INFO - Processing file /usr/local/python/3.12.1/lib/python3.12/site-packages/airflow/example_dags/example_outlet_event_extra.py for tasks to queue
[2025-01-22T13:06:06.554+0000] {logging_mixin.py:190} INFO - [2025-01-22T13:06:06.554+0000] {dagbag.py:588} INFO - Filling up the DagBag from /usr/local/python/3.12.1/lib/python3.12/site-packages/airflow/example_dags/example_outlet_event_extra.py
[2025-01-22T13:06:06.565+0000] {processor.py:925} INFO - DAG(s) 'dataset_with_extra_by_yield', 'dataset_with_extra_by_context', 'dataset_with_extra_from_classic_operator' retrieved from /usr/local/python/3.12.1/lib/python3.12/site-packages/airflow/example_dags/example_outlet_event_extra.py
[2025-01-22T13:06:06.579+0000] {logging_mixin.py:190} INFO - [2025-01-22T13:06:06.579+0000] {dag.py:3239} INFO - Sync 3 DAGs
[2025-01-22T13:06:06.594+0000] {logging_mixin.py:190} INFO - [2025-01-22T13:06:06.594+0000] {dag.py:4180} INFO - Setting next_dagrun for dataset_with_extra_by_context to 2025-01-21 00:00:00+00:00, run_after=2025-01-22 00:00:00+00:00
[2025-01-22T13:06:06.598+0000] {logging_mixin.py:190} INFO - [2025-01-22T13:06:06.597+0000] {dag.py:4180} INFO - Setting next_dagrun for dataset_with_extra_by_yield to 2025-01-21 00:00:00+00:00, run_after=2025-01-22 00:00:00+00:00
[2025-01-22T13:06:06.600+0000] {logging_mixin.py:190} INFO - [2025-01-22T13:06:06.599+0000] {dag.py:4180} INFO - Setting next_dagrun for dataset_with_extra_from_classic_operator to 2025-01-21 00:00:00+00:00, run_after=2025-01-22 00:00:00+00:00
[2025-01-22T13:06:06.615+0000] {processor.py:208} INFO - Processing /usr/local/python/3.12.1/lib/python3.12/site-packages/airflow/example_dags/example_outlet_event_extra.py took 0.066 seconds
[2025-01-22T13:07:17.907+0000] {processor.py:186} INFO - Started process (PID=13348) to work on /usr/local/python/3.12.1/lib/python3.12/site-packages/airflow/example_dags/example_outlet_event_extra.py
[2025-01-22T13:07:17.908+0000] {processor.py:914} INFO - Processing file /usr/local/python/3.12.1/lib/python3.12/site-packages/airflow/example_dags/example_outlet_event_extra.py for tasks to queue
[2025-01-22T13:07:17.909+0000] {logging_mixin.py:190} INFO - [2025-01-22T13:07:17.909+0000] {dagbag.py:588} INFO - Filling up the DagBag from /usr/local/python/3.12.1/lib/python3.12/site-packages/airflow/example_dags/example_outlet_event_extra.py
[2025-01-22T13:07:17.921+0000] {processor.py:925} INFO - DAG(s) 'dataset_with_extra_by_yield', 'dataset_with_extra_from_classic_operator', 'dataset_with_extra_by_context' retrieved from /usr/local/python/3.12.1/lib/python3.12/site-packages/airflow/example_dags/example_outlet_event_extra.py
[2025-01-22T13:07:17.936+0000] {logging_mixin.py:190} INFO - [2025-01-22T13:07:17.935+0000] {dag.py:3239} INFO - Sync 3 DAGs
[2025-01-22T13:07:17.951+0000] {logging_mixin.py:190} INFO - [2025-01-22T13:07:17.951+0000] {dag.py:4180} INFO - Setting next_dagrun for dataset_with_extra_by_context to 2025-01-21 00:00:00+00:00, run_after=2025-01-22 00:00:00+00:00
[2025-01-22T13:07:17.954+0000] {logging_mixin.py:190} INFO - [2025-01-22T13:07:17.954+0000] {dag.py:4180} INFO - Setting next_dagrun for dataset_with_extra_by_yield to 2025-01-21 00:00:00+00:00, run_after=2025-01-22 00:00:00+00:00
[2025-01-22T13:07:17.956+0000] {logging_mixin.py:190} INFO - [2025-01-22T13:07:17.956+0000] {dag.py:4180} INFO - Setting next_dagrun for dataset_with_extra_from_classic_operator to 2025-01-21 00:00:00+00:00, run_after=2025-01-22 00:00:00+00:00
[2025-01-22T13:07:17.971+0000] {processor.py:208} INFO - Processing /usr/local/python/3.12.1/lib/python3.12/site-packages/airflow/example_dags/example_outlet_event_extra.py took 0.068 seconds
[2025-01-22T13:08:36.260+0000] {processor.py:186} INFO - Started process (PID=14293) to work on /usr/local/python/3.12.1/lib/python3.12/site-packages/airflow/example_dags/example_outlet_event_extra.py
[2025-01-22T13:08:36.260+0000] {processor.py:914} INFO - Processing file /usr/local/python/3.12.1/lib/python3.12/site-packages/airflow/example_dags/example_outlet_event_extra.py for tasks to queue
[2025-01-22T13:08:36.262+0000] {logging_mixin.py:190} INFO - [2025-01-22T13:08:36.262+0000] {dagbag.py:588} INFO - Filling up the DagBag from /usr/local/python/3.12.1/lib/python3.12/site-packages/airflow/example_dags/example_outlet_event_extra.py
[2025-01-22T13:08:36.273+0000] {processor.py:925} INFO - DAG(s) 'dataset_with_extra_from_classic_operator', 'dataset_with_extra_by_yield', 'dataset_with_extra_by_context' retrieved from /usr/local/python/3.12.1/lib/python3.12/site-packages/airflow/example_dags/example_outlet_event_extra.py
[2025-01-22T13:08:36.287+0000] {logging_mixin.py:190} INFO - [2025-01-22T13:08:36.287+0000] {dag.py:3239} INFO - Sync 3 DAGs
[2025-01-22T13:08:36.304+0000] {logging_mixin.py:190} INFO - [2025-01-22T13:08:36.304+0000] {dag.py:4180} INFO - Setting next_dagrun for dataset_with_extra_by_context to 2025-01-22 00:00:00+00:00, run_after=2025-01-23 00:00:00+00:00
[2025-01-22T13:08:36.307+0000] {logging_mixin.py:190} INFO - [2025-01-22T13:08:36.307+0000] {dag.py:4180} INFO - Setting next_dagrun for dataset_with_extra_by_yield to 2025-01-21 00:00:00+00:00, run_after=2025-01-22 00:00:00+00:00
[2025-01-22T13:08:36.309+0000] {logging_mixin.py:190} INFO - [2025-01-22T13:08:36.309+0000] {dag.py:4180} INFO - Setting next_dagrun for dataset_with_extra_from_classic_operator to 2025-01-21 00:00:00+00:00, run_after=2025-01-22 00:00:00+00:00
[2025-01-22T13:08:36.331+0000] {processor.py:208} INFO - Processing /usr/local/python/3.12.1/lib/python3.12/site-packages/airflow/example_dags/example_outlet_event_extra.py took 0.076 seconds
[2025-01-22T13:09:52.738+0000] {processor.py:186} INFO - Started process (PID=14880) to work on /usr/local/python/3.12.1/lib/python3.12/site-packages/airflow/example_dags/example_outlet_event_extra.py
[2025-01-22T13:09:52.739+0000] {processor.py:914} INFO - Processing file /usr/local/python/3.12.1/lib/python3.12/site-packages/airflow/example_dags/example_outlet_event_extra.py for tasks to queue
[2025-01-22T13:09:52.741+0000] {logging_mixin.py:190} INFO - [2025-01-22T13:09:52.740+0000] {dagbag.py:588} INFO - Filling up the DagBag from /usr/local/python/3.12.1/lib/python3.12/site-packages/airflow/example_dags/example_outlet_event_extra.py
[2025-01-22T13:09:52.751+0000] {processor.py:925} INFO - DAG(s) 'dataset_with_extra_by_context', 'dataset_with_extra_from_classic_operator', 'dataset_with_extra_by_yield' retrieved from /usr/local/python/3.12.1/lib/python3.12/site-packages/airflow/example_dags/example_outlet_event_extra.py
[2025-01-22T13:09:52.767+0000] {logging_mixin.py:190} INFO - [2025-01-22T13:09:52.767+0000] {dag.py:3239} INFO - Sync 3 DAGs
[2025-01-22T13:09:52.783+0000] {logging_mixin.py:190} INFO - [2025-01-22T13:09:52.783+0000] {dag.py:4180} INFO - Setting next_dagrun for dataset_with_extra_by_context to 2025-01-22 00:00:00+00:00, run_after=2025-01-23 00:00:00+00:00
[2025-01-22T13:09:52.787+0000] {logging_mixin.py:190} INFO - [2025-01-22T13:09:52.787+0000] {dag.py:4180} INFO - Setting next_dagrun for dataset_with_extra_by_yield to 2025-01-21 00:00:00+00:00, run_after=2025-01-22 00:00:00+00:00
[2025-01-22T13:09:52.788+0000] {logging_mixin.py:190} INFO - [2025-01-22T13:09:52.788+0000] {dag.py:4180} INFO - Setting next_dagrun for dataset_with_extra_from_classic_operator to 2025-01-21 00:00:00+00:00, run_after=2025-01-22 00:00:00+00:00
[2025-01-22T13:09:52.803+0000] {processor.py:208} INFO - Processing /usr/local/python/3.12.1/lib/python3.12/site-packages/airflow/example_dags/example_outlet_event_extra.py took 0.070 seconds
[2025-01-22T13:11:04.789+0000] {processor.py:186} INFO - Started process (PID=15447) to work on /usr/local/python/3.12.1/lib/python3.12/site-packages/airflow/example_dags/example_outlet_event_extra.py
[2025-01-22T13:11:04.789+0000] {processor.py:914} INFO - Processing file /usr/local/python/3.12.1/lib/python3.12/site-packages/airflow/example_dags/example_outlet_event_extra.py for tasks to queue
[2025-01-22T13:11:04.791+0000] {logging_mixin.py:190} INFO - [2025-01-22T13:11:04.791+0000] {dagbag.py:588} INFO - Filling up the DagBag from /usr/local/python/3.12.1/lib/python3.12/site-packages/airflow/example_dags/example_outlet_event_extra.py
[2025-01-22T13:11:04.801+0000] {processor.py:925} INFO - DAG(s) 'dataset_with_extra_by_yield', 'dataset_with_extra_from_classic_operator', 'dataset_with_extra_by_context' retrieved from /usr/local/python/3.12.1/lib/python3.12/site-packages/airflow/example_dags/example_outlet_event_extra.py
[2025-01-22T13:11:04.815+0000] {logging_mixin.py:190} INFO - [2025-01-22T13:11:04.815+0000] {dag.py:3239} INFO - Sync 3 DAGs
[2025-01-22T13:11:04.831+0000] {logging_mixin.py:190} INFO - [2025-01-22T13:11:04.831+0000] {dag.py:4180} INFO - Setting next_dagrun for dataset_with_extra_by_context to 2025-01-22 00:00:00+00:00, run_after=2025-01-23 00:00:00+00:00
[2025-01-22T13:11:04.835+0000] {logging_mixin.py:190} INFO - [2025-01-22T13:11:04.835+0000] {dag.py:4180} INFO - Setting next_dagrun for dataset_with_extra_by_yield to 2025-01-21 00:00:00+00:00, run_after=2025-01-22 00:00:00+00:00
[2025-01-22T13:11:04.837+0000] {logging_mixin.py:190} INFO - [2025-01-22T13:11:04.836+0000] {dag.py:4180} INFO - Setting next_dagrun for dataset_with_extra_from_classic_operator to 2025-01-21 00:00:00+00:00, run_after=2025-01-22 00:00:00+00:00
[2025-01-22T13:11:04.852+0000] {processor.py:208} INFO - Processing /usr/local/python/3.12.1/lib/python3.12/site-packages/airflow/example_dags/example_outlet_event_extra.py took 0.067 seconds
[2025-01-22T13:11:58.396+0000] {processor.py:186} INFO - Started process (PID=15895) to work on /usr/local/python/3.12.1/lib/python3.12/site-packages/airflow/example_dags/example_outlet_event_extra.py
[2025-01-22T13:11:58.397+0000] {processor.py:914} INFO - Processing file /usr/local/python/3.12.1/lib/python3.12/site-packages/airflow/example_dags/example_outlet_event_extra.py for tasks to queue
[2025-01-22T13:11:58.399+0000] {logging_mixin.py:190} INFO - [2025-01-22T13:11:58.399+0000] {dagbag.py:588} INFO - Filling up the DagBag from /usr/local/python/3.12.1/lib/python3.12/site-packages/airflow/example_dags/example_outlet_event_extra.py
[2025-01-22T13:11:58.415+0000] {processor.py:925} INFO - DAG(s) 'dataset_with_extra_by_yield', 'dataset_with_extra_by_context', 'dataset_with_extra_from_classic_operator' retrieved from /usr/local/python/3.12.1/lib/python3.12/site-packages/airflow/example_dags/example_outlet_event_extra.py
[2025-01-22T13:11:58.435+0000] {logging_mixin.py:190} INFO - [2025-01-22T13:11:58.435+0000] {dag.py:3239} INFO - Sync 3 DAGs
[2025-01-22T13:11:58.459+0000] {logging_mixin.py:190} INFO - [2025-01-22T13:11:58.459+0000] {dag.py:4180} INFO - Setting next_dagrun for dataset_with_extra_by_context to 2025-01-22 00:00:00+00:00, run_after=2025-01-23 00:00:00+00:00
[2025-01-22T13:11:58.464+0000] {logging_mixin.py:190} INFO - [2025-01-22T13:11:58.464+0000] {dag.py:4180} INFO - Setting next_dagrun for dataset_with_extra_by_yield to 2025-01-21 00:00:00+00:00, run_after=2025-01-22 00:00:00+00:00
[2025-01-22T13:11:58.467+0000] {logging_mixin.py:190} INFO - [2025-01-22T13:11:58.467+0000] {dag.py:4180} INFO - Setting next_dagrun for dataset_with_extra_from_classic_operator to 2025-01-21 00:00:00+00:00, run_after=2025-01-22 00:00:00+00:00
[2025-01-22T13:11:58.495+0000] {processor.py:208} INFO - Processing /usr/local/python/3.12.1/lib/python3.12/site-packages/airflow/example_dags/example_outlet_event_extra.py took 0.104 seconds
[2025-01-22T13:13:15.438+0000] {processor.py:186} INFO - Started process (PID=16551) to work on /usr/local/python/3.12.1/lib/python3.12/site-packages/airflow/example_dags/example_outlet_event_extra.py
[2025-01-22T13:13:15.438+0000] {processor.py:914} INFO - Processing file /usr/local/python/3.12.1/lib/python3.12/site-packages/airflow/example_dags/example_outlet_event_extra.py for tasks to queue
[2025-01-22T13:13:15.440+0000] {logging_mixin.py:190} INFO - [2025-01-22T13:13:15.439+0000] {dagbag.py:588} INFO - Filling up the DagBag from /usr/local/python/3.12.1/lib/python3.12/site-packages/airflow/example_dags/example_outlet_event_extra.py
[2025-01-22T13:13:15.450+0000] {processor.py:925} INFO - DAG(s) 'dataset_with_extra_from_classic_operator', 'dataset_with_extra_by_context', 'dataset_with_extra_by_yield' retrieved from /usr/local/python/3.12.1/lib/python3.12/site-packages/airflow/example_dags/example_outlet_event_extra.py
[2025-01-22T13:13:15.464+0000] {logging_mixin.py:190} INFO - [2025-01-22T13:13:15.464+0000] {dag.py:3239} INFO - Sync 3 DAGs
[2025-01-22T13:13:15.480+0000] {logging_mixin.py:190} INFO - [2025-01-22T13:13:15.480+0000] {dag.py:4180} INFO - Setting next_dagrun for dataset_with_extra_by_context to 2025-01-22 00:00:00+00:00, run_after=2025-01-23 00:00:00+00:00
[2025-01-22T13:13:15.483+0000] {logging_mixin.py:190} INFO - [2025-01-22T13:13:15.483+0000] {dag.py:4180} INFO - Setting next_dagrun for dataset_with_extra_by_yield to 2025-01-21 00:00:00+00:00, run_after=2025-01-22 00:00:00+00:00
[2025-01-22T13:13:15.485+0000] {logging_mixin.py:190} INFO - [2025-01-22T13:13:15.485+0000] {dag.py:4180} INFO - Setting next_dagrun for dataset_with_extra_from_classic_operator to 2025-01-21 00:00:00+00:00, run_after=2025-01-22 00:00:00+00:00
[2025-01-22T13:13:15.500+0000] {processor.py:208} INFO - Processing /usr/local/python/3.12.1/lib/python3.12/site-packages/airflow/example_dags/example_outlet_event_extra.py took 0.066 seconds
[2025-01-22T13:14:08.609+0000] {processor.py:186} INFO - Started process (PID=16990) to work on /usr/local/python/3.12.1/lib/python3.12/site-packages/airflow/example_dags/example_outlet_event_extra.py
[2025-01-22T13:14:08.610+0000] {processor.py:914} INFO - Processing file /usr/local/python/3.12.1/lib/python3.12/site-packages/airflow/example_dags/example_outlet_event_extra.py for tasks to queue
[2025-01-22T13:14:08.611+0000] {logging_mixin.py:190} INFO - [2025-01-22T13:14:08.611+0000] {dagbag.py:588} INFO - Filling up the DagBag from /usr/local/python/3.12.1/lib/python3.12/site-packages/airflow/example_dags/example_outlet_event_extra.py
[2025-01-22T13:14:08.621+0000] {processor.py:925} INFO - DAG(s) 'dataset_with_extra_by_yield', 'dataset_with_extra_from_classic_operator', 'dataset_with_extra_by_context' retrieved from /usr/local/python/3.12.1/lib/python3.12/site-packages/airflow/example_dags/example_outlet_event_extra.py
[2025-01-22T13:14:08.635+0000] {logging_mixin.py:190} INFO - [2025-01-22T13:14:08.635+0000] {dag.py:3239} INFO - Sync 3 DAGs
[2025-01-22T13:14:08.651+0000] {logging_mixin.py:190} INFO - [2025-01-22T13:14:08.650+0000] {dag.py:4180} INFO - Setting next_dagrun for dataset_with_extra_by_context to 2025-01-22 00:00:00+00:00, run_after=2025-01-23 00:00:00+00:00
[2025-01-22T13:14:08.654+0000] {logging_mixin.py:190} INFO - [2025-01-22T13:14:08.654+0000] {dag.py:4180} INFO - Setting next_dagrun for dataset_with_extra_by_yield to 2025-01-21 00:00:00+00:00, run_after=2025-01-22 00:00:00+00:00
[2025-01-22T13:14:08.655+0000] {logging_mixin.py:190} INFO - [2025-01-22T13:14:08.655+0000] {dag.py:4180} INFO - Setting next_dagrun for dataset_with_extra_from_classic_operator to 2025-01-21 00:00:00+00:00, run_after=2025-01-22 00:00:00+00:00
[2025-01-22T13:14:08.672+0000] {processor.py:208} INFO - Processing /usr/local/python/3.12.1/lib/python3.12/site-packages/airflow/example_dags/example_outlet_event_extra.py took 0.067 seconds
[2025-01-22T13:15:00.920+0000] {processor.py:186} INFO - Started process (PID=17416) to work on /usr/local/python/3.12.1/lib/python3.12/site-packages/airflow/example_dags/example_outlet_event_extra.py
[2025-01-22T13:15:00.920+0000] {processor.py:914} INFO - Processing file /usr/local/python/3.12.1/lib/python3.12/site-packages/airflow/example_dags/example_outlet_event_extra.py for tasks to queue
[2025-01-22T13:15:00.922+0000] {logging_mixin.py:190} INFO - [2025-01-22T13:15:00.922+0000] {dagbag.py:588} INFO - Filling up the DagBag from /usr/local/python/3.12.1/lib/python3.12/site-packages/airflow/example_dags/example_outlet_event_extra.py
[2025-01-22T13:15:00.932+0000] {processor.py:925} INFO - DAG(s) 'dataset_with_extra_by_yield', 'dataset_with_extra_by_context', 'dataset_with_extra_from_classic_operator' retrieved from /usr/local/python/3.12.1/lib/python3.12/site-packages/airflow/example_dags/example_outlet_event_extra.py
[2025-01-22T13:15:00.946+0000] {logging_mixin.py:190} INFO - [2025-01-22T13:15:00.946+0000] {dag.py:3239} INFO - Sync 3 DAGs
[2025-01-22T13:15:00.962+0000] {logging_mixin.py:190} INFO - [2025-01-22T13:15:00.962+0000] {dag.py:4180} INFO - Setting next_dagrun for dataset_with_extra_by_context to 2025-01-22 00:00:00+00:00, run_after=2025-01-23 00:00:00+00:00
[2025-01-22T13:15:00.965+0000] {logging_mixin.py:190} INFO - [2025-01-22T13:15:00.965+0000] {dag.py:4180} INFO - Setting next_dagrun for dataset_with_extra_by_yield to 2025-01-21 00:00:00+00:00, run_after=2025-01-22 00:00:00+00:00
[2025-01-22T13:15:00.967+0000] {logging_mixin.py:190} INFO - [2025-01-22T13:15:00.967+0000] {dag.py:4180} INFO - Setting next_dagrun for dataset_with_extra_from_classic_operator to 2025-01-21 00:00:00+00:00, run_after=2025-01-22 00:00:00+00:00
[2025-01-22T13:15:00.984+0000] {processor.py:208} INFO - Processing /usr/local/python/3.12.1/lib/python3.12/site-packages/airflow/example_dags/example_outlet_event_extra.py took 0.068 seconds
[2025-01-22T13:16:13.604+0000] {processor.py:186} INFO - Started process (PID=18013) to work on /usr/local/python/3.12.1/lib/python3.12/site-packages/airflow/example_dags/example_outlet_event_extra.py
[2025-01-22T13:16:13.605+0000] {processor.py:914} INFO - Processing file /usr/local/python/3.12.1/lib/python3.12/site-packages/airflow/example_dags/example_outlet_event_extra.py for tasks to queue
[2025-01-22T13:16:13.606+0000] {logging_mixin.py:190} INFO - [2025-01-22T13:16:13.606+0000] {dagbag.py:588} INFO - Filling up the DagBag from /usr/local/python/3.12.1/lib/python3.12/site-packages/airflow/example_dags/example_outlet_event_extra.py
[2025-01-22T13:16:13.617+0000] {processor.py:925} INFO - DAG(s) 'dataset_with_extra_from_classic_operator', 'dataset_with_extra_by_yield', 'dataset_with_extra_by_context' retrieved from /usr/local/python/3.12.1/lib/python3.12/site-packages/airflow/example_dags/example_outlet_event_extra.py
[2025-01-22T13:16:13.631+0000] {logging_mixin.py:190} INFO - [2025-01-22T13:16:13.631+0000] {dag.py:3239} INFO - Sync 3 DAGs
[2025-01-22T13:16:13.647+0000] {logging_mixin.py:190} INFO - [2025-01-22T13:16:13.647+0000] {dag.py:4180} INFO - Setting next_dagrun for dataset_with_extra_by_context to 2025-01-22 00:00:00+00:00, run_after=2025-01-23 00:00:00+00:00
[2025-01-22T13:16:13.650+0000] {logging_mixin.py:190} INFO - [2025-01-22T13:16:13.650+0000] {dag.py:4180} INFO - Setting next_dagrun for dataset_with_extra_by_yield to 2025-01-21 00:00:00+00:00, run_after=2025-01-22 00:00:00+00:00
[2025-01-22T13:16:13.652+0000] {logging_mixin.py:190} INFO - [2025-01-22T13:16:13.652+0000] {dag.py:4180} INFO - Setting next_dagrun for dataset_with_extra_from_classic_operator to 2025-01-21 00:00:00+00:00, run_after=2025-01-22 00:00:00+00:00
[2025-01-22T13:16:13.667+0000] {processor.py:208} INFO - Processing /usr/local/python/3.12.1/lib/python3.12/site-packages/airflow/example_dags/example_outlet_event_extra.py took 0.067 seconds
[2025-01-22T13:17:05.944+0000] {processor.py:186} INFO - Started process (PID=18443) to work on /usr/local/python/3.12.1/lib/python3.12/site-packages/airflow/example_dags/example_outlet_event_extra.py
[2025-01-22T13:17:05.945+0000] {processor.py:914} INFO - Processing file /usr/local/python/3.12.1/lib/python3.12/site-packages/airflow/example_dags/example_outlet_event_extra.py for tasks to queue
[2025-01-22T13:17:05.946+0000] {logging_mixin.py:190} INFO - [2025-01-22T13:17:05.946+0000] {dagbag.py:588} INFO - Filling up the DagBag from /usr/local/python/3.12.1/lib/python3.12/site-packages/airflow/example_dags/example_outlet_event_extra.py
[2025-01-22T13:17:05.957+0000] {processor.py:925} INFO - DAG(s) 'dataset_with_extra_from_classic_operator', 'dataset_with_extra_by_yield', 'dataset_with_extra_by_context' retrieved from /usr/local/python/3.12.1/lib/python3.12/site-packages/airflow/example_dags/example_outlet_event_extra.py
[2025-01-22T13:17:05.974+0000] {logging_mixin.py:190} INFO - [2025-01-22T13:17:05.974+0000] {dag.py:3239} INFO - Sync 3 DAGs
[2025-01-22T13:17:05.990+0000] {logging_mixin.py:190} INFO - [2025-01-22T13:17:05.990+0000] {dag.py:4180} INFO - Setting next_dagrun for dataset_with_extra_by_context to 2025-01-22 00:00:00+00:00, run_after=2025-01-23 00:00:00+00:00
[2025-01-22T13:17:05.993+0000] {logging_mixin.py:190} INFO - [2025-01-22T13:17:05.993+0000] {dag.py:4180} INFO - Setting next_dagrun for dataset_with_extra_by_yield to 2025-01-21 00:00:00+00:00, run_after=2025-01-22 00:00:00+00:00
[2025-01-22T13:17:05.995+0000] {logging_mixin.py:190} INFO - [2025-01-22T13:17:05.995+0000] {dag.py:4180} INFO - Setting next_dagrun for dataset_with_extra_from_classic_operator to 2025-01-21 00:00:00+00:00, run_after=2025-01-22 00:00:00+00:00
[2025-01-22T13:17:06.010+0000] {processor.py:208} INFO - Processing /usr/local/python/3.12.1/lib/python3.12/site-packages/airflow/example_dags/example_outlet_event_extra.py took 0.070 seconds
[2025-01-22T13:17:59.499+0000] {processor.py:186} INFO - Started process (PID=18945) to work on /usr/local/python/3.12.1/lib/python3.12/site-packages/airflow/example_dags/example_outlet_event_extra.py
[2025-01-22T13:17:59.500+0000] {processor.py:914} INFO - Processing file /usr/local/python/3.12.1/lib/python3.12/site-packages/airflow/example_dags/example_outlet_event_extra.py for tasks to queue
[2025-01-22T13:17:59.501+0000] {logging_mixin.py:190} INFO - [2025-01-22T13:17:59.501+0000] {dagbag.py:588} INFO - Filling up the DagBag from /usr/local/python/3.12.1/lib/python3.12/site-packages/airflow/example_dags/example_outlet_event_extra.py
[2025-01-22T13:17:59.511+0000] {processor.py:925} INFO - DAG(s) 'dataset_with_extra_by_context', 'dataset_with_extra_by_yield', 'dataset_with_extra_from_classic_operator' retrieved from /usr/local/python/3.12.1/lib/python3.12/site-packages/airflow/example_dags/example_outlet_event_extra.py
[2025-01-22T13:17:59.525+0000] {logging_mixin.py:190} INFO - [2025-01-22T13:17:59.525+0000] {dag.py:3239} INFO - Sync 3 DAGs
[2025-01-22T13:17:59.541+0000] {logging_mixin.py:190} INFO - [2025-01-22T13:17:59.541+0000] {dag.py:4180} INFO - Setting next_dagrun for dataset_with_extra_by_context to 2025-01-22 00:00:00+00:00, run_after=2025-01-23 00:00:00+00:00
[2025-01-22T13:17:59.545+0000] {logging_mixin.py:190} INFO - [2025-01-22T13:17:59.544+0000] {dag.py:4180} INFO - Setting next_dagrun for dataset_with_extra_by_yield to 2025-01-21 00:00:00+00:00, run_after=2025-01-22 00:00:00+00:00
[2025-01-22T13:17:59.546+0000] {logging_mixin.py:190} INFO - [2025-01-22T13:17:59.546+0000] {dag.py:4180} INFO - Setting next_dagrun for dataset_with_extra_from_classic_operator to 2025-01-21 00:00:00+00:00, run_after=2025-01-22 00:00:00+00:00
[2025-01-22T13:17:59.561+0000] {processor.py:208} INFO - Processing /usr/local/python/3.12.1/lib/python3.12/site-packages/airflow/example_dags/example_outlet_event_extra.py took 0.066 seconds
[2025-01-22T13:19:12.478+0000] {processor.py:186} INFO - Started process (PID=19944) to work on /usr/local/python/3.12.1/lib/python3.12/site-packages/airflow/example_dags/example_outlet_event_extra.py
[2025-01-22T13:19:12.478+0000] {processor.py:914} INFO - Processing file /usr/local/python/3.12.1/lib/python3.12/site-packages/airflow/example_dags/example_outlet_event_extra.py for tasks to queue
[2025-01-22T13:19:12.480+0000] {logging_mixin.py:190} INFO - [2025-01-22T13:19:12.479+0000] {dagbag.py:588} INFO - Filling up the DagBag from /usr/local/python/3.12.1/lib/python3.12/site-packages/airflow/example_dags/example_outlet_event_extra.py
[2025-01-22T13:19:12.490+0000] {processor.py:925} INFO - DAG(s) 'dataset_with_extra_by_yield', 'dataset_with_extra_from_classic_operator', 'dataset_with_extra_by_context' retrieved from /usr/local/python/3.12.1/lib/python3.12/site-packages/airflow/example_dags/example_outlet_event_extra.py
[2025-01-22T13:19:12.504+0000] {logging_mixin.py:190} INFO - [2025-01-22T13:19:12.504+0000] {dag.py:3239} INFO - Sync 3 DAGs
[2025-01-22T13:19:12.519+0000] {logging_mixin.py:190} INFO - [2025-01-22T13:19:12.519+0000] {dag.py:4180} INFO - Setting next_dagrun for dataset_with_extra_by_context to 2025-01-22 00:00:00+00:00, run_after=2025-01-23 00:00:00+00:00
[2025-01-22T13:19:12.523+0000] {logging_mixin.py:190} INFO - [2025-01-22T13:19:12.523+0000] {dag.py:4180} INFO - Setting next_dagrun for dataset_with_extra_by_yield to 2025-01-21 00:00:00+00:00, run_after=2025-01-22 00:00:00+00:00
[2025-01-22T13:19:12.524+0000] {logging_mixin.py:190} INFO - [2025-01-22T13:19:12.524+0000] {dag.py:4180} INFO - Setting next_dagrun for dataset_with_extra_from_classic_operator to 2025-01-21 00:00:00+00:00, run_after=2025-01-22 00:00:00+00:00
[2025-01-22T13:19:12.539+0000] {processor.py:208} INFO - Processing /usr/local/python/3.12.1/lib/python3.12/site-packages/airflow/example_dags/example_outlet_event_extra.py took 0.065 seconds
[2025-01-22T13:20:27.089+0000] {processor.py:186} INFO - Started process (PID=21302) to work on /usr/local/python/3.12.1/lib/python3.12/site-packages/airflow/example_dags/example_outlet_event_extra.py
[2025-01-22T13:20:27.090+0000] {processor.py:914} INFO - Processing file /usr/local/python/3.12.1/lib/python3.12/site-packages/airflow/example_dags/example_outlet_event_extra.py for tasks to queue
[2025-01-22T13:20:27.091+0000] {logging_mixin.py:190} INFO - [2025-01-22T13:20:27.091+0000] {dagbag.py:588} INFO - Filling up the DagBag from /usr/local/python/3.12.1/lib/python3.12/site-packages/airflow/example_dags/example_outlet_event_extra.py
[2025-01-22T13:20:27.102+0000] {processor.py:925} INFO - DAG(s) 'dataset_with_extra_by_context', 'dataset_with_extra_by_yield', 'dataset_with_extra_from_classic_operator' retrieved from /usr/local/python/3.12.1/lib/python3.12/site-packages/airflow/example_dags/example_outlet_event_extra.py
[2025-01-22T13:20:27.116+0000] {logging_mixin.py:190} INFO - [2025-01-22T13:20:27.116+0000] {dag.py:3239} INFO - Sync 3 DAGs
[2025-01-22T13:20:27.132+0000] {logging_mixin.py:190} INFO - [2025-01-22T13:20:27.131+0000] {dag.py:4180} INFO - Setting next_dagrun for dataset_with_extra_by_context to 2025-01-22 00:00:00+00:00, run_after=2025-01-23 00:00:00+00:00
[2025-01-22T13:20:27.135+0000] {logging_mixin.py:190} INFO - [2025-01-22T13:20:27.135+0000] {dag.py:4180} INFO - Setting next_dagrun for dataset_with_extra_by_yield to 2025-01-21 00:00:00+00:00, run_after=2025-01-22 00:00:00+00:00
[2025-01-22T13:20:27.137+0000] {logging_mixin.py:190} INFO - [2025-01-22T13:20:27.136+0000] {dag.py:4180} INFO - Setting next_dagrun for dataset_with_extra_from_classic_operator to 2025-01-21 00:00:00+00:00, run_after=2025-01-22 00:00:00+00:00
[2025-01-22T13:20:27.152+0000] {processor.py:208} INFO - Processing /usr/local/python/3.12.1/lib/python3.12/site-packages/airflow/example_dags/example_outlet_event_extra.py took 0.067 seconds
