[2025-01-22T12:52:50.546+0000] {processor.py:186} INFO - Started process (PID=5579) to work on /usr/local/python/3.12.1/lib/python3.12/site-packages/airflow/example_dags/example_python_operator.py
[2025-01-22T12:52:50.546+0000] {processor.py:914} INFO - Processing file /usr/local/python/3.12.1/lib/python3.12/site-packages/airflow/example_dags/example_python_operator.py for tasks to queue
[2025-01-22T12:52:50.548+0000] {logging_mixin.py:190} INFO - [2025-01-22T12:52:50.547+0000] {dagbag.py:588} INFO - Filling up the DagBag from /usr/local/python/3.12.1/lib/python3.12/site-packages/airflow/example_dags/example_python_operator.py
[2025-01-22T12:52:50.557+0000] {processor.py:925} INFO - DAG(s) 'example_python_operator' retrieved from /usr/local/python/3.12.1/lib/python3.12/site-packages/airflow/example_dags/example_python_operator.py
[2025-01-22T12:52:50.635+0000] {logging_mixin.py:190} INFO - [2025-01-22T12:52:50.635+0000] {override.py:1911} INFO - Created Permission View: can delete on DAG:example_python_operator
[2025-01-22T12:52:50.648+0000] {logging_mixin.py:190} INFO - [2025-01-22T12:52:50.647+0000] {override.py:1911} INFO - Created Permission View: can edit on DAG:example_python_operator
[2025-01-22T12:52:50.654+0000] {logging_mixin.py:190} INFO - [2025-01-22T12:52:50.654+0000] {override.py:1911} INFO - Created Permission View: can read on DAG:example_python_operator
[2025-01-22T12:52:50.662+0000] {logging_mixin.py:190} INFO - [2025-01-22T12:52:50.661+0000] {override.py:1911} INFO - Created Permission View: can create on DAG Run:example_python_operator
[2025-01-22T12:52:50.668+0000] {logging_mixin.py:190} INFO - [2025-01-22T12:52:50.667+0000] {override.py:1911} INFO - Created Permission View: can read on DAG Run:example_python_operator
[2025-01-22T12:52:50.674+0000] {logging_mixin.py:190} INFO - [2025-01-22T12:52:50.673+0000] {override.py:1911} INFO - Created Permission View: menu access on DAG Run:example_python_operator
[2025-01-22T12:52:50.680+0000] {logging_mixin.py:190} INFO - [2025-01-22T12:52:50.679+0000] {override.py:1911} INFO - Created Permission View: can delete on DAG Run:example_python_operator
[2025-01-22T12:52:50.680+0000] {logging_mixin.py:190} INFO - [2025-01-22T12:52:50.680+0000] {dag.py:3239} INFO - Sync 1 DAGs
[2025-01-22T12:52:50.694+0000] {logging_mixin.py:190} INFO - [2025-01-22T12:52:50.693+0000] {dag.py:3262} INFO - Creating ORM DAG for example_python_operator
[2025-01-22T12:52:50.694+0000] {logging_mixin.py:190} INFO - [2025-01-22T12:52:50.694+0000] {dag.py:4180} INFO - Setting next_dagrun for example_python_operator to None, run_after=None
[2025-01-22T12:52:50.707+0000] {processor.py:208} INFO - Processing /usr/local/python/3.12.1/lib/python3.12/site-packages/airflow/example_dags/example_python_operator.py took 0.165 seconds
[2025-01-22T12:53:50.736+0000] {processor.py:186} INFO - Started process (PID=6486) to work on /usr/local/python/3.12.1/lib/python3.12/site-packages/airflow/example_dags/example_python_operator.py
[2025-01-22T12:53:50.737+0000] {processor.py:914} INFO - Processing file /usr/local/python/3.12.1/lib/python3.12/site-packages/airflow/example_dags/example_python_operator.py for tasks to queue
[2025-01-22T12:53:50.738+0000] {logging_mixin.py:190} INFO - [2025-01-22T12:53:50.738+0000] {dagbag.py:588} INFO - Filling up the DagBag from /usr/local/python/3.12.1/lib/python3.12/site-packages/airflow/example_dags/example_python_operator.py
[2025-01-22T12:53:50.747+0000] {processor.py:925} INFO - DAG(s) 'example_python_operator' retrieved from /usr/local/python/3.12.1/lib/python3.12/site-packages/airflow/example_dags/example_python_operator.py
[2025-01-22T12:53:50.759+0000] {logging_mixin.py:190} INFO - [2025-01-22T12:53:50.759+0000] {dag.py:3239} INFO - Sync 1 DAGs
[2025-01-22T12:53:50.768+0000] {logging_mixin.py:190} INFO - [2025-01-22T12:53:50.768+0000] {dag.py:4180} INFO - Setting next_dagrun for example_python_operator to None, run_after=None
[2025-01-22T12:53:50.783+0000] {processor.py:208} INFO - Processing /usr/local/python/3.12.1/lib/python3.12/site-packages/airflow/example_dags/example_python_operator.py took 0.051 seconds
[2025-01-22T12:54:44.960+0000] {processor.py:186} INFO - Started process (PID=7105) to work on /usr/local/python/3.12.1/lib/python3.12/site-packages/airflow/example_dags/example_python_operator.py
[2025-01-22T12:54:44.961+0000] {processor.py:914} INFO - Processing file /usr/local/python/3.12.1/lib/python3.12/site-packages/airflow/example_dags/example_python_operator.py for tasks to queue
[2025-01-22T12:54:44.963+0000] {logging_mixin.py:190} INFO - [2025-01-22T12:54:44.962+0000] {dagbag.py:588} INFO - Filling up the DagBag from /usr/local/python/3.12.1/lib/python3.12/site-packages/airflow/example_dags/example_python_operator.py
[2025-01-22T12:54:44.972+0000] {processor.py:925} INFO - DAG(s) 'example_python_operator' retrieved from /usr/local/python/3.12.1/lib/python3.12/site-packages/airflow/example_dags/example_python_operator.py
[2025-01-22T12:54:44.984+0000] {logging_mixin.py:190} INFO - [2025-01-22T12:54:44.984+0000] {dag.py:3239} INFO - Sync 1 DAGs
[2025-01-22T12:54:44.993+0000] {logging_mixin.py:190} INFO - [2025-01-22T12:54:44.993+0000] {dag.py:4180} INFO - Setting next_dagrun for example_python_operator to None, run_after=None
[2025-01-22T12:54:45.008+0000] {processor.py:208} INFO - Processing /usr/local/python/3.12.1/lib/python3.12/site-packages/airflow/example_dags/example_python_operator.py took 0.052 seconds
[2025-01-22T12:55:39.004+0000] {processor.py:186} INFO - Started process (PID=7596) to work on /usr/local/python/3.12.1/lib/python3.12/site-packages/airflow/example_dags/example_python_operator.py
[2025-01-22T12:55:39.005+0000] {processor.py:914} INFO - Processing file /usr/local/python/3.12.1/lib/python3.12/site-packages/airflow/example_dags/example_python_operator.py for tasks to queue
[2025-01-22T12:55:39.006+0000] {logging_mixin.py:190} INFO - [2025-01-22T12:55:39.006+0000] {dagbag.py:588} INFO - Filling up the DagBag from /usr/local/python/3.12.1/lib/python3.12/site-packages/airflow/example_dags/example_python_operator.py
[2025-01-22T12:55:39.015+0000] {processor.py:925} INFO - DAG(s) 'example_python_operator' retrieved from /usr/local/python/3.12.1/lib/python3.12/site-packages/airflow/example_dags/example_python_operator.py
[2025-01-22T12:55:39.028+0000] {logging_mixin.py:190} INFO - [2025-01-22T12:55:39.028+0000] {dag.py:3239} INFO - Sync 1 DAGs
[2025-01-22T12:55:39.037+0000] {logging_mixin.py:190} INFO - [2025-01-22T12:55:39.036+0000] {dag.py:4180} INFO - Setting next_dagrun for example_python_operator to None, run_after=None
[2025-01-22T12:55:39.051+0000] {processor.py:208} INFO - Processing /usr/local/python/3.12.1/lib/python3.12/site-packages/airflow/example_dags/example_python_operator.py took 0.050 seconds
[2025-01-22T12:56:31.544+0000] {processor.py:186} INFO - Started process (PID=8025) to work on /usr/local/python/3.12.1/lib/python3.12/site-packages/airflow/example_dags/example_python_operator.py
[2025-01-22T12:56:31.545+0000] {processor.py:914} INFO - Processing file /usr/local/python/3.12.1/lib/python3.12/site-packages/airflow/example_dags/example_python_operator.py for tasks to queue
[2025-01-22T12:56:31.546+0000] {logging_mixin.py:190} INFO - [2025-01-22T12:56:31.546+0000] {dagbag.py:588} INFO - Filling up the DagBag from /usr/local/python/3.12.1/lib/python3.12/site-packages/airflow/example_dags/example_python_operator.py
[2025-01-22T12:56:31.559+0000] {processor.py:925} INFO - DAG(s) 'example_python_operator' retrieved from /usr/local/python/3.12.1/lib/python3.12/site-packages/airflow/example_dags/example_python_operator.py
[2025-01-22T12:56:31.577+0000] {logging_mixin.py:190} INFO - [2025-01-22T12:56:31.577+0000] {dag.py:3239} INFO - Sync 1 DAGs
[2025-01-22T12:56:31.591+0000] {logging_mixin.py:190} INFO - [2025-01-22T12:56:31.590+0000] {dag.py:4180} INFO - Setting next_dagrun for example_python_operator to None, run_after=None
[2025-01-22T12:56:31.610+0000] {processor.py:208} INFO - Processing /usr/local/python/3.12.1/lib/python3.12/site-packages/airflow/example_dags/example_python_operator.py took 0.071 seconds
[2025-01-22T12:57:22.689+0000] {processor.py:186} INFO - Started process (PID=8438) to work on /usr/local/python/3.12.1/lib/python3.12/site-packages/airflow/example_dags/example_python_operator.py
[2025-01-22T12:57:22.690+0000] {processor.py:914} INFO - Processing file /usr/local/python/3.12.1/lib/python3.12/site-packages/airflow/example_dags/example_python_operator.py for tasks to queue
[2025-01-22T12:57:22.691+0000] {logging_mixin.py:190} INFO - [2025-01-22T12:57:22.691+0000] {dagbag.py:588} INFO - Filling up the DagBag from /usr/local/python/3.12.1/lib/python3.12/site-packages/airflow/example_dags/example_python_operator.py
[2025-01-22T12:57:22.702+0000] {processor.py:925} INFO - DAG(s) 'example_python_operator' retrieved from /usr/local/python/3.12.1/lib/python3.12/site-packages/airflow/example_dags/example_python_operator.py
[2025-01-22T12:57:22.720+0000] {logging_mixin.py:190} INFO - [2025-01-22T12:57:22.720+0000] {dag.py:3239} INFO - Sync 1 DAGs
[2025-01-22T12:57:22.733+0000] {logging_mixin.py:190} INFO - [2025-01-22T12:57:22.733+0000] {dag.py:4180} INFO - Setting next_dagrun for example_python_operator to None, run_after=None
[2025-01-22T12:57:22.756+0000] {processor.py:208} INFO - Processing /usr/local/python/3.12.1/lib/python3.12/site-packages/airflow/example_dags/example_python_operator.py took 0.070 seconds
[2025-01-22T12:58:14.192+0000] {processor.py:186} INFO - Started process (PID=8896) to work on /usr/local/python/3.12.1/lib/python3.12/site-packages/airflow/example_dags/example_python_operator.py
[2025-01-22T12:58:14.192+0000] {processor.py:914} INFO - Processing file /usr/local/python/3.12.1/lib/python3.12/site-packages/airflow/example_dags/example_python_operator.py for tasks to queue
[2025-01-22T12:58:14.194+0000] {logging_mixin.py:190} INFO - [2025-01-22T12:58:14.194+0000] {dagbag.py:588} INFO - Filling up the DagBag from /usr/local/python/3.12.1/lib/python3.12/site-packages/airflow/example_dags/example_python_operator.py
[2025-01-22T12:58:14.203+0000] {processor.py:925} INFO - DAG(s) 'example_python_operator' retrieved from /usr/local/python/3.12.1/lib/python3.12/site-packages/airflow/example_dags/example_python_operator.py
[2025-01-22T12:58:14.215+0000] {logging_mixin.py:190} INFO - [2025-01-22T12:58:14.215+0000] {dag.py:3239} INFO - Sync 1 DAGs
[2025-01-22T12:58:14.224+0000] {logging_mixin.py:190} INFO - [2025-01-22T12:58:14.224+0000] {dag.py:4180} INFO - Setting next_dagrun for example_python_operator to None, run_after=None
[2025-01-22T12:58:14.239+0000] {processor.py:208} INFO - Processing /usr/local/python/3.12.1/lib/python3.12/site-packages/airflow/example_dags/example_python_operator.py took 0.051 seconds
[2025-01-22T12:59:04.890+0000] {processor.py:186} INFO - Started process (PID=9301) to work on /usr/local/python/3.12.1/lib/python3.12/site-packages/airflow/example_dags/example_python_operator.py
[2025-01-22T12:59:04.890+0000] {processor.py:914} INFO - Processing file /usr/local/python/3.12.1/lib/python3.12/site-packages/airflow/example_dags/example_python_operator.py for tasks to queue
[2025-01-22T12:59:04.892+0000] {logging_mixin.py:190} INFO - [2025-01-22T12:59:04.891+0000] {dagbag.py:588} INFO - Filling up the DagBag from /usr/local/python/3.12.1/lib/python3.12/site-packages/airflow/example_dags/example_python_operator.py
[2025-01-22T12:59:04.904+0000] {processor.py:925} INFO - DAG(s) 'example_python_operator' retrieved from /usr/local/python/3.12.1/lib/python3.12/site-packages/airflow/example_dags/example_python_operator.py
[2025-01-22T12:59:04.924+0000] {logging_mixin.py:190} INFO - [2025-01-22T12:59:04.924+0000] {dag.py:3239} INFO - Sync 1 DAGs
[2025-01-22T12:59:04.940+0000] {logging_mixin.py:190} INFO - [2025-01-22T12:59:04.940+0000] {dag.py:4180} INFO - Setting next_dagrun for example_python_operator to None, run_after=None
[2025-01-22T12:59:04.958+0000] {processor.py:208} INFO - Processing /usr/local/python/3.12.1/lib/python3.12/site-packages/airflow/example_dags/example_python_operator.py took 0.072 seconds
[2025-01-22T12:59:56.878+0000] {processor.py:186} INFO - Started process (PID=9737) to work on /usr/local/python/3.12.1/lib/python3.12/site-packages/airflow/example_dags/example_python_operator.py
[2025-01-22T12:59:56.879+0000] {processor.py:914} INFO - Processing file /usr/local/python/3.12.1/lib/python3.12/site-packages/airflow/example_dags/example_python_operator.py for tasks to queue
[2025-01-22T12:59:56.880+0000] {logging_mixin.py:190} INFO - [2025-01-22T12:59:56.880+0000] {dagbag.py:588} INFO - Filling up the DagBag from /usr/local/python/3.12.1/lib/python3.12/site-packages/airflow/example_dags/example_python_operator.py
[2025-01-22T12:59:56.889+0000] {processor.py:925} INFO - DAG(s) 'example_python_operator' retrieved from /usr/local/python/3.12.1/lib/python3.12/site-packages/airflow/example_dags/example_python_operator.py
[2025-01-22T12:59:56.901+0000] {logging_mixin.py:190} INFO - [2025-01-22T12:59:56.901+0000] {dag.py:3239} INFO - Sync 1 DAGs
[2025-01-22T12:59:56.910+0000] {logging_mixin.py:190} INFO - [2025-01-22T12:59:56.910+0000] {dag.py:4180} INFO - Setting next_dagrun for example_python_operator to None, run_after=None
[2025-01-22T12:59:56.925+0000] {processor.py:208} INFO - Processing /usr/local/python/3.12.1/lib/python3.12/site-packages/airflow/example_dags/example_python_operator.py took 0.051 seconds
[2025-01-22T13:00:48.292+0000] {processor.py:186} INFO - Started process (PID=10160) to work on /usr/local/python/3.12.1/lib/python3.12/site-packages/airflow/example_dags/example_python_operator.py
[2025-01-22T13:00:48.292+0000] {processor.py:914} INFO - Processing file /usr/local/python/3.12.1/lib/python3.12/site-packages/airflow/example_dags/example_python_operator.py for tasks to queue
[2025-01-22T13:00:48.294+0000] {logging_mixin.py:190} INFO - [2025-01-22T13:00:48.293+0000] {dagbag.py:588} INFO - Filling up the DagBag from /usr/local/python/3.12.1/lib/python3.12/site-packages/airflow/example_dags/example_python_operator.py
[2025-01-22T13:00:48.303+0000] {processor.py:925} INFO - DAG(s) 'example_python_operator' retrieved from /usr/local/python/3.12.1/lib/python3.12/site-packages/airflow/example_dags/example_python_operator.py
[2025-01-22T13:00:48.315+0000] {logging_mixin.py:190} INFO - [2025-01-22T13:00:48.315+0000] {dag.py:3239} INFO - Sync 1 DAGs
[2025-01-22T13:00:48.324+0000] {logging_mixin.py:190} INFO - [2025-01-22T13:00:48.324+0000] {dag.py:4180} INFO - Setting next_dagrun for example_python_operator to None, run_after=None
[2025-01-22T13:00:48.338+0000] {processor.py:208} INFO - Processing /usr/local/python/3.12.1/lib/python3.12/site-packages/airflow/example_dags/example_python_operator.py took 0.050 seconds
[2025-01-22T13:01:40.708+0000] {processor.py:186} INFO - Started process (PID=10592) to work on /usr/local/python/3.12.1/lib/python3.12/site-packages/airflow/example_dags/example_python_operator.py
[2025-01-22T13:01:40.709+0000] {processor.py:914} INFO - Processing file /usr/local/python/3.12.1/lib/python3.12/site-packages/airflow/example_dags/example_python_operator.py for tasks to queue
[2025-01-22T13:01:40.711+0000] {logging_mixin.py:190} INFO - [2025-01-22T13:01:40.710+0000] {dagbag.py:588} INFO - Filling up the DagBag from /usr/local/python/3.12.1/lib/python3.12/site-packages/airflow/example_dags/example_python_operator.py
[2025-01-22T13:01:40.719+0000] {processor.py:925} INFO - DAG(s) 'example_python_operator' retrieved from /usr/local/python/3.12.1/lib/python3.12/site-packages/airflow/example_dags/example_python_operator.py
[2025-01-22T13:01:40.732+0000] {logging_mixin.py:190} INFO - [2025-01-22T13:01:40.731+0000] {dag.py:3239} INFO - Sync 1 DAGs
[2025-01-22T13:01:40.740+0000] {logging_mixin.py:190} INFO - [2025-01-22T13:01:40.740+0000] {dag.py:4180} INFO - Setting next_dagrun for example_python_operator to None, run_after=None
[2025-01-22T13:01:40.754+0000] {processor.py:208} INFO - Processing /usr/local/python/3.12.1/lib/python3.12/site-packages/airflow/example_dags/example_python_operator.py took 0.050 seconds
[2025-01-22T13:02:30.913+0000] {processor.py:186} INFO - Started process (PID=11067) to work on /usr/local/python/3.12.1/lib/python3.12/site-packages/airflow/example_dags/example_python_operator.py
[2025-01-22T13:02:30.913+0000] {processor.py:914} INFO - Processing file /usr/local/python/3.12.1/lib/python3.12/site-packages/airflow/example_dags/example_python_operator.py for tasks to queue
[2025-01-22T13:02:30.915+0000] {logging_mixin.py:190} INFO - [2025-01-22T13:02:30.915+0000] {dagbag.py:588} INFO - Filling up the DagBag from /usr/local/python/3.12.1/lib/python3.12/site-packages/airflow/example_dags/example_python_operator.py
[2025-01-22T13:02:30.924+0000] {processor.py:925} INFO - DAG(s) 'example_python_operator' retrieved from /usr/local/python/3.12.1/lib/python3.12/site-packages/airflow/example_dags/example_python_operator.py
[2025-01-22T13:02:30.936+0000] {logging_mixin.py:190} INFO - [2025-01-22T13:02:30.936+0000] {dag.py:3239} INFO - Sync 1 DAGs
[2025-01-22T13:02:30.945+0000] {logging_mixin.py:190} INFO - [2025-01-22T13:02:30.945+0000] {dag.py:4180} INFO - Setting next_dagrun for example_python_operator to None, run_after=None
[2025-01-22T13:02:30.962+0000] {processor.py:208} INFO - Processing /usr/local/python/3.12.1/lib/python3.12/site-packages/airflow/example_dags/example_python_operator.py took 0.053 seconds
[2025-01-22T13:03:20.522+0000] {processor.py:186} INFO - Started process (PID=11429) to work on /usr/local/python/3.12.1/lib/python3.12/site-packages/airflow/example_dags/example_python_operator.py
[2025-01-22T13:03:20.523+0000] {processor.py:914} INFO - Processing file /usr/local/python/3.12.1/lib/python3.12/site-packages/airflow/example_dags/example_python_operator.py for tasks to queue
[2025-01-22T13:03:20.525+0000] {logging_mixin.py:190} INFO - [2025-01-22T13:03:20.524+0000] {dagbag.py:588} INFO - Filling up the DagBag from /usr/local/python/3.12.1/lib/python3.12/site-packages/airflow/example_dags/example_python_operator.py
[2025-01-22T13:03:20.534+0000] {processor.py:925} INFO - DAG(s) 'example_python_operator' retrieved from /usr/local/python/3.12.1/lib/python3.12/site-packages/airflow/example_dags/example_python_operator.py
[2025-01-22T13:03:20.546+0000] {logging_mixin.py:190} INFO - [2025-01-22T13:03:20.546+0000] {dag.py:3239} INFO - Sync 1 DAGs
[2025-01-22T13:03:20.558+0000] {logging_mixin.py:190} INFO - [2025-01-22T13:03:20.558+0000] {dag.py:4180} INFO - Setting next_dagrun for example_python_operator to None, run_after=None
[2025-01-22T13:03:20.572+0000] {processor.py:208} INFO - Processing /usr/local/python/3.12.1/lib/python3.12/site-packages/airflow/example_dags/example_python_operator.py took 0.053 seconds
[2025-01-22T13:04:13.089+0000] {processor.py:186} INFO - Started process (PID=11862) to work on /usr/local/python/3.12.1/lib/python3.12/site-packages/airflow/example_dags/example_python_operator.py
[2025-01-22T13:04:13.089+0000] {processor.py:914} INFO - Processing file /usr/local/python/3.12.1/lib/python3.12/site-packages/airflow/example_dags/example_python_operator.py for tasks to queue
[2025-01-22T13:04:13.091+0000] {logging_mixin.py:190} INFO - [2025-01-22T13:04:13.091+0000] {dagbag.py:588} INFO - Filling up the DagBag from /usr/local/python/3.12.1/lib/python3.12/site-packages/airflow/example_dags/example_python_operator.py
[2025-01-22T13:04:13.101+0000] {processor.py:925} INFO - DAG(s) 'example_python_operator' retrieved from /usr/local/python/3.12.1/lib/python3.12/site-packages/airflow/example_dags/example_python_operator.py
[2025-01-22T13:04:13.113+0000] {logging_mixin.py:190} INFO - [2025-01-22T13:04:13.113+0000] {dag.py:3239} INFO - Sync 1 DAGs
[2025-01-22T13:04:13.122+0000] {logging_mixin.py:190} INFO - [2025-01-22T13:04:13.122+0000] {dag.py:4180} INFO - Setting next_dagrun for example_python_operator to None, run_after=None
[2025-01-22T13:04:13.138+0000] {processor.py:208} INFO - Processing /usr/local/python/3.12.1/lib/python3.12/site-packages/airflow/example_dags/example_python_operator.py took 0.054 seconds
[2025-01-22T13:05:04.309+0000] {processor.py:186} INFO - Started process (PID=12284) to work on /usr/local/python/3.12.1/lib/python3.12/site-packages/airflow/example_dags/example_python_operator.py
[2025-01-22T13:05:04.309+0000] {processor.py:914} INFO - Processing file /usr/local/python/3.12.1/lib/python3.12/site-packages/airflow/example_dags/example_python_operator.py for tasks to queue
[2025-01-22T13:05:04.311+0000] {logging_mixin.py:190} INFO - [2025-01-22T13:05:04.310+0000] {dagbag.py:588} INFO - Filling up the DagBag from /usr/local/python/3.12.1/lib/python3.12/site-packages/airflow/example_dags/example_python_operator.py
[2025-01-22T13:05:04.320+0000] {processor.py:925} INFO - DAG(s) 'example_python_operator' retrieved from /usr/local/python/3.12.1/lib/python3.12/site-packages/airflow/example_dags/example_python_operator.py
[2025-01-22T13:05:04.332+0000] {logging_mixin.py:190} INFO - [2025-01-22T13:05:04.332+0000] {dag.py:3239} INFO - Sync 1 DAGs
[2025-01-22T13:05:04.341+0000] {logging_mixin.py:190} INFO - [2025-01-22T13:05:04.341+0000] {dag.py:4180} INFO - Setting next_dagrun for example_python_operator to None, run_after=None
[2025-01-22T13:05:04.355+0000] {processor.py:208} INFO - Processing /usr/local/python/3.12.1/lib/python3.12/site-packages/airflow/example_dags/example_python_operator.py took 0.051 seconds
[2025-01-22T13:05:56.273+0000] {processor.py:186} INFO - Started process (PID=12711) to work on /usr/local/python/3.12.1/lib/python3.12/site-packages/airflow/example_dags/example_python_operator.py
[2025-01-22T13:05:56.274+0000] {processor.py:914} INFO - Processing file /usr/local/python/3.12.1/lib/python3.12/site-packages/airflow/example_dags/example_python_operator.py for tasks to queue
[2025-01-22T13:05:56.276+0000] {logging_mixin.py:190} INFO - [2025-01-22T13:05:56.276+0000] {dagbag.py:588} INFO - Filling up the DagBag from /usr/local/python/3.12.1/lib/python3.12/site-packages/airflow/example_dags/example_python_operator.py
[2025-01-22T13:05:56.285+0000] {processor.py:925} INFO - DAG(s) 'example_python_operator' retrieved from /usr/local/python/3.12.1/lib/python3.12/site-packages/airflow/example_dags/example_python_operator.py
[2025-01-22T13:05:56.297+0000] {logging_mixin.py:190} INFO - [2025-01-22T13:05:56.297+0000] {dag.py:3239} INFO - Sync 1 DAGs
[2025-01-22T13:05:56.306+0000] {logging_mixin.py:190} INFO - [2025-01-22T13:05:56.306+0000] {dag.py:4180} INFO - Setting next_dagrun for example_python_operator to None, run_after=None
[2025-01-22T13:05:56.320+0000] {processor.py:208} INFO - Processing /usr/local/python/3.12.1/lib/python3.12/site-packages/airflow/example_dags/example_python_operator.py took 0.050 seconds
[2025-01-22T13:06:43.653+0000] {processor.py:186} INFO - Started process (PID=13118) to work on /usr/local/python/3.12.1/lib/python3.12/site-packages/airflow/example_dags/example_python_operator.py
[2025-01-22T13:06:43.654+0000] {processor.py:914} INFO - Processing file /usr/local/python/3.12.1/lib/python3.12/site-packages/airflow/example_dags/example_python_operator.py for tasks to queue
[2025-01-22T13:06:43.656+0000] {logging_mixin.py:190} INFO - [2025-01-22T13:06:43.655+0000] {dagbag.py:588} INFO - Filling up the DagBag from /usr/local/python/3.12.1/lib/python3.12/site-packages/airflow/example_dags/example_python_operator.py
[2025-01-22T13:06:43.665+0000] {processor.py:925} INFO - DAG(s) 'example_python_operator' retrieved from /usr/local/python/3.12.1/lib/python3.12/site-packages/airflow/example_dags/example_python_operator.py
[2025-01-22T13:06:43.681+0000] {logging_mixin.py:190} INFO - [2025-01-22T13:06:43.681+0000] {dag.py:3239} INFO - Sync 1 DAGs
[2025-01-22T13:06:43.691+0000] {logging_mixin.py:190} INFO - [2025-01-22T13:06:43.691+0000] {dag.py:4180} INFO - Setting next_dagrun for example_python_operator to None, run_after=None
[2025-01-22T13:06:43.705+0000] {processor.py:208} INFO - Processing /usr/local/python/3.12.1/lib/python3.12/site-packages/airflow/example_dags/example_python_operator.py took 0.056 seconds
[2025-01-22T13:07:31.045+0000] {processor.py:186} INFO - Started process (PID=13500) to work on /usr/local/python/3.12.1/lib/python3.12/site-packages/airflow/example_dags/example_python_operator.py
[2025-01-22T13:07:31.046+0000] {processor.py:914} INFO - Processing file /usr/local/python/3.12.1/lib/python3.12/site-packages/airflow/example_dags/example_python_operator.py for tasks to queue
[2025-01-22T13:07:31.048+0000] {logging_mixin.py:190} INFO - [2025-01-22T13:07:31.047+0000] {dagbag.py:588} INFO - Filling up the DagBag from /usr/local/python/3.12.1/lib/python3.12/site-packages/airflow/example_dags/example_python_operator.py
[2025-01-22T13:07:31.064+0000] {processor.py:925} INFO - DAG(s) 'example_python_operator' retrieved from /usr/local/python/3.12.1/lib/python3.12/site-packages/airflow/example_dags/example_python_operator.py
[2025-01-22T13:07:31.083+0000] {logging_mixin.py:190} INFO - [2025-01-22T13:07:31.082+0000] {dag.py:3239} INFO - Sync 1 DAGs
[2025-01-22T13:07:31.094+0000] {logging_mixin.py:190} INFO - [2025-01-22T13:07:31.094+0000] {dag.py:4180} INFO - Setting next_dagrun for example_python_operator to None, run_after=None
[2025-01-22T13:07:31.109+0000] {processor.py:208} INFO - Processing /usr/local/python/3.12.1/lib/python3.12/site-packages/airflow/example_dags/example_python_operator.py took 0.067 seconds
[2025-01-22T13:08:25.191+0000] {processor.py:186} INFO - Started process (PID=14211) to work on /usr/local/python/3.12.1/lib/python3.12/site-packages/airflow/example_dags/example_python_operator.py
[2025-01-22T13:08:25.192+0000] {processor.py:914} INFO - Processing file /usr/local/python/3.12.1/lib/python3.12/site-packages/airflow/example_dags/example_python_operator.py for tasks to queue
[2025-01-22T13:08:25.193+0000] {logging_mixin.py:190} INFO - [2025-01-22T13:08:25.193+0000] {dagbag.py:588} INFO - Filling up the DagBag from /usr/local/python/3.12.1/lib/python3.12/site-packages/airflow/example_dags/example_python_operator.py
[2025-01-22T13:08:25.202+0000] {processor.py:925} INFO - DAG(s) 'example_python_operator' retrieved from /usr/local/python/3.12.1/lib/python3.12/site-packages/airflow/example_dags/example_python_operator.py
[2025-01-22T13:08:25.219+0000] {logging_mixin.py:190} INFO - [2025-01-22T13:08:25.219+0000] {dag.py:3239} INFO - Sync 1 DAGs
[2025-01-22T13:08:25.228+0000] {logging_mixin.py:190} INFO - [2025-01-22T13:08:25.228+0000] {dag.py:4180} INFO - Setting next_dagrun for example_python_operator to None, run_after=None
[2025-01-22T13:08:25.242+0000] {processor.py:208} INFO - Processing /usr/local/python/3.12.1/lib/python3.12/site-packages/airflow/example_dags/example_python_operator.py took 0.055 seconds
[2025-01-22T13:09:17.372+0000] {processor.py:186} INFO - Started process (PID=14578) to work on /usr/local/python/3.12.1/lib/python3.12/site-packages/airflow/example_dags/example_python_operator.py
[2025-01-22T13:09:17.373+0000] {processor.py:914} INFO - Processing file /usr/local/python/3.12.1/lib/python3.12/site-packages/airflow/example_dags/example_python_operator.py for tasks to queue
[2025-01-22T13:09:17.374+0000] {logging_mixin.py:190} INFO - [2025-01-22T13:09:17.374+0000] {dagbag.py:588} INFO - Filling up the DagBag from /usr/local/python/3.12.1/lib/python3.12/site-packages/airflow/example_dags/example_python_operator.py
[2025-01-22T13:09:17.383+0000] {processor.py:925} INFO - DAG(s) 'example_python_operator' retrieved from /usr/local/python/3.12.1/lib/python3.12/site-packages/airflow/example_dags/example_python_operator.py
[2025-01-22T13:09:17.396+0000] {logging_mixin.py:190} INFO - [2025-01-22T13:09:17.396+0000] {dag.py:3239} INFO - Sync 1 DAGs
[2025-01-22T13:09:17.405+0000] {logging_mixin.py:190} INFO - [2025-01-22T13:09:17.405+0000] {dag.py:4180} INFO - Setting next_dagrun for example_python_operator to None, run_after=None
[2025-01-22T13:09:17.420+0000] {processor.py:208} INFO - Processing /usr/local/python/3.12.1/lib/python3.12/site-packages/airflow/example_dags/example_python_operator.py took 0.052 seconds
[2025-01-22T13:10:08.751+0000] {processor.py:186} INFO - Started process (PID=15006) to work on /usr/local/python/3.12.1/lib/python3.12/site-packages/airflow/example_dags/example_python_operator.py
[2025-01-22T13:10:08.752+0000] {processor.py:914} INFO - Processing file /usr/local/python/3.12.1/lib/python3.12/site-packages/airflow/example_dags/example_python_operator.py for tasks to queue
[2025-01-22T13:10:08.753+0000] {logging_mixin.py:190} INFO - [2025-01-22T13:10:08.753+0000] {dagbag.py:588} INFO - Filling up the DagBag from /usr/local/python/3.12.1/lib/python3.12/site-packages/airflow/example_dags/example_python_operator.py
[2025-01-22T13:10:08.762+0000] {processor.py:925} INFO - DAG(s) 'example_python_operator' retrieved from /usr/local/python/3.12.1/lib/python3.12/site-packages/airflow/example_dags/example_python_operator.py
[2025-01-22T13:10:08.775+0000] {logging_mixin.py:190} INFO - [2025-01-22T13:10:08.775+0000] {dag.py:3239} INFO - Sync 1 DAGs
[2025-01-22T13:10:08.784+0000] {logging_mixin.py:190} INFO - [2025-01-22T13:10:08.784+0000] {dag.py:4180} INFO - Setting next_dagrun for example_python_operator to None, run_after=None
[2025-01-22T13:10:08.798+0000] {processor.py:208} INFO - Processing /usr/local/python/3.12.1/lib/python3.12/site-packages/airflow/example_dags/example_python_operator.py took 0.051 seconds
[2025-01-22T13:10:57.388+0000] {processor.py:186} INFO - Started process (PID=15408) to work on /usr/local/python/3.12.1/lib/python3.12/site-packages/airflow/example_dags/example_python_operator.py
[2025-01-22T13:10:57.389+0000] {processor.py:914} INFO - Processing file /usr/local/python/3.12.1/lib/python3.12/site-packages/airflow/example_dags/example_python_operator.py for tasks to queue
[2025-01-22T13:10:57.390+0000] {logging_mixin.py:190} INFO - [2025-01-22T13:10:57.390+0000] {dagbag.py:588} INFO - Filling up the DagBag from /usr/local/python/3.12.1/lib/python3.12/site-packages/airflow/example_dags/example_python_operator.py
[2025-01-22T13:10:57.399+0000] {processor.py:925} INFO - DAG(s) 'example_python_operator' retrieved from /usr/local/python/3.12.1/lib/python3.12/site-packages/airflow/example_dags/example_python_operator.py
[2025-01-22T13:10:57.411+0000] {logging_mixin.py:190} INFO - [2025-01-22T13:10:57.411+0000] {dag.py:3239} INFO - Sync 1 DAGs
[2025-01-22T13:10:57.421+0000] {logging_mixin.py:190} INFO - [2025-01-22T13:10:57.420+0000] {dag.py:4180} INFO - Setting next_dagrun for example_python_operator to None, run_after=None
[2025-01-22T13:10:57.434+0000] {processor.py:208} INFO - Processing /usr/local/python/3.12.1/lib/python3.12/site-packages/airflow/example_dags/example_python_operator.py took 0.050 seconds
[2025-01-22T13:11:47.552+0000] {processor.py:186} INFO - Started process (PID=15803) to work on /usr/local/python/3.12.1/lib/python3.12/site-packages/airflow/example_dags/example_python_operator.py
[2025-01-22T13:11:47.552+0000] {processor.py:914} INFO - Processing file /usr/local/python/3.12.1/lib/python3.12/site-packages/airflow/example_dags/example_python_operator.py for tasks to queue
[2025-01-22T13:11:47.554+0000] {logging_mixin.py:190} INFO - [2025-01-22T13:11:47.554+0000] {dagbag.py:588} INFO - Filling up the DagBag from /usr/local/python/3.12.1/lib/python3.12/site-packages/airflow/example_dags/example_python_operator.py
[2025-01-22T13:11:47.563+0000] {processor.py:925} INFO - DAG(s) 'example_python_operator' retrieved from /usr/local/python/3.12.1/lib/python3.12/site-packages/airflow/example_dags/example_python_operator.py
[2025-01-22T13:11:47.575+0000] {logging_mixin.py:190} INFO - [2025-01-22T13:11:47.575+0000] {dag.py:3239} INFO - Sync 1 DAGs
[2025-01-22T13:11:47.584+0000] {logging_mixin.py:190} INFO - [2025-01-22T13:11:47.584+0000] {dag.py:4180} INFO - Setting next_dagrun for example_python_operator to None, run_after=None
[2025-01-22T13:11:47.598+0000] {processor.py:208} INFO - Processing /usr/local/python/3.12.1/lib/python3.12/site-packages/airflow/example_dags/example_python_operator.py took 0.050 seconds
[2025-01-22T13:12:38.861+0000] {processor.py:186} INFO - Started process (PID=16306) to work on /usr/local/python/3.12.1/lib/python3.12/site-packages/airflow/example_dags/example_python_operator.py
[2025-01-22T13:12:38.862+0000] {processor.py:914} INFO - Processing file /usr/local/python/3.12.1/lib/python3.12/site-packages/airflow/example_dags/example_python_operator.py for tasks to queue
[2025-01-22T13:12:38.863+0000] {logging_mixin.py:190} INFO - [2025-01-22T13:12:38.863+0000] {dagbag.py:588} INFO - Filling up the DagBag from /usr/local/python/3.12.1/lib/python3.12/site-packages/airflow/example_dags/example_python_operator.py
[2025-01-22T13:12:38.872+0000] {processor.py:925} INFO - DAG(s) 'example_python_operator' retrieved from /usr/local/python/3.12.1/lib/python3.12/site-packages/airflow/example_dags/example_python_operator.py
[2025-01-22T13:12:38.884+0000] {logging_mixin.py:190} INFO - [2025-01-22T13:12:38.884+0000] {dag.py:3239} INFO - Sync 1 DAGs
[2025-01-22T13:12:38.893+0000] {logging_mixin.py:190} INFO - [2025-01-22T13:12:38.893+0000] {dag.py:4180} INFO - Setting next_dagrun for example_python_operator to None, run_after=None
[2025-01-22T13:12:38.921+0000] {processor.py:208} INFO - Processing /usr/local/python/3.12.1/lib/python3.12/site-packages/airflow/example_dags/example_python_operator.py took 0.065 seconds
[2025-01-22T13:13:29.788+0000] {processor.py:186} INFO - Started process (PID=16728) to work on /usr/local/python/3.12.1/lib/python3.12/site-packages/airflow/example_dags/example_python_operator.py
[2025-01-22T13:13:29.789+0000] {processor.py:914} INFO - Processing file /usr/local/python/3.12.1/lib/python3.12/site-packages/airflow/example_dags/example_python_operator.py for tasks to queue
[2025-01-22T13:13:29.790+0000] {logging_mixin.py:190} INFO - [2025-01-22T13:13:29.790+0000] {dagbag.py:588} INFO - Filling up the DagBag from /usr/local/python/3.12.1/lib/python3.12/site-packages/airflow/example_dags/example_python_operator.py
[2025-01-22T13:13:29.799+0000] {processor.py:925} INFO - DAG(s) 'example_python_operator' retrieved from /usr/local/python/3.12.1/lib/python3.12/site-packages/airflow/example_dags/example_python_operator.py
[2025-01-22T13:13:29.815+0000] {logging_mixin.py:190} INFO - [2025-01-22T13:13:29.815+0000] {dag.py:3239} INFO - Sync 1 DAGs
[2025-01-22T13:13:29.829+0000] {logging_mixin.py:190} INFO - [2025-01-22T13:13:29.829+0000] {dag.py:4180} INFO - Setting next_dagrun for example_python_operator to None, run_after=None
[2025-01-22T13:13:29.845+0000] {processor.py:208} INFO - Processing /usr/local/python/3.12.1/lib/python3.12/site-packages/airflow/example_dags/example_python_operator.py took 0.061 seconds
[2025-01-22T13:14:22.585+0000] {processor.py:186} INFO - Started process (PID=17163) to work on /usr/local/python/3.12.1/lib/python3.12/site-packages/airflow/example_dags/example_python_operator.py
[2025-01-22T13:14:22.586+0000] {processor.py:914} INFO - Processing file /usr/local/python/3.12.1/lib/python3.12/site-packages/airflow/example_dags/example_python_operator.py for tasks to queue
[2025-01-22T13:14:22.588+0000] {logging_mixin.py:190} INFO - [2025-01-22T13:14:22.587+0000] {dagbag.py:588} INFO - Filling up the DagBag from /usr/local/python/3.12.1/lib/python3.12/site-packages/airflow/example_dags/example_python_operator.py
[2025-01-22T13:14:22.598+0000] {processor.py:925} INFO - DAG(s) 'example_python_operator' retrieved from /usr/local/python/3.12.1/lib/python3.12/site-packages/airflow/example_dags/example_python_operator.py
[2025-01-22T13:14:22.610+0000] {logging_mixin.py:190} INFO - [2025-01-22T13:14:22.610+0000] {dag.py:3239} INFO - Sync 1 DAGs
[2025-01-22T13:14:22.619+0000] {logging_mixin.py:190} INFO - [2025-01-22T13:14:22.619+0000] {dag.py:4180} INFO - Setting next_dagrun for example_python_operator to None, run_after=None
[2025-01-22T13:14:22.633+0000] {processor.py:208} INFO - Processing /usr/local/python/3.12.1/lib/python3.12/site-packages/airflow/example_dags/example_python_operator.py took 0.054 seconds
[2025-01-22T13:15:14.359+0000] {processor.py:186} INFO - Started process (PID=17527) to work on /usr/local/python/3.12.1/lib/python3.12/site-packages/airflow/example_dags/example_python_operator.py
[2025-01-22T13:15:14.360+0000] {processor.py:914} INFO - Processing file /usr/local/python/3.12.1/lib/python3.12/site-packages/airflow/example_dags/example_python_operator.py for tasks to queue
[2025-01-22T13:15:14.362+0000] {logging_mixin.py:190} INFO - [2025-01-22T13:15:14.361+0000] {dagbag.py:588} INFO - Filling up the DagBag from /usr/local/python/3.12.1/lib/python3.12/site-packages/airflow/example_dags/example_python_operator.py
[2025-01-22T13:15:14.371+0000] {processor.py:925} INFO - DAG(s) 'example_python_operator' retrieved from /usr/local/python/3.12.1/lib/python3.12/site-packages/airflow/example_dags/example_python_operator.py
[2025-01-22T13:15:14.383+0000] {logging_mixin.py:190} INFO - [2025-01-22T13:15:14.383+0000] {dag.py:3239} INFO - Sync 1 DAGs
[2025-01-22T13:15:14.393+0000] {logging_mixin.py:190} INFO - [2025-01-22T13:15:14.393+0000] {dag.py:4180} INFO - Setting next_dagrun for example_python_operator to None, run_after=None
[2025-01-22T13:15:14.408+0000] {processor.py:208} INFO - Processing /usr/local/python/3.12.1/lib/python3.12/site-packages/airflow/example_dags/example_python_operator.py took 0.052 seconds
[2025-01-22T13:16:02.935+0000] {processor.py:186} INFO - Started process (PID=17940) to work on /usr/local/python/3.12.1/lib/python3.12/site-packages/airflow/example_dags/example_python_operator.py
[2025-01-22T13:16:02.935+0000] {processor.py:914} INFO - Processing file /usr/local/python/3.12.1/lib/python3.12/site-packages/airflow/example_dags/example_python_operator.py for tasks to queue
[2025-01-22T13:16:02.937+0000] {logging_mixin.py:190} INFO - [2025-01-22T13:16:02.937+0000] {dagbag.py:588} INFO - Filling up the DagBag from /usr/local/python/3.12.1/lib/python3.12/site-packages/airflow/example_dags/example_python_operator.py
[2025-01-22T13:16:02.946+0000] {processor.py:925} INFO - DAG(s) 'example_python_operator' retrieved from /usr/local/python/3.12.1/lib/python3.12/site-packages/airflow/example_dags/example_python_operator.py
[2025-01-22T13:16:02.959+0000] {logging_mixin.py:190} INFO - [2025-01-22T13:16:02.959+0000] {dag.py:3239} INFO - Sync 1 DAGs
[2025-01-22T13:16:02.969+0000] {logging_mixin.py:190} INFO - [2025-01-22T13:16:02.969+0000] {dag.py:4180} INFO - Setting next_dagrun for example_python_operator to None, run_after=None
[2025-01-22T13:16:02.984+0000] {processor.py:208} INFO - Processing /usr/local/python/3.12.1/lib/python3.12/site-packages/airflow/example_dags/example_python_operator.py took 0.053 seconds
[2025-01-22T13:16:55.667+0000] {processor.py:186} INFO - Started process (PID=18369) to work on /usr/local/python/3.12.1/lib/python3.12/site-packages/airflow/example_dags/example_python_operator.py
[2025-01-22T13:16:55.668+0000] {processor.py:914} INFO - Processing file /usr/local/python/3.12.1/lib/python3.12/site-packages/airflow/example_dags/example_python_operator.py for tasks to queue
[2025-01-22T13:16:55.669+0000] {logging_mixin.py:190} INFO - [2025-01-22T13:16:55.669+0000] {dagbag.py:588} INFO - Filling up the DagBag from /usr/local/python/3.12.1/lib/python3.12/site-packages/airflow/example_dags/example_python_operator.py
[2025-01-22T13:16:55.678+0000] {processor.py:925} INFO - DAG(s) 'example_python_operator' retrieved from /usr/local/python/3.12.1/lib/python3.12/site-packages/airflow/example_dags/example_python_operator.py
[2025-01-22T13:16:55.691+0000] {logging_mixin.py:190} INFO - [2025-01-22T13:16:55.691+0000] {dag.py:3239} INFO - Sync 1 DAGs
[2025-01-22T13:16:55.701+0000] {logging_mixin.py:190} INFO - [2025-01-22T13:16:55.701+0000] {dag.py:4180} INFO - Setting next_dagrun for example_python_operator to None, run_after=None
[2025-01-22T13:16:55.716+0000] {processor.py:208} INFO - Processing /usr/local/python/3.12.1/lib/python3.12/site-packages/airflow/example_dags/example_python_operator.py took 0.052 seconds
[2025-01-22T13:17:47.636+0000] {processor.py:186} INFO - Started process (PID=18866) to work on /usr/local/python/3.12.1/lib/python3.12/site-packages/airflow/example_dags/example_python_operator.py
[2025-01-22T13:17:47.636+0000] {processor.py:914} INFO - Processing file /usr/local/python/3.12.1/lib/python3.12/site-packages/airflow/example_dags/example_python_operator.py for tasks to queue
[2025-01-22T13:17:47.638+0000] {logging_mixin.py:190} INFO - [2025-01-22T13:17:47.638+0000] {dagbag.py:588} INFO - Filling up the DagBag from /usr/local/python/3.12.1/lib/python3.12/site-packages/airflow/example_dags/example_python_operator.py
[2025-01-22T13:17:47.650+0000] {processor.py:925} INFO - DAG(s) 'example_python_operator' retrieved from /usr/local/python/3.12.1/lib/python3.12/site-packages/airflow/example_dags/example_python_operator.py
[2025-01-22T13:17:47.662+0000] {logging_mixin.py:190} INFO - [2025-01-22T13:17:47.662+0000] {dag.py:3239} INFO - Sync 1 DAGs
[2025-01-22T13:17:47.671+0000] {logging_mixin.py:190} INFO - [2025-01-22T13:17:47.671+0000] {dag.py:4180} INFO - Setting next_dagrun for example_python_operator to None, run_after=None
[2025-01-22T13:17:47.687+0000] {processor.py:208} INFO - Processing /usr/local/python/3.12.1/lib/python3.12/site-packages/airflow/example_dags/example_python_operator.py took 0.057 seconds
[2025-01-22T13:18:37.107+0000] {processor.py:186} INFO - Started process (PID=19340) to work on /usr/local/python/3.12.1/lib/python3.12/site-packages/airflow/example_dags/example_python_operator.py
[2025-01-22T13:18:37.108+0000] {processor.py:914} INFO - Processing file /usr/local/python/3.12.1/lib/python3.12/site-packages/airflow/example_dags/example_python_operator.py for tasks to queue
[2025-01-22T13:18:37.110+0000] {logging_mixin.py:190} INFO - [2025-01-22T13:18:37.109+0000] {dagbag.py:588} INFO - Filling up the DagBag from /usr/local/python/3.12.1/lib/python3.12/site-packages/airflow/example_dags/example_python_operator.py
[2025-01-22T13:18:37.119+0000] {processor.py:925} INFO - DAG(s) 'example_python_operator' retrieved from /usr/local/python/3.12.1/lib/python3.12/site-packages/airflow/example_dags/example_python_operator.py
[2025-01-22T13:18:37.132+0000] {logging_mixin.py:190} INFO - [2025-01-22T13:18:37.132+0000] {dag.py:3239} INFO - Sync 1 DAGs
[2025-01-22T13:18:37.142+0000] {logging_mixin.py:190} INFO - [2025-01-22T13:18:37.141+0000] {dag.py:4180} INFO - Setting next_dagrun for example_python_operator to None, run_after=None
[2025-01-22T13:18:37.156+0000] {processor.py:208} INFO - Processing /usr/local/python/3.12.1/lib/python3.12/site-packages/airflow/example_dags/example_python_operator.py took 0.053 seconds
[2025-01-22T13:19:25.208+0000] {processor.py:186} INFO - Started process (PID=20216) to work on /usr/local/python/3.12.1/lib/python3.12/site-packages/airflow/example_dags/example_python_operator.py
[2025-01-22T13:19:25.209+0000] {processor.py:914} INFO - Processing file /usr/local/python/3.12.1/lib/python3.12/site-packages/airflow/example_dags/example_python_operator.py for tasks to queue
[2025-01-22T13:19:25.211+0000] {logging_mixin.py:190} INFO - [2025-01-22T13:19:25.210+0000] {dagbag.py:588} INFO - Filling up the DagBag from /usr/local/python/3.12.1/lib/python3.12/site-packages/airflow/example_dags/example_python_operator.py
[2025-01-22T13:19:25.220+0000] {processor.py:925} INFO - DAG(s) 'example_python_operator' retrieved from /usr/local/python/3.12.1/lib/python3.12/site-packages/airflow/example_dags/example_python_operator.py
[2025-01-22T13:19:25.233+0000] {logging_mixin.py:190} INFO - [2025-01-22T13:19:25.233+0000] {dag.py:3239} INFO - Sync 1 DAGs
[2025-01-22T13:19:25.244+0000] {logging_mixin.py:190} INFO - [2025-01-22T13:19:25.244+0000] {dag.py:4180} INFO - Setting next_dagrun for example_python_operator to None, run_after=None
[2025-01-22T13:19:25.262+0000] {processor.py:208} INFO - Processing /usr/local/python/3.12.1/lib/python3.12/site-packages/airflow/example_dags/example_python_operator.py took 0.058 seconds
[2025-01-22T13:20:15.889+0000] {processor.py:186} INFO - Started process (PID=21139) to work on /usr/local/python/3.12.1/lib/python3.12/site-packages/airflow/example_dags/example_python_operator.py
[2025-01-22T13:20:15.889+0000] {processor.py:914} INFO - Processing file /usr/local/python/3.12.1/lib/python3.12/site-packages/airflow/example_dags/example_python_operator.py for tasks to queue
[2025-01-22T13:20:15.891+0000] {logging_mixin.py:190} INFO - [2025-01-22T13:20:15.891+0000] {dagbag.py:588} INFO - Filling up the DagBag from /usr/local/python/3.12.1/lib/python3.12/site-packages/airflow/example_dags/example_python_operator.py
[2025-01-22T13:20:15.904+0000] {processor.py:925} INFO - DAG(s) 'example_python_operator' retrieved from /usr/local/python/3.12.1/lib/python3.12/site-packages/airflow/example_dags/example_python_operator.py
[2025-01-22T13:20:15.916+0000] {logging_mixin.py:190} INFO - [2025-01-22T13:20:15.916+0000] {dag.py:3239} INFO - Sync 1 DAGs
[2025-01-22T13:20:15.925+0000] {logging_mixin.py:190} INFO - [2025-01-22T13:20:15.925+0000] {dag.py:4180} INFO - Setting next_dagrun for example_python_operator to None, run_after=None
[2025-01-22T13:20:15.941+0000] {processor.py:208} INFO - Processing /usr/local/python/3.12.1/lib/python3.12/site-packages/airflow/example_dags/example_python_operator.py took 0.057 seconds
[2025-01-22T13:21:04.209+0000] {processor.py:186} INFO - Started process (PID=21634) to work on /usr/local/python/3.12.1/lib/python3.12/site-packages/airflow/example_dags/example_python_operator.py
[2025-01-22T13:21:04.210+0000] {processor.py:914} INFO - Processing file /usr/local/python/3.12.1/lib/python3.12/site-packages/airflow/example_dags/example_python_operator.py for tasks to queue
[2025-01-22T13:21:04.211+0000] {logging_mixin.py:190} INFO - [2025-01-22T13:21:04.211+0000] {dagbag.py:588} INFO - Filling up the DagBag from /usr/local/python/3.12.1/lib/python3.12/site-packages/airflow/example_dags/example_python_operator.py
[2025-01-22T13:21:04.220+0000] {processor.py:925} INFO - DAG(s) 'example_python_operator' retrieved from /usr/local/python/3.12.1/lib/python3.12/site-packages/airflow/example_dags/example_python_operator.py
[2025-01-22T13:21:04.233+0000] {logging_mixin.py:190} INFO - [2025-01-22T13:21:04.232+0000] {dag.py:3239} INFO - Sync 1 DAGs
[2025-01-22T13:21:04.242+0000] {logging_mixin.py:190} INFO - [2025-01-22T13:21:04.242+0000] {dag.py:4180} INFO - Setting next_dagrun for example_python_operator to None, run_after=None
[2025-01-22T13:21:04.256+0000] {processor.py:208} INFO - Processing /usr/local/python/3.12.1/lib/python3.12/site-packages/airflow/example_dags/example_python_operator.py took 0.051 seconds
