[2025-01-22T12:52:39.778+0000] {processor.py:186} INFO - Started process (PID=5387) to work on /usr/local/python/3.12.1/lib/python3.12/site-packages/airflow/example_dags/example_subdag_operator.py
[2025-01-22T12:52:39.778+0000] {processor.py:914} INFO - Processing file /usr/local/python/3.12.1/lib/python3.12/site-packages/airflow/example_dags/example_subdag_operator.py for tasks to queue
[2025-01-22T12:52:39.780+0000] {logging_mixin.py:190} INFO - [2025-01-22T12:52:39.780+0000] {dagbag.py:588} INFO - Filling up the DagBag from /usr/local/python/3.12.1/lib/python3.12/site-packages/airflow/example_dags/example_subdag_operator.py
[2025-01-22T12:52:39.796+0000] {processor.py:925} INFO - DAG(s) 'example_subdag_operator.section-1', 'example_subdag_operator.section-2', 'example_subdag_operator' retrieved from /usr/local/python/3.12.1/lib/python3.12/site-packages/airflow/example_dags/example_subdag_operator.py
[2025-01-22T12:52:39.870+0000] {logging_mixin.py:190} INFO - [2025-01-22T12:52:39.870+0000] {override.py:1911} INFO - Created Permission View: can delete on DAG:example_subdag_operator
[2025-01-22T12:52:39.877+0000] {logging_mixin.py:190} INFO - [2025-01-22T12:52:39.877+0000] {override.py:1911} INFO - Created Permission View: can edit on DAG:example_subdag_operator
[2025-01-22T12:52:39.883+0000] {logging_mixin.py:190} INFO - [2025-01-22T12:52:39.882+0000] {override.py:1911} INFO - Created Permission View: can read on DAG:example_subdag_operator
[2025-01-22T12:52:39.890+0000] {logging_mixin.py:190} INFO - [2025-01-22T12:52:39.889+0000] {override.py:1911} INFO - Created Permission View: can create on DAG Run:example_subdag_operator
[2025-01-22T12:52:39.894+0000] {logging_mixin.py:190} INFO - [2025-01-22T12:52:39.894+0000] {override.py:1911} INFO - Created Permission View: can read on DAG Run:example_subdag_operator
[2025-01-22T12:52:39.899+0000] {logging_mixin.py:190} INFO - [2025-01-22T12:52:39.899+0000] {override.py:1911} INFO - Created Permission View: menu access on DAG Run:example_subdag_operator
[2025-01-22T12:52:39.904+0000] {logging_mixin.py:190} INFO - [2025-01-22T12:52:39.904+0000] {override.py:1911} INFO - Created Permission View: can delete on DAG Run:example_subdag_operator
[2025-01-22T12:52:39.904+0000] {logging_mixin.py:190} INFO - [2025-01-22T12:52:39.904+0000] {dag.py:3239} INFO - Sync 3 DAGs
[2025-01-22T12:52:39.912+0000] {logging_mixin.py:190} INFO - [2025-01-22T12:52:39.912+0000] {dag.py:3262} INFO - Creating ORM DAG for example_subdag_operator.section-1
[2025-01-22T12:52:39.913+0000] {logging_mixin.py:190} INFO - [2025-01-22T12:52:39.912+0000] {dag.py:3262} INFO - Creating ORM DAG for example_subdag_operator
[2025-01-22T12:52:39.913+0000] {logging_mixin.py:190} INFO - [2025-01-22T12:52:39.913+0000] {dag.py:3262} INFO - Creating ORM DAG for example_subdag_operator.section-2
[2025-01-22T12:52:39.920+0000] {logging_mixin.py:190} INFO - [2025-01-22T12:52:39.920+0000] {dag.py:4180} INFO - Setting next_dagrun for example_subdag_operator to 2022-01-01 00:00:00+00:00, run_after=2022-01-01 00:00:00+00:00
[2025-01-22T12:52:39.920+0000] {logging_mixin.py:190} INFO - [2025-01-22T12:52:39.920+0000] {dag.py:4180} INFO - Setting next_dagrun for example_subdag_operator.section-1 to None, run_after=None
[2025-01-22T12:52:39.920+0000] {logging_mixin.py:190} INFO - [2025-01-22T12:52:39.920+0000] {dag.py:4180} INFO - Setting next_dagrun for example_subdag_operator.section-2 to None, run_after=None
[2025-01-22T12:52:39.925+0000] {logging_mixin.py:190} INFO - [2025-01-22T12:52:39.925+0000] {dag.py:3239} INFO - Sync 2 DAGs
[2025-01-22T12:52:39.928+0000] {logging_mixin.py:190} INFO - [2025-01-22T12:52:39.928+0000] {dag.py:4180} INFO - Setting next_dagrun for example_subdag_operator.section-1 to None, run_after=None
[2025-01-22T12:52:39.930+0000] {logging_mixin.py:190} INFO - [2025-01-22T12:52:39.930+0000] {dag.py:4180} INFO - Setting next_dagrun for example_subdag_operator.section-2 to None, run_after=None
[2025-01-22T12:52:39.940+0000] {processor.py:208} INFO - Processing /usr/local/python/3.12.1/lib/python3.12/site-packages/airflow/example_dags/example_subdag_operator.py took 0.166 seconds
[2025-01-22T12:53:40.530+0000] {processor.py:186} INFO - Started process (PID=6319) to work on /usr/local/python/3.12.1/lib/python3.12/site-packages/airflow/example_dags/example_subdag_operator.py
[2025-01-22T12:53:40.530+0000] {processor.py:914} INFO - Processing file /usr/local/python/3.12.1/lib/python3.12/site-packages/airflow/example_dags/example_subdag_operator.py for tasks to queue
[2025-01-22T12:53:40.532+0000] {logging_mixin.py:190} INFO - [2025-01-22T12:53:40.532+0000] {dagbag.py:588} INFO - Filling up the DagBag from /usr/local/python/3.12.1/lib/python3.12/site-packages/airflow/example_dags/example_subdag_operator.py
[2025-01-22T12:53:40.548+0000] {processor.py:925} INFO - DAG(s) 'example_subdag_operator.section-1', 'example_subdag_operator.section-2', 'example_subdag_operator' retrieved from /usr/local/python/3.12.1/lib/python3.12/site-packages/airflow/example_dags/example_subdag_operator.py
[2025-01-22T12:53:40.558+0000] {logging_mixin.py:190} INFO - [2025-01-22T12:53:40.558+0000] {dag.py:3239} INFO - Sync 3 DAGs
[2025-01-22T12:53:40.572+0000] {logging_mixin.py:190} INFO - [2025-01-22T12:53:40.572+0000] {dag.py:4180} INFO - Setting next_dagrun for example_subdag_operator to 2022-01-01 00:00:00+00:00, run_after=2022-01-01 00:00:00+00:00
[2025-01-22T12:53:40.574+0000] {logging_mixin.py:190} INFO - [2025-01-22T12:53:40.574+0000] {dag.py:4180} INFO - Setting next_dagrun for example_subdag_operator.section-1 to None, run_after=None
[2025-01-22T12:53:40.575+0000] {logging_mixin.py:190} INFO - [2025-01-22T12:53:40.575+0000] {dag.py:4180} INFO - Setting next_dagrun for example_subdag_operator.section-2 to None, run_after=None
[2025-01-22T12:53:40.579+0000] {logging_mixin.py:190} INFO - [2025-01-22T12:53:40.579+0000] {dag.py:3239} INFO - Sync 2 DAGs
[2025-01-22T12:53:40.582+0000] {logging_mixin.py:190} INFO - [2025-01-22T12:53:40.582+0000] {dag.py:4180} INFO - Setting next_dagrun for example_subdag_operator.section-1 to None, run_after=None
[2025-01-22T12:53:40.582+0000] {logging_mixin.py:190} INFO - [2025-01-22T12:53:40.582+0000] {dag.py:4180} INFO - Setting next_dagrun for example_subdag_operator.section-2 to None, run_after=None
[2025-01-22T12:53:40.591+0000] {processor.py:208} INFO - Processing /usr/local/python/3.12.1/lib/python3.12/site-packages/airflow/example_dags/example_subdag_operator.py took 0.065 seconds
[2025-01-22T12:54:33.656+0000] {processor.py:186} INFO - Started process (PID=7025) to work on /usr/local/python/3.12.1/lib/python3.12/site-packages/airflow/example_dags/example_subdag_operator.py
[2025-01-22T12:54:33.657+0000] {processor.py:914} INFO - Processing file /usr/local/python/3.12.1/lib/python3.12/site-packages/airflow/example_dags/example_subdag_operator.py for tasks to queue
[2025-01-22T12:54:33.659+0000] {logging_mixin.py:190} INFO - [2025-01-22T12:54:33.658+0000] {dagbag.py:588} INFO - Filling up the DagBag from /usr/local/python/3.12.1/lib/python3.12/site-packages/airflow/example_dags/example_subdag_operator.py
[2025-01-22T12:54:33.674+0000] {processor.py:925} INFO - DAG(s) 'example_subdag_operator.section-1', 'example_subdag_operator.section-2', 'example_subdag_operator' retrieved from /usr/local/python/3.12.1/lib/python3.12/site-packages/airflow/example_dags/example_subdag_operator.py
[2025-01-22T12:54:33.685+0000] {logging_mixin.py:190} INFO - [2025-01-22T12:54:33.685+0000] {dag.py:3239} INFO - Sync 3 DAGs
[2025-01-22T12:54:33.699+0000] {logging_mixin.py:190} INFO - [2025-01-22T12:54:33.699+0000] {dag.py:4180} INFO - Setting next_dagrun for example_subdag_operator to 2022-01-01 00:00:00+00:00, run_after=2022-01-01 00:00:00+00:00
[2025-01-22T12:54:33.702+0000] {logging_mixin.py:190} INFO - [2025-01-22T12:54:33.701+0000] {dag.py:4180} INFO - Setting next_dagrun for example_subdag_operator.section-1 to None, run_after=None
[2025-01-22T12:54:33.702+0000] {logging_mixin.py:190} INFO - [2025-01-22T12:54:33.702+0000] {dag.py:4180} INFO - Setting next_dagrun for example_subdag_operator.section-2 to None, run_after=None
[2025-01-22T12:54:33.707+0000] {logging_mixin.py:190} INFO - [2025-01-22T12:54:33.706+0000] {dag.py:3239} INFO - Sync 2 DAGs
[2025-01-22T12:54:33.709+0000] {logging_mixin.py:190} INFO - [2025-01-22T12:54:33.709+0000] {dag.py:4180} INFO - Setting next_dagrun for example_subdag_operator.section-1 to None, run_after=None
[2025-01-22T12:54:33.710+0000] {logging_mixin.py:190} INFO - [2025-01-22T12:54:33.709+0000] {dag.py:4180} INFO - Setting next_dagrun for example_subdag_operator.section-2 to None, run_after=None
[2025-01-22T12:54:33.719+0000] {processor.py:208} INFO - Processing /usr/local/python/3.12.1/lib/python3.12/site-packages/airflow/example_dags/example_subdag_operator.py took 0.066 seconds
[2025-01-22T12:55:24.361+0000] {processor.py:186} INFO - Started process (PID=7442) to work on /usr/local/python/3.12.1/lib/python3.12/site-packages/airflow/example_dags/example_subdag_operator.py
[2025-01-22T12:55:24.362+0000] {processor.py:914} INFO - Processing file /usr/local/python/3.12.1/lib/python3.12/site-packages/airflow/example_dags/example_subdag_operator.py for tasks to queue
[2025-01-22T12:55:24.363+0000] {logging_mixin.py:190} INFO - [2025-01-22T12:55:24.363+0000] {dagbag.py:588} INFO - Filling up the DagBag from /usr/local/python/3.12.1/lib/python3.12/site-packages/airflow/example_dags/example_subdag_operator.py
[2025-01-22T12:55:24.380+0000] {processor.py:925} INFO - DAG(s) 'example_subdag_operator.section-1', 'example_subdag_operator.section-2', 'example_subdag_operator' retrieved from /usr/local/python/3.12.1/lib/python3.12/site-packages/airflow/example_dags/example_subdag_operator.py
[2025-01-22T12:55:24.390+0000] {logging_mixin.py:190} INFO - [2025-01-22T12:55:24.390+0000] {dag.py:3239} INFO - Sync 3 DAGs
[2025-01-22T12:55:24.405+0000] {logging_mixin.py:190} INFO - [2025-01-22T12:55:24.404+0000] {dag.py:4180} INFO - Setting next_dagrun for example_subdag_operator to 2022-01-01 00:00:00+00:00, run_after=2022-01-01 00:00:00+00:00
[2025-01-22T12:55:24.407+0000] {logging_mixin.py:190} INFO - [2025-01-22T12:55:24.407+0000] {dag.py:4180} INFO - Setting next_dagrun for example_subdag_operator.section-1 to None, run_after=None
[2025-01-22T12:55:24.408+0000] {logging_mixin.py:190} INFO - [2025-01-22T12:55:24.408+0000] {dag.py:4180} INFO - Setting next_dagrun for example_subdag_operator.section-2 to None, run_after=None
[2025-01-22T12:55:24.412+0000] {logging_mixin.py:190} INFO - [2025-01-22T12:55:24.412+0000] {dag.py:3239} INFO - Sync 2 DAGs
[2025-01-22T12:55:24.415+0000] {logging_mixin.py:190} INFO - [2025-01-22T12:55:24.415+0000] {dag.py:4180} INFO - Setting next_dagrun for example_subdag_operator.section-1 to None, run_after=None
[2025-01-22T12:55:24.415+0000] {logging_mixin.py:190} INFO - [2025-01-22T12:55:24.415+0000] {dag.py:4180} INFO - Setting next_dagrun for example_subdag_operator.section-2 to None, run_after=None
[2025-01-22T12:55:24.424+0000] {processor.py:208} INFO - Processing /usr/local/python/3.12.1/lib/python3.12/site-packages/airflow/example_dags/example_subdag_operator.py took 0.067 seconds
[2025-01-22T12:56:18.383+0000] {processor.py:186} INFO - Started process (PID=7875) to work on /usr/local/python/3.12.1/lib/python3.12/site-packages/airflow/example_dags/example_subdag_operator.py
[2025-01-22T12:56:18.384+0000] {processor.py:914} INFO - Processing file /usr/local/python/3.12.1/lib/python3.12/site-packages/airflow/example_dags/example_subdag_operator.py for tasks to queue
[2025-01-22T12:56:18.386+0000] {logging_mixin.py:190} INFO - [2025-01-22T12:56:18.385+0000] {dagbag.py:588} INFO - Filling up the DagBag from /usr/local/python/3.12.1/lib/python3.12/site-packages/airflow/example_dags/example_subdag_operator.py
[2025-01-22T12:56:18.401+0000] {processor.py:925} INFO - DAG(s) 'example_subdag_operator.section-1', 'example_subdag_operator.section-2', 'example_subdag_operator' retrieved from /usr/local/python/3.12.1/lib/python3.12/site-packages/airflow/example_dags/example_subdag_operator.py
[2025-01-22T12:56:18.412+0000] {logging_mixin.py:190} INFO - [2025-01-22T12:56:18.411+0000] {dag.py:3239} INFO - Sync 3 DAGs
[2025-01-22T12:56:18.426+0000] {logging_mixin.py:190} INFO - [2025-01-22T12:56:18.425+0000] {dag.py:4180} INFO - Setting next_dagrun for example_subdag_operator to 2022-01-01 00:00:00+00:00, run_after=2022-01-01 00:00:00+00:00
[2025-01-22T12:56:18.429+0000] {logging_mixin.py:190} INFO - [2025-01-22T12:56:18.429+0000] {dag.py:4180} INFO - Setting next_dagrun for example_subdag_operator.section-1 to None, run_after=None
[2025-01-22T12:56:18.429+0000] {logging_mixin.py:190} INFO - [2025-01-22T12:56:18.429+0000] {dag.py:4180} INFO - Setting next_dagrun for example_subdag_operator.section-2 to None, run_after=None
[2025-01-22T12:56:18.434+0000] {logging_mixin.py:190} INFO - [2025-01-22T12:56:18.433+0000] {dag.py:3239} INFO - Sync 2 DAGs
[2025-01-22T12:56:18.436+0000] {logging_mixin.py:190} INFO - [2025-01-22T12:56:18.436+0000] {dag.py:4180} INFO - Setting next_dagrun for example_subdag_operator.section-1 to None, run_after=None
[2025-01-22T12:56:18.437+0000] {logging_mixin.py:190} INFO - [2025-01-22T12:56:18.436+0000] {dag.py:4180} INFO - Setting next_dagrun for example_subdag_operator.section-2 to None, run_after=None
[2025-01-22T12:56:18.445+0000] {processor.py:208} INFO - Processing /usr/local/python/3.12.1/lib/python3.12/site-packages/airflow/example_dags/example_subdag_operator.py took 0.065 seconds
[2025-01-22T12:57:09.820+0000] {processor.py:186} INFO - Started process (PID=8297) to work on /usr/local/python/3.12.1/lib/python3.12/site-packages/airflow/example_dags/example_subdag_operator.py
[2025-01-22T12:57:09.821+0000] {processor.py:914} INFO - Processing file /usr/local/python/3.12.1/lib/python3.12/site-packages/airflow/example_dags/example_subdag_operator.py for tasks to queue
[2025-01-22T12:57:09.823+0000] {logging_mixin.py:190} INFO - [2025-01-22T12:57:09.822+0000] {dagbag.py:588} INFO - Filling up the DagBag from /usr/local/python/3.12.1/lib/python3.12/site-packages/airflow/example_dags/example_subdag_operator.py
[2025-01-22T12:57:09.838+0000] {processor.py:925} INFO - DAG(s) 'example_subdag_operator.section-1', 'example_subdag_operator.section-2', 'example_subdag_operator' retrieved from /usr/local/python/3.12.1/lib/python3.12/site-packages/airflow/example_dags/example_subdag_operator.py
[2025-01-22T12:57:09.849+0000] {logging_mixin.py:190} INFO - [2025-01-22T12:57:09.849+0000] {dag.py:3239} INFO - Sync 3 DAGs
[2025-01-22T12:57:09.862+0000] {logging_mixin.py:190} INFO - [2025-01-22T12:57:09.862+0000] {dag.py:4180} INFO - Setting next_dagrun for example_subdag_operator to 2022-01-01 00:00:00+00:00, run_after=2022-01-01 00:00:00+00:00
[2025-01-22T12:57:09.865+0000] {logging_mixin.py:190} INFO - [2025-01-22T12:57:09.865+0000] {dag.py:4180} INFO - Setting next_dagrun for example_subdag_operator.section-1 to None, run_after=None
[2025-01-22T12:57:09.866+0000] {logging_mixin.py:190} INFO - [2025-01-22T12:57:09.866+0000] {dag.py:4180} INFO - Setting next_dagrun for example_subdag_operator.section-2 to None, run_after=None
[2025-01-22T12:57:09.870+0000] {logging_mixin.py:190} INFO - [2025-01-22T12:57:09.870+0000] {dag.py:3239} INFO - Sync 2 DAGs
[2025-01-22T12:57:09.872+0000] {logging_mixin.py:190} INFO - [2025-01-22T12:57:09.872+0000] {dag.py:4180} INFO - Setting next_dagrun for example_subdag_operator.section-1 to None, run_after=None
[2025-01-22T12:57:09.873+0000] {logging_mixin.py:190} INFO - [2025-01-22T12:57:09.873+0000] {dag.py:4180} INFO - Setting next_dagrun for example_subdag_operator.section-2 to None, run_after=None
[2025-01-22T12:57:09.881+0000] {processor.py:208} INFO - Processing /usr/local/python/3.12.1/lib/python3.12/site-packages/airflow/example_dags/example_subdag_operator.py took 0.065 seconds
[2025-01-22T12:57:58.913+0000] {processor.py:186} INFO - Started process (PID=8773) to work on /usr/local/python/3.12.1/lib/python3.12/site-packages/airflow/example_dags/example_subdag_operator.py
[2025-01-22T12:57:58.913+0000] {processor.py:914} INFO - Processing file /usr/local/python/3.12.1/lib/python3.12/site-packages/airflow/example_dags/example_subdag_operator.py for tasks to queue
[2025-01-22T12:57:58.915+0000] {logging_mixin.py:190} INFO - [2025-01-22T12:57:58.915+0000] {dagbag.py:588} INFO - Filling up the DagBag from /usr/local/python/3.12.1/lib/python3.12/site-packages/airflow/example_dags/example_subdag_operator.py
[2025-01-22T12:57:58.931+0000] {processor.py:925} INFO - DAG(s) 'example_subdag_operator.section-1', 'example_subdag_operator.section-2', 'example_subdag_operator' retrieved from /usr/local/python/3.12.1/lib/python3.12/site-packages/airflow/example_dags/example_subdag_operator.py
[2025-01-22T12:57:58.941+0000] {logging_mixin.py:190} INFO - [2025-01-22T12:57:58.941+0000] {dag.py:3239} INFO - Sync 3 DAGs
[2025-01-22T12:57:58.955+0000] {logging_mixin.py:190} INFO - [2025-01-22T12:57:58.955+0000] {dag.py:4180} INFO - Setting next_dagrun for example_subdag_operator to 2022-01-01 00:00:00+00:00, run_after=2022-01-01 00:00:00+00:00
[2025-01-22T12:57:58.958+0000] {logging_mixin.py:190} INFO - [2025-01-22T12:57:58.958+0000] {dag.py:4180} INFO - Setting next_dagrun for example_subdag_operator.section-1 to None, run_after=None
[2025-01-22T12:57:58.959+0000] {logging_mixin.py:190} INFO - [2025-01-22T12:57:58.959+0000] {dag.py:4180} INFO - Setting next_dagrun for example_subdag_operator.section-2 to None, run_after=None
[2025-01-22T12:57:58.963+0000] {logging_mixin.py:190} INFO - [2025-01-22T12:57:58.963+0000] {dag.py:3239} INFO - Sync 2 DAGs
[2025-01-22T12:57:58.966+0000] {logging_mixin.py:190} INFO - [2025-01-22T12:57:58.965+0000] {dag.py:4180} INFO - Setting next_dagrun for example_subdag_operator.section-1 to None, run_after=None
[2025-01-22T12:57:58.966+0000] {logging_mixin.py:190} INFO - [2025-01-22T12:57:58.966+0000] {dag.py:4180} INFO - Setting next_dagrun for example_subdag_operator.section-2 to None, run_after=None
[2025-01-22T12:57:58.975+0000] {processor.py:208} INFO - Processing /usr/local/python/3.12.1/lib/python3.12/site-packages/airflow/example_dags/example_subdag_operator.py took 0.066 seconds
[2025-01-22T12:58:49.663+0000] {processor.py:186} INFO - Started process (PID=9191) to work on /usr/local/python/3.12.1/lib/python3.12/site-packages/airflow/example_dags/example_subdag_operator.py
[2025-01-22T12:58:49.664+0000] {processor.py:914} INFO - Processing file /usr/local/python/3.12.1/lib/python3.12/site-packages/airflow/example_dags/example_subdag_operator.py for tasks to queue
[2025-01-22T12:58:49.666+0000] {logging_mixin.py:190} INFO - [2025-01-22T12:58:49.665+0000] {dagbag.py:588} INFO - Filling up the DagBag from /usr/local/python/3.12.1/lib/python3.12/site-packages/airflow/example_dags/example_subdag_operator.py
[2025-01-22T12:58:49.681+0000] {processor.py:925} INFO - DAG(s) 'example_subdag_operator.section-1', 'example_subdag_operator.section-2', 'example_subdag_operator' retrieved from /usr/local/python/3.12.1/lib/python3.12/site-packages/airflow/example_dags/example_subdag_operator.py
[2025-01-22T12:58:49.691+0000] {logging_mixin.py:190} INFO - [2025-01-22T12:58:49.691+0000] {dag.py:3239} INFO - Sync 3 DAGs
[2025-01-22T12:58:49.706+0000] {logging_mixin.py:190} INFO - [2025-01-22T12:58:49.705+0000] {dag.py:4180} INFO - Setting next_dagrun for example_subdag_operator to 2022-01-01 00:00:00+00:00, run_after=2022-01-01 00:00:00+00:00
[2025-01-22T12:58:49.708+0000] {logging_mixin.py:190} INFO - [2025-01-22T12:58:49.708+0000] {dag.py:4180} INFO - Setting next_dagrun for example_subdag_operator.section-1 to None, run_after=None
[2025-01-22T12:58:49.709+0000] {logging_mixin.py:190} INFO - [2025-01-22T12:58:49.709+0000] {dag.py:4180} INFO - Setting next_dagrun for example_subdag_operator.section-2 to None, run_after=None
[2025-01-22T12:58:49.713+0000] {logging_mixin.py:190} INFO - [2025-01-22T12:58:49.713+0000] {dag.py:3239} INFO - Sync 2 DAGs
[2025-01-22T12:58:49.715+0000] {logging_mixin.py:190} INFO - [2025-01-22T12:58:49.715+0000] {dag.py:4180} INFO - Setting next_dagrun for example_subdag_operator.section-1 to None, run_after=None
[2025-01-22T12:58:49.716+0000] {logging_mixin.py:190} INFO - [2025-01-22T12:58:49.716+0000] {dag.py:4180} INFO - Setting next_dagrun for example_subdag_operator.section-2 to None, run_after=None
[2025-01-22T12:58:49.724+0000] {processor.py:208} INFO - Processing /usr/local/python/3.12.1/lib/python3.12/site-packages/airflow/example_dags/example_subdag_operator.py took 0.065 seconds
[2025-01-22T12:59:41.004+0000] {processor.py:186} INFO - Started process (PID=9622) to work on /usr/local/python/3.12.1/lib/python3.12/site-packages/airflow/example_dags/example_subdag_operator.py
[2025-01-22T12:59:41.004+0000] {processor.py:914} INFO - Processing file /usr/local/python/3.12.1/lib/python3.12/site-packages/airflow/example_dags/example_subdag_operator.py for tasks to queue
[2025-01-22T12:59:41.006+0000] {logging_mixin.py:190} INFO - [2025-01-22T12:59:41.006+0000] {dagbag.py:588} INFO - Filling up the DagBag from /usr/local/python/3.12.1/lib/python3.12/site-packages/airflow/example_dags/example_subdag_operator.py
[2025-01-22T12:59:41.022+0000] {processor.py:925} INFO - DAG(s) 'example_subdag_operator.section-1', 'example_subdag_operator.section-2', 'example_subdag_operator' retrieved from /usr/local/python/3.12.1/lib/python3.12/site-packages/airflow/example_dags/example_subdag_operator.py
[2025-01-22T12:59:41.032+0000] {logging_mixin.py:190} INFO - [2025-01-22T12:59:41.032+0000] {dag.py:3239} INFO - Sync 3 DAGs
[2025-01-22T12:59:41.046+0000] {logging_mixin.py:190} INFO - [2025-01-22T12:59:41.046+0000] {dag.py:4180} INFO - Setting next_dagrun for example_subdag_operator to 2022-01-01 00:00:00+00:00, run_after=2022-01-01 00:00:00+00:00
[2025-01-22T12:59:41.048+0000] {logging_mixin.py:190} INFO - [2025-01-22T12:59:41.048+0000] {dag.py:4180} INFO - Setting next_dagrun for example_subdag_operator.section-1 to None, run_after=None
[2025-01-22T12:59:41.049+0000] {logging_mixin.py:190} INFO - [2025-01-22T12:59:41.049+0000] {dag.py:4180} INFO - Setting next_dagrun for example_subdag_operator.section-2 to None, run_after=None
[2025-01-22T12:59:41.053+0000] {logging_mixin.py:190} INFO - [2025-01-22T12:59:41.053+0000] {dag.py:3239} INFO - Sync 2 DAGs
[2025-01-22T12:59:41.056+0000] {logging_mixin.py:190} INFO - [2025-01-22T12:59:41.055+0000] {dag.py:4180} INFO - Setting next_dagrun for example_subdag_operator.section-1 to None, run_after=None
[2025-01-22T12:59:41.056+0000] {logging_mixin.py:190} INFO - [2025-01-22T12:59:41.056+0000] {dag.py:4180} INFO - Setting next_dagrun for example_subdag_operator.section-2 to None, run_after=None
[2025-01-22T12:59:41.065+0000] {processor.py:208} INFO - Processing /usr/local/python/3.12.1/lib/python3.12/site-packages/airflow/example_dags/example_subdag_operator.py took 0.065 seconds
[2025-01-22T13:00:31.140+0000] {processor.py:186} INFO - Started process (PID=10030) to work on /usr/local/python/3.12.1/lib/python3.12/site-packages/airflow/example_dags/example_subdag_operator.py
[2025-01-22T13:00:31.141+0000] {processor.py:914} INFO - Processing file /usr/local/python/3.12.1/lib/python3.12/site-packages/airflow/example_dags/example_subdag_operator.py for tasks to queue
[2025-01-22T13:00:31.142+0000] {logging_mixin.py:190} INFO - [2025-01-22T13:00:31.142+0000] {dagbag.py:588} INFO - Filling up the DagBag from /usr/local/python/3.12.1/lib/python3.12/site-packages/airflow/example_dags/example_subdag_operator.py
[2025-01-22T13:00:31.158+0000] {processor.py:925} INFO - DAG(s) 'example_subdag_operator.section-1', 'example_subdag_operator.section-2', 'example_subdag_operator' retrieved from /usr/local/python/3.12.1/lib/python3.12/site-packages/airflow/example_dags/example_subdag_operator.py
[2025-01-22T13:00:31.168+0000] {logging_mixin.py:190} INFO - [2025-01-22T13:00:31.168+0000] {dag.py:3239} INFO - Sync 3 DAGs
[2025-01-22T13:00:31.182+0000] {logging_mixin.py:190} INFO - [2025-01-22T13:00:31.182+0000] {dag.py:4180} INFO - Setting next_dagrun for example_subdag_operator to 2022-01-01 00:00:00+00:00, run_after=2022-01-01 00:00:00+00:00
[2025-01-22T13:00:31.185+0000] {logging_mixin.py:190} INFO - [2025-01-22T13:00:31.185+0000] {dag.py:4180} INFO - Setting next_dagrun for example_subdag_operator.section-1 to None, run_after=None
[2025-01-22T13:00:31.186+0000] {logging_mixin.py:190} INFO - [2025-01-22T13:00:31.185+0000] {dag.py:4180} INFO - Setting next_dagrun for example_subdag_operator.section-2 to None, run_after=None
[2025-01-22T13:00:31.190+0000] {logging_mixin.py:190} INFO - [2025-01-22T13:00:31.190+0000] {dag.py:3239} INFO - Sync 2 DAGs
[2025-01-22T13:00:31.192+0000] {logging_mixin.py:190} INFO - [2025-01-22T13:00:31.192+0000] {dag.py:4180} INFO - Setting next_dagrun for example_subdag_operator.section-1 to None, run_after=None
[2025-01-22T13:00:31.193+0000] {logging_mixin.py:190} INFO - [2025-01-22T13:00:31.193+0000] {dag.py:4180} INFO - Setting next_dagrun for example_subdag_operator.section-2 to None, run_after=None
[2025-01-22T13:00:31.201+0000] {processor.py:208} INFO - Processing /usr/local/python/3.12.1/lib/python3.12/site-packages/airflow/example_dags/example_subdag_operator.py took 0.065 seconds
[2025-01-22T13:01:24.155+0000] {processor.py:186} INFO - Started process (PID=10469) to work on /usr/local/python/3.12.1/lib/python3.12/site-packages/airflow/example_dags/example_subdag_operator.py
[2025-01-22T13:01:24.156+0000] {processor.py:914} INFO - Processing file /usr/local/python/3.12.1/lib/python3.12/site-packages/airflow/example_dags/example_subdag_operator.py for tasks to queue
[2025-01-22T13:01:24.158+0000] {logging_mixin.py:190} INFO - [2025-01-22T13:01:24.157+0000] {dagbag.py:588} INFO - Filling up the DagBag from /usr/local/python/3.12.1/lib/python3.12/site-packages/airflow/example_dags/example_subdag_operator.py
[2025-01-22T13:01:24.174+0000] {processor.py:925} INFO - DAG(s) 'example_subdag_operator.section-1', 'example_subdag_operator.section-2', 'example_subdag_operator' retrieved from /usr/local/python/3.12.1/lib/python3.12/site-packages/airflow/example_dags/example_subdag_operator.py
[2025-01-22T13:01:24.184+0000] {logging_mixin.py:190} INFO - [2025-01-22T13:01:24.184+0000] {dag.py:3239} INFO - Sync 3 DAGs
[2025-01-22T13:01:24.198+0000] {logging_mixin.py:190} INFO - [2025-01-22T13:01:24.198+0000] {dag.py:4180} INFO - Setting next_dagrun for example_subdag_operator to 2022-01-01 00:00:00+00:00, run_after=2022-01-01 00:00:00+00:00
[2025-01-22T13:01:24.200+0000] {logging_mixin.py:190} INFO - [2025-01-22T13:01:24.200+0000] {dag.py:4180} INFO - Setting next_dagrun for example_subdag_operator.section-1 to None, run_after=None
[2025-01-22T13:01:24.201+0000] {logging_mixin.py:190} INFO - [2025-01-22T13:01:24.201+0000] {dag.py:4180} INFO - Setting next_dagrun for example_subdag_operator.section-2 to None, run_after=None
[2025-01-22T13:01:24.205+0000] {logging_mixin.py:190} INFO - [2025-01-22T13:01:24.205+0000] {dag.py:3239} INFO - Sync 2 DAGs
[2025-01-22T13:01:24.208+0000] {logging_mixin.py:190} INFO - [2025-01-22T13:01:24.208+0000] {dag.py:4180} INFO - Setting next_dagrun for example_subdag_operator.section-1 to None, run_after=None
[2025-01-22T13:01:24.208+0000] {logging_mixin.py:190} INFO - [2025-01-22T13:01:24.208+0000] {dag.py:4180} INFO - Setting next_dagrun for example_subdag_operator.section-2 to None, run_after=None
[2025-01-22T13:01:24.217+0000] {processor.py:208} INFO - Processing /usr/local/python/3.12.1/lib/python3.12/site-packages/airflow/example_dags/example_subdag_operator.py took 0.065 seconds
[2025-01-22T13:02:16.685+0000] {processor.py:186} INFO - Started process (PID=10836) to work on /usr/local/python/3.12.1/lib/python3.12/site-packages/airflow/example_dags/example_subdag_operator.py
[2025-01-22T13:02:16.685+0000] {processor.py:914} INFO - Processing file /usr/local/python/3.12.1/lib/python3.12/site-packages/airflow/example_dags/example_subdag_operator.py for tasks to queue
[2025-01-22T13:02:16.687+0000] {logging_mixin.py:190} INFO - [2025-01-22T13:02:16.686+0000] {dagbag.py:588} INFO - Filling up the DagBag from /usr/local/python/3.12.1/lib/python3.12/site-packages/airflow/example_dags/example_subdag_operator.py
[2025-01-22T13:02:16.702+0000] {processor.py:925} INFO - DAG(s) 'example_subdag_operator.section-1', 'example_subdag_operator.section-2', 'example_subdag_operator' retrieved from /usr/local/python/3.12.1/lib/python3.12/site-packages/airflow/example_dags/example_subdag_operator.py
[2025-01-22T13:02:16.713+0000] {logging_mixin.py:190} INFO - [2025-01-22T13:02:16.712+0000] {dag.py:3239} INFO - Sync 3 DAGs
[2025-01-22T13:02:16.727+0000] {logging_mixin.py:190} INFO - [2025-01-22T13:02:16.727+0000] {dag.py:4180} INFO - Setting next_dagrun for example_subdag_operator to 2022-01-01 00:00:00+00:00, run_after=2022-01-01 00:00:00+00:00
[2025-01-22T13:02:16.729+0000] {logging_mixin.py:190} INFO - [2025-01-22T13:02:16.729+0000] {dag.py:4180} INFO - Setting next_dagrun for example_subdag_operator.section-1 to None, run_after=None
[2025-01-22T13:02:16.730+0000] {logging_mixin.py:190} INFO - [2025-01-22T13:02:16.730+0000] {dag.py:4180} INFO - Setting next_dagrun for example_subdag_operator.section-2 to None, run_after=None
[2025-01-22T13:02:16.734+0000] {logging_mixin.py:190} INFO - [2025-01-22T13:02:16.734+0000] {dag.py:3239} INFO - Sync 2 DAGs
[2025-01-22T13:02:16.737+0000] {logging_mixin.py:190} INFO - [2025-01-22T13:02:16.737+0000] {dag.py:4180} INFO - Setting next_dagrun for example_subdag_operator.section-1 to None, run_after=None
[2025-01-22T13:02:16.737+0000] {logging_mixin.py:190} INFO - [2025-01-22T13:02:16.737+0000] {dag.py:4180} INFO - Setting next_dagrun for example_subdag_operator.section-2 to None, run_after=None
[2025-01-22T13:02:16.757+0000] {processor.py:208} INFO - Processing /usr/local/python/3.12.1/lib/python3.12/site-packages/airflow/example_dags/example_subdag_operator.py took 0.076 seconds
[2025-01-22T13:03:09.157+0000] {processor.py:186} INFO - Started process (PID=11349) to work on /usr/local/python/3.12.1/lib/python3.12/site-packages/airflow/example_dags/example_subdag_operator.py
[2025-01-22T13:03:09.158+0000] {processor.py:914} INFO - Processing file /usr/local/python/3.12.1/lib/python3.12/site-packages/airflow/example_dags/example_subdag_operator.py for tasks to queue
[2025-01-22T13:03:09.159+0000] {logging_mixin.py:190} INFO - [2025-01-22T13:03:09.159+0000] {dagbag.py:588} INFO - Filling up the DagBag from /usr/local/python/3.12.1/lib/python3.12/site-packages/airflow/example_dags/example_subdag_operator.py
[2025-01-22T13:03:09.175+0000] {processor.py:925} INFO - DAG(s) 'example_subdag_operator.section-1', 'example_subdag_operator.section-2', 'example_subdag_operator' retrieved from /usr/local/python/3.12.1/lib/python3.12/site-packages/airflow/example_dags/example_subdag_operator.py
[2025-01-22T13:03:09.185+0000] {logging_mixin.py:190} INFO - [2025-01-22T13:03:09.185+0000] {dag.py:3239} INFO - Sync 3 DAGs
[2025-01-22T13:03:09.200+0000] {logging_mixin.py:190} INFO - [2025-01-22T13:03:09.199+0000] {dag.py:4180} INFO - Setting next_dagrun for example_subdag_operator to 2022-01-01 00:00:00+00:00, run_after=2022-01-01 00:00:00+00:00
[2025-01-22T13:03:09.202+0000] {logging_mixin.py:190} INFO - [2025-01-22T13:03:09.202+0000] {dag.py:4180} INFO - Setting next_dagrun for example_subdag_operator.section-1 to None, run_after=None
[2025-01-22T13:03:09.203+0000] {logging_mixin.py:190} INFO - [2025-01-22T13:03:09.203+0000] {dag.py:4180} INFO - Setting next_dagrun for example_subdag_operator.section-2 to None, run_after=None
[2025-01-22T13:03:09.207+0000] {logging_mixin.py:190} INFO - [2025-01-22T13:03:09.207+0000] {dag.py:3239} INFO - Sync 2 DAGs
[2025-01-22T13:03:09.209+0000] {logging_mixin.py:190} INFO - [2025-01-22T13:03:09.209+0000] {dag.py:4180} INFO - Setting next_dagrun for example_subdag_operator.section-1 to None, run_after=None
[2025-01-22T13:03:09.210+0000] {logging_mixin.py:190} INFO - [2025-01-22T13:03:09.210+0000] {dag.py:4180} INFO - Setting next_dagrun for example_subdag_operator.section-2 to None, run_after=None
[2025-01-22T13:03:09.218+0000] {processor.py:208} INFO - Processing /usr/local/python/3.12.1/lib/python3.12/site-packages/airflow/example_dags/example_subdag_operator.py took 0.065 seconds
[2025-01-22T13:04:02.196+0000] {processor.py:186} INFO - Started process (PID=11789) to work on /usr/local/python/3.12.1/lib/python3.12/site-packages/airflow/example_dags/example_subdag_operator.py
[2025-01-22T13:04:02.197+0000] {processor.py:914} INFO - Processing file /usr/local/python/3.12.1/lib/python3.12/site-packages/airflow/example_dags/example_subdag_operator.py for tasks to queue
[2025-01-22T13:04:02.198+0000] {logging_mixin.py:190} INFO - [2025-01-22T13:04:02.198+0000] {dagbag.py:588} INFO - Filling up the DagBag from /usr/local/python/3.12.1/lib/python3.12/site-packages/airflow/example_dags/example_subdag_operator.py
[2025-01-22T13:04:02.217+0000] {processor.py:925} INFO - DAG(s) 'example_subdag_operator.section-1', 'example_subdag_operator.section-2', 'example_subdag_operator' retrieved from /usr/local/python/3.12.1/lib/python3.12/site-packages/airflow/example_dags/example_subdag_operator.py
[2025-01-22T13:04:02.227+0000] {logging_mixin.py:190} INFO - [2025-01-22T13:04:02.227+0000] {dag.py:3239} INFO - Sync 3 DAGs
[2025-01-22T13:04:02.241+0000] {logging_mixin.py:190} INFO - [2025-01-22T13:04:02.241+0000] {dag.py:4180} INFO - Setting next_dagrun for example_subdag_operator to 2022-01-01 00:00:00+00:00, run_after=2022-01-01 00:00:00+00:00
[2025-01-22T13:04:02.243+0000] {logging_mixin.py:190} INFO - [2025-01-22T13:04:02.243+0000] {dag.py:4180} INFO - Setting next_dagrun for example_subdag_operator.section-1 to None, run_after=None
[2025-01-22T13:04:02.244+0000] {logging_mixin.py:190} INFO - [2025-01-22T13:04:02.244+0000] {dag.py:4180} INFO - Setting next_dagrun for example_subdag_operator.section-2 to None, run_after=None
[2025-01-22T13:04:02.248+0000] {logging_mixin.py:190} INFO - [2025-01-22T13:04:02.248+0000] {dag.py:3239} INFO - Sync 2 DAGs
[2025-01-22T13:04:02.251+0000] {logging_mixin.py:190} INFO - [2025-01-22T13:04:02.251+0000] {dag.py:4180} INFO - Setting next_dagrun for example_subdag_operator.section-1 to None, run_after=None
[2025-01-22T13:04:02.251+0000] {logging_mixin.py:190} INFO - [2025-01-22T13:04:02.251+0000] {dag.py:4180} INFO - Setting next_dagrun for example_subdag_operator.section-2 to None, run_after=None
[2025-01-22T13:04:02.260+0000] {processor.py:208} INFO - Processing /usr/local/python/3.12.1/lib/python3.12/site-packages/airflow/example_dags/example_subdag_operator.py took 0.068 seconds
[2025-01-22T13:04:54.009+0000] {processor.py:186} INFO - Started process (PID=12211) to work on /usr/local/python/3.12.1/lib/python3.12/site-packages/airflow/example_dags/example_subdag_operator.py
[2025-01-22T13:04:54.009+0000] {processor.py:914} INFO - Processing file /usr/local/python/3.12.1/lib/python3.12/site-packages/airflow/example_dags/example_subdag_operator.py for tasks to queue
[2025-01-22T13:04:54.011+0000] {logging_mixin.py:190} INFO - [2025-01-22T13:04:54.010+0000] {dagbag.py:588} INFO - Filling up the DagBag from /usr/local/python/3.12.1/lib/python3.12/site-packages/airflow/example_dags/example_subdag_operator.py
[2025-01-22T13:04:54.027+0000] {processor.py:925} INFO - DAG(s) 'example_subdag_operator.section-1', 'example_subdag_operator.section-2', 'example_subdag_operator' retrieved from /usr/local/python/3.12.1/lib/python3.12/site-packages/airflow/example_dags/example_subdag_operator.py
[2025-01-22T13:04:54.037+0000] {logging_mixin.py:190} INFO - [2025-01-22T13:04:54.037+0000] {dag.py:3239} INFO - Sync 3 DAGs
[2025-01-22T13:04:54.051+0000] {logging_mixin.py:190} INFO - [2025-01-22T13:04:54.050+0000] {dag.py:4180} INFO - Setting next_dagrun for example_subdag_operator to 2022-01-01 00:00:00+00:00, run_after=2022-01-01 00:00:00+00:00
[2025-01-22T13:04:54.053+0000] {logging_mixin.py:190} INFO - [2025-01-22T13:04:54.053+0000] {dag.py:4180} INFO - Setting next_dagrun for example_subdag_operator.section-1 to None, run_after=None
[2025-01-22T13:04:54.054+0000] {logging_mixin.py:190} INFO - [2025-01-22T13:04:54.054+0000] {dag.py:4180} INFO - Setting next_dagrun for example_subdag_operator.section-2 to None, run_after=None
[2025-01-22T13:04:54.058+0000] {logging_mixin.py:190} INFO - [2025-01-22T13:04:54.058+0000] {dag.py:3239} INFO - Sync 2 DAGs
[2025-01-22T13:04:54.061+0000] {logging_mixin.py:190} INFO - [2025-01-22T13:04:54.061+0000] {dag.py:4180} INFO - Setting next_dagrun for example_subdag_operator.section-1 to None, run_after=None
[2025-01-22T13:04:54.062+0000] {logging_mixin.py:190} INFO - [2025-01-22T13:04:54.062+0000] {dag.py:4180} INFO - Setting next_dagrun for example_subdag_operator.section-2 to None, run_after=None
[2025-01-22T13:04:54.073+0000] {processor.py:208} INFO - Processing /usr/local/python/3.12.1/lib/python3.12/site-packages/airflow/example_dags/example_subdag_operator.py took 0.068 seconds
[2025-01-22T13:05:44.941+0000] {processor.py:186} INFO - Started process (PID=12631) to work on /usr/local/python/3.12.1/lib/python3.12/site-packages/airflow/example_dags/example_subdag_operator.py
[2025-01-22T13:05:44.942+0000] {processor.py:914} INFO - Processing file /usr/local/python/3.12.1/lib/python3.12/site-packages/airflow/example_dags/example_subdag_operator.py for tasks to queue
[2025-01-22T13:05:44.943+0000] {logging_mixin.py:190} INFO - [2025-01-22T13:05:44.943+0000] {dagbag.py:588} INFO - Filling up the DagBag from /usr/local/python/3.12.1/lib/python3.12/site-packages/airflow/example_dags/example_subdag_operator.py
[2025-01-22T13:05:44.959+0000] {processor.py:925} INFO - DAG(s) 'example_subdag_operator.section-1', 'example_subdag_operator.section-2', 'example_subdag_operator' retrieved from /usr/local/python/3.12.1/lib/python3.12/site-packages/airflow/example_dags/example_subdag_operator.py
[2025-01-22T13:05:44.970+0000] {logging_mixin.py:190} INFO - [2025-01-22T13:05:44.969+0000] {dag.py:3239} INFO - Sync 3 DAGs
[2025-01-22T13:05:44.983+0000] {logging_mixin.py:190} INFO - [2025-01-22T13:05:44.983+0000] {dag.py:4180} INFO - Setting next_dagrun for example_subdag_operator to 2022-01-01 00:00:00+00:00, run_after=2022-01-01 00:00:00+00:00
[2025-01-22T13:05:44.986+0000] {logging_mixin.py:190} INFO - [2025-01-22T13:05:44.985+0000] {dag.py:4180} INFO - Setting next_dagrun for example_subdag_operator.section-1 to None, run_after=None
[2025-01-22T13:05:44.987+0000] {logging_mixin.py:190} INFO - [2025-01-22T13:05:44.986+0000] {dag.py:4180} INFO - Setting next_dagrun for example_subdag_operator.section-2 to None, run_after=None
[2025-01-22T13:05:44.991+0000] {logging_mixin.py:190} INFO - [2025-01-22T13:05:44.991+0000] {dag.py:3239} INFO - Sync 2 DAGs
[2025-01-22T13:05:44.993+0000] {logging_mixin.py:190} INFO - [2025-01-22T13:05:44.993+0000] {dag.py:4180} INFO - Setting next_dagrun for example_subdag_operator.section-1 to None, run_after=None
[2025-01-22T13:05:44.994+0000] {logging_mixin.py:190} INFO - [2025-01-22T13:05:44.994+0000] {dag.py:4180} INFO - Setting next_dagrun for example_subdag_operator.section-2 to None, run_after=None
[2025-01-22T13:05:45.002+0000] {processor.py:208} INFO - Processing /usr/local/python/3.12.1/lib/python3.12/site-packages/airflow/example_dags/example_subdag_operator.py took 0.065 seconds
[2025-01-22T13:06:33.367+0000] {processor.py:186} INFO - Started process (PID=13045) to work on /usr/local/python/3.12.1/lib/python3.12/site-packages/airflow/example_dags/example_subdag_operator.py
[2025-01-22T13:06:33.367+0000] {processor.py:914} INFO - Processing file /usr/local/python/3.12.1/lib/python3.12/site-packages/airflow/example_dags/example_subdag_operator.py for tasks to queue
[2025-01-22T13:06:33.369+0000] {logging_mixin.py:190} INFO - [2025-01-22T13:06:33.369+0000] {dagbag.py:588} INFO - Filling up the DagBag from /usr/local/python/3.12.1/lib/python3.12/site-packages/airflow/example_dags/example_subdag_operator.py
[2025-01-22T13:06:33.385+0000] {processor.py:925} INFO - DAG(s) 'example_subdag_operator.section-1', 'example_subdag_operator.section-2', 'example_subdag_operator' retrieved from /usr/local/python/3.12.1/lib/python3.12/site-packages/airflow/example_dags/example_subdag_operator.py
[2025-01-22T13:06:33.395+0000] {logging_mixin.py:190} INFO - [2025-01-22T13:06:33.395+0000] {dag.py:3239} INFO - Sync 3 DAGs
[2025-01-22T13:06:33.409+0000] {logging_mixin.py:190} INFO - [2025-01-22T13:06:33.409+0000] {dag.py:4180} INFO - Setting next_dagrun for example_subdag_operator to 2022-01-01 00:00:00+00:00, run_after=2022-01-01 00:00:00+00:00
[2025-01-22T13:06:33.412+0000] {logging_mixin.py:190} INFO - [2025-01-22T13:06:33.412+0000] {dag.py:4180} INFO - Setting next_dagrun for example_subdag_operator.section-1 to None, run_after=None
[2025-01-22T13:06:33.413+0000] {logging_mixin.py:190} INFO - [2025-01-22T13:06:33.412+0000] {dag.py:4180} INFO - Setting next_dagrun for example_subdag_operator.section-2 to None, run_after=None
[2025-01-22T13:06:33.417+0000] {logging_mixin.py:190} INFO - [2025-01-22T13:06:33.416+0000] {dag.py:3239} INFO - Sync 2 DAGs
[2025-01-22T13:06:33.419+0000] {logging_mixin.py:190} INFO - [2025-01-22T13:06:33.419+0000] {dag.py:4180} INFO - Setting next_dagrun for example_subdag_operator.section-1 to None, run_after=None
[2025-01-22T13:06:33.419+0000] {logging_mixin.py:190} INFO - [2025-01-22T13:06:33.419+0000] {dag.py:4180} INFO - Setting next_dagrun for example_subdag_operator.section-2 to None, run_after=None
[2025-01-22T13:06:33.428+0000] {processor.py:208} INFO - Processing /usr/local/python/3.12.1/lib/python3.12/site-packages/airflow/example_dags/example_subdag_operator.py took 0.065 seconds
[2025-01-22T13:07:21.457+0000] {processor.py:186} INFO - Started process (PID=13397) to work on /usr/local/python/3.12.1/lib/python3.12/site-packages/airflow/example_dags/example_subdag_operator.py
[2025-01-22T13:07:21.457+0000] {processor.py:914} INFO - Processing file /usr/local/python/3.12.1/lib/python3.12/site-packages/airflow/example_dags/example_subdag_operator.py for tasks to queue
[2025-01-22T13:07:21.462+0000] {logging_mixin.py:190} INFO - [2025-01-22T13:07:21.461+0000] {dagbag.py:588} INFO - Filling up the DagBag from /usr/local/python/3.12.1/lib/python3.12/site-packages/airflow/example_dags/example_subdag_operator.py
[2025-01-22T13:07:21.483+0000] {processor.py:925} INFO - DAG(s) 'example_subdag_operator.section-1', 'example_subdag_operator.section-2', 'example_subdag_operator' retrieved from /usr/local/python/3.12.1/lib/python3.12/site-packages/airflow/example_dags/example_subdag_operator.py
[2025-01-22T13:07:21.494+0000] {logging_mixin.py:190} INFO - [2025-01-22T13:07:21.494+0000] {dag.py:3239} INFO - Sync 3 DAGs
[2025-01-22T13:07:21.508+0000] {logging_mixin.py:190} INFO - [2025-01-22T13:07:21.508+0000] {dag.py:4180} INFO - Setting next_dagrun for example_subdag_operator to 2022-01-01 00:00:00+00:00, run_after=2022-01-01 00:00:00+00:00
[2025-01-22T13:07:21.511+0000] {logging_mixin.py:190} INFO - [2025-01-22T13:07:21.510+0000] {dag.py:4180} INFO - Setting next_dagrun for example_subdag_operator.section-1 to None, run_after=None
[2025-01-22T13:07:21.511+0000] {logging_mixin.py:190} INFO - [2025-01-22T13:07:21.511+0000] {dag.py:4180} INFO - Setting next_dagrun for example_subdag_operator.section-2 to None, run_after=None
[2025-01-22T13:07:21.515+0000] {logging_mixin.py:190} INFO - [2025-01-22T13:07:21.515+0000] {dag.py:3239} INFO - Sync 2 DAGs
[2025-01-22T13:07:21.518+0000] {logging_mixin.py:190} INFO - [2025-01-22T13:07:21.518+0000] {dag.py:4180} INFO - Setting next_dagrun for example_subdag_operator.section-1 to None, run_after=None
[2025-01-22T13:07:21.518+0000] {logging_mixin.py:190} INFO - [2025-01-22T13:07:21.518+0000] {dag.py:4180} INFO - Setting next_dagrun for example_subdag_operator.section-2 to None, run_after=None
[2025-01-22T13:07:21.527+0000] {processor.py:208} INFO - Processing /usr/local/python/3.12.1/lib/python3.12/site-packages/airflow/example_dags/example_subdag_operator.py took 0.075 seconds
[2025-01-22T13:08:15.548+0000] {processor.py:186} INFO - Started process (PID=14016) to work on /usr/local/python/3.12.1/lib/python3.12/site-packages/airflow/example_dags/example_subdag_operator.py
[2025-01-22T13:08:15.548+0000] {processor.py:914} INFO - Processing file /usr/local/python/3.12.1/lib/python3.12/site-packages/airflow/example_dags/example_subdag_operator.py for tasks to queue
[2025-01-22T13:08:15.550+0000] {logging_mixin.py:190} INFO - [2025-01-22T13:08:15.550+0000] {dagbag.py:588} INFO - Filling up the DagBag from /usr/local/python/3.12.1/lib/python3.12/site-packages/airflow/example_dags/example_subdag_operator.py
[2025-01-22T13:08:15.566+0000] {processor.py:925} INFO - DAG(s) 'example_subdag_operator.section-1', 'example_subdag_operator.section-2', 'example_subdag_operator' retrieved from /usr/local/python/3.12.1/lib/python3.12/site-packages/airflow/example_dags/example_subdag_operator.py
[2025-01-22T13:08:15.576+0000] {logging_mixin.py:190} INFO - [2025-01-22T13:08:15.576+0000] {dag.py:3239} INFO - Sync 3 DAGs
[2025-01-22T13:08:15.591+0000] {logging_mixin.py:190} INFO - [2025-01-22T13:08:15.590+0000] {dag.py:4180} INFO - Setting next_dagrun for example_subdag_operator to 2022-01-01 00:00:00+00:00, run_after=2022-01-01 00:00:00+00:00
[2025-01-22T13:08:15.593+0000] {logging_mixin.py:190} INFO - [2025-01-22T13:08:15.593+0000] {dag.py:4180} INFO - Setting next_dagrun for example_subdag_operator.section-1 to None, run_after=None
[2025-01-22T13:08:15.594+0000] {logging_mixin.py:190} INFO - [2025-01-22T13:08:15.594+0000] {dag.py:4180} INFO - Setting next_dagrun for example_subdag_operator.section-2 to None, run_after=None
[2025-01-22T13:08:15.598+0000] {logging_mixin.py:190} INFO - [2025-01-22T13:08:15.598+0000] {dag.py:3239} INFO - Sync 2 DAGs
[2025-01-22T13:08:15.601+0000] {logging_mixin.py:190} INFO - [2025-01-22T13:08:15.600+0000] {dag.py:4180} INFO - Setting next_dagrun for example_subdag_operator.section-1 to None, run_after=None
[2025-01-22T13:08:15.601+0000] {logging_mixin.py:190} INFO - [2025-01-22T13:08:15.601+0000] {dag.py:4180} INFO - Setting next_dagrun for example_subdag_operator.section-2 to None, run_after=None
[2025-01-22T13:08:15.610+0000] {processor.py:208} INFO - Processing /usr/local/python/3.12.1/lib/python3.12/site-packages/airflow/example_dags/example_subdag_operator.py took 0.066 seconds
[2025-01-22T13:09:06.231+0000] {processor.py:186} INFO - Started process (PID=14499) to work on /usr/local/python/3.12.1/lib/python3.12/site-packages/airflow/example_dags/example_subdag_operator.py
[2025-01-22T13:09:06.232+0000] {processor.py:914} INFO - Processing file /usr/local/python/3.12.1/lib/python3.12/site-packages/airflow/example_dags/example_subdag_operator.py for tasks to queue
[2025-01-22T13:09:06.233+0000] {logging_mixin.py:190} INFO - [2025-01-22T13:09:06.233+0000] {dagbag.py:588} INFO - Filling up the DagBag from /usr/local/python/3.12.1/lib/python3.12/site-packages/airflow/example_dags/example_subdag_operator.py
[2025-01-22T13:09:06.249+0000] {processor.py:925} INFO - DAG(s) 'example_subdag_operator.section-1', 'example_subdag_operator.section-2', 'example_subdag_operator' retrieved from /usr/local/python/3.12.1/lib/python3.12/site-packages/airflow/example_dags/example_subdag_operator.py
[2025-01-22T13:09:06.259+0000] {logging_mixin.py:190} INFO - [2025-01-22T13:09:06.259+0000] {dag.py:3239} INFO - Sync 3 DAGs
[2025-01-22T13:09:06.273+0000] {logging_mixin.py:190} INFO - [2025-01-22T13:09:06.273+0000] {dag.py:4180} INFO - Setting next_dagrun for example_subdag_operator to 2022-01-01 00:00:00+00:00, run_after=2022-01-01 00:00:00+00:00
[2025-01-22T13:09:06.275+0000] {logging_mixin.py:190} INFO - [2025-01-22T13:09:06.275+0000] {dag.py:4180} INFO - Setting next_dagrun for example_subdag_operator.section-1 to None, run_after=None
[2025-01-22T13:09:06.276+0000] {logging_mixin.py:190} INFO - [2025-01-22T13:09:06.276+0000] {dag.py:4180} INFO - Setting next_dagrun for example_subdag_operator.section-2 to None, run_after=None
[2025-01-22T13:09:06.280+0000] {logging_mixin.py:190} INFO - [2025-01-22T13:09:06.280+0000] {dag.py:3239} INFO - Sync 2 DAGs
[2025-01-22T13:09:06.283+0000] {logging_mixin.py:190} INFO - [2025-01-22T13:09:06.283+0000] {dag.py:4180} INFO - Setting next_dagrun for example_subdag_operator.section-1 to None, run_after=None
[2025-01-22T13:09:06.283+0000] {logging_mixin.py:190} INFO - [2025-01-22T13:09:06.283+0000] {dag.py:4180} INFO - Setting next_dagrun for example_subdag_operator.section-2 to None, run_after=None
[2025-01-22T13:09:06.292+0000] {processor.py:208} INFO - Processing /usr/local/python/3.12.1/lib/python3.12/site-packages/airflow/example_dags/example_subdag_operator.py took 0.065 seconds
[2025-01-22T13:09:58.473+0000] {processor.py:186} INFO - Started process (PID=14932) to work on /usr/local/python/3.12.1/lib/python3.12/site-packages/airflow/example_dags/example_subdag_operator.py
[2025-01-22T13:09:58.474+0000] {processor.py:914} INFO - Processing file /usr/local/python/3.12.1/lib/python3.12/site-packages/airflow/example_dags/example_subdag_operator.py for tasks to queue
[2025-01-22T13:09:58.476+0000] {logging_mixin.py:190} INFO - [2025-01-22T13:09:58.475+0000] {dagbag.py:588} INFO - Filling up the DagBag from /usr/local/python/3.12.1/lib/python3.12/site-packages/airflow/example_dags/example_subdag_operator.py
[2025-01-22T13:09:58.491+0000] {processor.py:925} INFO - DAG(s) 'example_subdag_operator.section-1', 'example_subdag_operator.section-2', 'example_subdag_operator' retrieved from /usr/local/python/3.12.1/lib/python3.12/site-packages/airflow/example_dags/example_subdag_operator.py
[2025-01-22T13:09:58.501+0000] {logging_mixin.py:190} INFO - [2025-01-22T13:09:58.501+0000] {dag.py:3239} INFO - Sync 3 DAGs
[2025-01-22T13:09:58.516+0000] {logging_mixin.py:190} INFO - [2025-01-22T13:09:58.515+0000] {dag.py:4180} INFO - Setting next_dagrun for example_subdag_operator to 2022-01-01 00:00:00+00:00, run_after=2022-01-01 00:00:00+00:00
[2025-01-22T13:09:58.518+0000] {logging_mixin.py:190} INFO - [2025-01-22T13:09:58.518+0000] {dag.py:4180} INFO - Setting next_dagrun for example_subdag_operator.section-1 to None, run_after=None
[2025-01-22T13:09:58.519+0000] {logging_mixin.py:190} INFO - [2025-01-22T13:09:58.519+0000] {dag.py:4180} INFO - Setting next_dagrun for example_subdag_operator.section-2 to None, run_after=None
[2025-01-22T13:09:58.523+0000] {logging_mixin.py:190} INFO - [2025-01-22T13:09:58.523+0000] {dag.py:3239} INFO - Sync 2 DAGs
[2025-01-22T13:09:58.526+0000] {logging_mixin.py:190} INFO - [2025-01-22T13:09:58.525+0000] {dag.py:4180} INFO - Setting next_dagrun for example_subdag_operator.section-1 to None, run_after=None
[2025-01-22T13:09:58.526+0000] {logging_mixin.py:190} INFO - [2025-01-22T13:09:58.526+0000] {dag.py:4180} INFO - Setting next_dagrun for example_subdag_operator.section-2 to None, run_after=None
[2025-01-22T13:09:58.534+0000] {processor.py:208} INFO - Processing /usr/local/python/3.12.1/lib/python3.12/site-packages/airflow/example_dags/example_subdag_operator.py took 0.065 seconds
[2025-01-22T13:10:47.112+0000] {processor.py:186} INFO - Started process (PID=15336) to work on /usr/local/python/3.12.1/lib/python3.12/site-packages/airflow/example_dags/example_subdag_operator.py
[2025-01-22T13:10:47.113+0000] {processor.py:914} INFO - Processing file /usr/local/python/3.12.1/lib/python3.12/site-packages/airflow/example_dags/example_subdag_operator.py for tasks to queue
[2025-01-22T13:10:47.115+0000] {logging_mixin.py:190} INFO - [2025-01-22T13:10:47.114+0000] {dagbag.py:588} INFO - Filling up the DagBag from /usr/local/python/3.12.1/lib/python3.12/site-packages/airflow/example_dags/example_subdag_operator.py
[2025-01-22T13:10:47.131+0000] {processor.py:925} INFO - DAG(s) 'example_subdag_operator.section-1', 'example_subdag_operator.section-2', 'example_subdag_operator' retrieved from /usr/local/python/3.12.1/lib/python3.12/site-packages/airflow/example_dags/example_subdag_operator.py
[2025-01-22T13:10:47.141+0000] {logging_mixin.py:190} INFO - [2025-01-22T13:10:47.141+0000] {dag.py:3239} INFO - Sync 3 DAGs
[2025-01-22T13:10:47.156+0000] {logging_mixin.py:190} INFO - [2025-01-22T13:10:47.156+0000] {dag.py:4180} INFO - Setting next_dagrun for example_subdag_operator to 2022-01-01 00:00:00+00:00, run_after=2022-01-01 00:00:00+00:00
[2025-01-22T13:10:47.159+0000] {logging_mixin.py:190} INFO - [2025-01-22T13:10:47.159+0000] {dag.py:4180} INFO - Setting next_dagrun for example_subdag_operator.section-1 to None, run_after=None
[2025-01-22T13:10:47.160+0000] {logging_mixin.py:190} INFO - [2025-01-22T13:10:47.160+0000] {dag.py:4180} INFO - Setting next_dagrun for example_subdag_operator.section-2 to None, run_after=None
[2025-01-22T13:10:47.164+0000] {logging_mixin.py:190} INFO - [2025-01-22T13:10:47.164+0000] {dag.py:3239} INFO - Sync 2 DAGs
[2025-01-22T13:10:47.167+0000] {logging_mixin.py:190} INFO - [2025-01-22T13:10:47.167+0000] {dag.py:4180} INFO - Setting next_dagrun for example_subdag_operator.section-1 to None, run_after=None
[2025-01-22T13:10:47.167+0000] {logging_mixin.py:190} INFO - [2025-01-22T13:10:47.167+0000] {dag.py:4180} INFO - Setting next_dagrun for example_subdag_operator.section-2 to None, run_after=None
[2025-01-22T13:10:47.176+0000] {processor.py:208} INFO - Processing /usr/local/python/3.12.1/lib/python3.12/site-packages/airflow/example_dags/example_subdag_operator.py took 0.067 seconds
[2025-01-22T13:11:36.132+0000] {processor.py:186} INFO - Started process (PID=15725) to work on /usr/local/python/3.12.1/lib/python3.12/site-packages/airflow/example_dags/example_subdag_operator.py
[2025-01-22T13:11:36.133+0000] {processor.py:914} INFO - Processing file /usr/local/python/3.12.1/lib/python3.12/site-packages/airflow/example_dags/example_subdag_operator.py for tasks to queue
[2025-01-22T13:11:36.135+0000] {logging_mixin.py:190} INFO - [2025-01-22T13:11:36.134+0000] {dagbag.py:588} INFO - Filling up the DagBag from /usr/local/python/3.12.1/lib/python3.12/site-packages/airflow/example_dags/example_subdag_operator.py
[2025-01-22T13:11:36.151+0000] {processor.py:925} INFO - DAG(s) 'example_subdag_operator.section-1', 'example_subdag_operator.section-2', 'example_subdag_operator' retrieved from /usr/local/python/3.12.1/lib/python3.12/site-packages/airflow/example_dags/example_subdag_operator.py
[2025-01-22T13:11:36.161+0000] {logging_mixin.py:190} INFO - [2025-01-22T13:11:36.161+0000] {dag.py:3239} INFO - Sync 3 DAGs
[2025-01-22T13:11:36.175+0000] {logging_mixin.py:190} INFO - [2025-01-22T13:11:36.175+0000] {dag.py:4180} INFO - Setting next_dagrun for example_subdag_operator to 2022-01-01 00:00:00+00:00, run_after=2022-01-01 00:00:00+00:00
[2025-01-22T13:11:36.177+0000] {logging_mixin.py:190} INFO - [2025-01-22T13:11:36.177+0000] {dag.py:4180} INFO - Setting next_dagrun for example_subdag_operator.section-1 to None, run_after=None
[2025-01-22T13:11:36.178+0000] {logging_mixin.py:190} INFO - [2025-01-22T13:11:36.178+0000] {dag.py:4180} INFO - Setting next_dagrun for example_subdag_operator.section-2 to None, run_after=None
[2025-01-22T13:11:36.182+0000] {logging_mixin.py:190} INFO - [2025-01-22T13:11:36.182+0000] {dag.py:3239} INFO - Sync 2 DAGs
[2025-01-22T13:11:36.185+0000] {logging_mixin.py:190} INFO - [2025-01-22T13:11:36.185+0000] {dag.py:4180} INFO - Setting next_dagrun for example_subdag_operator.section-1 to None, run_after=None
[2025-01-22T13:11:36.185+0000] {logging_mixin.py:190} INFO - [2025-01-22T13:11:36.185+0000] {dag.py:4180} INFO - Setting next_dagrun for example_subdag_operator.section-2 to None, run_after=None
[2025-01-22T13:11:36.194+0000] {processor.py:208} INFO - Processing /usr/local/python/3.12.1/lib/python3.12/site-packages/airflow/example_dags/example_subdag_operator.py took 0.066 seconds
[2025-01-22T13:12:28.585+0000] {processor.py:186} INFO - Started process (PID=16233) to work on /usr/local/python/3.12.1/lib/python3.12/site-packages/airflow/example_dags/example_subdag_operator.py
[2025-01-22T13:12:28.585+0000] {processor.py:914} INFO - Processing file /usr/local/python/3.12.1/lib/python3.12/site-packages/airflow/example_dags/example_subdag_operator.py for tasks to queue
[2025-01-22T13:12:28.587+0000] {logging_mixin.py:190} INFO - [2025-01-22T13:12:28.586+0000] {dagbag.py:588} INFO - Filling up the DagBag from /usr/local/python/3.12.1/lib/python3.12/site-packages/airflow/example_dags/example_subdag_operator.py
[2025-01-22T13:12:28.602+0000] {processor.py:925} INFO - DAG(s) 'example_subdag_operator.section-1', 'example_subdag_operator.section-2', 'example_subdag_operator' retrieved from /usr/local/python/3.12.1/lib/python3.12/site-packages/airflow/example_dags/example_subdag_operator.py
[2025-01-22T13:12:28.613+0000] {logging_mixin.py:190} INFO - [2025-01-22T13:12:28.612+0000] {dag.py:3239} INFO - Sync 3 DAGs
[2025-01-22T13:12:28.627+0000] {logging_mixin.py:190} INFO - [2025-01-22T13:12:28.626+0000] {dag.py:4180} INFO - Setting next_dagrun for example_subdag_operator to 2022-01-01 00:00:00+00:00, run_after=2022-01-01 00:00:00+00:00
[2025-01-22T13:12:28.629+0000] {logging_mixin.py:190} INFO - [2025-01-22T13:12:28.629+0000] {dag.py:4180} INFO - Setting next_dagrun for example_subdag_operator.section-1 to None, run_after=None
[2025-01-22T13:12:28.630+0000] {logging_mixin.py:190} INFO - [2025-01-22T13:12:28.630+0000] {dag.py:4180} INFO - Setting next_dagrun for example_subdag_operator.section-2 to None, run_after=None
[2025-01-22T13:12:28.634+0000] {logging_mixin.py:190} INFO - [2025-01-22T13:12:28.634+0000] {dag.py:3239} INFO - Sync 2 DAGs
[2025-01-22T13:12:28.637+0000] {logging_mixin.py:190} INFO - [2025-01-22T13:12:28.637+0000] {dag.py:4180} INFO - Setting next_dagrun for example_subdag_operator.section-1 to None, run_after=None
[2025-01-22T13:12:28.637+0000] {logging_mixin.py:190} INFO - [2025-01-22T13:12:28.637+0000] {dag.py:4180} INFO - Setting next_dagrun for example_subdag_operator.section-2 to None, run_after=None
[2025-01-22T13:12:28.646+0000] {processor.py:208} INFO - Processing /usr/local/python/3.12.1/lib/python3.12/site-packages/airflow/example_dags/example_subdag_operator.py took 0.066 seconds
[2025-01-22T13:13:19.654+0000] {processor.py:186} INFO - Started process (PID=16594) to work on /usr/local/python/3.12.1/lib/python3.12/site-packages/airflow/example_dags/example_subdag_operator.py
[2025-01-22T13:13:19.655+0000] {processor.py:914} INFO - Processing file /usr/local/python/3.12.1/lib/python3.12/site-packages/airflow/example_dags/example_subdag_operator.py for tasks to queue
[2025-01-22T13:13:19.656+0000] {logging_mixin.py:190} INFO - [2025-01-22T13:13:19.656+0000] {dagbag.py:588} INFO - Filling up the DagBag from /usr/local/python/3.12.1/lib/python3.12/site-packages/airflow/example_dags/example_subdag_operator.py
[2025-01-22T13:13:19.672+0000] {processor.py:925} INFO - DAG(s) 'example_subdag_operator.section-1', 'example_subdag_operator.section-2', 'example_subdag_operator' retrieved from /usr/local/python/3.12.1/lib/python3.12/site-packages/airflow/example_dags/example_subdag_operator.py
[2025-01-22T13:13:19.689+0000] {logging_mixin.py:190} INFO - [2025-01-22T13:13:19.689+0000] {dag.py:3239} INFO - Sync 3 DAGs
[2025-01-22T13:13:19.709+0000] {logging_mixin.py:190} INFO - [2025-01-22T13:13:19.708+0000] {dag.py:4180} INFO - Setting next_dagrun for example_subdag_operator to 2022-01-01 00:00:00+00:00, run_after=2022-01-01 00:00:00+00:00
[2025-01-22T13:13:19.711+0000] {logging_mixin.py:190} INFO - [2025-01-22T13:13:19.711+0000] {dag.py:4180} INFO - Setting next_dagrun for example_subdag_operator.section-1 to None, run_after=None
[2025-01-22T13:13:19.712+0000] {logging_mixin.py:190} INFO - [2025-01-22T13:13:19.712+0000] {dag.py:4180} INFO - Setting next_dagrun for example_subdag_operator.section-2 to None, run_after=None
[2025-01-22T13:13:19.716+0000] {logging_mixin.py:190} INFO - [2025-01-22T13:13:19.716+0000] {dag.py:3239} INFO - Sync 2 DAGs
[2025-01-22T13:13:19.719+0000] {logging_mixin.py:190} INFO - [2025-01-22T13:13:19.719+0000] {dag.py:4180} INFO - Setting next_dagrun for example_subdag_operator.section-1 to None, run_after=None
[2025-01-22T13:13:19.719+0000] {logging_mixin.py:190} INFO - [2025-01-22T13:13:19.719+0000] {dag.py:4180} INFO - Setting next_dagrun for example_subdag_operator.section-2 to None, run_after=None
[2025-01-22T13:13:19.728+0000] {processor.py:208} INFO - Processing /usr/local/python/3.12.1/lib/python3.12/site-packages/airflow/example_dags/example_subdag_operator.py took 0.078 seconds
[2025-01-22T13:14:13.820+0000] {processor.py:186} INFO - Started process (PID=17032) to work on /usr/local/python/3.12.1/lib/python3.12/site-packages/airflow/example_dags/example_subdag_operator.py
[2025-01-22T13:14:13.821+0000] {processor.py:914} INFO - Processing file /usr/local/python/3.12.1/lib/python3.12/site-packages/airflow/example_dags/example_subdag_operator.py for tasks to queue
[2025-01-22T13:14:13.823+0000] {logging_mixin.py:190} INFO - [2025-01-22T13:14:13.822+0000] {dagbag.py:588} INFO - Filling up the DagBag from /usr/local/python/3.12.1/lib/python3.12/site-packages/airflow/example_dags/example_subdag_operator.py
[2025-01-22T13:14:13.839+0000] {processor.py:925} INFO - DAG(s) 'example_subdag_operator.section-1', 'example_subdag_operator.section-2', 'example_subdag_operator' retrieved from /usr/local/python/3.12.1/lib/python3.12/site-packages/airflow/example_dags/example_subdag_operator.py
[2025-01-22T13:14:13.849+0000] {logging_mixin.py:190} INFO - [2025-01-22T13:14:13.849+0000] {dag.py:3239} INFO - Sync 3 DAGs
[2025-01-22T13:14:13.863+0000] {logging_mixin.py:190} INFO - [2025-01-22T13:14:13.863+0000] {dag.py:4180} INFO - Setting next_dagrun for example_subdag_operator to 2022-01-01 00:00:00+00:00, run_after=2022-01-01 00:00:00+00:00
[2025-01-22T13:14:13.865+0000] {logging_mixin.py:190} INFO - [2025-01-22T13:14:13.865+0000] {dag.py:4180} INFO - Setting next_dagrun for example_subdag_operator.section-1 to None, run_after=None
[2025-01-22T13:14:13.866+0000] {logging_mixin.py:190} INFO - [2025-01-22T13:14:13.866+0000] {dag.py:4180} INFO - Setting next_dagrun for example_subdag_operator.section-2 to None, run_after=None
[2025-01-22T13:14:13.871+0000] {logging_mixin.py:190} INFO - [2025-01-22T13:14:13.870+0000] {dag.py:3239} INFO - Sync 2 DAGs
[2025-01-22T13:14:13.873+0000] {logging_mixin.py:190} INFO - [2025-01-22T13:14:13.873+0000] {dag.py:4180} INFO - Setting next_dagrun for example_subdag_operator.section-1 to None, run_after=None
[2025-01-22T13:14:13.874+0000] {logging_mixin.py:190} INFO - [2025-01-22T13:14:13.874+0000] {dag.py:4180} INFO - Setting next_dagrun for example_subdag_operator.section-2 to None, run_after=None
[2025-01-22T13:14:13.883+0000] {processor.py:208} INFO - Processing /usr/local/python/3.12.1/lib/python3.12/site-packages/airflow/example_dags/example_subdag_operator.py took 0.066 seconds
[2025-01-22T13:15:02.949+0000] {processor.py:186} INFO - Started process (PID=17445) to work on /usr/local/python/3.12.1/lib/python3.12/site-packages/airflow/example_dags/example_subdag_operator.py
[2025-01-22T13:15:02.950+0000] {processor.py:914} INFO - Processing file /usr/local/python/3.12.1/lib/python3.12/site-packages/airflow/example_dags/example_subdag_operator.py for tasks to queue
[2025-01-22T13:15:02.951+0000] {logging_mixin.py:190} INFO - [2025-01-22T13:15:02.951+0000] {dagbag.py:588} INFO - Filling up the DagBag from /usr/local/python/3.12.1/lib/python3.12/site-packages/airflow/example_dags/example_subdag_operator.py
[2025-01-22T13:15:02.968+0000] {processor.py:925} INFO - DAG(s) 'example_subdag_operator.section-1', 'example_subdag_operator.section-2', 'example_subdag_operator' retrieved from /usr/local/python/3.12.1/lib/python3.12/site-packages/airflow/example_dags/example_subdag_operator.py
[2025-01-22T13:15:02.978+0000] {logging_mixin.py:190} INFO - [2025-01-22T13:15:02.978+0000] {dag.py:3239} INFO - Sync 3 DAGs
[2025-01-22T13:15:02.992+0000] {logging_mixin.py:190} INFO - [2025-01-22T13:15:02.992+0000] {dag.py:4180} INFO - Setting next_dagrun for example_subdag_operator to 2022-01-01 00:00:00+00:00, run_after=2022-01-01 00:00:00+00:00
[2025-01-22T13:15:02.994+0000] {logging_mixin.py:190} INFO - [2025-01-22T13:15:02.994+0000] {dag.py:4180} INFO - Setting next_dagrun for example_subdag_operator.section-1 to None, run_after=None
[2025-01-22T13:15:02.995+0000] {logging_mixin.py:190} INFO - [2025-01-22T13:15:02.995+0000] {dag.py:4180} INFO - Setting next_dagrun for example_subdag_operator.section-2 to None, run_after=None
[2025-01-22T13:15:02.999+0000] {logging_mixin.py:190} INFO - [2025-01-22T13:15:02.999+0000] {dag.py:3239} INFO - Sync 2 DAGs
[2025-01-22T13:15:03.002+0000] {logging_mixin.py:190} INFO - [2025-01-22T13:15:03.002+0000] {dag.py:4180} INFO - Setting next_dagrun for example_subdag_operator.section-1 to None, run_after=None
[2025-01-22T13:15:03.002+0000] {logging_mixin.py:190} INFO - [2025-01-22T13:15:03.002+0000] {dag.py:4180} INFO - Setting next_dagrun for example_subdag_operator.section-2 to None, run_after=None
[2025-01-22T13:15:03.011+0000] {processor.py:208} INFO - Processing /usr/local/python/3.12.1/lib/python3.12/site-packages/airflow/example_dags/example_subdag_operator.py took 0.066 seconds
[2025-01-22T13:15:52.724+0000] {processor.py:186} INFO - Started process (PID=17867) to work on /usr/local/python/3.12.1/lib/python3.12/site-packages/airflow/example_dags/example_subdag_operator.py
[2025-01-22T13:15:52.725+0000] {processor.py:914} INFO - Processing file /usr/local/python/3.12.1/lib/python3.12/site-packages/airflow/example_dags/example_subdag_operator.py for tasks to queue
[2025-01-22T13:15:52.727+0000] {logging_mixin.py:190} INFO - [2025-01-22T13:15:52.726+0000] {dagbag.py:588} INFO - Filling up the DagBag from /usr/local/python/3.12.1/lib/python3.12/site-packages/airflow/example_dags/example_subdag_operator.py
[2025-01-22T13:15:52.743+0000] {processor.py:925} INFO - DAG(s) 'example_subdag_operator.section-1', 'example_subdag_operator.section-2', 'example_subdag_operator' retrieved from /usr/local/python/3.12.1/lib/python3.12/site-packages/airflow/example_dags/example_subdag_operator.py
[2025-01-22T13:15:52.753+0000] {logging_mixin.py:190} INFO - [2025-01-22T13:15:52.753+0000] {dag.py:3239} INFO - Sync 3 DAGs
[2025-01-22T13:15:52.768+0000] {logging_mixin.py:190} INFO - [2025-01-22T13:15:52.767+0000] {dag.py:4180} INFO - Setting next_dagrun for example_subdag_operator to 2022-01-01 00:00:00+00:00, run_after=2022-01-01 00:00:00+00:00
[2025-01-22T13:15:52.770+0000] {logging_mixin.py:190} INFO - [2025-01-22T13:15:52.770+0000] {dag.py:4180} INFO - Setting next_dagrun for example_subdag_operator.section-1 to None, run_after=None
[2025-01-22T13:15:52.771+0000] {logging_mixin.py:190} INFO - [2025-01-22T13:15:52.771+0000] {dag.py:4180} INFO - Setting next_dagrun for example_subdag_operator.section-2 to None, run_after=None
[2025-01-22T13:15:52.775+0000] {logging_mixin.py:190} INFO - [2025-01-22T13:15:52.775+0000] {dag.py:3239} INFO - Sync 2 DAGs
[2025-01-22T13:15:52.778+0000] {logging_mixin.py:190} INFO - [2025-01-22T13:15:52.777+0000] {dag.py:4180} INFO - Setting next_dagrun for example_subdag_operator.section-1 to None, run_after=None
[2025-01-22T13:15:52.778+0000] {logging_mixin.py:190} INFO - [2025-01-22T13:15:52.778+0000] {dag.py:4180} INFO - Setting next_dagrun for example_subdag_operator.section-2 to None, run_after=None
[2025-01-22T13:15:52.786+0000] {processor.py:208} INFO - Processing /usr/local/python/3.12.1/lib/python3.12/site-packages/airflow/example_dags/example_subdag_operator.py took 0.068 seconds
[2025-01-22T13:16:44.395+0000] {processor.py:186} INFO - Started process (PID=18289) to work on /usr/local/python/3.12.1/lib/python3.12/site-packages/airflow/example_dags/example_subdag_operator.py
[2025-01-22T13:16:44.396+0000] {processor.py:914} INFO - Processing file /usr/local/python/3.12.1/lib/python3.12/site-packages/airflow/example_dags/example_subdag_operator.py for tasks to queue
[2025-01-22T13:16:44.398+0000] {logging_mixin.py:190} INFO - [2025-01-22T13:16:44.398+0000] {dagbag.py:588} INFO - Filling up the DagBag from /usr/local/python/3.12.1/lib/python3.12/site-packages/airflow/example_dags/example_subdag_operator.py
[2025-01-22T13:16:44.421+0000] {processor.py:925} INFO - DAG(s) 'example_subdag_operator.section-1', 'example_subdag_operator.section-2', 'example_subdag_operator' retrieved from /usr/local/python/3.12.1/lib/python3.12/site-packages/airflow/example_dags/example_subdag_operator.py
[2025-01-22T13:16:44.431+0000] {logging_mixin.py:190} INFO - [2025-01-22T13:16:44.431+0000] {dag.py:3239} INFO - Sync 3 DAGs
[2025-01-22T13:16:44.446+0000] {logging_mixin.py:190} INFO - [2025-01-22T13:16:44.446+0000] {dag.py:4180} INFO - Setting next_dagrun for example_subdag_operator to 2022-01-01 00:00:00+00:00, run_after=2022-01-01 00:00:00+00:00
[2025-01-22T13:16:44.448+0000] {logging_mixin.py:190} INFO - [2025-01-22T13:16:44.448+0000] {dag.py:4180} INFO - Setting next_dagrun for example_subdag_operator.section-1 to None, run_after=None
[2025-01-22T13:16:44.450+0000] {logging_mixin.py:190} INFO - [2025-01-22T13:16:44.450+0000] {dag.py:4180} INFO - Setting next_dagrun for example_subdag_operator.section-2 to None, run_after=None
[2025-01-22T13:16:44.454+0000] {logging_mixin.py:190} INFO - [2025-01-22T13:16:44.454+0000] {dag.py:3239} INFO - Sync 2 DAGs
[2025-01-22T13:16:44.458+0000] {logging_mixin.py:190} INFO - [2025-01-22T13:16:44.458+0000] {dag.py:4180} INFO - Setting next_dagrun for example_subdag_operator.section-1 to None, run_after=None
[2025-01-22T13:16:44.458+0000] {logging_mixin.py:190} INFO - [2025-01-22T13:16:44.458+0000] {dag.py:4180} INFO - Setting next_dagrun for example_subdag_operator.section-2 to None, run_after=None
[2025-01-22T13:16:44.467+0000] {processor.py:208} INFO - Processing /usr/local/python/3.12.1/lib/python3.12/site-packages/airflow/example_dags/example_subdag_operator.py took 0.078 seconds
[2025-01-22T13:17:36.678+0000] {processor.py:186} INFO - Started process (PID=18786) to work on /usr/local/python/3.12.1/lib/python3.12/site-packages/airflow/example_dags/example_subdag_operator.py
[2025-01-22T13:17:36.678+0000] {processor.py:914} INFO - Processing file /usr/local/python/3.12.1/lib/python3.12/site-packages/airflow/example_dags/example_subdag_operator.py for tasks to queue
[2025-01-22T13:17:36.680+0000] {logging_mixin.py:190} INFO - [2025-01-22T13:17:36.680+0000] {dagbag.py:588} INFO - Filling up the DagBag from /usr/local/python/3.12.1/lib/python3.12/site-packages/airflow/example_dags/example_subdag_operator.py
[2025-01-22T13:17:36.696+0000] {processor.py:925} INFO - DAG(s) 'example_subdag_operator.section-1', 'example_subdag_operator.section-2', 'example_subdag_operator' retrieved from /usr/local/python/3.12.1/lib/python3.12/site-packages/airflow/example_dags/example_subdag_operator.py
[2025-01-22T13:17:36.706+0000] {logging_mixin.py:190} INFO - [2025-01-22T13:17:36.706+0000] {dag.py:3239} INFO - Sync 3 DAGs
[2025-01-22T13:17:36.721+0000] {logging_mixin.py:190} INFO - [2025-01-22T13:17:36.720+0000] {dag.py:4180} INFO - Setting next_dagrun for example_subdag_operator to 2022-01-01 00:00:00+00:00, run_after=2022-01-01 00:00:00+00:00
[2025-01-22T13:17:36.723+0000] {logging_mixin.py:190} INFO - [2025-01-22T13:17:36.723+0000] {dag.py:4180} INFO - Setting next_dagrun for example_subdag_operator.section-1 to None, run_after=None
[2025-01-22T13:17:36.724+0000] {logging_mixin.py:190} INFO - [2025-01-22T13:17:36.724+0000] {dag.py:4180} INFO - Setting next_dagrun for example_subdag_operator.section-2 to None, run_after=None
[2025-01-22T13:17:36.728+0000] {logging_mixin.py:190} INFO - [2025-01-22T13:17:36.728+0000] {dag.py:3239} INFO - Sync 2 DAGs
[2025-01-22T13:17:36.732+0000] {logging_mixin.py:190} INFO - [2025-01-22T13:17:36.732+0000] {dag.py:4180} INFO - Setting next_dagrun for example_subdag_operator.section-1 to None, run_after=None
[2025-01-22T13:17:36.732+0000] {logging_mixin.py:190} INFO - [2025-01-22T13:17:36.732+0000] {dag.py:4180} INFO - Setting next_dagrun for example_subdag_operator.section-2 to None, run_after=None
[2025-01-22T13:17:36.741+0000] {processor.py:208} INFO - Processing /usr/local/python/3.12.1/lib/python3.12/site-packages/airflow/example_dags/example_subdag_operator.py took 0.067 seconds
[2025-01-22T13:18:26.828+0000] {processor.py:186} INFO - Started process (PID=19229) to work on /usr/local/python/3.12.1/lib/python3.12/site-packages/airflow/example_dags/example_subdag_operator.py
[2025-01-22T13:18:26.828+0000] {processor.py:914} INFO - Processing file /usr/local/python/3.12.1/lib/python3.12/site-packages/airflow/example_dags/example_subdag_operator.py for tasks to queue
[2025-01-22T13:18:26.830+0000] {logging_mixin.py:190} INFO - [2025-01-22T13:18:26.830+0000] {dagbag.py:588} INFO - Filling up the DagBag from /usr/local/python/3.12.1/lib/python3.12/site-packages/airflow/example_dags/example_subdag_operator.py
[2025-01-22T13:18:26.846+0000] {processor.py:925} INFO - DAG(s) 'example_subdag_operator.section-1', 'example_subdag_operator.section-2', 'example_subdag_operator' retrieved from /usr/local/python/3.12.1/lib/python3.12/site-packages/airflow/example_dags/example_subdag_operator.py
[2025-01-22T13:18:26.857+0000] {logging_mixin.py:190} INFO - [2025-01-22T13:18:26.856+0000] {dag.py:3239} INFO - Sync 3 DAGs
[2025-01-22T13:18:26.871+0000] {logging_mixin.py:190} INFO - [2025-01-22T13:18:26.871+0000] {dag.py:4180} INFO - Setting next_dagrun for example_subdag_operator to 2022-01-01 00:00:00+00:00, run_after=2022-01-01 00:00:00+00:00
[2025-01-22T13:18:26.873+0000] {logging_mixin.py:190} INFO - [2025-01-22T13:18:26.873+0000] {dag.py:4180} INFO - Setting next_dagrun for example_subdag_operator.section-1 to None, run_after=None
[2025-01-22T13:18:26.874+0000] {logging_mixin.py:190} INFO - [2025-01-22T13:18:26.874+0000] {dag.py:4180} INFO - Setting next_dagrun for example_subdag_operator.section-2 to None, run_after=None
[2025-01-22T13:18:26.878+0000] {logging_mixin.py:190} INFO - [2025-01-22T13:18:26.878+0000] {dag.py:3239} INFO - Sync 2 DAGs
[2025-01-22T13:18:26.881+0000] {logging_mixin.py:190} INFO - [2025-01-22T13:18:26.881+0000] {dag.py:4180} INFO - Setting next_dagrun for example_subdag_operator.section-1 to None, run_after=None
[2025-01-22T13:18:26.881+0000] {logging_mixin.py:190} INFO - [2025-01-22T13:18:26.881+0000] {dag.py:4180} INFO - Setting next_dagrun for example_subdag_operator.section-2 to None, run_after=None
[2025-01-22T13:18:26.893+0000] {processor.py:208} INFO - Processing /usr/local/python/3.12.1/lib/python3.12/site-packages/airflow/example_dags/example_subdag_operator.py took 0.070 seconds
[2025-01-22T13:19:15.063+0000] {processor.py:186} INFO - Started process (PID=20022) to work on /usr/local/python/3.12.1/lib/python3.12/site-packages/airflow/example_dags/example_subdag_operator.py
[2025-01-22T13:19:15.063+0000] {processor.py:914} INFO - Processing file /usr/local/python/3.12.1/lib/python3.12/site-packages/airflow/example_dags/example_subdag_operator.py for tasks to queue
[2025-01-22T13:19:15.065+0000] {logging_mixin.py:190} INFO - [2025-01-22T13:19:15.064+0000] {dagbag.py:588} INFO - Filling up the DagBag from /usr/local/python/3.12.1/lib/python3.12/site-packages/airflow/example_dags/example_subdag_operator.py
[2025-01-22T13:19:15.081+0000] {processor.py:925} INFO - DAG(s) 'example_subdag_operator.section-1', 'example_subdag_operator.section-2', 'example_subdag_operator' retrieved from /usr/local/python/3.12.1/lib/python3.12/site-packages/airflow/example_dags/example_subdag_operator.py
[2025-01-22T13:19:15.091+0000] {logging_mixin.py:190} INFO - [2025-01-22T13:19:15.091+0000] {dag.py:3239} INFO - Sync 3 DAGs
[2025-01-22T13:19:15.106+0000] {logging_mixin.py:190} INFO - [2025-01-22T13:19:15.106+0000] {dag.py:4180} INFO - Setting next_dagrun for example_subdag_operator to 2022-01-01 00:00:00+00:00, run_after=2022-01-01 00:00:00+00:00
[2025-01-22T13:19:15.108+0000] {logging_mixin.py:190} INFO - [2025-01-22T13:19:15.108+0000] {dag.py:4180} INFO - Setting next_dagrun for example_subdag_operator.section-1 to None, run_after=None
[2025-01-22T13:19:15.109+0000] {logging_mixin.py:190} INFO - [2025-01-22T13:19:15.109+0000] {dag.py:4180} INFO - Setting next_dagrun for example_subdag_operator.section-2 to None, run_after=None
[2025-01-22T13:19:15.113+0000] {logging_mixin.py:190} INFO - [2025-01-22T13:19:15.113+0000] {dag.py:3239} INFO - Sync 2 DAGs
[2025-01-22T13:19:15.116+0000] {logging_mixin.py:190} INFO - [2025-01-22T13:19:15.116+0000] {dag.py:4180} INFO - Setting next_dagrun for example_subdag_operator.section-1 to None, run_after=None
[2025-01-22T13:19:15.116+0000] {logging_mixin.py:190} INFO - [2025-01-22T13:19:15.116+0000] {dag.py:4180} INFO - Setting next_dagrun for example_subdag_operator.section-2 to None, run_after=None
[2025-01-22T13:19:15.130+0000] {processor.py:208} INFO - Processing /usr/local/python/3.12.1/lib/python3.12/site-packages/airflow/example_dags/example_subdag_operator.py took 0.071 seconds
[2025-01-22T13:20:05.749+0000] {processor.py:186} INFO - Started process (PID=20996) to work on /usr/local/python/3.12.1/lib/python3.12/site-packages/airflow/example_dags/example_subdag_operator.py
[2025-01-22T13:20:05.749+0000] {processor.py:914} INFO - Processing file /usr/local/python/3.12.1/lib/python3.12/site-packages/airflow/example_dags/example_subdag_operator.py for tasks to queue
[2025-01-22T13:20:05.751+0000] {logging_mixin.py:190} INFO - [2025-01-22T13:20:05.751+0000] {dagbag.py:588} INFO - Filling up the DagBag from /usr/local/python/3.12.1/lib/python3.12/site-packages/airflow/example_dags/example_subdag_operator.py
[2025-01-22T13:20:05.767+0000] {processor.py:925} INFO - DAG(s) 'example_subdag_operator.section-1', 'example_subdag_operator.section-2', 'example_subdag_operator' retrieved from /usr/local/python/3.12.1/lib/python3.12/site-packages/airflow/example_dags/example_subdag_operator.py
[2025-01-22T13:20:05.777+0000] {logging_mixin.py:190} INFO - [2025-01-22T13:20:05.777+0000] {dag.py:3239} INFO - Sync 3 DAGs
[2025-01-22T13:20:05.791+0000] {logging_mixin.py:190} INFO - [2025-01-22T13:20:05.791+0000] {dag.py:4180} INFO - Setting next_dagrun for example_subdag_operator to 2022-01-01 00:00:00+00:00, run_after=2022-01-01 00:00:00+00:00
[2025-01-22T13:20:05.794+0000] {logging_mixin.py:190} INFO - [2025-01-22T13:20:05.793+0000] {dag.py:4180} INFO - Setting next_dagrun for example_subdag_operator.section-1 to None, run_after=None
[2025-01-22T13:20:05.794+0000] {logging_mixin.py:190} INFO - [2025-01-22T13:20:05.794+0000] {dag.py:4180} INFO - Setting next_dagrun for example_subdag_operator.section-2 to None, run_after=None
[2025-01-22T13:20:05.799+0000] {logging_mixin.py:190} INFO - [2025-01-22T13:20:05.798+0000] {dag.py:3239} INFO - Sync 2 DAGs
[2025-01-22T13:20:05.801+0000] {logging_mixin.py:190} INFO - [2025-01-22T13:20:05.801+0000] {dag.py:4180} INFO - Setting next_dagrun for example_subdag_operator.section-1 to None, run_after=None
[2025-01-22T13:20:05.801+0000] {logging_mixin.py:190} INFO - [2025-01-22T13:20:05.801+0000] {dag.py:4180} INFO - Setting next_dagrun for example_subdag_operator.section-2 to None, run_after=None
[2025-01-22T13:20:05.811+0000] {processor.py:208} INFO - Processing /usr/local/python/3.12.1/lib/python3.12/site-packages/airflow/example_dags/example_subdag_operator.py took 0.066 seconds
[2025-01-22T13:20:53.921+0000] {processor.py:186} INFO - Started process (PID=21513) to work on /usr/local/python/3.12.1/lib/python3.12/site-packages/airflow/example_dags/example_subdag_operator.py
[2025-01-22T13:20:53.921+0000] {processor.py:914} INFO - Processing file /usr/local/python/3.12.1/lib/python3.12/site-packages/airflow/example_dags/example_subdag_operator.py for tasks to queue
[2025-01-22T13:20:53.923+0000] {logging_mixin.py:190} INFO - [2025-01-22T13:20:53.923+0000] {dagbag.py:588} INFO - Filling up the DagBag from /usr/local/python/3.12.1/lib/python3.12/site-packages/airflow/example_dags/example_subdag_operator.py
[2025-01-22T13:20:53.939+0000] {processor.py:925} INFO - DAG(s) 'example_subdag_operator.section-1', 'example_subdag_operator.section-2', 'example_subdag_operator' retrieved from /usr/local/python/3.12.1/lib/python3.12/site-packages/airflow/example_dags/example_subdag_operator.py
[2025-01-22T13:20:53.949+0000] {logging_mixin.py:190} INFO - [2025-01-22T13:20:53.949+0000] {dag.py:3239} INFO - Sync 3 DAGs
[2025-01-22T13:20:53.963+0000] {logging_mixin.py:190} INFO - [2025-01-22T13:20:53.962+0000] {dag.py:4180} INFO - Setting next_dagrun for example_subdag_operator to 2022-01-01 00:00:00+00:00, run_after=2022-01-01 00:00:00+00:00
[2025-01-22T13:20:53.965+0000] {logging_mixin.py:190} INFO - [2025-01-22T13:20:53.965+0000] {dag.py:4180} INFO - Setting next_dagrun for example_subdag_operator.section-1 to None, run_after=None
[2025-01-22T13:20:53.966+0000] {logging_mixin.py:190} INFO - [2025-01-22T13:20:53.966+0000] {dag.py:4180} INFO - Setting next_dagrun for example_subdag_operator.section-2 to None, run_after=None
[2025-01-22T13:20:53.970+0000] {logging_mixin.py:190} INFO - [2025-01-22T13:20:53.970+0000] {dag.py:3239} INFO - Sync 2 DAGs
[2025-01-22T13:20:53.973+0000] {logging_mixin.py:190} INFO - [2025-01-22T13:20:53.973+0000] {dag.py:4180} INFO - Setting next_dagrun for example_subdag_operator.section-1 to None, run_after=None
[2025-01-22T13:20:53.974+0000] {logging_mixin.py:190} INFO - [2025-01-22T13:20:53.973+0000] {dag.py:4180} INFO - Setting next_dagrun for example_subdag_operator.section-2 to None, run_after=None
[2025-01-22T13:20:53.982+0000] {processor.py:208} INFO - Processing /usr/local/python/3.12.1/lib/python3.12/site-packages/airflow/example_dags/example_subdag_operator.py took 0.065 seconds
