[2025-01-22T12:52:59.500+0000] {processor.py:186} INFO - Started process (PID=5650) to work on /usr/local/python/3.12.1/lib/python3.12/site-packages/airflow/example_dags/example_dataset_alias_with_no_taskflow.py
[2025-01-22T12:52:59.501+0000] {processor.py:914} INFO - Processing file /usr/local/python/3.12.1/lib/python3.12/site-packages/airflow/example_dags/example_dataset_alias_with_no_taskflow.py for tasks to queue
[2025-01-22T12:52:59.503+0000] {logging_mixin.py:190} INFO - [2025-01-22T12:52:59.502+0000] {dagbag.py:588} INFO - Filling up the DagBag from /usr/local/python/3.12.1/lib/python3.12/site-packages/airflow/example_dags/example_dataset_alias_with_no_taskflow.py
[2025-01-22T12:52:59.532+0000] {processor.py:925} INFO - DAG(s) 'dataset_s3_bucket_producer_with_no_taskflow', 'dataset_alias_example_alias_consumer_with_no_taskflow', 'dataset_alias_example_alias_producer_with_no_taskflow', 'dataset_s3_bucket_consumer_with_no_taskflow' retrieved from /usr/local/python/3.12.1/lib/python3.12/site-packages/airflow/example_dags/example_dataset_alias_with_no_taskflow.py
[2025-01-22T12:52:59.650+0000] {logging_mixin.py:190} INFO - [2025-01-22T12:52:59.650+0000] {override.py:1911} INFO - Created Permission View: can delete on DAG:dataset_s3_bucket_producer_with_no_taskflow
[2025-01-22T12:52:59.660+0000] {logging_mixin.py:190} INFO - [2025-01-22T12:52:59.660+0000] {override.py:1911} INFO - Created Permission View: can edit on DAG:dataset_s3_bucket_producer_with_no_taskflow
[2025-01-22T12:52:59.675+0000] {logging_mixin.py:190} INFO - [2025-01-22T12:52:59.675+0000] {override.py:1911} INFO - Created Permission View: can read on DAG:dataset_s3_bucket_producer_with_no_taskflow
[2025-01-22T12:52:59.689+0000] {logging_mixin.py:190} INFO - [2025-01-22T12:52:59.689+0000] {override.py:1911} INFO - Created Permission View: can create on DAG Run:dataset_s3_bucket_producer_with_no_taskflow
[2025-01-22T12:52:59.696+0000] {logging_mixin.py:190} INFO - [2025-01-22T12:52:59.696+0000] {override.py:1911} INFO - Created Permission View: can read on DAG Run:dataset_s3_bucket_producer_with_no_taskflow
[2025-01-22T12:52:59.703+0000] {logging_mixin.py:190} INFO - [2025-01-22T12:52:59.703+0000] {override.py:1911} INFO - Created Permission View: menu access on DAG Run:dataset_s3_bucket_producer_with_no_taskflow
[2025-01-22T12:52:59.710+0000] {logging_mixin.py:190} INFO - [2025-01-22T12:52:59.710+0000] {override.py:1911} INFO - Created Permission View: can delete on DAG Run:dataset_s3_bucket_producer_with_no_taskflow
[2025-01-22T12:52:59.727+0000] {logging_mixin.py:190} INFO - [2025-01-22T12:52:59.726+0000] {override.py:1911} INFO - Created Permission View: can delete on DAG:dataset_alias_example_alias_consumer_with_no_taskflow
[2025-01-22T12:52:59.734+0000] {logging_mixin.py:190} INFO - [2025-01-22T12:52:59.734+0000] {override.py:1911} INFO - Created Permission View: can edit on DAG:dataset_alias_example_alias_consumer_with_no_taskflow
[2025-01-22T12:52:59.741+0000] {logging_mixin.py:190} INFO - [2025-01-22T12:52:59.740+0000] {override.py:1911} INFO - Created Permission View: can read on DAG:dataset_alias_example_alias_consumer_with_no_taskflow
[2025-01-22T12:52:59.802+0000] {logging_mixin.py:190} INFO - [2025-01-22T12:52:59.801+0000] {override.py:1911} INFO - Created Permission View: can create on DAG Run:dataset_alias_example_alias_consumer_with_no_taskflow
[2025-01-22T12:52:59.808+0000] {logging_mixin.py:190} INFO - [2025-01-22T12:52:59.808+0000] {override.py:1911} INFO - Created Permission View: can read on DAG Run:dataset_alias_example_alias_consumer_with_no_taskflow
[2025-01-22T12:52:59.814+0000] {logging_mixin.py:190} INFO - [2025-01-22T12:52:59.814+0000] {override.py:1911} INFO - Created Permission View: menu access on DAG Run:dataset_alias_example_alias_consumer_with_no_taskflow
[2025-01-22T12:52:59.821+0000] {logging_mixin.py:190} INFO - [2025-01-22T12:52:59.820+0000] {override.py:1911} INFO - Created Permission View: can delete on DAG Run:dataset_alias_example_alias_consumer_with_no_taskflow
[2025-01-22T12:52:59.836+0000] {logging_mixin.py:190} INFO - [2025-01-22T12:52:59.836+0000] {override.py:1911} INFO - Created Permission View: can delete on DAG:dataset_alias_example_alias_producer_with_no_taskflow
[2025-01-22T12:52:59.842+0000] {logging_mixin.py:190} INFO - [2025-01-22T12:52:59.842+0000] {override.py:1911} INFO - Created Permission View: can edit on DAG:dataset_alias_example_alias_producer_with_no_taskflow
[2025-01-22T12:52:59.850+0000] {logging_mixin.py:190} INFO - [2025-01-22T12:52:59.849+0000] {override.py:1911} INFO - Created Permission View: can read on DAG:dataset_alias_example_alias_producer_with_no_taskflow
[2025-01-22T12:52:59.858+0000] {logging_mixin.py:190} INFO - [2025-01-22T12:52:59.858+0000] {override.py:1911} INFO - Created Permission View: can create on DAG Run:dataset_alias_example_alias_producer_with_no_taskflow
[2025-01-22T12:52:59.865+0000] {logging_mixin.py:190} INFO - [2025-01-22T12:52:59.865+0000] {override.py:1911} INFO - Created Permission View: can read on DAG Run:dataset_alias_example_alias_producer_with_no_taskflow
[2025-01-22T12:52:59.874+0000] {logging_mixin.py:190} INFO - [2025-01-22T12:52:59.874+0000] {override.py:1911} INFO - Created Permission View: menu access on DAG Run:dataset_alias_example_alias_producer_with_no_taskflow
[2025-01-22T12:52:59.880+0000] {logging_mixin.py:190} INFO - [2025-01-22T12:52:59.880+0000] {override.py:1911} INFO - Created Permission View: can delete on DAG Run:dataset_alias_example_alias_producer_with_no_taskflow
[2025-01-22T12:52:59.893+0000] {logging_mixin.py:190} INFO - [2025-01-22T12:52:59.893+0000] {override.py:1911} INFO - Created Permission View: can delete on DAG:dataset_s3_bucket_consumer_with_no_taskflow
[2025-01-22T12:52:59.900+0000] {logging_mixin.py:190} INFO - [2025-01-22T12:52:59.900+0000] {override.py:1911} INFO - Created Permission View: can edit on DAG:dataset_s3_bucket_consumer_with_no_taskflow
[2025-01-22T12:52:59.907+0000] {logging_mixin.py:190} INFO - [2025-01-22T12:52:59.907+0000] {override.py:1911} INFO - Created Permission View: can read on DAG:dataset_s3_bucket_consumer_with_no_taskflow
[2025-01-22T12:52:59.916+0000] {logging_mixin.py:190} INFO - [2025-01-22T12:52:59.916+0000] {override.py:1911} INFO - Created Permission View: can create on DAG Run:dataset_s3_bucket_consumer_with_no_taskflow
[2025-01-22T12:52:59.924+0000] {logging_mixin.py:190} INFO - [2025-01-22T12:52:59.924+0000] {override.py:1911} INFO - Created Permission View: can read on DAG Run:dataset_s3_bucket_consumer_with_no_taskflow
[2025-01-22T12:52:59.930+0000] {logging_mixin.py:190} INFO - [2025-01-22T12:52:59.930+0000] {override.py:1911} INFO - Created Permission View: menu access on DAG Run:dataset_s3_bucket_consumer_with_no_taskflow
[2025-01-22T12:52:59.940+0000] {logging_mixin.py:190} INFO - [2025-01-22T12:52:59.940+0000] {override.py:1911} INFO - Created Permission View: can delete on DAG Run:dataset_s3_bucket_consumer_with_no_taskflow
[2025-01-22T12:52:59.940+0000] {logging_mixin.py:190} INFO - [2025-01-22T12:52:59.940+0000] {dag.py:3239} INFO - Sync 4 DAGs
[2025-01-22T12:52:59.948+0000] {logging_mixin.py:190} INFO - [2025-01-22T12:52:59.948+0000] {dag.py:3262} INFO - Creating ORM DAG for dataset_s3_bucket_producer_with_no_taskflow
[2025-01-22T12:52:59.949+0000] {logging_mixin.py:190} INFO - [2025-01-22T12:52:59.949+0000] {dag.py:3262} INFO - Creating ORM DAG for dataset_alias_example_alias_consumer_with_no_taskflow
[2025-01-22T12:52:59.949+0000] {logging_mixin.py:190} INFO - [2025-01-22T12:52:59.949+0000] {dag.py:3262} INFO - Creating ORM DAG for dataset_alias_example_alias_producer_with_no_taskflow
[2025-01-22T12:52:59.950+0000] {logging_mixin.py:190} INFO - [2025-01-22T12:52:59.949+0000] {dag.py:3262} INFO - Creating ORM DAG for dataset_s3_bucket_consumer_with_no_taskflow
[2025-01-22T12:52:59.955+0000] {logging_mixin.py:190} INFO - [2025-01-22T12:52:59.955+0000] {dag.py:4180} INFO - Setting next_dagrun for dataset_alias_example_alias_consumer_with_no_taskflow to None, run_after=None
[2025-01-22T12:52:59.956+0000] {logging_mixin.py:190} INFO - [2025-01-22T12:52:59.956+0000] {dag.py:4180} INFO - Setting next_dagrun for dataset_alias_example_alias_producer_with_no_taskflow to None, run_after=None
[2025-01-22T12:52:59.956+0000] {logging_mixin.py:190} INFO - [2025-01-22T12:52:59.956+0000] {dag.py:4180} INFO - Setting next_dagrun for dataset_s3_bucket_consumer_with_no_taskflow to None, run_after=None
[2025-01-22T12:52:59.957+0000] {logging_mixin.py:190} INFO - [2025-01-22T12:52:59.957+0000] {dag.py:4180} INFO - Setting next_dagrun for dataset_s3_bucket_producer_with_no_taskflow to None, run_after=None
[2025-01-22T12:52:59.976+0000] {processor.py:208} INFO - Processing /usr/local/python/3.12.1/lib/python3.12/site-packages/airflow/example_dags/example_dataset_alias_with_no_taskflow.py took 0.482 seconds
[2025-01-22T12:53:57.076+0000] {processor.py:186} INFO - Started process (PID=6578) to work on /usr/local/python/3.12.1/lib/python3.12/site-packages/airflow/example_dags/example_dataset_alias_with_no_taskflow.py
[2025-01-22T12:53:57.077+0000] {processor.py:914} INFO - Processing file /usr/local/python/3.12.1/lib/python3.12/site-packages/airflow/example_dags/example_dataset_alias_with_no_taskflow.py for tasks to queue
[2025-01-22T12:53:57.079+0000] {logging_mixin.py:190} INFO - [2025-01-22T12:53:57.079+0000] {dagbag.py:588} INFO - Filling up the DagBag from /usr/local/python/3.12.1/lib/python3.12/site-packages/airflow/example_dags/example_dataset_alias_with_no_taskflow.py
[2025-01-22T12:53:57.102+0000] {processor.py:925} INFO - DAG(s) 'dataset_s3_bucket_consumer_with_no_taskflow', 'dataset_s3_bucket_producer_with_no_taskflow', 'dataset_alias_example_alias_consumer_with_no_taskflow', 'dataset_alias_example_alias_producer_with_no_taskflow' retrieved from /usr/local/python/3.12.1/lib/python3.12/site-packages/airflow/example_dags/example_dataset_alias_with_no_taskflow.py
[2025-01-22T12:53:57.124+0000] {logging_mixin.py:190} INFO - [2025-01-22T12:53:57.124+0000] {dag.py:3239} INFO - Sync 4 DAGs
[2025-01-22T12:53:57.147+0000] {logging_mixin.py:190} INFO - [2025-01-22T12:53:57.147+0000] {dag.py:4180} INFO - Setting next_dagrun for dataset_alias_example_alias_consumer_with_no_taskflow to None, run_after=None
[2025-01-22T12:53:57.149+0000] {logging_mixin.py:190} INFO - [2025-01-22T12:53:57.149+0000] {dag.py:4180} INFO - Setting next_dagrun for dataset_alias_example_alias_producer_with_no_taskflow to None, run_after=None
[2025-01-22T12:53:57.150+0000] {logging_mixin.py:190} INFO - [2025-01-22T12:53:57.150+0000] {dag.py:4180} INFO - Setting next_dagrun for dataset_s3_bucket_consumer_with_no_taskflow to None, run_after=None
[2025-01-22T12:53:57.151+0000] {logging_mixin.py:190} INFO - [2025-01-22T12:53:57.151+0000] {dag.py:4180} INFO - Setting next_dagrun for dataset_s3_bucket_producer_with_no_taskflow to None, run_after=None
[2025-01-22T12:53:57.176+0000] {processor.py:208} INFO - Processing /usr/local/python/3.12.1/lib/python3.12/site-packages/airflow/example_dags/example_dataset_alias_with_no_taskflow.py took 0.104 seconds
[2025-01-22T12:54:51.685+0000] {processor.py:186} INFO - Started process (PID=7155) to work on /usr/local/python/3.12.1/lib/python3.12/site-packages/airflow/example_dags/example_dataset_alias_with_no_taskflow.py
[2025-01-22T12:54:51.685+0000] {processor.py:914} INFO - Processing file /usr/local/python/3.12.1/lib/python3.12/site-packages/airflow/example_dags/example_dataset_alias_with_no_taskflow.py for tasks to queue
[2025-01-22T12:54:51.687+0000] {logging_mixin.py:190} INFO - [2025-01-22T12:54:51.687+0000] {dagbag.py:588} INFO - Filling up the DagBag from /usr/local/python/3.12.1/lib/python3.12/site-packages/airflow/example_dags/example_dataset_alias_with_no_taskflow.py
[2025-01-22T12:54:51.702+0000] {processor.py:925} INFO - DAG(s) 'dataset_alias_example_alias_producer_with_no_taskflow', 'dataset_alias_example_alias_consumer_with_no_taskflow', 'dataset_s3_bucket_producer_with_no_taskflow', 'dataset_s3_bucket_consumer_with_no_taskflow' retrieved from /usr/local/python/3.12.1/lib/python3.12/site-packages/airflow/example_dags/example_dataset_alias_with_no_taskflow.py
[2025-01-22T12:54:51.716+0000] {logging_mixin.py:190} INFO - [2025-01-22T12:54:51.716+0000] {dag.py:3239} INFO - Sync 4 DAGs
[2025-01-22T12:54:51.734+0000] {logging_mixin.py:190} INFO - [2025-01-22T12:54:51.734+0000] {dag.py:4180} INFO - Setting next_dagrun for dataset_alias_example_alias_consumer_with_no_taskflow to None, run_after=None
[2025-01-22T12:54:51.736+0000] {logging_mixin.py:190} INFO - [2025-01-22T12:54:51.736+0000] {dag.py:4180} INFO - Setting next_dagrun for dataset_alias_example_alias_producer_with_no_taskflow to None, run_after=None
[2025-01-22T12:54:51.737+0000] {logging_mixin.py:190} INFO - [2025-01-22T12:54:51.736+0000] {dag.py:4180} INFO - Setting next_dagrun for dataset_s3_bucket_consumer_with_no_taskflow to None, run_after=None
[2025-01-22T12:54:51.737+0000] {logging_mixin.py:190} INFO - [2025-01-22T12:54:51.737+0000] {dag.py:4180} INFO - Setting next_dagrun for dataset_s3_bucket_producer_with_no_taskflow to None, run_after=None
[2025-01-22T12:54:51.754+0000] {processor.py:208} INFO - Processing /usr/local/python/3.12.1/lib/python3.12/site-packages/airflow/example_dags/example_dataset_alias_with_no_taskflow.py took 0.073 seconds
[2025-01-22T12:55:46.413+0000] {processor.py:186} INFO - Started process (PID=7652) to work on /usr/local/python/3.12.1/lib/python3.12/site-packages/airflow/example_dags/example_dataset_alias_with_no_taskflow.py
[2025-01-22T12:55:46.414+0000] {processor.py:914} INFO - Processing file /usr/local/python/3.12.1/lib/python3.12/site-packages/airflow/example_dags/example_dataset_alias_with_no_taskflow.py for tasks to queue
[2025-01-22T12:55:46.416+0000] {logging_mixin.py:190} INFO - [2025-01-22T12:55:46.415+0000] {dagbag.py:588} INFO - Filling up the DagBag from /usr/local/python/3.12.1/lib/python3.12/site-packages/airflow/example_dags/example_dataset_alias_with_no_taskflow.py
[2025-01-22T12:55:46.431+0000] {processor.py:925} INFO - DAG(s) 'dataset_alias_example_alias_producer_with_no_taskflow', 'dataset_s3_bucket_producer_with_no_taskflow', 'dataset_alias_example_alias_consumer_with_no_taskflow', 'dataset_s3_bucket_consumer_with_no_taskflow' retrieved from /usr/local/python/3.12.1/lib/python3.12/site-packages/airflow/example_dags/example_dataset_alias_with_no_taskflow.py
[2025-01-22T12:55:46.445+0000] {logging_mixin.py:190} INFO - [2025-01-22T12:55:46.445+0000] {dag.py:3239} INFO - Sync 4 DAGs
[2025-01-22T12:55:46.459+0000] {logging_mixin.py:190} INFO - [2025-01-22T12:55:46.458+0000] {dag.py:4180} INFO - Setting next_dagrun for dataset_alias_example_alias_consumer_with_no_taskflow to None, run_after=None
[2025-01-22T12:55:46.460+0000] {logging_mixin.py:190} INFO - [2025-01-22T12:55:46.460+0000] {dag.py:4180} INFO - Setting next_dagrun for dataset_alias_example_alias_producer_with_no_taskflow to None, run_after=None
[2025-01-22T12:55:46.461+0000] {logging_mixin.py:190} INFO - [2025-01-22T12:55:46.461+0000] {dag.py:4180} INFO - Setting next_dagrun for dataset_s3_bucket_consumer_with_no_taskflow to None, run_after=None
[2025-01-22T12:55:46.461+0000] {logging_mixin.py:190} INFO - [2025-01-22T12:55:46.461+0000] {dag.py:4180} INFO - Setting next_dagrun for dataset_s3_bucket_producer_with_no_taskflow to None, run_after=None
[2025-01-22T12:55:46.477+0000] {processor.py:208} INFO - Processing /usr/local/python/3.12.1/lib/python3.12/site-packages/airflow/example_dags/example_dataset_alias_with_no_taskflow.py took 0.067 seconds
[2025-01-22T12:56:37.257+0000] {processor.py:186} INFO - Started process (PID=8075) to work on /usr/local/python/3.12.1/lib/python3.12/site-packages/airflow/example_dags/example_dataset_alias_with_no_taskflow.py
[2025-01-22T12:56:37.258+0000] {processor.py:914} INFO - Processing file /usr/local/python/3.12.1/lib/python3.12/site-packages/airflow/example_dags/example_dataset_alias_with_no_taskflow.py for tasks to queue
[2025-01-22T12:56:37.261+0000] {logging_mixin.py:190} INFO - [2025-01-22T12:56:37.260+0000] {dagbag.py:588} INFO - Filling up the DagBag from /usr/local/python/3.12.1/lib/python3.12/site-packages/airflow/example_dags/example_dataset_alias_with_no_taskflow.py
[2025-01-22T12:56:37.290+0000] {processor.py:925} INFO - DAG(s) 'dataset_s3_bucket_producer_with_no_taskflow', 'dataset_alias_example_alias_producer_with_no_taskflow', 'dataset_alias_example_alias_consumer_with_no_taskflow', 'dataset_s3_bucket_consumer_with_no_taskflow' retrieved from /usr/local/python/3.12.1/lib/python3.12/site-packages/airflow/example_dags/example_dataset_alias_with_no_taskflow.py
[2025-01-22T12:56:37.322+0000] {logging_mixin.py:190} INFO - [2025-01-22T12:56:37.322+0000] {dag.py:3239} INFO - Sync 4 DAGs
[2025-01-22T12:56:37.360+0000] {logging_mixin.py:190} INFO - [2025-01-22T12:56:37.359+0000] {dag.py:4180} INFO - Setting next_dagrun for dataset_alias_example_alias_consumer_with_no_taskflow to None, run_after=None
[2025-01-22T12:56:37.363+0000] {logging_mixin.py:190} INFO - [2025-01-22T12:56:37.362+0000] {dag.py:4180} INFO - Setting next_dagrun for dataset_alias_example_alias_producer_with_no_taskflow to None, run_after=None
[2025-01-22T12:56:37.364+0000] {logging_mixin.py:190} INFO - [2025-01-22T12:56:37.364+0000] {dag.py:4180} INFO - Setting next_dagrun for dataset_s3_bucket_consumer_with_no_taskflow to None, run_after=None
[2025-01-22T12:56:37.365+0000] {logging_mixin.py:190} INFO - [2025-01-22T12:56:37.365+0000] {dag.py:4180} INFO - Setting next_dagrun for dataset_s3_bucket_producer_with_no_taskflow to None, run_after=None
[2025-01-22T12:56:37.391+0000] {processor.py:208} INFO - Processing /usr/local/python/3.12.1/lib/python3.12/site-packages/airflow/example_dags/example_dataset_alias_with_no_taskflow.py took 0.141 seconds
[2025-01-22T12:57:29.203+0000] {processor.py:186} INFO - Started process (PID=8557) to work on /usr/local/python/3.12.1/lib/python3.12/site-packages/airflow/example_dags/example_dataset_alias_with_no_taskflow.py
[2025-01-22T12:57:29.204+0000] {processor.py:914} INFO - Processing file /usr/local/python/3.12.1/lib/python3.12/site-packages/airflow/example_dags/example_dataset_alias_with_no_taskflow.py for tasks to queue
[2025-01-22T12:57:29.206+0000] {logging_mixin.py:190} INFO - [2025-01-22T12:57:29.205+0000] {dagbag.py:588} INFO - Filling up the DagBag from /usr/local/python/3.12.1/lib/python3.12/site-packages/airflow/example_dags/example_dataset_alias_with_no_taskflow.py
[2025-01-22T12:57:29.227+0000] {processor.py:925} INFO - DAG(s) 'dataset_alias_example_alias_consumer_with_no_taskflow', 'dataset_s3_bucket_consumer_with_no_taskflow', 'dataset_s3_bucket_producer_with_no_taskflow', 'dataset_alias_example_alias_producer_with_no_taskflow' retrieved from /usr/local/python/3.12.1/lib/python3.12/site-packages/airflow/example_dags/example_dataset_alias_with_no_taskflow.py
[2025-01-22T12:57:29.241+0000] {logging_mixin.py:190} INFO - [2025-01-22T12:57:29.240+0000] {dag.py:3239} INFO - Sync 4 DAGs
[2025-01-22T12:57:29.255+0000] {logging_mixin.py:190} INFO - [2025-01-22T12:57:29.254+0000] {dag.py:4180} INFO - Setting next_dagrun for dataset_alias_example_alias_consumer_with_no_taskflow to None, run_after=None
[2025-01-22T12:57:29.256+0000] {logging_mixin.py:190} INFO - [2025-01-22T12:57:29.256+0000] {dag.py:4180} INFO - Setting next_dagrun for dataset_alias_example_alias_producer_with_no_taskflow to None, run_after=None
[2025-01-22T12:57:29.257+0000] {logging_mixin.py:190} INFO - [2025-01-22T12:57:29.257+0000] {dag.py:4180} INFO - Setting next_dagrun for dataset_s3_bucket_consumer_with_no_taskflow to None, run_after=None
[2025-01-22T12:57:29.258+0000] {logging_mixin.py:190} INFO - [2025-01-22T12:57:29.258+0000] {dag.py:4180} INFO - Setting next_dagrun for dataset_s3_bucket_producer_with_no_taskflow to None, run_after=None
[2025-01-22T12:57:29.276+0000] {processor.py:208} INFO - Processing /usr/local/python/3.12.1/lib/python3.12/site-packages/airflow/example_dags/example_dataset_alias_with_no_taskflow.py took 0.076 seconds
[2025-01-22T12:58:20.414+0000] {processor.py:186} INFO - Started process (PID=8928) to work on /usr/local/python/3.12.1/lib/python3.12/site-packages/airflow/example_dags/example_dataset_alias_with_no_taskflow.py
[2025-01-22T12:58:20.415+0000] {processor.py:914} INFO - Processing file /usr/local/python/3.12.1/lib/python3.12/site-packages/airflow/example_dags/example_dataset_alias_with_no_taskflow.py for tasks to queue
[2025-01-22T12:58:20.417+0000] {logging_mixin.py:190} INFO - [2025-01-22T12:58:20.416+0000] {dagbag.py:588} INFO - Filling up the DagBag from /usr/local/python/3.12.1/lib/python3.12/site-packages/airflow/example_dags/example_dataset_alias_with_no_taskflow.py
[2025-01-22T12:58:20.432+0000] {processor.py:925} INFO - DAG(s) 'dataset_alias_example_alias_producer_with_no_taskflow', 'dataset_s3_bucket_consumer_with_no_taskflow', 'dataset_alias_example_alias_consumer_with_no_taskflow', 'dataset_s3_bucket_producer_with_no_taskflow' retrieved from /usr/local/python/3.12.1/lib/python3.12/site-packages/airflow/example_dags/example_dataset_alias_with_no_taskflow.py
[2025-01-22T12:58:20.446+0000] {logging_mixin.py:190} INFO - [2025-01-22T12:58:20.445+0000] {dag.py:3239} INFO - Sync 4 DAGs
[2025-01-22T12:58:20.460+0000] {logging_mixin.py:190} INFO - [2025-01-22T12:58:20.460+0000] {dag.py:4180} INFO - Setting next_dagrun for dataset_alias_example_alias_consumer_with_no_taskflow to None, run_after=None
[2025-01-22T12:58:20.461+0000] {logging_mixin.py:190} INFO - [2025-01-22T12:58:20.461+0000] {dag.py:4180} INFO - Setting next_dagrun for dataset_alias_example_alias_producer_with_no_taskflow to None, run_after=None
[2025-01-22T12:58:20.462+0000] {logging_mixin.py:190} INFO - [2025-01-22T12:58:20.462+0000] {dag.py:4180} INFO - Setting next_dagrun for dataset_s3_bucket_consumer_with_no_taskflow to None, run_after=None
[2025-01-22T12:58:20.463+0000] {logging_mixin.py:190} INFO - [2025-01-22T12:58:20.463+0000] {dag.py:4180} INFO - Setting next_dagrun for dataset_s3_bucket_producer_with_no_taskflow to None, run_after=None
[2025-01-22T12:58:20.478+0000] {processor.py:208} INFO - Processing /usr/local/python/3.12.1/lib/python3.12/site-packages/airflow/example_dags/example_dataset_alias_with_no_taskflow.py took 0.067 seconds
[2025-01-22T12:59:11.921+0000] {processor.py:186} INFO - Started process (PID=9345) to work on /usr/local/python/3.12.1/lib/python3.12/site-packages/airflow/example_dags/example_dataset_alias_with_no_taskflow.py
[2025-01-22T12:59:11.922+0000] {processor.py:914} INFO - Processing file /usr/local/python/3.12.1/lib/python3.12/site-packages/airflow/example_dags/example_dataset_alias_with_no_taskflow.py for tasks to queue
[2025-01-22T12:59:11.923+0000] {logging_mixin.py:190} INFO - [2025-01-22T12:59:11.923+0000] {dagbag.py:588} INFO - Filling up the DagBag from /usr/local/python/3.12.1/lib/python3.12/site-packages/airflow/example_dags/example_dataset_alias_with_no_taskflow.py
[2025-01-22T12:59:11.939+0000] {processor.py:925} INFO - DAG(s) 'dataset_alias_example_alias_consumer_with_no_taskflow', 'dataset_alias_example_alias_producer_with_no_taskflow', 'dataset_s3_bucket_consumer_with_no_taskflow', 'dataset_s3_bucket_producer_with_no_taskflow' retrieved from /usr/local/python/3.12.1/lib/python3.12/site-packages/airflow/example_dags/example_dataset_alias_with_no_taskflow.py
[2025-01-22T12:59:11.953+0000] {logging_mixin.py:190} INFO - [2025-01-22T12:59:11.953+0000] {dag.py:3239} INFO - Sync 4 DAGs
[2025-01-22T12:59:11.967+0000] {logging_mixin.py:190} INFO - [2025-01-22T12:59:11.967+0000] {dag.py:4180} INFO - Setting next_dagrun for dataset_alias_example_alias_consumer_with_no_taskflow to None, run_after=None
[2025-01-22T12:59:11.969+0000] {logging_mixin.py:190} INFO - [2025-01-22T12:59:11.969+0000] {dag.py:4180} INFO - Setting next_dagrun for dataset_alias_example_alias_producer_with_no_taskflow to None, run_after=None
[2025-01-22T12:59:11.970+0000] {logging_mixin.py:190} INFO - [2025-01-22T12:59:11.970+0000] {dag.py:4180} INFO - Setting next_dagrun for dataset_s3_bucket_consumer_with_no_taskflow to None, run_after=None
[2025-01-22T12:59:11.971+0000] {logging_mixin.py:190} INFO - [2025-01-22T12:59:11.970+0000] {dag.py:4180} INFO - Setting next_dagrun for dataset_s3_bucket_producer_with_no_taskflow to None, run_after=None
[2025-01-22T12:59:11.986+0000] {processor.py:208} INFO - Processing /usr/local/python/3.12.1/lib/python3.12/site-packages/airflow/example_dags/example_dataset_alias_with_no_taskflow.py took 0.069 seconds
[2025-01-22T13:00:04.289+0000] {processor.py:186} INFO - Started process (PID=9774) to work on /usr/local/python/3.12.1/lib/python3.12/site-packages/airflow/example_dags/example_dataset_alias_with_no_taskflow.py
[2025-01-22T13:00:04.289+0000] {processor.py:914} INFO - Processing file /usr/local/python/3.12.1/lib/python3.12/site-packages/airflow/example_dags/example_dataset_alias_with_no_taskflow.py for tasks to queue
[2025-01-22T13:00:04.291+0000] {logging_mixin.py:190} INFO - [2025-01-22T13:00:04.290+0000] {dagbag.py:588} INFO - Filling up the DagBag from /usr/local/python/3.12.1/lib/python3.12/site-packages/airflow/example_dags/example_dataset_alias_with_no_taskflow.py
[2025-01-22T13:00:04.307+0000] {processor.py:925} INFO - DAG(s) 'dataset_alias_example_alias_consumer_with_no_taskflow', 'dataset_s3_bucket_consumer_with_no_taskflow', 'dataset_alias_example_alias_producer_with_no_taskflow', 'dataset_s3_bucket_producer_with_no_taskflow' retrieved from /usr/local/python/3.12.1/lib/python3.12/site-packages/airflow/example_dags/example_dataset_alias_with_no_taskflow.py
[2025-01-22T13:00:04.321+0000] {logging_mixin.py:190} INFO - [2025-01-22T13:00:04.321+0000] {dag.py:3239} INFO - Sync 4 DAGs
[2025-01-22T13:00:04.336+0000] {logging_mixin.py:190} INFO - [2025-01-22T13:00:04.336+0000] {dag.py:4180} INFO - Setting next_dagrun for dataset_alias_example_alias_consumer_with_no_taskflow to None, run_after=None
[2025-01-22T13:00:04.338+0000] {logging_mixin.py:190} INFO - [2025-01-22T13:00:04.338+0000] {dag.py:4180} INFO - Setting next_dagrun for dataset_alias_example_alias_producer_with_no_taskflow to None, run_after=None
[2025-01-22T13:00:04.339+0000] {logging_mixin.py:190} INFO - [2025-01-22T13:00:04.338+0000] {dag.py:4180} INFO - Setting next_dagrun for dataset_s3_bucket_consumer_with_no_taskflow to None, run_after=None
[2025-01-22T13:00:04.339+0000] {logging_mixin.py:190} INFO - [2025-01-22T13:00:04.339+0000] {dag.py:4180} INFO - Setting next_dagrun for dataset_s3_bucket_producer_with_no_taskflow to None, run_after=None
[2025-01-22T13:00:04.355+0000] {processor.py:208} INFO - Processing /usr/local/python/3.12.1/lib/python3.12/site-packages/airflow/example_dags/example_dataset_alias_with_no_taskflow.py took 0.070 seconds
[2025-01-22T13:00:55.419+0000] {processor.py:186} INFO - Started process (PID=10199) to work on /usr/local/python/3.12.1/lib/python3.12/site-packages/airflow/example_dags/example_dataset_alias_with_no_taskflow.py
[2025-01-22T13:00:55.420+0000] {processor.py:914} INFO - Processing file /usr/local/python/3.12.1/lib/python3.12/site-packages/airflow/example_dags/example_dataset_alias_with_no_taskflow.py for tasks to queue
[2025-01-22T13:00:55.421+0000] {logging_mixin.py:190} INFO - [2025-01-22T13:00:55.421+0000] {dagbag.py:588} INFO - Filling up the DagBag from /usr/local/python/3.12.1/lib/python3.12/site-packages/airflow/example_dags/example_dataset_alias_with_no_taskflow.py
[2025-01-22T13:00:55.437+0000] {processor.py:925} INFO - DAG(s) 'dataset_alias_example_alias_consumer_with_no_taskflow', 'dataset_s3_bucket_producer_with_no_taskflow', 'dataset_alias_example_alias_producer_with_no_taskflow', 'dataset_s3_bucket_consumer_with_no_taskflow' retrieved from /usr/local/python/3.12.1/lib/python3.12/site-packages/airflow/example_dags/example_dataset_alias_with_no_taskflow.py
[2025-01-22T13:00:55.451+0000] {logging_mixin.py:190} INFO - [2025-01-22T13:00:55.451+0000] {dag.py:3239} INFO - Sync 4 DAGs
[2025-01-22T13:00:55.465+0000] {logging_mixin.py:190} INFO - [2025-01-22T13:00:55.464+0000] {dag.py:4180} INFO - Setting next_dagrun for dataset_alias_example_alias_consumer_with_no_taskflow to None, run_after=None
[2025-01-22T13:00:55.466+0000] {logging_mixin.py:190} INFO - [2025-01-22T13:00:55.466+0000] {dag.py:4180} INFO - Setting next_dagrun for dataset_alias_example_alias_producer_with_no_taskflow to None, run_after=None
[2025-01-22T13:00:55.467+0000] {logging_mixin.py:190} INFO - [2025-01-22T13:00:55.467+0000] {dag.py:4180} INFO - Setting next_dagrun for dataset_s3_bucket_consumer_with_no_taskflow to None, run_after=None
[2025-01-22T13:00:55.468+0000] {logging_mixin.py:190} INFO - [2025-01-22T13:00:55.468+0000] {dag.py:4180} INFO - Setting next_dagrun for dataset_s3_bucket_producer_with_no_taskflow to None, run_after=None
[2025-01-22T13:00:55.495+0000] {processor.py:208} INFO - Processing /usr/local/python/3.12.1/lib/python3.12/site-packages/airflow/example_dags/example_dataset_alias_with_no_taskflow.py took 0.080 seconds
[2025-01-22T13:01:48.109+0000] {processor.py:186} INFO - Started process (PID=10643) to work on /usr/local/python/3.12.1/lib/python3.12/site-packages/airflow/example_dags/example_dataset_alias_with_no_taskflow.py
[2025-01-22T13:01:48.109+0000] {processor.py:914} INFO - Processing file /usr/local/python/3.12.1/lib/python3.12/site-packages/airflow/example_dags/example_dataset_alias_with_no_taskflow.py for tasks to queue
[2025-01-22T13:01:48.111+0000] {logging_mixin.py:190} INFO - [2025-01-22T13:01:48.110+0000] {dagbag.py:588} INFO - Filling up the DagBag from /usr/local/python/3.12.1/lib/python3.12/site-packages/airflow/example_dags/example_dataset_alias_with_no_taskflow.py
[2025-01-22T13:01:48.126+0000] {processor.py:925} INFO - DAG(s) 'dataset_s3_bucket_consumer_with_no_taskflow', 'dataset_alias_example_alias_producer_with_no_taskflow', 'dataset_s3_bucket_producer_with_no_taskflow', 'dataset_alias_example_alias_consumer_with_no_taskflow' retrieved from /usr/local/python/3.12.1/lib/python3.12/site-packages/airflow/example_dags/example_dataset_alias_with_no_taskflow.py
[2025-01-22T13:01:48.140+0000] {logging_mixin.py:190} INFO - [2025-01-22T13:01:48.140+0000] {dag.py:3239} INFO - Sync 4 DAGs
[2025-01-22T13:01:48.154+0000] {logging_mixin.py:190} INFO - [2025-01-22T13:01:48.154+0000] {dag.py:4180} INFO - Setting next_dagrun for dataset_alias_example_alias_consumer_with_no_taskflow to None, run_after=None
[2025-01-22T13:01:48.155+0000] {logging_mixin.py:190} INFO - [2025-01-22T13:01:48.155+0000] {dag.py:4180} INFO - Setting next_dagrun for dataset_alias_example_alias_producer_with_no_taskflow to None, run_after=None
[2025-01-22T13:01:48.156+0000] {logging_mixin.py:190} INFO - [2025-01-22T13:01:48.156+0000] {dag.py:4180} INFO - Setting next_dagrun for dataset_s3_bucket_consumer_with_no_taskflow to None, run_after=None
[2025-01-22T13:01:48.157+0000] {logging_mixin.py:190} INFO - [2025-01-22T13:01:48.157+0000] {dag.py:4180} INFO - Setting next_dagrun for dataset_s3_bucket_producer_with_no_taskflow to None, run_after=None
[2025-01-22T13:01:48.173+0000] {processor.py:208} INFO - Processing /usr/local/python/3.12.1/lib/python3.12/site-packages/airflow/example_dags/example_dataset_alias_with_no_taskflow.py took 0.068 seconds
[2025-01-22T13:02:37.650+0000] {processor.py:186} INFO - Started process (PID=11104) to work on /usr/local/python/3.12.1/lib/python3.12/site-packages/airflow/example_dags/example_dataset_alias_with_no_taskflow.py
[2025-01-22T13:02:37.651+0000] {processor.py:914} INFO - Processing file /usr/local/python/3.12.1/lib/python3.12/site-packages/airflow/example_dags/example_dataset_alias_with_no_taskflow.py for tasks to queue
[2025-01-22T13:02:37.652+0000] {logging_mixin.py:190} INFO - [2025-01-22T13:02:37.652+0000] {dagbag.py:588} INFO - Filling up the DagBag from /usr/local/python/3.12.1/lib/python3.12/site-packages/airflow/example_dags/example_dataset_alias_with_no_taskflow.py
[2025-01-22T13:02:37.668+0000] {processor.py:925} INFO - DAG(s) 'dataset_s3_bucket_consumer_with_no_taskflow', 'dataset_alias_example_alias_producer_with_no_taskflow', 'dataset_alias_example_alias_consumer_with_no_taskflow', 'dataset_s3_bucket_producer_with_no_taskflow' retrieved from /usr/local/python/3.12.1/lib/python3.12/site-packages/airflow/example_dags/example_dataset_alias_with_no_taskflow.py
[2025-01-22T13:02:37.682+0000] {logging_mixin.py:190} INFO - [2025-01-22T13:02:37.682+0000] {dag.py:3239} INFO - Sync 4 DAGs
[2025-01-22T13:02:37.696+0000] {logging_mixin.py:190} INFO - [2025-01-22T13:02:37.695+0000] {dag.py:4180} INFO - Setting next_dagrun for dataset_alias_example_alias_consumer_with_no_taskflow to None, run_after=None
[2025-01-22T13:02:37.697+0000] {logging_mixin.py:190} INFO - [2025-01-22T13:02:37.697+0000] {dag.py:4180} INFO - Setting next_dagrun for dataset_alias_example_alias_producer_with_no_taskflow to None, run_after=None
[2025-01-22T13:02:37.698+0000] {logging_mixin.py:190} INFO - [2025-01-22T13:02:37.698+0000] {dag.py:4180} INFO - Setting next_dagrun for dataset_s3_bucket_consumer_with_no_taskflow to None, run_after=None
[2025-01-22T13:02:37.699+0000] {logging_mixin.py:190} INFO - [2025-01-22T13:02:37.698+0000] {dag.py:4180} INFO - Setting next_dagrun for dataset_s3_bucket_producer_with_no_taskflow to None, run_after=None
[2025-01-22T13:02:37.725+0000] {processor.py:208} INFO - Processing /usr/local/python/3.12.1/lib/python3.12/site-packages/airflow/example_dags/example_dataset_alias_with_no_taskflow.py took 0.078 seconds
[2025-01-22T13:03:27.393+0000] {processor.py:186} INFO - Started process (PID=11527) to work on /usr/local/python/3.12.1/lib/python3.12/site-packages/airflow/example_dags/example_dataset_alias_with_no_taskflow.py
[2025-01-22T13:03:27.394+0000] {processor.py:914} INFO - Processing file /usr/local/python/3.12.1/lib/python3.12/site-packages/airflow/example_dags/example_dataset_alias_with_no_taskflow.py for tasks to queue
[2025-01-22T13:03:27.396+0000] {logging_mixin.py:190} INFO - [2025-01-22T13:03:27.396+0000] {dagbag.py:588} INFO - Filling up the DagBag from /usr/local/python/3.12.1/lib/python3.12/site-packages/airflow/example_dags/example_dataset_alias_with_no_taskflow.py
[2025-01-22T13:03:27.414+0000] {processor.py:925} INFO - DAG(s) 'dataset_alias_example_alias_consumer_with_no_taskflow', 'dataset_s3_bucket_producer_with_no_taskflow', 'dataset_alias_example_alias_producer_with_no_taskflow', 'dataset_s3_bucket_consumer_with_no_taskflow' retrieved from /usr/local/python/3.12.1/lib/python3.12/site-packages/airflow/example_dags/example_dataset_alias_with_no_taskflow.py
[2025-01-22T13:03:27.428+0000] {logging_mixin.py:190} INFO - [2025-01-22T13:03:27.428+0000] {dag.py:3239} INFO - Sync 4 DAGs
[2025-01-22T13:03:27.442+0000] {logging_mixin.py:190} INFO - [2025-01-22T13:03:27.442+0000] {dag.py:4180} INFO - Setting next_dagrun for dataset_alias_example_alias_consumer_with_no_taskflow to None, run_after=None
[2025-01-22T13:03:27.443+0000] {logging_mixin.py:190} INFO - [2025-01-22T13:03:27.443+0000] {dag.py:4180} INFO - Setting next_dagrun for dataset_alias_example_alias_producer_with_no_taskflow to None, run_after=None
[2025-01-22T13:03:27.444+0000] {logging_mixin.py:190} INFO - [2025-01-22T13:03:27.444+0000] {dag.py:4180} INFO - Setting next_dagrun for dataset_s3_bucket_consumer_with_no_taskflow to None, run_after=None
[2025-01-22T13:03:27.445+0000] {logging_mixin.py:190} INFO - [2025-01-22T13:03:27.445+0000] {dag.py:4180} INFO - Setting next_dagrun for dataset_s3_bucket_producer_with_no_taskflow to None, run_after=None
[2025-01-22T13:03:27.461+0000] {processor.py:208} INFO - Processing /usr/local/python/3.12.1/lib/python3.12/site-packages/airflow/example_dags/example_dataset_alias_with_no_taskflow.py took 0.072 seconds
[2025-01-22T13:04:19.065+0000] {processor.py:186} INFO - Started process (PID=11893) to work on /usr/local/python/3.12.1/lib/python3.12/site-packages/airflow/example_dags/example_dataset_alias_with_no_taskflow.py
[2025-01-22T13:04:19.066+0000] {processor.py:914} INFO - Processing file /usr/local/python/3.12.1/lib/python3.12/site-packages/airflow/example_dags/example_dataset_alias_with_no_taskflow.py for tasks to queue
[2025-01-22T13:04:19.067+0000] {logging_mixin.py:190} INFO - [2025-01-22T13:04:19.067+0000] {dagbag.py:588} INFO - Filling up the DagBag from /usr/local/python/3.12.1/lib/python3.12/site-packages/airflow/example_dags/example_dataset_alias_with_no_taskflow.py
[2025-01-22T13:04:19.084+0000] {processor.py:925} INFO - DAG(s) 'dataset_s3_bucket_consumer_with_no_taskflow', 'dataset_alias_example_alias_producer_with_no_taskflow', 'dataset_s3_bucket_producer_with_no_taskflow', 'dataset_alias_example_alias_consumer_with_no_taskflow' retrieved from /usr/local/python/3.12.1/lib/python3.12/site-packages/airflow/example_dags/example_dataset_alias_with_no_taskflow.py
[2025-01-22T13:04:19.099+0000] {logging_mixin.py:190} INFO - [2025-01-22T13:04:19.098+0000] {dag.py:3239} INFO - Sync 4 DAGs
[2025-01-22T13:04:19.113+0000] {logging_mixin.py:190} INFO - [2025-01-22T13:04:19.113+0000] {dag.py:4180} INFO - Setting next_dagrun for dataset_alias_example_alias_consumer_with_no_taskflow to None, run_after=None
[2025-01-22T13:04:19.114+0000] {logging_mixin.py:190} INFO - [2025-01-22T13:04:19.114+0000] {dag.py:4180} INFO - Setting next_dagrun for dataset_alias_example_alias_producer_with_no_taskflow to None, run_after=None
[2025-01-22T13:04:19.115+0000] {logging_mixin.py:190} INFO - [2025-01-22T13:04:19.115+0000] {dag.py:4180} INFO - Setting next_dagrun for dataset_s3_bucket_consumer_with_no_taskflow to None, run_after=None
[2025-01-22T13:04:19.116+0000] {logging_mixin.py:190} INFO - [2025-01-22T13:04:19.116+0000] {dag.py:4180} INFO - Setting next_dagrun for dataset_s3_bucket_producer_with_no_taskflow to None, run_after=None
[2025-01-22T13:04:19.131+0000] {processor.py:208} INFO - Processing /usr/local/python/3.12.1/lib/python3.12/site-packages/airflow/example_dags/example_dataset_alias_with_no_taskflow.py took 0.070 seconds
[2025-01-22T13:05:10.014+0000] {processor.py:186} INFO - Started process (PID=12316) to work on /usr/local/python/3.12.1/lib/python3.12/site-packages/airflow/example_dags/example_dataset_alias_with_no_taskflow.py
[2025-01-22T13:05:10.015+0000] {processor.py:914} INFO - Processing file /usr/local/python/3.12.1/lib/python3.12/site-packages/airflow/example_dags/example_dataset_alias_with_no_taskflow.py for tasks to queue
[2025-01-22T13:05:10.016+0000] {logging_mixin.py:190} INFO - [2025-01-22T13:05:10.016+0000] {dagbag.py:588} INFO - Filling up the DagBag from /usr/local/python/3.12.1/lib/python3.12/site-packages/airflow/example_dags/example_dataset_alias_with_no_taskflow.py
[2025-01-22T13:05:10.032+0000] {processor.py:925} INFO - DAG(s) 'dataset_alias_example_alias_consumer_with_no_taskflow', 'dataset_alias_example_alias_producer_with_no_taskflow', 'dataset_s3_bucket_consumer_with_no_taskflow', 'dataset_s3_bucket_producer_with_no_taskflow' retrieved from /usr/local/python/3.12.1/lib/python3.12/site-packages/airflow/example_dags/example_dataset_alias_with_no_taskflow.py
[2025-01-22T13:05:10.046+0000] {logging_mixin.py:190} INFO - [2025-01-22T13:05:10.046+0000] {dag.py:3239} INFO - Sync 4 DAGs
[2025-01-22T13:05:10.060+0000] {logging_mixin.py:190} INFO - [2025-01-22T13:05:10.059+0000] {dag.py:4180} INFO - Setting next_dagrun for dataset_alias_example_alias_consumer_with_no_taskflow to None, run_after=None
[2025-01-22T13:05:10.061+0000] {logging_mixin.py:190} INFO - [2025-01-22T13:05:10.061+0000] {dag.py:4180} INFO - Setting next_dagrun for dataset_alias_example_alias_producer_with_no_taskflow to None, run_after=None
[2025-01-22T13:05:10.062+0000] {logging_mixin.py:190} INFO - [2025-01-22T13:05:10.062+0000] {dag.py:4180} INFO - Setting next_dagrun for dataset_s3_bucket_consumer_with_no_taskflow to None, run_after=None
[2025-01-22T13:05:10.063+0000] {logging_mixin.py:190} INFO - [2025-01-22T13:05:10.063+0000] {dag.py:4180} INFO - Setting next_dagrun for dataset_s3_bucket_producer_with_no_taskflow to None, run_after=None
[2025-01-22T13:05:10.079+0000] {processor.py:208} INFO - Processing /usr/local/python/3.12.1/lib/python3.12/site-packages/airflow/example_dags/example_dataset_alias_with_no_taskflow.py took 0.069 seconds
[2025-01-22T13:06:02.552+0000] {processor.py:186} INFO - Started process (PID=12763) to work on /usr/local/python/3.12.1/lib/python3.12/site-packages/airflow/example_dags/example_dataset_alias_with_no_taskflow.py
[2025-01-22T13:06:02.553+0000] {processor.py:914} INFO - Processing file /usr/local/python/3.12.1/lib/python3.12/site-packages/airflow/example_dags/example_dataset_alias_with_no_taskflow.py for tasks to queue
[2025-01-22T13:06:02.554+0000] {logging_mixin.py:190} INFO - [2025-01-22T13:06:02.554+0000] {dagbag.py:588} INFO - Filling up the DagBag from /usr/local/python/3.12.1/lib/python3.12/site-packages/airflow/example_dags/example_dataset_alias_with_no_taskflow.py
[2025-01-22T13:06:02.570+0000] {processor.py:925} INFO - DAG(s) 'dataset_alias_example_alias_consumer_with_no_taskflow', 'dataset_alias_example_alias_producer_with_no_taskflow', 'dataset_s3_bucket_consumer_with_no_taskflow', 'dataset_s3_bucket_producer_with_no_taskflow' retrieved from /usr/local/python/3.12.1/lib/python3.12/site-packages/airflow/example_dags/example_dataset_alias_with_no_taskflow.py
[2025-01-22T13:06:02.583+0000] {logging_mixin.py:190} INFO - [2025-01-22T13:06:02.583+0000] {dag.py:3239} INFO - Sync 4 DAGs
[2025-01-22T13:06:02.597+0000] {logging_mixin.py:190} INFO - [2025-01-22T13:06:02.597+0000] {dag.py:4180} INFO - Setting next_dagrun for dataset_alias_example_alias_consumer_with_no_taskflow to None, run_after=None
[2025-01-22T13:06:02.599+0000] {logging_mixin.py:190} INFO - [2025-01-22T13:06:02.599+0000] {dag.py:4180} INFO - Setting next_dagrun for dataset_alias_example_alias_producer_with_no_taskflow to None, run_after=None
[2025-01-22T13:06:02.600+0000] {logging_mixin.py:190} INFO - [2025-01-22T13:06:02.599+0000] {dag.py:4180} INFO - Setting next_dagrun for dataset_s3_bucket_consumer_with_no_taskflow to None, run_after=None
[2025-01-22T13:06:02.600+0000] {logging_mixin.py:190} INFO - [2025-01-22T13:06:02.600+0000] {dag.py:4180} INFO - Setting next_dagrun for dataset_s3_bucket_producer_with_no_taskflow to None, run_after=None
[2025-01-22T13:06:02.616+0000] {processor.py:208} INFO - Processing /usr/local/python/3.12.1/lib/python3.12/site-packages/airflow/example_dags/example_dataset_alias_with_no_taskflow.py took 0.067 seconds
[2025-01-22T13:06:51.054+0000] {processor.py:186} INFO - Started process (PID=13156) to work on /usr/local/python/3.12.1/lib/python3.12/site-packages/airflow/example_dags/example_dataset_alias_with_no_taskflow.py
[2025-01-22T13:06:51.055+0000] {processor.py:914} INFO - Processing file /usr/local/python/3.12.1/lib/python3.12/site-packages/airflow/example_dags/example_dataset_alias_with_no_taskflow.py for tasks to queue
[2025-01-22T13:06:51.056+0000] {logging_mixin.py:190} INFO - [2025-01-22T13:06:51.056+0000] {dagbag.py:588} INFO - Filling up the DagBag from /usr/local/python/3.12.1/lib/python3.12/site-packages/airflow/example_dags/example_dataset_alias_with_no_taskflow.py
[2025-01-22T13:06:51.076+0000] {processor.py:925} INFO - DAG(s) 'dataset_alias_example_alias_consumer_with_no_taskflow', 'dataset_alias_example_alias_producer_with_no_taskflow', 'dataset_s3_bucket_consumer_with_no_taskflow', 'dataset_s3_bucket_producer_with_no_taskflow' retrieved from /usr/local/python/3.12.1/lib/python3.12/site-packages/airflow/example_dags/example_dataset_alias_with_no_taskflow.py
[2025-01-22T13:06:51.091+0000] {logging_mixin.py:190} INFO - [2025-01-22T13:06:51.091+0000] {dag.py:3239} INFO - Sync 4 DAGs
[2025-01-22T13:06:51.106+0000] {logging_mixin.py:190} INFO - [2025-01-22T13:06:51.106+0000] {dag.py:4180} INFO - Setting next_dagrun for dataset_alias_example_alias_consumer_with_no_taskflow to None, run_after=None
[2025-01-22T13:06:51.107+0000] {logging_mixin.py:190} INFO - [2025-01-22T13:06:51.107+0000] {dag.py:4180} INFO - Setting next_dagrun for dataset_alias_example_alias_producer_with_no_taskflow to None, run_after=None
[2025-01-22T13:06:51.108+0000] {logging_mixin.py:190} INFO - [2025-01-22T13:06:51.108+0000] {dag.py:4180} INFO - Setting next_dagrun for dataset_s3_bucket_consumer_with_no_taskflow to None, run_after=None
[2025-01-22T13:06:51.109+0000] {logging_mixin.py:190} INFO - [2025-01-22T13:06:51.109+0000] {dag.py:4180} INFO - Setting next_dagrun for dataset_s3_bucket_producer_with_no_taskflow to None, run_after=None
[2025-01-22T13:06:51.127+0000] {processor.py:208} INFO - Processing /usr/local/python/3.12.1/lib/python3.12/site-packages/airflow/example_dags/example_dataset_alias_with_no_taskflow.py took 0.077 seconds
[2025-01-22T13:07:38.392+0000] {processor.py:186} INFO - Started process (PID=13559) to work on /usr/local/python/3.12.1/lib/python3.12/site-packages/airflow/example_dags/example_dataset_alias_with_no_taskflow.py
[2025-01-22T13:07:38.393+0000] {processor.py:914} INFO - Processing file /usr/local/python/3.12.1/lib/python3.12/site-packages/airflow/example_dags/example_dataset_alias_with_no_taskflow.py for tasks to queue
[2025-01-22T13:07:38.394+0000] {logging_mixin.py:190} INFO - [2025-01-22T13:07:38.394+0000] {dagbag.py:588} INFO - Filling up the DagBag from /usr/local/python/3.12.1/lib/python3.12/site-packages/airflow/example_dags/example_dataset_alias_with_no_taskflow.py
[2025-01-22T13:07:38.409+0000] {processor.py:925} INFO - DAG(s) 'dataset_alias_example_alias_consumer_with_no_taskflow', 'dataset_alias_example_alias_producer_with_no_taskflow', 'dataset_s3_bucket_producer_with_no_taskflow', 'dataset_s3_bucket_consumer_with_no_taskflow' retrieved from /usr/local/python/3.12.1/lib/python3.12/site-packages/airflow/example_dags/example_dataset_alias_with_no_taskflow.py
[2025-01-22T13:07:38.423+0000] {logging_mixin.py:190} INFO - [2025-01-22T13:07:38.423+0000] {dag.py:3239} INFO - Sync 4 DAGs
[2025-01-22T13:07:38.437+0000] {logging_mixin.py:190} INFO - [2025-01-22T13:07:38.437+0000] {dag.py:4180} INFO - Setting next_dagrun for dataset_alias_example_alias_consumer_with_no_taskflow to None, run_after=None
[2025-01-22T13:07:38.439+0000] {logging_mixin.py:190} INFO - [2025-01-22T13:07:38.439+0000] {dag.py:4180} INFO - Setting next_dagrun for dataset_alias_example_alias_producer_with_no_taskflow to None, run_after=None
[2025-01-22T13:07:38.440+0000] {logging_mixin.py:190} INFO - [2025-01-22T13:07:38.440+0000] {dag.py:4180} INFO - Setting next_dagrun for dataset_s3_bucket_consumer_with_no_taskflow to None, run_after=None
[2025-01-22T13:07:38.440+0000] {logging_mixin.py:190} INFO - [2025-01-22T13:07:38.440+0000] {dag.py:4180} INFO - Setting next_dagrun for dataset_s3_bucket_producer_with_no_taskflow to None, run_after=None
[2025-01-22T13:07:38.456+0000] {processor.py:208} INFO - Processing /usr/local/python/3.12.1/lib/python3.12/site-packages/airflow/example_dags/example_dataset_alias_with_no_taskflow.py took 0.068 seconds
[2025-01-22T13:08:31.122+0000] {processor.py:186} INFO - Started process (PID=14243) to work on /usr/local/python/3.12.1/lib/python3.12/site-packages/airflow/example_dags/example_dataset_alias_with_no_taskflow.py
[2025-01-22T13:08:31.122+0000] {processor.py:914} INFO - Processing file /usr/local/python/3.12.1/lib/python3.12/site-packages/airflow/example_dags/example_dataset_alias_with_no_taskflow.py for tasks to queue
[2025-01-22T13:08:31.124+0000] {logging_mixin.py:190} INFO - [2025-01-22T13:08:31.124+0000] {dagbag.py:588} INFO - Filling up the DagBag from /usr/local/python/3.12.1/lib/python3.12/site-packages/airflow/example_dags/example_dataset_alias_with_no_taskflow.py
[2025-01-22T13:08:31.140+0000] {processor.py:925} INFO - DAG(s) 'dataset_s3_bucket_producer_with_no_taskflow', 'dataset_s3_bucket_consumer_with_no_taskflow', 'dataset_alias_example_alias_producer_with_no_taskflow', 'dataset_alias_example_alias_consumer_with_no_taskflow' retrieved from /usr/local/python/3.12.1/lib/python3.12/site-packages/airflow/example_dags/example_dataset_alias_with_no_taskflow.py
[2025-01-22T13:08:31.154+0000] {logging_mixin.py:190} INFO - [2025-01-22T13:08:31.154+0000] {dag.py:3239} INFO - Sync 4 DAGs
[2025-01-22T13:08:31.168+0000] {logging_mixin.py:190} INFO - [2025-01-22T13:08:31.168+0000] {dag.py:4180} INFO - Setting next_dagrun for dataset_alias_example_alias_consumer_with_no_taskflow to None, run_after=None
[2025-01-22T13:08:31.169+0000] {logging_mixin.py:190} INFO - [2025-01-22T13:08:31.169+0000] {dag.py:4180} INFO - Setting next_dagrun for dataset_alias_example_alias_producer_with_no_taskflow to None, run_after=None
[2025-01-22T13:08:31.170+0000] {logging_mixin.py:190} INFO - [2025-01-22T13:08:31.170+0000] {dag.py:4180} INFO - Setting next_dagrun for dataset_s3_bucket_consumer_with_no_taskflow to None, run_after=None
[2025-01-22T13:08:31.171+0000] {logging_mixin.py:190} INFO - [2025-01-22T13:08:31.171+0000] {dag.py:4180} INFO - Setting next_dagrun for dataset_s3_bucket_producer_with_no_taskflow to None, run_after=None
[2025-01-22T13:08:31.187+0000] {processor.py:208} INFO - Processing /usr/local/python/3.12.1/lib/python3.12/site-packages/airflow/example_dags/example_dataset_alias_with_no_taskflow.py took 0.070 seconds
[2025-01-22T13:09:24.788+0000] {processor.py:186} INFO - Started process (PID=14683) to work on /usr/local/python/3.12.1/lib/python3.12/site-packages/airflow/example_dags/example_dataset_alias_with_no_taskflow.py
[2025-01-22T13:09:24.788+0000] {processor.py:914} INFO - Processing file /usr/local/python/3.12.1/lib/python3.12/site-packages/airflow/example_dags/example_dataset_alias_with_no_taskflow.py for tasks to queue
[2025-01-22T13:09:24.790+0000] {logging_mixin.py:190} INFO - [2025-01-22T13:09:24.790+0000] {dagbag.py:588} INFO - Filling up the DagBag from /usr/local/python/3.12.1/lib/python3.12/site-packages/airflow/example_dags/example_dataset_alias_with_no_taskflow.py
[2025-01-22T13:09:24.806+0000] {processor.py:925} INFO - DAG(s) 'dataset_s3_bucket_consumer_with_no_taskflow', 'dataset_alias_example_alias_consumer_with_no_taskflow', 'dataset_alias_example_alias_producer_with_no_taskflow', 'dataset_s3_bucket_producer_with_no_taskflow' retrieved from /usr/local/python/3.12.1/lib/python3.12/site-packages/airflow/example_dags/example_dataset_alias_with_no_taskflow.py
[2025-01-22T13:09:24.820+0000] {logging_mixin.py:190} INFO - [2025-01-22T13:09:24.820+0000] {dag.py:3239} INFO - Sync 4 DAGs
[2025-01-22T13:09:24.834+0000] {logging_mixin.py:190} INFO - [2025-01-22T13:09:24.834+0000] {dag.py:4180} INFO - Setting next_dagrun for dataset_alias_example_alias_consumer_with_no_taskflow to None, run_after=None
[2025-01-22T13:09:24.835+0000] {logging_mixin.py:190} INFO - [2025-01-22T13:09:24.835+0000] {dag.py:4180} INFO - Setting next_dagrun for dataset_alias_example_alias_producer_with_no_taskflow to None, run_after=None
[2025-01-22T13:09:24.836+0000] {logging_mixin.py:190} INFO - [2025-01-22T13:09:24.836+0000] {dag.py:4180} INFO - Setting next_dagrun for dataset_s3_bucket_consumer_with_no_taskflow to None, run_after=None
[2025-01-22T13:09:24.837+0000] {logging_mixin.py:190} INFO - [2025-01-22T13:09:24.837+0000] {dag.py:4180} INFO - Setting next_dagrun for dataset_s3_bucket_producer_with_no_taskflow to None, run_after=None
[2025-01-22T13:09:24.852+0000] {processor.py:208} INFO - Processing /usr/local/python/3.12.1/lib/python3.12/site-packages/airflow/example_dags/example_dataset_alias_with_no_taskflow.py took 0.069 seconds
[2025-01-22T13:10:16.160+0000] {processor.py:186} INFO - Started process (PID=15043) to work on /usr/local/python/3.12.1/lib/python3.12/site-packages/airflow/example_dags/example_dataset_alias_with_no_taskflow.py
[2025-01-22T13:10:16.161+0000] {processor.py:914} INFO - Processing file /usr/local/python/3.12.1/lib/python3.12/site-packages/airflow/example_dags/example_dataset_alias_with_no_taskflow.py for tasks to queue
[2025-01-22T13:10:16.163+0000] {logging_mixin.py:190} INFO - [2025-01-22T13:10:16.162+0000] {dagbag.py:588} INFO - Filling up the DagBag from /usr/local/python/3.12.1/lib/python3.12/site-packages/airflow/example_dags/example_dataset_alias_with_no_taskflow.py
[2025-01-22T13:10:16.179+0000] {processor.py:925} INFO - DAG(s) 'dataset_s3_bucket_consumer_with_no_taskflow', 'dataset_s3_bucket_producer_with_no_taskflow', 'dataset_alias_example_alias_producer_with_no_taskflow', 'dataset_alias_example_alias_consumer_with_no_taskflow' retrieved from /usr/local/python/3.12.1/lib/python3.12/site-packages/airflow/example_dags/example_dataset_alias_with_no_taskflow.py
[2025-01-22T13:10:16.193+0000] {logging_mixin.py:190} INFO - [2025-01-22T13:10:16.193+0000] {dag.py:3239} INFO - Sync 4 DAGs
[2025-01-22T13:10:16.208+0000] {logging_mixin.py:190} INFO - [2025-01-22T13:10:16.207+0000] {dag.py:4180} INFO - Setting next_dagrun for dataset_alias_example_alias_consumer_with_no_taskflow to None, run_after=None
[2025-01-22T13:10:16.210+0000] {logging_mixin.py:190} INFO - [2025-01-22T13:10:16.210+0000] {dag.py:4180} INFO - Setting next_dagrun for dataset_alias_example_alias_producer_with_no_taskflow to None, run_after=None
[2025-01-22T13:10:16.211+0000] {logging_mixin.py:190} INFO - [2025-01-22T13:10:16.211+0000] {dag.py:4180} INFO - Setting next_dagrun for dataset_s3_bucket_consumer_with_no_taskflow to None, run_after=None
[2025-01-22T13:10:16.212+0000] {logging_mixin.py:190} INFO - [2025-01-22T13:10:16.212+0000] {dag.py:4180} INFO - Setting next_dagrun for dataset_s3_bucket_producer_with_no_taskflow to None, run_after=None
[2025-01-22T13:10:16.235+0000] {processor.py:208} INFO - Processing /usr/local/python/3.12.1/lib/python3.12/site-packages/airflow/example_dags/example_dataset_alias_with_no_taskflow.py took 0.079 seconds
[2025-01-22T13:11:03.660+0000] {processor.py:186} INFO - Started process (PID=15440) to work on /usr/local/python/3.12.1/lib/python3.12/site-packages/airflow/example_dags/example_dataset_alias_with_no_taskflow.py
[2025-01-22T13:11:03.660+0000] {processor.py:914} INFO - Processing file /usr/local/python/3.12.1/lib/python3.12/site-packages/airflow/example_dags/example_dataset_alias_with_no_taskflow.py for tasks to queue
[2025-01-22T13:11:03.662+0000] {logging_mixin.py:190} INFO - [2025-01-22T13:11:03.661+0000] {dagbag.py:588} INFO - Filling up the DagBag from /usr/local/python/3.12.1/lib/python3.12/site-packages/airflow/example_dags/example_dataset_alias_with_no_taskflow.py
[2025-01-22T13:11:03.677+0000] {processor.py:925} INFO - DAG(s) 'dataset_alias_example_alias_producer_with_no_taskflow', 'dataset_s3_bucket_producer_with_no_taskflow', 'dataset_alias_example_alias_consumer_with_no_taskflow', 'dataset_s3_bucket_consumer_with_no_taskflow' retrieved from /usr/local/python/3.12.1/lib/python3.12/site-packages/airflow/example_dags/example_dataset_alias_with_no_taskflow.py
[2025-01-22T13:11:03.691+0000] {logging_mixin.py:190} INFO - [2025-01-22T13:11:03.691+0000] {dag.py:3239} INFO - Sync 4 DAGs
[2025-01-22T13:11:03.705+0000] {logging_mixin.py:190} INFO - [2025-01-22T13:11:03.705+0000] {dag.py:4180} INFO - Setting next_dagrun for dataset_alias_example_alias_consumer_with_no_taskflow to None, run_after=None
[2025-01-22T13:11:03.707+0000] {logging_mixin.py:190} INFO - [2025-01-22T13:11:03.707+0000] {dag.py:4180} INFO - Setting next_dagrun for dataset_alias_example_alias_producer_with_no_taskflow to None, run_after=None
[2025-01-22T13:11:03.708+0000] {logging_mixin.py:190} INFO - [2025-01-22T13:11:03.708+0000] {dag.py:4180} INFO - Setting next_dagrun for dataset_s3_bucket_consumer_with_no_taskflow to None, run_after=None
[2025-01-22T13:11:03.708+0000] {logging_mixin.py:190} INFO - [2025-01-22T13:11:03.708+0000] {dag.py:4180} INFO - Setting next_dagrun for dataset_s3_bucket_producer_with_no_taskflow to None, run_after=None
[2025-01-22T13:11:03.724+0000] {processor.py:208} INFO - Processing /usr/local/python/3.12.1/lib/python3.12/site-packages/airflow/example_dags/example_dataset_alias_with_no_taskflow.py took 0.070 seconds
[2025-01-22T13:11:54.955+0000] {processor.py:186} INFO - Started process (PID=15860) to work on /usr/local/python/3.12.1/lib/python3.12/site-packages/airflow/example_dags/example_dataset_alias_with_no_taskflow.py
[2025-01-22T13:11:54.956+0000] {processor.py:914} INFO - Processing file /usr/local/python/3.12.1/lib/python3.12/site-packages/airflow/example_dags/example_dataset_alias_with_no_taskflow.py for tasks to queue
[2025-01-22T13:11:54.957+0000] {logging_mixin.py:190} INFO - [2025-01-22T13:11:54.957+0000] {dagbag.py:588} INFO - Filling up the DagBag from /usr/local/python/3.12.1/lib/python3.12/site-packages/airflow/example_dags/example_dataset_alias_with_no_taskflow.py
[2025-01-22T13:11:54.976+0000] {processor.py:925} INFO - DAG(s) 'dataset_s3_bucket_producer_with_no_taskflow', 'dataset_s3_bucket_consumer_with_no_taskflow', 'dataset_alias_example_alias_producer_with_no_taskflow', 'dataset_alias_example_alias_consumer_with_no_taskflow' retrieved from /usr/local/python/3.12.1/lib/python3.12/site-packages/airflow/example_dags/example_dataset_alias_with_no_taskflow.py
[2025-01-22T13:11:54.999+0000] {logging_mixin.py:190} INFO - [2025-01-22T13:11:54.999+0000] {dag.py:3239} INFO - Sync 4 DAGs
[2025-01-22T13:11:55.020+0000] {logging_mixin.py:190} INFO - [2025-01-22T13:11:55.019+0000] {dag.py:4180} INFO - Setting next_dagrun for dataset_alias_example_alias_consumer_with_no_taskflow to None, run_after=None
[2025-01-22T13:11:55.021+0000] {logging_mixin.py:190} INFO - [2025-01-22T13:11:55.021+0000] {dag.py:4180} INFO - Setting next_dagrun for dataset_alias_example_alias_producer_with_no_taskflow to None, run_after=None
[2025-01-22T13:11:55.022+0000] {logging_mixin.py:190} INFO - [2025-01-22T13:11:55.022+0000] {dag.py:4180} INFO - Setting next_dagrun for dataset_s3_bucket_consumer_with_no_taskflow to None, run_after=None
[2025-01-22T13:11:55.023+0000] {logging_mixin.py:190} INFO - [2025-01-22T13:11:55.023+0000] {dag.py:4180} INFO - Setting next_dagrun for dataset_s3_bucket_producer_with_no_taskflow to None, run_after=None
[2025-01-22T13:11:55.043+0000] {processor.py:208} INFO - Processing /usr/local/python/3.12.1/lib/python3.12/site-packages/airflow/example_dags/example_dataset_alias_with_no_taskflow.py took 0.092 seconds
[2025-01-22T13:12:45.165+0000] {processor.py:186} INFO - Started process (PID=16338) to work on /usr/local/python/3.12.1/lib/python3.12/site-packages/airflow/example_dags/example_dataset_alias_with_no_taskflow.py
[2025-01-22T13:12:45.165+0000] {processor.py:914} INFO - Processing file /usr/local/python/3.12.1/lib/python3.12/site-packages/airflow/example_dags/example_dataset_alias_with_no_taskflow.py for tasks to queue
[2025-01-22T13:12:45.167+0000] {logging_mixin.py:190} INFO - [2025-01-22T13:12:45.167+0000] {dagbag.py:588} INFO - Filling up the DagBag from /usr/local/python/3.12.1/lib/python3.12/site-packages/airflow/example_dags/example_dataset_alias_with_no_taskflow.py
[2025-01-22T13:12:45.183+0000] {processor.py:925} INFO - DAG(s) 'dataset_s3_bucket_consumer_with_no_taskflow', 'dataset_alias_example_alias_producer_with_no_taskflow', 'dataset_s3_bucket_producer_with_no_taskflow', 'dataset_alias_example_alias_consumer_with_no_taskflow' retrieved from /usr/local/python/3.12.1/lib/python3.12/site-packages/airflow/example_dags/example_dataset_alias_with_no_taskflow.py
[2025-01-22T13:12:45.197+0000] {logging_mixin.py:190} INFO - [2025-01-22T13:12:45.197+0000] {dag.py:3239} INFO - Sync 4 DAGs
[2025-01-22T13:12:45.211+0000] {logging_mixin.py:190} INFO - [2025-01-22T13:12:45.211+0000] {dag.py:4180} INFO - Setting next_dagrun for dataset_alias_example_alias_consumer_with_no_taskflow to None, run_after=None
[2025-01-22T13:12:45.212+0000] {logging_mixin.py:190} INFO - [2025-01-22T13:12:45.212+0000] {dag.py:4180} INFO - Setting next_dagrun for dataset_alias_example_alias_producer_with_no_taskflow to None, run_after=None
[2025-01-22T13:12:45.213+0000] {logging_mixin.py:190} INFO - [2025-01-22T13:12:45.213+0000] {dag.py:4180} INFO - Setting next_dagrun for dataset_s3_bucket_consumer_with_no_taskflow to None, run_after=None
[2025-01-22T13:12:45.214+0000] {logging_mixin.py:190} INFO - [2025-01-22T13:12:45.214+0000] {dag.py:4180} INFO - Setting next_dagrun for dataset_s3_bucket_producer_with_no_taskflow to None, run_after=None
[2025-01-22T13:12:45.229+0000] {processor.py:208} INFO - Processing /usr/local/python/3.12.1/lib/python3.12/site-packages/airflow/example_dags/example_dataset_alias_with_no_taskflow.py took 0.069 seconds
[2025-01-22T13:13:36.519+0000] {processor.py:186} INFO - Started process (PID=16766) to work on /usr/local/python/3.12.1/lib/python3.12/site-packages/airflow/example_dags/example_dataset_alias_with_no_taskflow.py
[2025-01-22T13:13:36.520+0000] {processor.py:914} INFO - Processing file /usr/local/python/3.12.1/lib/python3.12/site-packages/airflow/example_dags/example_dataset_alias_with_no_taskflow.py for tasks to queue
[2025-01-22T13:13:36.521+0000] {logging_mixin.py:190} INFO - [2025-01-22T13:13:36.521+0000] {dagbag.py:588} INFO - Filling up the DagBag from /usr/local/python/3.12.1/lib/python3.12/site-packages/airflow/example_dags/example_dataset_alias_with_no_taskflow.py
[2025-01-22T13:13:36.537+0000] {processor.py:925} INFO - DAG(s) 'dataset_s3_bucket_consumer_with_no_taskflow', 'dataset_alias_example_alias_producer_with_no_taskflow', 'dataset_alias_example_alias_consumer_with_no_taskflow', 'dataset_s3_bucket_producer_with_no_taskflow' retrieved from /usr/local/python/3.12.1/lib/python3.12/site-packages/airflow/example_dags/example_dataset_alias_with_no_taskflow.py
[2025-01-22T13:13:36.551+0000] {logging_mixin.py:190} INFO - [2025-01-22T13:13:36.550+0000] {dag.py:3239} INFO - Sync 4 DAGs
[2025-01-22T13:13:36.565+0000] {logging_mixin.py:190} INFO - [2025-01-22T13:13:36.564+0000] {dag.py:4180} INFO - Setting next_dagrun for dataset_alias_example_alias_consumer_with_no_taskflow to None, run_after=None
[2025-01-22T13:13:36.566+0000] {logging_mixin.py:190} INFO - [2025-01-22T13:13:36.566+0000] {dag.py:4180} INFO - Setting next_dagrun for dataset_alias_example_alias_producer_with_no_taskflow to None, run_after=None
[2025-01-22T13:13:36.567+0000] {logging_mixin.py:190} INFO - [2025-01-22T13:13:36.567+0000] {dag.py:4180} INFO - Setting next_dagrun for dataset_s3_bucket_consumer_with_no_taskflow to None, run_after=None
[2025-01-22T13:13:36.568+0000] {logging_mixin.py:190} INFO - [2025-01-22T13:13:36.567+0000] {dag.py:4180} INFO - Setting next_dagrun for dataset_s3_bucket_producer_with_no_taskflow to None, run_after=None
[2025-01-22T13:13:36.583+0000] {processor.py:208} INFO - Processing /usr/local/python/3.12.1/lib/python3.12/site-packages/airflow/example_dags/example_dataset_alias_with_no_taskflow.py took 0.068 seconds
[2025-01-22T13:14:30.371+0000] {processor.py:186} INFO - Started process (PID=17197) to work on /usr/local/python/3.12.1/lib/python3.12/site-packages/airflow/example_dags/example_dataset_alias_with_no_taskflow.py
[2025-01-22T13:14:30.371+0000] {processor.py:914} INFO - Processing file /usr/local/python/3.12.1/lib/python3.12/site-packages/airflow/example_dags/example_dataset_alias_with_no_taskflow.py for tasks to queue
[2025-01-22T13:14:30.373+0000] {logging_mixin.py:190} INFO - [2025-01-22T13:14:30.373+0000] {dagbag.py:588} INFO - Filling up the DagBag from /usr/local/python/3.12.1/lib/python3.12/site-packages/airflow/example_dags/example_dataset_alias_with_no_taskflow.py
[2025-01-22T13:14:30.390+0000] {processor.py:925} INFO - DAG(s) 'dataset_s3_bucket_producer_with_no_taskflow', 'dataset_s3_bucket_consumer_with_no_taskflow', 'dataset_alias_example_alias_producer_with_no_taskflow', 'dataset_alias_example_alias_consumer_with_no_taskflow' retrieved from /usr/local/python/3.12.1/lib/python3.12/site-packages/airflow/example_dags/example_dataset_alias_with_no_taskflow.py
[2025-01-22T13:14:30.404+0000] {logging_mixin.py:190} INFO - [2025-01-22T13:14:30.404+0000] {dag.py:3239} INFO - Sync 4 DAGs
[2025-01-22T13:14:30.419+0000] {logging_mixin.py:190} INFO - [2025-01-22T13:14:30.418+0000] {dag.py:4180} INFO - Setting next_dagrun for dataset_alias_example_alias_consumer_with_no_taskflow to None, run_after=None
[2025-01-22T13:14:30.420+0000] {logging_mixin.py:190} INFO - [2025-01-22T13:14:30.420+0000] {dag.py:4180} INFO - Setting next_dagrun for dataset_alias_example_alias_producer_with_no_taskflow to None, run_after=None
[2025-01-22T13:14:30.421+0000] {logging_mixin.py:190} INFO - [2025-01-22T13:14:30.421+0000] {dag.py:4180} INFO - Setting next_dagrun for dataset_s3_bucket_consumer_with_no_taskflow to None, run_after=None
[2025-01-22T13:14:30.422+0000] {logging_mixin.py:190} INFO - [2025-01-22T13:14:30.422+0000] {dag.py:4180} INFO - Setting next_dagrun for dataset_s3_bucket_producer_with_no_taskflow to None, run_after=None
[2025-01-22T13:14:30.441+0000] {processor.py:208} INFO - Processing /usr/local/python/3.12.1/lib/python3.12/site-packages/airflow/example_dags/example_dataset_alias_with_no_taskflow.py took 0.074 seconds
[2025-01-22T13:15:21.187+0000] {processor.py:186} INFO - Started process (PID=17566) to work on /usr/local/python/3.12.1/lib/python3.12/site-packages/airflow/example_dags/example_dataset_alias_with_no_taskflow.py
[2025-01-22T13:15:21.187+0000] {processor.py:914} INFO - Processing file /usr/local/python/3.12.1/lib/python3.12/site-packages/airflow/example_dags/example_dataset_alias_with_no_taskflow.py for tasks to queue
[2025-01-22T13:15:21.189+0000] {logging_mixin.py:190} INFO - [2025-01-22T13:15:21.189+0000] {dagbag.py:588} INFO - Filling up the DagBag from /usr/local/python/3.12.1/lib/python3.12/site-packages/airflow/example_dags/example_dataset_alias_with_no_taskflow.py
[2025-01-22T13:15:21.205+0000] {processor.py:925} INFO - DAG(s) 'dataset_alias_example_alias_consumer_with_no_taskflow', 'dataset_s3_bucket_producer_with_no_taskflow', 'dataset_alias_example_alias_producer_with_no_taskflow', 'dataset_s3_bucket_consumer_with_no_taskflow' retrieved from /usr/local/python/3.12.1/lib/python3.12/site-packages/airflow/example_dags/example_dataset_alias_with_no_taskflow.py
[2025-01-22T13:15:21.220+0000] {logging_mixin.py:190} INFO - [2025-01-22T13:15:21.219+0000] {dag.py:3239} INFO - Sync 4 DAGs
[2025-01-22T13:15:21.234+0000] {logging_mixin.py:190} INFO - [2025-01-22T13:15:21.234+0000] {dag.py:4180} INFO - Setting next_dagrun for dataset_alias_example_alias_consumer_with_no_taskflow to None, run_after=None
[2025-01-22T13:15:21.235+0000] {logging_mixin.py:190} INFO - [2025-01-22T13:15:21.235+0000] {dag.py:4180} INFO - Setting next_dagrun for dataset_alias_example_alias_producer_with_no_taskflow to None, run_after=None
[2025-01-22T13:15:21.236+0000] {logging_mixin.py:190} INFO - [2025-01-22T13:15:21.236+0000] {dag.py:4180} INFO - Setting next_dagrun for dataset_s3_bucket_consumer_with_no_taskflow to None, run_after=None
[2025-01-22T13:15:21.237+0000] {logging_mixin.py:190} INFO - [2025-01-22T13:15:21.237+0000] {dag.py:4180} INFO - Setting next_dagrun for dataset_s3_bucket_producer_with_no_taskflow to None, run_after=None
[2025-01-22T13:15:21.264+0000] {processor.py:208} INFO - Processing /usr/local/python/3.12.1/lib/python3.12/site-packages/airflow/example_dags/example_dataset_alias_with_no_taskflow.py took 0.082 seconds
[2025-01-22T13:16:09.612+0000] {processor.py:186} INFO - Started process (PID=17978) to work on /usr/local/python/3.12.1/lib/python3.12/site-packages/airflow/example_dags/example_dataset_alias_with_no_taskflow.py
[2025-01-22T13:16:09.613+0000] {processor.py:914} INFO - Processing file /usr/local/python/3.12.1/lib/python3.12/site-packages/airflow/example_dags/example_dataset_alias_with_no_taskflow.py for tasks to queue
[2025-01-22T13:16:09.615+0000] {logging_mixin.py:190} INFO - [2025-01-22T13:16:09.614+0000] {dagbag.py:588} INFO - Filling up the DagBag from /usr/local/python/3.12.1/lib/python3.12/site-packages/airflow/example_dags/example_dataset_alias_with_no_taskflow.py
[2025-01-22T13:16:09.634+0000] {processor.py:925} INFO - DAG(s) 'dataset_s3_bucket_consumer_with_no_taskflow', 'dataset_s3_bucket_producer_with_no_taskflow', 'dataset_alias_example_alias_producer_with_no_taskflow', 'dataset_alias_example_alias_consumer_with_no_taskflow' retrieved from /usr/local/python/3.12.1/lib/python3.12/site-packages/airflow/example_dags/example_dataset_alias_with_no_taskflow.py
[2025-01-22T13:16:09.648+0000] {logging_mixin.py:190} INFO - [2025-01-22T13:16:09.648+0000] {dag.py:3239} INFO - Sync 4 DAGs
[2025-01-22T13:16:09.662+0000] {logging_mixin.py:190} INFO - [2025-01-22T13:16:09.662+0000] {dag.py:4180} INFO - Setting next_dagrun for dataset_alias_example_alias_consumer_with_no_taskflow to None, run_after=None
[2025-01-22T13:16:09.663+0000] {logging_mixin.py:190} INFO - [2025-01-22T13:16:09.663+0000] {dag.py:4180} INFO - Setting next_dagrun for dataset_alias_example_alias_producer_with_no_taskflow to None, run_after=None
[2025-01-22T13:16:09.664+0000] {logging_mixin.py:190} INFO - [2025-01-22T13:16:09.664+0000] {dag.py:4180} INFO - Setting next_dagrun for dataset_s3_bucket_consumer_with_no_taskflow to None, run_after=None
[2025-01-22T13:16:09.665+0000] {logging_mixin.py:190} INFO - [2025-01-22T13:16:09.665+0000] {dag.py:4180} INFO - Setting next_dagrun for dataset_s3_bucket_producer_with_no_taskflow to None, run_after=None
[2025-01-22T13:16:09.680+0000] {processor.py:208} INFO - Processing /usr/local/python/3.12.1/lib/python3.12/site-packages/airflow/example_dags/example_dataset_alias_with_no_taskflow.py took 0.074 seconds
[2025-01-22T13:17:02.270+0000] {processor.py:186} INFO - Started process (PID=18400) to work on /usr/local/python/3.12.1/lib/python3.12/site-packages/airflow/example_dags/example_dataset_alias_with_no_taskflow.py
[2025-01-22T13:17:02.271+0000] {processor.py:914} INFO - Processing file /usr/local/python/3.12.1/lib/python3.12/site-packages/airflow/example_dags/example_dataset_alias_with_no_taskflow.py for tasks to queue
[2025-01-22T13:17:02.272+0000] {logging_mixin.py:190} INFO - [2025-01-22T13:17:02.272+0000] {dagbag.py:588} INFO - Filling up the DagBag from /usr/local/python/3.12.1/lib/python3.12/site-packages/airflow/example_dags/example_dataset_alias_with_no_taskflow.py
[2025-01-22T13:17:02.289+0000] {processor.py:925} INFO - DAG(s) 'dataset_alias_example_alias_producer_with_no_taskflow', 'dataset_s3_bucket_producer_with_no_taskflow', 'dataset_s3_bucket_consumer_with_no_taskflow', 'dataset_alias_example_alias_consumer_with_no_taskflow' retrieved from /usr/local/python/3.12.1/lib/python3.12/site-packages/airflow/example_dags/example_dataset_alias_with_no_taskflow.py
[2025-01-22T13:17:02.303+0000] {logging_mixin.py:190} INFO - [2025-01-22T13:17:02.303+0000] {dag.py:3239} INFO - Sync 4 DAGs
[2025-01-22T13:17:02.317+0000] {logging_mixin.py:190} INFO - [2025-01-22T13:17:02.317+0000] {dag.py:4180} INFO - Setting next_dagrun for dataset_alias_example_alias_consumer_with_no_taskflow to None, run_after=None
[2025-01-22T13:17:02.319+0000] {logging_mixin.py:190} INFO - [2025-01-22T13:17:02.319+0000] {dag.py:4180} INFO - Setting next_dagrun for dataset_alias_example_alias_producer_with_no_taskflow to None, run_after=None
[2025-01-22T13:17:02.320+0000] {logging_mixin.py:190} INFO - [2025-01-22T13:17:02.320+0000] {dag.py:4180} INFO - Setting next_dagrun for dataset_s3_bucket_consumer_with_no_taskflow to None, run_after=None
[2025-01-22T13:17:02.321+0000] {logging_mixin.py:190} INFO - [2025-01-22T13:17:02.320+0000] {dag.py:4180} INFO - Setting next_dagrun for dataset_s3_bucket_producer_with_no_taskflow to None, run_after=None
[2025-01-22T13:17:02.337+0000] {processor.py:208} INFO - Processing /usr/local/python/3.12.1/lib/python3.12/site-packages/airflow/example_dags/example_dataset_alias_with_no_taskflow.py took 0.070 seconds
[2025-01-22T13:17:55.184+0000] {processor.py:186} INFO - Started process (PID=18917) to work on /usr/local/python/3.12.1/lib/python3.12/site-packages/airflow/example_dags/example_dataset_alias_with_no_taskflow.py
[2025-01-22T13:17:55.184+0000] {processor.py:914} INFO - Processing file /usr/local/python/3.12.1/lib/python3.12/site-packages/airflow/example_dags/example_dataset_alias_with_no_taskflow.py for tasks to queue
[2025-01-22T13:17:55.186+0000] {logging_mixin.py:190} INFO - [2025-01-22T13:17:55.186+0000] {dagbag.py:588} INFO - Filling up the DagBag from /usr/local/python/3.12.1/lib/python3.12/site-packages/airflow/example_dags/example_dataset_alias_with_no_taskflow.py
[2025-01-22T13:17:55.202+0000] {processor.py:925} INFO - DAG(s) 'dataset_s3_bucket_producer_with_no_taskflow', 'dataset_alias_example_alias_producer_with_no_taskflow', 'dataset_s3_bucket_consumer_with_no_taskflow', 'dataset_alias_example_alias_consumer_with_no_taskflow' retrieved from /usr/local/python/3.12.1/lib/python3.12/site-packages/airflow/example_dags/example_dataset_alias_with_no_taskflow.py
[2025-01-22T13:17:55.216+0000] {logging_mixin.py:190} INFO - [2025-01-22T13:17:55.216+0000] {dag.py:3239} INFO - Sync 4 DAGs
[2025-01-22T13:17:55.230+0000] {logging_mixin.py:190} INFO - [2025-01-22T13:17:55.230+0000] {dag.py:4180} INFO - Setting next_dagrun for dataset_alias_example_alias_consumer_with_no_taskflow to None, run_after=None
[2025-01-22T13:17:55.232+0000] {logging_mixin.py:190} INFO - [2025-01-22T13:17:55.232+0000] {dag.py:4180} INFO - Setting next_dagrun for dataset_alias_example_alias_producer_with_no_taskflow to None, run_after=None
[2025-01-22T13:17:55.233+0000] {logging_mixin.py:190} INFO - [2025-01-22T13:17:55.233+0000] {dag.py:4180} INFO - Setting next_dagrun for dataset_s3_bucket_consumer_with_no_taskflow to None, run_after=None
[2025-01-22T13:17:55.233+0000] {logging_mixin.py:190} INFO - [2025-01-22T13:17:55.233+0000] {dag.py:4180} INFO - Setting next_dagrun for dataset_s3_bucket_producer_with_no_taskflow to None, run_after=None
[2025-01-22T13:17:55.249+0000] {processor.py:208} INFO - Processing /usr/local/python/3.12.1/lib/python3.12/site-packages/airflow/example_dags/example_dataset_alias_with_no_taskflow.py took 0.070 seconds
[2025-01-22T13:18:43.588+0000] {processor.py:186} INFO - Started process (PID=19398) to work on /usr/local/python/3.12.1/lib/python3.12/site-packages/airflow/example_dags/example_dataset_alias_with_no_taskflow.py
[2025-01-22T13:18:43.588+0000] {processor.py:914} INFO - Processing file /usr/local/python/3.12.1/lib/python3.12/site-packages/airflow/example_dags/example_dataset_alias_with_no_taskflow.py for tasks to queue
[2025-01-22T13:18:43.590+0000] {logging_mixin.py:190} INFO - [2025-01-22T13:18:43.589+0000] {dagbag.py:588} INFO - Filling up the DagBag from /usr/local/python/3.12.1/lib/python3.12/site-packages/airflow/example_dags/example_dataset_alias_with_no_taskflow.py
[2025-01-22T13:18:43.606+0000] {processor.py:925} INFO - DAG(s) 'dataset_s3_bucket_producer_with_no_taskflow', 'dataset_alias_example_alias_consumer_with_no_taskflow', 'dataset_alias_example_alias_producer_with_no_taskflow', 'dataset_s3_bucket_consumer_with_no_taskflow' retrieved from /usr/local/python/3.12.1/lib/python3.12/site-packages/airflow/example_dags/example_dataset_alias_with_no_taskflow.py
[2025-01-22T13:18:43.620+0000] {logging_mixin.py:190} INFO - [2025-01-22T13:18:43.619+0000] {dag.py:3239} INFO - Sync 4 DAGs
[2025-01-22T13:18:43.636+0000] {logging_mixin.py:190} INFO - [2025-01-22T13:18:43.636+0000] {dag.py:4180} INFO - Setting next_dagrun for dataset_alias_example_alias_consumer_with_no_taskflow to None, run_after=None
[2025-01-22T13:18:43.639+0000] {logging_mixin.py:190} INFO - [2025-01-22T13:18:43.639+0000] {dag.py:4180} INFO - Setting next_dagrun for dataset_alias_example_alias_producer_with_no_taskflow to None, run_after=None
[2025-01-22T13:18:43.640+0000] {logging_mixin.py:190} INFO - [2025-01-22T13:18:43.640+0000] {dag.py:4180} INFO - Setting next_dagrun for dataset_s3_bucket_consumer_with_no_taskflow to None, run_after=None
[2025-01-22T13:18:43.641+0000] {logging_mixin.py:190} INFO - [2025-01-22T13:18:43.641+0000] {dag.py:4180} INFO - Setting next_dagrun for dataset_s3_bucket_producer_with_no_taskflow to None, run_after=None
[2025-01-22T13:18:43.665+0000] {processor.py:208} INFO - Processing /usr/local/python/3.12.1/lib/python3.12/site-packages/airflow/example_dags/example_dataset_alias_with_no_taskflow.py took 0.081 seconds
[2025-01-22T13:19:32.937+0000] {processor.py:186} INFO - Started process (PID=20332) to work on /usr/local/python/3.12.1/lib/python3.12/site-packages/airflow/example_dags/example_dataset_alias_with_no_taskflow.py
[2025-01-22T13:19:32.938+0000] {processor.py:914} INFO - Processing file /usr/local/python/3.12.1/lib/python3.12/site-packages/airflow/example_dags/example_dataset_alias_with_no_taskflow.py for tasks to queue
[2025-01-22T13:19:32.940+0000] {logging_mixin.py:190} INFO - [2025-01-22T13:19:32.939+0000] {dagbag.py:588} INFO - Filling up the DagBag from /usr/local/python/3.12.1/lib/python3.12/site-packages/airflow/example_dags/example_dataset_alias_with_no_taskflow.py
[2025-01-22T13:19:32.962+0000] {processor.py:925} INFO - DAG(s) 'dataset_alias_example_alias_consumer_with_no_taskflow', 'dataset_alias_example_alias_producer_with_no_taskflow', 'dataset_s3_bucket_producer_with_no_taskflow', 'dataset_s3_bucket_consumer_with_no_taskflow' retrieved from /usr/local/python/3.12.1/lib/python3.12/site-packages/airflow/example_dags/example_dataset_alias_with_no_taskflow.py
[2025-01-22T13:19:32.983+0000] {logging_mixin.py:190} INFO - [2025-01-22T13:19:32.983+0000] {dag.py:3239} INFO - Sync 4 DAGs
[2025-01-22T13:19:33.005+0000] {logging_mixin.py:190} INFO - [2025-01-22T13:19:33.004+0000] {dag.py:4180} INFO - Setting next_dagrun for dataset_alias_example_alias_consumer_with_no_taskflow to None, run_after=None
[2025-01-22T13:19:33.007+0000] {logging_mixin.py:190} INFO - [2025-01-22T13:19:33.007+0000] {dag.py:4180} INFO - Setting next_dagrun for dataset_alias_example_alias_producer_with_no_taskflow to None, run_after=None
[2025-01-22T13:19:33.008+0000] {logging_mixin.py:190} INFO - [2025-01-22T13:19:33.008+0000] {dag.py:4180} INFO - Setting next_dagrun for dataset_s3_bucket_consumer_with_no_taskflow to None, run_after=None
[2025-01-22T13:19:33.009+0000] {logging_mixin.py:190} INFO - [2025-01-22T13:19:33.009+0000] {dag.py:4180} INFO - Setting next_dagrun for dataset_s3_bucket_producer_with_no_taskflow to None, run_after=None
[2025-01-22T13:19:33.029+0000] {processor.py:208} INFO - Processing /usr/local/python/3.12.1/lib/python3.12/site-packages/airflow/example_dags/example_dataset_alias_with_no_taskflow.py took 0.098 seconds
[2025-01-22T13:20:22.424+0000] {processor.py:186} INFO - Started process (PID=21219) to work on /usr/local/python/3.12.1/lib/python3.12/site-packages/airflow/example_dags/example_dataset_alias_with_no_taskflow.py
[2025-01-22T13:20:22.424+0000] {processor.py:914} INFO - Processing file /usr/local/python/3.12.1/lib/python3.12/site-packages/airflow/example_dags/example_dataset_alias_with_no_taskflow.py for tasks to queue
[2025-01-22T13:20:22.426+0000] {logging_mixin.py:190} INFO - [2025-01-22T13:20:22.425+0000] {dagbag.py:588} INFO - Filling up the DagBag from /usr/local/python/3.12.1/lib/python3.12/site-packages/airflow/example_dags/example_dataset_alias_with_no_taskflow.py
[2025-01-22T13:20:22.441+0000] {processor.py:925} INFO - DAG(s) 'dataset_alias_example_alias_consumer_with_no_taskflow', 'dataset_s3_bucket_producer_with_no_taskflow', 'dataset_alias_example_alias_producer_with_no_taskflow', 'dataset_s3_bucket_consumer_with_no_taskflow' retrieved from /usr/local/python/3.12.1/lib/python3.12/site-packages/airflow/example_dags/example_dataset_alias_with_no_taskflow.py
[2025-01-22T13:20:22.455+0000] {logging_mixin.py:190} INFO - [2025-01-22T13:20:22.455+0000] {dag.py:3239} INFO - Sync 4 DAGs
[2025-01-22T13:20:22.469+0000] {logging_mixin.py:190} INFO - [2025-01-22T13:20:22.469+0000] {dag.py:4180} INFO - Setting next_dagrun for dataset_alias_example_alias_consumer_with_no_taskflow to None, run_after=None
[2025-01-22T13:20:22.470+0000] {logging_mixin.py:190} INFO - [2025-01-22T13:20:22.470+0000] {dag.py:4180} INFO - Setting next_dagrun for dataset_alias_example_alias_producer_with_no_taskflow to None, run_after=None
[2025-01-22T13:20:22.471+0000] {logging_mixin.py:190} INFO - [2025-01-22T13:20:22.471+0000] {dag.py:4180} INFO - Setting next_dagrun for dataset_s3_bucket_consumer_with_no_taskflow to None, run_after=None
[2025-01-22T13:20:22.472+0000] {logging_mixin.py:190} INFO - [2025-01-22T13:20:22.472+0000] {dag.py:4180} INFO - Setting next_dagrun for dataset_s3_bucket_producer_with_no_taskflow to None, run_after=None
[2025-01-22T13:20:22.487+0000] {processor.py:208} INFO - Processing /usr/local/python/3.12.1/lib/python3.12/site-packages/airflow/example_dags/example_dataset_alias_with_no_taskflow.py took 0.067 seconds
[2025-01-22T13:21:10.481+0000] {processor.py:186} INFO - Started process (PID=21686) to work on /usr/local/python/3.12.1/lib/python3.12/site-packages/airflow/example_dags/example_dataset_alias_with_no_taskflow.py
[2025-01-22T13:21:10.481+0000] {processor.py:914} INFO - Processing file /usr/local/python/3.12.1/lib/python3.12/site-packages/airflow/example_dags/example_dataset_alias_with_no_taskflow.py for tasks to queue
[2025-01-22T13:21:10.483+0000] {logging_mixin.py:190} INFO - [2025-01-22T13:21:10.483+0000] {dagbag.py:588} INFO - Filling up the DagBag from /usr/local/python/3.12.1/lib/python3.12/site-packages/airflow/example_dags/example_dataset_alias_with_no_taskflow.py
[2025-01-22T13:21:10.498+0000] {processor.py:925} INFO - DAG(s) 'dataset_alias_example_alias_producer_with_no_taskflow', 'dataset_s3_bucket_producer_with_no_taskflow', 'dataset_alias_example_alias_consumer_with_no_taskflow', 'dataset_s3_bucket_consumer_with_no_taskflow' retrieved from /usr/local/python/3.12.1/lib/python3.12/site-packages/airflow/example_dags/example_dataset_alias_with_no_taskflow.py
[2025-01-22T13:21:10.512+0000] {logging_mixin.py:190} INFO - [2025-01-22T13:21:10.512+0000] {dag.py:3239} INFO - Sync 4 DAGs
[2025-01-22T13:21:10.526+0000] {logging_mixin.py:190} INFO - [2025-01-22T13:21:10.526+0000] {dag.py:4180} INFO - Setting next_dagrun for dataset_alias_example_alias_consumer_with_no_taskflow to None, run_after=None
[2025-01-22T13:21:10.528+0000] {logging_mixin.py:190} INFO - [2025-01-22T13:21:10.528+0000] {dag.py:4180} INFO - Setting next_dagrun for dataset_alias_example_alias_producer_with_no_taskflow to None, run_after=None
[2025-01-22T13:21:10.529+0000] {logging_mixin.py:190} INFO - [2025-01-22T13:21:10.528+0000] {dag.py:4180} INFO - Setting next_dagrun for dataset_s3_bucket_consumer_with_no_taskflow to None, run_after=None
[2025-01-22T13:21:10.529+0000] {logging_mixin.py:190} INFO - [2025-01-22T13:21:10.529+0000] {dag.py:4180} INFO - Setting next_dagrun for dataset_s3_bucket_producer_with_no_taskflow to None, run_after=None
[2025-01-22T13:21:10.544+0000] {processor.py:208} INFO - Processing /usr/local/python/3.12.1/lib/python3.12/site-packages/airflow/example_dags/example_dataset_alias_with_no_taskflow.py took 0.067 seconds
