[2025-01-22T12:52:45.311+0000] {processor.py:186} INFO - Started process (PID=5478) to work on /usr/local/python/3.12.1/lib/python3.12/site-packages/airflow/example_dags/example_python_decorator.py
[2025-01-22T12:52:45.312+0000] {processor.py:914} INFO - Processing file /usr/local/python/3.12.1/lib/python3.12/site-packages/airflow/example_dags/example_python_decorator.py for tasks to queue
[2025-01-22T12:52:45.314+0000] {logging_mixin.py:190} INFO - [2025-01-22T12:52:45.314+0000] {dagbag.py:588} INFO - Filling up the DagBag from /usr/local/python/3.12.1/lib/python3.12/site-packages/airflow/example_dags/example_python_decorator.py
[2025-01-22T12:52:45.325+0000] {processor.py:925} INFO - DAG(s) 'example_python_decorator' retrieved from /usr/local/python/3.12.1/lib/python3.12/site-packages/airflow/example_dags/example_python_decorator.py
[2025-01-22T12:52:45.398+0000] {logging_mixin.py:190} INFO - [2025-01-22T12:52:45.398+0000] {override.py:1911} INFO - Created Permission View: can delete on DAG:example_python_decorator
[2025-01-22T12:52:45.406+0000] {logging_mixin.py:190} INFO - [2025-01-22T12:52:45.405+0000] {override.py:1911} INFO - Created Permission View: can edit on DAG:example_python_decorator
[2025-01-22T12:52:45.411+0000] {logging_mixin.py:190} INFO - [2025-01-22T12:52:45.411+0000] {override.py:1911} INFO - Created Permission View: can read on DAG:example_python_decorator
[2025-01-22T12:52:45.418+0000] {logging_mixin.py:190} INFO - [2025-01-22T12:52:45.418+0000] {override.py:1911} INFO - Created Permission View: can create on DAG Run:example_python_decorator
[2025-01-22T12:52:45.424+0000] {logging_mixin.py:190} INFO - [2025-01-22T12:52:45.424+0000] {override.py:1911} INFO - Created Permission View: can read on DAG Run:example_python_decorator
[2025-01-22T12:52:45.429+0000] {logging_mixin.py:190} INFO - [2025-01-22T12:52:45.429+0000] {override.py:1911} INFO - Created Permission View: menu access on DAG Run:example_python_decorator
[2025-01-22T12:52:45.434+0000] {logging_mixin.py:190} INFO - [2025-01-22T12:52:45.434+0000] {override.py:1911} INFO - Created Permission View: can delete on DAG Run:example_python_decorator
[2025-01-22T12:52:45.434+0000] {logging_mixin.py:190} INFO - [2025-01-22T12:52:45.434+0000] {dag.py:3239} INFO - Sync 1 DAGs
[2025-01-22T12:52:45.444+0000] {logging_mixin.py:190} INFO - [2025-01-22T12:52:45.443+0000] {dag.py:3262} INFO - Creating ORM DAG for example_python_decorator
[2025-01-22T12:52:45.444+0000] {logging_mixin.py:190} INFO - [2025-01-22T12:52:45.444+0000] {dag.py:4180} INFO - Setting next_dagrun for example_python_decorator to None, run_after=None
[2025-01-22T12:52:45.457+0000] {processor.py:208} INFO - Processing /usr/local/python/3.12.1/lib/python3.12/site-packages/airflow/example_dags/example_python_decorator.py took 0.149 seconds
[2025-01-22T12:53:45.669+0000] {processor.py:186} INFO - Started process (PID=6403) to work on /usr/local/python/3.12.1/lib/python3.12/site-packages/airflow/example_dags/example_python_decorator.py
[2025-01-22T12:53:45.669+0000] {processor.py:914} INFO - Processing file /usr/local/python/3.12.1/lib/python3.12/site-packages/airflow/example_dags/example_python_decorator.py for tasks to queue
[2025-01-22T12:53:45.671+0000] {logging_mixin.py:190} INFO - [2025-01-22T12:53:45.671+0000] {dagbag.py:588} INFO - Filling up the DagBag from /usr/local/python/3.12.1/lib/python3.12/site-packages/airflow/example_dags/example_python_decorator.py
[2025-01-22T12:53:45.681+0000] {processor.py:925} INFO - DAG(s) 'example_python_decorator' retrieved from /usr/local/python/3.12.1/lib/python3.12/site-packages/airflow/example_dags/example_python_decorator.py
[2025-01-22T12:53:45.694+0000] {logging_mixin.py:190} INFO - [2025-01-22T12:53:45.694+0000] {dag.py:3239} INFO - Sync 1 DAGs
[2025-01-22T12:53:45.703+0000] {logging_mixin.py:190} INFO - [2025-01-22T12:53:45.703+0000] {dag.py:4180} INFO - Setting next_dagrun for example_python_decorator to None, run_after=None
[2025-01-22T12:53:45.717+0000] {processor.py:208} INFO - Processing /usr/local/python/3.12.1/lib/python3.12/site-packages/airflow/example_dags/example_python_decorator.py took 0.052 seconds
[2025-01-22T12:54:38.796+0000] {processor.py:186} INFO - Started process (PID=7049) to work on /usr/local/python/3.12.1/lib/python3.12/site-packages/airflow/example_dags/example_python_decorator.py
[2025-01-22T12:54:38.796+0000] {processor.py:914} INFO - Processing file /usr/local/python/3.12.1/lib/python3.12/site-packages/airflow/example_dags/example_python_decorator.py for tasks to queue
[2025-01-22T12:54:38.798+0000] {logging_mixin.py:190} INFO - [2025-01-22T12:54:38.798+0000] {dagbag.py:588} INFO - Filling up the DagBag from /usr/local/python/3.12.1/lib/python3.12/site-packages/airflow/example_dags/example_python_decorator.py
[2025-01-22T12:54:38.814+0000] {processor.py:925} INFO - DAG(s) 'example_python_decorator' retrieved from /usr/local/python/3.12.1/lib/python3.12/site-packages/airflow/example_dags/example_python_decorator.py
[2025-01-22T12:54:38.829+0000] {logging_mixin.py:190} INFO - [2025-01-22T12:54:38.829+0000] {dag.py:3239} INFO - Sync 1 DAGs
[2025-01-22T12:54:38.839+0000] {logging_mixin.py:190} INFO - [2025-01-22T12:54:38.838+0000] {dag.py:4180} INFO - Setting next_dagrun for example_python_decorator to None, run_after=None
[2025-01-22T12:54:38.853+0000] {processor.py:208} INFO - Processing /usr/local/python/3.12.1/lib/python3.12/site-packages/airflow/example_dags/example_python_decorator.py took 0.061 seconds
[2025-01-22T12:55:34.429+0000] {processor.py:186} INFO - Started process (PID=7573) to work on /usr/local/python/3.12.1/lib/python3.12/site-packages/airflow/example_dags/example_python_decorator.py
[2025-01-22T12:55:34.430+0000] {processor.py:914} INFO - Processing file /usr/local/python/3.12.1/lib/python3.12/site-packages/airflow/example_dags/example_python_decorator.py for tasks to queue
[2025-01-22T12:55:34.431+0000] {logging_mixin.py:190} INFO - [2025-01-22T12:55:34.431+0000] {dagbag.py:588} INFO - Filling up the DagBag from /usr/local/python/3.12.1/lib/python3.12/site-packages/airflow/example_dags/example_python_decorator.py
[2025-01-22T12:55:34.442+0000] {processor.py:925} INFO - DAG(s) 'example_python_decorator' retrieved from /usr/local/python/3.12.1/lib/python3.12/site-packages/airflow/example_dags/example_python_decorator.py
[2025-01-22T12:55:34.454+0000] {logging_mixin.py:190} INFO - [2025-01-22T12:55:34.454+0000] {dag.py:3239} INFO - Sync 1 DAGs
[2025-01-22T12:55:34.463+0000] {logging_mixin.py:190} INFO - [2025-01-22T12:55:34.463+0000] {dag.py:4180} INFO - Setting next_dagrun for example_python_decorator to None, run_after=None
[2025-01-22T12:55:34.477+0000] {processor.py:208} INFO - Processing /usr/local/python/3.12.1/lib/python3.12/site-packages/airflow/example_dags/example_python_decorator.py took 0.052 seconds
[2025-01-22T12:56:26.396+0000] {processor.py:186} INFO - Started process (PID=8001) to work on /usr/local/python/3.12.1/lib/python3.12/site-packages/airflow/example_dags/example_python_decorator.py
[2025-01-22T12:56:26.396+0000] {processor.py:914} INFO - Processing file /usr/local/python/3.12.1/lib/python3.12/site-packages/airflow/example_dags/example_python_decorator.py for tasks to queue
[2025-01-22T12:56:26.398+0000] {logging_mixin.py:190} INFO - [2025-01-22T12:56:26.398+0000] {dagbag.py:588} INFO - Filling up the DagBag from /usr/local/python/3.12.1/lib/python3.12/site-packages/airflow/example_dags/example_python_decorator.py
[2025-01-22T12:56:26.412+0000] {processor.py:925} INFO - DAG(s) 'example_python_decorator' retrieved from /usr/local/python/3.12.1/lib/python3.12/site-packages/airflow/example_dags/example_python_decorator.py
[2025-01-22T12:56:26.427+0000] {logging_mixin.py:190} INFO - [2025-01-22T12:56:26.427+0000] {dag.py:3239} INFO - Sync 1 DAGs
[2025-01-22T12:56:26.439+0000] {logging_mixin.py:190} INFO - [2025-01-22T12:56:26.439+0000] {dag.py:4180} INFO - Setting next_dagrun for example_python_decorator to None, run_after=None
[2025-01-22T12:56:26.458+0000] {processor.py:208} INFO - Processing /usr/local/python/3.12.1/lib/python3.12/site-packages/airflow/example_dags/example_python_decorator.py took 0.067 seconds
[2025-01-22T12:57:18.973+0000] {processor.py:186} INFO - Started process (PID=8359) to work on /usr/local/python/3.12.1/lib/python3.12/site-packages/airflow/example_dags/example_python_decorator.py
[2025-01-22T12:57:18.973+0000] {processor.py:914} INFO - Processing file /usr/local/python/3.12.1/lib/python3.12/site-packages/airflow/example_dags/example_python_decorator.py for tasks to queue
[2025-01-22T12:57:18.975+0000] {logging_mixin.py:190} INFO - [2025-01-22T12:57:18.975+0000] {dagbag.py:588} INFO - Filling up the DagBag from /usr/local/python/3.12.1/lib/python3.12/site-packages/airflow/example_dags/example_python_decorator.py
[2025-01-22T12:57:18.987+0000] {processor.py:925} INFO - DAG(s) 'example_python_decorator' retrieved from /usr/local/python/3.12.1/lib/python3.12/site-packages/airflow/example_dags/example_python_decorator.py
[2025-01-22T12:57:18.999+0000] {logging_mixin.py:190} INFO - [2025-01-22T12:57:18.999+0000] {dag.py:3239} INFO - Sync 1 DAGs
[2025-01-22T12:57:19.008+0000] {logging_mixin.py:190} INFO - [2025-01-22T12:57:19.008+0000] {dag.py:4180} INFO - Setting next_dagrun for example_python_decorator to None, run_after=None
[2025-01-22T12:57:19.022+0000] {processor.py:208} INFO - Processing /usr/local/python/3.12.1/lib/python3.12/site-packages/airflow/example_dags/example_python_decorator.py took 0.055 seconds
[2025-01-22T12:58:09.190+0000] {processor.py:186} INFO - Started process (PID=8847) to work on /usr/local/python/3.12.1/lib/python3.12/site-packages/airflow/example_dags/example_python_decorator.py
[2025-01-22T12:58:09.191+0000] {processor.py:914} INFO - Processing file /usr/local/python/3.12.1/lib/python3.12/site-packages/airflow/example_dags/example_python_decorator.py for tasks to queue
[2025-01-22T12:58:09.192+0000] {logging_mixin.py:190} INFO - [2025-01-22T12:58:09.192+0000] {dagbag.py:588} INFO - Filling up the DagBag from /usr/local/python/3.12.1/lib/python3.12/site-packages/airflow/example_dags/example_python_decorator.py
[2025-01-22T12:58:09.203+0000] {processor.py:925} INFO - DAG(s) 'example_python_decorator' retrieved from /usr/local/python/3.12.1/lib/python3.12/site-packages/airflow/example_dags/example_python_decorator.py
[2025-01-22T12:58:09.215+0000] {logging_mixin.py:190} INFO - [2025-01-22T12:58:09.214+0000] {dag.py:3239} INFO - Sync 1 DAGs
[2025-01-22T12:58:09.223+0000] {logging_mixin.py:190} INFO - [2025-01-22T12:58:09.223+0000] {dag.py:4180} INFO - Setting next_dagrun for example_python_decorator to None, run_after=None
[2025-01-22T12:58:09.238+0000] {processor.py:208} INFO - Processing /usr/local/python/3.12.1/lib/python3.12/site-packages/airflow/example_dags/example_python_decorator.py took 0.052 seconds
[2025-01-22T12:58:59.946+0000] {processor.py:186} INFO - Started process (PID=9265) to work on /usr/local/python/3.12.1/lib/python3.12/site-packages/airflow/example_dags/example_python_decorator.py
[2025-01-22T12:58:59.947+0000] {processor.py:914} INFO - Processing file /usr/local/python/3.12.1/lib/python3.12/site-packages/airflow/example_dags/example_python_decorator.py for tasks to queue
[2025-01-22T12:58:59.948+0000] {logging_mixin.py:190} INFO - [2025-01-22T12:58:59.948+0000] {dagbag.py:588} INFO - Filling up the DagBag from /usr/local/python/3.12.1/lib/python3.12/site-packages/airflow/example_dags/example_python_decorator.py
[2025-01-22T12:58:59.959+0000] {processor.py:925} INFO - DAG(s) 'example_python_decorator' retrieved from /usr/local/python/3.12.1/lib/python3.12/site-packages/airflow/example_dags/example_python_decorator.py
[2025-01-22T12:58:59.971+0000] {logging_mixin.py:190} INFO - [2025-01-22T12:58:59.971+0000] {dag.py:3239} INFO - Sync 1 DAGs
[2025-01-22T12:58:59.980+0000] {logging_mixin.py:190} INFO - [2025-01-22T12:58:59.980+0000] {dag.py:4180} INFO - Setting next_dagrun for example_python_decorator to None, run_after=None
[2025-01-22T12:58:59.995+0000] {processor.py:208} INFO - Processing /usr/local/python/3.12.1/lib/python3.12/site-packages/airflow/example_dags/example_python_decorator.py took 0.053 seconds
[2025-01-22T12:59:52.878+0000] {processor.py:186} INFO - Started process (PID=9695) to work on /usr/local/python/3.12.1/lib/python3.12/site-packages/airflow/example_dags/example_python_decorator.py
[2025-01-22T12:59:52.879+0000] {processor.py:914} INFO - Processing file /usr/local/python/3.12.1/lib/python3.12/site-packages/airflow/example_dags/example_python_decorator.py for tasks to queue
[2025-01-22T12:59:52.880+0000] {logging_mixin.py:190} INFO - [2025-01-22T12:59:52.880+0000] {dagbag.py:588} INFO - Filling up the DagBag from /usr/local/python/3.12.1/lib/python3.12/site-packages/airflow/example_dags/example_python_decorator.py
[2025-01-22T12:59:52.891+0000] {processor.py:925} INFO - DAG(s) 'example_python_decorator' retrieved from /usr/local/python/3.12.1/lib/python3.12/site-packages/airflow/example_dags/example_python_decorator.py
[2025-01-22T12:59:52.903+0000] {logging_mixin.py:190} INFO - [2025-01-22T12:59:52.903+0000] {dag.py:3239} INFO - Sync 1 DAGs
[2025-01-22T12:59:52.912+0000] {logging_mixin.py:190} INFO - [2025-01-22T12:59:52.912+0000] {dag.py:4180} INFO - Setting next_dagrun for example_python_decorator to None, run_after=None
[2025-01-22T12:59:52.926+0000] {processor.py:208} INFO - Processing /usr/local/python/3.12.1/lib/python3.12/site-packages/airflow/example_dags/example_python_decorator.py took 0.052 seconds
[2025-01-22T13:00:43.152+0000] {processor.py:186} INFO - Started process (PID=10112) to work on /usr/local/python/3.12.1/lib/python3.12/site-packages/airflow/example_dags/example_python_decorator.py
[2025-01-22T13:00:43.152+0000] {processor.py:914} INFO - Processing file /usr/local/python/3.12.1/lib/python3.12/site-packages/airflow/example_dags/example_python_decorator.py for tasks to queue
[2025-01-22T13:00:43.154+0000] {logging_mixin.py:190} INFO - [2025-01-22T13:00:43.154+0000] {dagbag.py:588} INFO - Filling up the DagBag from /usr/local/python/3.12.1/lib/python3.12/site-packages/airflow/example_dags/example_python_decorator.py
[2025-01-22T13:00:43.165+0000] {processor.py:925} INFO - DAG(s) 'example_python_decorator' retrieved from /usr/local/python/3.12.1/lib/python3.12/site-packages/airflow/example_dags/example_python_decorator.py
[2025-01-22T13:00:43.177+0000] {logging_mixin.py:190} INFO - [2025-01-22T13:00:43.177+0000] {dag.py:3239} INFO - Sync 1 DAGs
[2025-01-22T13:00:43.186+0000] {logging_mixin.py:190} INFO - [2025-01-22T13:00:43.186+0000] {dag.py:4180} INFO - Setting next_dagrun for example_python_decorator to None, run_after=None
[2025-01-22T13:00:43.201+0000] {processor.py:208} INFO - Processing /usr/local/python/3.12.1/lib/python3.12/site-packages/airflow/example_dags/example_python_decorator.py took 0.053 seconds
[2025-01-22T13:01:36.701+0000] {processor.py:186} INFO - Started process (PID=10551) to work on /usr/local/python/3.12.1/lib/python3.12/site-packages/airflow/example_dags/example_python_decorator.py
[2025-01-22T13:01:36.702+0000] {processor.py:914} INFO - Processing file /usr/local/python/3.12.1/lib/python3.12/site-packages/airflow/example_dags/example_python_decorator.py for tasks to queue
[2025-01-22T13:01:36.703+0000] {logging_mixin.py:190} INFO - [2025-01-22T13:01:36.703+0000] {dagbag.py:588} INFO - Filling up the DagBag from /usr/local/python/3.12.1/lib/python3.12/site-packages/airflow/example_dags/example_python_decorator.py
[2025-01-22T13:01:36.714+0000] {processor.py:925} INFO - DAG(s) 'example_python_decorator' retrieved from /usr/local/python/3.12.1/lib/python3.12/site-packages/airflow/example_dags/example_python_decorator.py
[2025-01-22T13:01:36.726+0000] {logging_mixin.py:190} INFO - [2025-01-22T13:01:36.726+0000] {dag.py:3239} INFO - Sync 1 DAGs
[2025-01-22T13:01:36.735+0000] {logging_mixin.py:190} INFO - [2025-01-22T13:01:36.735+0000] {dag.py:4180} INFO - Setting next_dagrun for example_python_decorator to None, run_after=None
[2025-01-22T13:01:36.749+0000] {processor.py:208} INFO - Processing /usr/local/python/3.12.1/lib/python3.12/site-packages/airflow/example_dags/example_python_decorator.py took 0.051 seconds
[2025-01-22T13:02:25.847+0000] {processor.py:186} INFO - Started process (PID=10991) to work on /usr/local/python/3.12.1/lib/python3.12/site-packages/airflow/example_dags/example_python_decorator.py
[2025-01-22T13:02:25.848+0000] {processor.py:914} INFO - Processing file /usr/local/python/3.12.1/lib/python3.12/site-packages/airflow/example_dags/example_python_decorator.py for tasks to queue
[2025-01-22T13:02:25.849+0000] {logging_mixin.py:190} INFO - [2025-01-22T13:02:25.849+0000] {dagbag.py:588} INFO - Filling up the DagBag from /usr/local/python/3.12.1/lib/python3.12/site-packages/airflow/example_dags/example_python_decorator.py
[2025-01-22T13:02:25.860+0000] {processor.py:925} INFO - DAG(s) 'example_python_decorator' retrieved from /usr/local/python/3.12.1/lib/python3.12/site-packages/airflow/example_dags/example_python_decorator.py
[2025-01-22T13:02:25.872+0000] {logging_mixin.py:190} INFO - [2025-01-22T13:02:25.872+0000] {dag.py:3239} INFO - Sync 1 DAGs
[2025-01-22T13:02:25.881+0000] {logging_mixin.py:190} INFO - [2025-01-22T13:02:25.880+0000] {dag.py:4180} INFO - Setting next_dagrun for example_python_decorator to None, run_after=None
[2025-01-22T13:02:25.896+0000] {processor.py:208} INFO - Processing /usr/local/python/3.12.1/lib/python3.12/site-packages/airflow/example_dags/example_python_decorator.py took 0.053 seconds
[2025-01-22T13:03:15.437+0000] {processor.py:186} INFO - Started process (PID=11379) to work on /usr/local/python/3.12.1/lib/python3.12/site-packages/airflow/example_dags/example_python_decorator.py
[2025-01-22T13:03:15.437+0000] {processor.py:914} INFO - Processing file /usr/local/python/3.12.1/lib/python3.12/site-packages/airflow/example_dags/example_python_decorator.py for tasks to queue
[2025-01-22T13:03:15.439+0000] {logging_mixin.py:190} INFO - [2025-01-22T13:03:15.439+0000] {dagbag.py:588} INFO - Filling up the DagBag from /usr/local/python/3.12.1/lib/python3.12/site-packages/airflow/example_dags/example_python_decorator.py
[2025-01-22T13:03:15.449+0000] {processor.py:925} INFO - DAG(s) 'example_python_decorator' retrieved from /usr/local/python/3.12.1/lib/python3.12/site-packages/airflow/example_dags/example_python_decorator.py
[2025-01-22T13:03:15.462+0000] {logging_mixin.py:190} INFO - [2025-01-22T13:03:15.461+0000] {dag.py:3239} INFO - Sync 1 DAGs
[2025-01-22T13:03:15.471+0000] {logging_mixin.py:190} INFO - [2025-01-22T13:03:15.471+0000] {dag.py:4180} INFO - Setting next_dagrun for example_python_decorator to None, run_after=None
[2025-01-22T13:03:15.485+0000] {processor.py:208} INFO - Processing /usr/local/python/3.12.1/lib/python3.12/site-packages/airflow/example_dags/example_python_decorator.py took 0.052 seconds
[2025-01-22T13:04:08.467+0000] {processor.py:186} INFO - Started process (PID=11819) to work on /usr/local/python/3.12.1/lib/python3.12/site-packages/airflow/example_dags/example_python_decorator.py
[2025-01-22T13:04:08.468+0000] {processor.py:914} INFO - Processing file /usr/local/python/3.12.1/lib/python3.12/site-packages/airflow/example_dags/example_python_decorator.py for tasks to queue
[2025-01-22T13:04:08.470+0000] {logging_mixin.py:190} INFO - [2025-01-22T13:04:08.469+0000] {dagbag.py:588} INFO - Filling up the DagBag from /usr/local/python/3.12.1/lib/python3.12/site-packages/airflow/example_dags/example_python_decorator.py
[2025-01-22T13:04:08.482+0000] {processor.py:925} INFO - DAG(s) 'example_python_decorator' retrieved from /usr/local/python/3.12.1/lib/python3.12/site-packages/airflow/example_dags/example_python_decorator.py
[2025-01-22T13:04:08.501+0000] {logging_mixin.py:190} INFO - [2025-01-22T13:04:08.500+0000] {dag.py:3239} INFO - Sync 1 DAGs
[2025-01-22T13:04:08.510+0000] {logging_mixin.py:190} INFO - [2025-01-22T13:04:08.509+0000] {dag.py:4180} INFO - Setting next_dagrun for example_python_decorator to None, run_after=None
[2025-01-22T13:04:08.527+0000] {processor.py:208} INFO - Processing /usr/local/python/3.12.1/lib/python3.12/site-packages/airflow/example_dags/example_python_decorator.py took 0.064 seconds
[2025-01-22T13:04:59.597+0000] {processor.py:186} INFO - Started process (PID=12241) to work on /usr/local/python/3.12.1/lib/python3.12/site-packages/airflow/example_dags/example_python_decorator.py
[2025-01-22T13:04:59.597+0000] {processor.py:914} INFO - Processing file /usr/local/python/3.12.1/lib/python3.12/site-packages/airflow/example_dags/example_python_decorator.py for tasks to queue
[2025-01-22T13:04:59.599+0000] {logging_mixin.py:190} INFO - [2025-01-22T13:04:59.599+0000] {dagbag.py:588} INFO - Filling up the DagBag from /usr/local/python/3.12.1/lib/python3.12/site-packages/airflow/example_dags/example_python_decorator.py
[2025-01-22T13:04:59.610+0000] {processor.py:925} INFO - DAG(s) 'example_python_decorator' retrieved from /usr/local/python/3.12.1/lib/python3.12/site-packages/airflow/example_dags/example_python_decorator.py
[2025-01-22T13:04:59.622+0000] {logging_mixin.py:190} INFO - [2025-01-22T13:04:59.622+0000] {dag.py:3239} INFO - Sync 1 DAGs
[2025-01-22T13:04:59.631+0000] {logging_mixin.py:190} INFO - [2025-01-22T13:04:59.631+0000] {dag.py:4180} INFO - Setting next_dagrun for example_python_decorator to None, run_after=None
[2025-01-22T13:04:59.645+0000] {processor.py:208} INFO - Processing /usr/local/python/3.12.1/lib/python3.12/site-packages/airflow/example_dags/example_python_decorator.py took 0.052 seconds
[2025-01-22T13:05:51.138+0000] {processor.py:186} INFO - Started process (PID=12662) to work on /usr/local/python/3.12.1/lib/python3.12/site-packages/airflow/example_dags/example_python_decorator.py
[2025-01-22T13:05:51.139+0000] {processor.py:914} INFO - Processing file /usr/local/python/3.12.1/lib/python3.12/site-packages/airflow/example_dags/example_python_decorator.py for tasks to queue
[2025-01-22T13:05:51.140+0000] {logging_mixin.py:190} INFO - [2025-01-22T13:05:51.140+0000] {dagbag.py:588} INFO - Filling up the DagBag from /usr/local/python/3.12.1/lib/python3.12/site-packages/airflow/example_dags/example_python_decorator.py
[2025-01-22T13:05:51.156+0000] {processor.py:925} INFO - DAG(s) 'example_python_decorator' retrieved from /usr/local/python/3.12.1/lib/python3.12/site-packages/airflow/example_dags/example_python_decorator.py
[2025-01-22T13:05:51.173+0000] {logging_mixin.py:190} INFO - [2025-01-22T13:05:51.173+0000] {dag.py:3239} INFO - Sync 1 DAGs
[2025-01-22T13:05:51.187+0000] {logging_mixin.py:190} INFO - [2025-01-22T13:05:51.187+0000] {dag.py:4180} INFO - Setting next_dagrun for example_python_decorator to None, run_after=None
[2025-01-22T13:05:51.207+0000] {processor.py:208} INFO - Processing /usr/local/python/3.12.1/lib/python3.12/site-packages/airflow/example_dags/example_python_decorator.py took 0.074 seconds
[2025-01-22T13:06:39.642+0000] {processor.py:186} INFO - Started process (PID=13076) to work on /usr/local/python/3.12.1/lib/python3.12/site-packages/airflow/example_dags/example_python_decorator.py
[2025-01-22T13:06:39.643+0000] {processor.py:914} INFO - Processing file /usr/local/python/3.12.1/lib/python3.12/site-packages/airflow/example_dags/example_python_decorator.py for tasks to queue
[2025-01-22T13:06:39.644+0000] {logging_mixin.py:190} INFO - [2025-01-22T13:06:39.644+0000] {dagbag.py:588} INFO - Filling up the DagBag from /usr/local/python/3.12.1/lib/python3.12/site-packages/airflow/example_dags/example_python_decorator.py
[2025-01-22T13:06:39.657+0000] {processor.py:925} INFO - DAG(s) 'example_python_decorator' retrieved from /usr/local/python/3.12.1/lib/python3.12/site-packages/airflow/example_dags/example_python_decorator.py
[2025-01-22T13:06:39.670+0000] {logging_mixin.py:190} INFO - [2025-01-22T13:06:39.670+0000] {dag.py:3239} INFO - Sync 1 DAGs
[2025-01-22T13:06:39.679+0000] {logging_mixin.py:190} INFO - [2025-01-22T13:06:39.679+0000] {dag.py:4180} INFO - Setting next_dagrun for example_python_decorator to None, run_after=None
[2025-01-22T13:06:39.693+0000] {processor.py:208} INFO - Processing /usr/local/python/3.12.1/lib/python3.12/site-packages/airflow/example_dags/example_python_decorator.py took 0.055 seconds
[2025-01-22T13:07:27.042+0000] {processor.py:186} INFO - Started process (PID=13483) to work on /usr/local/python/3.12.1/lib/python3.12/site-packages/airflow/example_dags/example_python_decorator.py
[2025-01-22T13:07:27.043+0000] {processor.py:914} INFO - Processing file /usr/local/python/3.12.1/lib/python3.12/site-packages/airflow/example_dags/example_python_decorator.py for tasks to queue
[2025-01-22T13:07:27.044+0000] {logging_mixin.py:190} INFO - [2025-01-22T13:07:27.044+0000] {dagbag.py:588} INFO - Filling up the DagBag from /usr/local/python/3.12.1/lib/python3.12/site-packages/airflow/example_dags/example_python_decorator.py
[2025-01-22T13:07:27.055+0000] {processor.py:925} INFO - DAG(s) 'example_python_decorator' retrieved from /usr/local/python/3.12.1/lib/python3.12/site-packages/airflow/example_dags/example_python_decorator.py
[2025-01-22T13:07:27.068+0000] {logging_mixin.py:190} INFO - [2025-01-22T13:07:27.067+0000] {dag.py:3239} INFO - Sync 1 DAGs
[2025-01-22T13:07:27.077+0000] {logging_mixin.py:190} INFO - [2025-01-22T13:07:27.077+0000] {dag.py:4180} INFO - Setting next_dagrun for example_python_decorator to None, run_after=None
[2025-01-22T13:07:27.091+0000] {processor.py:208} INFO - Processing /usr/local/python/3.12.1/lib/python3.12/site-packages/airflow/example_dags/example_python_decorator.py took 0.053 seconds
[2025-01-22T13:08:20.575+0000] {processor.py:186} INFO - Started process (PID=14108) to work on /usr/local/python/3.12.1/lib/python3.12/site-packages/airflow/example_dags/example_python_decorator.py
[2025-01-22T13:08:20.576+0000] {processor.py:914} INFO - Processing file /usr/local/python/3.12.1/lib/python3.12/site-packages/airflow/example_dags/example_python_decorator.py for tasks to queue
[2025-01-22T13:08:20.577+0000] {logging_mixin.py:190} INFO - [2025-01-22T13:08:20.577+0000] {dagbag.py:588} INFO - Filling up the DagBag from /usr/local/python/3.12.1/lib/python3.12/site-packages/airflow/example_dags/example_python_decorator.py
[2025-01-22T13:08:20.588+0000] {processor.py:925} INFO - DAG(s) 'example_python_decorator' retrieved from /usr/local/python/3.12.1/lib/python3.12/site-packages/airflow/example_dags/example_python_decorator.py
[2025-01-22T13:08:20.600+0000] {logging_mixin.py:190} INFO - [2025-01-22T13:08:20.600+0000] {dag.py:3239} INFO - Sync 1 DAGs
[2025-01-22T13:08:20.609+0000] {logging_mixin.py:190} INFO - [2025-01-22T13:08:20.609+0000] {dag.py:4180} INFO - Setting next_dagrun for example_python_decorator to None, run_after=None
[2025-01-22T13:08:20.623+0000] {processor.py:208} INFO - Processing /usr/local/python/3.12.1/lib/python3.12/site-packages/airflow/example_dags/example_python_decorator.py took 0.052 seconds
[2025-01-22T13:09:12.233+0000] {processor.py:186} INFO - Started process (PID=14529) to work on /usr/local/python/3.12.1/lib/python3.12/site-packages/airflow/example_dags/example_python_decorator.py
[2025-01-22T13:09:12.234+0000] {processor.py:914} INFO - Processing file /usr/local/python/3.12.1/lib/python3.12/site-packages/airflow/example_dags/example_python_decorator.py for tasks to queue
[2025-01-22T13:09:12.235+0000] {logging_mixin.py:190} INFO - [2025-01-22T13:09:12.235+0000] {dagbag.py:588} INFO - Filling up the DagBag from /usr/local/python/3.12.1/lib/python3.12/site-packages/airflow/example_dags/example_python_decorator.py
[2025-01-22T13:09:12.246+0000] {processor.py:925} INFO - DAG(s) 'example_python_decorator' retrieved from /usr/local/python/3.12.1/lib/python3.12/site-packages/airflow/example_dags/example_python_decorator.py
[2025-01-22T13:09:12.258+0000] {logging_mixin.py:190} INFO - [2025-01-22T13:09:12.258+0000] {dag.py:3239} INFO - Sync 1 DAGs
[2025-01-22T13:09:12.267+0000] {logging_mixin.py:190} INFO - [2025-01-22T13:09:12.267+0000] {dag.py:4180} INFO - Setting next_dagrun for example_python_decorator to None, run_after=None
[2025-01-22T13:09:12.281+0000] {processor.py:208} INFO - Processing /usr/local/python/3.12.1/lib/python3.12/site-packages/airflow/example_dags/example_python_decorator.py took 0.052 seconds
[2025-01-22T13:10:03.613+0000] {processor.py:186} INFO - Started process (PID=14963) to work on /usr/local/python/3.12.1/lib/python3.12/site-packages/airflow/example_dags/example_python_decorator.py
[2025-01-22T13:10:03.613+0000] {processor.py:914} INFO - Processing file /usr/local/python/3.12.1/lib/python3.12/site-packages/airflow/example_dags/example_python_decorator.py for tasks to queue
[2025-01-22T13:10:03.615+0000] {logging_mixin.py:190} INFO - [2025-01-22T13:10:03.615+0000] {dagbag.py:588} INFO - Filling up the DagBag from /usr/local/python/3.12.1/lib/python3.12/site-packages/airflow/example_dags/example_python_decorator.py
[2025-01-22T13:10:03.626+0000] {processor.py:925} INFO - DAG(s) 'example_python_decorator' retrieved from /usr/local/python/3.12.1/lib/python3.12/site-packages/airflow/example_dags/example_python_decorator.py
[2025-01-22T13:10:03.638+0000] {logging_mixin.py:190} INFO - [2025-01-22T13:10:03.638+0000] {dag.py:3239} INFO - Sync 1 DAGs
[2025-01-22T13:10:03.647+0000] {logging_mixin.py:190} INFO - [2025-01-22T13:10:03.647+0000] {dag.py:4180} INFO - Setting next_dagrun for example_python_decorator to None, run_after=None
[2025-01-22T13:10:03.661+0000] {processor.py:208} INFO - Processing /usr/local/python/3.12.1/lib/python3.12/site-packages/airflow/example_dags/example_python_decorator.py took 0.052 seconds
[2025-01-22T13:10:52.250+0000] {processor.py:186} INFO - Started process (PID=15366) to work on /usr/local/python/3.12.1/lib/python3.12/site-packages/airflow/example_dags/example_python_decorator.py
[2025-01-22T13:10:52.251+0000] {processor.py:914} INFO - Processing file /usr/local/python/3.12.1/lib/python3.12/site-packages/airflow/example_dags/example_python_decorator.py for tasks to queue
[2025-01-22T13:10:52.252+0000] {logging_mixin.py:190} INFO - [2025-01-22T13:10:52.252+0000] {dagbag.py:588} INFO - Filling up the DagBag from /usr/local/python/3.12.1/lib/python3.12/site-packages/airflow/example_dags/example_python_decorator.py
[2025-01-22T13:10:52.263+0000] {processor.py:925} INFO - DAG(s) 'example_python_decorator' retrieved from /usr/local/python/3.12.1/lib/python3.12/site-packages/airflow/example_dags/example_python_decorator.py
[2025-01-22T13:10:52.276+0000] {logging_mixin.py:190} INFO - [2025-01-22T13:10:52.276+0000] {dag.py:3239} INFO - Sync 1 DAGs
[2025-01-22T13:10:52.285+0000] {logging_mixin.py:190} INFO - [2025-01-22T13:10:52.284+0000] {dag.py:4180} INFO - Setting next_dagrun for example_python_decorator to None, run_after=None
[2025-01-22T13:10:52.299+0000] {processor.py:208} INFO - Processing /usr/local/python/3.12.1/lib/python3.12/site-packages/airflow/example_dags/example_python_decorator.py took 0.053 seconds
[2025-01-22T13:11:42.412+0000] {processor.py:186} INFO - Started process (PID=15774) to work on /usr/local/python/3.12.1/lib/python3.12/site-packages/airflow/example_dags/example_python_decorator.py
[2025-01-22T13:11:42.413+0000] {processor.py:914} INFO - Processing file /usr/local/python/3.12.1/lib/python3.12/site-packages/airflow/example_dags/example_python_decorator.py for tasks to queue
[2025-01-22T13:11:42.414+0000] {logging_mixin.py:190} INFO - [2025-01-22T13:11:42.414+0000] {dagbag.py:588} INFO - Filling up the DagBag from /usr/local/python/3.12.1/lib/python3.12/site-packages/airflow/example_dags/example_python_decorator.py
[2025-01-22T13:11:42.425+0000] {processor.py:925} INFO - DAG(s) 'example_python_decorator' retrieved from /usr/local/python/3.12.1/lib/python3.12/site-packages/airflow/example_dags/example_python_decorator.py
[2025-01-22T13:11:42.442+0000] {logging_mixin.py:190} INFO - [2025-01-22T13:11:42.441+0000] {dag.py:3239} INFO - Sync 1 DAGs
[2025-01-22T13:11:42.455+0000] {logging_mixin.py:190} INFO - [2025-01-22T13:11:42.455+0000] {dag.py:4180} INFO - Setting next_dagrun for example_python_decorator to None, run_after=None
[2025-01-22T13:11:42.473+0000] {processor.py:208} INFO - Processing /usr/local/python/3.12.1/lib/python3.12/site-packages/airflow/example_dags/example_python_decorator.py took 0.065 seconds
[2025-01-22T13:12:33.722+0000] {processor.py:186} INFO - Started process (PID=16264) to work on /usr/local/python/3.12.1/lib/python3.12/site-packages/airflow/example_dags/example_python_decorator.py
[2025-01-22T13:12:33.723+0000] {processor.py:914} INFO - Processing file /usr/local/python/3.12.1/lib/python3.12/site-packages/airflow/example_dags/example_python_decorator.py for tasks to queue
[2025-01-22T13:12:33.725+0000] {logging_mixin.py:190} INFO - [2025-01-22T13:12:33.724+0000] {dagbag.py:588} INFO - Filling up the DagBag from /usr/local/python/3.12.1/lib/python3.12/site-packages/airflow/example_dags/example_python_decorator.py
[2025-01-22T13:12:33.735+0000] {processor.py:925} INFO - DAG(s) 'example_python_decorator' retrieved from /usr/local/python/3.12.1/lib/python3.12/site-packages/airflow/example_dags/example_python_decorator.py
[2025-01-22T13:12:33.749+0000] {logging_mixin.py:190} INFO - [2025-01-22T13:12:33.749+0000] {dag.py:3239} INFO - Sync 1 DAGs
[2025-01-22T13:12:33.758+0000] {logging_mixin.py:190} INFO - [2025-01-22T13:12:33.758+0000] {dag.py:4180} INFO - Setting next_dagrun for example_python_decorator to None, run_after=None
[2025-01-22T13:12:33.772+0000] {processor.py:208} INFO - Processing /usr/local/python/3.12.1/lib/python3.12/site-packages/airflow/example_dags/example_python_decorator.py took 0.054 seconds
[2025-01-22T13:13:25.113+0000] {processor.py:186} INFO - Started process (PID=16685) to work on /usr/local/python/3.12.1/lib/python3.12/site-packages/airflow/example_dags/example_python_decorator.py
[2025-01-22T13:13:25.114+0000] {processor.py:914} INFO - Processing file /usr/local/python/3.12.1/lib/python3.12/site-packages/airflow/example_dags/example_python_decorator.py for tasks to queue
[2025-01-22T13:13:25.115+0000] {logging_mixin.py:190} INFO - [2025-01-22T13:13:25.115+0000] {dagbag.py:588} INFO - Filling up the DagBag from /usr/local/python/3.12.1/lib/python3.12/site-packages/airflow/example_dags/example_python_decorator.py
[2025-01-22T13:13:25.126+0000] {processor.py:925} INFO - DAG(s) 'example_python_decorator' retrieved from /usr/local/python/3.12.1/lib/python3.12/site-packages/airflow/example_dags/example_python_decorator.py
[2025-01-22T13:13:25.140+0000] {logging_mixin.py:190} INFO - [2025-01-22T13:13:25.140+0000] {dag.py:3239} INFO - Sync 1 DAGs
[2025-01-22T13:13:25.150+0000] {logging_mixin.py:190} INFO - [2025-01-22T13:13:25.150+0000] {dag.py:4180} INFO - Setting next_dagrun for example_python_decorator to None, run_after=None
[2025-01-22T13:13:25.165+0000] {processor.py:208} INFO - Processing /usr/local/python/3.12.1/lib/python3.12/site-packages/airflow/example_dags/example_python_decorator.py took 0.055 seconds
[2025-01-22T13:14:19.347+0000] {processor.py:186} INFO - Started process (PID=17062) to work on /usr/local/python/3.12.1/lib/python3.12/site-packages/airflow/example_dags/example_python_decorator.py
[2025-01-22T13:14:19.347+0000] {processor.py:914} INFO - Processing file /usr/local/python/3.12.1/lib/python3.12/site-packages/airflow/example_dags/example_python_decorator.py for tasks to queue
[2025-01-22T13:14:19.349+0000] {logging_mixin.py:190} INFO - [2025-01-22T13:14:19.349+0000] {dagbag.py:588} INFO - Filling up the DagBag from /usr/local/python/3.12.1/lib/python3.12/site-packages/airflow/example_dags/example_python_decorator.py
[2025-01-22T13:14:19.359+0000] {processor.py:925} INFO - DAG(s) 'example_python_decorator' retrieved from /usr/local/python/3.12.1/lib/python3.12/site-packages/airflow/example_dags/example_python_decorator.py
[2025-01-22T13:14:19.372+0000] {logging_mixin.py:190} INFO - [2025-01-22T13:14:19.372+0000] {dag.py:3239} INFO - Sync 1 DAGs
[2025-01-22T13:14:19.381+0000] {logging_mixin.py:190} INFO - [2025-01-22T13:14:19.381+0000] {dag.py:4180} INFO - Setting next_dagrun for example_python_decorator to None, run_after=None
[2025-01-22T13:14:19.396+0000] {processor.py:208} INFO - Processing /usr/local/python/3.12.1/lib/python3.12/site-packages/airflow/example_dags/example_python_decorator.py took 0.053 seconds
[2025-01-22T13:15:09.219+0000] {processor.py:186} INFO - Started process (PID=17482) to work on /usr/local/python/3.12.1/lib/python3.12/site-packages/airflow/example_dags/example_python_decorator.py
[2025-01-22T13:15:09.220+0000] {processor.py:914} INFO - Processing file /usr/local/python/3.12.1/lib/python3.12/site-packages/airflow/example_dags/example_python_decorator.py for tasks to queue
[2025-01-22T13:15:09.222+0000] {logging_mixin.py:190} INFO - [2025-01-22T13:15:09.221+0000] {dagbag.py:588} INFO - Filling up the DagBag from /usr/local/python/3.12.1/lib/python3.12/site-packages/airflow/example_dags/example_python_decorator.py
[2025-01-22T13:15:09.232+0000] {processor.py:925} INFO - DAG(s) 'example_python_decorator' retrieved from /usr/local/python/3.12.1/lib/python3.12/site-packages/airflow/example_dags/example_python_decorator.py
[2025-01-22T13:15:09.244+0000] {logging_mixin.py:190} INFO - [2025-01-22T13:15:09.244+0000] {dag.py:3239} INFO - Sync 1 DAGs
[2025-01-22T13:15:09.253+0000] {logging_mixin.py:190} INFO - [2025-01-22T13:15:09.253+0000] {dag.py:4180} INFO - Setting next_dagrun for example_python_decorator to None, run_after=None
[2025-01-22T13:15:09.267+0000] {processor.py:208} INFO - Processing /usr/local/python/3.12.1/lib/python3.12/site-packages/airflow/example_dags/example_python_decorator.py took 0.052 seconds
[2025-01-22T13:15:58.189+0000] {processor.py:186} INFO - Started process (PID=17897) to work on /usr/local/python/3.12.1/lib/python3.12/site-packages/airflow/example_dags/example_python_decorator.py
[2025-01-22T13:15:58.189+0000] {processor.py:914} INFO - Processing file /usr/local/python/3.12.1/lib/python3.12/site-packages/airflow/example_dags/example_python_decorator.py for tasks to queue
[2025-01-22T13:15:58.191+0000] {logging_mixin.py:190} INFO - [2025-01-22T13:15:58.190+0000] {dagbag.py:588} INFO - Filling up the DagBag from /usr/local/python/3.12.1/lib/python3.12/site-packages/airflow/example_dags/example_python_decorator.py
[2025-01-22T13:15:58.201+0000] {processor.py:925} INFO - DAG(s) 'example_python_decorator' retrieved from /usr/local/python/3.12.1/lib/python3.12/site-packages/airflow/example_dags/example_python_decorator.py
[2025-01-22T13:15:58.214+0000] {logging_mixin.py:190} INFO - [2025-01-22T13:15:58.214+0000] {dag.py:3239} INFO - Sync 1 DAGs
[2025-01-22T13:15:58.223+0000] {logging_mixin.py:190} INFO - [2025-01-22T13:15:58.223+0000] {dag.py:4180} INFO - Setting next_dagrun for example_python_decorator to None, run_after=None
[2025-01-22T13:15:58.237+0000] {processor.py:208} INFO - Processing /usr/local/python/3.12.1/lib/python3.12/site-packages/airflow/example_dags/example_python_decorator.py took 0.053 seconds
[2025-01-22T13:16:50.541+0000] {processor.py:186} INFO - Started process (PID=18325) to work on /usr/local/python/3.12.1/lib/python3.12/site-packages/airflow/example_dags/example_python_decorator.py
[2025-01-22T13:16:50.542+0000] {processor.py:914} INFO - Processing file /usr/local/python/3.12.1/lib/python3.12/site-packages/airflow/example_dags/example_python_decorator.py for tasks to queue
[2025-01-22T13:16:50.543+0000] {logging_mixin.py:190} INFO - [2025-01-22T13:16:50.543+0000] {dagbag.py:588} INFO - Filling up the DagBag from /usr/local/python/3.12.1/lib/python3.12/site-packages/airflow/example_dags/example_python_decorator.py
[2025-01-22T13:16:50.554+0000] {processor.py:925} INFO - DAG(s) 'example_python_decorator' retrieved from /usr/local/python/3.12.1/lib/python3.12/site-packages/airflow/example_dags/example_python_decorator.py
[2025-01-22T13:16:50.566+0000] {logging_mixin.py:190} INFO - [2025-01-22T13:16:50.566+0000] {dag.py:3239} INFO - Sync 1 DAGs
[2025-01-22T13:16:50.575+0000] {logging_mixin.py:190} INFO - [2025-01-22T13:16:50.575+0000] {dag.py:4180} INFO - Setting next_dagrun for example_python_decorator to None, run_after=None
[2025-01-22T13:16:50.590+0000] {processor.py:208} INFO - Processing /usr/local/python/3.12.1/lib/python3.12/site-packages/airflow/example_dags/example_python_decorator.py took 0.053 seconds
[2025-01-22T13:17:42.783+0000] {processor.py:186} INFO - Started process (PID=18816) to work on /usr/local/python/3.12.1/lib/python3.12/site-packages/airflow/example_dags/example_python_decorator.py
[2025-01-22T13:17:42.783+0000] {processor.py:914} INFO - Processing file /usr/local/python/3.12.1/lib/python3.12/site-packages/airflow/example_dags/example_python_decorator.py for tasks to queue
[2025-01-22T13:17:42.785+0000] {logging_mixin.py:190} INFO - [2025-01-22T13:17:42.785+0000] {dagbag.py:588} INFO - Filling up the DagBag from /usr/local/python/3.12.1/lib/python3.12/site-packages/airflow/example_dags/example_python_decorator.py
[2025-01-22T13:17:42.796+0000] {processor.py:925} INFO - DAG(s) 'example_python_decorator' retrieved from /usr/local/python/3.12.1/lib/python3.12/site-packages/airflow/example_dags/example_python_decorator.py
[2025-01-22T13:17:42.809+0000] {logging_mixin.py:190} INFO - [2025-01-22T13:17:42.809+0000] {dag.py:3239} INFO - Sync 1 DAGs
[2025-01-22T13:17:42.818+0000] {logging_mixin.py:190} INFO - [2025-01-22T13:17:42.818+0000] {dag.py:4180} INFO - Setting next_dagrun for example_python_decorator to None, run_after=None
[2025-01-22T13:17:42.833+0000] {processor.py:208} INFO - Processing /usr/local/python/3.12.1/lib/python3.12/site-packages/airflow/example_dags/example_python_decorator.py took 0.055 seconds
[2025-01-22T13:18:33.042+0000] {processor.py:186} INFO - Started process (PID=19295) to work on /usr/local/python/3.12.1/lib/python3.12/site-packages/airflow/example_dags/example_python_decorator.py
[2025-01-22T13:18:33.042+0000] {processor.py:914} INFO - Processing file /usr/local/python/3.12.1/lib/python3.12/site-packages/airflow/example_dags/example_python_decorator.py for tasks to queue
[2025-01-22T13:18:33.044+0000] {logging_mixin.py:190} INFO - [2025-01-22T13:18:33.043+0000] {dagbag.py:588} INFO - Filling up the DagBag from /usr/local/python/3.12.1/lib/python3.12/site-packages/airflow/example_dags/example_python_decorator.py
[2025-01-22T13:18:33.055+0000] {processor.py:925} INFO - DAG(s) 'example_python_decorator' retrieved from /usr/local/python/3.12.1/lib/python3.12/site-packages/airflow/example_dags/example_python_decorator.py
[2025-01-22T13:18:33.071+0000] {logging_mixin.py:190} INFO - [2025-01-22T13:18:33.071+0000] {dag.py:3239} INFO - Sync 1 DAGs
[2025-01-22T13:18:33.081+0000] {logging_mixin.py:190} INFO - [2025-01-22T13:18:33.080+0000] {dag.py:4180} INFO - Setting next_dagrun for example_python_decorator to None, run_after=None
[2025-01-22T13:18:33.095+0000] {processor.py:208} INFO - Processing /usr/local/python/3.12.1/lib/python3.12/site-packages/airflow/example_dags/example_python_decorator.py took 0.058 seconds
[2025-01-22T13:19:20.821+0000] {processor.py:186} INFO - Started process (PID=20130) to work on /usr/local/python/3.12.1/lib/python3.12/site-packages/airflow/example_dags/example_python_decorator.py
[2025-01-22T13:19:20.822+0000] {processor.py:914} INFO - Processing file /usr/local/python/3.12.1/lib/python3.12/site-packages/airflow/example_dags/example_python_decorator.py for tasks to queue
[2025-01-22T13:19:20.823+0000] {logging_mixin.py:190} INFO - [2025-01-22T13:19:20.823+0000] {dagbag.py:588} INFO - Filling up the DagBag from /usr/local/python/3.12.1/lib/python3.12/site-packages/airflow/example_dags/example_python_decorator.py
[2025-01-22T13:19:20.834+0000] {processor.py:925} INFO - DAG(s) 'example_python_decorator' retrieved from /usr/local/python/3.12.1/lib/python3.12/site-packages/airflow/example_dags/example_python_decorator.py
[2025-01-22T13:19:20.850+0000] {logging_mixin.py:190} INFO - [2025-01-22T13:19:20.850+0000] {dag.py:3239} INFO - Sync 1 DAGs
[2025-01-22T13:19:20.859+0000] {logging_mixin.py:190} INFO - [2025-01-22T13:19:20.859+0000] {dag.py:4180} INFO - Setting next_dagrun for example_python_decorator to None, run_after=None
[2025-01-22T13:19:20.873+0000] {processor.py:208} INFO - Processing /usr/local/python/3.12.1/lib/python3.12/site-packages/airflow/example_dags/example_python_decorator.py took 0.056 seconds
[2025-01-22T13:20:11.680+0000] {processor.py:186} INFO - Started process (PID=21110) to work on /usr/local/python/3.12.1/lib/python3.12/site-packages/airflow/example_dags/example_python_decorator.py
[2025-01-22T13:20:11.681+0000] {processor.py:914} INFO - Processing file /usr/local/python/3.12.1/lib/python3.12/site-packages/airflow/example_dags/example_python_decorator.py for tasks to queue
[2025-01-22T13:20:11.683+0000] {logging_mixin.py:190} INFO - [2025-01-22T13:20:11.682+0000] {dagbag.py:588} INFO - Filling up the DagBag from /usr/local/python/3.12.1/lib/python3.12/site-packages/airflow/example_dags/example_python_decorator.py
[2025-01-22T13:20:11.693+0000] {processor.py:925} INFO - DAG(s) 'example_python_decorator' retrieved from /usr/local/python/3.12.1/lib/python3.12/site-packages/airflow/example_dags/example_python_decorator.py
[2025-01-22T13:20:11.705+0000] {logging_mixin.py:190} INFO - [2025-01-22T13:20:11.705+0000] {dag.py:3239} INFO - Sync 1 DAGs
[2025-01-22T13:20:11.714+0000] {logging_mixin.py:190} INFO - [2025-01-22T13:20:11.714+0000] {dag.py:4180} INFO - Setting next_dagrun for example_python_decorator to None, run_after=None
[2025-01-22T13:20:11.728+0000] {processor.py:208} INFO - Processing /usr/local/python/3.12.1/lib/python3.12/site-packages/airflow/example_dags/example_python_decorator.py took 0.056 seconds
