[2025-01-22T12:53:22.849+0000] {processor.py:186} INFO - Started process (PID=5982) to work on /usr/local/python/3.12.1/lib/python3.12/site-packages/airflow/example_dags/example_bash_operator.py
[2025-01-22T12:53:22.849+0000] {processor.py:914} INFO - Processing file /usr/local/python/3.12.1/lib/python3.12/site-packages/airflow/example_dags/example_bash_operator.py for tasks to queue
[2025-01-22T12:53:22.852+0000] {logging_mixin.py:190} INFO - [2025-01-22T12:53:22.851+0000] {dagbag.py:588} INFO - Filling up the DagBag from /usr/local/python/3.12.1/lib/python3.12/site-packages/airflow/example_dags/example_bash_operator.py
[2025-01-22T12:53:22.861+0000] {processor.py:925} INFO - DAG(s) 'example_bash_operator' retrieved from /usr/local/python/3.12.1/lib/python3.12/site-packages/airflow/example_dags/example_bash_operator.py
[2025-01-22T12:53:22.945+0000] {logging_mixin.py:190} INFO - [2025-01-22T12:53:22.944+0000] {override.py:1911} INFO - Created Permission View: can delete on DAG:example_bash_operator
[2025-01-22T12:53:22.952+0000] {logging_mixin.py:190} INFO - [2025-01-22T12:53:22.952+0000] {override.py:1911} INFO - Created Permission View: can edit on DAG:example_bash_operator
[2025-01-22T12:53:22.958+0000] {logging_mixin.py:190} INFO - [2025-01-22T12:53:22.957+0000] {override.py:1911} INFO - Created Permission View: can read on DAG:example_bash_operator
[2025-01-22T12:53:22.965+0000] {logging_mixin.py:190} INFO - [2025-01-22T12:53:22.965+0000] {override.py:1911} INFO - Created Permission View: can create on DAG Run:example_bash_operator
[2025-01-22T12:53:22.970+0000] {logging_mixin.py:190} INFO - [2025-01-22T12:53:22.969+0000] {override.py:1911} INFO - Created Permission View: can read on DAG Run:example_bash_operator
[2025-01-22T12:53:22.974+0000] {logging_mixin.py:190} INFO - [2025-01-22T12:53:22.974+0000] {override.py:1911} INFO - Created Permission View: menu access on DAG Run:example_bash_operator
[2025-01-22T12:53:22.979+0000] {logging_mixin.py:190} INFO - [2025-01-22T12:53:22.979+0000] {override.py:1911} INFO - Created Permission View: can delete on DAG Run:example_bash_operator
[2025-01-22T12:53:22.979+0000] {logging_mixin.py:190} INFO - [2025-01-22T12:53:22.979+0000] {dag.py:3239} INFO - Sync 1 DAGs
[2025-01-22T12:53:22.987+0000] {logging_mixin.py:190} INFO - [2025-01-22T12:53:22.987+0000] {dag.py:3262} INFO - Creating ORM DAG for example_bash_operator
[2025-01-22T12:53:22.994+0000] {logging_mixin.py:190} INFO - [2025-01-22T12:53:22.994+0000] {dag.py:4180} INFO - Setting next_dagrun for example_bash_operator to 2025-01-21 00:00:00+00:00, run_after=2025-01-22 00:00:00+00:00
[2025-01-22T12:53:23.007+0000] {processor.py:208} INFO - Processing /usr/local/python/3.12.1/lib/python3.12/site-packages/airflow/example_dags/example_bash_operator.py took 0.162 seconds
[2025-01-22T12:54:41.552+0000] {processor.py:186} INFO - Started process (PID=7083) to work on /usr/local/python/3.12.1/lib/python3.12/site-packages/airflow/example_dags/example_bash_operator.py
[2025-01-22T12:54:41.553+0000] {processor.py:914} INFO - Processing file /usr/local/python/3.12.1/lib/python3.12/site-packages/airflow/example_dags/example_bash_operator.py for tasks to queue
[2025-01-22T12:54:41.554+0000] {logging_mixin.py:190} INFO - [2025-01-22T12:54:41.554+0000] {dagbag.py:588} INFO - Filling up the DagBag from /usr/local/python/3.12.1/lib/python3.12/site-packages/airflow/example_dags/example_bash_operator.py
[2025-01-22T12:54:41.564+0000] {processor.py:925} INFO - DAG(s) 'example_bash_operator' retrieved from /usr/local/python/3.12.1/lib/python3.12/site-packages/airflow/example_dags/example_bash_operator.py
[2025-01-22T12:54:41.579+0000] {logging_mixin.py:190} INFO - [2025-01-22T12:54:41.579+0000] {dag.py:3239} INFO - Sync 1 DAGs
[2025-01-22T12:54:41.594+0000] {logging_mixin.py:190} INFO - [2025-01-22T12:54:41.594+0000] {dag.py:4180} INFO - Setting next_dagrun for example_bash_operator to 2025-01-21 00:00:00+00:00, run_after=2025-01-22 00:00:00+00:00
[2025-01-22T12:54:41.611+0000] {processor.py:208} INFO - Processing /usr/local/python/3.12.1/lib/python3.12/site-packages/airflow/example_dags/example_bash_operator.py took 0.062 seconds
[2025-01-22T12:55:59.053+0000] {processor.py:186} INFO - Started process (PID=7739) to work on /usr/local/python/3.12.1/lib/python3.12/site-packages/airflow/example_dags/example_bash_operator.py
[2025-01-22T12:55:59.053+0000] {processor.py:914} INFO - Processing file /usr/local/python/3.12.1/lib/python3.12/site-packages/airflow/example_dags/example_bash_operator.py for tasks to queue
[2025-01-22T12:55:59.055+0000] {logging_mixin.py:190} INFO - [2025-01-22T12:55:59.055+0000] {dagbag.py:588} INFO - Filling up the DagBag from /usr/local/python/3.12.1/lib/python3.12/site-packages/airflow/example_dags/example_bash_operator.py
[2025-01-22T12:55:59.065+0000] {processor.py:925} INFO - DAG(s) 'example_bash_operator' retrieved from /usr/local/python/3.12.1/lib/python3.12/site-packages/airflow/example_dags/example_bash_operator.py
[2025-01-22T12:55:59.081+0000] {logging_mixin.py:190} INFO - [2025-01-22T12:55:59.081+0000] {dag.py:3239} INFO - Sync 1 DAGs
[2025-01-22T12:55:59.096+0000] {logging_mixin.py:190} INFO - [2025-01-22T12:55:59.096+0000] {dag.py:4180} INFO - Setting next_dagrun for example_bash_operator to 2025-01-21 00:00:00+00:00, run_after=2025-01-22 00:00:00+00:00
[2025-01-22T12:55:59.115+0000] {processor.py:208} INFO - Processing /usr/local/python/3.12.1/lib/python3.12/site-packages/airflow/example_dags/example_bash_operator.py took 0.067 seconds
[2025-01-22T12:57:16.790+0000] {processor.py:186} INFO - Started process (PID=8347) to work on /usr/local/python/3.12.1/lib/python3.12/site-packages/airflow/example_dags/example_bash_operator.py
[2025-01-22T12:57:16.791+0000] {processor.py:914} INFO - Processing file /usr/local/python/3.12.1/lib/python3.12/site-packages/airflow/example_dags/example_bash_operator.py for tasks to queue
[2025-01-22T12:57:16.792+0000] {logging_mixin.py:190} INFO - [2025-01-22T12:57:16.792+0000] {dagbag.py:588} INFO - Filling up the DagBag from /usr/local/python/3.12.1/lib/python3.12/site-packages/airflow/example_dags/example_bash_operator.py
[2025-01-22T12:57:16.802+0000] {processor.py:925} INFO - DAG(s) 'example_bash_operator' retrieved from /usr/local/python/3.12.1/lib/python3.12/site-packages/airflow/example_dags/example_bash_operator.py
[2025-01-22T12:57:16.817+0000] {logging_mixin.py:190} INFO - [2025-01-22T12:57:16.817+0000] {dag.py:3239} INFO - Sync 1 DAGs
[2025-01-22T12:57:16.832+0000] {logging_mixin.py:190} INFO - [2025-01-22T12:57:16.832+0000] {dag.py:4180} INFO - Setting next_dagrun for example_bash_operator to 2025-01-21 00:00:00+00:00, run_after=2025-01-22 00:00:00+00:00
[2025-01-22T12:57:16.846+0000] {processor.py:208} INFO - Processing /usr/local/python/3.12.1/lib/python3.12/site-packages/airflow/example_dags/example_bash_operator.py took 0.060 seconds
[2025-01-22T12:58:30.845+0000] {processor.py:186} INFO - Started process (PID=9062) to work on /usr/local/python/3.12.1/lib/python3.12/site-packages/airflow/example_dags/example_bash_operator.py
[2025-01-22T12:58:30.846+0000] {processor.py:914} INFO - Processing file /usr/local/python/3.12.1/lib/python3.12/site-packages/airflow/example_dags/example_bash_operator.py for tasks to queue
[2025-01-22T12:58:30.847+0000] {logging_mixin.py:190} INFO - [2025-01-22T12:58:30.847+0000] {dagbag.py:588} INFO - Filling up the DagBag from /usr/local/python/3.12.1/lib/python3.12/site-packages/airflow/example_dags/example_bash_operator.py
[2025-01-22T12:58:30.857+0000] {processor.py:925} INFO - DAG(s) 'example_bash_operator' retrieved from /usr/local/python/3.12.1/lib/python3.12/site-packages/airflow/example_dags/example_bash_operator.py
[2025-01-22T12:58:30.872+0000] {logging_mixin.py:190} INFO - [2025-01-22T12:58:30.872+0000] {dag.py:3239} INFO - Sync 1 DAGs
[2025-01-22T12:58:30.887+0000] {logging_mixin.py:190} INFO - [2025-01-22T12:58:30.887+0000] {dag.py:4180} INFO - Setting next_dagrun for example_bash_operator to 2025-01-21 00:00:00+00:00, run_after=2025-01-22 00:00:00+00:00
[2025-01-22T12:58:30.902+0000] {processor.py:208} INFO - Processing /usr/local/python/3.12.1/lib/python3.12/site-packages/airflow/example_dags/example_bash_operator.py took 0.061 seconds
[2025-01-22T12:59:48.971+0000] {processor.py:186} INFO - Started process (PID=9679) to work on /usr/local/python/3.12.1/lib/python3.12/site-packages/airflow/example_dags/example_bash_operator.py
[2025-01-22T12:59:48.972+0000] {processor.py:914} INFO - Processing file /usr/local/python/3.12.1/lib/python3.12/site-packages/airflow/example_dags/example_bash_operator.py for tasks to queue
[2025-01-22T12:59:48.973+0000] {logging_mixin.py:190} INFO - [2025-01-22T12:59:48.973+0000] {dagbag.py:588} INFO - Filling up the DagBag from /usr/local/python/3.12.1/lib/python3.12/site-packages/airflow/example_dags/example_bash_operator.py
[2025-01-22T12:59:48.983+0000] {processor.py:925} INFO - DAG(s) 'example_bash_operator' retrieved from /usr/local/python/3.12.1/lib/python3.12/site-packages/airflow/example_dags/example_bash_operator.py
[2025-01-22T12:59:48.999+0000] {logging_mixin.py:190} INFO - [2025-01-22T12:59:48.999+0000] {dag.py:3239} INFO - Sync 1 DAGs
[2025-01-22T12:59:49.014+0000] {logging_mixin.py:190} INFO - [2025-01-22T12:59:49.013+0000] {dag.py:4180} INFO - Setting next_dagrun for example_bash_operator to 2025-01-21 00:00:00+00:00, run_after=2025-01-22 00:00:00+00:00
[2025-01-22T12:59:49.028+0000] {processor.py:208} INFO - Processing /usr/local/python/3.12.1/lib/python3.12/site-packages/airflow/example_dags/example_bash_operator.py took 0.061 seconds
[2025-01-22T13:01:06.078+0000] {processor.py:186} INFO - Started process (PID=10271) to work on /usr/local/python/3.12.1/lib/python3.12/site-packages/airflow/example_dags/example_bash_operator.py
[2025-01-22T13:01:06.079+0000] {processor.py:914} INFO - Processing file /usr/local/python/3.12.1/lib/python3.12/site-packages/airflow/example_dags/example_bash_operator.py for tasks to queue
[2025-01-22T13:01:06.081+0000] {logging_mixin.py:190} INFO - [2025-01-22T13:01:06.080+0000] {dagbag.py:588} INFO - Filling up the DagBag from /usr/local/python/3.12.1/lib/python3.12/site-packages/airflow/example_dags/example_bash_operator.py
[2025-01-22T13:01:06.095+0000] {processor.py:925} INFO - DAG(s) 'example_bash_operator' retrieved from /usr/local/python/3.12.1/lib/python3.12/site-packages/airflow/example_dags/example_bash_operator.py
[2025-01-22T13:01:06.128+0000] {logging_mixin.py:190} INFO - [2025-01-22T13:01:06.127+0000] {dag.py:3239} INFO - Sync 1 DAGs
[2025-01-22T13:01:06.152+0000] {logging_mixin.py:190} INFO - [2025-01-22T13:01:06.152+0000] {dag.py:4180} INFO - Setting next_dagrun for example_bash_operator to 2025-01-21 00:00:00+00:00, run_after=2025-01-22 00:00:00+00:00
[2025-01-22T13:01:06.165+0000] {processor.py:208} INFO - Processing /usr/local/python/3.12.1/lib/python3.12/site-packages/airflow/example_dags/example_bash_operator.py took 0.092 seconds
[2025-01-22T13:02:22.118+0000] {processor.py:186} INFO - Started process (PID=10950) to work on /usr/local/python/3.12.1/lib/python3.12/site-packages/airflow/example_dags/example_bash_operator.py
[2025-01-22T13:02:22.119+0000] {processor.py:914} INFO - Processing file /usr/local/python/3.12.1/lib/python3.12/site-packages/airflow/example_dags/example_bash_operator.py for tasks to queue
[2025-01-22T13:02:22.120+0000] {logging_mixin.py:190} INFO - [2025-01-22T13:02:22.120+0000] {dagbag.py:588} INFO - Filling up the DagBag from /usr/local/python/3.12.1/lib/python3.12/site-packages/airflow/example_dags/example_bash_operator.py
[2025-01-22T13:02:22.130+0000] {processor.py:925} INFO - DAG(s) 'example_bash_operator' retrieved from /usr/local/python/3.12.1/lib/python3.12/site-packages/airflow/example_dags/example_bash_operator.py
[2025-01-22T13:02:22.145+0000] {logging_mixin.py:190} INFO - [2025-01-22T13:02:22.145+0000] {dag.py:3239} INFO - Sync 1 DAGs
[2025-01-22T13:02:22.161+0000] {logging_mixin.py:190} INFO - [2025-01-22T13:02:22.160+0000] {dag.py:4180} INFO - Setting next_dagrun for example_bash_operator to 2025-01-21 00:00:00+00:00, run_after=2025-01-22 00:00:00+00:00
[2025-01-22T13:02:22.178+0000] {processor.py:208} INFO - Processing /usr/local/python/3.12.1/lib/python3.12/site-packages/airflow/example_dags/example_bash_operator.py took 0.064 seconds
[2025-01-22T13:03:33.770+0000] {processor.py:186} INFO - Started process (PID=11578) to work on /usr/local/python/3.12.1/lib/python3.12/site-packages/airflow/example_dags/example_bash_operator.py
[2025-01-22T13:03:33.771+0000] {processor.py:914} INFO - Processing file /usr/local/python/3.12.1/lib/python3.12/site-packages/airflow/example_dags/example_bash_operator.py for tasks to queue
[2025-01-22T13:03:33.772+0000] {logging_mixin.py:190} INFO - [2025-01-22T13:03:33.772+0000] {dagbag.py:588} INFO - Filling up the DagBag from /usr/local/python/3.12.1/lib/python3.12/site-packages/airflow/example_dags/example_bash_operator.py
[2025-01-22T13:03:33.782+0000] {processor.py:925} INFO - DAG(s) 'example_bash_operator' retrieved from /usr/local/python/3.12.1/lib/python3.12/site-packages/airflow/example_dags/example_bash_operator.py
[2025-01-22T13:03:33.806+0000] {logging_mixin.py:190} INFO - [2025-01-22T13:03:33.806+0000] {dag.py:3239} INFO - Sync 1 DAGs
[2025-01-22T13:03:33.823+0000] {logging_mixin.py:190} INFO - [2025-01-22T13:03:33.823+0000] {dag.py:4180} INFO - Setting next_dagrun for example_bash_operator to 2025-01-21 00:00:00+00:00, run_after=2025-01-22 00:00:00+00:00
[2025-01-22T13:03:33.837+0000] {processor.py:208} INFO - Processing /usr/local/python/3.12.1/lib/python3.12/site-packages/airflow/example_dags/example_bash_operator.py took 0.071 seconds
[2025-01-22T13:04:52.872+0000] {processor.py:186} INFO - Started process (PID=12200) to work on /usr/local/python/3.12.1/lib/python3.12/site-packages/airflow/example_dags/example_bash_operator.py
[2025-01-22T13:04:52.873+0000] {processor.py:914} INFO - Processing file /usr/local/python/3.12.1/lib/python3.12/site-packages/airflow/example_dags/example_bash_operator.py for tasks to queue
[2025-01-22T13:04:52.875+0000] {logging_mixin.py:190} INFO - [2025-01-22T13:04:52.875+0000] {dagbag.py:588} INFO - Filling up the DagBag from /usr/local/python/3.12.1/lib/python3.12/site-packages/airflow/example_dags/example_bash_operator.py
[2025-01-22T13:04:52.887+0000] {processor.py:925} INFO - DAG(s) 'example_bash_operator' retrieved from /usr/local/python/3.12.1/lib/python3.12/site-packages/airflow/example_dags/example_bash_operator.py
[2025-01-22T13:04:52.904+0000] {logging_mixin.py:190} INFO - [2025-01-22T13:04:52.904+0000] {dag.py:3239} INFO - Sync 1 DAGs
[2025-01-22T13:04:52.919+0000] {logging_mixin.py:190} INFO - [2025-01-22T13:04:52.919+0000] {dag.py:4180} INFO - Setting next_dagrun for example_bash_operator to 2025-01-21 00:00:00+00:00, run_after=2025-01-22 00:00:00+00:00
[2025-01-22T13:04:52.933+0000] {processor.py:208} INFO - Processing /usr/local/python/3.12.1/lib/python3.12/site-packages/airflow/example_dags/example_bash_operator.py took 0.066 seconds
[2025-01-22T13:06:09.987+0000] {processor.py:186} INFO - Started process (PID=12801) to work on /usr/local/python/3.12.1/lib/python3.12/site-packages/airflow/example_dags/example_bash_operator.py
[2025-01-22T13:06:09.988+0000] {processor.py:914} INFO - Processing file /usr/local/python/3.12.1/lib/python3.12/site-packages/airflow/example_dags/example_bash_operator.py for tasks to queue
[2025-01-22T13:06:09.989+0000] {logging_mixin.py:190} INFO - [2025-01-22T13:06:09.989+0000] {dagbag.py:588} INFO - Filling up the DagBag from /usr/local/python/3.12.1/lib/python3.12/site-packages/airflow/example_dags/example_bash_operator.py
[2025-01-22T13:06:09.999+0000] {processor.py:925} INFO - DAG(s) 'example_bash_operator' retrieved from /usr/local/python/3.12.1/lib/python3.12/site-packages/airflow/example_dags/example_bash_operator.py
[2025-01-22T13:06:10.021+0000] {logging_mixin.py:190} INFO - [2025-01-22T13:06:10.021+0000] {dag.py:3239} INFO - Sync 1 DAGs
[2025-01-22T13:06:10.040+0000] {logging_mixin.py:190} INFO - [2025-01-22T13:06:10.040+0000] {dag.py:4180} INFO - Setting next_dagrun for example_bash_operator to 2025-01-21 00:00:00+00:00, run_after=2025-01-22 00:00:00+00:00
[2025-01-22T13:06:10.054+0000] {processor.py:208} INFO - Processing /usr/local/python/3.12.1/lib/python3.12/site-packages/airflow/example_dags/example_bash_operator.py took 0.071 seconds
[2025-01-22T13:07:20.895+0000] {processor.py:186} INFO - Started process (PID=13364) to work on /usr/local/python/3.12.1/lib/python3.12/site-packages/airflow/example_dags/example_bash_operator.py
[2025-01-22T13:07:20.896+0000] {processor.py:914} INFO - Processing file /usr/local/python/3.12.1/lib/python3.12/site-packages/airflow/example_dags/example_bash_operator.py for tasks to queue
[2025-01-22T13:07:20.898+0000] {logging_mixin.py:190} INFO - [2025-01-22T13:07:20.897+0000] {dagbag.py:588} INFO - Filling up the DagBag from /usr/local/python/3.12.1/lib/python3.12/site-packages/airflow/example_dags/example_bash_operator.py
[2025-01-22T13:07:20.908+0000] {processor.py:925} INFO - DAG(s) 'example_bash_operator' retrieved from /usr/local/python/3.12.1/lib/python3.12/site-packages/airflow/example_dags/example_bash_operator.py
[2025-01-22T13:07:20.929+0000] {logging_mixin.py:190} INFO - [2025-01-22T13:07:20.928+0000] {dag.py:3239} INFO - Sync 1 DAGs
[2025-01-22T13:07:20.961+0000] {logging_mixin.py:190} INFO - [2025-01-22T13:07:20.961+0000] {dag.py:4180} INFO - Setting next_dagrun for example_bash_operator to 2025-01-21 00:00:00+00:00, run_after=2025-01-22 00:00:00+00:00
[2025-01-22T13:07:20.982+0000] {processor.py:208} INFO - Processing /usr/local/python/3.12.1/lib/python3.12/site-packages/airflow/example_dags/example_bash_operator.py took 0.093 seconds
[2025-01-22T13:08:42.534+0000] {processor.py:186} INFO - Started process (PID=14323) to work on /usr/local/python/3.12.1/lib/python3.12/site-packages/airflow/example_dags/example_bash_operator.py
[2025-01-22T13:08:42.535+0000] {processor.py:914} INFO - Processing file /usr/local/python/3.12.1/lib/python3.12/site-packages/airflow/example_dags/example_bash_operator.py for tasks to queue
[2025-01-22T13:08:42.536+0000] {logging_mixin.py:190} INFO - [2025-01-22T13:08:42.536+0000] {dagbag.py:588} INFO - Filling up the DagBag from /usr/local/python/3.12.1/lib/python3.12/site-packages/airflow/example_dags/example_bash_operator.py
[2025-01-22T13:08:42.546+0000] {processor.py:925} INFO - DAG(s) 'example_bash_operator' retrieved from /usr/local/python/3.12.1/lib/python3.12/site-packages/airflow/example_dags/example_bash_operator.py
[2025-01-22T13:08:42.562+0000] {logging_mixin.py:190} INFO - [2025-01-22T13:08:42.562+0000] {dag.py:3239} INFO - Sync 1 DAGs
[2025-01-22T13:08:42.578+0000] {logging_mixin.py:190} INFO - [2025-01-22T13:08:42.577+0000] {dag.py:4180} INFO - Setting next_dagrun for example_bash_operator to 2025-01-21 00:00:00+00:00, run_after=2025-01-22 00:00:00+00:00
[2025-01-22T13:08:42.592+0000] {processor.py:208} INFO - Processing /usr/local/python/3.12.1/lib/python3.12/site-packages/airflow/example_dags/example_bash_operator.py took 0.062 seconds
[2025-01-22T13:09:58.053+0000] {processor.py:186} INFO - Started process (PID=14931) to work on /usr/local/python/3.12.1/lib/python3.12/site-packages/airflow/example_dags/example_bash_operator.py
[2025-01-22T13:09:58.054+0000] {processor.py:914} INFO - Processing file /usr/local/python/3.12.1/lib/python3.12/site-packages/airflow/example_dags/example_bash_operator.py for tasks to queue
[2025-01-22T13:09:58.056+0000] {logging_mixin.py:190} INFO - [2025-01-22T13:09:58.055+0000] {dagbag.py:588} INFO - Filling up the DagBag from /usr/local/python/3.12.1/lib/python3.12/site-packages/airflow/example_dags/example_bash_operator.py
[2025-01-22T13:09:58.066+0000] {processor.py:925} INFO - DAG(s) 'example_bash_operator' retrieved from /usr/local/python/3.12.1/lib/python3.12/site-packages/airflow/example_dags/example_bash_operator.py
[2025-01-22T13:09:58.082+0000] {logging_mixin.py:190} INFO - [2025-01-22T13:09:58.082+0000] {dag.py:3239} INFO - Sync 1 DAGs
[2025-01-22T13:09:58.098+0000] {logging_mixin.py:190} INFO - [2025-01-22T13:09:58.098+0000] {dag.py:4180} INFO - Setting next_dagrun for example_bash_operator to 2025-01-21 00:00:00+00:00, run_after=2025-01-22 00:00:00+00:00
[2025-01-22T13:09:58.112+0000] {processor.py:208} INFO - Processing /usr/local/python/3.12.1/lib/python3.12/site-packages/airflow/example_dags/example_bash_operator.py took 0.064 seconds
[2025-01-22T13:11:10.532+0000] {processor.py:186} INFO - Started process (PID=15496) to work on /usr/local/python/3.12.1/lib/python3.12/site-packages/airflow/example_dags/example_bash_operator.py
[2025-01-22T13:11:10.533+0000] {processor.py:914} INFO - Processing file /usr/local/python/3.12.1/lib/python3.12/site-packages/airflow/example_dags/example_bash_operator.py for tasks to queue
[2025-01-22T13:11:10.534+0000] {logging_mixin.py:190} INFO - [2025-01-22T13:11:10.534+0000] {dagbag.py:588} INFO - Filling up the DagBag from /usr/local/python/3.12.1/lib/python3.12/site-packages/airflow/example_dags/example_bash_operator.py
[2025-01-22T13:11:10.544+0000] {processor.py:925} INFO - DAG(s) 'example_bash_operator' retrieved from /usr/local/python/3.12.1/lib/python3.12/site-packages/airflow/example_dags/example_bash_operator.py
[2025-01-22T13:11:10.559+0000] {logging_mixin.py:190} INFO - [2025-01-22T13:11:10.559+0000] {dag.py:3239} INFO - Sync 1 DAGs
[2025-01-22T13:11:10.574+0000] {logging_mixin.py:190} INFO - [2025-01-22T13:11:10.574+0000] {dag.py:4180} INFO - Setting next_dagrun for example_bash_operator to 2025-01-21 00:00:00+00:00, run_after=2025-01-22 00:00:00+00:00
[2025-01-22T13:11:10.588+0000] {processor.py:208} INFO - Processing /usr/local/python/3.12.1/lib/python3.12/site-packages/airflow/example_dags/example_bash_operator.py took 0.060 seconds
[2025-01-22T13:12:27.447+0000] {processor.py:186} INFO - Started process (PID=16213) to work on /usr/local/python/3.12.1/lib/python3.12/site-packages/airflow/example_dags/example_bash_operator.py
[2025-01-22T13:12:27.448+0000] {processor.py:914} INFO - Processing file /usr/local/python/3.12.1/lib/python3.12/site-packages/airflow/example_dags/example_bash_operator.py for tasks to queue
[2025-01-22T13:12:27.449+0000] {logging_mixin.py:190} INFO - [2025-01-22T13:12:27.449+0000] {dagbag.py:588} INFO - Filling up the DagBag from /usr/local/python/3.12.1/lib/python3.12/site-packages/airflow/example_dags/example_bash_operator.py
[2025-01-22T13:12:27.459+0000] {processor.py:925} INFO - DAG(s) 'example_bash_operator' retrieved from /usr/local/python/3.12.1/lib/python3.12/site-packages/airflow/example_dags/example_bash_operator.py
[2025-01-22T13:12:27.475+0000] {logging_mixin.py:190} INFO - [2025-01-22T13:12:27.474+0000] {dag.py:3239} INFO - Sync 1 DAGs
[2025-01-22T13:12:27.489+0000] {logging_mixin.py:190} INFO - [2025-01-22T13:12:27.489+0000] {dag.py:4180} INFO - Setting next_dagrun for example_bash_operator to 2025-01-21 00:00:00+00:00, run_after=2025-01-22 00:00:00+00:00
[2025-01-22T13:12:27.502+0000] {processor.py:208} INFO - Processing /usr/local/python/3.12.1/lib/python3.12/site-packages/airflow/example_dags/example_bash_operator.py took 0.061 seconds
[2025-01-22T13:13:45.664+0000] {processor.py:186} INFO - Started process (PID=16832) to work on /usr/local/python/3.12.1/lib/python3.12/site-packages/airflow/example_dags/example_bash_operator.py
[2025-01-22T13:13:45.664+0000] {processor.py:914} INFO - Processing file /usr/local/python/3.12.1/lib/python3.12/site-packages/airflow/example_dags/example_bash_operator.py for tasks to queue
[2025-01-22T13:13:45.666+0000] {logging_mixin.py:190} INFO - [2025-01-22T13:13:45.666+0000] {dagbag.py:588} INFO - Filling up the DagBag from /usr/local/python/3.12.1/lib/python3.12/site-packages/airflow/example_dags/example_bash_operator.py
[2025-01-22T13:13:45.675+0000] {processor.py:925} INFO - DAG(s) 'example_bash_operator' retrieved from /usr/local/python/3.12.1/lib/python3.12/site-packages/airflow/example_dags/example_bash_operator.py
[2025-01-22T13:13:45.691+0000] {logging_mixin.py:190} INFO - [2025-01-22T13:13:45.691+0000] {dag.py:3239} INFO - Sync 1 DAGs
[2025-01-22T13:13:45.706+0000] {logging_mixin.py:190} INFO - [2025-01-22T13:13:45.705+0000] {dag.py:4180} INFO - Setting next_dagrun for example_bash_operator to 2025-01-21 00:00:00+00:00, run_after=2025-01-22 00:00:00+00:00
[2025-01-22T13:13:45.720+0000] {processor.py:208} INFO - Processing /usr/local/python/3.12.1/lib/python3.12/site-packages/airflow/example_dags/example_bash_operator.py took 0.060 seconds
[2025-01-22T13:15:01.814+0000] {processor.py:186} INFO - Started process (PID=17444) to work on /usr/local/python/3.12.1/lib/python3.12/site-packages/airflow/example_dags/example_bash_operator.py
[2025-01-22T13:15:01.815+0000] {processor.py:914} INFO - Processing file /usr/local/python/3.12.1/lib/python3.12/site-packages/airflow/example_dags/example_bash_operator.py for tasks to queue
[2025-01-22T13:15:01.816+0000] {logging_mixin.py:190} INFO - [2025-01-22T13:15:01.816+0000] {dagbag.py:588} INFO - Filling up the DagBag from /usr/local/python/3.12.1/lib/python3.12/site-packages/airflow/example_dags/example_bash_operator.py
[2025-01-22T13:15:01.826+0000] {processor.py:925} INFO - DAG(s) 'example_bash_operator' retrieved from /usr/local/python/3.12.1/lib/python3.12/site-packages/airflow/example_dags/example_bash_operator.py
[2025-01-22T13:15:01.842+0000] {logging_mixin.py:190} INFO - [2025-01-22T13:15:01.842+0000] {dag.py:3239} INFO - Sync 1 DAGs
[2025-01-22T13:15:01.857+0000] {logging_mixin.py:190} INFO - [2025-01-22T13:15:01.856+0000] {dag.py:4180} INFO - Setting next_dagrun for example_bash_operator to 2025-01-21 00:00:00+00:00, run_after=2025-01-22 00:00:00+00:00
[2025-01-22T13:15:01.870+0000] {processor.py:208} INFO - Processing /usr/local/python/3.12.1/lib/python3.12/site-packages/airflow/example_dags/example_bash_operator.py took 0.062 seconds
[2025-01-22T13:16:15.876+0000] {processor.py:186} INFO - Started process (PID=18027) to work on /usr/local/python/3.12.1/lib/python3.12/site-packages/airflow/example_dags/example_bash_operator.py
[2025-01-22T13:16:15.876+0000] {processor.py:914} INFO - Processing file /usr/local/python/3.12.1/lib/python3.12/site-packages/airflow/example_dags/example_bash_operator.py for tasks to queue
[2025-01-22T13:16:15.878+0000] {logging_mixin.py:190} INFO - [2025-01-22T13:16:15.878+0000] {dagbag.py:588} INFO - Filling up the DagBag from /usr/local/python/3.12.1/lib/python3.12/site-packages/airflow/example_dags/example_bash_operator.py
[2025-01-22T13:16:15.888+0000] {processor.py:925} INFO - DAG(s) 'example_bash_operator' retrieved from /usr/local/python/3.12.1/lib/python3.12/site-packages/airflow/example_dags/example_bash_operator.py
[2025-01-22T13:16:15.905+0000] {logging_mixin.py:190} INFO - [2025-01-22T13:16:15.905+0000] {dag.py:3239} INFO - Sync 1 DAGs
[2025-01-22T13:16:15.920+0000] {logging_mixin.py:190} INFO - [2025-01-22T13:16:15.920+0000] {dag.py:4180} INFO - Setting next_dagrun for example_bash_operator to 2025-01-21 00:00:00+00:00, run_after=2025-01-22 00:00:00+00:00
[2025-01-22T13:16:15.936+0000] {processor.py:208} INFO - Processing /usr/local/python/3.12.1/lib/python3.12/site-packages/airflow/example_dags/example_bash_operator.py took 0.065 seconds
[2025-01-22T13:17:35.540+0000] {processor.py:186} INFO - Started process (PID=18778) to work on /usr/local/python/3.12.1/lib/python3.12/site-packages/airflow/example_dags/example_bash_operator.py
[2025-01-22T13:17:35.540+0000] {processor.py:914} INFO - Processing file /usr/local/python/3.12.1/lib/python3.12/site-packages/airflow/example_dags/example_bash_operator.py for tasks to queue
[2025-01-22T13:17:35.542+0000] {logging_mixin.py:190} INFO - [2025-01-22T13:17:35.541+0000] {dagbag.py:588} INFO - Filling up the DagBag from /usr/local/python/3.12.1/lib/python3.12/site-packages/airflow/example_dags/example_bash_operator.py
[2025-01-22T13:17:35.552+0000] {processor.py:925} INFO - DAG(s) 'example_bash_operator' retrieved from /usr/local/python/3.12.1/lib/python3.12/site-packages/airflow/example_dags/example_bash_operator.py
[2025-01-22T13:17:35.568+0000] {logging_mixin.py:190} INFO - [2025-01-22T13:17:35.568+0000] {dag.py:3239} INFO - Sync 1 DAGs
[2025-01-22T13:17:35.583+0000] {logging_mixin.py:190} INFO - [2025-01-22T13:17:35.583+0000] {dag.py:4180} INFO - Setting next_dagrun for example_bash_operator to 2025-01-21 00:00:00+00:00, run_after=2025-01-22 00:00:00+00:00
[2025-01-22T13:17:35.598+0000] {processor.py:208} INFO - Processing /usr/local/python/3.12.1/lib/python3.12/site-packages/airflow/example_dags/example_bash_operator.py took 0.063 seconds
[2025-01-22T13:18:49.318+0000] {processor.py:186} INFO - Started process (PID=19542) to work on /usr/local/python/3.12.1/lib/python3.12/site-packages/airflow/example_dags/example_bash_operator.py
[2025-01-22T13:18:49.319+0000] {processor.py:914} INFO - Processing file /usr/local/python/3.12.1/lib/python3.12/site-packages/airflow/example_dags/example_bash_operator.py for tasks to queue
[2025-01-22T13:18:49.321+0000] {logging_mixin.py:190} INFO - [2025-01-22T13:18:49.320+0000] {dagbag.py:588} INFO - Filling up the DagBag from /usr/local/python/3.12.1/lib/python3.12/site-packages/airflow/example_dags/example_bash_operator.py
[2025-01-22T13:18:49.330+0000] {processor.py:925} INFO - DAG(s) 'example_bash_operator' retrieved from /usr/local/python/3.12.1/lib/python3.12/site-packages/airflow/example_dags/example_bash_operator.py
[2025-01-22T13:18:49.346+0000] {logging_mixin.py:190} INFO - [2025-01-22T13:18:49.346+0000] {dag.py:3239} INFO - Sync 1 DAGs
[2025-01-22T13:18:49.361+0000] {logging_mixin.py:190} INFO - [2025-01-22T13:18:49.361+0000] {dag.py:4180} INFO - Setting next_dagrun for example_bash_operator to 2025-01-21 00:00:00+00:00, run_after=2025-01-22 00:00:00+00:00
[2025-01-22T13:18:49.376+0000] {processor.py:208} INFO - Processing /usr/local/python/3.12.1/lib/python3.12/site-packages/airflow/example_dags/example_bash_operator.py took 0.062 seconds
[2025-01-22T13:20:04.608+0000] {processor.py:186} INFO - Started process (PID=20981) to work on /usr/local/python/3.12.1/lib/python3.12/site-packages/airflow/example_dags/example_bash_operator.py
[2025-01-22T13:20:04.609+0000] {processor.py:914} INFO - Processing file /usr/local/python/3.12.1/lib/python3.12/site-packages/airflow/example_dags/example_bash_operator.py for tasks to queue
[2025-01-22T13:20:04.611+0000] {logging_mixin.py:190} INFO - [2025-01-22T13:20:04.611+0000] {dagbag.py:588} INFO - Filling up the DagBag from /usr/local/python/3.12.1/lib/python3.12/site-packages/airflow/example_dags/example_bash_operator.py
[2025-01-22T13:20:04.623+0000] {processor.py:925} INFO - DAG(s) 'example_bash_operator' retrieved from /usr/local/python/3.12.1/lib/python3.12/site-packages/airflow/example_dags/example_bash_operator.py
[2025-01-22T13:20:04.639+0000] {logging_mixin.py:190} INFO - [2025-01-22T13:20:04.638+0000] {dag.py:3239} INFO - Sync 1 DAGs
[2025-01-22T13:20:04.655+0000] {logging_mixin.py:190} INFO - [2025-01-22T13:20:04.655+0000] {dag.py:4180} INFO - Setting next_dagrun for example_bash_operator to 2025-01-21 00:00:00+00:00, run_after=2025-01-22 00:00:00+00:00
[2025-01-22T13:20:04.670+0000] {processor.py:208} INFO - Processing /usr/local/python/3.12.1/lib/python3.12/site-packages/airflow/example_dags/example_bash_operator.py took 0.066 seconds
