[2025-01-22T12:53:20.267+0000] {processor.py:186} INFO - Started process (PID=5906) to work on /usr/local/python/3.12.1/lib/python3.12/site-packages/airflow/example_dags/example_branch_datetime_operator.py
[2025-01-22T12:53:20.267+0000] {processor.py:914} INFO - Processing file /usr/local/python/3.12.1/lib/python3.12/site-packages/airflow/example_dags/example_branch_datetime_operator.py for tasks to queue
[2025-01-22T12:53:20.270+0000] {logging_mixin.py:190} INFO - [2025-01-22T12:53:20.269+0000] {dagbag.py:588} INFO - Filling up the DagBag from /usr/local/python/3.12.1/lib/python3.12/site-packages/airflow/example_dags/example_branch_datetime_operator.py
[2025-01-22T12:53:20.278+0000] {processor.py:925} INFO - DAG(s) 'example_branch_datetime_operator_2', 'example_branch_datetime_operator', 'example_branch_datetime_operator_3' retrieved from /usr/local/python/3.12.1/lib/python3.12/site-packages/airflow/example_dags/example_branch_datetime_operator.py
[2025-01-22T12:53:20.364+0000] {logging_mixin.py:190} INFO - [2025-01-22T12:53:20.363+0000] {override.py:1911} INFO - Created Permission View: can delete on DAG:example_branch_datetime_operator_2
[2025-01-22T12:53:20.371+0000] {logging_mixin.py:190} INFO - [2025-01-22T12:53:20.371+0000] {override.py:1911} INFO - Created Permission View: can edit on DAG:example_branch_datetime_operator_2
[2025-01-22T12:53:20.377+0000] {logging_mixin.py:190} INFO - [2025-01-22T12:53:20.376+0000] {override.py:1911} INFO - Created Permission View: can read on DAG:example_branch_datetime_operator_2
[2025-01-22T12:53:20.384+0000] {logging_mixin.py:190} INFO - [2025-01-22T12:53:20.384+0000] {override.py:1911} INFO - Created Permission View: can create on DAG Run:example_branch_datetime_operator_2
[2025-01-22T12:53:20.388+0000] {logging_mixin.py:190} INFO - [2025-01-22T12:53:20.388+0000] {override.py:1911} INFO - Created Permission View: can read on DAG Run:example_branch_datetime_operator_2
[2025-01-22T12:53:20.393+0000] {logging_mixin.py:190} INFO - [2025-01-22T12:53:20.393+0000] {override.py:1911} INFO - Created Permission View: menu access on DAG Run:example_branch_datetime_operator_2
[2025-01-22T12:53:20.398+0000] {logging_mixin.py:190} INFO - [2025-01-22T12:53:20.398+0000] {override.py:1911} INFO - Created Permission View: can delete on DAG Run:example_branch_datetime_operator_2
[2025-01-22T12:53:20.409+0000] {logging_mixin.py:190} INFO - [2025-01-22T12:53:20.409+0000] {override.py:1911} INFO - Created Permission View: can delete on DAG:example_branch_datetime_operator
[2025-01-22T12:53:20.414+0000] {logging_mixin.py:190} INFO - [2025-01-22T12:53:20.414+0000] {override.py:1911} INFO - Created Permission View: can edit on DAG:example_branch_datetime_operator
[2025-01-22T12:53:20.419+0000] {logging_mixin.py:190} INFO - [2025-01-22T12:53:20.418+0000] {override.py:1911} INFO - Created Permission View: can read on DAG:example_branch_datetime_operator
[2025-01-22T12:53:20.425+0000] {logging_mixin.py:190} INFO - [2025-01-22T12:53:20.425+0000] {override.py:1911} INFO - Created Permission View: can create on DAG Run:example_branch_datetime_operator
[2025-01-22T12:53:20.430+0000] {logging_mixin.py:190} INFO - [2025-01-22T12:53:20.430+0000] {override.py:1911} INFO - Created Permission View: can read on DAG Run:example_branch_datetime_operator
[2025-01-22T12:53:20.434+0000] {logging_mixin.py:190} INFO - [2025-01-22T12:53:20.434+0000] {override.py:1911} INFO - Created Permission View: menu access on DAG Run:example_branch_datetime_operator
[2025-01-22T12:53:20.439+0000] {logging_mixin.py:190} INFO - [2025-01-22T12:53:20.439+0000] {override.py:1911} INFO - Created Permission View: can delete on DAG Run:example_branch_datetime_operator
[2025-01-22T12:53:20.450+0000] {logging_mixin.py:190} INFO - [2025-01-22T12:53:20.449+0000] {override.py:1911} INFO - Created Permission View: can delete on DAG:example_branch_datetime_operator_3
[2025-01-22T12:53:20.454+0000] {logging_mixin.py:190} INFO - [2025-01-22T12:53:20.454+0000] {override.py:1911} INFO - Created Permission View: can edit on DAG:example_branch_datetime_operator_3
[2025-01-22T12:53:20.459+0000] {logging_mixin.py:190} INFO - [2025-01-22T12:53:20.459+0000] {override.py:1911} INFO - Created Permission View: can read on DAG:example_branch_datetime_operator_3
[2025-01-22T12:53:20.465+0000] {logging_mixin.py:190} INFO - [2025-01-22T12:53:20.465+0000] {override.py:1911} INFO - Created Permission View: can create on DAG Run:example_branch_datetime_operator_3
[2025-01-22T12:53:20.470+0000] {logging_mixin.py:190} INFO - [2025-01-22T12:53:20.470+0000] {override.py:1911} INFO - Created Permission View: can read on DAG Run:example_branch_datetime_operator_3
[2025-01-22T12:53:20.475+0000] {logging_mixin.py:190} INFO - [2025-01-22T12:53:20.474+0000] {override.py:1911} INFO - Created Permission View: menu access on DAG Run:example_branch_datetime_operator_3
[2025-01-22T12:53:20.479+0000] {logging_mixin.py:190} INFO - [2025-01-22T12:53:20.479+0000] {override.py:1911} INFO - Created Permission View: can delete on DAG Run:example_branch_datetime_operator_3
[2025-01-22T12:53:20.480+0000] {logging_mixin.py:190} INFO - [2025-01-22T12:53:20.479+0000] {dag.py:3239} INFO - Sync 3 DAGs
[2025-01-22T12:53:20.488+0000] {logging_mixin.py:190} INFO - [2025-01-22T12:53:20.488+0000] {dag.py:3262} INFO - Creating ORM DAG for example_branch_datetime_operator
[2025-01-22T12:53:20.489+0000] {logging_mixin.py:190} INFO - [2025-01-22T12:53:20.488+0000] {dag.py:3262} INFO - Creating ORM DAG for example_branch_datetime_operator_2
[2025-01-22T12:53:20.489+0000] {logging_mixin.py:190} INFO - [2025-01-22T12:53:20.489+0000] {dag.py:3262} INFO - Creating ORM DAG for example_branch_datetime_operator_3
[2025-01-22T12:53:20.495+0000] {logging_mixin.py:190} INFO - [2025-01-22T12:53:20.495+0000] {dag.py:4180} INFO - Setting next_dagrun for example_branch_datetime_operator to 2025-01-21 00:00:00+00:00, run_after=2025-01-22 00:00:00+00:00
[2025-01-22T12:53:20.497+0000] {logging_mixin.py:190} INFO - [2025-01-22T12:53:20.497+0000] {dag.py:4180} INFO - Setting next_dagrun for example_branch_datetime_operator_2 to 2025-01-21 00:00:00+00:00, run_after=2025-01-22 00:00:00+00:00
[2025-01-22T12:53:20.498+0000] {logging_mixin.py:190} INFO - [2025-01-22T12:53:20.498+0000] {dag.py:4180} INFO - Setting next_dagrun for example_branch_datetime_operator_3 to 2025-01-21 00:00:00+00:00, run_after=2025-01-22 00:00:00+00:00
[2025-01-22T12:53:20.511+0000] {processor.py:208} INFO - Processing /usr/local/python/3.12.1/lib/python3.12/site-packages/airflow/example_dags/example_branch_datetime_operator.py took 0.248 seconds
[2025-01-22T12:54:15.370+0000] {processor.py:186} INFO - Started process (PID=6775) to work on /usr/local/python/3.12.1/lib/python3.12/site-packages/airflow/example_dags/example_branch_datetime_operator.py
[2025-01-22T12:54:15.370+0000] {processor.py:914} INFO - Processing file /usr/local/python/3.12.1/lib/python3.12/site-packages/airflow/example_dags/example_branch_datetime_operator.py for tasks to queue
[2025-01-22T12:54:15.372+0000] {logging_mixin.py:190} INFO - [2025-01-22T12:54:15.372+0000] {dagbag.py:588} INFO - Filling up the DagBag from /usr/local/python/3.12.1/lib/python3.12/site-packages/airflow/example_dags/example_branch_datetime_operator.py
[2025-01-22T12:54:15.382+0000] {processor.py:925} INFO - DAG(s) 'example_branch_datetime_operator', 'example_branch_datetime_operator_3', 'example_branch_datetime_operator_2' retrieved from /usr/local/python/3.12.1/lib/python3.12/site-packages/airflow/example_dags/example_branch_datetime_operator.py
[2025-01-22T12:54:15.401+0000] {logging_mixin.py:190} INFO - [2025-01-22T12:54:15.400+0000] {dag.py:3239} INFO - Sync 3 DAGs
[2025-01-22T12:54:15.416+0000] {logging_mixin.py:190} INFO - [2025-01-22T12:54:15.416+0000] {dag.py:4180} INFO - Setting next_dagrun for example_branch_datetime_operator to 2025-01-21 00:00:00+00:00, run_after=2025-01-22 00:00:00+00:00
[2025-01-22T12:54:15.419+0000] {logging_mixin.py:190} INFO - [2025-01-22T12:54:15.419+0000] {dag.py:4180} INFO - Setting next_dagrun for example_branch_datetime_operator_2 to 2025-01-21 00:00:00+00:00, run_after=2025-01-22 00:00:00+00:00
[2025-01-22T12:54:15.421+0000] {logging_mixin.py:190} INFO - [2025-01-22T12:54:15.421+0000] {dag.py:4180} INFO - Setting next_dagrun for example_branch_datetime_operator_3 to 2025-01-21 00:00:00+00:00, run_after=2025-01-22 00:00:00+00:00
[2025-01-22T12:54:15.433+0000] {processor.py:208} INFO - Processing /usr/local/python/3.12.1/lib/python3.12/site-packages/airflow/example_dags/example_branch_datetime_operator.py took 0.067 seconds
[2025-01-22T12:55:32.164+0000] {processor.py:186} INFO - Started process (PID=7565) to work on /usr/local/python/3.12.1/lib/python3.12/site-packages/airflow/example_dags/example_branch_datetime_operator.py
[2025-01-22T12:55:32.164+0000] {processor.py:914} INFO - Processing file /usr/local/python/3.12.1/lib/python3.12/site-packages/airflow/example_dags/example_branch_datetime_operator.py for tasks to queue
[2025-01-22T12:55:32.166+0000] {logging_mixin.py:190} INFO - [2025-01-22T12:55:32.166+0000] {dagbag.py:588} INFO - Filling up the DagBag from /usr/local/python/3.12.1/lib/python3.12/site-packages/airflow/example_dags/example_branch_datetime_operator.py
[2025-01-22T12:55:32.175+0000] {processor.py:925} INFO - DAG(s) 'example_branch_datetime_operator_3', 'example_branch_datetime_operator', 'example_branch_datetime_operator_2' retrieved from /usr/local/python/3.12.1/lib/python3.12/site-packages/airflow/example_dags/example_branch_datetime_operator.py
[2025-01-22T12:55:32.190+0000] {logging_mixin.py:190} INFO - [2025-01-22T12:55:32.190+0000] {dag.py:3239} INFO - Sync 3 DAGs
[2025-01-22T12:55:32.205+0000] {logging_mixin.py:190} INFO - [2025-01-22T12:55:32.205+0000] {dag.py:4180} INFO - Setting next_dagrun for example_branch_datetime_operator to 2025-01-21 00:00:00+00:00, run_after=2025-01-22 00:00:00+00:00
[2025-01-22T12:55:32.209+0000] {logging_mixin.py:190} INFO - [2025-01-22T12:55:32.209+0000] {dag.py:4180} INFO - Setting next_dagrun for example_branch_datetime_operator_2 to 2025-01-21 00:00:00+00:00, run_after=2025-01-22 00:00:00+00:00
[2025-01-22T12:55:32.210+0000] {logging_mixin.py:190} INFO - [2025-01-22T12:55:32.210+0000] {dag.py:4180} INFO - Setting next_dagrun for example_branch_datetime_operator_3 to 2025-01-21 00:00:00+00:00, run_after=2025-01-22 00:00:00+00:00
[2025-01-22T12:55:32.222+0000] {processor.py:208} INFO - Processing /usr/local/python/3.12.1/lib/python3.12/site-packages/airflow/example_dags/example_branch_datetime_operator.py took 0.063 seconds
[2025-01-22T12:56:50.397+0000] {processor.py:186} INFO - Started process (PID=8154) to work on /usr/local/python/3.12.1/lib/python3.12/site-packages/airflow/example_dags/example_branch_datetime_operator.py
[2025-01-22T12:56:50.398+0000] {processor.py:914} INFO - Processing file /usr/local/python/3.12.1/lib/python3.12/site-packages/airflow/example_dags/example_branch_datetime_operator.py for tasks to queue
[2025-01-22T12:56:50.399+0000] {logging_mixin.py:190} INFO - [2025-01-22T12:56:50.399+0000] {dagbag.py:588} INFO - Filling up the DagBag from /usr/local/python/3.12.1/lib/python3.12/site-packages/airflow/example_dags/example_branch_datetime_operator.py
[2025-01-22T12:56:50.408+0000] {processor.py:925} INFO - DAG(s) 'example_branch_datetime_operator_2', 'example_branch_datetime_operator_3', 'example_branch_datetime_operator' retrieved from /usr/local/python/3.12.1/lib/python3.12/site-packages/airflow/example_dags/example_branch_datetime_operator.py
[2025-01-22T12:56:50.423+0000] {logging_mixin.py:190} INFO - [2025-01-22T12:56:50.423+0000] {dag.py:3239} INFO - Sync 3 DAGs
[2025-01-22T12:56:50.439+0000] {logging_mixin.py:190} INFO - [2025-01-22T12:56:50.438+0000] {dag.py:4180} INFO - Setting next_dagrun for example_branch_datetime_operator to 2025-01-21 00:00:00+00:00, run_after=2025-01-22 00:00:00+00:00
[2025-01-22T12:56:50.442+0000] {logging_mixin.py:190} INFO - [2025-01-22T12:56:50.442+0000] {dag.py:4180} INFO - Setting next_dagrun for example_branch_datetime_operator_2 to 2025-01-21 00:00:00+00:00, run_after=2025-01-22 00:00:00+00:00
[2025-01-22T12:56:50.443+0000] {logging_mixin.py:190} INFO - [2025-01-22T12:56:50.443+0000] {dag.py:4180} INFO - Setting next_dagrun for example_branch_datetime_operator_3 to 2025-01-21 00:00:00+00:00, run_after=2025-01-22 00:00:00+00:00
[2025-01-22T12:56:50.456+0000] {processor.py:208} INFO - Processing /usr/local/python/3.12.1/lib/python3.12/site-packages/airflow/example_dags/example_branch_datetime_operator.py took 0.063 seconds
[2025-01-22T12:58:05.191+0000] {processor.py:186} INFO - Started process (PID=8824) to work on /usr/local/python/3.12.1/lib/python3.12/site-packages/airflow/example_dags/example_branch_datetime_operator.py
[2025-01-22T12:58:05.192+0000] {processor.py:914} INFO - Processing file /usr/local/python/3.12.1/lib/python3.12/site-packages/airflow/example_dags/example_branch_datetime_operator.py for tasks to queue
[2025-01-22T12:58:05.194+0000] {logging_mixin.py:190} INFO - [2025-01-22T12:58:05.193+0000] {dagbag.py:588} INFO - Filling up the DagBag from /usr/local/python/3.12.1/lib/python3.12/site-packages/airflow/example_dags/example_branch_datetime_operator.py
[2025-01-22T12:58:05.202+0000] {processor.py:925} INFO - DAG(s) 'example_branch_datetime_operator_3', 'example_branch_datetime_operator', 'example_branch_datetime_operator_2' retrieved from /usr/local/python/3.12.1/lib/python3.12/site-packages/airflow/example_dags/example_branch_datetime_operator.py
[2025-01-22T12:58:05.218+0000] {logging_mixin.py:190} INFO - [2025-01-22T12:58:05.217+0000] {dag.py:3239} INFO - Sync 3 DAGs
[2025-01-22T12:58:05.233+0000] {logging_mixin.py:190} INFO - [2025-01-22T12:58:05.233+0000] {dag.py:4180} INFO - Setting next_dagrun for example_branch_datetime_operator to 2025-01-21 00:00:00+00:00, run_after=2025-01-22 00:00:00+00:00
[2025-01-22T12:58:05.236+0000] {logging_mixin.py:190} INFO - [2025-01-22T12:58:05.236+0000] {dag.py:4180} INFO - Setting next_dagrun for example_branch_datetime_operator_2 to 2025-01-21 00:00:00+00:00, run_after=2025-01-22 00:00:00+00:00
[2025-01-22T12:58:05.238+0000] {logging_mixin.py:190} INFO - [2025-01-22T12:58:05.238+0000] {dag.py:4180} INFO - Setting next_dagrun for example_branch_datetime_operator_3 to 2025-01-21 00:00:00+00:00, run_after=2025-01-22 00:00:00+00:00
[2025-01-22T12:58:05.250+0000] {processor.py:208} INFO - Processing /usr/local/python/3.12.1/lib/python3.12/site-packages/airflow/example_dags/example_branch_datetime_operator.py took 0.062 seconds
[2025-01-22T12:59:21.059+0000] {processor.py:186} INFO - Started process (PID=9441) to work on /usr/local/python/3.12.1/lib/python3.12/site-packages/airflow/example_dags/example_branch_datetime_operator.py
[2025-01-22T12:59:21.059+0000] {processor.py:914} INFO - Processing file /usr/local/python/3.12.1/lib/python3.12/site-packages/airflow/example_dags/example_branch_datetime_operator.py for tasks to queue
[2025-01-22T12:59:21.061+0000] {logging_mixin.py:190} INFO - [2025-01-22T12:59:21.061+0000] {dagbag.py:588} INFO - Filling up the DagBag from /usr/local/python/3.12.1/lib/python3.12/site-packages/airflow/example_dags/example_branch_datetime_operator.py
[2025-01-22T12:59:21.070+0000] {processor.py:925} INFO - DAG(s) 'example_branch_datetime_operator_3', 'example_branch_datetime_operator_2', 'example_branch_datetime_operator' retrieved from /usr/local/python/3.12.1/lib/python3.12/site-packages/airflow/example_dags/example_branch_datetime_operator.py
[2025-01-22T12:59:21.085+0000] {logging_mixin.py:190} INFO - [2025-01-22T12:59:21.085+0000] {dag.py:3239} INFO - Sync 3 DAGs
[2025-01-22T12:59:21.101+0000] {logging_mixin.py:190} INFO - [2025-01-22T12:59:21.100+0000] {dag.py:4180} INFO - Setting next_dagrun for example_branch_datetime_operator to 2025-01-21 00:00:00+00:00, run_after=2025-01-22 00:00:00+00:00
[2025-01-22T12:59:21.104+0000] {logging_mixin.py:190} INFO - [2025-01-22T12:59:21.104+0000] {dag.py:4180} INFO - Setting next_dagrun for example_branch_datetime_operator_2 to 2025-01-21 00:00:00+00:00, run_after=2025-01-22 00:00:00+00:00
[2025-01-22T12:59:21.106+0000] {logging_mixin.py:190} INFO - [2025-01-22T12:59:21.105+0000] {dag.py:4180} INFO - Setting next_dagrun for example_branch_datetime_operator_3 to 2025-01-21 00:00:00+00:00, run_after=2025-01-22 00:00:00+00:00
[2025-01-22T12:59:21.118+0000] {processor.py:208} INFO - Processing /usr/local/python/3.12.1/lib/python3.12/site-packages/airflow/example_dags/example_branch_datetime_operator.py took 0.063 seconds
[2025-01-22T13:00:38.013+0000] {processor.py:186} INFO - Started process (PID=10088) to work on /usr/local/python/3.12.1/lib/python3.12/site-packages/airflow/example_dags/example_branch_datetime_operator.py
[2025-01-22T13:00:38.014+0000] {processor.py:914} INFO - Processing file /usr/local/python/3.12.1/lib/python3.12/site-packages/airflow/example_dags/example_branch_datetime_operator.py for tasks to queue
[2025-01-22T13:00:38.015+0000] {logging_mixin.py:190} INFO - [2025-01-22T13:00:38.015+0000] {dagbag.py:588} INFO - Filling up the DagBag from /usr/local/python/3.12.1/lib/python3.12/site-packages/airflow/example_dags/example_branch_datetime_operator.py
[2025-01-22T13:00:38.025+0000] {processor.py:925} INFO - DAG(s) 'example_branch_datetime_operator', 'example_branch_datetime_operator_3', 'example_branch_datetime_operator_2' retrieved from /usr/local/python/3.12.1/lib/python3.12/site-packages/airflow/example_dags/example_branch_datetime_operator.py
[2025-01-22T13:00:38.040+0000] {logging_mixin.py:190} INFO - [2025-01-22T13:00:38.039+0000] {dag.py:3239} INFO - Sync 3 DAGs
[2025-01-22T13:00:38.055+0000] {logging_mixin.py:190} INFO - [2025-01-22T13:00:38.055+0000] {dag.py:4180} INFO - Setting next_dagrun for example_branch_datetime_operator to 2025-01-21 00:00:00+00:00, run_after=2025-01-22 00:00:00+00:00
[2025-01-22T13:00:38.058+0000] {logging_mixin.py:190} INFO - [2025-01-22T13:00:38.058+0000] {dag.py:4180} INFO - Setting next_dagrun for example_branch_datetime_operator_2 to 2025-01-21 00:00:00+00:00, run_after=2025-01-22 00:00:00+00:00
[2025-01-22T13:00:38.060+0000] {logging_mixin.py:190} INFO - [2025-01-22T13:00:38.060+0000] {dag.py:4180} INFO - Setting next_dagrun for example_branch_datetime_operator_3 to 2025-01-21 00:00:00+00:00, run_after=2025-01-22 00:00:00+00:00
[2025-01-22T13:00:38.073+0000] {processor.py:208} INFO - Processing /usr/local/python/3.12.1/lib/python3.12/site-packages/airflow/example_dags/example_branch_datetime_operator.py took 0.064 seconds
[2025-01-22T13:01:57.110+0000] {processor.py:186} INFO - Started process (PID=10696) to work on /usr/local/python/3.12.1/lib/python3.12/site-packages/airflow/example_dags/example_branch_datetime_operator.py
[2025-01-22T13:01:57.112+0000] {processor.py:914} INFO - Processing file /usr/local/python/3.12.1/lib/python3.12/site-packages/airflow/example_dags/example_branch_datetime_operator.py for tasks to queue
[2025-01-22T13:01:57.114+0000] {logging_mixin.py:190} INFO - [2025-01-22T13:01:57.113+0000] {dagbag.py:588} INFO - Filling up the DagBag from /usr/local/python/3.12.1/lib/python3.12/site-packages/airflow/example_dags/example_branch_datetime_operator.py
[2025-01-22T13:01:57.122+0000] {processor.py:925} INFO - DAG(s) 'example_branch_datetime_operator_3', 'example_branch_datetime_operator_2', 'example_branch_datetime_operator' retrieved from /usr/local/python/3.12.1/lib/python3.12/site-packages/airflow/example_dags/example_branch_datetime_operator.py
[2025-01-22T13:01:57.137+0000] {logging_mixin.py:190} INFO - [2025-01-22T13:01:57.137+0000] {dag.py:3239} INFO - Sync 3 DAGs
[2025-01-22T13:01:57.153+0000] {logging_mixin.py:190} INFO - [2025-01-22T13:01:57.152+0000] {dag.py:4180} INFO - Setting next_dagrun for example_branch_datetime_operator to 2025-01-21 00:00:00+00:00, run_after=2025-01-22 00:00:00+00:00
[2025-01-22T13:01:57.156+0000] {logging_mixin.py:190} INFO - [2025-01-22T13:01:57.156+0000] {dag.py:4180} INFO - Setting next_dagrun for example_branch_datetime_operator_2 to 2025-01-21 00:00:00+00:00, run_after=2025-01-22 00:00:00+00:00
[2025-01-22T13:01:57.158+0000] {logging_mixin.py:190} INFO - [2025-01-22T13:01:57.157+0000] {dag.py:4180} INFO - Setting next_dagrun for example_branch_datetime_operator_3 to 2025-01-21 00:00:00+00:00, run_after=2025-01-22 00:00:00+00:00
[2025-01-22T13:01:57.170+0000] {processor.py:208} INFO - Processing /usr/local/python/3.12.1/lib/python3.12/site-packages/airflow/example_dags/example_branch_datetime_operator.py took 0.065 seconds
[2025-01-22T13:03:06.885+0000] {processor.py:186} INFO - Started process (PID=11320) to work on /usr/local/python/3.12.1/lib/python3.12/site-packages/airflow/example_dags/example_branch_datetime_operator.py
[2025-01-22T13:03:06.886+0000] {processor.py:914} INFO - Processing file /usr/local/python/3.12.1/lib/python3.12/site-packages/airflow/example_dags/example_branch_datetime_operator.py for tasks to queue
[2025-01-22T13:03:06.887+0000] {logging_mixin.py:190} INFO - [2025-01-22T13:03:06.887+0000] {dagbag.py:588} INFO - Filling up the DagBag from /usr/local/python/3.12.1/lib/python3.12/site-packages/airflow/example_dags/example_branch_datetime_operator.py
[2025-01-22T13:03:06.896+0000] {processor.py:925} INFO - DAG(s) 'example_branch_datetime_operator_3', 'example_branch_datetime_operator_2', 'example_branch_datetime_operator' retrieved from /usr/local/python/3.12.1/lib/python3.12/site-packages/airflow/example_dags/example_branch_datetime_operator.py
[2025-01-22T13:03:06.910+0000] {logging_mixin.py:190} INFO - [2025-01-22T13:03:06.910+0000] {dag.py:3239} INFO - Sync 3 DAGs
[2025-01-22T13:03:06.926+0000] {logging_mixin.py:190} INFO - [2025-01-22T13:03:06.926+0000] {dag.py:4180} INFO - Setting next_dagrun for example_branch_datetime_operator to 2025-01-21 00:00:00+00:00, run_after=2025-01-22 00:00:00+00:00
[2025-01-22T13:03:06.930+0000] {logging_mixin.py:190} INFO - [2025-01-22T13:03:06.930+0000] {dag.py:4180} INFO - Setting next_dagrun for example_branch_datetime_operator_2 to 2025-01-21 00:00:00+00:00, run_after=2025-01-22 00:00:00+00:00
[2025-01-22T13:03:06.931+0000] {logging_mixin.py:190} INFO - [2025-01-22T13:03:06.931+0000] {dag.py:4180} INFO - Setting next_dagrun for example_branch_datetime_operator_3 to 2025-01-21 00:00:00+00:00, run_after=2025-01-22 00:00:00+00:00
[2025-01-22T13:03:06.944+0000] {processor.py:208} INFO - Processing /usr/local/python/3.12.1/lib/python3.12/site-packages/airflow/example_dags/example_branch_datetime_operator.py took 0.063 seconds
[2025-01-22T13:04:25.955+0000] {processor.py:186} INFO - Started process (PID=12003) to work on /usr/local/python/3.12.1/lib/python3.12/site-packages/airflow/example_dags/example_branch_datetime_operator.py
[2025-01-22T13:04:25.956+0000] {processor.py:914} INFO - Processing file /usr/local/python/3.12.1/lib/python3.12/site-packages/airflow/example_dags/example_branch_datetime_operator.py for tasks to queue
[2025-01-22T13:04:25.957+0000] {logging_mixin.py:190} INFO - [2025-01-22T13:04:25.957+0000] {dagbag.py:588} INFO - Filling up the DagBag from /usr/local/python/3.12.1/lib/python3.12/site-packages/airflow/example_dags/example_branch_datetime_operator.py
[2025-01-22T13:04:25.966+0000] {processor.py:925} INFO - DAG(s) 'example_branch_datetime_operator_3', 'example_branch_datetime_operator', 'example_branch_datetime_operator_2' retrieved from /usr/local/python/3.12.1/lib/python3.12/site-packages/airflow/example_dags/example_branch_datetime_operator.py
[2025-01-22T13:04:25.981+0000] {logging_mixin.py:190} INFO - [2025-01-22T13:04:25.981+0000] {dag.py:3239} INFO - Sync 3 DAGs
[2025-01-22T13:04:25.998+0000] {logging_mixin.py:190} INFO - [2025-01-22T13:04:25.997+0000] {dag.py:4180} INFO - Setting next_dagrun for example_branch_datetime_operator to 2025-01-21 00:00:00+00:00, run_after=2025-01-22 00:00:00+00:00
[2025-01-22T13:04:26.001+0000] {logging_mixin.py:190} INFO - [2025-01-22T13:04:26.001+0000] {dag.py:4180} INFO - Setting next_dagrun for example_branch_datetime_operator_2 to 2025-01-21 00:00:00+00:00, run_after=2025-01-22 00:00:00+00:00
[2025-01-22T13:04:26.002+0000] {logging_mixin.py:190} INFO - [2025-01-22T13:04:26.002+0000] {dag.py:4180} INFO - Setting next_dagrun for example_branch_datetime_operator_3 to 2025-01-21 00:00:00+00:00, run_after=2025-01-22 00:00:00+00:00
[2025-01-22T13:04:26.015+0000] {processor.py:208} INFO - Processing /usr/local/python/3.12.1/lib/python3.12/site-packages/airflow/example_dags/example_branch_datetime_operator.py took 0.064 seconds
[2025-01-22T13:05:42.679+0000] {processor.py:186} INFO - Started process (PID=12623) to work on /usr/local/python/3.12.1/lib/python3.12/site-packages/airflow/example_dags/example_branch_datetime_operator.py
[2025-01-22T13:05:42.680+0000] {processor.py:914} INFO - Processing file /usr/local/python/3.12.1/lib/python3.12/site-packages/airflow/example_dags/example_branch_datetime_operator.py for tasks to queue
[2025-01-22T13:05:42.681+0000] {logging_mixin.py:190} INFO - [2025-01-22T13:05:42.681+0000] {dagbag.py:588} INFO - Filling up the DagBag from /usr/local/python/3.12.1/lib/python3.12/site-packages/airflow/example_dags/example_branch_datetime_operator.py
[2025-01-22T13:05:42.690+0000] {processor.py:925} INFO - DAG(s) 'example_branch_datetime_operator_2', 'example_branch_datetime_operator', 'example_branch_datetime_operator_3' retrieved from /usr/local/python/3.12.1/lib/python3.12/site-packages/airflow/example_dags/example_branch_datetime_operator.py
[2025-01-22T13:05:42.706+0000] {logging_mixin.py:190} INFO - [2025-01-22T13:05:42.705+0000] {dag.py:3239} INFO - Sync 3 DAGs
[2025-01-22T13:05:42.721+0000] {logging_mixin.py:190} INFO - [2025-01-22T13:05:42.721+0000] {dag.py:4180} INFO - Setting next_dagrun for example_branch_datetime_operator to 2025-01-21 00:00:00+00:00, run_after=2025-01-22 00:00:00+00:00
[2025-01-22T13:05:42.724+0000] {logging_mixin.py:190} INFO - [2025-01-22T13:05:42.724+0000] {dag.py:4180} INFO - Setting next_dagrun for example_branch_datetime_operator_2 to 2025-01-21 00:00:00+00:00, run_after=2025-01-22 00:00:00+00:00
[2025-01-22T13:05:42.726+0000] {logging_mixin.py:190} INFO - [2025-01-22T13:05:42.726+0000] {dag.py:4180} INFO - Setting next_dagrun for example_branch_datetime_operator_3 to 2025-01-21 00:00:00+00:00, run_after=2025-01-22 00:00:00+00:00
[2025-01-22T13:05:42.739+0000] {processor.py:208} INFO - Processing /usr/local/python/3.12.1/lib/python3.12/site-packages/airflow/example_dags/example_branch_datetime_operator.py took 0.063 seconds
[2025-01-22T13:06:53.938+0000] {processor.py:186} INFO - Started process (PID=13191) to work on /usr/local/python/3.12.1/lib/python3.12/site-packages/airflow/example_dags/example_branch_datetime_operator.py
[2025-01-22T13:06:53.939+0000] {processor.py:914} INFO - Processing file /usr/local/python/3.12.1/lib/python3.12/site-packages/airflow/example_dags/example_branch_datetime_operator.py for tasks to queue
[2025-01-22T13:06:53.940+0000] {logging_mixin.py:190} INFO - [2025-01-22T13:06:53.940+0000] {dagbag.py:588} INFO - Filling up the DagBag from /usr/local/python/3.12.1/lib/python3.12/site-packages/airflow/example_dags/example_branch_datetime_operator.py
[2025-01-22T13:06:53.949+0000] {processor.py:925} INFO - DAG(s) 'example_branch_datetime_operator', 'example_branch_datetime_operator_2', 'example_branch_datetime_operator_3' retrieved from /usr/local/python/3.12.1/lib/python3.12/site-packages/airflow/example_dags/example_branch_datetime_operator.py
[2025-01-22T13:06:53.965+0000] {logging_mixin.py:190} INFO - [2025-01-22T13:06:53.965+0000] {dag.py:3239} INFO - Sync 3 DAGs
[2025-01-22T13:06:53.981+0000] {logging_mixin.py:190} INFO - [2025-01-22T13:06:53.981+0000] {dag.py:4180} INFO - Setting next_dagrun for example_branch_datetime_operator to 2025-01-21 00:00:00+00:00, run_after=2025-01-22 00:00:00+00:00
[2025-01-22T13:06:53.985+0000] {logging_mixin.py:190} INFO - [2025-01-22T13:06:53.984+0000] {dag.py:4180} INFO - Setting next_dagrun for example_branch_datetime_operator_2 to 2025-01-21 00:00:00+00:00, run_after=2025-01-22 00:00:00+00:00
[2025-01-22T13:06:53.986+0000] {logging_mixin.py:190} INFO - [2025-01-22T13:06:53.986+0000] {dag.py:4180} INFO - Setting next_dagrun for example_branch_datetime_operator_3 to 2025-01-21 00:00:00+00:00, run_after=2025-01-22 00:00:00+00:00
[2025-01-22T13:06:53.998+0000] {processor.py:208} INFO - Processing /usr/local/python/3.12.1/lib/python3.12/site-packages/airflow/example_dags/example_branch_datetime_operator.py took 0.064 seconds
[2025-01-22T13:08:13.966+0000] {processor.py:186} INFO - Started process (PID=13994) to work on /usr/local/python/3.12.1/lib/python3.12/site-packages/airflow/example_dags/example_branch_datetime_operator.py
[2025-01-22T13:08:13.966+0000] {processor.py:914} INFO - Processing file /usr/local/python/3.12.1/lib/python3.12/site-packages/airflow/example_dags/example_branch_datetime_operator.py for tasks to queue
[2025-01-22T13:08:13.968+0000] {logging_mixin.py:190} INFO - [2025-01-22T13:08:13.967+0000] {dagbag.py:588} INFO - Filling up the DagBag from /usr/local/python/3.12.1/lib/python3.12/site-packages/airflow/example_dags/example_branch_datetime_operator.py
[2025-01-22T13:08:13.977+0000] {processor.py:925} INFO - DAG(s) 'example_branch_datetime_operator_3', 'example_branch_datetime_operator', 'example_branch_datetime_operator_2' retrieved from /usr/local/python/3.12.1/lib/python3.12/site-packages/airflow/example_dags/example_branch_datetime_operator.py
[2025-01-22T13:08:13.995+0000] {logging_mixin.py:190} INFO - [2025-01-22T13:08:13.994+0000] {dag.py:3239} INFO - Sync 3 DAGs
[2025-01-22T13:08:14.017+0000] {logging_mixin.py:190} INFO - [2025-01-22T13:08:14.016+0000] {dag.py:4180} INFO - Setting next_dagrun for example_branch_datetime_operator to 2025-01-21 00:00:00+00:00, run_after=2025-01-22 00:00:00+00:00
[2025-01-22T13:08:14.020+0000] {logging_mixin.py:190} INFO - [2025-01-22T13:08:14.020+0000] {dag.py:4180} INFO - Setting next_dagrun for example_branch_datetime_operator_2 to 2025-01-21 00:00:00+00:00, run_after=2025-01-22 00:00:00+00:00
[2025-01-22T13:08:14.022+0000] {logging_mixin.py:190} INFO - [2025-01-22T13:08:14.021+0000] {dag.py:4180} INFO - Setting next_dagrun for example_branch_datetime_operator_3 to 2025-01-21 00:00:00+00:00, run_after=2025-01-22 00:00:00+00:00
[2025-01-22T13:08:14.034+0000] {processor.py:208} INFO - Processing /usr/local/python/3.12.1/lib/python3.12/site-packages/airflow/example_dags/example_branch_datetime_operator.py took 0.072 seconds
[2025-01-22T13:09:30.770+0000] {processor.py:186} INFO - Started process (PID=14732) to work on /usr/local/python/3.12.1/lib/python3.12/site-packages/airflow/example_dags/example_branch_datetime_operator.py
[2025-01-22T13:09:30.770+0000] {processor.py:914} INFO - Processing file /usr/local/python/3.12.1/lib/python3.12/site-packages/airflow/example_dags/example_branch_datetime_operator.py for tasks to queue
[2025-01-22T13:09:30.772+0000] {logging_mixin.py:190} INFO - [2025-01-22T13:09:30.771+0000] {dagbag.py:588} INFO - Filling up the DagBag from /usr/local/python/3.12.1/lib/python3.12/site-packages/airflow/example_dags/example_branch_datetime_operator.py
[2025-01-22T13:09:30.781+0000] {processor.py:925} INFO - DAG(s) 'example_branch_datetime_operator_2', 'example_branch_datetime_operator_3', 'example_branch_datetime_operator' retrieved from /usr/local/python/3.12.1/lib/python3.12/site-packages/airflow/example_dags/example_branch_datetime_operator.py
[2025-01-22T13:09:30.795+0000] {logging_mixin.py:190} INFO - [2025-01-22T13:09:30.795+0000] {dag.py:3239} INFO - Sync 3 DAGs
[2025-01-22T13:09:30.814+0000] {logging_mixin.py:190} INFO - [2025-01-22T13:09:30.814+0000] {dag.py:4180} INFO - Setting next_dagrun for example_branch_datetime_operator to 2025-01-21 00:00:00+00:00, run_after=2025-01-22 00:00:00+00:00
[2025-01-22T13:09:30.818+0000] {logging_mixin.py:190} INFO - [2025-01-22T13:09:30.818+0000] {dag.py:4180} INFO - Setting next_dagrun for example_branch_datetime_operator_2 to 2025-01-21 00:00:00+00:00, run_after=2025-01-22 00:00:00+00:00
[2025-01-22T13:09:30.819+0000] {logging_mixin.py:190} INFO - [2025-01-22T13:09:30.819+0000] {dag.py:4180} INFO - Setting next_dagrun for example_branch_datetime_operator_3 to 2025-01-21 00:00:00+00:00, run_after=2025-01-22 00:00:00+00:00
[2025-01-22T13:09:30.832+0000] {processor.py:208} INFO - Processing /usr/local/python/3.12.1/lib/python3.12/site-packages/airflow/example_dags/example_branch_datetime_operator.py took 0.067 seconds
[2025-01-22T13:10:44.835+0000] {processor.py:186} INFO - Started process (PID=15309) to work on /usr/local/python/3.12.1/lib/python3.12/site-packages/airflow/example_dags/example_branch_datetime_operator.py
[2025-01-22T13:10:44.836+0000] {processor.py:914} INFO - Processing file /usr/local/python/3.12.1/lib/python3.12/site-packages/airflow/example_dags/example_branch_datetime_operator.py for tasks to queue
[2025-01-22T13:10:44.837+0000] {logging_mixin.py:190} INFO - [2025-01-22T13:10:44.837+0000] {dagbag.py:588} INFO - Filling up the DagBag from /usr/local/python/3.12.1/lib/python3.12/site-packages/airflow/example_dags/example_branch_datetime_operator.py
[2025-01-22T13:10:44.846+0000] {processor.py:925} INFO - DAG(s) 'example_branch_datetime_operator_2', 'example_branch_datetime_operator_3', 'example_branch_datetime_operator' retrieved from /usr/local/python/3.12.1/lib/python3.12/site-packages/airflow/example_dags/example_branch_datetime_operator.py
[2025-01-22T13:10:44.861+0000] {logging_mixin.py:190} INFO - [2025-01-22T13:10:44.861+0000] {dag.py:3239} INFO - Sync 3 DAGs
[2025-01-22T13:10:44.876+0000] {logging_mixin.py:190} INFO - [2025-01-22T13:10:44.876+0000] {dag.py:4180} INFO - Setting next_dagrun for example_branch_datetime_operator to 2025-01-21 00:00:00+00:00, run_after=2025-01-22 00:00:00+00:00
[2025-01-22T13:10:44.880+0000] {logging_mixin.py:190} INFO - [2025-01-22T13:10:44.879+0000] {dag.py:4180} INFO - Setting next_dagrun for example_branch_datetime_operator_2 to 2025-01-21 00:00:00+00:00, run_after=2025-01-22 00:00:00+00:00
[2025-01-22T13:10:44.881+0000] {logging_mixin.py:190} INFO - [2025-01-22T13:10:44.881+0000] {dag.py:4180} INFO - Setting next_dagrun for example_branch_datetime_operator_3 to 2025-01-21 00:00:00+00:00, run_after=2025-01-22 00:00:00+00:00
[2025-01-22T13:10:44.895+0000] {processor.py:208} INFO - Processing /usr/local/python/3.12.1/lib/python3.12/site-packages/airflow/example_dags/example_branch_datetime_operator.py took 0.064 seconds
[2025-01-22T13:11:59.815+0000] {processor.py:186} INFO - Started process (PID=15903) to work on /usr/local/python/3.12.1/lib/python3.12/site-packages/airflow/example_dags/example_branch_datetime_operator.py
[2025-01-22T13:11:59.815+0000] {processor.py:914} INFO - Processing file /usr/local/python/3.12.1/lib/python3.12/site-packages/airflow/example_dags/example_branch_datetime_operator.py for tasks to queue
[2025-01-22T13:11:59.817+0000] {logging_mixin.py:190} INFO - [2025-01-22T13:11:59.817+0000] {dagbag.py:588} INFO - Filling up the DagBag from /usr/local/python/3.12.1/lib/python3.12/site-packages/airflow/example_dags/example_branch_datetime_operator.py
[2025-01-22T13:11:59.826+0000] {processor.py:925} INFO - DAG(s) 'example_branch_datetime_operator_2', 'example_branch_datetime_operator_3', 'example_branch_datetime_operator' retrieved from /usr/local/python/3.12.1/lib/python3.12/site-packages/airflow/example_dags/example_branch_datetime_operator.py
[2025-01-22T13:11:59.841+0000] {logging_mixin.py:190} INFO - [2025-01-22T13:11:59.841+0000] {dag.py:3239} INFO - Sync 3 DAGs
[2025-01-22T13:11:59.856+0000] {logging_mixin.py:190} INFO - [2025-01-22T13:11:59.855+0000] {dag.py:4180} INFO - Setting next_dagrun for example_branch_datetime_operator to 2025-01-21 00:00:00+00:00, run_after=2025-01-22 00:00:00+00:00
[2025-01-22T13:11:59.859+0000] {logging_mixin.py:190} INFO - [2025-01-22T13:11:59.859+0000] {dag.py:4180} INFO - Setting next_dagrun for example_branch_datetime_operator_2 to 2025-01-21 00:00:00+00:00, run_after=2025-01-22 00:00:00+00:00
[2025-01-22T13:11:59.860+0000] {logging_mixin.py:190} INFO - [2025-01-22T13:11:59.860+0000] {dag.py:4180} INFO - Setting next_dagrun for example_branch_datetime_operator_3 to 2025-01-21 00:00:00+00:00, run_after=2025-01-22 00:00:00+00:00
[2025-01-22T13:11:59.873+0000] {processor.py:208} INFO - Processing /usr/local/python/3.12.1/lib/python3.12/site-packages/airflow/example_dags/example_branch_datetime_operator.py took 0.062 seconds
[2025-01-22T13:13:17.709+0000] {processor.py:186} INFO - Started process (PID=16572) to work on /usr/local/python/3.12.1/lib/python3.12/site-packages/airflow/example_dags/example_branch_datetime_operator.py
[2025-01-22T13:13:17.710+0000] {processor.py:914} INFO - Processing file /usr/local/python/3.12.1/lib/python3.12/site-packages/airflow/example_dags/example_branch_datetime_operator.py for tasks to queue
[2025-01-22T13:13:17.711+0000] {logging_mixin.py:190} INFO - [2025-01-22T13:13:17.711+0000] {dagbag.py:588} INFO - Filling up the DagBag from /usr/local/python/3.12.1/lib/python3.12/site-packages/airflow/example_dags/example_branch_datetime_operator.py
[2025-01-22T13:13:17.720+0000] {processor.py:925} INFO - DAG(s) 'example_branch_datetime_operator_2', 'example_branch_datetime_operator_3', 'example_branch_datetime_operator' retrieved from /usr/local/python/3.12.1/lib/python3.12/site-packages/airflow/example_dags/example_branch_datetime_operator.py
[2025-01-22T13:13:17.735+0000] {logging_mixin.py:190} INFO - [2025-01-22T13:13:17.735+0000] {dag.py:3239} INFO - Sync 3 DAGs
[2025-01-22T13:13:17.751+0000] {logging_mixin.py:190} INFO - [2025-01-22T13:13:17.751+0000] {dag.py:4180} INFO - Setting next_dagrun for example_branch_datetime_operator to 2025-01-21 00:00:00+00:00, run_after=2025-01-22 00:00:00+00:00
[2025-01-22T13:13:17.755+0000] {logging_mixin.py:190} INFO - [2025-01-22T13:13:17.755+0000] {dag.py:4180} INFO - Setting next_dagrun for example_branch_datetime_operator_2 to 2025-01-21 00:00:00+00:00, run_after=2025-01-22 00:00:00+00:00
[2025-01-22T13:13:17.756+0000] {logging_mixin.py:190} INFO - [2025-01-22T13:13:17.756+0000] {dag.py:4180} INFO - Setting next_dagrun for example_branch_datetime_operator_3 to 2025-01-21 00:00:00+00:00, run_after=2025-01-22 00:00:00+00:00
[2025-01-22T13:13:17.769+0000] {processor.py:208} INFO - Processing /usr/local/python/3.12.1/lib/python3.12/site-packages/airflow/example_dags/example_branch_datetime_operator.py took 0.064 seconds
[2025-01-22T13:14:37.252+0000] {processor.py:186} INFO - Started process (PID=17256) to work on /usr/local/python/3.12.1/lib/python3.12/site-packages/airflow/example_dags/example_branch_datetime_operator.py
[2025-01-22T13:14:37.253+0000] {processor.py:914} INFO - Processing file /usr/local/python/3.12.1/lib/python3.12/site-packages/airflow/example_dags/example_branch_datetime_operator.py for tasks to queue
[2025-01-22T13:14:37.254+0000] {logging_mixin.py:190} INFO - [2025-01-22T13:14:37.254+0000] {dagbag.py:588} INFO - Filling up the DagBag from /usr/local/python/3.12.1/lib/python3.12/site-packages/airflow/example_dags/example_branch_datetime_operator.py
[2025-01-22T13:14:37.263+0000] {processor.py:925} INFO - DAG(s) 'example_branch_datetime_operator_2', 'example_branch_datetime_operator', 'example_branch_datetime_operator_3' retrieved from /usr/local/python/3.12.1/lib/python3.12/site-packages/airflow/example_dags/example_branch_datetime_operator.py
[2025-01-22T13:14:37.281+0000] {logging_mixin.py:190} INFO - [2025-01-22T13:14:37.281+0000] {dag.py:3239} INFO - Sync 3 DAGs
[2025-01-22T13:14:37.304+0000] {logging_mixin.py:190} INFO - [2025-01-22T13:14:37.304+0000] {dag.py:4180} INFO - Setting next_dagrun for example_branch_datetime_operator to 2025-01-21 00:00:00+00:00, run_after=2025-01-22 00:00:00+00:00
[2025-01-22T13:14:37.309+0000] {logging_mixin.py:190} INFO - [2025-01-22T13:14:37.308+0000] {dag.py:4180} INFO - Setting next_dagrun for example_branch_datetime_operator_2 to 2025-01-21 00:00:00+00:00, run_after=2025-01-22 00:00:00+00:00
[2025-01-22T13:14:37.311+0000] {logging_mixin.py:190} INFO - [2025-01-22T13:14:37.311+0000] {dag.py:4180} INFO - Setting next_dagrun for example_branch_datetime_operator_3 to 2025-01-21 00:00:00+00:00, run_after=2025-01-22 00:00:00+00:00
[2025-01-22T13:14:37.344+0000] {processor.py:208} INFO - Processing /usr/local/python/3.12.1/lib/python3.12/site-packages/airflow/example_dags/example_branch_datetime_operator.py took 0.096 seconds
[2025-01-22T13:15:51.318+0000] {processor.py:186} INFO - Started process (PID=17838) to work on /usr/local/python/3.12.1/lib/python3.12/site-packages/airflow/example_dags/example_branch_datetime_operator.py
[2025-01-22T13:15:51.319+0000] {processor.py:914} INFO - Processing file /usr/local/python/3.12.1/lib/python3.12/site-packages/airflow/example_dags/example_branch_datetime_operator.py for tasks to queue
[2025-01-22T13:15:51.321+0000] {logging_mixin.py:190} INFO - [2025-01-22T13:15:51.320+0000] {dagbag.py:588} INFO - Filling up the DagBag from /usr/local/python/3.12.1/lib/python3.12/site-packages/airflow/example_dags/example_branch_datetime_operator.py
[2025-01-22T13:15:51.333+0000] {processor.py:925} INFO - DAG(s) 'example_branch_datetime_operator', 'example_branch_datetime_operator_2', 'example_branch_datetime_operator_3' retrieved from /usr/local/python/3.12.1/lib/python3.12/site-packages/airflow/example_dags/example_branch_datetime_operator.py
[2025-01-22T13:15:51.359+0000] {logging_mixin.py:190} INFO - [2025-01-22T13:15:51.358+0000] {dag.py:3239} INFO - Sync 3 DAGs
[2025-01-22T13:15:51.384+0000] {logging_mixin.py:190} INFO - [2025-01-22T13:15:51.384+0000] {dag.py:4180} INFO - Setting next_dagrun for example_branch_datetime_operator to 2025-01-21 00:00:00+00:00, run_after=2025-01-22 00:00:00+00:00
[2025-01-22T13:15:51.388+0000] {logging_mixin.py:190} INFO - [2025-01-22T13:15:51.388+0000] {dag.py:4180} INFO - Setting next_dagrun for example_branch_datetime_operator_2 to 2025-01-21 00:00:00+00:00, run_after=2025-01-22 00:00:00+00:00
[2025-01-22T13:15:51.390+0000] {logging_mixin.py:190} INFO - [2025-01-22T13:15:51.390+0000] {dag.py:4180} INFO - Setting next_dagrun for example_branch_datetime_operator_3 to 2025-01-21 00:00:00+00:00, run_after=2025-01-22 00:00:00+00:00
[2025-01-22T13:15:51.402+0000] {processor.py:208} INFO - Processing /usr/local/python/3.12.1/lib/python3.12/site-packages/airflow/example_dags/example_branch_datetime_operator.py took 0.090 seconds
[2025-01-22T13:17:09.944+0000] {processor.py:186} INFO - Started process (PID=18465) to work on /usr/local/python/3.12.1/lib/python3.12/site-packages/airflow/example_dags/example_branch_datetime_operator.py
[2025-01-22T13:17:09.945+0000] {processor.py:914} INFO - Processing file /usr/local/python/3.12.1/lib/python3.12/site-packages/airflow/example_dags/example_branch_datetime_operator.py for tasks to queue
[2025-01-22T13:17:09.947+0000] {logging_mixin.py:190} INFO - [2025-01-22T13:17:09.946+0000] {dagbag.py:588} INFO - Filling up the DagBag from /usr/local/python/3.12.1/lib/python3.12/site-packages/airflow/example_dags/example_branch_datetime_operator.py
[2025-01-22T13:17:09.956+0000] {processor.py:925} INFO - DAG(s) 'example_branch_datetime_operator_3', 'example_branch_datetime_operator_2', 'example_branch_datetime_operator' retrieved from /usr/local/python/3.12.1/lib/python3.12/site-packages/airflow/example_dags/example_branch_datetime_operator.py
[2025-01-22T13:17:09.971+0000] {logging_mixin.py:190} INFO - [2025-01-22T13:17:09.971+0000] {dag.py:3239} INFO - Sync 3 DAGs
[2025-01-22T13:17:09.987+0000] {logging_mixin.py:190} INFO - [2025-01-22T13:17:09.987+0000] {dag.py:4180} INFO - Setting next_dagrun for example_branch_datetime_operator to 2025-01-21 00:00:00+00:00, run_after=2025-01-22 00:00:00+00:00
[2025-01-22T13:17:09.990+0000] {logging_mixin.py:190} INFO - [2025-01-22T13:17:09.990+0000] {dag.py:4180} INFO - Setting next_dagrun for example_branch_datetime_operator_2 to 2025-01-21 00:00:00+00:00, run_after=2025-01-22 00:00:00+00:00
[2025-01-22T13:17:09.992+0000] {logging_mixin.py:190} INFO - [2025-01-22T13:17:09.992+0000] {dag.py:4180} INFO - Setting next_dagrun for example_branch_datetime_operator_3 to 2025-01-21 00:00:00+00:00, run_after=2025-01-22 00:00:00+00:00
[2025-01-22T13:17:10.009+0000] {processor.py:208} INFO - Processing /usr/local/python/3.12.1/lib/python3.12/site-packages/airflow/example_dags/example_branch_datetime_operator.py took 0.069 seconds
[2025-01-22T13:18:24.463+0000] {processor.py:186} INFO - Started process (PID=19176) to work on /usr/local/python/3.12.1/lib/python3.12/site-packages/airflow/example_dags/example_branch_datetime_operator.py
[2025-01-22T13:18:24.464+0000] {processor.py:914} INFO - Processing file /usr/local/python/3.12.1/lib/python3.12/site-packages/airflow/example_dags/example_branch_datetime_operator.py for tasks to queue
[2025-01-22T13:18:24.467+0000] {logging_mixin.py:190} INFO - [2025-01-22T13:18:24.466+0000] {dagbag.py:588} INFO - Filling up the DagBag from /usr/local/python/3.12.1/lib/python3.12/site-packages/airflow/example_dags/example_branch_datetime_operator.py
[2025-01-22T13:18:24.479+0000] {processor.py:925} INFO - DAG(s) 'example_branch_datetime_operator', 'example_branch_datetime_operator_2', 'example_branch_datetime_operator_3' retrieved from /usr/local/python/3.12.1/lib/python3.12/site-packages/airflow/example_dags/example_branch_datetime_operator.py
[2025-01-22T13:18:24.496+0000] {logging_mixin.py:190} INFO - [2025-01-22T13:18:24.495+0000] {dag.py:3239} INFO - Sync 3 DAGs
[2025-01-22T13:18:24.528+0000] {logging_mixin.py:190} INFO - [2025-01-22T13:18:24.528+0000] {dag.py:4180} INFO - Setting next_dagrun for example_branch_datetime_operator to 2025-01-21 00:00:00+00:00, run_after=2025-01-22 00:00:00+00:00
[2025-01-22T13:18:24.533+0000] {logging_mixin.py:190} INFO - [2025-01-22T13:18:24.533+0000] {dag.py:4180} INFO - Setting next_dagrun for example_branch_datetime_operator_2 to 2025-01-21 00:00:00+00:00, run_after=2025-01-22 00:00:00+00:00
[2025-01-22T13:18:24.536+0000] {logging_mixin.py:190} INFO - [2025-01-22T13:18:24.536+0000] {dag.py:4180} INFO - Setting next_dagrun for example_branch_datetime_operator_3 to 2025-01-21 00:00:00+00:00, run_after=2025-01-22 00:00:00+00:00
[2025-01-22T13:18:24.563+0000] {processor.py:208} INFO - Processing /usr/local/python/3.12.1/lib/python3.12/site-packages/airflow/example_dags/example_branch_datetime_operator.py took 0.106 seconds
[2025-01-22T13:19:38.684+0000] {processor.py:186} INFO - Started process (PID=20461) to work on /usr/local/python/3.12.1/lib/python3.12/site-packages/airflow/example_dags/example_branch_datetime_operator.py
[2025-01-22T13:19:38.685+0000] {processor.py:914} INFO - Processing file /usr/local/python/3.12.1/lib/python3.12/site-packages/airflow/example_dags/example_branch_datetime_operator.py for tasks to queue
[2025-01-22T13:19:38.688+0000] {logging_mixin.py:190} INFO - [2025-01-22T13:19:38.687+0000] {dagbag.py:588} INFO - Filling up the DagBag from /usr/local/python/3.12.1/lib/python3.12/site-packages/airflow/example_dags/example_branch_datetime_operator.py
[2025-01-22T13:19:38.703+0000] {processor.py:925} INFO - DAG(s) 'example_branch_datetime_operator', 'example_branch_datetime_operator_3', 'example_branch_datetime_operator_2' retrieved from /usr/local/python/3.12.1/lib/python3.12/site-packages/airflow/example_dags/example_branch_datetime_operator.py
[2025-01-22T13:19:38.735+0000] {logging_mixin.py:190} INFO - [2025-01-22T13:19:38.734+0000] {dag.py:3239} INFO - Sync 3 DAGs
[2025-01-22T13:19:38.751+0000] {logging_mixin.py:190} INFO - [2025-01-22T13:19:38.751+0000] {dag.py:4180} INFO - Setting next_dagrun for example_branch_datetime_operator to 2025-01-21 00:00:00+00:00, run_after=2025-01-22 00:00:00+00:00
[2025-01-22T13:19:38.755+0000] {logging_mixin.py:190} INFO - [2025-01-22T13:19:38.755+0000] {dag.py:4180} INFO - Setting next_dagrun for example_branch_datetime_operator_2 to 2025-01-21 00:00:00+00:00, run_after=2025-01-22 00:00:00+00:00
[2025-01-22T13:19:38.756+0000] {logging_mixin.py:190} INFO - [2025-01-22T13:19:38.756+0000] {dag.py:4180} INFO - Setting next_dagrun for example_branch_datetime_operator_3 to 2025-01-21 00:00:00+00:00, run_after=2025-01-22 00:00:00+00:00
[2025-01-22T13:19:38.768+0000] {processor.py:208} INFO - Processing /usr/local/python/3.12.1/lib/python3.12/site-packages/airflow/example_dags/example_branch_datetime_operator.py took 0.090 seconds
[2025-01-22T13:20:51.657+0000] {processor.py:186} INFO - Started process (PID=21499) to work on /usr/local/python/3.12.1/lib/python3.12/site-packages/airflow/example_dags/example_branch_datetime_operator.py
[2025-01-22T13:20:51.658+0000] {processor.py:914} INFO - Processing file /usr/local/python/3.12.1/lib/python3.12/site-packages/airflow/example_dags/example_branch_datetime_operator.py for tasks to queue
[2025-01-22T13:20:51.660+0000] {logging_mixin.py:190} INFO - [2025-01-22T13:20:51.659+0000] {dagbag.py:588} INFO - Filling up the DagBag from /usr/local/python/3.12.1/lib/python3.12/site-packages/airflow/example_dags/example_branch_datetime_operator.py
[2025-01-22T13:20:51.668+0000] {processor.py:925} INFO - DAG(s) 'example_branch_datetime_operator_3', 'example_branch_datetime_operator', 'example_branch_datetime_operator_2' retrieved from /usr/local/python/3.12.1/lib/python3.12/site-packages/airflow/example_dags/example_branch_datetime_operator.py
[2025-01-22T13:20:51.683+0000] {logging_mixin.py:190} INFO - [2025-01-22T13:20:51.683+0000] {dag.py:3239} INFO - Sync 3 DAGs
[2025-01-22T13:20:51.698+0000] {logging_mixin.py:190} INFO - [2025-01-22T13:20:51.698+0000] {dag.py:4180} INFO - Setting next_dagrun for example_branch_datetime_operator to 2025-01-21 00:00:00+00:00, run_after=2025-01-22 00:00:00+00:00
[2025-01-22T13:20:51.701+0000] {logging_mixin.py:190} INFO - [2025-01-22T13:20:51.701+0000] {dag.py:4180} INFO - Setting next_dagrun for example_branch_datetime_operator_2 to 2025-01-21 00:00:00+00:00, run_after=2025-01-22 00:00:00+00:00
[2025-01-22T13:20:51.703+0000] {logging_mixin.py:190} INFO - [2025-01-22T13:20:51.703+0000] {dag.py:4180} INFO - Setting next_dagrun for example_branch_datetime_operator_3 to 2025-01-21 00:00:00+00:00, run_after=2025-01-22 00:00:00+00:00
[2025-01-22T13:20:51.718+0000] {processor.py:208} INFO - Processing /usr/local/python/3.12.1/lib/python3.12/site-packages/airflow/example_dags/example_branch_datetime_operator.py took 0.064 seconds
