[2025-01-22T12:52:56.924+0000] {processor.py:186} INFO - Started process (PID=5609) to work on /usr/local/python/3.12.1/lib/python3.12/site-packages/airflow/example_dags/example_dynamic_task_mapping.py
[2025-01-22T12:52:56.924+0000] {processor.py:914} INFO - Processing file /usr/local/python/3.12.1/lib/python3.12/site-packages/airflow/example_dags/example_dynamic_task_mapping.py for tasks to queue
[2025-01-22T12:52:56.926+0000] {logging_mixin.py:190} INFO - [2025-01-22T12:52:56.926+0000] {dagbag.py:588} INFO - Filling up the DagBag from /usr/local/python/3.12.1/lib/python3.12/site-packages/airflow/example_dags/example_dynamic_task_mapping.py
[2025-01-22T12:52:56.932+0000] {processor.py:925} INFO - DAG(s) 'example_dynamic_task_mapping' retrieved from /usr/local/python/3.12.1/lib/python3.12/site-packages/airflow/example_dags/example_dynamic_task_mapping.py
[2025-01-22T12:52:57.005+0000] {logging_mixin.py:190} INFO - [2025-01-22T12:52:57.005+0000] {override.py:1911} INFO - Created Permission View: can delete on DAG:example_dynamic_task_mapping
[2025-01-22T12:52:57.013+0000] {logging_mixin.py:190} INFO - [2025-01-22T12:52:57.012+0000] {override.py:1911} INFO - Created Permission View: can edit on DAG:example_dynamic_task_mapping
[2025-01-22T12:52:57.018+0000] {logging_mixin.py:190} INFO - [2025-01-22T12:52:57.018+0000] {override.py:1911} INFO - Created Permission View: can read on DAG:example_dynamic_task_mapping
[2025-01-22T12:52:57.025+0000] {logging_mixin.py:190} INFO - [2025-01-22T12:52:57.025+0000] {override.py:1911} INFO - Created Permission View: can create on DAG Run:example_dynamic_task_mapping
[2025-01-22T12:52:57.030+0000] {logging_mixin.py:190} INFO - [2025-01-22T12:52:57.030+0000] {override.py:1911} INFO - Created Permission View: can read on DAG Run:example_dynamic_task_mapping
[2025-01-22T12:52:57.035+0000] {logging_mixin.py:190} INFO - [2025-01-22T12:52:57.035+0000] {override.py:1911} INFO - Created Permission View: menu access on DAG Run:example_dynamic_task_mapping
[2025-01-22T12:52:57.040+0000] {logging_mixin.py:190} INFO - [2025-01-22T12:52:57.040+0000] {override.py:1911} INFO - Created Permission View: can delete on DAG Run:example_dynamic_task_mapping
[2025-01-22T12:52:57.041+0000] {logging_mixin.py:190} INFO - [2025-01-22T12:52:57.041+0000] {dag.py:3239} INFO - Sync 1 DAGs
[2025-01-22T12:52:57.050+0000] {logging_mixin.py:190} INFO - [2025-01-22T12:52:57.050+0000] {dag.py:3262} INFO - Creating ORM DAG for example_dynamic_task_mapping
[2025-01-22T12:52:57.050+0000] {logging_mixin.py:190} INFO - [2025-01-22T12:52:57.050+0000] {dag.py:4180} INFO - Setting next_dagrun for example_dynamic_task_mapping to None, run_after=None
[2025-01-22T12:52:57.063+0000] {processor.py:208} INFO - Processing /usr/local/python/3.12.1/lib/python3.12/site-packages/airflow/example_dags/example_dynamic_task_mapping.py took 0.143 seconds
[2025-01-22T12:53:54.814+0000] {processor.py:186} INFO - Started process (PID=6570) to work on /usr/local/python/3.12.1/lib/python3.12/site-packages/airflow/example_dags/example_dynamic_task_mapping.py
[2025-01-22T12:53:54.815+0000] {processor.py:914} INFO - Processing file /usr/local/python/3.12.1/lib/python3.12/site-packages/airflow/example_dags/example_dynamic_task_mapping.py for tasks to queue
[2025-01-22T12:53:54.817+0000] {logging_mixin.py:190} INFO - [2025-01-22T12:53:54.816+0000] {dagbag.py:588} INFO - Filling up the DagBag from /usr/local/python/3.12.1/lib/python3.12/site-packages/airflow/example_dags/example_dynamic_task_mapping.py
[2025-01-22T12:53:54.823+0000] {processor.py:925} INFO - DAG(s) 'example_dynamic_task_mapping' retrieved from /usr/local/python/3.12.1/lib/python3.12/site-packages/airflow/example_dags/example_dynamic_task_mapping.py
[2025-01-22T12:53:54.833+0000] {logging_mixin.py:190} INFO - [2025-01-22T12:53:54.833+0000] {dag.py:3239} INFO - Sync 1 DAGs
[2025-01-22T12:53:54.842+0000] {logging_mixin.py:190} INFO - [2025-01-22T12:53:54.842+0000] {dag.py:4180} INFO - Setting next_dagrun for example_dynamic_task_mapping to None, run_after=None
[2025-01-22T12:53:54.856+0000] {processor.py:208} INFO - Processing /usr/local/python/3.12.1/lib/python3.12/site-packages/airflow/example_dags/example_dynamic_task_mapping.py took 0.046 seconds
[2025-01-22T12:54:50.103+0000] {processor.py:186} INFO - Started process (PID=7129) to work on /usr/local/python/3.12.1/lib/python3.12/site-packages/airflow/example_dags/example_dynamic_task_mapping.py
[2025-01-22T12:54:50.104+0000] {processor.py:914} INFO - Processing file /usr/local/python/3.12.1/lib/python3.12/site-packages/airflow/example_dags/example_dynamic_task_mapping.py for tasks to queue
[2025-01-22T12:54:50.105+0000] {logging_mixin.py:190} INFO - [2025-01-22T12:54:50.105+0000] {dagbag.py:588} INFO - Filling up the DagBag from /usr/local/python/3.12.1/lib/python3.12/site-packages/airflow/example_dags/example_dynamic_task_mapping.py
[2025-01-22T12:54:50.112+0000] {processor.py:925} INFO - DAG(s) 'example_dynamic_task_mapping' retrieved from /usr/local/python/3.12.1/lib/python3.12/site-packages/airflow/example_dags/example_dynamic_task_mapping.py
[2025-01-22T12:54:50.122+0000] {logging_mixin.py:190} INFO - [2025-01-22T12:54:50.122+0000] {dag.py:3239} INFO - Sync 1 DAGs
[2025-01-22T12:54:50.132+0000] {logging_mixin.py:190} INFO - [2025-01-22T12:54:50.132+0000] {dag.py:4180} INFO - Setting next_dagrun for example_dynamic_task_mapping to None, run_after=None
[2025-01-22T12:54:50.149+0000] {processor.py:208} INFO - Processing /usr/local/python/3.12.1/lib/python3.12/site-packages/airflow/example_dags/example_dynamic_task_mapping.py took 0.050 seconds
[2025-01-22T12:55:44.563+0000] {processor.py:186} INFO - Started process (PID=7644) to work on /usr/local/python/3.12.1/lib/python3.12/site-packages/airflow/example_dags/example_dynamic_task_mapping.py
[2025-01-22T12:55:44.564+0000] {processor.py:914} INFO - Processing file /usr/local/python/3.12.1/lib/python3.12/site-packages/airflow/example_dags/example_dynamic_task_mapping.py for tasks to queue
[2025-01-22T12:55:44.565+0000] {logging_mixin.py:190} INFO - [2025-01-22T12:55:44.565+0000] {dagbag.py:588} INFO - Filling up the DagBag from /usr/local/python/3.12.1/lib/python3.12/site-packages/airflow/example_dags/example_dynamic_task_mapping.py
[2025-01-22T12:55:44.572+0000] {processor.py:925} INFO - DAG(s) 'example_dynamic_task_mapping' retrieved from /usr/local/python/3.12.1/lib/python3.12/site-packages/airflow/example_dags/example_dynamic_task_mapping.py
[2025-01-22T12:55:44.583+0000] {logging_mixin.py:190} INFO - [2025-01-22T12:55:44.582+0000] {dag.py:3239} INFO - Sync 1 DAGs
[2025-01-22T12:55:44.592+0000] {logging_mixin.py:190} INFO - [2025-01-22T12:55:44.592+0000] {dag.py:4180} INFO - Setting next_dagrun for example_dynamic_task_mapping to None, run_after=None
[2025-01-22T12:55:44.606+0000] {processor.py:208} INFO - Processing /usr/local/python/3.12.1/lib/python3.12/site-packages/airflow/example_dags/example_dynamic_task_mapping.py took 0.047 seconds
[2025-01-22T12:56:36.496+0000] {processor.py:186} INFO - Started process (PID=8073) to work on /usr/local/python/3.12.1/lib/python3.12/site-packages/airflow/example_dags/example_dynamic_task_mapping.py
[2025-01-22T12:56:36.497+0000] {processor.py:914} INFO - Processing file /usr/local/python/3.12.1/lib/python3.12/site-packages/airflow/example_dags/example_dynamic_task_mapping.py for tasks to queue
[2025-01-22T12:56:36.500+0000] {logging_mixin.py:190} INFO - [2025-01-22T12:56:36.499+0000] {dagbag.py:588} INFO - Filling up the DagBag from /usr/local/python/3.12.1/lib/python3.12/site-packages/airflow/example_dags/example_dynamic_task_mapping.py
[2025-01-22T12:56:36.508+0000] {processor.py:925} INFO - DAG(s) 'example_dynamic_task_mapping' retrieved from /usr/local/python/3.12.1/lib/python3.12/site-packages/airflow/example_dags/example_dynamic_task_mapping.py
[2025-01-22T12:56:36.523+0000] {logging_mixin.py:190} INFO - [2025-01-22T12:56:36.523+0000] {dag.py:3239} INFO - Sync 1 DAGs
[2025-01-22T12:56:36.537+0000] {logging_mixin.py:190} INFO - [2025-01-22T12:56:36.537+0000] {dag.py:4180} INFO - Setting next_dagrun for example_dynamic_task_mapping to None, run_after=None
[2025-01-22T12:56:36.565+0000] {processor.py:208} INFO - Processing /usr/local/python/3.12.1/lib/python3.12/site-packages/airflow/example_dags/example_dynamic_task_mapping.py took 0.073 seconds
[2025-01-22T12:57:26.932+0000] {processor.py:186} INFO - Started process (PID=8543) to work on /usr/local/python/3.12.1/lib/python3.12/site-packages/airflow/example_dags/example_dynamic_task_mapping.py
[2025-01-22T12:57:26.932+0000] {processor.py:914} INFO - Processing file /usr/local/python/3.12.1/lib/python3.12/site-packages/airflow/example_dags/example_dynamic_task_mapping.py for tasks to queue
[2025-01-22T12:57:26.934+0000] {logging_mixin.py:190} INFO - [2025-01-22T12:57:26.934+0000] {dagbag.py:588} INFO - Filling up the DagBag from /usr/local/python/3.12.1/lib/python3.12/site-packages/airflow/example_dags/example_dynamic_task_mapping.py
[2025-01-22T12:57:26.940+0000] {processor.py:925} INFO - DAG(s) 'example_dynamic_task_mapping' retrieved from /usr/local/python/3.12.1/lib/python3.12/site-packages/airflow/example_dags/example_dynamic_task_mapping.py
[2025-01-22T12:57:26.950+0000] {logging_mixin.py:190} INFO - [2025-01-22T12:57:26.950+0000] {dag.py:3239} INFO - Sync 1 DAGs
[2025-01-22T12:57:26.959+0000] {logging_mixin.py:190} INFO - [2025-01-22T12:57:26.959+0000] {dag.py:4180} INFO - Setting next_dagrun for example_dynamic_task_mapping to None, run_after=None
[2025-01-22T12:57:26.973+0000] {processor.py:208} INFO - Processing /usr/local/python/3.12.1/lib/python3.12/site-packages/airflow/example_dags/example_dynamic_task_mapping.py took 0.045 seconds
[2025-01-22T12:58:19.331+0000] {processor.py:186} INFO - Started process (PID=8920) to work on /usr/local/python/3.12.1/lib/python3.12/site-packages/airflow/example_dags/example_dynamic_task_mapping.py
[2025-01-22T12:58:19.332+0000] {processor.py:914} INFO - Processing file /usr/local/python/3.12.1/lib/python3.12/site-packages/airflow/example_dags/example_dynamic_task_mapping.py for tasks to queue
[2025-01-22T12:58:19.333+0000] {logging_mixin.py:190} INFO - [2025-01-22T12:58:19.333+0000] {dagbag.py:588} INFO - Filling up the DagBag from /usr/local/python/3.12.1/lib/python3.12/site-packages/airflow/example_dags/example_dynamic_task_mapping.py
[2025-01-22T12:58:19.340+0000] {processor.py:925} INFO - DAG(s) 'example_dynamic_task_mapping' retrieved from /usr/local/python/3.12.1/lib/python3.12/site-packages/airflow/example_dags/example_dynamic_task_mapping.py
[2025-01-22T12:58:19.350+0000] {logging_mixin.py:190} INFO - [2025-01-22T12:58:19.350+0000] {dag.py:3239} INFO - Sync 1 DAGs
[2025-01-22T12:58:19.359+0000] {logging_mixin.py:190} INFO - [2025-01-22T12:58:19.359+0000] {dag.py:4180} INFO - Setting next_dagrun for example_dynamic_task_mapping to None, run_after=None
[2025-01-22T12:58:19.374+0000] {processor.py:208} INFO - Processing /usr/local/python/3.12.1/lib/python3.12/site-packages/airflow/example_dags/example_dynamic_task_mapping.py took 0.046 seconds
[2025-01-22T12:59:09.652+0000] {processor.py:186} INFO - Started process (PID=9337) to work on /usr/local/python/3.12.1/lib/python3.12/site-packages/airflow/example_dags/example_dynamic_task_mapping.py
[2025-01-22T12:59:09.652+0000] {processor.py:914} INFO - Processing file /usr/local/python/3.12.1/lib/python3.12/site-packages/airflow/example_dags/example_dynamic_task_mapping.py for tasks to queue
[2025-01-22T12:59:09.654+0000] {logging_mixin.py:190} INFO - [2025-01-22T12:59:09.654+0000] {dagbag.py:588} INFO - Filling up the DagBag from /usr/local/python/3.12.1/lib/python3.12/site-packages/airflow/example_dags/example_dynamic_task_mapping.py
[2025-01-22T12:59:09.662+0000] {processor.py:925} INFO - DAG(s) 'example_dynamic_task_mapping' retrieved from /usr/local/python/3.12.1/lib/python3.12/site-packages/airflow/example_dags/example_dynamic_task_mapping.py
[2025-01-22T12:59:09.672+0000] {logging_mixin.py:190} INFO - [2025-01-22T12:59:09.672+0000] {dag.py:3239} INFO - Sync 1 DAGs
[2025-01-22T12:59:09.682+0000] {logging_mixin.py:190} INFO - [2025-01-22T12:59:09.681+0000] {dag.py:4180} INFO - Setting next_dagrun for example_dynamic_task_mapping to None, run_after=None
[2025-01-22T12:59:09.696+0000] {processor.py:208} INFO - Processing /usr/local/python/3.12.1/lib/python3.12/site-packages/airflow/example_dags/example_dynamic_task_mapping.py took 0.049 seconds
[2025-01-22T13:00:02.019+0000] {processor.py:186} INFO - Started process (PID=9766) to work on /usr/local/python/3.12.1/lib/python3.12/site-packages/airflow/example_dags/example_dynamic_task_mapping.py
[2025-01-22T13:00:02.019+0000] {processor.py:914} INFO - Processing file /usr/local/python/3.12.1/lib/python3.12/site-packages/airflow/example_dags/example_dynamic_task_mapping.py for tasks to queue
[2025-01-22T13:00:02.021+0000] {logging_mixin.py:190} INFO - [2025-01-22T13:00:02.020+0000] {dagbag.py:588} INFO - Filling up the DagBag from /usr/local/python/3.12.1/lib/python3.12/site-packages/airflow/example_dags/example_dynamic_task_mapping.py
[2025-01-22T13:00:02.027+0000] {processor.py:925} INFO - DAG(s) 'example_dynamic_task_mapping' retrieved from /usr/local/python/3.12.1/lib/python3.12/site-packages/airflow/example_dags/example_dynamic_task_mapping.py
[2025-01-22T13:00:02.038+0000] {logging_mixin.py:190} INFO - [2025-01-22T13:00:02.038+0000] {dag.py:3239} INFO - Sync 1 DAGs
[2025-01-22T13:00:02.048+0000] {logging_mixin.py:190} INFO - [2025-01-22T13:00:02.047+0000] {dag.py:4180} INFO - Setting next_dagrun for example_dynamic_task_mapping to None, run_after=None
[2025-01-22T13:00:02.063+0000] {processor.py:208} INFO - Processing /usr/local/python/3.12.1/lib/python3.12/site-packages/airflow/example_dags/example_dynamic_task_mapping.py took 0.049 seconds
[2025-01-22T13:00:53.430+0000] {processor.py:186} INFO - Started process (PID=10184) to work on /usr/local/python/3.12.1/lib/python3.12/site-packages/airflow/example_dags/example_dynamic_task_mapping.py
[2025-01-22T13:00:53.430+0000] {processor.py:914} INFO - Processing file /usr/local/python/3.12.1/lib/python3.12/site-packages/airflow/example_dags/example_dynamic_task_mapping.py for tasks to queue
[2025-01-22T13:00:53.432+0000] {logging_mixin.py:190} INFO - [2025-01-22T13:00:53.432+0000] {dagbag.py:588} INFO - Filling up the DagBag from /usr/local/python/3.12.1/lib/python3.12/site-packages/airflow/example_dags/example_dynamic_task_mapping.py
[2025-01-22T13:00:53.438+0000] {processor.py:925} INFO - DAG(s) 'example_dynamic_task_mapping' retrieved from /usr/local/python/3.12.1/lib/python3.12/site-packages/airflow/example_dags/example_dynamic_task_mapping.py
[2025-01-22T13:00:53.449+0000] {logging_mixin.py:190} INFO - [2025-01-22T13:00:53.448+0000] {dag.py:3239} INFO - Sync 1 DAGs
[2025-01-22T13:00:53.457+0000] {logging_mixin.py:190} INFO - [2025-01-22T13:00:53.457+0000] {dag.py:4180} INFO - Setting next_dagrun for example_dynamic_task_mapping to None, run_after=None
[2025-01-22T13:00:53.472+0000] {processor.py:208} INFO - Processing /usr/local/python/3.12.1/lib/python3.12/site-packages/airflow/example_dags/example_dynamic_task_mapping.py took 0.046 seconds
[2025-01-22T13:01:45.844+0000] {processor.py:186} INFO - Started process (PID=10616) to work on /usr/local/python/3.12.1/lib/python3.12/site-packages/airflow/example_dags/example_dynamic_task_mapping.py
[2025-01-22T13:01:45.845+0000] {processor.py:914} INFO - Processing file /usr/local/python/3.12.1/lib/python3.12/site-packages/airflow/example_dags/example_dynamic_task_mapping.py for tasks to queue
[2025-01-22T13:01:45.846+0000] {logging_mixin.py:190} INFO - [2025-01-22T13:01:45.846+0000] {dagbag.py:588} INFO - Filling up the DagBag from /usr/local/python/3.12.1/lib/python3.12/site-packages/airflow/example_dags/example_dynamic_task_mapping.py
[2025-01-22T13:01:45.852+0000] {processor.py:925} INFO - DAG(s) 'example_dynamic_task_mapping' retrieved from /usr/local/python/3.12.1/lib/python3.12/site-packages/airflow/example_dags/example_dynamic_task_mapping.py
[2025-01-22T13:01:45.863+0000] {logging_mixin.py:190} INFO - [2025-01-22T13:01:45.863+0000] {dag.py:3239} INFO - Sync 1 DAGs
[2025-01-22T13:01:45.872+0000] {logging_mixin.py:190} INFO - [2025-01-22T13:01:45.872+0000] {dag.py:4180} INFO - Setting next_dagrun for example_dynamic_task_mapping to None, run_after=None
[2025-01-22T13:01:45.886+0000] {processor.py:208} INFO - Processing /usr/local/python/3.12.1/lib/python3.12/site-packages/airflow/example_dags/example_dynamic_task_mapping.py took 0.046 seconds
[2025-01-22T13:02:36.054+0000] {processor.py:186} INFO - Started process (PID=11096) to work on /usr/local/python/3.12.1/lib/python3.12/site-packages/airflow/example_dags/example_dynamic_task_mapping.py
[2025-01-22T13:02:36.055+0000] {processor.py:914} INFO - Processing file /usr/local/python/3.12.1/lib/python3.12/site-packages/airflow/example_dags/example_dynamic_task_mapping.py for tasks to queue
[2025-01-22T13:02:36.056+0000] {logging_mixin.py:190} INFO - [2025-01-22T13:02:36.056+0000] {dagbag.py:588} INFO - Filling up the DagBag from /usr/local/python/3.12.1/lib/python3.12/site-packages/airflow/example_dags/example_dynamic_task_mapping.py
[2025-01-22T13:02:36.063+0000] {processor.py:925} INFO - DAG(s) 'example_dynamic_task_mapping' retrieved from /usr/local/python/3.12.1/lib/python3.12/site-packages/airflow/example_dags/example_dynamic_task_mapping.py
[2025-01-22T13:02:36.073+0000] {logging_mixin.py:190} INFO - [2025-01-22T13:02:36.073+0000] {dag.py:3239} INFO - Sync 1 DAGs
[2025-01-22T13:02:36.083+0000] {logging_mixin.py:190} INFO - [2025-01-22T13:02:36.082+0000] {dag.py:4180} INFO - Setting next_dagrun for example_dynamic_task_mapping to None, run_after=None
[2025-01-22T13:02:36.097+0000] {processor.py:208} INFO - Processing /usr/local/python/3.12.1/lib/python3.12/site-packages/airflow/example_dags/example_dynamic_task_mapping.py took 0.046 seconds
[2025-01-22T13:03:25.422+0000] {processor.py:186} INFO - Started process (PID=11513) to work on /usr/local/python/3.12.1/lib/python3.12/site-packages/airflow/example_dags/example_dynamic_task_mapping.py
[2025-01-22T13:03:25.422+0000] {processor.py:914} INFO - Processing file /usr/local/python/3.12.1/lib/python3.12/site-packages/airflow/example_dags/example_dynamic_task_mapping.py for tasks to queue
[2025-01-22T13:03:25.424+0000] {logging_mixin.py:190} INFO - [2025-01-22T13:03:25.424+0000] {dagbag.py:588} INFO - Filling up the DagBag from /usr/local/python/3.12.1/lib/python3.12/site-packages/airflow/example_dags/example_dynamic_task_mapping.py
[2025-01-22T13:03:25.430+0000] {processor.py:925} INFO - DAG(s) 'example_dynamic_task_mapping' retrieved from /usr/local/python/3.12.1/lib/python3.12/site-packages/airflow/example_dags/example_dynamic_task_mapping.py
[2025-01-22T13:03:25.441+0000] {logging_mixin.py:190} INFO - [2025-01-22T13:03:25.440+0000] {dag.py:3239} INFO - Sync 1 DAGs
[2025-01-22T13:03:25.450+0000] {logging_mixin.py:190} INFO - [2025-01-22T13:03:25.450+0000] {dag.py:4180} INFO - Setting next_dagrun for example_dynamic_task_mapping to None, run_after=None
[2025-01-22T13:03:25.464+0000] {processor.py:208} INFO - Processing /usr/local/python/3.12.1/lib/python3.12/site-packages/airflow/example_dags/example_dynamic_task_mapping.py took 0.046 seconds
[2025-01-22T13:04:18.148+0000] {processor.py:186} INFO - Started process (PID=11885) to work on /usr/local/python/3.12.1/lib/python3.12/site-packages/airflow/example_dags/example_dynamic_task_mapping.py
[2025-01-22T13:04:18.149+0000] {processor.py:914} INFO - Processing file /usr/local/python/3.12.1/lib/python3.12/site-packages/airflow/example_dags/example_dynamic_task_mapping.py for tasks to queue
[2025-01-22T13:04:18.151+0000] {logging_mixin.py:190} INFO - [2025-01-22T13:04:18.150+0000] {dagbag.py:588} INFO - Filling up the DagBag from /usr/local/python/3.12.1/lib/python3.12/site-packages/airflow/example_dags/example_dynamic_task_mapping.py
[2025-01-22T13:04:18.157+0000] {processor.py:925} INFO - DAG(s) 'example_dynamic_task_mapping' retrieved from /usr/local/python/3.12.1/lib/python3.12/site-packages/airflow/example_dags/example_dynamic_task_mapping.py
[2025-01-22T13:04:18.167+0000] {logging_mixin.py:190} INFO - [2025-01-22T13:04:18.167+0000] {dag.py:3239} INFO - Sync 1 DAGs
[2025-01-22T13:04:18.176+0000] {logging_mixin.py:190} INFO - [2025-01-22T13:04:18.176+0000] {dag.py:4180} INFO - Setting next_dagrun for example_dynamic_task_mapping to None, run_after=None
[2025-01-22T13:04:18.190+0000] {processor.py:208} INFO - Processing /usr/local/python/3.12.1/lib/python3.12/site-packages/airflow/example_dags/example_dynamic_task_mapping.py took 0.045 seconds
[2025-01-22T13:05:09.422+0000] {processor.py:186} INFO - Started process (PID=12308) to work on /usr/local/python/3.12.1/lib/python3.12/site-packages/airflow/example_dags/example_dynamic_task_mapping.py
[2025-01-22T13:05:09.423+0000] {processor.py:914} INFO - Processing file /usr/local/python/3.12.1/lib/python3.12/site-packages/airflow/example_dags/example_dynamic_task_mapping.py for tasks to queue
[2025-01-22T13:05:09.424+0000] {logging_mixin.py:190} INFO - [2025-01-22T13:05:09.424+0000] {dagbag.py:588} INFO - Filling up the DagBag from /usr/local/python/3.12.1/lib/python3.12/site-packages/airflow/example_dags/example_dynamic_task_mapping.py
[2025-01-22T13:05:09.433+0000] {processor.py:925} INFO - DAG(s) 'example_dynamic_task_mapping' retrieved from /usr/local/python/3.12.1/lib/python3.12/site-packages/airflow/example_dags/example_dynamic_task_mapping.py
[2025-01-22T13:05:09.445+0000] {logging_mixin.py:190} INFO - [2025-01-22T13:05:09.444+0000] {dag.py:3239} INFO - Sync 1 DAGs
[2025-01-22T13:05:09.455+0000] {logging_mixin.py:190} INFO - [2025-01-22T13:05:09.455+0000] {dag.py:4180} INFO - Setting next_dagrun for example_dynamic_task_mapping to None, run_after=None
[2025-01-22T13:05:09.468+0000] {processor.py:208} INFO - Processing /usr/local/python/3.12.1/lib/python3.12/site-packages/airflow/example_dags/example_dynamic_task_mapping.py took 0.052 seconds
[2025-01-22T13:06:00.399+0000] {processor.py:186} INFO - Started process (PID=12735) to work on /usr/local/python/3.12.1/lib/python3.12/site-packages/airflow/example_dags/example_dynamic_task_mapping.py
[2025-01-22T13:06:00.400+0000] {processor.py:914} INFO - Processing file /usr/local/python/3.12.1/lib/python3.12/site-packages/airflow/example_dags/example_dynamic_task_mapping.py for tasks to queue
[2025-01-22T13:06:00.402+0000] {logging_mixin.py:190} INFO - [2025-01-22T13:06:00.401+0000] {dagbag.py:588} INFO - Filling up the DagBag from /usr/local/python/3.12.1/lib/python3.12/site-packages/airflow/example_dags/example_dynamic_task_mapping.py
[2025-01-22T13:06:00.408+0000] {processor.py:925} INFO - DAG(s) 'example_dynamic_task_mapping' retrieved from /usr/local/python/3.12.1/lib/python3.12/site-packages/airflow/example_dags/example_dynamic_task_mapping.py
[2025-01-22T13:06:00.418+0000] {logging_mixin.py:190} INFO - [2025-01-22T13:06:00.418+0000] {dag.py:3239} INFO - Sync 1 DAGs
[2025-01-22T13:06:00.427+0000] {logging_mixin.py:190} INFO - [2025-01-22T13:06:00.427+0000] {dag.py:4180} INFO - Setting next_dagrun for example_dynamic_task_mapping to None, run_after=None
[2025-01-22T13:06:00.445+0000] {processor.py:208} INFO - Processing /usr/local/python/3.12.1/lib/python3.12/site-packages/airflow/example_dags/example_dynamic_task_mapping.py took 0.049 seconds
[2025-01-22T13:06:48.791+0000] {processor.py:186} INFO - Started process (PID=13148) to work on /usr/local/python/3.12.1/lib/python3.12/site-packages/airflow/example_dags/example_dynamic_task_mapping.py
[2025-01-22T13:06:48.791+0000] {processor.py:914} INFO - Processing file /usr/local/python/3.12.1/lib/python3.12/site-packages/airflow/example_dags/example_dynamic_task_mapping.py for tasks to queue
[2025-01-22T13:06:48.793+0000] {logging_mixin.py:190} INFO - [2025-01-22T13:06:48.793+0000] {dagbag.py:588} INFO - Filling up the DagBag from /usr/local/python/3.12.1/lib/python3.12/site-packages/airflow/example_dags/example_dynamic_task_mapping.py
[2025-01-22T13:06:48.799+0000] {processor.py:925} INFO - DAG(s) 'example_dynamic_task_mapping' retrieved from /usr/local/python/3.12.1/lib/python3.12/site-packages/airflow/example_dags/example_dynamic_task_mapping.py
[2025-01-22T13:06:48.810+0000] {logging_mixin.py:190} INFO - [2025-01-22T13:06:48.809+0000] {dag.py:3239} INFO - Sync 1 DAGs
[2025-01-22T13:06:48.819+0000] {logging_mixin.py:190} INFO - [2025-01-22T13:06:48.819+0000] {dag.py:4180} INFO - Setting next_dagrun for example_dynamic_task_mapping to None, run_after=None
[2025-01-22T13:06:48.833+0000] {processor.py:208} INFO - Processing /usr/local/python/3.12.1/lib/python3.12/site-packages/airflow/example_dags/example_dynamic_task_mapping.py took 0.046 seconds
[2025-01-22T13:07:36.129+0000] {processor.py:186} INFO - Started process (PID=13551) to work on /usr/local/python/3.12.1/lib/python3.12/site-packages/airflow/example_dags/example_dynamic_task_mapping.py
[2025-01-22T13:07:36.130+0000] {processor.py:914} INFO - Processing file /usr/local/python/3.12.1/lib/python3.12/site-packages/airflow/example_dags/example_dynamic_task_mapping.py for tasks to queue
[2025-01-22T13:07:36.131+0000] {logging_mixin.py:190} INFO - [2025-01-22T13:07:36.131+0000] {dagbag.py:588} INFO - Filling up the DagBag from /usr/local/python/3.12.1/lib/python3.12/site-packages/airflow/example_dags/example_dynamic_task_mapping.py
[2025-01-22T13:07:36.137+0000] {processor.py:925} INFO - DAG(s) 'example_dynamic_task_mapping' retrieved from /usr/local/python/3.12.1/lib/python3.12/site-packages/airflow/example_dags/example_dynamic_task_mapping.py
[2025-01-22T13:07:36.147+0000] {logging_mixin.py:190} INFO - [2025-01-22T13:07:36.147+0000] {dag.py:3239} INFO - Sync 1 DAGs
[2025-01-22T13:07:36.156+0000] {logging_mixin.py:190} INFO - [2025-01-22T13:07:36.156+0000] {dag.py:4180} INFO - Setting next_dagrun for example_dynamic_task_mapping to None, run_after=None
[2025-01-22T13:07:36.170+0000] {processor.py:208} INFO - Processing /usr/local/python/3.12.1/lib/python3.12/site-packages/airflow/example_dags/example_dynamic_task_mapping.py took 0.045 seconds
[2025-01-22T13:08:29.100+0000] {processor.py:186} INFO - Started process (PID=14228) to work on /usr/local/python/3.12.1/lib/python3.12/site-packages/airflow/example_dags/example_dynamic_task_mapping.py
[2025-01-22T13:08:29.100+0000] {processor.py:914} INFO - Processing file /usr/local/python/3.12.1/lib/python3.12/site-packages/airflow/example_dags/example_dynamic_task_mapping.py for tasks to queue
[2025-01-22T13:08:29.102+0000] {logging_mixin.py:190} INFO - [2025-01-22T13:08:29.102+0000] {dagbag.py:588} INFO - Filling up the DagBag from /usr/local/python/3.12.1/lib/python3.12/site-packages/airflow/example_dags/example_dynamic_task_mapping.py
[2025-01-22T13:08:29.108+0000] {processor.py:925} INFO - DAG(s) 'example_dynamic_task_mapping' retrieved from /usr/local/python/3.12.1/lib/python3.12/site-packages/airflow/example_dags/example_dynamic_task_mapping.py
[2025-01-22T13:08:29.119+0000] {logging_mixin.py:190} INFO - [2025-01-22T13:08:29.119+0000] {dag.py:3239} INFO - Sync 1 DAGs
[2025-01-22T13:08:29.128+0000] {logging_mixin.py:190} INFO - [2025-01-22T13:08:29.128+0000] {dag.py:4180} INFO - Setting next_dagrun for example_dynamic_task_mapping to None, run_after=None
[2025-01-22T13:08:29.142+0000] {processor.py:208} INFO - Processing /usr/local/python/3.12.1/lib/python3.12/site-packages/airflow/example_dags/example_dynamic_task_mapping.py took 0.047 seconds
[2025-01-22T13:09:22.513+0000] {processor.py:186} INFO - Started process (PID=14662) to work on /usr/local/python/3.12.1/lib/python3.12/site-packages/airflow/example_dags/example_dynamic_task_mapping.py
[2025-01-22T13:09:22.514+0000] {processor.py:914} INFO - Processing file /usr/local/python/3.12.1/lib/python3.12/site-packages/airflow/example_dags/example_dynamic_task_mapping.py for tasks to queue
[2025-01-22T13:09:22.520+0000] {logging_mixin.py:190} INFO - [2025-01-22T13:09:22.519+0000] {dagbag.py:588} INFO - Filling up the DagBag from /usr/local/python/3.12.1/lib/python3.12/site-packages/airflow/example_dags/example_dynamic_task_mapping.py
[2025-01-22T13:09:22.529+0000] {processor.py:925} INFO - DAG(s) 'example_dynamic_task_mapping' retrieved from /usr/local/python/3.12.1/lib/python3.12/site-packages/airflow/example_dags/example_dynamic_task_mapping.py
[2025-01-22T13:09:22.546+0000] {logging_mixin.py:190} INFO - [2025-01-22T13:09:22.545+0000] {dag.py:3239} INFO - Sync 1 DAGs
[2025-01-22T13:09:22.564+0000] {logging_mixin.py:190} INFO - [2025-01-22T13:09:22.564+0000] {dag.py:4180} INFO - Setting next_dagrun for example_dynamic_task_mapping to None, run_after=None
[2025-01-22T13:09:22.586+0000] {processor.py:208} INFO - Processing /usr/local/python/3.12.1/lib/python3.12/site-packages/airflow/example_dags/example_dynamic_task_mapping.py took 0.078 seconds
[2025-01-22T13:10:13.888+0000] {processor.py:186} INFO - Started process (PID=15035) to work on /usr/local/python/3.12.1/lib/python3.12/site-packages/airflow/example_dags/example_dynamic_task_mapping.py
[2025-01-22T13:10:13.889+0000] {processor.py:914} INFO - Processing file /usr/local/python/3.12.1/lib/python3.12/site-packages/airflow/example_dags/example_dynamic_task_mapping.py for tasks to queue
[2025-01-22T13:10:13.890+0000] {logging_mixin.py:190} INFO - [2025-01-22T13:10:13.890+0000] {dagbag.py:588} INFO - Filling up the DagBag from /usr/local/python/3.12.1/lib/python3.12/site-packages/airflow/example_dags/example_dynamic_task_mapping.py
[2025-01-22T13:10:13.897+0000] {processor.py:925} INFO - DAG(s) 'example_dynamic_task_mapping' retrieved from /usr/local/python/3.12.1/lib/python3.12/site-packages/airflow/example_dags/example_dynamic_task_mapping.py
[2025-01-22T13:10:13.907+0000] {logging_mixin.py:190} INFO - [2025-01-22T13:10:13.907+0000] {dag.py:3239} INFO - Sync 1 DAGs
[2025-01-22T13:10:13.916+0000] {logging_mixin.py:190} INFO - [2025-01-22T13:10:13.916+0000] {dag.py:4180} INFO - Setting next_dagrun for example_dynamic_task_mapping to None, run_after=None
[2025-01-22T13:10:13.931+0000] {processor.py:208} INFO - Processing /usr/local/python/3.12.1/lib/python3.12/site-packages/airflow/example_dags/example_dynamic_task_mapping.py took 0.047 seconds
[2025-01-22T13:11:01.393+0000] {processor.py:186} INFO - Started process (PID=15432) to work on /usr/local/python/3.12.1/lib/python3.12/site-packages/airflow/example_dags/example_dynamic_task_mapping.py
[2025-01-22T13:11:01.394+0000] {processor.py:914} INFO - Processing file /usr/local/python/3.12.1/lib/python3.12/site-packages/airflow/example_dags/example_dynamic_task_mapping.py for tasks to queue
[2025-01-22T13:11:01.395+0000] {logging_mixin.py:190} INFO - [2025-01-22T13:11:01.395+0000] {dagbag.py:588} INFO - Filling up the DagBag from /usr/local/python/3.12.1/lib/python3.12/site-packages/airflow/example_dags/example_dynamic_task_mapping.py
[2025-01-22T13:11:01.402+0000] {processor.py:925} INFO - DAG(s) 'example_dynamic_task_mapping' retrieved from /usr/local/python/3.12.1/lib/python3.12/site-packages/airflow/example_dags/example_dynamic_task_mapping.py
[2025-01-22T13:11:01.412+0000] {logging_mixin.py:190} INFO - [2025-01-22T13:11:01.412+0000] {dag.py:3239} INFO - Sync 1 DAGs
[2025-01-22T13:11:01.421+0000] {logging_mixin.py:190} INFO - [2025-01-22T13:11:01.421+0000] {dag.py:4180} INFO - Setting next_dagrun for example_dynamic_task_mapping to None, run_after=None
[2025-01-22T13:11:01.435+0000] {processor.py:208} INFO - Processing /usr/local/python/3.12.1/lib/python3.12/site-packages/airflow/example_dags/example_dynamic_task_mapping.py took 0.046 seconds
[2025-01-22T13:11:52.690+0000] {processor.py:186} INFO - Started process (PID=15852) to work on /usr/local/python/3.12.1/lib/python3.12/site-packages/airflow/example_dags/example_dynamic_task_mapping.py
[2025-01-22T13:11:52.691+0000] {processor.py:914} INFO - Processing file /usr/local/python/3.12.1/lib/python3.12/site-packages/airflow/example_dags/example_dynamic_task_mapping.py for tasks to queue
[2025-01-22T13:11:52.692+0000] {logging_mixin.py:190} INFO - [2025-01-22T13:11:52.692+0000] {dagbag.py:588} INFO - Filling up the DagBag from /usr/local/python/3.12.1/lib/python3.12/site-packages/airflow/example_dags/example_dynamic_task_mapping.py
[2025-01-22T13:11:52.699+0000] {processor.py:925} INFO - DAG(s) 'example_dynamic_task_mapping' retrieved from /usr/local/python/3.12.1/lib/python3.12/site-packages/airflow/example_dags/example_dynamic_task_mapping.py
[2025-01-22T13:11:52.709+0000] {logging_mixin.py:190} INFO - [2025-01-22T13:11:52.709+0000] {dag.py:3239} INFO - Sync 1 DAGs
[2025-01-22T13:11:52.718+0000] {logging_mixin.py:190} INFO - [2025-01-22T13:11:52.718+0000] {dag.py:4180} INFO - Setting next_dagrun for example_dynamic_task_mapping to None, run_after=None
[2025-01-22T13:11:52.732+0000] {processor.py:208} INFO - Processing /usr/local/python/3.12.1/lib/python3.12/site-packages/airflow/example_dags/example_dynamic_task_mapping.py took 0.046 seconds
[2025-01-22T13:12:42.860+0000] {processor.py:186} INFO - Started process (PID=16323) to work on /usr/local/python/3.12.1/lib/python3.12/site-packages/airflow/example_dags/example_dynamic_task_mapping.py
[2025-01-22T13:12:42.861+0000] {processor.py:914} INFO - Processing file /usr/local/python/3.12.1/lib/python3.12/site-packages/airflow/example_dags/example_dynamic_task_mapping.py for tasks to queue
[2025-01-22T13:12:42.862+0000] {logging_mixin.py:190} INFO - [2025-01-22T13:12:42.862+0000] {dagbag.py:588} INFO - Filling up the DagBag from /usr/local/python/3.12.1/lib/python3.12/site-packages/airflow/example_dags/example_dynamic_task_mapping.py
[2025-01-22T13:12:42.869+0000] {processor.py:925} INFO - DAG(s) 'example_dynamic_task_mapping' retrieved from /usr/local/python/3.12.1/lib/python3.12/site-packages/airflow/example_dags/example_dynamic_task_mapping.py
[2025-01-22T13:12:42.879+0000] {logging_mixin.py:190} INFO - [2025-01-22T13:12:42.879+0000] {dag.py:3239} INFO - Sync 1 DAGs
[2025-01-22T13:12:42.888+0000] {logging_mixin.py:190} INFO - [2025-01-22T13:12:42.888+0000] {dag.py:4180} INFO - Setting next_dagrun for example_dynamic_task_mapping to None, run_after=None
[2025-01-22T13:12:42.902+0000] {processor.py:208} INFO - Processing /usr/local/python/3.12.1/lib/python3.12/site-packages/airflow/example_dags/example_dynamic_task_mapping.py took 0.045 seconds
[2025-01-22T13:13:34.250+0000] {processor.py:186} INFO - Started process (PID=16758) to work on /usr/local/python/3.12.1/lib/python3.12/site-packages/airflow/example_dags/example_dynamic_task_mapping.py
[2025-01-22T13:13:34.251+0000] {processor.py:914} INFO - Processing file /usr/local/python/3.12.1/lib/python3.12/site-packages/airflow/example_dags/example_dynamic_task_mapping.py for tasks to queue
[2025-01-22T13:13:34.252+0000] {logging_mixin.py:190} INFO - [2025-01-22T13:13:34.252+0000] {dagbag.py:588} INFO - Filling up the DagBag from /usr/local/python/3.12.1/lib/python3.12/site-packages/airflow/example_dags/example_dynamic_task_mapping.py
[2025-01-22T13:13:34.259+0000] {processor.py:925} INFO - DAG(s) 'example_dynamic_task_mapping' retrieved from /usr/local/python/3.12.1/lib/python3.12/site-packages/airflow/example_dags/example_dynamic_task_mapping.py
[2025-01-22T13:13:34.269+0000] {logging_mixin.py:190} INFO - [2025-01-22T13:13:34.269+0000] {dag.py:3239} INFO - Sync 1 DAGs
[2025-01-22T13:13:34.278+0000] {logging_mixin.py:190} INFO - [2025-01-22T13:13:34.278+0000] {dag.py:4180} INFO - Setting next_dagrun for example_dynamic_task_mapping to None, run_after=None
[2025-01-22T13:13:34.292+0000] {processor.py:208} INFO - Processing /usr/local/python/3.12.1/lib/python3.12/site-packages/airflow/example_dags/example_dynamic_task_mapping.py took 0.046 seconds
[2025-01-22T13:14:28.105+0000] {processor.py:186} INFO - Started process (PID=17189) to work on /usr/local/python/3.12.1/lib/python3.12/site-packages/airflow/example_dags/example_dynamic_task_mapping.py
[2025-01-22T13:14:28.105+0000] {processor.py:914} INFO - Processing file /usr/local/python/3.12.1/lib/python3.12/site-packages/airflow/example_dags/example_dynamic_task_mapping.py for tasks to queue
[2025-01-22T13:14:28.107+0000] {logging_mixin.py:190} INFO - [2025-01-22T13:14:28.107+0000] {dagbag.py:588} INFO - Filling up the DagBag from /usr/local/python/3.12.1/lib/python3.12/site-packages/airflow/example_dags/example_dynamic_task_mapping.py
[2025-01-22T13:14:28.113+0000] {processor.py:925} INFO - DAG(s) 'example_dynamic_task_mapping' retrieved from /usr/local/python/3.12.1/lib/python3.12/site-packages/airflow/example_dags/example_dynamic_task_mapping.py
[2025-01-22T13:14:28.123+0000] {logging_mixin.py:190} INFO - [2025-01-22T13:14:28.123+0000] {dag.py:3239} INFO - Sync 1 DAGs
[2025-01-22T13:14:28.132+0000] {logging_mixin.py:190} INFO - [2025-01-22T13:14:28.132+0000] {dag.py:4180} INFO - Setting next_dagrun for example_dynamic_task_mapping to None, run_after=None
[2025-01-22T13:14:28.146+0000] {processor.py:208} INFO - Processing /usr/local/python/3.12.1/lib/python3.12/site-packages/airflow/example_dags/example_dynamic_task_mapping.py took 0.045 seconds
[2025-01-22T13:15:19.495+0000] {processor.py:186} INFO - Started process (PID=17557) to work on /usr/local/python/3.12.1/lib/python3.12/site-packages/airflow/example_dags/example_dynamic_task_mapping.py
[2025-01-22T13:15:19.496+0000] {processor.py:914} INFO - Processing file /usr/local/python/3.12.1/lib/python3.12/site-packages/airflow/example_dags/example_dynamic_task_mapping.py for tasks to queue
[2025-01-22T13:15:19.498+0000] {logging_mixin.py:190} INFO - [2025-01-22T13:15:19.497+0000] {dagbag.py:588} INFO - Filling up the DagBag from /usr/local/python/3.12.1/lib/python3.12/site-packages/airflow/example_dags/example_dynamic_task_mapping.py
[2025-01-22T13:15:19.504+0000] {processor.py:925} INFO - DAG(s) 'example_dynamic_task_mapping' retrieved from /usr/local/python/3.12.1/lib/python3.12/site-packages/airflow/example_dags/example_dynamic_task_mapping.py
[2025-01-22T13:15:19.514+0000] {logging_mixin.py:190} INFO - [2025-01-22T13:15:19.514+0000] {dag.py:3239} INFO - Sync 1 DAGs
[2025-01-22T13:15:19.523+0000] {logging_mixin.py:190} INFO - [2025-01-22T13:15:19.523+0000] {dag.py:4180} INFO - Setting next_dagrun for example_dynamic_task_mapping to None, run_after=None
[2025-01-22T13:15:19.537+0000] {processor.py:208} INFO - Processing /usr/local/python/3.12.1/lib/python3.12/site-packages/airflow/example_dags/example_dynamic_task_mapping.py took 0.046 seconds
[2025-01-22T13:16:07.860+0000] {processor.py:186} INFO - Started process (PID=17963) to work on /usr/local/python/3.12.1/lib/python3.12/site-packages/airflow/example_dags/example_dynamic_task_mapping.py
[2025-01-22T13:16:07.861+0000] {processor.py:914} INFO - Processing file /usr/local/python/3.12.1/lib/python3.12/site-packages/airflow/example_dags/example_dynamic_task_mapping.py for tasks to queue
[2025-01-22T13:16:07.862+0000] {logging_mixin.py:190} INFO - [2025-01-22T13:16:07.862+0000] {dagbag.py:588} INFO - Filling up the DagBag from /usr/local/python/3.12.1/lib/python3.12/site-packages/airflow/example_dags/example_dynamic_task_mapping.py
[2025-01-22T13:16:07.869+0000] {processor.py:925} INFO - DAG(s) 'example_dynamic_task_mapping' retrieved from /usr/local/python/3.12.1/lib/python3.12/site-packages/airflow/example_dags/example_dynamic_task_mapping.py
[2025-01-22T13:16:07.879+0000] {logging_mixin.py:190} INFO - [2025-01-22T13:16:07.879+0000] {dag.py:3239} INFO - Sync 1 DAGs
[2025-01-22T13:16:07.888+0000] {logging_mixin.py:190} INFO - [2025-01-22T13:16:07.888+0000] {dag.py:4180} INFO - Setting next_dagrun for example_dynamic_task_mapping to None, run_after=None
[2025-01-22T13:16:07.903+0000] {processor.py:208} INFO - Processing /usr/local/python/3.12.1/lib/python3.12/site-packages/airflow/example_dags/example_dynamic_task_mapping.py took 0.046 seconds
[2025-01-22T13:17:00.813+0000] {processor.py:186} INFO - Started process (PID=18398) to work on /usr/local/python/3.12.1/lib/python3.12/site-packages/airflow/example_dags/example_dynamic_task_mapping.py
[2025-01-22T13:17:00.814+0000] {processor.py:914} INFO - Processing file /usr/local/python/3.12.1/lib/python3.12/site-packages/airflow/example_dags/example_dynamic_task_mapping.py for tasks to queue
[2025-01-22T13:17:00.816+0000] {logging_mixin.py:190} INFO - [2025-01-22T13:17:00.815+0000] {dagbag.py:588} INFO - Filling up the DagBag from /usr/local/python/3.12.1/lib/python3.12/site-packages/airflow/example_dags/example_dynamic_task_mapping.py
[2025-01-22T13:17:00.825+0000] {processor.py:925} INFO - DAG(s) 'example_dynamic_task_mapping' retrieved from /usr/local/python/3.12.1/lib/python3.12/site-packages/airflow/example_dags/example_dynamic_task_mapping.py
[2025-01-22T13:17:00.841+0000] {logging_mixin.py:190} INFO - [2025-01-22T13:17:00.840+0000] {dag.py:3239} INFO - Sync 1 DAGs
[2025-01-22T13:17:00.856+0000] {logging_mixin.py:190} INFO - [2025-01-22T13:17:00.855+0000] {dag.py:4180} INFO - Setting next_dagrun for example_dynamic_task_mapping to None, run_after=None
[2025-01-22T13:17:00.876+0000] {processor.py:208} INFO - Processing /usr/local/python/3.12.1/lib/python3.12/site-packages/airflow/example_dags/example_dynamic_task_mapping.py took 0.069 seconds
[2025-01-22T13:17:52.918+0000] {processor.py:186} INFO - Started process (PID=18890) to work on /usr/local/python/3.12.1/lib/python3.12/site-packages/airflow/example_dags/example_dynamic_task_mapping.py
[2025-01-22T13:17:52.918+0000] {processor.py:914} INFO - Processing file /usr/local/python/3.12.1/lib/python3.12/site-packages/airflow/example_dags/example_dynamic_task_mapping.py for tasks to queue
[2025-01-22T13:17:52.920+0000] {logging_mixin.py:190} INFO - [2025-01-22T13:17:52.920+0000] {dagbag.py:588} INFO - Filling up the DagBag from /usr/local/python/3.12.1/lib/python3.12/site-packages/airflow/example_dags/example_dynamic_task_mapping.py
[2025-01-22T13:17:52.926+0000] {processor.py:925} INFO - DAG(s) 'example_dynamic_task_mapping' retrieved from /usr/local/python/3.12.1/lib/python3.12/site-packages/airflow/example_dags/example_dynamic_task_mapping.py
[2025-01-22T13:17:52.937+0000] {logging_mixin.py:190} INFO - [2025-01-22T13:17:52.937+0000] {dag.py:3239} INFO - Sync 1 DAGs
[2025-01-22T13:17:52.946+0000] {logging_mixin.py:190} INFO - [2025-01-22T13:17:52.946+0000] {dag.py:4180} INFO - Setting next_dagrun for example_dynamic_task_mapping to None, run_after=None
[2025-01-22T13:17:52.961+0000] {processor.py:208} INFO - Processing /usr/local/python/3.12.1/lib/python3.12/site-packages/airflow/example_dags/example_dynamic_task_mapping.py took 0.048 seconds
[2025-01-22T13:18:42.245+0000] {processor.py:186} INFO - Started process (PID=19371) to work on /usr/local/python/3.12.1/lib/python3.12/site-packages/airflow/example_dags/example_dynamic_task_mapping.py
[2025-01-22T13:18:42.246+0000] {processor.py:914} INFO - Processing file /usr/local/python/3.12.1/lib/python3.12/site-packages/airflow/example_dags/example_dynamic_task_mapping.py for tasks to queue
[2025-01-22T13:18:42.248+0000] {logging_mixin.py:190} INFO - [2025-01-22T13:18:42.247+0000] {dagbag.py:588} INFO - Filling up the DagBag from /usr/local/python/3.12.1/lib/python3.12/site-packages/airflow/example_dags/example_dynamic_task_mapping.py
[2025-01-22T13:18:42.254+0000] {processor.py:925} INFO - DAG(s) 'example_dynamic_task_mapping' retrieved from /usr/local/python/3.12.1/lib/python3.12/site-packages/airflow/example_dags/example_dynamic_task_mapping.py
[2025-01-22T13:18:42.264+0000] {logging_mixin.py:190} INFO - [2025-01-22T13:18:42.264+0000] {dag.py:3239} INFO - Sync 1 DAGs
[2025-01-22T13:18:42.274+0000] {logging_mixin.py:190} INFO - [2025-01-22T13:18:42.273+0000] {dag.py:4180} INFO - Setting next_dagrun for example_dynamic_task_mapping to None, run_after=None
[2025-01-22T13:18:42.288+0000] {processor.py:208} INFO - Processing /usr/local/python/3.12.1/lib/python3.12/site-packages/airflow/example_dags/example_dynamic_task_mapping.py took 0.047 seconds
[2025-01-22T13:19:30.667+0000] {processor.py:186} INFO - Started process (PID=20318) to work on /usr/local/python/3.12.1/lib/python3.12/site-packages/airflow/example_dags/example_dynamic_task_mapping.py
[2025-01-22T13:19:30.668+0000] {processor.py:914} INFO - Processing file /usr/local/python/3.12.1/lib/python3.12/site-packages/airflow/example_dags/example_dynamic_task_mapping.py for tasks to queue
[2025-01-22T13:19:30.670+0000] {logging_mixin.py:190} INFO - [2025-01-22T13:19:30.670+0000] {dagbag.py:588} INFO - Filling up the DagBag from /usr/local/python/3.12.1/lib/python3.12/site-packages/airflow/example_dags/example_dynamic_task_mapping.py
[2025-01-22T13:19:30.679+0000] {processor.py:925} INFO - DAG(s) 'example_dynamic_task_mapping' retrieved from /usr/local/python/3.12.1/lib/python3.12/site-packages/airflow/example_dags/example_dynamic_task_mapping.py
[2025-01-22T13:19:30.694+0000] {logging_mixin.py:190} INFO - [2025-01-22T13:19:30.693+0000] {dag.py:3239} INFO - Sync 1 DAGs
[2025-01-22T13:19:30.703+0000] {logging_mixin.py:190} INFO - [2025-01-22T13:19:30.703+0000] {dag.py:4180} INFO - Setting next_dagrun for example_dynamic_task_mapping to None, run_after=None
[2025-01-22T13:19:30.717+0000] {processor.py:208} INFO - Processing /usr/local/python/3.12.1/lib/python3.12/site-packages/airflow/example_dags/example_dynamic_task_mapping.py took 0.056 seconds
[2025-01-22T13:20:20.822+0000] {processor.py:186} INFO - Started process (PID=21186) to work on /usr/local/python/3.12.1/lib/python3.12/site-packages/airflow/example_dags/example_dynamic_task_mapping.py
[2025-01-22T13:20:20.823+0000] {processor.py:914} INFO - Processing file /usr/local/python/3.12.1/lib/python3.12/site-packages/airflow/example_dags/example_dynamic_task_mapping.py for tasks to queue
[2025-01-22T13:20:20.824+0000] {logging_mixin.py:190} INFO - [2025-01-22T13:20:20.824+0000] {dagbag.py:588} INFO - Filling up the DagBag from /usr/local/python/3.12.1/lib/python3.12/site-packages/airflow/example_dags/example_dynamic_task_mapping.py
[2025-01-22T13:20:20.831+0000] {processor.py:925} INFO - DAG(s) 'example_dynamic_task_mapping' retrieved from /usr/local/python/3.12.1/lib/python3.12/site-packages/airflow/example_dags/example_dynamic_task_mapping.py
[2025-01-22T13:20:20.842+0000] {logging_mixin.py:190} INFO - [2025-01-22T13:20:20.842+0000] {dag.py:3239} INFO - Sync 1 DAGs
[2025-01-22T13:20:20.852+0000] {logging_mixin.py:190} INFO - [2025-01-22T13:20:20.852+0000] {dag.py:4180} INFO - Setting next_dagrun for example_dynamic_task_mapping to None, run_after=None
[2025-01-22T13:20:20.866+0000] {processor.py:208} INFO - Processing /usr/local/python/3.12.1/lib/python3.12/site-packages/airflow/example_dags/example_dynamic_task_mapping.py took 0.053 seconds
