[2025-01-22T12:52:54.254+0000] {processor.py:186} INFO - Started process (PID=5601) to work on /usr/local/python/3.12.1/lib/python3.12/site-packages/airflow/example_dags/example_branch_python_dop_operator_3.py
[2025-01-22T12:52:54.255+0000] {processor.py:914} INFO - Processing file /usr/local/python/3.12.1/lib/python3.12/site-packages/airflow/example_dags/example_branch_python_dop_operator_3.py for tasks to queue
[2025-01-22T12:52:54.256+0000] {logging_mixin.py:190} INFO - [2025-01-22T12:52:54.256+0000] {dagbag.py:588} INFO - Filling up the DagBag from /usr/local/python/3.12.1/lib/python3.12/site-packages/airflow/example_dags/example_branch_python_dop_operator_3.py
[2025-01-22T12:52:54.263+0000] {processor.py:925} INFO - DAG(s) 'example_branch_dop_operator_v3' retrieved from /usr/local/python/3.12.1/lib/python3.12/site-packages/airflow/example_dags/example_branch_python_dop_operator_3.py
[2025-01-22T12:52:54.372+0000] {logging_mixin.py:190} INFO - [2025-01-22T12:52:54.371+0000] {override.py:1911} INFO - Created Permission View: can delete on DAG:example_branch_dop_operator_v3
[2025-01-22T12:52:54.379+0000] {logging_mixin.py:190} INFO - [2025-01-22T12:52:54.379+0000] {override.py:1911} INFO - Created Permission View: can edit on DAG:example_branch_dop_operator_v3
[2025-01-22T12:52:54.384+0000] {logging_mixin.py:190} INFO - [2025-01-22T12:52:54.384+0000] {override.py:1911} INFO - Created Permission View: can read on DAG:example_branch_dop_operator_v3
[2025-01-22T12:52:54.391+0000] {logging_mixin.py:190} INFO - [2025-01-22T12:52:54.391+0000] {override.py:1911} INFO - Created Permission View: can create on DAG Run:example_branch_dop_operator_v3
[2025-01-22T12:52:54.396+0000] {logging_mixin.py:190} INFO - [2025-01-22T12:52:54.395+0000] {override.py:1911} INFO - Created Permission View: can read on DAG Run:example_branch_dop_operator_v3
[2025-01-22T12:52:54.400+0000] {logging_mixin.py:190} INFO - [2025-01-22T12:52:54.400+0000] {override.py:1911} INFO - Created Permission View: menu access on DAG Run:example_branch_dop_operator_v3
[2025-01-22T12:52:54.405+0000] {logging_mixin.py:190} INFO - [2025-01-22T12:52:54.405+0000] {override.py:1911} INFO - Created Permission View: can delete on DAG Run:example_branch_dop_operator_v3
[2025-01-22T12:52:54.405+0000] {logging_mixin.py:190} INFO - [2025-01-22T12:52:54.405+0000] {dag.py:3239} INFO - Sync 1 DAGs
[2025-01-22T12:52:54.414+0000] {logging_mixin.py:190} INFO - [2025-01-22T12:52:54.414+0000] {dag.py:3262} INFO - Creating ORM DAG for example_branch_dop_operator_v3
[2025-01-22T12:52:54.423+0000] {logging_mixin.py:190} INFO - [2025-01-22T12:52:54.423+0000] {dag.py:4180} INFO - Setting next_dagrun for example_branch_dop_operator_v3 to 2025-01-22 12:51:00+00:00, run_after=2025-01-22 12:52:00+00:00
[2025-01-22T12:52:54.437+0000] {processor.py:208} INFO - Processing /usr/local/python/3.12.1/lib/python3.12/site-packages/airflow/example_dags/example_branch_python_dop_operator_3.py took 0.187 seconds
[2025-01-22T12:53:52.545+0000] {processor.py:186} INFO - Started process (PID=6495) to work on /usr/local/python/3.12.1/lib/python3.12/site-packages/airflow/example_dags/example_branch_python_dop_operator_3.py
[2025-01-22T12:53:52.546+0000] {processor.py:914} INFO - Processing file /usr/local/python/3.12.1/lib/python3.12/site-packages/airflow/example_dags/example_branch_python_dop_operator_3.py for tasks to queue
[2025-01-22T12:53:52.547+0000] {logging_mixin.py:190} INFO - [2025-01-22T12:53:52.547+0000] {dagbag.py:588} INFO - Filling up the DagBag from /usr/local/python/3.12.1/lib/python3.12/site-packages/airflow/example_dags/example_branch_python_dop_operator_3.py
[2025-01-22T12:53:52.555+0000] {processor.py:925} INFO - DAG(s) 'example_branch_dop_operator_v3' retrieved from /usr/local/python/3.12.1/lib/python3.12/site-packages/airflow/example_dags/example_branch_python_dop_operator_3.py
[2025-01-22T12:53:52.566+0000] {logging_mixin.py:190} INFO - [2025-01-22T12:53:52.566+0000] {dag.py:3239} INFO - Sync 1 DAGs
[2025-01-22T12:53:52.583+0000] {logging_mixin.py:190} INFO - [2025-01-22T12:53:52.583+0000] {dag.py:4180} INFO - Setting next_dagrun for example_branch_dop_operator_v3 to 2025-01-22 12:52:00+00:00, run_after=2025-01-22 12:53:00+00:00
[2025-01-22T12:53:52.597+0000] {processor.py:208} INFO - Processing /usr/local/python/3.12.1/lib/python3.12/site-packages/airflow/example_dags/example_branch_python_dop_operator_3.py took 0.056 seconds
[2025-01-22T12:54:48.355+0000] {processor.py:186} INFO - Started process (PID=7121) to work on /usr/local/python/3.12.1/lib/python3.12/site-packages/airflow/example_dags/example_branch_python_dop_operator_3.py
[2025-01-22T12:54:48.356+0000] {processor.py:914} INFO - Processing file /usr/local/python/3.12.1/lib/python3.12/site-packages/airflow/example_dags/example_branch_python_dop_operator_3.py for tasks to queue
[2025-01-22T12:54:48.357+0000] {logging_mixin.py:190} INFO - [2025-01-22T12:54:48.357+0000] {dagbag.py:588} INFO - Filling up the DagBag from /usr/local/python/3.12.1/lib/python3.12/site-packages/airflow/example_dags/example_branch_python_dop_operator_3.py
[2025-01-22T12:54:48.365+0000] {processor.py:925} INFO - DAG(s) 'example_branch_dop_operator_v3' retrieved from /usr/local/python/3.12.1/lib/python3.12/site-packages/airflow/example_dags/example_branch_python_dop_operator_3.py
[2025-01-22T12:54:48.376+0000] {logging_mixin.py:190} INFO - [2025-01-22T12:54:48.376+0000] {dag.py:3239} INFO - Sync 1 DAGs
[2025-01-22T12:54:48.392+0000] {logging_mixin.py:190} INFO - [2025-01-22T12:54:48.392+0000] {dag.py:4180} INFO - Setting next_dagrun for example_branch_dop_operator_v3 to 2025-01-22 12:53:00+00:00, run_after=2025-01-22 12:54:00+00:00
[2025-01-22T12:54:48.406+0000] {processor.py:208} INFO - Processing /usr/local/python/3.12.1/lib/python3.12/site-packages/airflow/example_dags/example_branch_python_dop_operator_3.py took 0.055 seconds
[2025-01-22T12:55:42.297+0000] {processor.py:186} INFO - Started process (PID=7636) to work on /usr/local/python/3.12.1/lib/python3.12/site-packages/airflow/example_dags/example_branch_python_dop_operator_3.py
[2025-01-22T12:55:42.298+0000] {processor.py:914} INFO - Processing file /usr/local/python/3.12.1/lib/python3.12/site-packages/airflow/example_dags/example_branch_python_dop_operator_3.py for tasks to queue
[2025-01-22T12:55:42.299+0000] {logging_mixin.py:190} INFO - [2025-01-22T12:55:42.299+0000] {dagbag.py:588} INFO - Filling up the DagBag from /usr/local/python/3.12.1/lib/python3.12/site-packages/airflow/example_dags/example_branch_python_dop_operator_3.py
[2025-01-22T12:55:42.306+0000] {processor.py:925} INFO - DAG(s) 'example_branch_dop_operator_v3' retrieved from /usr/local/python/3.12.1/lib/python3.12/site-packages/airflow/example_dags/example_branch_python_dop_operator_3.py
[2025-01-22T12:55:42.317+0000] {logging_mixin.py:190} INFO - [2025-01-22T12:55:42.317+0000] {dag.py:3239} INFO - Sync 1 DAGs
[2025-01-22T12:55:42.334+0000] {logging_mixin.py:190} INFO - [2025-01-22T12:55:42.334+0000] {dag.py:4180} INFO - Setting next_dagrun for example_branch_dop_operator_v3 to 2025-01-22 12:54:00+00:00, run_after=2025-01-22 12:55:00+00:00
[2025-01-22T12:55:42.348+0000] {processor.py:208} INFO - Processing /usr/local/python/3.12.1/lib/python3.12/site-packages/airflow/example_dags/example_branch_python_dop_operator_3.py took 0.055 seconds
[2025-01-22T12:56:34.111+0000] {processor.py:186} INFO - Started process (PID=8053) to work on /usr/local/python/3.12.1/lib/python3.12/site-packages/airflow/example_dags/example_branch_python_dop_operator_3.py
[2025-01-22T12:56:34.111+0000] {processor.py:914} INFO - Processing file /usr/local/python/3.12.1/lib/python3.12/site-packages/airflow/example_dags/example_branch_python_dop_operator_3.py for tasks to queue
[2025-01-22T12:56:34.113+0000] {logging_mixin.py:190} INFO - [2025-01-22T12:56:34.112+0000] {dagbag.py:588} INFO - Filling up the DagBag from /usr/local/python/3.12.1/lib/python3.12/site-packages/airflow/example_dags/example_branch_python_dop_operator_3.py
[2025-01-22T12:56:34.120+0000] {processor.py:925} INFO - DAG(s) 'example_branch_dop_operator_v3' retrieved from /usr/local/python/3.12.1/lib/python3.12/site-packages/airflow/example_dags/example_branch_python_dop_operator_3.py
[2025-01-22T12:56:34.131+0000] {logging_mixin.py:190} INFO - [2025-01-22T12:56:34.131+0000] {dag.py:3239} INFO - Sync 1 DAGs
[2025-01-22T12:56:34.148+0000] {logging_mixin.py:190} INFO - [2025-01-22T12:56:34.148+0000] {dag.py:4180} INFO - Setting next_dagrun for example_branch_dop_operator_v3 to 2025-01-22 12:55:00+00:00, run_after=2025-01-22 12:56:00+00:00
[2025-01-22T12:56:34.162+0000] {processor.py:208} INFO - Processing /usr/local/python/3.12.1/lib/python3.12/site-packages/airflow/example_dags/example_branch_python_dop_operator_3.py took 0.055 seconds
[2025-01-22T12:57:24.665+0000] {processor.py:186} INFO - Started process (PID=8475) to work on /usr/local/python/3.12.1/lib/python3.12/site-packages/airflow/example_dags/example_branch_python_dop_operator_3.py
[2025-01-22T12:57:24.666+0000] {processor.py:914} INFO - Processing file /usr/local/python/3.12.1/lib/python3.12/site-packages/airflow/example_dags/example_branch_python_dop_operator_3.py for tasks to queue
[2025-01-22T12:57:24.668+0000] {logging_mixin.py:190} INFO - [2025-01-22T12:57:24.667+0000] {dagbag.py:588} INFO - Filling up the DagBag from /usr/local/python/3.12.1/lib/python3.12/site-packages/airflow/example_dags/example_branch_python_dop_operator_3.py
[2025-01-22T12:57:24.675+0000] {processor.py:925} INFO - DAG(s) 'example_branch_dop_operator_v3' retrieved from /usr/local/python/3.12.1/lib/python3.12/site-packages/airflow/example_dags/example_branch_python_dop_operator_3.py
[2025-01-22T12:57:24.686+0000] {logging_mixin.py:190} INFO - [2025-01-22T12:57:24.686+0000] {dag.py:3239} INFO - Sync 1 DAGs
[2025-01-22T12:57:24.702+0000] {logging_mixin.py:190} INFO - [2025-01-22T12:57:24.702+0000] {dag.py:4180} INFO - Setting next_dagrun for example_branch_dop_operator_v3 to 2025-01-22 12:56:00+00:00, run_after=2025-01-22 12:57:00+00:00
[2025-01-22T12:57:24.717+0000] {processor.py:208} INFO - Processing /usr/local/python/3.12.1/lib/python3.12/site-packages/airflow/example_dags/example_branch_python_dop_operator_3.py took 0.057 seconds
[2025-01-22T12:58:17.597+0000] {processor.py:186} INFO - Started process (PID=8905) to work on /usr/local/python/3.12.1/lib/python3.12/site-packages/airflow/example_dags/example_branch_python_dop_operator_3.py
[2025-01-22T12:58:17.598+0000] {processor.py:914} INFO - Processing file /usr/local/python/3.12.1/lib/python3.12/site-packages/airflow/example_dags/example_branch_python_dop_operator_3.py for tasks to queue
[2025-01-22T12:58:17.599+0000] {logging_mixin.py:190} INFO - [2025-01-22T12:58:17.599+0000] {dagbag.py:588} INFO - Filling up the DagBag from /usr/local/python/3.12.1/lib/python3.12/site-packages/airflow/example_dags/example_branch_python_dop_operator_3.py
[2025-01-22T12:58:17.607+0000] {processor.py:925} INFO - DAG(s) 'example_branch_dop_operator_v3' retrieved from /usr/local/python/3.12.1/lib/python3.12/site-packages/airflow/example_dags/example_branch_python_dop_operator_3.py
[2025-01-22T12:58:17.617+0000] {logging_mixin.py:190} INFO - [2025-01-22T12:58:17.617+0000] {dag.py:3239} INFO - Sync 1 DAGs
[2025-01-22T12:58:17.633+0000] {logging_mixin.py:190} INFO - [2025-01-22T12:58:17.633+0000] {dag.py:4180} INFO - Setting next_dagrun for example_branch_dop_operator_v3 to 2025-01-22 12:57:00+00:00, run_after=2025-01-22 12:58:00+00:00
[2025-01-22T12:58:17.647+0000] {processor.py:208} INFO - Processing /usr/local/python/3.12.1/lib/python3.12/site-packages/airflow/example_dags/example_branch_python_dop_operator_3.py took 0.054 seconds
[2025-01-22T12:59:07.952+0000] {processor.py:186} INFO - Started process (PID=9329) to work on /usr/local/python/3.12.1/lib/python3.12/site-packages/airflow/example_dags/example_branch_python_dop_operator_3.py
[2025-01-22T12:59:07.953+0000] {processor.py:914} INFO - Processing file /usr/local/python/3.12.1/lib/python3.12/site-packages/airflow/example_dags/example_branch_python_dop_operator_3.py for tasks to queue
[2025-01-22T12:59:07.954+0000] {logging_mixin.py:190} INFO - [2025-01-22T12:59:07.954+0000] {dagbag.py:588} INFO - Filling up the DagBag from /usr/local/python/3.12.1/lib/python3.12/site-packages/airflow/example_dags/example_branch_python_dop_operator_3.py
[2025-01-22T12:59:07.962+0000] {processor.py:925} INFO - DAG(s) 'example_branch_dop_operator_v3' retrieved from /usr/local/python/3.12.1/lib/python3.12/site-packages/airflow/example_dags/example_branch_python_dop_operator_3.py
[2025-01-22T12:59:07.973+0000] {logging_mixin.py:190} INFO - [2025-01-22T12:59:07.973+0000] {dag.py:3239} INFO - Sync 1 DAGs
[2025-01-22T12:59:07.989+0000] {logging_mixin.py:190} INFO - [2025-01-22T12:59:07.989+0000] {dag.py:4180} INFO - Setting next_dagrun for example_branch_dop_operator_v3 to 2025-01-22 12:58:00+00:00, run_after=2025-01-22 12:59:00+00:00
[2025-01-22T12:59:08.004+0000] {processor.py:208} INFO - Processing /usr/local/python/3.12.1/lib/python3.12/site-packages/airflow/example_dags/example_branch_python_dop_operator_3.py took 0.056 seconds
[2025-01-22T13:00:00.290+0000] {processor.py:186} INFO - Started process (PID=9752) to work on /usr/local/python/3.12.1/lib/python3.12/site-packages/airflow/example_dags/example_branch_python_dop_operator_3.py
[2025-01-22T13:00:00.290+0000] {processor.py:914} INFO - Processing file /usr/local/python/3.12.1/lib/python3.12/site-packages/airflow/example_dags/example_branch_python_dop_operator_3.py for tasks to queue
[2025-01-22T13:00:00.292+0000] {logging_mixin.py:190} INFO - [2025-01-22T13:00:00.291+0000] {dagbag.py:588} INFO - Filling up the DagBag from /usr/local/python/3.12.1/lib/python3.12/site-packages/airflow/example_dags/example_branch_python_dop_operator_3.py
[2025-01-22T13:00:00.299+0000] {processor.py:925} INFO - DAG(s) 'example_branch_dop_operator_v3' retrieved from /usr/local/python/3.12.1/lib/python3.12/site-packages/airflow/example_dags/example_branch_python_dop_operator_3.py
[2025-01-22T13:00:00.310+0000] {logging_mixin.py:190} INFO - [2025-01-22T13:00:00.310+0000] {dag.py:3239} INFO - Sync 1 DAGs
[2025-01-22T13:00:00.327+0000] {logging_mixin.py:190} INFO - [2025-01-22T13:00:00.327+0000] {dag.py:4180} INFO - Setting next_dagrun for example_branch_dop_operator_v3 to 2025-01-22 12:59:00+00:00, run_after=2025-01-22 13:00:00+00:00
[2025-01-22T13:00:00.342+0000] {processor.py:208} INFO - Processing /usr/local/python/3.12.1/lib/python3.12/site-packages/airflow/example_dags/example_branch_python_dop_operator_3.py took 0.057 seconds
[2025-01-22T13:00:51.700+0000] {processor.py:186} INFO - Started process (PID=10176) to work on /usr/local/python/3.12.1/lib/python3.12/site-packages/airflow/example_dags/example_branch_python_dop_operator_3.py
[2025-01-22T13:00:51.703+0000] {processor.py:914} INFO - Processing file /usr/local/python/3.12.1/lib/python3.12/site-packages/airflow/example_dags/example_branch_python_dop_operator_3.py for tasks to queue
[2025-01-22T13:00:51.705+0000] {logging_mixin.py:190} INFO - [2025-01-22T13:00:51.705+0000] {dagbag.py:588} INFO - Filling up the DagBag from /usr/local/python/3.12.1/lib/python3.12/site-packages/airflow/example_dags/example_branch_python_dop_operator_3.py
[2025-01-22T13:00:51.716+0000] {processor.py:925} INFO - DAG(s) 'example_branch_dop_operator_v3' retrieved from /usr/local/python/3.12.1/lib/python3.12/site-packages/airflow/example_dags/example_branch_python_dop_operator_3.py
[2025-01-22T13:00:51.731+0000] {logging_mixin.py:190} INFO - [2025-01-22T13:00:51.731+0000] {dag.py:3239} INFO - Sync 1 DAGs
[2025-01-22T13:00:51.748+0000] {logging_mixin.py:190} INFO - [2025-01-22T13:00:51.748+0000] {dag.py:4180} INFO - Setting next_dagrun for example_branch_dop_operator_v3 to 2025-01-22 12:59:00+00:00, run_after=2025-01-22 13:00:00+00:00
[2025-01-22T13:00:51.761+0000] {processor.py:208} INFO - Processing /usr/local/python/3.12.1/lib/python3.12/site-packages/airflow/example_dags/example_branch_python_dop_operator_3.py took 0.068 seconds
[2025-01-22T13:01:44.104+0000] {processor.py:186} INFO - Started process (PID=10608) to work on /usr/local/python/3.12.1/lib/python3.12/site-packages/airflow/example_dags/example_branch_python_dop_operator_3.py
[2025-01-22T13:01:44.105+0000] {processor.py:914} INFO - Processing file /usr/local/python/3.12.1/lib/python3.12/site-packages/airflow/example_dags/example_branch_python_dop_operator_3.py for tasks to queue
[2025-01-22T13:01:44.106+0000] {logging_mixin.py:190} INFO - [2025-01-22T13:01:44.106+0000] {dagbag.py:588} INFO - Filling up the DagBag from /usr/local/python/3.12.1/lib/python3.12/site-packages/airflow/example_dags/example_branch_python_dop_operator_3.py
[2025-01-22T13:01:44.114+0000] {processor.py:925} INFO - DAG(s) 'example_branch_dop_operator_v3' retrieved from /usr/local/python/3.12.1/lib/python3.12/site-packages/airflow/example_dags/example_branch_python_dop_operator_3.py
[2025-01-22T13:01:44.125+0000] {logging_mixin.py:190} INFO - [2025-01-22T13:01:44.124+0000] {dag.py:3239} INFO - Sync 1 DAGs
[2025-01-22T13:01:44.141+0000] {logging_mixin.py:190} INFO - [2025-01-22T13:01:44.141+0000] {dag.py:4180} INFO - Setting next_dagrun for example_branch_dop_operator_v3 to 2025-01-22 13:00:00+00:00, run_after=2025-01-22 13:01:00+00:00
[2025-01-22T13:01:44.156+0000] {processor.py:208} INFO - Processing /usr/local/python/3.12.1/lib/python3.12/site-packages/airflow/example_dags/example_branch_python_dop_operator_3.py took 0.056 seconds
[2025-01-22T13:02:34.322+0000] {processor.py:186} INFO - Started process (PID=11088) to work on /usr/local/python/3.12.1/lib/python3.12/site-packages/airflow/example_dags/example_branch_python_dop_operator_3.py
[2025-01-22T13:02:34.323+0000] {processor.py:914} INFO - Processing file /usr/local/python/3.12.1/lib/python3.12/site-packages/airflow/example_dags/example_branch_python_dop_operator_3.py for tasks to queue
[2025-01-22T13:02:34.324+0000] {logging_mixin.py:190} INFO - [2025-01-22T13:02:34.324+0000] {dagbag.py:588} INFO - Filling up the DagBag from /usr/local/python/3.12.1/lib/python3.12/site-packages/airflow/example_dags/example_branch_python_dop_operator_3.py
[2025-01-22T13:02:34.332+0000] {processor.py:925} INFO - DAG(s) 'example_branch_dop_operator_v3' retrieved from /usr/local/python/3.12.1/lib/python3.12/site-packages/airflow/example_dags/example_branch_python_dop_operator_3.py
[2025-01-22T13:02:34.343+0000] {logging_mixin.py:190} INFO - [2025-01-22T13:02:34.343+0000] {dag.py:3239} INFO - Sync 1 DAGs
[2025-01-22T13:02:34.359+0000] {logging_mixin.py:190} INFO - [2025-01-22T13:02:34.359+0000] {dag.py:4180} INFO - Setting next_dagrun for example_branch_dop_operator_v3 to 2025-01-22 13:01:00+00:00, run_after=2025-01-22 13:02:00+00:00
[2025-01-22T13:02:34.374+0000] {processor.py:208} INFO - Processing /usr/local/python/3.12.1/lib/python3.12/site-packages/airflow/example_dags/example_branch_python_dop_operator_3.py took 0.056 seconds
[2025-01-22T13:03:23.393+0000] {processor.py:186} INFO - Started process (PID=11505) to work on /usr/local/python/3.12.1/lib/python3.12/site-packages/airflow/example_dags/example_branch_python_dop_operator_3.py
[2025-01-22T13:03:23.394+0000] {processor.py:914} INFO - Processing file /usr/local/python/3.12.1/lib/python3.12/site-packages/airflow/example_dags/example_branch_python_dop_operator_3.py for tasks to queue
[2025-01-22T13:03:23.395+0000] {logging_mixin.py:190} INFO - [2025-01-22T13:03:23.395+0000] {dagbag.py:588} INFO - Filling up the DagBag from /usr/local/python/3.12.1/lib/python3.12/site-packages/airflow/example_dags/example_branch_python_dop_operator_3.py
[2025-01-22T13:03:23.403+0000] {processor.py:925} INFO - DAG(s) 'example_branch_dop_operator_v3' retrieved from /usr/local/python/3.12.1/lib/python3.12/site-packages/airflow/example_dags/example_branch_python_dop_operator_3.py
[2025-01-22T13:03:23.413+0000] {logging_mixin.py:190} INFO - [2025-01-22T13:03:23.413+0000] {dag.py:3239} INFO - Sync 1 DAGs
[2025-01-22T13:03:23.430+0000] {logging_mixin.py:190} INFO - [2025-01-22T13:03:23.430+0000] {dag.py:4180} INFO - Setting next_dagrun for example_branch_dop_operator_v3 to 2025-01-22 13:02:00+00:00, run_after=2025-01-22 13:03:00+00:00
[2025-01-22T13:03:23.444+0000] {processor.py:208} INFO - Processing /usr/local/python/3.12.1/lib/python3.12/site-packages/airflow/example_dags/example_branch_python_dop_operator_3.py took 0.055 seconds
[2025-01-22T13:04:15.885+0000] {processor.py:186} INFO - Started process (PID=11877) to work on /usr/local/python/3.12.1/lib/python3.12/site-packages/airflow/example_dags/example_branch_python_dop_operator_3.py
[2025-01-22T13:04:15.886+0000] {processor.py:914} INFO - Processing file /usr/local/python/3.12.1/lib/python3.12/site-packages/airflow/example_dags/example_branch_python_dop_operator_3.py for tasks to queue
[2025-01-22T13:04:15.888+0000] {logging_mixin.py:190} INFO - [2025-01-22T13:04:15.887+0000] {dagbag.py:588} INFO - Filling up the DagBag from /usr/local/python/3.12.1/lib/python3.12/site-packages/airflow/example_dags/example_branch_python_dop_operator_3.py
[2025-01-22T13:04:15.896+0000] {processor.py:925} INFO - DAG(s) 'example_branch_dop_operator_v3' retrieved from /usr/local/python/3.12.1/lib/python3.12/site-packages/airflow/example_dags/example_branch_python_dop_operator_3.py
[2025-01-22T13:04:15.907+0000] {logging_mixin.py:190} INFO - [2025-01-22T13:04:15.907+0000] {dag.py:3239} INFO - Sync 1 DAGs
[2025-01-22T13:04:15.924+0000] {logging_mixin.py:190} INFO - [2025-01-22T13:04:15.923+0000] {dag.py:4180} INFO - Setting next_dagrun for example_branch_dop_operator_v3 to 2025-01-22 13:03:00+00:00, run_after=2025-01-22 13:04:00+00:00
[2025-01-22T13:04:15.939+0000] {processor.py:208} INFO - Processing /usr/local/python/3.12.1/lib/python3.12/site-packages/airflow/example_dags/example_branch_python_dop_operator_3.py took 0.057 seconds
[2025-01-22T13:05:07.155+0000] {processor.py:186} INFO - Started process (PID=12300) to work on /usr/local/python/3.12.1/lib/python3.12/site-packages/airflow/example_dags/example_branch_python_dop_operator_3.py
[2025-01-22T13:05:07.155+0000] {processor.py:914} INFO - Processing file /usr/local/python/3.12.1/lib/python3.12/site-packages/airflow/example_dags/example_branch_python_dop_operator_3.py for tasks to queue
[2025-01-22T13:05:07.157+0000] {logging_mixin.py:190} INFO - [2025-01-22T13:05:07.156+0000] {dagbag.py:588} INFO - Filling up the DagBag from /usr/local/python/3.12.1/lib/python3.12/site-packages/airflow/example_dags/example_branch_python_dop_operator_3.py
[2025-01-22T13:05:07.165+0000] {processor.py:925} INFO - DAG(s) 'example_branch_dop_operator_v3' retrieved from /usr/local/python/3.12.1/lib/python3.12/site-packages/airflow/example_dags/example_branch_python_dop_operator_3.py
[2025-01-22T13:05:07.175+0000] {logging_mixin.py:190} INFO - [2025-01-22T13:05:07.175+0000] {dag.py:3239} INFO - Sync 1 DAGs
[2025-01-22T13:05:07.193+0000] {logging_mixin.py:190} INFO - [2025-01-22T13:05:07.192+0000] {dag.py:4180} INFO - Setting next_dagrun for example_branch_dop_operator_v3 to 2025-01-22 13:04:00+00:00, run_after=2025-01-22 13:05:00+00:00
[2025-01-22T13:05:07.207+0000] {processor.py:208} INFO - Processing /usr/local/python/3.12.1/lib/python3.12/site-packages/airflow/example_dags/example_branch_python_dop_operator_3.py took 0.056 seconds
[2025-01-22T13:05:58.942+0000] {processor.py:186} INFO - Started process (PID=12727) to work on /usr/local/python/3.12.1/lib/python3.12/site-packages/airflow/example_dags/example_branch_python_dop_operator_3.py
[2025-01-22T13:05:58.943+0000] {processor.py:914} INFO - Processing file /usr/local/python/3.12.1/lib/python3.12/site-packages/airflow/example_dags/example_branch_python_dop_operator_3.py for tasks to queue
[2025-01-22T13:05:58.944+0000] {logging_mixin.py:190} INFO - [2025-01-22T13:05:58.944+0000] {dagbag.py:588} INFO - Filling up the DagBag from /usr/local/python/3.12.1/lib/python3.12/site-packages/airflow/example_dags/example_branch_python_dop_operator_3.py
[2025-01-22T13:05:58.952+0000] {processor.py:925} INFO - DAG(s) 'example_branch_dop_operator_v3' retrieved from /usr/local/python/3.12.1/lib/python3.12/site-packages/airflow/example_dags/example_branch_python_dop_operator_3.py
[2025-01-22T13:05:58.963+0000] {logging_mixin.py:190} INFO - [2025-01-22T13:05:58.962+0000] {dag.py:3239} INFO - Sync 1 DAGs
[2025-01-22T13:05:58.979+0000] {logging_mixin.py:190} INFO - [2025-01-22T13:05:58.979+0000] {dag.py:4180} INFO - Setting next_dagrun for example_branch_dop_operator_v3 to 2025-01-22 13:04:00+00:00, run_after=2025-01-22 13:05:00+00:00
[2025-01-22T13:05:58.993+0000] {processor.py:208} INFO - Processing /usr/local/python/3.12.1/lib/python3.12/site-packages/airflow/example_dags/example_branch_python_dop_operator_3.py took 0.055 seconds
[2025-01-22T13:06:47.048+0000] {processor.py:186} INFO - Started process (PID=13140) to work on /usr/local/python/3.12.1/lib/python3.12/site-packages/airflow/example_dags/example_branch_python_dop_operator_3.py
[2025-01-22T13:06:47.049+0000] {processor.py:914} INFO - Processing file /usr/local/python/3.12.1/lib/python3.12/site-packages/airflow/example_dags/example_branch_python_dop_operator_3.py for tasks to queue
[2025-01-22T13:06:47.050+0000] {logging_mixin.py:190} INFO - [2025-01-22T13:06:47.050+0000] {dagbag.py:588} INFO - Filling up the DagBag from /usr/local/python/3.12.1/lib/python3.12/site-packages/airflow/example_dags/example_branch_python_dop_operator_3.py
[2025-01-22T13:06:47.058+0000] {processor.py:925} INFO - DAG(s) 'example_branch_dop_operator_v3' retrieved from /usr/local/python/3.12.1/lib/python3.12/site-packages/airflow/example_dags/example_branch_python_dop_operator_3.py
[2025-01-22T13:06:47.069+0000] {logging_mixin.py:190} INFO - [2025-01-22T13:06:47.068+0000] {dag.py:3239} INFO - Sync 1 DAGs
[2025-01-22T13:06:47.086+0000] {logging_mixin.py:190} INFO - [2025-01-22T13:06:47.086+0000] {dag.py:4180} INFO - Setting next_dagrun for example_branch_dop_operator_v3 to 2025-01-22 13:05:00+00:00, run_after=2025-01-22 13:06:00+00:00
[2025-01-22T13:06:47.101+0000] {processor.py:208} INFO - Processing /usr/local/python/3.12.1/lib/python3.12/site-packages/airflow/example_dags/example_branch_python_dop_operator_3.py took 0.057 seconds
[2025-01-22T13:07:33.854+0000] {processor.py:186} INFO - Started process (PID=13536) to work on /usr/local/python/3.12.1/lib/python3.12/site-packages/airflow/example_dags/example_branch_python_dop_operator_3.py
[2025-01-22T13:07:33.855+0000] {processor.py:914} INFO - Processing file /usr/local/python/3.12.1/lib/python3.12/site-packages/airflow/example_dags/example_branch_python_dop_operator_3.py for tasks to queue
[2025-01-22T13:07:33.856+0000] {logging_mixin.py:190} INFO - [2025-01-22T13:07:33.856+0000] {dagbag.py:588} INFO - Filling up the DagBag from /usr/local/python/3.12.1/lib/python3.12/site-packages/airflow/example_dags/example_branch_python_dop_operator_3.py
[2025-01-22T13:07:33.864+0000] {processor.py:925} INFO - DAG(s) 'example_branch_dop_operator_v3' retrieved from /usr/local/python/3.12.1/lib/python3.12/site-packages/airflow/example_dags/example_branch_python_dop_operator_3.py
[2025-01-22T13:07:33.874+0000] {logging_mixin.py:190} INFO - [2025-01-22T13:07:33.874+0000] {dag.py:3239} INFO - Sync 1 DAGs
[2025-01-22T13:07:33.891+0000] {logging_mixin.py:190} INFO - [2025-01-22T13:07:33.891+0000] {dag.py:4180} INFO - Setting next_dagrun for example_branch_dop_operator_v3 to 2025-01-22 13:06:00+00:00, run_after=2025-01-22 13:07:00+00:00
[2025-01-22T13:07:33.907+0000] {processor.py:208} INFO - Processing /usr/local/python/3.12.1/lib/python3.12/site-packages/airflow/example_dags/example_branch_python_dop_operator_3.py took 0.056 seconds
[2025-01-22T13:08:27.126+0000] {processor.py:186} INFO - Started process (PID=14220) to work on /usr/local/python/3.12.1/lib/python3.12/site-packages/airflow/example_dags/example_branch_python_dop_operator_3.py
[2025-01-22T13:08:27.127+0000] {processor.py:914} INFO - Processing file /usr/local/python/3.12.1/lib/python3.12/site-packages/airflow/example_dags/example_branch_python_dop_operator_3.py for tasks to queue
[2025-01-22T13:08:27.129+0000] {logging_mixin.py:190} INFO - [2025-01-22T13:08:27.128+0000] {dagbag.py:588} INFO - Filling up the DagBag from /usr/local/python/3.12.1/lib/python3.12/site-packages/airflow/example_dags/example_branch_python_dop_operator_3.py
[2025-01-22T13:08:27.136+0000] {processor.py:925} INFO - DAG(s) 'example_branch_dop_operator_v3' retrieved from /usr/local/python/3.12.1/lib/python3.12/site-packages/airflow/example_dags/example_branch_python_dop_operator_3.py
[2025-01-22T13:08:27.147+0000] {logging_mixin.py:190} INFO - [2025-01-22T13:08:27.146+0000] {dag.py:3239} INFO - Sync 1 DAGs
[2025-01-22T13:08:27.163+0000] {logging_mixin.py:190} INFO - [2025-01-22T13:08:27.163+0000] {dag.py:4180} INFO - Setting next_dagrun for example_branch_dop_operator_v3 to 2025-01-22 13:07:00+00:00, run_after=2025-01-22 13:08:00+00:00
[2025-01-22T13:08:27.178+0000] {processor.py:208} INFO - Processing /usr/local/python/3.12.1/lib/python3.12/site-packages/airflow/example_dags/example_branch_python_dop_operator_3.py took 0.055 seconds
[2025-01-22T13:09:20.787+0000] {processor.py:186} INFO - Started process (PID=14600) to work on /usr/local/python/3.12.1/lib/python3.12/site-packages/airflow/example_dags/example_branch_python_dop_operator_3.py
[2025-01-22T13:09:20.787+0000] {processor.py:914} INFO - Processing file /usr/local/python/3.12.1/lib/python3.12/site-packages/airflow/example_dags/example_branch_python_dop_operator_3.py for tasks to queue
[2025-01-22T13:09:20.789+0000] {logging_mixin.py:190} INFO - [2025-01-22T13:09:20.788+0000] {dagbag.py:588} INFO - Filling up the DagBag from /usr/local/python/3.12.1/lib/python3.12/site-packages/airflow/example_dags/example_branch_python_dop_operator_3.py
[2025-01-22T13:09:20.796+0000] {processor.py:925} INFO - DAG(s) 'example_branch_dop_operator_v3' retrieved from /usr/local/python/3.12.1/lib/python3.12/site-packages/airflow/example_dags/example_branch_python_dop_operator_3.py
[2025-01-22T13:09:20.807+0000] {logging_mixin.py:190} INFO - [2025-01-22T13:09:20.807+0000] {dag.py:3239} INFO - Sync 1 DAGs
[2025-01-22T13:09:20.823+0000] {logging_mixin.py:190} INFO - [2025-01-22T13:09:20.823+0000] {dag.py:4180} INFO - Setting next_dagrun for example_branch_dop_operator_v3 to 2025-01-22 13:08:00+00:00, run_after=2025-01-22 13:09:00+00:00
[2025-01-22T13:09:20.838+0000] {processor.py:208} INFO - Processing /usr/local/python/3.12.1/lib/python3.12/site-packages/airflow/example_dags/example_branch_python_dop_operator_3.py took 0.055 seconds
[2025-01-22T13:10:12.153+0000] {processor.py:186} INFO - Started process (PID=15021) to work on /usr/local/python/3.12.1/lib/python3.12/site-packages/airflow/example_dags/example_branch_python_dop_operator_3.py
[2025-01-22T13:10:12.153+0000] {processor.py:914} INFO - Processing file /usr/local/python/3.12.1/lib/python3.12/site-packages/airflow/example_dags/example_branch_python_dop_operator_3.py for tasks to queue
[2025-01-22T13:10:12.156+0000] {logging_mixin.py:190} INFO - [2025-01-22T13:10:12.155+0000] {dagbag.py:588} INFO - Filling up the DagBag from /usr/local/python/3.12.1/lib/python3.12/site-packages/airflow/example_dags/example_branch_python_dop_operator_3.py
[2025-01-22T13:10:12.167+0000] {processor.py:925} INFO - DAG(s) 'example_branch_dop_operator_v3' retrieved from /usr/local/python/3.12.1/lib/python3.12/site-packages/airflow/example_dags/example_branch_python_dop_operator_3.py
[2025-01-22T13:10:12.183+0000] {logging_mixin.py:190} INFO - [2025-01-22T13:10:12.182+0000] {dag.py:3239} INFO - Sync 1 DAGs
[2025-01-22T13:10:12.211+0000] {logging_mixin.py:190} INFO - [2025-01-22T13:10:12.210+0000] {dag.py:4180} INFO - Setting next_dagrun for example_branch_dop_operator_v3 to 2025-01-22 13:09:00+00:00, run_after=2025-01-22 13:10:00+00:00
[2025-01-22T13:10:12.226+0000] {processor.py:208} INFO - Processing /usr/local/python/3.12.1/lib/python3.12/site-packages/airflow/example_dags/example_branch_python_dop_operator_3.py took 0.079 seconds
[2025-01-22T13:10:59.302+0000] {processor.py:186} INFO - Started process (PID=15417) to work on /usr/local/python/3.12.1/lib/python3.12/site-packages/airflow/example_dags/example_branch_python_dop_operator_3.py
[2025-01-22T13:10:59.303+0000] {processor.py:914} INFO - Processing file /usr/local/python/3.12.1/lib/python3.12/site-packages/airflow/example_dags/example_branch_python_dop_operator_3.py for tasks to queue
[2025-01-22T13:10:59.304+0000] {logging_mixin.py:190} INFO - [2025-01-22T13:10:59.304+0000] {dagbag.py:588} INFO - Filling up the DagBag from /usr/local/python/3.12.1/lib/python3.12/site-packages/airflow/example_dags/example_branch_python_dop_operator_3.py
[2025-01-22T13:10:59.312+0000] {processor.py:925} INFO - DAG(s) 'example_branch_dop_operator_v3' retrieved from /usr/local/python/3.12.1/lib/python3.12/site-packages/airflow/example_dags/example_branch_python_dop_operator_3.py
[2025-01-22T13:10:59.322+0000] {logging_mixin.py:190} INFO - [2025-01-22T13:10:59.322+0000] {dag.py:3239} INFO - Sync 1 DAGs
[2025-01-22T13:10:59.339+0000] {logging_mixin.py:190} INFO - [2025-01-22T13:10:59.339+0000] {dag.py:4180} INFO - Setting next_dagrun for example_branch_dop_operator_v3 to 2025-01-22 13:09:00+00:00, run_after=2025-01-22 13:10:00+00:00
[2025-01-22T13:10:59.353+0000] {processor.py:208} INFO - Processing /usr/local/python/3.12.1/lib/python3.12/site-packages/airflow/example_dags/example_branch_python_dop_operator_3.py took 0.055 seconds
[2025-01-22T13:11:50.527+0000] {processor.py:186} INFO - Started process (PID=15838) to work on /usr/local/python/3.12.1/lib/python3.12/site-packages/airflow/example_dags/example_branch_python_dop_operator_3.py
[2025-01-22T13:11:50.528+0000] {processor.py:914} INFO - Processing file /usr/local/python/3.12.1/lib/python3.12/site-packages/airflow/example_dags/example_branch_python_dop_operator_3.py for tasks to queue
[2025-01-22T13:11:50.530+0000] {logging_mixin.py:190} INFO - [2025-01-22T13:11:50.529+0000] {dagbag.py:588} INFO - Filling up the DagBag from /usr/local/python/3.12.1/lib/python3.12/site-packages/airflow/example_dags/example_branch_python_dop_operator_3.py
[2025-01-22T13:11:50.537+0000] {processor.py:925} INFO - DAG(s) 'example_branch_dop_operator_v3' retrieved from /usr/local/python/3.12.1/lib/python3.12/site-packages/airflow/example_dags/example_branch_python_dop_operator_3.py
[2025-01-22T13:11:50.551+0000] {logging_mixin.py:190} INFO - [2025-01-22T13:11:50.551+0000] {dag.py:3239} INFO - Sync 1 DAGs
[2025-01-22T13:11:50.574+0000] {logging_mixin.py:190} INFO - [2025-01-22T13:11:50.574+0000] {dag.py:4180} INFO - Setting next_dagrun for example_branch_dop_operator_v3 to 2025-01-22 13:10:00+00:00, run_after=2025-01-22 13:11:00+00:00
[2025-01-22T13:11:50.589+0000] {processor.py:208} INFO - Processing /usr/local/python/3.12.1/lib/python3.12/site-packages/airflow/example_dags/example_branch_python_dop_operator_3.py took 0.065 seconds
[2025-01-22T13:12:41.295+0000] {processor.py:186} INFO - Started process (PID=16321) to work on /usr/local/python/3.12.1/lib/python3.12/site-packages/airflow/example_dags/example_branch_python_dop_operator_3.py
[2025-01-22T13:12:41.296+0000] {processor.py:914} INFO - Processing file /usr/local/python/3.12.1/lib/python3.12/site-packages/airflow/example_dags/example_branch_python_dop_operator_3.py for tasks to queue
[2025-01-22T13:12:41.298+0000] {logging_mixin.py:190} INFO - [2025-01-22T13:12:41.297+0000] {dagbag.py:588} INFO - Filling up the DagBag from /usr/local/python/3.12.1/lib/python3.12/site-packages/airflow/example_dags/example_branch_python_dop_operator_3.py
[2025-01-22T13:12:41.305+0000] {processor.py:925} INFO - DAG(s) 'example_branch_dop_operator_v3' retrieved from /usr/local/python/3.12.1/lib/python3.12/site-packages/airflow/example_dags/example_branch_python_dop_operator_3.py
[2025-01-22T13:12:41.316+0000] {logging_mixin.py:190} INFO - [2025-01-22T13:12:41.315+0000] {dag.py:3239} INFO - Sync 1 DAGs
[2025-01-22T13:12:41.332+0000] {logging_mixin.py:190} INFO - [2025-01-22T13:12:41.332+0000] {dag.py:4180} INFO - Setting next_dagrun for example_branch_dop_operator_v3 to 2025-01-22 13:11:00+00:00, run_after=2025-01-22 13:12:00+00:00
[2025-01-22T13:12:41.346+0000] {processor.py:208} INFO - Processing /usr/local/python/3.12.1/lib/python3.12/site-packages/airflow/example_dags/example_branch_python_dop_operator_3.py took 0.055 seconds
[2025-01-22T13:13:32.842+0000] {processor.py:186} INFO - Started process (PID=16750) to work on /usr/local/python/3.12.1/lib/python3.12/site-packages/airflow/example_dags/example_branch_python_dop_operator_3.py
[2025-01-22T13:13:32.842+0000] {processor.py:914} INFO - Processing file /usr/local/python/3.12.1/lib/python3.12/site-packages/airflow/example_dags/example_branch_python_dop_operator_3.py for tasks to queue
[2025-01-22T13:13:32.844+0000] {logging_mixin.py:190} INFO - [2025-01-22T13:13:32.844+0000] {dagbag.py:588} INFO - Filling up the DagBag from /usr/local/python/3.12.1/lib/python3.12/site-packages/airflow/example_dags/example_branch_python_dop_operator_3.py
[2025-01-22T13:13:32.851+0000] {processor.py:925} INFO - DAG(s) 'example_branch_dop_operator_v3' retrieved from /usr/local/python/3.12.1/lib/python3.12/site-packages/airflow/example_dags/example_branch_python_dop_operator_3.py
[2025-01-22T13:13:32.862+0000] {logging_mixin.py:190} INFO - [2025-01-22T13:13:32.862+0000] {dag.py:3239} INFO - Sync 1 DAGs
[2025-01-22T13:13:32.878+0000] {logging_mixin.py:190} INFO - [2025-01-22T13:13:32.878+0000] {dag.py:4180} INFO - Setting next_dagrun for example_branch_dop_operator_v3 to 2025-01-22 13:12:00+00:00, run_after=2025-01-22 13:13:00+00:00
[2025-01-22T13:13:32.892+0000] {processor.py:208} INFO - Processing /usr/local/python/3.12.1/lib/python3.12/site-packages/airflow/example_dags/example_branch_python_dop_operator_3.py took 0.054 seconds
[2025-01-22T13:14:25.834+0000] {processor.py:186} INFO - Started process (PID=17175) to work on /usr/local/python/3.12.1/lib/python3.12/site-packages/airflow/example_dags/example_branch_python_dop_operator_3.py
[2025-01-22T13:14:25.834+0000] {processor.py:914} INFO - Processing file /usr/local/python/3.12.1/lib/python3.12/site-packages/airflow/example_dags/example_branch_python_dop_operator_3.py for tasks to queue
[2025-01-22T13:14:25.836+0000] {logging_mixin.py:190} INFO - [2025-01-22T13:14:25.835+0000] {dagbag.py:588} INFO - Filling up the DagBag from /usr/local/python/3.12.1/lib/python3.12/site-packages/airflow/example_dags/example_branch_python_dop_operator_3.py
[2025-01-22T13:14:25.843+0000] {processor.py:925} INFO - DAG(s) 'example_branch_dop_operator_v3' retrieved from /usr/local/python/3.12.1/lib/python3.12/site-packages/airflow/example_dags/example_branch_python_dop_operator_3.py
[2025-01-22T13:14:25.854+0000] {logging_mixin.py:190} INFO - [2025-01-22T13:14:25.854+0000] {dag.py:3239} INFO - Sync 1 DAGs
[2025-01-22T13:14:25.870+0000] {logging_mixin.py:190} INFO - [2025-01-22T13:14:25.870+0000] {dag.py:4180} INFO - Setting next_dagrun for example_branch_dop_operator_v3 to 2025-01-22 13:13:00+00:00, run_after=2025-01-22 13:14:00+00:00
[2025-01-22T13:14:25.886+0000] {processor.py:208} INFO - Processing /usr/local/python/3.12.1/lib/python3.12/site-packages/airflow/example_dags/example_branch_python_dop_operator_3.py took 0.056 seconds
[2025-01-22T13:15:17.226+0000] {processor.py:186} INFO - Started process (PID=17543) to work on /usr/local/python/3.12.1/lib/python3.12/site-packages/airflow/example_dags/example_branch_python_dop_operator_3.py
[2025-01-22T13:15:17.227+0000] {processor.py:914} INFO - Processing file /usr/local/python/3.12.1/lib/python3.12/site-packages/airflow/example_dags/example_branch_python_dop_operator_3.py for tasks to queue
[2025-01-22T13:15:17.228+0000] {logging_mixin.py:190} INFO - [2025-01-22T13:15:17.228+0000] {dagbag.py:588} INFO - Filling up the DagBag from /usr/local/python/3.12.1/lib/python3.12/site-packages/airflow/example_dags/example_branch_python_dop_operator_3.py
[2025-01-22T13:15:17.236+0000] {processor.py:925} INFO - DAG(s) 'example_branch_dop_operator_v3' retrieved from /usr/local/python/3.12.1/lib/python3.12/site-packages/airflow/example_dags/example_branch_python_dop_operator_3.py
[2025-01-22T13:15:17.246+0000] {logging_mixin.py:190} INFO - [2025-01-22T13:15:17.246+0000] {dag.py:3239} INFO - Sync 1 DAGs
[2025-01-22T13:15:17.263+0000] {logging_mixin.py:190} INFO - [2025-01-22T13:15:17.262+0000] {dag.py:4180} INFO - Setting next_dagrun for example_branch_dop_operator_v3 to 2025-01-22 13:14:00+00:00, run_after=2025-01-22 13:15:00+00:00
[2025-01-22T13:15:17.277+0000] {processor.py:208} INFO - Processing /usr/local/python/3.12.1/lib/python3.12/site-packages/airflow/example_dags/example_branch_python_dop_operator_3.py took 0.055 seconds
[2025-01-22T13:16:05.597+0000] {processor.py:186} INFO - Started process (PID=17955) to work on /usr/local/python/3.12.1/lib/python3.12/site-packages/airflow/example_dags/example_branch_python_dop_operator_3.py
[2025-01-22T13:16:05.598+0000] {processor.py:914} INFO - Processing file /usr/local/python/3.12.1/lib/python3.12/site-packages/airflow/example_dags/example_branch_python_dop_operator_3.py for tasks to queue
[2025-01-22T13:16:05.599+0000] {logging_mixin.py:190} INFO - [2025-01-22T13:16:05.599+0000] {dagbag.py:588} INFO - Filling up the DagBag from /usr/local/python/3.12.1/lib/python3.12/site-packages/airflow/example_dags/example_branch_python_dop_operator_3.py
[2025-01-22T13:16:05.607+0000] {processor.py:925} INFO - DAG(s) 'example_branch_dop_operator_v3' retrieved from /usr/local/python/3.12.1/lib/python3.12/site-packages/airflow/example_dags/example_branch_python_dop_operator_3.py
[2025-01-22T13:16:05.617+0000] {logging_mixin.py:190} INFO - [2025-01-22T13:16:05.617+0000] {dag.py:3239} INFO - Sync 1 DAGs
[2025-01-22T13:16:05.634+0000] {logging_mixin.py:190} INFO - [2025-01-22T13:16:05.634+0000] {dag.py:4180} INFO - Setting next_dagrun for example_branch_dop_operator_v3 to 2025-01-22 13:15:00+00:00, run_after=2025-01-22 13:16:00+00:00
[2025-01-22T13:16:05.649+0000] {processor.py:208} INFO - Processing /usr/local/python/3.12.1/lib/python3.12/site-packages/airflow/example_dags/example_branch_python_dop_operator_3.py took 0.056 seconds
[2025-01-22T13:16:59.064+0000] {processor.py:186} INFO - Started process (PID=18390) to work on /usr/local/python/3.12.1/lib/python3.12/site-packages/airflow/example_dags/example_branch_python_dop_operator_3.py
[2025-01-22T13:16:59.065+0000] {processor.py:914} INFO - Processing file /usr/local/python/3.12.1/lib/python3.12/site-packages/airflow/example_dags/example_branch_python_dop_operator_3.py for tasks to queue
[2025-01-22T13:16:59.067+0000] {logging_mixin.py:190} INFO - [2025-01-22T13:16:59.067+0000] {dagbag.py:588} INFO - Filling up the DagBag from /usr/local/python/3.12.1/lib/python3.12/site-packages/airflow/example_dags/example_branch_python_dop_operator_3.py
[2025-01-22T13:16:59.076+0000] {processor.py:925} INFO - DAG(s) 'example_branch_dop_operator_v3' retrieved from /usr/local/python/3.12.1/lib/python3.12/site-packages/airflow/example_dags/example_branch_python_dop_operator_3.py
[2025-01-22T13:16:59.088+0000] {logging_mixin.py:190} INFO - [2025-01-22T13:16:59.088+0000] {dag.py:3239} INFO - Sync 1 DAGs
[2025-01-22T13:16:59.105+0000] {logging_mixin.py:190} INFO - [2025-01-22T13:16:59.105+0000] {dag.py:4180} INFO - Setting next_dagrun for example_branch_dop_operator_v3 to 2025-01-22 13:15:00+00:00, run_after=2025-01-22 13:16:00+00:00
[2025-01-22T13:16:59.120+0000] {processor.py:208} INFO - Processing /usr/local/python/3.12.1/lib/python3.12/site-packages/airflow/example_dags/example_branch_python_dop_operator_3.py took 0.060 seconds
[2025-01-22T13:17:50.954+0000] {processor.py:186} INFO - Started process (PID=18875) to work on /usr/local/python/3.12.1/lib/python3.12/site-packages/airflow/example_dags/example_branch_python_dop_operator_3.py
[2025-01-22T13:17:50.954+0000] {processor.py:914} INFO - Processing file /usr/local/python/3.12.1/lib/python3.12/site-packages/airflow/example_dags/example_branch_python_dop_operator_3.py for tasks to queue
[2025-01-22T13:17:50.956+0000] {logging_mixin.py:190} INFO - [2025-01-22T13:17:50.955+0000] {dagbag.py:588} INFO - Filling up the DagBag from /usr/local/python/3.12.1/lib/python3.12/site-packages/airflow/example_dags/example_branch_python_dop_operator_3.py
[2025-01-22T13:17:50.963+0000] {processor.py:925} INFO - DAG(s) 'example_branch_dop_operator_v3' retrieved from /usr/local/python/3.12.1/lib/python3.12/site-packages/airflow/example_dags/example_branch_python_dop_operator_3.py
[2025-01-22T13:17:50.974+0000] {logging_mixin.py:190} INFO - [2025-01-22T13:17:50.974+0000] {dag.py:3239} INFO - Sync 1 DAGs
[2025-01-22T13:17:50.992+0000] {logging_mixin.py:190} INFO - [2025-01-22T13:17:50.991+0000] {dag.py:4180} INFO - Setting next_dagrun for example_branch_dop_operator_v3 to 2025-01-22 13:16:00+00:00, run_after=2025-01-22 13:17:00+00:00
[2025-01-22T13:17:51.007+0000] {processor.py:208} INFO - Processing /usr/local/python/3.12.1/lib/python3.12/site-packages/airflow/example_dags/example_branch_python_dop_operator_3.py took 0.057 seconds
[2025-01-22T13:18:40.509+0000] {processor.py:186} INFO - Started process (PID=19355) to work on /usr/local/python/3.12.1/lib/python3.12/site-packages/airflow/example_dags/example_branch_python_dop_operator_3.py
[2025-01-22T13:18:40.509+0000] {processor.py:914} INFO - Processing file /usr/local/python/3.12.1/lib/python3.12/site-packages/airflow/example_dags/example_branch_python_dop_operator_3.py for tasks to queue
[2025-01-22T13:18:40.511+0000] {logging_mixin.py:190} INFO - [2025-01-22T13:18:40.510+0000] {dagbag.py:588} INFO - Filling up the DagBag from /usr/local/python/3.12.1/lib/python3.12/site-packages/airflow/example_dags/example_branch_python_dop_operator_3.py
[2025-01-22T13:18:40.518+0000] {processor.py:925} INFO - DAG(s) 'example_branch_dop_operator_v3' retrieved from /usr/local/python/3.12.1/lib/python3.12/site-packages/airflow/example_dags/example_branch_python_dop_operator_3.py
[2025-01-22T13:18:40.529+0000] {logging_mixin.py:190} INFO - [2025-01-22T13:18:40.529+0000] {dag.py:3239} INFO - Sync 1 DAGs
[2025-01-22T13:18:40.549+0000] {logging_mixin.py:190} INFO - [2025-01-22T13:18:40.548+0000] {dag.py:4180} INFO - Setting next_dagrun for example_branch_dop_operator_v3 to 2025-01-22 13:17:00+00:00, run_after=2025-01-22 13:18:00+00:00
[2025-01-22T13:18:40.570+0000] {processor.py:208} INFO - Processing /usr/local/python/3.12.1/lib/python3.12/site-packages/airflow/example_dags/example_branch_python_dop_operator_3.py took 0.065 seconds
[2025-01-22T13:19:28.395+0000] {processor.py:186} INFO - Started process (PID=20269) to work on /usr/local/python/3.12.1/lib/python3.12/site-packages/airflow/example_dags/example_branch_python_dop_operator_3.py
[2025-01-22T13:19:28.396+0000] {processor.py:914} INFO - Processing file /usr/local/python/3.12.1/lib/python3.12/site-packages/airflow/example_dags/example_branch_python_dop_operator_3.py for tasks to queue
[2025-01-22T13:19:28.397+0000] {logging_mixin.py:190} INFO - [2025-01-22T13:19:28.397+0000] {dagbag.py:588} INFO - Filling up the DagBag from /usr/local/python/3.12.1/lib/python3.12/site-packages/airflow/example_dags/example_branch_python_dop_operator_3.py
[2025-01-22T13:19:28.405+0000] {processor.py:925} INFO - DAG(s) 'example_branch_dop_operator_v3' retrieved from /usr/local/python/3.12.1/lib/python3.12/site-packages/airflow/example_dags/example_branch_python_dop_operator_3.py
[2025-01-22T13:19:28.415+0000] {logging_mixin.py:190} INFO - [2025-01-22T13:19:28.415+0000] {dag.py:3239} INFO - Sync 1 DAGs
[2025-01-22T13:19:28.432+0000] {logging_mixin.py:190} INFO - [2025-01-22T13:19:28.431+0000] {dag.py:4180} INFO - Setting next_dagrun for example_branch_dop_operator_v3 to 2025-01-22 13:18:00+00:00, run_after=2025-01-22 13:19:00+00:00
[2025-01-22T13:19:28.446+0000] {processor.py:208} INFO - Processing /usr/local/python/3.12.1/lib/python3.12/site-packages/airflow/example_dags/example_branch_python_dop_operator_3.py took 0.055 seconds
[2025-01-22T13:20:19.222+0000] {processor.py:186} INFO - Started process (PID=21173) to work on /usr/local/python/3.12.1/lib/python3.12/site-packages/airflow/example_dags/example_branch_python_dop_operator_3.py
[2025-01-22T13:20:19.223+0000] {processor.py:914} INFO - Processing file /usr/local/python/3.12.1/lib/python3.12/site-packages/airflow/example_dags/example_branch_python_dop_operator_3.py for tasks to queue
[2025-01-22T13:20:19.228+0000] {logging_mixin.py:190} INFO - [2025-01-22T13:20:19.227+0000] {dagbag.py:588} INFO - Filling up the DagBag from /usr/local/python/3.12.1/lib/python3.12/site-packages/airflow/example_dags/example_branch_python_dop_operator_3.py
[2025-01-22T13:20:19.245+0000] {processor.py:925} INFO - DAG(s) 'example_branch_dop_operator_v3' retrieved from /usr/local/python/3.12.1/lib/python3.12/site-packages/airflow/example_dags/example_branch_python_dop_operator_3.py
[2025-01-22T13:20:19.259+0000] {logging_mixin.py:190} INFO - [2025-01-22T13:20:19.258+0000] {dag.py:3239} INFO - Sync 1 DAGs
[2025-01-22T13:20:19.276+0000] {logging_mixin.py:190} INFO - [2025-01-22T13:20:19.275+0000] {dag.py:4180} INFO - Setting next_dagrun for example_branch_dop_operator_v3 to 2025-01-22 13:19:00+00:00, run_after=2025-01-22 13:20:00+00:00
[2025-01-22T13:20:19.290+0000] {processor.py:208} INFO - Processing /usr/local/python/3.12.1/lib/python3.12/site-packages/airflow/example_dags/example_branch_python_dop_operator_3.py took 0.073 seconds
