[2025-01-22T12:52:43.774+0000] {processor.py:186} INFO - Started process (PID=5435) to work on /usr/local/python/3.12.1/lib/python3.12/site-packages/airflow/example_dags/example_trigger_target_dag.py
[2025-01-22T12:52:43.775+0000] {processor.py:914} INFO - Processing file /usr/local/python/3.12.1/lib/python3.12/site-packages/airflow/example_dags/example_trigger_target_dag.py for tasks to queue
[2025-01-22T12:52:43.777+0000] {logging_mixin.py:190} INFO - [2025-01-22T12:52:43.776+0000] {dagbag.py:588} INFO - Filling up the DagBag from /usr/local/python/3.12.1/lib/python3.12/site-packages/airflow/example_dags/example_trigger_target_dag.py
[2025-01-22T12:52:43.782+0000] {processor.py:925} INFO - DAG(s) 'example_trigger_target_dag' retrieved from /usr/local/python/3.12.1/lib/python3.12/site-packages/airflow/example_dags/example_trigger_target_dag.py
[2025-01-22T12:52:43.859+0000] {logging_mixin.py:190} INFO - [2025-01-22T12:52:43.858+0000] {override.py:1911} INFO - Created Permission View: can delete on DAG:example_trigger_target_dag
[2025-01-22T12:52:43.866+0000] {logging_mixin.py:190} INFO - [2025-01-22T12:52:43.866+0000] {override.py:1911} INFO - Created Permission View: can edit on DAG:example_trigger_target_dag
[2025-01-22T12:52:43.872+0000] {logging_mixin.py:190} INFO - [2025-01-22T12:52:43.872+0000] {override.py:1911} INFO - Created Permission View: can read on DAG:example_trigger_target_dag
[2025-01-22T12:52:43.881+0000] {logging_mixin.py:190} INFO - [2025-01-22T12:52:43.881+0000] {override.py:1911} INFO - Created Permission View: can create on DAG Run:example_trigger_target_dag
[2025-01-22T12:52:43.886+0000] {logging_mixin.py:190} INFO - [2025-01-22T12:52:43.886+0000] {override.py:1911} INFO - Created Permission View: can read on DAG Run:example_trigger_target_dag
[2025-01-22T12:52:43.891+0000] {logging_mixin.py:190} INFO - [2025-01-22T12:52:43.891+0000] {override.py:1911} INFO - Created Permission View: menu access on DAG Run:example_trigger_target_dag
[2025-01-22T12:52:43.897+0000] {logging_mixin.py:190} INFO - [2025-01-22T12:52:43.897+0000] {override.py:1911} INFO - Created Permission View: can delete on DAG Run:example_trigger_target_dag
[2025-01-22T12:52:43.897+0000] {logging_mixin.py:190} INFO - [2025-01-22T12:52:43.897+0000] {dag.py:3239} INFO - Sync 1 DAGs
[2025-01-22T12:52:43.906+0000] {logging_mixin.py:190} INFO - [2025-01-22T12:52:43.905+0000] {dag.py:3262} INFO - Creating ORM DAG for example_trigger_target_dag
[2025-01-22T12:52:43.906+0000] {logging_mixin.py:190} INFO - [2025-01-22T12:52:43.906+0000] {dag.py:4180} INFO - Setting next_dagrun for example_trigger_target_dag to None, run_after=None
[2025-01-22T12:52:43.922+0000] {processor.py:208} INFO - Processing /usr/local/python/3.12.1/lib/python3.12/site-packages/airflow/example_dags/example_trigger_target_dag.py took 0.151 seconds
[2025-01-22T12:53:43.406+0000] {processor.py:186} INFO - Started process (PID=6370) to work on /usr/local/python/3.12.1/lib/python3.12/site-packages/airflow/example_dags/example_trigger_target_dag.py
[2025-01-22T12:53:43.406+0000] {processor.py:914} INFO - Processing file /usr/local/python/3.12.1/lib/python3.12/site-packages/airflow/example_dags/example_trigger_target_dag.py for tasks to queue
[2025-01-22T12:53:43.408+0000] {logging_mixin.py:190} INFO - [2025-01-22T12:53:43.408+0000] {dagbag.py:588} INFO - Filling up the DagBag from /usr/local/python/3.12.1/lib/python3.12/site-packages/airflow/example_dags/example_trigger_target_dag.py
[2025-01-22T12:53:43.414+0000] {processor.py:925} INFO - DAG(s) 'example_trigger_target_dag' retrieved from /usr/local/python/3.12.1/lib/python3.12/site-packages/airflow/example_dags/example_trigger_target_dag.py
[2025-01-22T12:53:43.424+0000] {logging_mixin.py:190} INFO - [2025-01-22T12:53:43.424+0000] {dag.py:3239} INFO - Sync 1 DAGs
[2025-01-22T12:53:43.433+0000] {logging_mixin.py:190} INFO - [2025-01-22T12:53:43.433+0000] {dag.py:4180} INFO - Setting next_dagrun for example_trigger_target_dag to None, run_after=None
[2025-01-22T12:53:43.448+0000] {processor.py:208} INFO - Processing /usr/local/python/3.12.1/lib/python3.12/site-packages/airflow/example_dags/example_trigger_target_dag.py took 0.046 seconds
[2025-01-22T12:54:37.261+0000] {processor.py:186} INFO - Started process (PID=7047) to work on /usr/local/python/3.12.1/lib/python3.12/site-packages/airflow/example_dags/example_trigger_target_dag.py
[2025-01-22T12:54:37.262+0000] {processor.py:914} INFO - Processing file /usr/local/python/3.12.1/lib/python3.12/site-packages/airflow/example_dags/example_trigger_target_dag.py for tasks to queue
[2025-01-22T12:54:37.264+0000] {logging_mixin.py:190} INFO - [2025-01-22T12:54:37.263+0000] {dagbag.py:588} INFO - Filling up the DagBag from /usr/local/python/3.12.1/lib/python3.12/site-packages/airflow/example_dags/example_trigger_target_dag.py
[2025-01-22T12:54:37.269+0000] {processor.py:925} INFO - DAG(s) 'example_trigger_target_dag' retrieved from /usr/local/python/3.12.1/lib/python3.12/site-packages/airflow/example_dags/example_trigger_target_dag.py
[2025-01-22T12:54:37.279+0000] {logging_mixin.py:190} INFO - [2025-01-22T12:54:37.279+0000] {dag.py:3239} INFO - Sync 1 DAGs
[2025-01-22T12:54:37.288+0000] {logging_mixin.py:190} INFO - [2025-01-22T12:54:37.288+0000] {dag.py:4180} INFO - Setting next_dagrun for example_trigger_target_dag to None, run_after=None
[2025-01-22T12:54:37.302+0000] {processor.py:208} INFO - Processing /usr/local/python/3.12.1/lib/python3.12/site-packages/airflow/example_dags/example_trigger_target_dag.py took 0.045 seconds
[2025-01-22T12:55:28.157+0000] {processor.py:186} INFO - Started process (PID=7464) to work on /usr/local/python/3.12.1/lib/python3.12/site-packages/airflow/example_dags/example_trigger_target_dag.py
[2025-01-22T12:55:28.158+0000] {processor.py:914} INFO - Processing file /usr/local/python/3.12.1/lib/python3.12/site-packages/airflow/example_dags/example_trigger_target_dag.py for tasks to queue
[2025-01-22T12:55:28.161+0000] {logging_mixin.py:190} INFO - [2025-01-22T12:55:28.160+0000] {dagbag.py:588} INFO - Filling up the DagBag from /usr/local/python/3.12.1/lib/python3.12/site-packages/airflow/example_dags/example_trigger_target_dag.py
[2025-01-22T12:55:28.168+0000] {processor.py:925} INFO - DAG(s) 'example_trigger_target_dag' retrieved from /usr/local/python/3.12.1/lib/python3.12/site-packages/airflow/example_dags/example_trigger_target_dag.py
[2025-01-22T12:55:28.183+0000] {logging_mixin.py:190} INFO - [2025-01-22T12:55:28.183+0000] {dag.py:3239} INFO - Sync 1 DAGs
[2025-01-22T12:55:28.193+0000] {logging_mixin.py:190} INFO - [2025-01-22T12:55:28.193+0000] {dag.py:4180} INFO - Setting next_dagrun for example_trigger_target_dag to None, run_after=None
[2025-01-22T12:55:28.206+0000] {processor.py:208} INFO - Processing /usr/local/python/3.12.1/lib/python3.12/site-packages/airflow/example_dags/example_trigger_target_dag.py took 0.059 seconds
[2025-01-22T12:56:21.254+0000] {processor.py:186} INFO - Started process (PID=7916) to work on /usr/local/python/3.12.1/lib/python3.12/site-packages/airflow/example_dags/example_trigger_target_dag.py
[2025-01-22T12:56:21.254+0000] {processor.py:914} INFO - Processing file /usr/local/python/3.12.1/lib/python3.12/site-packages/airflow/example_dags/example_trigger_target_dag.py for tasks to queue
[2025-01-22T12:56:21.256+0000] {logging_mixin.py:190} INFO - [2025-01-22T12:56:21.256+0000] {dagbag.py:588} INFO - Filling up the DagBag from /usr/local/python/3.12.1/lib/python3.12/site-packages/airflow/example_dags/example_trigger_target_dag.py
[2025-01-22T12:56:21.262+0000] {processor.py:925} INFO - DAG(s) 'example_trigger_target_dag' retrieved from /usr/local/python/3.12.1/lib/python3.12/site-packages/airflow/example_dags/example_trigger_target_dag.py
[2025-01-22T12:56:21.272+0000] {logging_mixin.py:190} INFO - [2025-01-22T12:56:21.272+0000] {dag.py:3239} INFO - Sync 1 DAGs
[2025-01-22T12:56:21.281+0000] {logging_mixin.py:190} INFO - [2025-01-22T12:56:21.281+0000] {dag.py:4180} INFO - Setting next_dagrun for example_trigger_target_dag to None, run_after=None
[2025-01-22T12:56:21.295+0000] {processor.py:208} INFO - Processing /usr/local/python/3.12.1/lib/python3.12/site-packages/airflow/example_dags/example_trigger_target_dag.py took 0.046 seconds
[2025-01-22T12:57:13.393+0000] {processor.py:186} INFO - Started process (PID=8332) to work on /usr/local/python/3.12.1/lib/python3.12/site-packages/airflow/example_dags/example_trigger_target_dag.py
[2025-01-22T12:57:13.393+0000] {processor.py:914} INFO - Processing file /usr/local/python/3.12.1/lib/python3.12/site-packages/airflow/example_dags/example_trigger_target_dag.py for tasks to queue
[2025-01-22T12:57:13.395+0000] {logging_mixin.py:190} INFO - [2025-01-22T12:57:13.395+0000] {dagbag.py:588} INFO - Filling up the DagBag from /usr/local/python/3.12.1/lib/python3.12/site-packages/airflow/example_dags/example_trigger_target_dag.py
[2025-01-22T12:57:13.401+0000] {processor.py:925} INFO - DAG(s) 'example_trigger_target_dag' retrieved from /usr/local/python/3.12.1/lib/python3.12/site-packages/airflow/example_dags/example_trigger_target_dag.py
[2025-01-22T12:57:13.411+0000] {logging_mixin.py:190} INFO - [2025-01-22T12:57:13.411+0000] {dag.py:3239} INFO - Sync 1 DAGs
[2025-01-22T12:57:13.420+0000] {logging_mixin.py:190} INFO - [2025-01-22T12:57:13.420+0000] {dag.py:4180} INFO - Setting next_dagrun for example_trigger_target_dag to None, run_after=None
[2025-01-22T12:57:13.435+0000] {processor.py:208} INFO - Processing /usr/local/python/3.12.1/lib/python3.12/site-packages/airflow/example_dags/example_trigger_target_dag.py took 0.046 seconds
[2025-01-22T12:58:07.455+0000] {processor.py:186} INFO - Started process (PID=8832) to work on /usr/local/python/3.12.1/lib/python3.12/site-packages/airflow/example_dags/example_trigger_target_dag.py
[2025-01-22T12:58:07.455+0000] {processor.py:914} INFO - Processing file /usr/local/python/3.12.1/lib/python3.12/site-packages/airflow/example_dags/example_trigger_target_dag.py for tasks to queue
[2025-01-22T12:58:07.457+0000] {logging_mixin.py:190} INFO - [2025-01-22T12:58:07.456+0000] {dagbag.py:588} INFO - Filling up the DagBag from /usr/local/python/3.12.1/lib/python3.12/site-packages/airflow/example_dags/example_trigger_target_dag.py
[2025-01-22T12:58:07.463+0000] {processor.py:925} INFO - DAG(s) 'example_trigger_target_dag' retrieved from /usr/local/python/3.12.1/lib/python3.12/site-packages/airflow/example_dags/example_trigger_target_dag.py
[2025-01-22T12:58:07.473+0000] {logging_mixin.py:190} INFO - [2025-01-22T12:58:07.473+0000] {dag.py:3239} INFO - Sync 1 DAGs
[2025-01-22T12:58:07.482+0000] {logging_mixin.py:190} INFO - [2025-01-22T12:58:07.482+0000] {dag.py:4180} INFO - Setting next_dagrun for example_trigger_target_dag to None, run_after=None
[2025-01-22T12:58:07.496+0000] {processor.py:208} INFO - Processing /usr/local/python/3.12.1/lib/python3.12/site-packages/airflow/example_dags/example_trigger_target_dag.py took 0.046 seconds
[2025-01-22T12:58:57.683+0000] {processor.py:186} INFO - Started process (PID=9257) to work on /usr/local/python/3.12.1/lib/python3.12/site-packages/airflow/example_dags/example_trigger_target_dag.py
[2025-01-22T12:58:57.684+0000] {processor.py:914} INFO - Processing file /usr/local/python/3.12.1/lib/python3.12/site-packages/airflow/example_dags/example_trigger_target_dag.py for tasks to queue
[2025-01-22T12:58:57.685+0000] {logging_mixin.py:190} INFO - [2025-01-22T12:58:57.685+0000] {dagbag.py:588} INFO - Filling up the DagBag from /usr/local/python/3.12.1/lib/python3.12/site-packages/airflow/example_dags/example_trigger_target_dag.py
[2025-01-22T12:58:57.691+0000] {processor.py:925} INFO - DAG(s) 'example_trigger_target_dag' retrieved from /usr/local/python/3.12.1/lib/python3.12/site-packages/airflow/example_dags/example_trigger_target_dag.py
[2025-01-22T12:58:57.701+0000] {logging_mixin.py:190} INFO - [2025-01-22T12:58:57.701+0000] {dag.py:3239} INFO - Sync 1 DAGs
[2025-01-22T12:58:57.710+0000] {logging_mixin.py:190} INFO - [2025-01-22T12:58:57.710+0000] {dag.py:4180} INFO - Setting next_dagrun for example_trigger_target_dag to None, run_after=None
[2025-01-22T12:58:57.724+0000] {processor.py:208} INFO - Processing /usr/local/python/3.12.1/lib/python3.12/site-packages/airflow/example_dags/example_trigger_target_dag.py took 0.045 seconds
[2025-01-22T12:59:51.235+0000] {processor.py:186} INFO - Started process (PID=9693) to work on /usr/local/python/3.12.1/lib/python3.12/site-packages/airflow/example_dags/example_trigger_target_dag.py
[2025-01-22T12:59:51.235+0000] {processor.py:914} INFO - Processing file /usr/local/python/3.12.1/lib/python3.12/site-packages/airflow/example_dags/example_trigger_target_dag.py for tasks to queue
[2025-01-22T12:59:51.237+0000] {logging_mixin.py:190} INFO - [2025-01-22T12:59:51.236+0000] {dagbag.py:588} INFO - Filling up the DagBag from /usr/local/python/3.12.1/lib/python3.12/site-packages/airflow/example_dags/example_trigger_target_dag.py
[2025-01-22T12:59:51.243+0000] {processor.py:925} INFO - DAG(s) 'example_trigger_target_dag' retrieved from /usr/local/python/3.12.1/lib/python3.12/site-packages/airflow/example_dags/example_trigger_target_dag.py
[2025-01-22T12:59:51.253+0000] {logging_mixin.py:190} INFO - [2025-01-22T12:59:51.253+0000] {dag.py:3239} INFO - Sync 1 DAGs
[2025-01-22T12:59:51.262+0000] {logging_mixin.py:190} INFO - [2025-01-22T12:59:51.261+0000] {dag.py:4180} INFO - Setting next_dagrun for example_trigger_target_dag to None, run_after=None
[2025-01-22T12:59:51.276+0000] {processor.py:208} INFO - Processing /usr/local/python/3.12.1/lib/python3.12/site-packages/airflow/example_dags/example_trigger_target_dag.py took 0.045 seconds
[2025-01-22T13:00:41.417+0000] {processor.py:186} INFO - Started process (PID=10104) to work on /usr/local/python/3.12.1/lib/python3.12/site-packages/airflow/example_dags/example_trigger_target_dag.py
[2025-01-22T13:00:41.418+0000] {processor.py:914} INFO - Processing file /usr/local/python/3.12.1/lib/python3.12/site-packages/airflow/example_dags/example_trigger_target_dag.py for tasks to queue
[2025-01-22T13:00:41.419+0000] {logging_mixin.py:190} INFO - [2025-01-22T13:00:41.419+0000] {dagbag.py:588} INFO - Filling up the DagBag from /usr/local/python/3.12.1/lib/python3.12/site-packages/airflow/example_dags/example_trigger_target_dag.py
[2025-01-22T13:00:41.425+0000] {processor.py:925} INFO - DAG(s) 'example_trigger_target_dag' retrieved from /usr/local/python/3.12.1/lib/python3.12/site-packages/airflow/example_dags/example_trigger_target_dag.py
[2025-01-22T13:00:41.435+0000] {logging_mixin.py:190} INFO - [2025-01-22T13:00:41.435+0000] {dag.py:3239} INFO - Sync 1 DAGs
[2025-01-22T13:00:41.444+0000] {logging_mixin.py:190} INFO - [2025-01-22T13:00:41.444+0000] {dag.py:4180} INFO - Setting next_dagrun for example_trigger_target_dag to None, run_after=None
[2025-01-22T13:00:41.468+0000] {processor.py:208} INFO - Processing /usr/local/python/3.12.1/lib/python3.12/site-packages/airflow/example_dags/example_trigger_target_dag.py took 0.054 seconds
[2025-01-22T13:01:34.432+0000] {processor.py:186} INFO - Started process (PID=10543) to work on /usr/local/python/3.12.1/lib/python3.12/site-packages/airflow/example_dags/example_trigger_target_dag.py
[2025-01-22T13:01:34.432+0000] {processor.py:914} INFO - Processing file /usr/local/python/3.12.1/lib/python3.12/site-packages/airflow/example_dags/example_trigger_target_dag.py for tasks to queue
[2025-01-22T13:01:34.434+0000] {logging_mixin.py:190} INFO - [2025-01-22T13:01:34.433+0000] {dagbag.py:588} INFO - Filling up the DagBag from /usr/local/python/3.12.1/lib/python3.12/site-packages/airflow/example_dags/example_trigger_target_dag.py
[2025-01-22T13:01:34.440+0000] {processor.py:925} INFO - DAG(s) 'example_trigger_target_dag' retrieved from /usr/local/python/3.12.1/lib/python3.12/site-packages/airflow/example_dags/example_trigger_target_dag.py
[2025-01-22T13:01:34.450+0000] {logging_mixin.py:190} INFO - [2025-01-22T13:01:34.450+0000] {dag.py:3239} INFO - Sync 1 DAGs
[2025-01-22T13:01:34.459+0000] {logging_mixin.py:190} INFO - [2025-01-22T13:01:34.459+0000] {dag.py:4180} INFO - Setting next_dagrun for example_trigger_target_dag to None, run_after=None
[2025-01-22T13:01:34.473+0000] {processor.py:208} INFO - Processing /usr/local/python/3.12.1/lib/python3.12/site-packages/airflow/example_dags/example_trigger_target_dag.py took 0.045 seconds
[2025-01-22T13:02:24.387+0000] {processor.py:186} INFO - Started process (PID=10958) to work on /usr/local/python/3.12.1/lib/python3.12/site-packages/airflow/example_dags/example_trigger_target_dag.py
[2025-01-22T13:02:24.388+0000] {processor.py:914} INFO - Processing file /usr/local/python/3.12.1/lib/python3.12/site-packages/airflow/example_dags/example_trigger_target_dag.py for tasks to queue
[2025-01-22T13:02:24.389+0000] {logging_mixin.py:190} INFO - [2025-01-22T13:02:24.389+0000] {dagbag.py:588} INFO - Filling up the DagBag from /usr/local/python/3.12.1/lib/python3.12/site-packages/airflow/example_dags/example_trigger_target_dag.py
[2025-01-22T13:02:24.395+0000] {processor.py:925} INFO - DAG(s) 'example_trigger_target_dag' retrieved from /usr/local/python/3.12.1/lib/python3.12/site-packages/airflow/example_dags/example_trigger_target_dag.py
[2025-01-22T13:02:24.406+0000] {logging_mixin.py:190} INFO - [2025-01-22T13:02:24.406+0000] {dag.py:3239} INFO - Sync 1 DAGs
[2025-01-22T13:02:24.416+0000] {logging_mixin.py:190} INFO - [2025-01-22T13:02:24.415+0000] {dag.py:4180} INFO - Setting next_dagrun for example_trigger_target_dag to None, run_after=None
[2025-01-22T13:02:24.430+0000] {processor.py:208} INFO - Processing /usr/local/python/3.12.1/lib/python3.12/site-packages/airflow/example_dags/example_trigger_target_dag.py took 0.047 seconds
[2025-01-22T13:03:13.169+0000] {processor.py:186} INFO - Started process (PID=11371) to work on /usr/local/python/3.12.1/lib/python3.12/site-packages/airflow/example_dags/example_trigger_target_dag.py
[2025-01-22T13:03:13.176+0000] {processor.py:914} INFO - Processing file /usr/local/python/3.12.1/lib/python3.12/site-packages/airflow/example_dags/example_trigger_target_dag.py for tasks to queue
[2025-01-22T13:03:13.179+0000] {logging_mixin.py:190} INFO - [2025-01-22T13:03:13.178+0000] {dagbag.py:588} INFO - Filling up the DagBag from /usr/local/python/3.12.1/lib/python3.12/site-packages/airflow/example_dags/example_trigger_target_dag.py
[2025-01-22T13:03:13.187+0000] {processor.py:925} INFO - DAG(s) 'example_trigger_target_dag' retrieved from /usr/local/python/3.12.1/lib/python3.12/site-packages/airflow/example_dags/example_trigger_target_dag.py
[2025-01-22T13:03:13.197+0000] {logging_mixin.py:190} INFO - [2025-01-22T13:03:13.197+0000] {dag.py:3239} INFO - Sync 1 DAGs
[2025-01-22T13:03:13.208+0000] {logging_mixin.py:190} INFO - [2025-01-22T13:03:13.208+0000] {dag.py:4180} INFO - Setting next_dagrun for example_trigger_target_dag to None, run_after=None
[2025-01-22T13:03:13.224+0000] {processor.py:208} INFO - Processing /usr/local/python/3.12.1/lib/python3.12/site-packages/airflow/example_dags/example_trigger_target_dag.py took 0.061 seconds
[2025-01-22T13:04:06.745+0000] {processor.py:186} INFO - Started process (PID=11811) to work on /usr/local/python/3.12.1/lib/python3.12/site-packages/airflow/example_dags/example_trigger_target_dag.py
[2025-01-22T13:04:06.746+0000] {processor.py:914} INFO - Processing file /usr/local/python/3.12.1/lib/python3.12/site-packages/airflow/example_dags/example_trigger_target_dag.py for tasks to queue
[2025-01-22T13:04:06.747+0000] {logging_mixin.py:190} INFO - [2025-01-22T13:04:06.747+0000] {dagbag.py:588} INFO - Filling up the DagBag from /usr/local/python/3.12.1/lib/python3.12/site-packages/airflow/example_dags/example_trigger_target_dag.py
[2025-01-22T13:04:06.753+0000] {processor.py:925} INFO - DAG(s) 'example_trigger_target_dag' retrieved from /usr/local/python/3.12.1/lib/python3.12/site-packages/airflow/example_dags/example_trigger_target_dag.py
[2025-01-22T13:04:06.764+0000] {logging_mixin.py:190} INFO - [2025-01-22T13:04:06.764+0000] {dag.py:3239} INFO - Sync 1 DAGs
[2025-01-22T13:04:06.773+0000] {logging_mixin.py:190} INFO - [2025-01-22T13:04:06.772+0000] {dag.py:4180} INFO - Setting next_dagrun for example_trigger_target_dag to None, run_after=None
[2025-01-22T13:04:06.787+0000] {processor.py:208} INFO - Processing /usr/local/python/3.12.1/lib/python3.12/site-packages/airflow/example_dags/example_trigger_target_dag.py took 0.045 seconds
[2025-01-22T13:04:57.365+0000] {processor.py:186} INFO - Started process (PID=12227) to work on /usr/local/python/3.12.1/lib/python3.12/site-packages/airflow/example_dags/example_trigger_target_dag.py
[2025-01-22T13:04:57.366+0000] {processor.py:914} INFO - Processing file /usr/local/python/3.12.1/lib/python3.12/site-packages/airflow/example_dags/example_trigger_target_dag.py for tasks to queue
[2025-01-22T13:04:57.367+0000] {logging_mixin.py:190} INFO - [2025-01-22T13:04:57.367+0000] {dagbag.py:588} INFO - Filling up the DagBag from /usr/local/python/3.12.1/lib/python3.12/site-packages/airflow/example_dags/example_trigger_target_dag.py
[2025-01-22T13:04:57.373+0000] {processor.py:925} INFO - DAG(s) 'example_trigger_target_dag' retrieved from /usr/local/python/3.12.1/lib/python3.12/site-packages/airflow/example_dags/example_trigger_target_dag.py
[2025-01-22T13:04:57.384+0000] {logging_mixin.py:190} INFO - [2025-01-22T13:04:57.384+0000] {dag.py:3239} INFO - Sync 1 DAGs
[2025-01-22T13:04:57.396+0000] {logging_mixin.py:190} INFO - [2025-01-22T13:04:57.396+0000] {dag.py:4180} INFO - Setting next_dagrun for example_trigger_target_dag to None, run_after=None
[2025-01-22T13:04:57.411+0000] {processor.py:208} INFO - Processing /usr/local/python/3.12.1/lib/python3.12/site-packages/airflow/example_dags/example_trigger_target_dag.py took 0.050 seconds
[2025-01-22T13:05:49.397+0000] {processor.py:186} INFO - Started process (PID=12654) to work on /usr/local/python/3.12.1/lib/python3.12/site-packages/airflow/example_dags/example_trigger_target_dag.py
[2025-01-22T13:05:49.397+0000] {processor.py:914} INFO - Processing file /usr/local/python/3.12.1/lib/python3.12/site-packages/airflow/example_dags/example_trigger_target_dag.py for tasks to queue
[2025-01-22T13:05:49.399+0000] {logging_mixin.py:190} INFO - [2025-01-22T13:05:49.398+0000] {dagbag.py:588} INFO - Filling up the DagBag from /usr/local/python/3.12.1/lib/python3.12/site-packages/airflow/example_dags/example_trigger_target_dag.py
[2025-01-22T13:05:49.405+0000] {processor.py:925} INFO - DAG(s) 'example_trigger_target_dag' retrieved from /usr/local/python/3.12.1/lib/python3.12/site-packages/airflow/example_dags/example_trigger_target_dag.py
[2025-01-22T13:05:49.415+0000] {logging_mixin.py:190} INFO - [2025-01-22T13:05:49.415+0000] {dag.py:3239} INFO - Sync 1 DAGs
[2025-01-22T13:05:49.423+0000] {logging_mixin.py:190} INFO - [2025-01-22T13:05:49.423+0000] {dag.py:4180} INFO - Setting next_dagrun for example_trigger_target_dag to None, run_after=None
[2025-01-22T13:05:49.437+0000] {processor.py:208} INFO - Processing /usr/local/python/3.12.1/lib/python3.12/site-packages/airflow/example_dags/example_trigger_target_dag.py took 0.045 seconds
[2025-01-22T13:06:37.366+0000] {processor.py:186} INFO - Started process (PID=13068) to work on /usr/local/python/3.12.1/lib/python3.12/site-packages/airflow/example_dags/example_trigger_target_dag.py
[2025-01-22T13:06:37.367+0000] {processor.py:914} INFO - Processing file /usr/local/python/3.12.1/lib/python3.12/site-packages/airflow/example_dags/example_trigger_target_dag.py for tasks to queue
[2025-01-22T13:06:37.368+0000] {logging_mixin.py:190} INFO - [2025-01-22T13:06:37.368+0000] {dagbag.py:588} INFO - Filling up the DagBag from /usr/local/python/3.12.1/lib/python3.12/site-packages/airflow/example_dags/example_trigger_target_dag.py
[2025-01-22T13:06:37.374+0000] {processor.py:925} INFO - DAG(s) 'example_trigger_target_dag' retrieved from /usr/local/python/3.12.1/lib/python3.12/site-packages/airflow/example_dags/example_trigger_target_dag.py
[2025-01-22T13:06:37.385+0000] {logging_mixin.py:190} INFO - [2025-01-22T13:06:37.384+0000] {dag.py:3239} INFO - Sync 1 DAGs
[2025-01-22T13:06:37.394+0000] {logging_mixin.py:190} INFO - [2025-01-22T13:06:37.393+0000] {dag.py:4180} INFO - Setting next_dagrun for example_trigger_target_dag to None, run_after=None
[2025-01-22T13:06:37.408+0000] {processor.py:208} INFO - Processing /usr/local/python/3.12.1/lib/python3.12/site-packages/airflow/example_dags/example_trigger_target_dag.py took 0.046 seconds
[2025-01-22T13:07:24.778+0000] {processor.py:186} INFO - Started process (PID=13469) to work on /usr/local/python/3.12.1/lib/python3.12/site-packages/airflow/example_dags/example_trigger_target_dag.py
[2025-01-22T13:07:24.778+0000] {processor.py:914} INFO - Processing file /usr/local/python/3.12.1/lib/python3.12/site-packages/airflow/example_dags/example_trigger_target_dag.py for tasks to queue
[2025-01-22T13:07:24.780+0000] {logging_mixin.py:190} INFO - [2025-01-22T13:07:24.779+0000] {dagbag.py:588} INFO - Filling up the DagBag from /usr/local/python/3.12.1/lib/python3.12/site-packages/airflow/example_dags/example_trigger_target_dag.py
[2025-01-22T13:07:24.786+0000] {processor.py:925} INFO - DAG(s) 'example_trigger_target_dag' retrieved from /usr/local/python/3.12.1/lib/python3.12/site-packages/airflow/example_dags/example_trigger_target_dag.py
[2025-01-22T13:07:24.796+0000] {logging_mixin.py:190} INFO - [2025-01-22T13:07:24.796+0000] {dag.py:3239} INFO - Sync 1 DAGs
[2025-01-22T13:07:24.805+0000] {logging_mixin.py:190} INFO - [2025-01-22T13:07:24.805+0000] {dag.py:4180} INFO - Setting next_dagrun for example_trigger_target_dag to None, run_after=None
[2025-01-22T13:07:24.819+0000] {processor.py:208} INFO - Processing /usr/local/python/3.12.1/lib/python3.12/site-packages/airflow/example_dags/example_trigger_target_dag.py took 0.045 seconds
[2025-01-22T13:08:19.104+0000] {processor.py:186} INFO - Started process (PID=14100) to work on /usr/local/python/3.12.1/lib/python3.12/site-packages/airflow/example_dags/example_trigger_target_dag.py
[2025-01-22T13:08:19.104+0000] {processor.py:914} INFO - Processing file /usr/local/python/3.12.1/lib/python3.12/site-packages/airflow/example_dags/example_trigger_target_dag.py for tasks to queue
[2025-01-22T13:08:19.106+0000] {logging_mixin.py:190} INFO - [2025-01-22T13:08:19.106+0000] {dagbag.py:588} INFO - Filling up the DagBag from /usr/local/python/3.12.1/lib/python3.12/site-packages/airflow/example_dags/example_trigger_target_dag.py
[2025-01-22T13:08:19.112+0000] {processor.py:925} INFO - DAG(s) 'example_trigger_target_dag' retrieved from /usr/local/python/3.12.1/lib/python3.12/site-packages/airflow/example_dags/example_trigger_target_dag.py
[2025-01-22T13:08:19.122+0000] {logging_mixin.py:190} INFO - [2025-01-22T13:08:19.122+0000] {dag.py:3239} INFO - Sync 1 DAGs
[2025-01-22T13:08:19.131+0000] {logging_mixin.py:190} INFO - [2025-01-22T13:08:19.131+0000] {dag.py:4180} INFO - Setting next_dagrun for example_trigger_target_dag to None, run_after=None
[2025-01-22T13:08:19.146+0000] {processor.py:208} INFO - Processing /usr/local/python/3.12.1/lib/python3.12/site-packages/airflow/example_dags/example_trigger_target_dag.py took 0.046 seconds
[2025-01-22T13:09:10.501+0000] {processor.py:186} INFO - Started process (PID=14527) to work on /usr/local/python/3.12.1/lib/python3.12/site-packages/airflow/example_dags/example_trigger_target_dag.py
[2025-01-22T13:09:10.501+0000] {processor.py:914} INFO - Processing file /usr/local/python/3.12.1/lib/python3.12/site-packages/airflow/example_dags/example_trigger_target_dag.py for tasks to queue
[2025-01-22T13:09:10.503+0000] {logging_mixin.py:190} INFO - [2025-01-22T13:09:10.503+0000] {dagbag.py:588} INFO - Filling up the DagBag from /usr/local/python/3.12.1/lib/python3.12/site-packages/airflow/example_dags/example_trigger_target_dag.py
[2025-01-22T13:09:10.511+0000] {processor.py:925} INFO - DAG(s) 'example_trigger_target_dag' retrieved from /usr/local/python/3.12.1/lib/python3.12/site-packages/airflow/example_dags/example_trigger_target_dag.py
[2025-01-22T13:09:10.522+0000] {logging_mixin.py:190} INFO - [2025-01-22T13:09:10.522+0000] {dag.py:3239} INFO - Sync 1 DAGs
[2025-01-22T13:09:10.531+0000] {logging_mixin.py:190} INFO - [2025-01-22T13:09:10.530+0000] {dag.py:4180} INFO - Setting next_dagrun for example_trigger_target_dag to None, run_after=None
[2025-01-22T13:09:10.545+0000] {processor.py:208} INFO - Processing /usr/local/python/3.12.1/lib/python3.12/site-packages/airflow/example_dags/example_trigger_target_dag.py took 0.048 seconds
[2025-01-22T13:10:02.168+0000] {processor.py:186} INFO - Started process (PID=14955) to work on /usr/local/python/3.12.1/lib/python3.12/site-packages/airflow/example_dags/example_trigger_target_dag.py
[2025-01-22T13:10:02.168+0000] {processor.py:914} INFO - Processing file /usr/local/python/3.12.1/lib/python3.12/site-packages/airflow/example_dags/example_trigger_target_dag.py for tasks to queue
[2025-01-22T13:10:02.170+0000] {logging_mixin.py:190} INFO - [2025-01-22T13:10:02.170+0000] {dagbag.py:588} INFO - Filling up the DagBag from /usr/local/python/3.12.1/lib/python3.12/site-packages/airflow/example_dags/example_trigger_target_dag.py
[2025-01-22T13:10:02.176+0000] {processor.py:925} INFO - DAG(s) 'example_trigger_target_dag' retrieved from /usr/local/python/3.12.1/lib/python3.12/site-packages/airflow/example_dags/example_trigger_target_dag.py
[2025-01-22T13:10:02.186+0000] {logging_mixin.py:190} INFO - [2025-01-22T13:10:02.186+0000] {dag.py:3239} INFO - Sync 1 DAGs
[2025-01-22T13:10:02.195+0000] {logging_mixin.py:190} INFO - [2025-01-22T13:10:02.195+0000] {dag.py:4180} INFO - Setting next_dagrun for example_trigger_target_dag to None, run_after=None
[2025-01-22T13:10:02.209+0000] {processor.py:208} INFO - Processing /usr/local/python/3.12.1/lib/python3.12/site-packages/airflow/example_dags/example_trigger_target_dag.py took 0.045 seconds
[2025-01-22T13:10:49.980+0000] {processor.py:186} INFO - Started process (PID=15352) to work on /usr/local/python/3.12.1/lib/python3.12/site-packages/airflow/example_dags/example_trigger_target_dag.py
[2025-01-22T13:10:49.980+0000] {processor.py:914} INFO - Processing file /usr/local/python/3.12.1/lib/python3.12/site-packages/airflow/example_dags/example_trigger_target_dag.py for tasks to queue
[2025-01-22T13:10:49.982+0000] {logging_mixin.py:190} INFO - [2025-01-22T13:10:49.982+0000] {dagbag.py:588} INFO - Filling up the DagBag from /usr/local/python/3.12.1/lib/python3.12/site-packages/airflow/example_dags/example_trigger_target_dag.py
[2025-01-22T13:10:49.988+0000] {processor.py:925} INFO - DAG(s) 'example_trigger_target_dag' retrieved from /usr/local/python/3.12.1/lib/python3.12/site-packages/airflow/example_dags/example_trigger_target_dag.py
[2025-01-22T13:10:49.998+0000] {logging_mixin.py:190} INFO - [2025-01-22T13:10:49.998+0000] {dag.py:3239} INFO - Sync 1 DAGs
[2025-01-22T13:10:50.007+0000] {logging_mixin.py:190} INFO - [2025-01-22T13:10:50.006+0000] {dag.py:4180} INFO - Setting next_dagrun for example_trigger_target_dag to None, run_after=None
[2025-01-22T13:10:50.021+0000] {processor.py:208} INFO - Processing /usr/local/python/3.12.1/lib/python3.12/site-packages/airflow/example_dags/example_trigger_target_dag.py took 0.045 seconds
[2025-01-22T13:11:40.392+0000] {processor.py:186} INFO - Started process (PID=15766) to work on /usr/local/python/3.12.1/lib/python3.12/site-packages/airflow/example_dags/example_trigger_target_dag.py
[2025-01-22T13:11:40.393+0000] {processor.py:914} INFO - Processing file /usr/local/python/3.12.1/lib/python3.12/site-packages/airflow/example_dags/example_trigger_target_dag.py for tasks to queue
[2025-01-22T13:11:40.394+0000] {logging_mixin.py:190} INFO - [2025-01-22T13:11:40.394+0000] {dagbag.py:588} INFO - Filling up the DagBag from /usr/local/python/3.12.1/lib/python3.12/site-packages/airflow/example_dags/example_trigger_target_dag.py
[2025-01-22T13:11:40.400+0000] {processor.py:925} INFO - DAG(s) 'example_trigger_target_dag' retrieved from /usr/local/python/3.12.1/lib/python3.12/site-packages/airflow/example_dags/example_trigger_target_dag.py
[2025-01-22T13:11:40.414+0000] {logging_mixin.py:190} INFO - [2025-01-22T13:11:40.414+0000] {dag.py:3239} INFO - Sync 1 DAGs
[2025-01-22T13:11:40.427+0000] {logging_mixin.py:190} INFO - [2025-01-22T13:11:40.427+0000] {dag.py:4180} INFO - Setting next_dagrun for example_trigger_target_dag to None, run_after=None
[2025-01-22T13:11:40.443+0000] {processor.py:208} INFO - Processing /usr/local/python/3.12.1/lib/python3.12/site-packages/airflow/example_dags/example_trigger_target_dag.py took 0.055 seconds
[2025-01-22T13:12:32.295+0000] {processor.py:186} INFO - Started process (PID=16249) to work on /usr/local/python/3.12.1/lib/python3.12/site-packages/airflow/example_dags/example_trigger_target_dag.py
[2025-01-22T13:12:32.296+0000] {processor.py:914} INFO - Processing file /usr/local/python/3.12.1/lib/python3.12/site-packages/airflow/example_dags/example_trigger_target_dag.py for tasks to queue
[2025-01-22T13:12:32.298+0000] {logging_mixin.py:190} INFO - [2025-01-22T13:12:32.297+0000] {dagbag.py:588} INFO - Filling up the DagBag from /usr/local/python/3.12.1/lib/python3.12/site-packages/airflow/example_dags/example_trigger_target_dag.py
[2025-01-22T13:12:32.304+0000] {processor.py:925} INFO - DAG(s) 'example_trigger_target_dag' retrieved from /usr/local/python/3.12.1/lib/python3.12/site-packages/airflow/example_dags/example_trigger_target_dag.py
[2025-01-22T13:12:32.314+0000] {logging_mixin.py:190} INFO - [2025-01-22T13:12:32.314+0000] {dag.py:3239} INFO - Sync 1 DAGs
[2025-01-22T13:12:32.323+0000] {logging_mixin.py:190} INFO - [2025-01-22T13:12:32.323+0000] {dag.py:4180} INFO - Setting next_dagrun for example_trigger_target_dag to None, run_after=None
[2025-01-22T13:12:32.337+0000] {processor.py:208} INFO - Processing /usr/local/python/3.12.1/lib/python3.12/site-packages/airflow/example_dags/example_trigger_target_dag.py took 0.045 seconds
[2025-01-22T13:13:23.579+0000] {processor.py:186} INFO - Started process (PID=16677) to work on /usr/local/python/3.12.1/lib/python3.12/site-packages/airflow/example_dags/example_trigger_target_dag.py
[2025-01-22T13:13:23.580+0000] {processor.py:914} INFO - Processing file /usr/local/python/3.12.1/lib/python3.12/site-packages/airflow/example_dags/example_trigger_target_dag.py for tasks to queue
[2025-01-22T13:13:23.581+0000] {logging_mixin.py:190} INFO - [2025-01-22T13:13:23.581+0000] {dagbag.py:588} INFO - Filling up the DagBag from /usr/local/python/3.12.1/lib/python3.12/site-packages/airflow/example_dags/example_trigger_target_dag.py
[2025-01-22T13:13:23.587+0000] {processor.py:925} INFO - DAG(s) 'example_trigger_target_dag' retrieved from /usr/local/python/3.12.1/lib/python3.12/site-packages/airflow/example_dags/example_trigger_target_dag.py
[2025-01-22T13:13:23.597+0000] {logging_mixin.py:190} INFO - [2025-01-22T13:13:23.597+0000] {dag.py:3239} INFO - Sync 1 DAGs
[2025-01-22T13:13:23.606+0000] {logging_mixin.py:190} INFO - [2025-01-22T13:13:23.606+0000] {dag.py:4180} INFO - Setting next_dagrun for example_trigger_target_dag to None, run_after=None
[2025-01-22T13:13:23.621+0000] {processor.py:208} INFO - Processing /usr/local/python/3.12.1/lib/python3.12/site-packages/airflow/example_dags/example_trigger_target_dag.py took 0.045 seconds
[2025-01-22T13:14:17.080+0000] {processor.py:186} INFO - Started process (PID=17054) to work on /usr/local/python/3.12.1/lib/python3.12/site-packages/airflow/example_dags/example_trigger_target_dag.py
[2025-01-22T13:14:17.080+0000] {processor.py:914} INFO - Processing file /usr/local/python/3.12.1/lib/python3.12/site-packages/airflow/example_dags/example_trigger_target_dag.py for tasks to queue
[2025-01-22T13:14:17.082+0000] {logging_mixin.py:190} INFO - [2025-01-22T13:14:17.082+0000] {dagbag.py:588} INFO - Filling up the DagBag from /usr/local/python/3.12.1/lib/python3.12/site-packages/airflow/example_dags/example_trigger_target_dag.py
[2025-01-22T13:14:17.088+0000] {processor.py:925} INFO - DAG(s) 'example_trigger_target_dag' retrieved from /usr/local/python/3.12.1/lib/python3.12/site-packages/airflow/example_dags/example_trigger_target_dag.py
[2025-01-22T13:14:17.099+0000] {logging_mixin.py:190} INFO - [2025-01-22T13:14:17.099+0000] {dag.py:3239} INFO - Sync 1 DAGs
[2025-01-22T13:14:17.110+0000] {logging_mixin.py:190} INFO - [2025-01-22T13:14:17.110+0000] {dag.py:4180} INFO - Setting next_dagrun for example_trigger_target_dag to None, run_after=None
[2025-01-22T13:14:17.126+0000] {processor.py:208} INFO - Processing /usr/local/python/3.12.1/lib/python3.12/site-packages/airflow/example_dags/example_trigger_target_dag.py took 0.051 seconds
[2025-01-22T13:15:06.949+0000] {processor.py:186} INFO - Started process (PID=17468) to work on /usr/local/python/3.12.1/lib/python3.12/site-packages/airflow/example_dags/example_trigger_target_dag.py
[2025-01-22T13:15:06.950+0000] {processor.py:914} INFO - Processing file /usr/local/python/3.12.1/lib/python3.12/site-packages/airflow/example_dags/example_trigger_target_dag.py for tasks to queue
[2025-01-22T13:15:06.952+0000] {logging_mixin.py:190} INFO - [2025-01-22T13:15:06.952+0000] {dagbag.py:588} INFO - Filling up the DagBag from /usr/local/python/3.12.1/lib/python3.12/site-packages/airflow/example_dags/example_trigger_target_dag.py
[2025-01-22T13:15:06.958+0000] {processor.py:925} INFO - DAG(s) 'example_trigger_target_dag' retrieved from /usr/local/python/3.12.1/lib/python3.12/site-packages/airflow/example_dags/example_trigger_target_dag.py
[2025-01-22T13:15:06.969+0000] {logging_mixin.py:190} INFO - [2025-01-22T13:15:06.969+0000] {dag.py:3239} INFO - Sync 1 DAGs
[2025-01-22T13:15:06.978+0000] {logging_mixin.py:190} INFO - [2025-01-22T13:15:06.978+0000] {dag.py:4180} INFO - Setting next_dagrun for example_trigger_target_dag to None, run_after=None
[2025-01-22T13:15:06.994+0000] {processor.py:208} INFO - Processing /usr/local/python/3.12.1/lib/python3.12/site-packages/airflow/example_dags/example_trigger_target_dag.py took 0.048 seconds
[2025-01-22T13:15:56.452+0000] {processor.py:186} INFO - Started process (PID=17889) to work on /usr/local/python/3.12.1/lib/python3.12/site-packages/airflow/example_dags/example_trigger_target_dag.py
[2025-01-22T13:15:56.453+0000] {processor.py:914} INFO - Processing file /usr/local/python/3.12.1/lib/python3.12/site-packages/airflow/example_dags/example_trigger_target_dag.py for tasks to queue
[2025-01-22T13:15:56.454+0000] {logging_mixin.py:190} INFO - [2025-01-22T13:15:56.454+0000] {dagbag.py:588} INFO - Filling up the DagBag from /usr/local/python/3.12.1/lib/python3.12/site-packages/airflow/example_dags/example_trigger_target_dag.py
[2025-01-22T13:15:56.460+0000] {processor.py:925} INFO - DAG(s) 'example_trigger_target_dag' retrieved from /usr/local/python/3.12.1/lib/python3.12/site-packages/airflow/example_dags/example_trigger_target_dag.py
[2025-01-22T13:15:56.470+0000] {logging_mixin.py:190} INFO - [2025-01-22T13:15:56.470+0000] {dag.py:3239} INFO - Sync 1 DAGs
[2025-01-22T13:15:56.480+0000] {logging_mixin.py:190} INFO - [2025-01-22T13:15:56.480+0000] {dag.py:4180} INFO - Setting next_dagrun for example_trigger_target_dag to None, run_after=None
[2025-01-22T13:15:56.494+0000] {processor.py:208} INFO - Processing /usr/local/python/3.12.1/lib/python3.12/site-packages/airflow/example_dags/example_trigger_target_dag.py took 0.046 seconds
[2025-01-22T13:16:48.270+0000] {processor.py:186} INFO - Started process (PID=18311) to work on /usr/local/python/3.12.1/lib/python3.12/site-packages/airflow/example_dags/example_trigger_target_dag.py
[2025-01-22T13:16:48.271+0000] {processor.py:914} INFO - Processing file /usr/local/python/3.12.1/lib/python3.12/site-packages/airflow/example_dags/example_trigger_target_dag.py for tasks to queue
[2025-01-22T13:16:48.273+0000] {logging_mixin.py:190} INFO - [2025-01-22T13:16:48.272+0000] {dagbag.py:588} INFO - Filling up the DagBag from /usr/local/python/3.12.1/lib/python3.12/site-packages/airflow/example_dags/example_trigger_target_dag.py
[2025-01-22T13:16:48.279+0000] {processor.py:925} INFO - DAG(s) 'example_trigger_target_dag' retrieved from /usr/local/python/3.12.1/lib/python3.12/site-packages/airflow/example_dags/example_trigger_target_dag.py
[2025-01-22T13:16:48.289+0000] {logging_mixin.py:190} INFO - [2025-01-22T13:16:48.289+0000] {dag.py:3239} INFO - Sync 1 DAGs
[2025-01-22T13:16:48.298+0000] {logging_mixin.py:190} INFO - [2025-01-22T13:16:48.298+0000] {dag.py:4180} INFO - Setting next_dagrun for example_trigger_target_dag to None, run_after=None
[2025-01-22T13:16:48.313+0000] {processor.py:208} INFO - Processing /usr/local/python/3.12.1/lib/python3.12/site-packages/airflow/example_dags/example_trigger_target_dag.py took 0.046 seconds
[2025-01-22T13:17:40.678+0000] {processor.py:186} INFO - Started process (PID=18802) to work on /usr/local/python/3.12.1/lib/python3.12/site-packages/airflow/example_dags/example_trigger_target_dag.py
[2025-01-22T13:17:40.679+0000] {processor.py:914} INFO - Processing file /usr/local/python/3.12.1/lib/python3.12/site-packages/airflow/example_dags/example_trigger_target_dag.py for tasks to queue
[2025-01-22T13:17:40.680+0000] {logging_mixin.py:190} INFO - [2025-01-22T13:17:40.680+0000] {dagbag.py:588} INFO - Filling up the DagBag from /usr/local/python/3.12.1/lib/python3.12/site-packages/airflow/example_dags/example_trigger_target_dag.py
[2025-01-22T13:17:40.686+0000] {processor.py:925} INFO - DAG(s) 'example_trigger_target_dag' retrieved from /usr/local/python/3.12.1/lib/python3.12/site-packages/airflow/example_dags/example_trigger_target_dag.py
[2025-01-22T13:17:40.697+0000] {logging_mixin.py:190} INFO - [2025-01-22T13:17:40.697+0000] {dag.py:3239} INFO - Sync 1 DAGs
[2025-01-22T13:17:40.706+0000] {logging_mixin.py:190} INFO - [2025-01-22T13:17:40.706+0000] {dag.py:4180} INFO - Setting next_dagrun for example_trigger_target_dag to None, run_after=None
[2025-01-22T13:17:40.720+0000] {processor.py:208} INFO - Processing /usr/local/python/3.12.1/lib/python3.12/site-packages/airflow/example_dags/example_trigger_target_dag.py took 0.046 seconds
[2025-01-22T13:18:31.365+0000] {processor.py:186} INFO - Started process (PID=19287) to work on /usr/local/python/3.12.1/lib/python3.12/site-packages/airflow/example_dags/example_trigger_target_dag.py
[2025-01-22T13:18:31.365+0000] {processor.py:914} INFO - Processing file /usr/local/python/3.12.1/lib/python3.12/site-packages/airflow/example_dags/example_trigger_target_dag.py for tasks to queue
[2025-01-22T13:18:31.367+0000] {logging_mixin.py:190} INFO - [2025-01-22T13:18:31.367+0000] {dagbag.py:588} INFO - Filling up the DagBag from /usr/local/python/3.12.1/lib/python3.12/site-packages/airflow/example_dags/example_trigger_target_dag.py
[2025-01-22T13:18:31.373+0000] {processor.py:925} INFO - DAG(s) 'example_trigger_target_dag' retrieved from /usr/local/python/3.12.1/lib/python3.12/site-packages/airflow/example_dags/example_trigger_target_dag.py
[2025-01-22T13:18:31.383+0000] {logging_mixin.py:190} INFO - [2025-01-22T13:18:31.383+0000] {dag.py:3239} INFO - Sync 1 DAGs
[2025-01-22T13:18:31.392+0000] {logging_mixin.py:190} INFO - [2025-01-22T13:18:31.392+0000] {dag.py:4180} INFO - Setting next_dagrun for example_trigger_target_dag to None, run_after=None
[2025-01-22T13:18:31.406+0000] {processor.py:208} INFO - Processing /usr/local/python/3.12.1/lib/python3.12/site-packages/airflow/example_dags/example_trigger_target_dag.py took 0.045 seconds
[2025-01-22T13:19:18.495+0000] {processor.py:186} INFO - Started process (PID=20081) to work on /usr/local/python/3.12.1/lib/python3.12/site-packages/airflow/example_dags/example_trigger_target_dag.py
[2025-01-22T13:19:18.496+0000] {processor.py:914} INFO - Processing file /usr/local/python/3.12.1/lib/python3.12/site-packages/airflow/example_dags/example_trigger_target_dag.py for tasks to queue
[2025-01-22T13:19:18.499+0000] {logging_mixin.py:190} INFO - [2025-01-22T13:19:18.499+0000] {dagbag.py:588} INFO - Filling up the DagBag from /usr/local/python/3.12.1/lib/python3.12/site-packages/airflow/example_dags/example_trigger_target_dag.py
[2025-01-22T13:19:18.510+0000] {processor.py:925} INFO - DAG(s) 'example_trigger_target_dag' retrieved from /usr/local/python/3.12.1/lib/python3.12/site-packages/airflow/example_dags/example_trigger_target_dag.py
[2025-01-22T13:19:18.529+0000] {logging_mixin.py:190} INFO - [2025-01-22T13:19:18.529+0000] {dag.py:3239} INFO - Sync 1 DAGs
[2025-01-22T13:19:18.543+0000] {logging_mixin.py:190} INFO - [2025-01-22T13:19:18.543+0000] {dag.py:4180} INFO - Setting next_dagrun for example_trigger_target_dag to None, run_after=None
[2025-01-22T13:19:18.567+0000] {processor.py:208} INFO - Processing /usr/local/python/3.12.1/lib/python3.12/site-packages/airflow/example_dags/example_trigger_target_dag.py took 0.095 seconds
[2025-01-22T13:20:09.405+0000] {processor.py:186} INFO - Started process (PID=21097) to work on /usr/local/python/3.12.1/lib/python3.12/site-packages/airflow/example_dags/example_trigger_target_dag.py
[2025-01-22T13:20:09.405+0000] {processor.py:914} INFO - Processing file /usr/local/python/3.12.1/lib/python3.12/site-packages/airflow/example_dags/example_trigger_target_dag.py for tasks to queue
[2025-01-22T13:20:09.407+0000] {logging_mixin.py:190} INFO - [2025-01-22T13:20:09.407+0000] {dagbag.py:588} INFO - Filling up the DagBag from /usr/local/python/3.12.1/lib/python3.12/site-packages/airflow/example_dags/example_trigger_target_dag.py
[2025-01-22T13:20:09.413+0000] {processor.py:925} INFO - DAG(s) 'example_trigger_target_dag' retrieved from /usr/local/python/3.12.1/lib/python3.12/site-packages/airflow/example_dags/example_trigger_target_dag.py
[2025-01-22T13:20:09.423+0000] {logging_mixin.py:190} INFO - [2025-01-22T13:20:09.423+0000] {dag.py:3239} INFO - Sync 1 DAGs
[2025-01-22T13:20:09.433+0000] {logging_mixin.py:190} INFO - [2025-01-22T13:20:09.433+0000] {dag.py:4180} INFO - Setting next_dagrun for example_trigger_target_dag to None, run_after=None
[2025-01-22T13:20:09.450+0000] {processor.py:208} INFO - Processing /usr/local/python/3.12.1/lib/python3.12/site-packages/airflow/example_dags/example_trigger_target_dag.py took 0.049 seconds
[2025-01-22T13:20:56.800+0000] {processor.py:186} INFO - Started process (PID=21535) to work on /usr/local/python/3.12.1/lib/python3.12/site-packages/airflow/example_dags/example_trigger_target_dag.py
[2025-01-22T13:20:56.800+0000] {processor.py:914} INFO - Processing file /usr/local/python/3.12.1/lib/python3.12/site-packages/airflow/example_dags/example_trigger_target_dag.py for tasks to queue
[2025-01-22T13:20:56.802+0000] {logging_mixin.py:190} INFO - [2025-01-22T13:20:56.802+0000] {dagbag.py:588} INFO - Filling up the DagBag from /usr/local/python/3.12.1/lib/python3.12/site-packages/airflow/example_dags/example_trigger_target_dag.py
[2025-01-22T13:20:56.808+0000] {processor.py:925} INFO - DAG(s) 'example_trigger_target_dag' retrieved from /usr/local/python/3.12.1/lib/python3.12/site-packages/airflow/example_dags/example_trigger_target_dag.py
[2025-01-22T13:20:56.818+0000] {logging_mixin.py:190} INFO - [2025-01-22T13:20:56.818+0000] {dag.py:3239} INFO - Sync 1 DAGs
[2025-01-22T13:20:56.827+0000] {logging_mixin.py:190} INFO - [2025-01-22T13:20:56.827+0000] {dag.py:4180} INFO - Setting next_dagrun for example_trigger_target_dag to None, run_after=None
[2025-01-22T13:20:56.842+0000] {processor.py:208} INFO - Processing /usr/local/python/3.12.1/lib/python3.12/site-packages/airflow/example_dags/example_trigger_target_dag.py took 0.047 seconds
