[2025-01-22T12:53:21.603+0000] {processor.py:186} INFO - Started process (PID=5975) to work on /usr/local/python/3.12.1/lib/python3.12/site-packages/airflow/example_dags/example_branch_day_of_week_operator.py
[2025-01-22T12:53:21.603+0000] {processor.py:914} INFO - Processing file /usr/local/python/3.12.1/lib/python3.12/site-packages/airflow/example_dags/example_branch_day_of_week_operator.py for tasks to queue
[2025-01-22T12:53:21.605+0000] {logging_mixin.py:190} INFO - [2025-01-22T12:53:21.605+0000] {dagbag.py:588} INFO - Filling up the DagBag from /usr/local/python/3.12.1/lib/python3.12/site-packages/airflow/example_dags/example_branch_day_of_week_operator.py
[2025-01-22T12:53:21.612+0000] {processor.py:925} INFO - DAG(s) 'example_weekday_branch_operator' retrieved from /usr/local/python/3.12.1/lib/python3.12/site-packages/airflow/example_dags/example_branch_day_of_week_operator.py
[2025-01-22T12:53:21.716+0000] {logging_mixin.py:190} INFO - [2025-01-22T12:53:21.715+0000] {override.py:1911} INFO - Created Permission View: can delete on DAG:example_weekday_branch_operator
[2025-01-22T12:53:21.723+0000] {logging_mixin.py:190} INFO - [2025-01-22T12:53:21.722+0000] {override.py:1911} INFO - Created Permission View: can edit on DAG:example_weekday_branch_operator
[2025-01-22T12:53:21.727+0000] {logging_mixin.py:190} INFO - [2025-01-22T12:53:21.727+0000] {override.py:1911} INFO - Created Permission View: can read on DAG:example_weekday_branch_operator
[2025-01-22T12:53:21.734+0000] {logging_mixin.py:190} INFO - [2025-01-22T12:53:21.734+0000] {override.py:1911} INFO - Created Permission View: can create on DAG Run:example_weekday_branch_operator
[2025-01-22T12:53:21.739+0000] {logging_mixin.py:190} INFO - [2025-01-22T12:53:21.739+0000] {override.py:1911} INFO - Created Permission View: can read on DAG Run:example_weekday_branch_operator
[2025-01-22T12:53:21.744+0000] {logging_mixin.py:190} INFO - [2025-01-22T12:53:21.744+0000] {override.py:1911} INFO - Created Permission View: menu access on DAG Run:example_weekday_branch_operator
[2025-01-22T12:53:21.748+0000] {logging_mixin.py:190} INFO - [2025-01-22T12:53:21.748+0000] {override.py:1911} INFO - Created Permission View: can delete on DAG Run:example_weekday_branch_operator
[2025-01-22T12:53:21.749+0000] {logging_mixin.py:190} INFO - [2025-01-22T12:53:21.749+0000] {dag.py:3239} INFO - Sync 1 DAGs
[2025-01-22T12:53:21.757+0000] {logging_mixin.py:190} INFO - [2025-01-22T12:53:21.757+0000] {dag.py:3262} INFO - Creating ORM DAG for example_weekday_branch_operator
[2025-01-22T12:53:21.763+0000] {logging_mixin.py:190} INFO - [2025-01-22T12:53:21.763+0000] {dag.py:4180} INFO - Setting next_dagrun for example_weekday_branch_operator to 2025-01-21 00:00:00+00:00, run_after=2025-01-22 00:00:00+00:00
[2025-01-22T12:53:21.778+0000] {processor.py:208} INFO - Processing /usr/local/python/3.12.1/lib/python3.12/site-packages/airflow/example_dags/example_branch_day_of_week_operator.py took 0.180 seconds
[2025-01-22T12:54:16.509+0000] {processor.py:186} INFO - Started process (PID=6776) to work on /usr/local/python/3.12.1/lib/python3.12/site-packages/airflow/example_dags/example_branch_day_of_week_operator.py
[2025-01-22T12:54:16.510+0000] {processor.py:914} INFO - Processing file /usr/local/python/3.12.1/lib/python3.12/site-packages/airflow/example_dags/example_branch_day_of_week_operator.py for tasks to queue
[2025-01-22T12:54:16.512+0000] {logging_mixin.py:190} INFO - [2025-01-22T12:54:16.512+0000] {dagbag.py:588} INFO - Filling up the DagBag from /usr/local/python/3.12.1/lib/python3.12/site-packages/airflow/example_dags/example_branch_day_of_week_operator.py
[2025-01-22T12:54:16.522+0000] {processor.py:925} INFO - DAG(s) 'example_weekday_branch_operator' retrieved from /usr/local/python/3.12.1/lib/python3.12/site-packages/airflow/example_dags/example_branch_day_of_week_operator.py
[2025-01-22T12:54:16.538+0000] {logging_mixin.py:190} INFO - [2025-01-22T12:54:16.538+0000] {dag.py:3239} INFO - Sync 1 DAGs
[2025-01-22T12:54:16.553+0000] {logging_mixin.py:190} INFO - [2025-01-22T12:54:16.553+0000] {dag.py:4180} INFO - Setting next_dagrun for example_weekday_branch_operator to 2025-01-21 00:00:00+00:00, run_after=2025-01-22 00:00:00+00:00
[2025-01-22T12:54:16.567+0000] {processor.py:208} INFO - Processing /usr/local/python/3.12.1/lib/python3.12/site-packages/airflow/example_dags/example_branch_day_of_week_operator.py took 0.062 seconds
[2025-01-22T12:55:33.297+0000] {processor.py:186} INFO - Started process (PID=7566) to work on /usr/local/python/3.12.1/lib/python3.12/site-packages/airflow/example_dags/example_branch_day_of_week_operator.py
[2025-01-22T12:55:33.298+0000] {processor.py:914} INFO - Processing file /usr/local/python/3.12.1/lib/python3.12/site-packages/airflow/example_dags/example_branch_day_of_week_operator.py for tasks to queue
[2025-01-22T12:55:33.300+0000] {logging_mixin.py:190} INFO - [2025-01-22T12:55:33.299+0000] {dagbag.py:588} INFO - Filling up the DagBag from /usr/local/python/3.12.1/lib/python3.12/site-packages/airflow/example_dags/example_branch_day_of_week_operator.py
[2025-01-22T12:55:33.307+0000] {processor.py:925} INFO - DAG(s) 'example_weekday_branch_operator' retrieved from /usr/local/python/3.12.1/lib/python3.12/site-packages/airflow/example_dags/example_branch_day_of_week_operator.py
[2025-01-22T12:55:33.318+0000] {logging_mixin.py:190} INFO - [2025-01-22T12:55:33.318+0000] {dag.py:3239} INFO - Sync 1 DAGs
[2025-01-22T12:55:33.333+0000] {logging_mixin.py:190} INFO - [2025-01-22T12:55:33.333+0000] {dag.py:4180} INFO - Setting next_dagrun for example_weekday_branch_operator to 2025-01-21 00:00:00+00:00, run_after=2025-01-22 00:00:00+00:00
[2025-01-22T12:55:33.348+0000] {processor.py:208} INFO - Processing /usr/local/python/3.12.1/lib/python3.12/site-packages/airflow/example_dags/example_branch_day_of_week_operator.py took 0.054 seconds
[2025-01-22T12:56:51.527+0000] {processor.py:186} INFO - Started process (PID=8161) to work on /usr/local/python/3.12.1/lib/python3.12/site-packages/airflow/example_dags/example_branch_day_of_week_operator.py
[2025-01-22T12:56:51.528+0000] {processor.py:914} INFO - Processing file /usr/local/python/3.12.1/lib/python3.12/site-packages/airflow/example_dags/example_branch_day_of_week_operator.py for tasks to queue
[2025-01-22T12:56:51.529+0000] {logging_mixin.py:190} INFO - [2025-01-22T12:56:51.529+0000] {dagbag.py:588} INFO - Filling up the DagBag from /usr/local/python/3.12.1/lib/python3.12/site-packages/airflow/example_dags/example_branch_day_of_week_operator.py
[2025-01-22T12:56:51.536+0000] {processor.py:925} INFO - DAG(s) 'example_weekday_branch_operator' retrieved from /usr/local/python/3.12.1/lib/python3.12/site-packages/airflow/example_dags/example_branch_day_of_week_operator.py
[2025-01-22T12:56:51.547+0000] {logging_mixin.py:190} INFO - [2025-01-22T12:56:51.547+0000] {dag.py:3239} INFO - Sync 1 DAGs
[2025-01-22T12:56:51.562+0000] {logging_mixin.py:190} INFO - [2025-01-22T12:56:51.562+0000] {dag.py:4180} INFO - Setting next_dagrun for example_weekday_branch_operator to 2025-01-21 00:00:00+00:00, run_after=2025-01-22 00:00:00+00:00
[2025-01-22T12:56:51.575+0000] {processor.py:208} INFO - Processing /usr/local/python/3.12.1/lib/python3.12/site-packages/airflow/example_dags/example_branch_day_of_week_operator.py took 0.052 seconds
[2025-01-22T12:58:06.323+0000] {processor.py:186} INFO - Started process (PID=8831) to work on /usr/local/python/3.12.1/lib/python3.12/site-packages/airflow/example_dags/example_branch_day_of_week_operator.py
[2025-01-22T12:58:06.324+0000] {processor.py:914} INFO - Processing file /usr/local/python/3.12.1/lib/python3.12/site-packages/airflow/example_dags/example_branch_day_of_week_operator.py for tasks to queue
[2025-01-22T12:58:06.325+0000] {logging_mixin.py:190} INFO - [2025-01-22T12:58:06.325+0000] {dagbag.py:588} INFO - Filling up the DagBag from /usr/local/python/3.12.1/lib/python3.12/site-packages/airflow/example_dags/example_branch_day_of_week_operator.py
[2025-01-22T12:58:06.333+0000] {processor.py:925} INFO - DAG(s) 'example_weekday_branch_operator' retrieved from /usr/local/python/3.12.1/lib/python3.12/site-packages/airflow/example_dags/example_branch_day_of_week_operator.py
[2025-01-22T12:58:06.344+0000] {logging_mixin.py:190} INFO - [2025-01-22T12:58:06.344+0000] {dag.py:3239} INFO - Sync 1 DAGs
[2025-01-22T12:58:06.360+0000] {logging_mixin.py:190} INFO - [2025-01-22T12:58:06.359+0000] {dag.py:4180} INFO - Setting next_dagrun for example_weekday_branch_operator to 2025-01-21 00:00:00+00:00, run_after=2025-01-22 00:00:00+00:00
[2025-01-22T12:58:06.374+0000] {processor.py:208} INFO - Processing /usr/local/python/3.12.1/lib/python3.12/site-packages/airflow/example_dags/example_branch_day_of_week_operator.py took 0.055 seconds
[2025-01-22T12:59:22.199+0000] {processor.py:186} INFO - Started process (PID=9477) to work on /usr/local/python/3.12.1/lib/python3.12/site-packages/airflow/example_dags/example_branch_day_of_week_operator.py
[2025-01-22T12:59:22.200+0000] {processor.py:914} INFO - Processing file /usr/local/python/3.12.1/lib/python3.12/site-packages/airflow/example_dags/example_branch_day_of_week_operator.py for tasks to queue
[2025-01-22T12:59:22.201+0000] {logging_mixin.py:190} INFO - [2025-01-22T12:59:22.201+0000] {dagbag.py:588} INFO - Filling up the DagBag from /usr/local/python/3.12.1/lib/python3.12/site-packages/airflow/example_dags/example_branch_day_of_week_operator.py
[2025-01-22T12:59:22.209+0000] {processor.py:925} INFO - DAG(s) 'example_weekday_branch_operator' retrieved from /usr/local/python/3.12.1/lib/python3.12/site-packages/airflow/example_dags/example_branch_day_of_week_operator.py
[2025-01-22T12:59:22.222+0000] {logging_mixin.py:190} INFO - [2025-01-22T12:59:22.222+0000] {dag.py:3239} INFO - Sync 1 DAGs
[2025-01-22T12:59:22.239+0000] {logging_mixin.py:190} INFO - [2025-01-22T12:59:22.239+0000] {dag.py:4180} INFO - Setting next_dagrun for example_weekday_branch_operator to 2025-01-21 00:00:00+00:00, run_after=2025-01-22 00:00:00+00:00
[2025-01-22T12:59:22.255+0000] {processor.py:208} INFO - Processing /usr/local/python/3.12.1/lib/python3.12/site-packages/airflow/example_dags/example_branch_day_of_week_operator.py took 0.060 seconds
[2025-01-22T13:00:39.151+0000] {processor.py:186} INFO - Started process (PID=10096) to work on /usr/local/python/3.12.1/lib/python3.12/site-packages/airflow/example_dags/example_branch_day_of_week_operator.py
[2025-01-22T13:00:39.152+0000] {processor.py:914} INFO - Processing file /usr/local/python/3.12.1/lib/python3.12/site-packages/airflow/example_dags/example_branch_day_of_week_operator.py for tasks to queue
[2025-01-22T13:00:39.153+0000] {logging_mixin.py:190} INFO - [2025-01-22T13:00:39.153+0000] {dagbag.py:588} INFO - Filling up the DagBag from /usr/local/python/3.12.1/lib/python3.12/site-packages/airflow/example_dags/example_branch_day_of_week_operator.py
[2025-01-22T13:00:39.161+0000] {processor.py:925} INFO - DAG(s) 'example_weekday_branch_operator' retrieved from /usr/local/python/3.12.1/lib/python3.12/site-packages/airflow/example_dags/example_branch_day_of_week_operator.py
[2025-01-22T13:00:39.172+0000] {logging_mixin.py:190} INFO - [2025-01-22T13:00:39.171+0000] {dag.py:3239} INFO - Sync 1 DAGs
[2025-01-22T13:00:39.190+0000] {logging_mixin.py:190} INFO - [2025-01-22T13:00:39.189+0000] {dag.py:4180} INFO - Setting next_dagrun for example_weekday_branch_operator to 2025-01-21 00:00:00+00:00, run_after=2025-01-22 00:00:00+00:00
[2025-01-22T13:00:39.210+0000] {processor.py:208} INFO - Processing /usr/local/python/3.12.1/lib/python3.12/site-packages/airflow/example_dags/example_branch_day_of_week_operator.py took 0.062 seconds
[2025-01-22T13:01:58.248+0000] {processor.py:186} INFO - Started process (PID=10718) to work on /usr/local/python/3.12.1/lib/python3.12/site-packages/airflow/example_dags/example_branch_day_of_week_operator.py
[2025-01-22T13:01:58.249+0000] {processor.py:914} INFO - Processing file /usr/local/python/3.12.1/lib/python3.12/site-packages/airflow/example_dags/example_branch_day_of_week_operator.py for tasks to queue
[2025-01-22T13:01:58.251+0000] {logging_mixin.py:190} INFO - [2025-01-22T13:01:58.250+0000] {dagbag.py:588} INFO - Filling up the DagBag from /usr/local/python/3.12.1/lib/python3.12/site-packages/airflow/example_dags/example_branch_day_of_week_operator.py
[2025-01-22T13:01:58.261+0000] {processor.py:925} INFO - DAG(s) 'example_weekday_branch_operator' retrieved from /usr/local/python/3.12.1/lib/python3.12/site-packages/airflow/example_dags/example_branch_day_of_week_operator.py
[2025-01-22T13:01:58.277+0000] {logging_mixin.py:190} INFO - [2025-01-22T13:01:58.277+0000] {dag.py:3239} INFO - Sync 1 DAGs
[2025-01-22T13:01:58.299+0000] {logging_mixin.py:190} INFO - [2025-01-22T13:01:58.298+0000] {dag.py:4180} INFO - Setting next_dagrun for example_weekday_branch_operator to 2025-01-21 00:00:00+00:00, run_after=2025-01-22 00:00:00+00:00
[2025-01-22T13:01:58.312+0000] {processor.py:208} INFO - Processing /usr/local/python/3.12.1/lib/python3.12/site-packages/airflow/example_dags/example_branch_day_of_week_operator.py took 0.070 seconds
[2025-01-22T13:03:08.023+0000] {processor.py:186} INFO - Started process (PID=11327) to work on /usr/local/python/3.12.1/lib/python3.12/site-packages/airflow/example_dags/example_branch_day_of_week_operator.py
[2025-01-22T13:03:08.024+0000] {processor.py:914} INFO - Processing file /usr/local/python/3.12.1/lib/python3.12/site-packages/airflow/example_dags/example_branch_day_of_week_operator.py for tasks to queue
[2025-01-22T13:03:08.025+0000] {logging_mixin.py:190} INFO - [2025-01-22T13:03:08.025+0000] {dagbag.py:588} INFO - Filling up the DagBag from /usr/local/python/3.12.1/lib/python3.12/site-packages/airflow/example_dags/example_branch_day_of_week_operator.py
[2025-01-22T13:03:08.033+0000] {processor.py:925} INFO - DAG(s) 'example_weekday_branch_operator' retrieved from /usr/local/python/3.12.1/lib/python3.12/site-packages/airflow/example_dags/example_branch_day_of_week_operator.py
[2025-01-22T13:03:08.044+0000] {logging_mixin.py:190} INFO - [2025-01-22T13:03:08.043+0000] {dag.py:3239} INFO - Sync 1 DAGs
[2025-01-22T13:03:08.059+0000] {logging_mixin.py:190} INFO - [2025-01-22T13:03:08.059+0000] {dag.py:4180} INFO - Setting next_dagrun for example_weekday_branch_operator to 2025-01-21 00:00:00+00:00, run_after=2025-01-22 00:00:00+00:00
[2025-01-22T13:03:08.084+0000] {processor.py:208} INFO - Processing /usr/local/python/3.12.1/lib/python3.12/site-packages/airflow/example_dags/example_branch_day_of_week_operator.py took 0.065 seconds
[2025-01-22T13:04:27.089+0000] {processor.py:186} INFO - Started process (PID=12016) to work on /usr/local/python/3.12.1/lib/python3.12/site-packages/airflow/example_dags/example_branch_day_of_week_operator.py
[2025-01-22T13:04:27.090+0000] {processor.py:914} INFO - Processing file /usr/local/python/3.12.1/lib/python3.12/site-packages/airflow/example_dags/example_branch_day_of_week_operator.py for tasks to queue
[2025-01-22T13:04:27.091+0000] {logging_mixin.py:190} INFO - [2025-01-22T13:04:27.091+0000] {dagbag.py:588} INFO - Filling up the DagBag from /usr/local/python/3.12.1/lib/python3.12/site-packages/airflow/example_dags/example_branch_day_of_week_operator.py
[2025-01-22T13:04:27.098+0000] {processor.py:925} INFO - DAG(s) 'example_weekday_branch_operator' retrieved from /usr/local/python/3.12.1/lib/python3.12/site-packages/airflow/example_dags/example_branch_day_of_week_operator.py
[2025-01-22T13:04:27.109+0000] {logging_mixin.py:190} INFO - [2025-01-22T13:04:27.109+0000] {dag.py:3239} INFO - Sync 1 DAGs
[2025-01-22T13:04:27.125+0000] {logging_mixin.py:190} INFO - [2025-01-22T13:04:27.125+0000] {dag.py:4180} INFO - Setting next_dagrun for example_weekday_branch_operator to 2025-01-21 00:00:00+00:00, run_after=2025-01-22 00:00:00+00:00
[2025-01-22T13:04:27.139+0000] {processor.py:208} INFO - Processing /usr/local/python/3.12.1/lib/python3.12/site-packages/airflow/example_dags/example_branch_day_of_week_operator.py took 0.054 seconds
[2025-01-22T13:05:43.809+0000] {processor.py:186} INFO - Started process (PID=12630) to work on /usr/local/python/3.12.1/lib/python3.12/site-packages/airflow/example_dags/example_branch_day_of_week_operator.py
[2025-01-22T13:05:43.810+0000] {processor.py:914} INFO - Processing file /usr/local/python/3.12.1/lib/python3.12/site-packages/airflow/example_dags/example_branch_day_of_week_operator.py for tasks to queue
[2025-01-22T13:05:43.811+0000] {logging_mixin.py:190} INFO - [2025-01-22T13:05:43.811+0000] {dagbag.py:588} INFO - Filling up the DagBag from /usr/local/python/3.12.1/lib/python3.12/site-packages/airflow/example_dags/example_branch_day_of_week_operator.py
[2025-01-22T13:05:43.819+0000] {processor.py:925} INFO - DAG(s) 'example_weekday_branch_operator' retrieved from /usr/local/python/3.12.1/lib/python3.12/site-packages/airflow/example_dags/example_branch_day_of_week_operator.py
[2025-01-22T13:05:43.830+0000] {logging_mixin.py:190} INFO - [2025-01-22T13:05:43.829+0000] {dag.py:3239} INFO - Sync 1 DAGs
[2025-01-22T13:05:43.845+0000] {logging_mixin.py:190} INFO - [2025-01-22T13:05:43.845+0000] {dag.py:4180} INFO - Setting next_dagrun for example_weekday_branch_operator to 2025-01-21 00:00:00+00:00, run_after=2025-01-22 00:00:00+00:00
[2025-01-22T13:05:43.859+0000] {processor.py:208} INFO - Processing /usr/local/python/3.12.1/lib/python3.12/site-packages/airflow/example_dags/example_branch_day_of_week_operator.py took 0.053 seconds
[2025-01-22T13:06:55.069+0000] {processor.py:186} INFO - Started process (PID=13198) to work on /usr/local/python/3.12.1/lib/python3.12/site-packages/airflow/example_dags/example_branch_day_of_week_operator.py
[2025-01-22T13:06:55.069+0000] {processor.py:914} INFO - Processing file /usr/local/python/3.12.1/lib/python3.12/site-packages/airflow/example_dags/example_branch_day_of_week_operator.py for tasks to queue
[2025-01-22T13:06:55.071+0000] {logging_mixin.py:190} INFO - [2025-01-22T13:06:55.071+0000] {dagbag.py:588} INFO - Filling up the DagBag from /usr/local/python/3.12.1/lib/python3.12/site-packages/airflow/example_dags/example_branch_day_of_week_operator.py
[2025-01-22T13:06:55.078+0000] {processor.py:925} INFO - DAG(s) 'example_weekday_branch_operator' retrieved from /usr/local/python/3.12.1/lib/python3.12/site-packages/airflow/example_dags/example_branch_day_of_week_operator.py
[2025-01-22T13:06:55.090+0000] {logging_mixin.py:190} INFO - [2025-01-22T13:06:55.090+0000] {dag.py:3239} INFO - Sync 1 DAGs
[2025-01-22T13:06:55.105+0000] {logging_mixin.py:190} INFO - [2025-01-22T13:06:55.105+0000] {dag.py:4180} INFO - Setting next_dagrun for example_weekday_branch_operator to 2025-01-21 00:00:00+00:00, run_after=2025-01-22 00:00:00+00:00
[2025-01-22T13:06:55.119+0000] {processor.py:208} INFO - Processing /usr/local/python/3.12.1/lib/python3.12/site-packages/airflow/example_dags/example_branch_day_of_week_operator.py took 0.054 seconds
[2025-01-22T13:08:15.097+0000] {processor.py:186} INFO - Started process (PID=14015) to work on /usr/local/python/3.12.1/lib/python3.12/site-packages/airflow/example_dags/example_branch_day_of_week_operator.py
[2025-01-22T13:08:15.098+0000] {processor.py:914} INFO - Processing file /usr/local/python/3.12.1/lib/python3.12/site-packages/airflow/example_dags/example_branch_day_of_week_operator.py for tasks to queue
[2025-01-22T13:08:15.099+0000] {logging_mixin.py:190} INFO - [2025-01-22T13:08:15.099+0000] {dagbag.py:588} INFO - Filling up the DagBag from /usr/local/python/3.12.1/lib/python3.12/site-packages/airflow/example_dags/example_branch_day_of_week_operator.py
[2025-01-22T13:08:15.107+0000] {processor.py:925} INFO - DAG(s) 'example_weekday_branch_operator' retrieved from /usr/local/python/3.12.1/lib/python3.12/site-packages/airflow/example_dags/example_branch_day_of_week_operator.py
[2025-01-22T13:08:15.121+0000] {logging_mixin.py:190} INFO - [2025-01-22T13:08:15.121+0000] {dag.py:3239} INFO - Sync 1 DAGs
[2025-01-22T13:08:15.137+0000] {logging_mixin.py:190} INFO - [2025-01-22T13:08:15.137+0000] {dag.py:4180} INFO - Setting next_dagrun for example_weekday_branch_operator to 2025-01-21 00:00:00+00:00, run_after=2025-01-22 00:00:00+00:00
[2025-01-22T13:08:15.152+0000] {processor.py:208} INFO - Processing /usr/local/python/3.12.1/lib/python3.12/site-packages/airflow/example_dags/example_branch_day_of_week_operator.py took 0.059 seconds
[2025-01-22T13:09:31.900+0000] {processor.py:186} INFO - Started process (PID=14733) to work on /usr/local/python/3.12.1/lib/python3.12/site-packages/airflow/example_dags/example_branch_day_of_week_operator.py
[2025-01-22T13:09:31.901+0000] {processor.py:914} INFO - Processing file /usr/local/python/3.12.1/lib/python3.12/site-packages/airflow/example_dags/example_branch_day_of_week_operator.py for tasks to queue
[2025-01-22T13:09:31.902+0000] {logging_mixin.py:190} INFO - [2025-01-22T13:09:31.902+0000] {dagbag.py:588} INFO - Filling up the DagBag from /usr/local/python/3.12.1/lib/python3.12/site-packages/airflow/example_dags/example_branch_day_of_week_operator.py
[2025-01-22T13:09:31.910+0000] {processor.py:925} INFO - DAG(s) 'example_weekday_branch_operator' retrieved from /usr/local/python/3.12.1/lib/python3.12/site-packages/airflow/example_dags/example_branch_day_of_week_operator.py
[2025-01-22T13:09:31.920+0000] {logging_mixin.py:190} INFO - [2025-01-22T13:09:31.920+0000] {dag.py:3239} INFO - Sync 1 DAGs
[2025-01-22T13:09:31.941+0000] {logging_mixin.py:190} INFO - [2025-01-22T13:09:31.940+0000] {dag.py:4180} INFO - Setting next_dagrun for example_weekday_branch_operator to 2025-01-21 00:00:00+00:00, run_after=2025-01-22 00:00:00+00:00
[2025-01-22T13:09:31.962+0000] {processor.py:208} INFO - Processing /usr/local/python/3.12.1/lib/python3.12/site-packages/airflow/example_dags/example_branch_day_of_week_operator.py took 0.065 seconds
[2025-01-22T13:10:45.980+0000] {processor.py:186} INFO - Started process (PID=15316) to work on /usr/local/python/3.12.1/lib/python3.12/site-packages/airflow/example_dags/example_branch_day_of_week_operator.py
[2025-01-22T13:10:45.981+0000] {processor.py:914} INFO - Processing file /usr/local/python/3.12.1/lib/python3.12/site-packages/airflow/example_dags/example_branch_day_of_week_operator.py for tasks to queue
[2025-01-22T13:10:45.982+0000] {logging_mixin.py:190} INFO - [2025-01-22T13:10:45.982+0000] {dagbag.py:588} INFO - Filling up the DagBag from /usr/local/python/3.12.1/lib/python3.12/site-packages/airflow/example_dags/example_branch_day_of_week_operator.py
[2025-01-22T13:10:45.990+0000] {processor.py:925} INFO - DAG(s) 'example_weekday_branch_operator' retrieved from /usr/local/python/3.12.1/lib/python3.12/site-packages/airflow/example_dags/example_branch_day_of_week_operator.py
[2025-01-22T13:10:46.001+0000] {logging_mixin.py:190} INFO - [2025-01-22T13:10:46.000+0000] {dag.py:3239} INFO - Sync 1 DAGs
[2025-01-22T13:10:46.016+0000] {logging_mixin.py:190} INFO - [2025-01-22T13:10:46.015+0000] {dag.py:4180} INFO - Setting next_dagrun for example_weekday_branch_operator to 2025-01-21 00:00:00+00:00, run_after=2025-01-22 00:00:00+00:00
[2025-01-22T13:10:46.033+0000] {processor.py:208} INFO - Processing /usr/local/python/3.12.1/lib/python3.12/site-packages/airflow/example_dags/example_branch_day_of_week_operator.py took 0.056 seconds
[2025-01-22T13:12:00.948+0000] {processor.py:186} INFO - Started process (PID=15916) to work on /usr/local/python/3.12.1/lib/python3.12/site-packages/airflow/example_dags/example_branch_day_of_week_operator.py
[2025-01-22T13:12:00.949+0000] {processor.py:914} INFO - Processing file /usr/local/python/3.12.1/lib/python3.12/site-packages/airflow/example_dags/example_branch_day_of_week_operator.py for tasks to queue
[2025-01-22T13:12:00.950+0000] {logging_mixin.py:190} INFO - [2025-01-22T13:12:00.950+0000] {dagbag.py:588} INFO - Filling up the DagBag from /usr/local/python/3.12.1/lib/python3.12/site-packages/airflow/example_dags/example_branch_day_of_week_operator.py
[2025-01-22T13:12:00.957+0000] {processor.py:925} INFO - DAG(s) 'example_weekday_branch_operator' retrieved from /usr/local/python/3.12.1/lib/python3.12/site-packages/airflow/example_dags/example_branch_day_of_week_operator.py
[2025-01-22T13:12:00.969+0000] {logging_mixin.py:190} INFO - [2025-01-22T13:12:00.969+0000] {dag.py:3239} INFO - Sync 1 DAGs
[2025-01-22T13:12:00.983+0000] {logging_mixin.py:190} INFO - [2025-01-22T13:12:00.983+0000] {dag.py:4180} INFO - Setting next_dagrun for example_weekday_branch_operator to 2025-01-21 00:00:00+00:00, run_after=2025-01-22 00:00:00+00:00
[2025-01-22T13:12:00.997+0000] {processor.py:208} INFO - Processing /usr/local/python/3.12.1/lib/python3.12/site-packages/airflow/example_dags/example_branch_day_of_week_operator.py took 0.053 seconds
[2025-01-22T13:13:18.841+0000] {processor.py:186} INFO - Started process (PID=16573) to work on /usr/local/python/3.12.1/lib/python3.12/site-packages/airflow/example_dags/example_branch_day_of_week_operator.py
[2025-01-22T13:13:18.841+0000] {processor.py:914} INFO - Processing file /usr/local/python/3.12.1/lib/python3.12/site-packages/airflow/example_dags/example_branch_day_of_week_operator.py for tasks to queue
[2025-01-22T13:13:18.843+0000] {logging_mixin.py:190} INFO - [2025-01-22T13:13:18.843+0000] {dagbag.py:588} INFO - Filling up the DagBag from /usr/local/python/3.12.1/lib/python3.12/site-packages/airflow/example_dags/example_branch_day_of_week_operator.py
[2025-01-22T13:13:18.853+0000] {processor.py:925} INFO - DAG(s) 'example_weekday_branch_operator' retrieved from /usr/local/python/3.12.1/lib/python3.12/site-packages/airflow/example_dags/example_branch_day_of_week_operator.py
[2025-01-22T13:13:18.866+0000] {logging_mixin.py:190} INFO - [2025-01-22T13:13:18.866+0000] {dag.py:3239} INFO - Sync 1 DAGs
[2025-01-22T13:13:18.881+0000] {logging_mixin.py:190} INFO - [2025-01-22T13:13:18.881+0000] {dag.py:4180} INFO - Setting next_dagrun for example_weekday_branch_operator to 2025-01-21 00:00:00+00:00, run_after=2025-01-22 00:00:00+00:00
[2025-01-22T13:13:18.897+0000] {processor.py:208} INFO - Processing /usr/local/python/3.12.1/lib/python3.12/site-packages/airflow/example_dags/example_branch_day_of_week_operator.py took 0.062 seconds
[2025-01-22T13:14:38.390+0000] {processor.py:186} INFO - Started process (PID=17263) to work on /usr/local/python/3.12.1/lib/python3.12/site-packages/airflow/example_dags/example_branch_day_of_week_operator.py
[2025-01-22T13:14:38.390+0000] {processor.py:914} INFO - Processing file /usr/local/python/3.12.1/lib/python3.12/site-packages/airflow/example_dags/example_branch_day_of_week_operator.py for tasks to queue
[2025-01-22T13:14:38.392+0000] {logging_mixin.py:190} INFO - [2025-01-22T13:14:38.392+0000] {dagbag.py:588} INFO - Filling up the DagBag from /usr/local/python/3.12.1/lib/python3.12/site-packages/airflow/example_dags/example_branch_day_of_week_operator.py
[2025-01-22T13:14:38.399+0000] {processor.py:925} INFO - DAG(s) 'example_weekday_branch_operator' retrieved from /usr/local/python/3.12.1/lib/python3.12/site-packages/airflow/example_dags/example_branch_day_of_week_operator.py
[2025-01-22T13:14:38.410+0000] {logging_mixin.py:190} INFO - [2025-01-22T13:14:38.410+0000] {dag.py:3239} INFO - Sync 1 DAGs
[2025-01-22T13:14:38.425+0000] {logging_mixin.py:190} INFO - [2025-01-22T13:14:38.425+0000] {dag.py:4180} INFO - Setting next_dagrun for example_weekday_branch_operator to 2025-01-21 00:00:00+00:00, run_after=2025-01-22 00:00:00+00:00
[2025-01-22T13:14:38.440+0000] {processor.py:208} INFO - Processing /usr/local/python/3.12.1/lib/python3.12/site-packages/airflow/example_dags/example_branch_day_of_week_operator.py took 0.054 seconds
[2025-01-22T13:15:51.588+0000] {processor.py:186} INFO - Started process (PID=17839) to work on /usr/local/python/3.12.1/lib/python3.12/site-packages/airflow/example_dags/example_branch_day_of_week_operator.py
[2025-01-22T13:15:51.588+0000] {processor.py:914} INFO - Processing file /usr/local/python/3.12.1/lib/python3.12/site-packages/airflow/example_dags/example_branch_day_of_week_operator.py for tasks to queue
[2025-01-22T13:15:51.590+0000] {logging_mixin.py:190} INFO - [2025-01-22T13:15:51.590+0000] {dagbag.py:588} INFO - Filling up the DagBag from /usr/local/python/3.12.1/lib/python3.12/site-packages/airflow/example_dags/example_branch_day_of_week_operator.py
[2025-01-22T13:15:51.597+0000] {processor.py:925} INFO - DAG(s) 'example_weekday_branch_operator' retrieved from /usr/local/python/3.12.1/lib/python3.12/site-packages/airflow/example_dags/example_branch_day_of_week_operator.py
[2025-01-22T13:15:51.609+0000] {logging_mixin.py:190} INFO - [2025-01-22T13:15:51.609+0000] {dag.py:3239} INFO - Sync 1 DAGs
[2025-01-22T13:15:51.624+0000] {logging_mixin.py:190} INFO - [2025-01-22T13:15:51.624+0000] {dag.py:4180} INFO - Setting next_dagrun for example_weekday_branch_operator to 2025-01-21 00:00:00+00:00, run_after=2025-01-22 00:00:00+00:00
[2025-01-22T13:15:51.638+0000] {processor.py:208} INFO - Processing /usr/local/python/3.12.1/lib/python3.12/site-packages/airflow/example_dags/example_branch_day_of_week_operator.py took 0.054 seconds
[2025-01-22T13:17:11.083+0000] {processor.py:186} INFO - Started process (PID=18472) to work on /usr/local/python/3.12.1/lib/python3.12/site-packages/airflow/example_dags/example_branch_day_of_week_operator.py
[2025-01-22T13:17:11.084+0000] {processor.py:914} INFO - Processing file /usr/local/python/3.12.1/lib/python3.12/site-packages/airflow/example_dags/example_branch_day_of_week_operator.py for tasks to queue
[2025-01-22T13:17:11.085+0000] {logging_mixin.py:190} INFO - [2025-01-22T13:17:11.085+0000] {dagbag.py:588} INFO - Filling up the DagBag from /usr/local/python/3.12.1/lib/python3.12/site-packages/airflow/example_dags/example_branch_day_of_week_operator.py
[2025-01-22T13:17:11.092+0000] {processor.py:925} INFO - DAG(s) 'example_weekday_branch_operator' retrieved from /usr/local/python/3.12.1/lib/python3.12/site-packages/airflow/example_dags/example_branch_day_of_week_operator.py
[2025-01-22T13:17:11.104+0000] {logging_mixin.py:190} INFO - [2025-01-22T13:17:11.103+0000] {dag.py:3239} INFO - Sync 1 DAGs
[2025-01-22T13:17:11.119+0000] {logging_mixin.py:190} INFO - [2025-01-22T13:17:11.119+0000] {dag.py:4180} INFO - Setting next_dagrun for example_weekday_branch_operator to 2025-01-21 00:00:00+00:00, run_after=2025-01-22 00:00:00+00:00
[2025-01-22T13:17:11.133+0000] {processor.py:208} INFO - Processing /usr/local/python/3.12.1/lib/python3.12/site-packages/airflow/example_dags/example_branch_day_of_week_operator.py took 0.054 seconds
[2025-01-22T13:18:25.696+0000] {processor.py:186} INFO - Started process (PID=19197) to work on /usr/local/python/3.12.1/lib/python3.12/site-packages/airflow/example_dags/example_branch_day_of_week_operator.py
[2025-01-22T13:18:25.696+0000] {processor.py:914} INFO - Processing file /usr/local/python/3.12.1/lib/python3.12/site-packages/airflow/example_dags/example_branch_day_of_week_operator.py for tasks to queue
[2025-01-22T13:18:25.698+0000] {logging_mixin.py:190} INFO - [2025-01-22T13:18:25.697+0000] {dagbag.py:588} INFO - Filling up the DagBag from /usr/local/python/3.12.1/lib/python3.12/site-packages/airflow/example_dags/example_branch_day_of_week_operator.py
[2025-01-22T13:18:25.705+0000] {processor.py:925} INFO - DAG(s) 'example_weekday_branch_operator' retrieved from /usr/local/python/3.12.1/lib/python3.12/site-packages/airflow/example_dags/example_branch_day_of_week_operator.py
[2025-01-22T13:18:25.716+0000] {logging_mixin.py:190} INFO - [2025-01-22T13:18:25.716+0000] {dag.py:3239} INFO - Sync 1 DAGs
[2025-01-22T13:18:25.731+0000] {logging_mixin.py:190} INFO - [2025-01-22T13:18:25.731+0000] {dag.py:4180} INFO - Setting next_dagrun for example_weekday_branch_operator to 2025-01-21 00:00:00+00:00, run_after=2025-01-22 00:00:00+00:00
[2025-01-22T13:18:25.746+0000] {processor.py:208} INFO - Processing /usr/local/python/3.12.1/lib/python3.12/site-packages/airflow/example_dags/example_branch_day_of_week_operator.py took 0.054 seconds
[2025-01-22T13:19:39.826+0000] {processor.py:186} INFO - Started process (PID=20503) to work on /usr/local/python/3.12.1/lib/python3.12/site-packages/airflow/example_dags/example_branch_day_of_week_operator.py
[2025-01-22T13:19:39.826+0000] {processor.py:914} INFO - Processing file /usr/local/python/3.12.1/lib/python3.12/site-packages/airflow/example_dags/example_branch_day_of_week_operator.py for tasks to queue
[2025-01-22T13:19:39.828+0000] {logging_mixin.py:190} INFO - [2025-01-22T13:19:39.828+0000] {dagbag.py:588} INFO - Filling up the DagBag from /usr/local/python/3.12.1/lib/python3.12/site-packages/airflow/example_dags/example_branch_day_of_week_operator.py
[2025-01-22T13:19:39.835+0000] {processor.py:925} INFO - DAG(s) 'example_weekday_branch_operator' retrieved from /usr/local/python/3.12.1/lib/python3.12/site-packages/airflow/example_dags/example_branch_day_of_week_operator.py
[2025-01-22T13:19:39.846+0000] {logging_mixin.py:190} INFO - [2025-01-22T13:19:39.846+0000] {dag.py:3239} INFO - Sync 1 DAGs
[2025-01-22T13:19:39.861+0000] {logging_mixin.py:190} INFO - [2025-01-22T13:19:39.861+0000] {dag.py:4180} INFO - Setting next_dagrun for example_weekday_branch_operator to 2025-01-21 00:00:00+00:00, run_after=2025-01-22 00:00:00+00:00
[2025-01-22T13:19:39.875+0000] {processor.py:208} INFO - Processing /usr/local/python/3.12.1/lib/python3.12/site-packages/airflow/example_dags/example_branch_day_of_week_operator.py took 0.055 seconds
[2025-01-22T13:20:52.789+0000] {processor.py:186} INFO - Started process (PID=21506) to work on /usr/local/python/3.12.1/lib/python3.12/site-packages/airflow/example_dags/example_branch_day_of_week_operator.py
[2025-01-22T13:20:52.789+0000] {processor.py:914} INFO - Processing file /usr/local/python/3.12.1/lib/python3.12/site-packages/airflow/example_dags/example_branch_day_of_week_operator.py for tasks to queue
[2025-01-22T13:20:52.791+0000] {logging_mixin.py:190} INFO - [2025-01-22T13:20:52.790+0000] {dagbag.py:588} INFO - Filling up the DagBag from /usr/local/python/3.12.1/lib/python3.12/site-packages/airflow/example_dags/example_branch_day_of_week_operator.py
[2025-01-22T13:20:52.798+0000] {processor.py:925} INFO - DAG(s) 'example_weekday_branch_operator' retrieved from /usr/local/python/3.12.1/lib/python3.12/site-packages/airflow/example_dags/example_branch_day_of_week_operator.py
[2025-01-22T13:20:52.809+0000] {logging_mixin.py:190} INFO - [2025-01-22T13:20:52.809+0000] {dag.py:3239} INFO - Sync 1 DAGs
[2025-01-22T13:20:52.824+0000] {logging_mixin.py:190} INFO - [2025-01-22T13:20:52.823+0000] {dag.py:4180} INFO - Setting next_dagrun for example_weekday_branch_operator to 2025-01-21 00:00:00+00:00, run_after=2025-01-22 00:00:00+00:00
[2025-01-22T13:20:52.838+0000] {processor.py:208} INFO - Processing /usr/local/python/3.12.1/lib/python3.12/site-packages/airflow/example_dags/example_branch_day_of_week_operator.py took 0.053 seconds
