[2025-01-22T12:53:08.650+0000] {processor.py:186} INFO - Started process (PID=5815) to work on /usr/local/python/3.12.1/lib/python3.12/site-packages/airflow/example_dags/example_params_trigger_ui.py
[2025-01-22T12:53:08.650+0000] {processor.py:914} INFO - Processing file /usr/local/python/3.12.1/lib/python3.12/site-packages/airflow/example_dags/example_params_trigger_ui.py for tasks to queue
[2025-01-22T12:53:08.652+0000] {logging_mixin.py:190} INFO - [2025-01-22T12:53:08.652+0000] {dagbag.py:588} INFO - Filling up the DagBag from /usr/local/python/3.12.1/lib/python3.12/site-packages/airflow/example_dags/example_params_trigger_ui.py
[2025-01-22T12:53:08.665+0000] {processor.py:925} INFO - DAG(s) 'example_params_trigger_ui' retrieved from /usr/local/python/3.12.1/lib/python3.12/site-packages/airflow/example_dags/example_params_trigger_ui.py
[2025-01-22T12:53:08.813+0000] {logging_mixin.py:190} INFO - [2025-01-22T12:53:08.812+0000] {override.py:1911} INFO - Created Permission View: can delete on DAG:example_params_trigger_ui
[2025-01-22T12:53:08.820+0000] {logging_mixin.py:190} INFO - [2025-01-22T12:53:08.819+0000] {override.py:1911} INFO - Created Permission View: can edit on DAG:example_params_trigger_ui
[2025-01-22T12:53:08.825+0000] {logging_mixin.py:190} INFO - [2025-01-22T12:53:08.825+0000] {override.py:1911} INFO - Created Permission View: can read on DAG:example_params_trigger_ui
[2025-01-22T12:53:08.832+0000] {logging_mixin.py:190} INFO - [2025-01-22T12:53:08.832+0000] {override.py:1911} INFO - Created Permission View: can create on DAG Run:example_params_trigger_ui
[2025-01-22T12:53:08.837+0000] {logging_mixin.py:190} INFO - [2025-01-22T12:53:08.837+0000] {override.py:1911} INFO - Created Permission View: can read on DAG Run:example_params_trigger_ui
[2025-01-22T12:53:08.842+0000] {logging_mixin.py:190} INFO - [2025-01-22T12:53:08.842+0000] {override.py:1911} INFO - Created Permission View: menu access on DAG Run:example_params_trigger_ui
[2025-01-22T12:53:08.847+0000] {logging_mixin.py:190} INFO - [2025-01-22T12:53:08.846+0000] {override.py:1911} INFO - Created Permission View: can delete on DAG Run:example_params_trigger_ui
[2025-01-22T12:53:08.847+0000] {logging_mixin.py:190} INFO - [2025-01-22T12:53:08.847+0000] {dag.py:3239} INFO - Sync 1 DAGs
[2025-01-22T12:53:08.855+0000] {logging_mixin.py:190} INFO - [2025-01-22T12:53:08.855+0000] {dag.py:3262} INFO - Creating ORM DAG for example_params_trigger_ui
[2025-01-22T12:53:08.855+0000] {logging_mixin.py:190} INFO - [2025-01-22T12:53:08.855+0000] {dag.py:4180} INFO - Setting next_dagrun for example_params_trigger_ui to None, run_after=None
[2025-01-22T12:53:08.868+0000] {processor.py:208} INFO - Processing /usr/local/python/3.12.1/lib/python3.12/site-packages/airflow/example_dags/example_params_trigger_ui.py took 0.224 seconds
[2025-01-22T12:54:05.094+0000] {processor.py:186} INFO - Started process (PID=6702) to work on /usr/local/python/3.12.1/lib/python3.12/site-packages/airflow/example_dags/example_params_trigger_ui.py
[2025-01-22T12:54:05.095+0000] {processor.py:914} INFO - Processing file /usr/local/python/3.12.1/lib/python3.12/site-packages/airflow/example_dags/example_params_trigger_ui.py for tasks to queue
[2025-01-22T12:54:05.096+0000] {logging_mixin.py:190} INFO - [2025-01-22T12:54:05.096+0000] {dagbag.py:588} INFO - Filling up the DagBag from /usr/local/python/3.12.1/lib/python3.12/site-packages/airflow/example_dags/example_params_trigger_ui.py
[2025-01-22T12:54:05.105+0000] {processor.py:925} INFO - DAG(s) 'example_params_trigger_ui' retrieved from /usr/local/python/3.12.1/lib/python3.12/site-packages/airflow/example_dags/example_params_trigger_ui.py
[2025-01-22T12:54:05.140+0000] {logging_mixin.py:190} INFO - [2025-01-22T12:54:05.140+0000] {dag.py:3239} INFO - Sync 1 DAGs
[2025-01-22T12:54:05.155+0000] {logging_mixin.py:190} INFO - [2025-01-22T12:54:05.155+0000] {dag.py:4180} INFO - Setting next_dagrun for example_params_trigger_ui to None, run_after=None
[2025-01-22T12:54:05.172+0000] {processor.py:208} INFO - Processing /usr/local/python/3.12.1/lib/python3.12/site-packages/airflow/example_dags/example_params_trigger_ui.py took 0.081 seconds
[2025-01-22T12:55:00.249+0000] {processor.py:186} INFO - Started process (PID=7199) to work on /usr/local/python/3.12.1/lib/python3.12/site-packages/airflow/example_dags/example_params_trigger_ui.py
[2025-01-22T12:55:00.250+0000] {processor.py:914} INFO - Processing file /usr/local/python/3.12.1/lib/python3.12/site-packages/airflow/example_dags/example_params_trigger_ui.py for tasks to queue
[2025-01-22T12:55:00.251+0000] {logging_mixin.py:190} INFO - [2025-01-22T12:55:00.251+0000] {dagbag.py:588} INFO - Filling up the DagBag from /usr/local/python/3.12.1/lib/python3.12/site-packages/airflow/example_dags/example_params_trigger_ui.py
[2025-01-22T12:55:00.259+0000] {processor.py:925} INFO - DAG(s) 'example_params_trigger_ui' retrieved from /usr/local/python/3.12.1/lib/python3.12/site-packages/airflow/example_dags/example_params_trigger_ui.py
[2025-01-22T12:55:00.287+0000] {logging_mixin.py:190} INFO - [2025-01-22T12:55:00.287+0000] {dag.py:3239} INFO - Sync 1 DAGs
[2025-01-22T12:55:00.296+0000] {logging_mixin.py:190} INFO - [2025-01-22T12:55:00.296+0000] {dag.py:4180} INFO - Setting next_dagrun for example_params_trigger_ui to None, run_after=None
[2025-01-22T12:55:00.311+0000] {processor.py:208} INFO - Processing /usr/local/python/3.12.1/lib/python3.12/site-packages/airflow/example_dags/example_params_trigger_ui.py took 0.066 seconds
[2025-01-22T12:55:53.567+0000] {processor.py:186} INFO - Started process (PID=7710) to work on /usr/local/python/3.12.1/lib/python3.12/site-packages/airflow/example_dags/example_params_trigger_ui.py
[2025-01-22T12:55:53.568+0000] {processor.py:914} INFO - Processing file /usr/local/python/3.12.1/lib/python3.12/site-packages/airflow/example_dags/example_params_trigger_ui.py for tasks to queue
[2025-01-22T12:55:53.569+0000] {logging_mixin.py:190} INFO - [2025-01-22T12:55:53.569+0000] {dagbag.py:588} INFO - Filling up the DagBag from /usr/local/python/3.12.1/lib/python3.12/site-packages/airflow/example_dags/example_params_trigger_ui.py
[2025-01-22T12:55:53.578+0000] {processor.py:925} INFO - DAG(s) 'example_params_trigger_ui' retrieved from /usr/local/python/3.12.1/lib/python3.12/site-packages/airflow/example_dags/example_params_trigger_ui.py
[2025-01-22T12:55:53.605+0000] {logging_mixin.py:190} INFO - [2025-01-22T12:55:53.604+0000] {dag.py:3239} INFO - Sync 1 DAGs
[2025-01-22T12:55:53.614+0000] {logging_mixin.py:190} INFO - [2025-01-22T12:55:53.613+0000] {dag.py:4180} INFO - Setting next_dagrun for example_params_trigger_ui to None, run_after=None
[2025-01-22T12:55:53.628+0000] {processor.py:208} INFO - Processing /usr/local/python/3.12.1/lib/python3.12/site-packages/airflow/example_dags/example_params_trigger_ui.py took 0.065 seconds
[2025-01-22T12:56:46.394+0000] {processor.py:186} INFO - Started process (PID=8131) to work on /usr/local/python/3.12.1/lib/python3.12/site-packages/airflow/example_dags/example_params_trigger_ui.py
[2025-01-22T12:56:46.395+0000] {processor.py:914} INFO - Processing file /usr/local/python/3.12.1/lib/python3.12/site-packages/airflow/example_dags/example_params_trigger_ui.py for tasks to queue
[2025-01-22T12:56:46.396+0000] {logging_mixin.py:190} INFO - [2025-01-22T12:56:46.396+0000] {dagbag.py:588} INFO - Filling up the DagBag from /usr/local/python/3.12.1/lib/python3.12/site-packages/airflow/example_dags/example_params_trigger_ui.py
[2025-01-22T12:56:46.404+0000] {processor.py:925} INFO - DAG(s) 'example_params_trigger_ui' retrieved from /usr/local/python/3.12.1/lib/python3.12/site-packages/airflow/example_dags/example_params_trigger_ui.py
[2025-01-22T12:56:46.432+0000] {logging_mixin.py:190} INFO - [2025-01-22T12:56:46.432+0000] {dag.py:3239} INFO - Sync 1 DAGs
[2025-01-22T12:56:46.441+0000] {logging_mixin.py:190} INFO - [2025-01-22T12:56:46.441+0000] {dag.py:4180} INFO - Setting next_dagrun for example_params_trigger_ui to None, run_after=None
[2025-01-22T12:56:46.454+0000] {processor.py:208} INFO - Processing /usr/local/python/3.12.1/lib/python3.12/site-packages/airflow/example_dags/example_params_trigger_ui.py took 0.064 seconds
[2025-01-22T12:57:37.056+0000] {processor.py:186} INFO - Started process (PID=8617) to work on /usr/local/python/3.12.1/lib/python3.12/site-packages/airflow/example_dags/example_params_trigger_ui.py
[2025-01-22T12:57:37.057+0000] {processor.py:914} INFO - Processing file /usr/local/python/3.12.1/lib/python3.12/site-packages/airflow/example_dags/example_params_trigger_ui.py for tasks to queue
[2025-01-22T12:57:37.059+0000] {logging_mixin.py:190} INFO - [2025-01-22T12:57:37.058+0000] {dagbag.py:588} INFO - Filling up the DagBag from /usr/local/python/3.12.1/lib/python3.12/site-packages/airflow/example_dags/example_params_trigger_ui.py
[2025-01-22T12:57:37.067+0000] {processor.py:925} INFO - DAG(s) 'example_params_trigger_ui' retrieved from /usr/local/python/3.12.1/lib/python3.12/site-packages/airflow/example_dags/example_params_trigger_ui.py
[2025-01-22T12:57:37.095+0000] {logging_mixin.py:190} INFO - [2025-01-22T12:57:37.094+0000] {dag.py:3239} INFO - Sync 1 DAGs
[2025-01-22T12:57:37.104+0000] {logging_mixin.py:190} INFO - [2025-01-22T12:57:37.103+0000] {dag.py:4180} INFO - Setting next_dagrun for example_params_trigger_ui to None, run_after=None
[2025-01-22T12:57:37.118+0000] {processor.py:208} INFO - Processing /usr/local/python/3.12.1/lib/python3.12/site-packages/airflow/example_dags/example_params_trigger_ui.py took 0.066 seconds
[2025-01-22T12:58:27.879+0000] {processor.py:186} INFO - Started process (PID=9047) to work on /usr/local/python/3.12.1/lib/python3.12/site-packages/airflow/example_dags/example_params_trigger_ui.py
[2025-01-22T12:58:27.879+0000] {processor.py:914} INFO - Processing file /usr/local/python/3.12.1/lib/python3.12/site-packages/airflow/example_dags/example_params_trigger_ui.py for tasks to queue
[2025-01-22T12:58:27.881+0000] {logging_mixin.py:190} INFO - [2025-01-22T12:58:27.880+0000] {dagbag.py:588} INFO - Filling up the DagBag from /usr/local/python/3.12.1/lib/python3.12/site-packages/airflow/example_dags/example_params_trigger_ui.py
[2025-01-22T12:58:27.889+0000] {processor.py:925} INFO - DAG(s) 'example_params_trigger_ui' retrieved from /usr/local/python/3.12.1/lib/python3.12/site-packages/airflow/example_dags/example_params_trigger_ui.py
[2025-01-22T12:58:27.916+0000] {logging_mixin.py:190} INFO - [2025-01-22T12:58:27.915+0000] {dag.py:3239} INFO - Sync 1 DAGs
[2025-01-22T12:58:27.924+0000] {logging_mixin.py:190} INFO - [2025-01-22T12:58:27.924+0000] {dag.py:4180} INFO - Setting next_dagrun for example_params_trigger_ui to None, run_after=None
[2025-01-22T12:58:27.938+0000] {processor.py:208} INFO - Processing /usr/local/python/3.12.1/lib/python3.12/site-packages/airflow/example_dags/example_params_trigger_ui.py took 0.064 seconds
[2025-01-22T12:59:45.002+0000] {processor.py:186} INFO - Started process (PID=9638) to work on /usr/local/python/3.12.1/lib/python3.12/site-packages/airflow/example_dags/example_params_trigger_ui.py
[2025-01-22T12:59:45.003+0000] {processor.py:914} INFO - Processing file /usr/local/python/3.12.1/lib/python3.12/site-packages/airflow/example_dags/example_params_trigger_ui.py for tasks to queue
[2025-01-22T12:59:45.006+0000] {logging_mixin.py:190} INFO - [2025-01-22T12:59:45.005+0000] {dagbag.py:588} INFO - Filling up the DagBag from /usr/local/python/3.12.1/lib/python3.12/site-packages/airflow/example_dags/example_params_trigger_ui.py
[2025-01-22T12:59:45.016+0000] {processor.py:925} INFO - DAG(s) 'example_params_trigger_ui' retrieved from /usr/local/python/3.12.1/lib/python3.12/site-packages/airflow/example_dags/example_params_trigger_ui.py
[2025-01-22T12:59:45.052+0000] {logging_mixin.py:190} INFO - [2025-01-22T12:59:45.052+0000] {dag.py:3239} INFO - Sync 1 DAGs
[2025-01-22T12:59:45.065+0000] {logging_mixin.py:190} INFO - [2025-01-22T12:59:45.065+0000] {dag.py:4180} INFO - Setting next_dagrun for example_params_trigger_ui to None, run_after=None
[2025-01-22T12:59:45.080+0000] {processor.py:208} INFO - Processing /usr/local/python/3.12.1/lib/python3.12/site-packages/airflow/example_dags/example_params_trigger_ui.py took 0.083 seconds
[2025-01-22T13:00:35.145+0000] {processor.py:186} INFO - Started process (PID=10053) to work on /usr/local/python/3.12.1/lib/python3.12/site-packages/airflow/example_dags/example_params_trigger_ui.py
[2025-01-22T13:00:35.145+0000] {processor.py:914} INFO - Processing file /usr/local/python/3.12.1/lib/python3.12/site-packages/airflow/example_dags/example_params_trigger_ui.py for tasks to queue
[2025-01-22T13:00:35.147+0000] {logging_mixin.py:190} INFO - [2025-01-22T13:00:35.146+0000] {dagbag.py:588} INFO - Filling up the DagBag from /usr/local/python/3.12.1/lib/python3.12/site-packages/airflow/example_dags/example_params_trigger_ui.py
[2025-01-22T13:00:35.155+0000] {processor.py:925} INFO - DAG(s) 'example_params_trigger_ui' retrieved from /usr/local/python/3.12.1/lib/python3.12/site-packages/airflow/example_dags/example_params_trigger_ui.py
[2025-01-22T13:00:35.182+0000] {logging_mixin.py:190} INFO - [2025-01-22T13:00:35.182+0000] {dag.py:3239} INFO - Sync 1 DAGs
[2025-01-22T13:00:35.191+0000] {logging_mixin.py:190} INFO - [2025-01-22T13:00:35.191+0000] {dag.py:4180} INFO - Setting next_dagrun for example_params_trigger_ui to None, run_after=None
[2025-01-22T13:00:35.205+0000] {processor.py:208} INFO - Processing /usr/local/python/3.12.1/lib/python3.12/site-packages/airflow/example_dags/example_params_trigger_ui.py took 0.065 seconds
[2025-01-22T13:01:27.938+0000] {processor.py:186} INFO - Started process (PID=10505) to work on /usr/local/python/3.12.1/lib/python3.12/site-packages/airflow/example_dags/example_params_trigger_ui.py
[2025-01-22T13:01:27.939+0000] {processor.py:914} INFO - Processing file /usr/local/python/3.12.1/lib/python3.12/site-packages/airflow/example_dags/example_params_trigger_ui.py for tasks to queue
[2025-01-22T13:01:27.942+0000] {logging_mixin.py:190} INFO - [2025-01-22T13:01:27.941+0000] {dagbag.py:588} INFO - Filling up the DagBag from /usr/local/python/3.12.1/lib/python3.12/site-packages/airflow/example_dags/example_params_trigger_ui.py
[2025-01-22T13:01:27.954+0000] {processor.py:925} INFO - DAG(s) 'example_params_trigger_ui' retrieved from /usr/local/python/3.12.1/lib/python3.12/site-packages/airflow/example_dags/example_params_trigger_ui.py
[2025-01-22T13:01:27.987+0000] {logging_mixin.py:190} INFO - [2025-01-22T13:01:27.987+0000] {dag.py:3239} INFO - Sync 1 DAGs
[2025-01-22T13:01:27.996+0000] {logging_mixin.py:190} INFO - [2025-01-22T13:01:27.996+0000] {dag.py:4180} INFO - Setting next_dagrun for example_params_trigger_ui to None, run_after=None
[2025-01-22T13:01:28.011+0000] {processor.py:208} INFO - Processing /usr/local/python/3.12.1/lib/python3.12/site-packages/airflow/example_dags/example_params_trigger_ui.py took 0.078 seconds
[2025-01-22T13:02:20.164+0000] {processor.py:186} INFO - Started process (PID=10872) to work on /usr/local/python/3.12.1/lib/python3.12/site-packages/airflow/example_dags/example_params_trigger_ui.py
[2025-01-22T13:02:20.165+0000] {processor.py:914} INFO - Processing file /usr/local/python/3.12.1/lib/python3.12/site-packages/airflow/example_dags/example_params_trigger_ui.py for tasks to queue
[2025-01-22T13:02:20.166+0000] {logging_mixin.py:190} INFO - [2025-01-22T13:02:20.166+0000] {dagbag.py:588} INFO - Filling up the DagBag from /usr/local/python/3.12.1/lib/python3.12/site-packages/airflow/example_dags/example_params_trigger_ui.py
[2025-01-22T13:02:20.174+0000] {processor.py:925} INFO - DAG(s) 'example_params_trigger_ui' retrieved from /usr/local/python/3.12.1/lib/python3.12/site-packages/airflow/example_dags/example_params_trigger_ui.py
[2025-01-22T13:02:20.202+0000] {logging_mixin.py:190} INFO - [2025-01-22T13:02:20.201+0000] {dag.py:3239} INFO - Sync 1 DAGs
[2025-01-22T13:02:20.211+0000] {logging_mixin.py:190} INFO - [2025-01-22T13:02:20.211+0000] {dag.py:4180} INFO - Setting next_dagrun for example_params_trigger_ui to None, run_after=None
[2025-01-22T13:02:20.227+0000] {processor.py:208} INFO - Processing /usr/local/python/3.12.1/lib/python3.12/site-packages/airflow/example_dags/example_params_trigger_ui.py took 0.067 seconds
[2025-01-22T13:03:30.656+0000] {processor.py:186} INFO - Started process (PID=11563) to work on /usr/local/python/3.12.1/lib/python3.12/site-packages/airflow/example_dags/example_params_trigger_ui.py
[2025-01-22T13:03:30.657+0000] {processor.py:914} INFO - Processing file /usr/local/python/3.12.1/lib/python3.12/site-packages/airflow/example_dags/example_params_trigger_ui.py for tasks to queue
[2025-01-22T13:03:30.658+0000] {logging_mixin.py:190} INFO - [2025-01-22T13:03:30.658+0000] {dagbag.py:588} INFO - Filling up the DagBag from /usr/local/python/3.12.1/lib/python3.12/site-packages/airflow/example_dags/example_params_trigger_ui.py
[2025-01-22T13:03:30.666+0000] {processor.py:925} INFO - DAG(s) 'example_params_trigger_ui' retrieved from /usr/local/python/3.12.1/lib/python3.12/site-packages/airflow/example_dags/example_params_trigger_ui.py
[2025-01-22T13:03:30.695+0000] {logging_mixin.py:190} INFO - [2025-01-22T13:03:30.694+0000] {dag.py:3239} INFO - Sync 1 DAGs
[2025-01-22T13:03:30.704+0000] {logging_mixin.py:190} INFO - [2025-01-22T13:03:30.704+0000] {dag.py:4180} INFO - Setting next_dagrun for example_params_trigger_ui to None, run_after=None
[2025-01-22T13:03:30.718+0000] {processor.py:208} INFO - Processing /usr/local/python/3.12.1/lib/python3.12/site-packages/airflow/example_dags/example_params_trigger_ui.py took 0.066 seconds
[2025-01-22T13:04:22.385+0000] {processor.py:186} INFO - Started process (PID=11987) to work on /usr/local/python/3.12.1/lib/python3.12/site-packages/airflow/example_dags/example_params_trigger_ui.py
[2025-01-22T13:04:22.386+0000] {processor.py:914} INFO - Processing file /usr/local/python/3.12.1/lib/python3.12/site-packages/airflow/example_dags/example_params_trigger_ui.py for tasks to queue
[2025-01-22T13:04:22.387+0000] {logging_mixin.py:190} INFO - [2025-01-22T13:04:22.387+0000] {dagbag.py:588} INFO - Filling up the DagBag from /usr/local/python/3.12.1/lib/python3.12/site-packages/airflow/example_dags/example_params_trigger_ui.py
[2025-01-22T13:04:22.395+0000] {processor.py:925} INFO - DAG(s) 'example_params_trigger_ui' retrieved from /usr/local/python/3.12.1/lib/python3.12/site-packages/airflow/example_dags/example_params_trigger_ui.py
[2025-01-22T13:04:22.423+0000] {logging_mixin.py:190} INFO - [2025-01-22T13:04:22.422+0000] {dag.py:3239} INFO - Sync 1 DAGs
[2025-01-22T13:04:22.434+0000] {logging_mixin.py:190} INFO - [2025-01-22T13:04:22.434+0000] {dag.py:4180} INFO - Setting next_dagrun for example_params_trigger_ui to None, run_after=None
[2025-01-22T13:04:22.454+0000] {processor.py:208} INFO - Processing /usr/local/python/3.12.1/lib/python3.12/site-packages/airflow/example_dags/example_params_trigger_ui.py took 0.073 seconds
[2025-01-22T13:05:13.529+0000] {processor.py:186} INFO - Started process (PID=12349) to work on /usr/local/python/3.12.1/lib/python3.12/site-packages/airflow/example_dags/example_params_trigger_ui.py
[2025-01-22T13:05:13.529+0000] {processor.py:914} INFO - Processing file /usr/local/python/3.12.1/lib/python3.12/site-packages/airflow/example_dags/example_params_trigger_ui.py for tasks to queue
[2025-01-22T13:05:13.531+0000] {logging_mixin.py:190} INFO - [2025-01-22T13:05:13.530+0000] {dagbag.py:588} INFO - Filling up the DagBag from /usr/local/python/3.12.1/lib/python3.12/site-packages/airflow/example_dags/example_params_trigger_ui.py
[2025-01-22T13:05:13.539+0000] {processor.py:925} INFO - DAG(s) 'example_params_trigger_ui' retrieved from /usr/local/python/3.12.1/lib/python3.12/site-packages/airflow/example_dags/example_params_trigger_ui.py
[2025-01-22T13:05:13.567+0000] {logging_mixin.py:190} INFO - [2025-01-22T13:05:13.566+0000] {dag.py:3239} INFO - Sync 1 DAGs
[2025-01-22T13:05:13.576+0000] {logging_mixin.py:190} INFO - [2025-01-22T13:05:13.575+0000] {dag.py:4180} INFO - Setting next_dagrun for example_params_trigger_ui to None, run_after=None
[2025-01-22T13:05:13.590+0000] {processor.py:208} INFO - Processing /usr/local/python/3.12.1/lib/python3.12/site-packages/airflow/example_dags/example_params_trigger_ui.py took 0.065 seconds
[2025-01-22T13:06:05.974+0000] {processor.py:186} INFO - Started process (PID=12781) to work on /usr/local/python/3.12.1/lib/python3.12/site-packages/airflow/example_dags/example_params_trigger_ui.py
[2025-01-22T13:06:05.975+0000] {processor.py:914} INFO - Processing file /usr/local/python/3.12.1/lib/python3.12/site-packages/airflow/example_dags/example_params_trigger_ui.py for tasks to queue
[2025-01-22T13:06:05.977+0000] {logging_mixin.py:190} INFO - [2025-01-22T13:06:05.977+0000] {dagbag.py:588} INFO - Filling up the DagBag from /usr/local/python/3.12.1/lib/python3.12/site-packages/airflow/example_dags/example_params_trigger_ui.py
[2025-01-22T13:06:05.985+0000] {processor.py:925} INFO - DAG(s) 'example_params_trigger_ui' retrieved from /usr/local/python/3.12.1/lib/python3.12/site-packages/airflow/example_dags/example_params_trigger_ui.py
[2025-01-22T13:06:06.013+0000] {logging_mixin.py:190} INFO - [2025-01-22T13:06:06.013+0000] {dag.py:3239} INFO - Sync 1 DAGs
[2025-01-22T13:06:06.022+0000] {logging_mixin.py:190} INFO - [2025-01-22T13:06:06.022+0000] {dag.py:4180} INFO - Setting next_dagrun for example_params_trigger_ui to None, run_after=None
[2025-01-22T13:06:06.037+0000] {processor.py:208} INFO - Processing /usr/local/python/3.12.1/lib/python3.12/site-packages/airflow/example_dags/example_params_trigger_ui.py took 0.073 seconds
[2025-01-22T13:07:16.769+0000] {processor.py:186} INFO - Started process (PID=13341) to work on /usr/local/python/3.12.1/lib/python3.12/site-packages/airflow/example_dags/example_params_trigger_ui.py
[2025-01-22T13:07:16.770+0000] {processor.py:914} INFO - Processing file /usr/local/python/3.12.1/lib/python3.12/site-packages/airflow/example_dags/example_params_trigger_ui.py for tasks to queue
[2025-01-22T13:07:16.771+0000] {logging_mixin.py:190} INFO - [2025-01-22T13:07:16.771+0000] {dagbag.py:588} INFO - Filling up the DagBag from /usr/local/python/3.12.1/lib/python3.12/site-packages/airflow/example_dags/example_params_trigger_ui.py
[2025-01-22T13:07:16.780+0000] {processor.py:925} INFO - DAG(s) 'example_params_trigger_ui' retrieved from /usr/local/python/3.12.1/lib/python3.12/site-packages/airflow/example_dags/example_params_trigger_ui.py
[2025-01-22T13:07:16.807+0000] {logging_mixin.py:190} INFO - [2025-01-22T13:07:16.807+0000] {dag.py:3239} INFO - Sync 1 DAGs
[2025-01-22T13:07:16.816+0000] {logging_mixin.py:190} INFO - [2025-01-22T13:07:16.816+0000] {dag.py:4180} INFO - Setting next_dagrun for example_params_trigger_ui to None, run_after=None
[2025-01-22T13:07:16.831+0000] {processor.py:208} INFO - Processing /usr/local/python/3.12.1/lib/python3.12/site-packages/airflow/example_dags/example_params_trigger_ui.py took 0.065 seconds
[2025-01-22T13:08:10.550+0000] {processor.py:186} INFO - Started process (PID=13912) to work on /usr/local/python/3.12.1/lib/python3.12/site-packages/airflow/example_dags/example_params_trigger_ui.py
[2025-01-22T13:08:10.551+0000] {processor.py:914} INFO - Processing file /usr/local/python/3.12.1/lib/python3.12/site-packages/airflow/example_dags/example_params_trigger_ui.py for tasks to queue
[2025-01-22T13:08:10.552+0000] {logging_mixin.py:190} INFO - [2025-01-22T13:08:10.552+0000] {dagbag.py:588} INFO - Filling up the DagBag from /usr/local/python/3.12.1/lib/python3.12/site-packages/airflow/example_dags/example_params_trigger_ui.py
[2025-01-22T13:08:10.561+0000] {processor.py:925} INFO - DAG(s) 'example_params_trigger_ui' retrieved from /usr/local/python/3.12.1/lib/python3.12/site-packages/airflow/example_dags/example_params_trigger_ui.py
[2025-01-22T13:08:10.588+0000] {logging_mixin.py:190} INFO - [2025-01-22T13:08:10.588+0000] {dag.py:3239} INFO - Sync 1 DAGs
[2025-01-22T13:08:10.597+0000] {logging_mixin.py:190} INFO - [2025-01-22T13:08:10.597+0000] {dag.py:4180} INFO - Setting next_dagrun for example_params_trigger_ui to None, run_after=None
[2025-01-22T13:08:10.612+0000] {processor.py:208} INFO - Processing /usr/local/python/3.12.1/lib/python3.12/site-packages/airflow/example_dags/example_params_trigger_ui.py took 0.065 seconds
[2025-01-22T13:09:01.955+0000] {processor.py:186} INFO - Started process (PID=14463) to work on /usr/local/python/3.12.1/lib/python3.12/site-packages/airflow/example_dags/example_params_trigger_ui.py
[2025-01-22T13:09:01.955+0000] {processor.py:914} INFO - Processing file /usr/local/python/3.12.1/lib/python3.12/site-packages/airflow/example_dags/example_params_trigger_ui.py for tasks to queue
[2025-01-22T13:09:01.957+0000] {logging_mixin.py:190} INFO - [2025-01-22T13:09:01.957+0000] {dagbag.py:588} INFO - Filling up the DagBag from /usr/local/python/3.12.1/lib/python3.12/site-packages/airflow/example_dags/example_params_trigger_ui.py
[2025-01-22T13:09:01.969+0000] {processor.py:925} INFO - DAG(s) 'example_params_trigger_ui' retrieved from /usr/local/python/3.12.1/lib/python3.12/site-packages/airflow/example_dags/example_params_trigger_ui.py
[2025-01-22T13:09:01.997+0000] {logging_mixin.py:190} INFO - [2025-01-22T13:09:01.997+0000] {dag.py:3239} INFO - Sync 1 DAGs
[2025-01-22T13:09:02.006+0000] {logging_mixin.py:190} INFO - [2025-01-22T13:09:02.006+0000] {dag.py:4180} INFO - Setting next_dagrun for example_params_trigger_ui to None, run_after=None
[2025-01-22T13:09:02.021+0000] {processor.py:208} INFO - Processing /usr/local/python/3.12.1/lib/python3.12/site-packages/airflow/example_dags/example_params_trigger_ui.py took 0.070 seconds
[2025-01-22T13:09:51.600+0000] {processor.py:186} INFO - Started process (PID=14879) to work on /usr/local/python/3.12.1/lib/python3.12/site-packages/airflow/example_dags/example_params_trigger_ui.py
[2025-01-22T13:09:51.600+0000] {processor.py:914} INFO - Processing file /usr/local/python/3.12.1/lib/python3.12/site-packages/airflow/example_dags/example_params_trigger_ui.py for tasks to queue
[2025-01-22T13:09:51.602+0000] {logging_mixin.py:190} INFO - [2025-01-22T13:09:51.602+0000] {dagbag.py:588} INFO - Filling up the DagBag from /usr/local/python/3.12.1/lib/python3.12/site-packages/airflow/example_dags/example_params_trigger_ui.py
[2025-01-22T13:09:51.610+0000] {processor.py:925} INFO - DAG(s) 'example_params_trigger_ui' retrieved from /usr/local/python/3.12.1/lib/python3.12/site-packages/airflow/example_dags/example_params_trigger_ui.py
[2025-01-22T13:09:51.638+0000] {logging_mixin.py:190} INFO - [2025-01-22T13:09:51.638+0000] {dag.py:3239} INFO - Sync 1 DAGs
[2025-01-22T13:09:51.647+0000] {logging_mixin.py:190} INFO - [2025-01-22T13:09:51.647+0000] {dag.py:4180} INFO - Setting next_dagrun for example_params_trigger_ui to None, run_after=None
[2025-01-22T13:09:51.662+0000] {processor.py:208} INFO - Processing /usr/local/python/3.12.1/lib/python3.12/site-packages/airflow/example_dags/example_params_trigger_ui.py took 0.066 seconds
[2025-01-22T13:10:44.162+0000] {processor.py:186} INFO - Started process (PID=15302) to work on /usr/local/python/3.12.1/lib/python3.12/site-packages/airflow/example_dags/example_params_trigger_ui.py
[2025-01-22T13:10:44.163+0000] {processor.py:914} INFO - Processing file /usr/local/python/3.12.1/lib/python3.12/site-packages/airflow/example_dags/example_params_trigger_ui.py for tasks to queue
[2025-01-22T13:10:44.164+0000] {logging_mixin.py:190} INFO - [2025-01-22T13:10:44.164+0000] {dagbag.py:588} INFO - Filling up the DagBag from /usr/local/python/3.12.1/lib/python3.12/site-packages/airflow/example_dags/example_params_trigger_ui.py
[2025-01-22T13:10:44.173+0000] {processor.py:925} INFO - DAG(s) 'example_params_trigger_ui' retrieved from /usr/local/python/3.12.1/lib/python3.12/site-packages/airflow/example_dags/example_params_trigger_ui.py
[2025-01-22T13:10:44.201+0000] {logging_mixin.py:190} INFO - [2025-01-22T13:10:44.200+0000] {dag.py:3239} INFO - Sync 1 DAGs
[2025-01-22T13:10:44.210+0000] {logging_mixin.py:190} INFO - [2025-01-22T13:10:44.210+0000] {dag.py:4180} INFO - Setting next_dagrun for example_params_trigger_ui to None, run_after=None
[2025-01-22T13:10:44.225+0000] {processor.py:208} INFO - Processing /usr/local/python/3.12.1/lib/python3.12/site-packages/airflow/example_dags/example_params_trigger_ui.py took 0.067 seconds
[2025-01-22T13:11:57.833+0000] {processor.py:186} INFO - Started process (PID=15875) to work on /usr/local/python/3.12.1/lib/python3.12/site-packages/airflow/example_dags/example_params_trigger_ui.py
[2025-01-22T13:11:57.833+0000] {processor.py:914} INFO - Processing file /usr/local/python/3.12.1/lib/python3.12/site-packages/airflow/example_dags/example_params_trigger_ui.py for tasks to queue
[2025-01-22T13:11:57.835+0000] {logging_mixin.py:190} INFO - [2025-01-22T13:11:57.835+0000] {dagbag.py:588} INFO - Filling up the DagBag from /usr/local/python/3.12.1/lib/python3.12/site-packages/airflow/example_dags/example_params_trigger_ui.py
[2025-01-22T13:11:57.848+0000] {processor.py:925} INFO - DAG(s) 'example_params_trigger_ui' retrieved from /usr/local/python/3.12.1/lib/python3.12/site-packages/airflow/example_dags/example_params_trigger_ui.py
[2025-01-22T13:11:57.890+0000] {logging_mixin.py:190} INFO - [2025-01-22T13:11:57.890+0000] {dag.py:3239} INFO - Sync 1 DAGs
[2025-01-22T13:11:57.905+0000] {logging_mixin.py:190} INFO - [2025-01-22T13:11:57.905+0000] {dag.py:4180} INFO - Setting next_dagrun for example_params_trigger_ui to None, run_after=None
[2025-01-22T13:11:57.927+0000] {processor.py:208} INFO - Processing /usr/local/python/3.12.1/lib/python3.12/site-packages/airflow/example_dags/example_params_trigger_ui.py took 0.100 seconds
[2025-01-22T13:12:49.143+0000] {processor.py:186} INFO - Started process (PID=16380) to work on /usr/local/python/3.12.1/lib/python3.12/site-packages/airflow/example_dags/example_params_trigger_ui.py
[2025-01-22T13:12:49.144+0000] {processor.py:914} INFO - Processing file /usr/local/python/3.12.1/lib/python3.12/site-packages/airflow/example_dags/example_params_trigger_ui.py for tasks to queue
[2025-01-22T13:12:49.146+0000] {logging_mixin.py:190} INFO - [2025-01-22T13:12:49.145+0000] {dagbag.py:588} INFO - Filling up the DagBag from /usr/local/python/3.12.1/lib/python3.12/site-packages/airflow/example_dags/example_params_trigger_ui.py
[2025-01-22T13:12:49.158+0000] {processor.py:925} INFO - DAG(s) 'example_params_trigger_ui' retrieved from /usr/local/python/3.12.1/lib/python3.12/site-packages/airflow/example_dags/example_params_trigger_ui.py
[2025-01-22T13:12:49.216+0000] {logging_mixin.py:190} INFO - [2025-01-22T13:12:49.215+0000] {dag.py:3239} INFO - Sync 1 DAGs
[2025-01-22T13:12:49.230+0000] {logging_mixin.py:190} INFO - [2025-01-22T13:12:49.229+0000] {dag.py:4180} INFO - Setting next_dagrun for example_params_trigger_ui to None, run_after=None
[2025-01-22T13:12:49.253+0000] {processor.py:208} INFO - Processing /usr/local/python/3.12.1/lib/python3.12/site-packages/airflow/example_dags/example_params_trigger_ui.py took 0.116 seconds
[2025-01-22T13:13:39.922+0000] {processor.py:186} INFO - Started process (PID=16803) to work on /usr/local/python/3.12.1/lib/python3.12/site-packages/airflow/example_dags/example_params_trigger_ui.py
[2025-01-22T13:13:39.923+0000] {processor.py:914} INFO - Processing file /usr/local/python/3.12.1/lib/python3.12/site-packages/airflow/example_dags/example_params_trigger_ui.py for tasks to queue
[2025-01-22T13:13:39.924+0000] {logging_mixin.py:190} INFO - [2025-01-22T13:13:39.924+0000] {dagbag.py:588} INFO - Filling up the DagBag from /usr/local/python/3.12.1/lib/python3.12/site-packages/airflow/example_dags/example_params_trigger_ui.py
[2025-01-22T13:13:39.933+0000] {processor.py:925} INFO - DAG(s) 'example_params_trigger_ui' retrieved from /usr/local/python/3.12.1/lib/python3.12/site-packages/airflow/example_dags/example_params_trigger_ui.py
[2025-01-22T13:13:39.980+0000] {logging_mixin.py:190} INFO - [2025-01-22T13:13:39.980+0000] {dag.py:3239} INFO - Sync 1 DAGs
[2025-01-22T13:13:39.991+0000] {logging_mixin.py:190} INFO - [2025-01-22T13:13:39.990+0000] {dag.py:4180} INFO - Setting next_dagrun for example_params_trigger_ui to None, run_after=None
[2025-01-22T13:13:40.006+0000] {processor.py:208} INFO - Processing /usr/local/python/3.12.1/lib/python3.12/site-packages/airflow/example_dags/example_params_trigger_ui.py took 0.087 seconds
[2025-01-22T13:14:33.247+0000] {processor.py:186} INFO - Started process (PID=17240) to work on /usr/local/python/3.12.1/lib/python3.12/site-packages/airflow/example_dags/example_params_trigger_ui.py
[2025-01-22T13:14:33.247+0000] {processor.py:914} INFO - Processing file /usr/local/python/3.12.1/lib/python3.12/site-packages/airflow/example_dags/example_params_trigger_ui.py for tasks to queue
[2025-01-22T13:14:33.249+0000] {logging_mixin.py:190} INFO - [2025-01-22T13:14:33.249+0000] {dagbag.py:588} INFO - Filling up the DagBag from /usr/local/python/3.12.1/lib/python3.12/site-packages/airflow/example_dags/example_params_trigger_ui.py
[2025-01-22T13:14:33.257+0000] {processor.py:925} INFO - DAG(s) 'example_params_trigger_ui' retrieved from /usr/local/python/3.12.1/lib/python3.12/site-packages/airflow/example_dags/example_params_trigger_ui.py
[2025-01-22T13:14:33.284+0000] {logging_mixin.py:190} INFO - [2025-01-22T13:14:33.284+0000] {dag.py:3239} INFO - Sync 1 DAGs
[2025-01-22T13:14:33.293+0000] {logging_mixin.py:190} INFO - [2025-01-22T13:14:33.293+0000] {dag.py:4180} INFO - Setting next_dagrun for example_params_trigger_ui to None, run_after=None
[2025-01-22T13:14:33.312+0000] {processor.py:208} INFO - Processing /usr/local/python/3.12.1/lib/python3.12/site-packages/airflow/example_dags/example_params_trigger_ui.py took 0.069 seconds
[2025-01-22T13:15:46.660+0000] {processor.py:186} INFO - Started process (PID=17816) to work on /usr/local/python/3.12.1/lib/python3.12/site-packages/airflow/example_dags/example_params_trigger_ui.py
[2025-01-22T13:15:46.661+0000] {processor.py:914} INFO - Processing file /usr/local/python/3.12.1/lib/python3.12/site-packages/airflow/example_dags/example_params_trigger_ui.py for tasks to queue
[2025-01-22T13:15:46.662+0000] {logging_mixin.py:190} INFO - [2025-01-22T13:15:46.662+0000] {dagbag.py:588} INFO - Filling up the DagBag from /usr/local/python/3.12.1/lib/python3.12/site-packages/airflow/example_dags/example_params_trigger_ui.py
[2025-01-22T13:15:46.671+0000] {processor.py:925} INFO - DAG(s) 'example_params_trigger_ui' retrieved from /usr/local/python/3.12.1/lib/python3.12/site-packages/airflow/example_dags/example_params_trigger_ui.py
[2025-01-22T13:15:46.703+0000] {logging_mixin.py:190} INFO - [2025-01-22T13:15:46.703+0000] {dag.py:3239} INFO - Sync 1 DAGs
[2025-01-22T13:15:46.713+0000] {logging_mixin.py:190} INFO - [2025-01-22T13:15:46.713+0000] {dag.py:4180} INFO - Setting next_dagrun for example_params_trigger_ui to None, run_after=None
[2025-01-22T13:15:46.728+0000] {processor.py:208} INFO - Processing /usr/local/python/3.12.1/lib/python3.12/site-packages/airflow/example_dags/example_params_trigger_ui.py took 0.071 seconds
[2025-01-22T13:16:39.299+0000] {processor.py:186} INFO - Started process (PID=18246) to work on /usr/local/python/3.12.1/lib/python3.12/site-packages/airflow/example_dags/example_params_trigger_ui.py
[2025-01-22T13:16:39.300+0000] {processor.py:914} INFO - Processing file /usr/local/python/3.12.1/lib/python3.12/site-packages/airflow/example_dags/example_params_trigger_ui.py for tasks to queue
[2025-01-22T13:16:39.302+0000] {logging_mixin.py:190} INFO - [2025-01-22T13:16:39.301+0000] {dagbag.py:588} INFO - Filling up the DagBag from /usr/local/python/3.12.1/lib/python3.12/site-packages/airflow/example_dags/example_params_trigger_ui.py
[2025-01-22T13:16:39.310+0000] {processor.py:925} INFO - DAG(s) 'example_params_trigger_ui' retrieved from /usr/local/python/3.12.1/lib/python3.12/site-packages/airflow/example_dags/example_params_trigger_ui.py
[2025-01-22T13:16:39.338+0000] {logging_mixin.py:190} INFO - [2025-01-22T13:16:39.338+0000] {dag.py:3239} INFO - Sync 1 DAGs
[2025-01-22T13:16:39.348+0000] {logging_mixin.py:190} INFO - [2025-01-22T13:16:39.348+0000] {dag.py:4180} INFO - Setting next_dagrun for example_params_trigger_ui to None, run_after=None
[2025-01-22T13:16:39.362+0000] {processor.py:208} INFO - Processing /usr/local/python/3.12.1/lib/python3.12/site-packages/airflow/example_dags/example_params_trigger_ui.py took 0.067 seconds
[2025-01-22T13:17:32.497+0000] {processor.py:186} INFO - Started process (PID=18742) to work on /usr/local/python/3.12.1/lib/python3.12/site-packages/airflow/example_dags/example_params_trigger_ui.py
[2025-01-22T13:17:32.498+0000] {processor.py:914} INFO - Processing file /usr/local/python/3.12.1/lib/python3.12/site-packages/airflow/example_dags/example_params_trigger_ui.py for tasks to queue
[2025-01-22T13:17:32.499+0000] {logging_mixin.py:190} INFO - [2025-01-22T13:17:32.499+0000] {dagbag.py:588} INFO - Filling up the DagBag from /usr/local/python/3.12.1/lib/python3.12/site-packages/airflow/example_dags/example_params_trigger_ui.py
[2025-01-22T13:17:32.508+0000] {processor.py:925} INFO - DAG(s) 'example_params_trigger_ui' retrieved from /usr/local/python/3.12.1/lib/python3.12/site-packages/airflow/example_dags/example_params_trigger_ui.py
[2025-01-22T13:17:32.535+0000] {logging_mixin.py:190} INFO - [2025-01-22T13:17:32.535+0000] {dag.py:3239} INFO - Sync 1 DAGs
[2025-01-22T13:17:32.545+0000] {logging_mixin.py:190} INFO - [2025-01-22T13:17:32.545+0000] {dag.py:4180} INFO - Setting next_dagrun for example_params_trigger_ui to None, run_after=None
[2025-01-22T13:17:32.560+0000] {processor.py:208} INFO - Processing /usr/local/python/3.12.1/lib/python3.12/site-packages/airflow/example_dags/example_params_trigger_ui.py took 0.067 seconds
[2025-01-22T13:18:45.860+0000] {processor.py:186} INFO - Started process (PID=19459) to work on /usr/local/python/3.12.1/lib/python3.12/site-packages/airflow/example_dags/example_params_trigger_ui.py
[2025-01-22T13:18:45.861+0000] {processor.py:914} INFO - Processing file /usr/local/python/3.12.1/lib/python3.12/site-packages/airflow/example_dags/example_params_trigger_ui.py for tasks to queue
[2025-01-22T13:18:45.863+0000] {logging_mixin.py:190} INFO - [2025-01-22T13:18:45.862+0000] {dagbag.py:588} INFO - Filling up the DagBag from /usr/local/python/3.12.1/lib/python3.12/site-packages/airflow/example_dags/example_params_trigger_ui.py
[2025-01-22T13:18:45.874+0000] {processor.py:925} INFO - DAG(s) 'example_params_trigger_ui' retrieved from /usr/local/python/3.12.1/lib/python3.12/site-packages/airflow/example_dags/example_params_trigger_ui.py
[2025-01-22T13:18:45.902+0000] {logging_mixin.py:190} INFO - [2025-01-22T13:18:45.902+0000] {dag.py:3239} INFO - Sync 1 DAGs
[2025-01-22T13:18:45.911+0000] {logging_mixin.py:190} INFO - [2025-01-22T13:18:45.911+0000] {dag.py:4180} INFO - Setting next_dagrun for example_params_trigger_ui to None, run_after=None
[2025-01-22T13:18:45.926+0000] {processor.py:208} INFO - Processing /usr/local/python/3.12.1/lib/python3.12/site-packages/airflow/example_dags/example_params_trigger_ui.py took 0.070 seconds
[2025-01-22T13:20:02.520+0000] {processor.py:186} INFO - Started process (PID=20902) to work on /usr/local/python/3.12.1/lib/python3.12/site-packages/airflow/example_dags/example_params_trigger_ui.py
[2025-01-22T13:20:02.521+0000] {processor.py:914} INFO - Processing file /usr/local/python/3.12.1/lib/python3.12/site-packages/airflow/example_dags/example_params_trigger_ui.py for tasks to queue
[2025-01-22T13:20:02.522+0000] {logging_mixin.py:190} INFO - [2025-01-22T13:20:02.522+0000] {dagbag.py:588} INFO - Filling up the DagBag from /usr/local/python/3.12.1/lib/python3.12/site-packages/airflow/example_dags/example_params_trigger_ui.py
[2025-01-22T13:20:02.530+0000] {processor.py:925} INFO - DAG(s) 'example_params_trigger_ui' retrieved from /usr/local/python/3.12.1/lib/python3.12/site-packages/airflow/example_dags/example_params_trigger_ui.py
[2025-01-22T13:20:02.583+0000] {logging_mixin.py:190} INFO - [2025-01-22T13:20:02.583+0000] {dag.py:3239} INFO - Sync 1 DAGs
[2025-01-22T13:20:02.610+0000] {logging_mixin.py:190} INFO - [2025-01-22T13:20:02.610+0000] {dag.py:4180} INFO - Setting next_dagrun for example_params_trigger_ui to None, run_after=None
[2025-01-22T13:20:02.632+0000] {processor.py:208} INFO - Processing /usr/local/python/3.12.1/lib/python3.12/site-packages/airflow/example_dags/example_params_trigger_ui.py took 0.115 seconds
[2025-01-22T13:21:13.367+0000] {processor.py:186} INFO - Started process (PID=21702) to work on /usr/local/python/3.12.1/lib/python3.12/site-packages/airflow/example_dags/example_params_trigger_ui.py
[2025-01-22T13:21:13.368+0000] {processor.py:914} INFO - Processing file /usr/local/python/3.12.1/lib/python3.12/site-packages/airflow/example_dags/example_params_trigger_ui.py for tasks to queue
[2025-01-22T13:21:13.369+0000] {logging_mixin.py:190} INFO - [2025-01-22T13:21:13.369+0000] {dagbag.py:588} INFO - Filling up the DagBag from /usr/local/python/3.12.1/lib/python3.12/site-packages/airflow/example_dags/example_params_trigger_ui.py
[2025-01-22T13:21:13.378+0000] {processor.py:925} INFO - DAG(s) 'example_params_trigger_ui' retrieved from /usr/local/python/3.12.1/lib/python3.12/site-packages/airflow/example_dags/example_params_trigger_ui.py
[2025-01-22T13:21:13.405+0000] {logging_mixin.py:190} INFO - [2025-01-22T13:21:13.405+0000] {dag.py:3239} INFO - Sync 1 DAGs
[2025-01-22T13:21:13.415+0000] {logging_mixin.py:190} INFO - [2025-01-22T13:21:13.414+0000] {dag.py:4180} INFO - Setting next_dagrun for example_params_trigger_ui to None, run_after=None
[2025-01-22T13:21:13.429+0000] {processor.py:208} INFO - Processing /usr/local/python/3.12.1/lib/python3.12/site-packages/airflow/example_dags/example_params_trigger_ui.py took 0.066 seconds
