[2025-01-22T12:53:18.932+0000] {processor.py:186} INFO - Started process (PID=5892) to work on /usr/local/python/3.12.1/lib/python3.12/site-packages/airflow/example_dags/example_display_name.py
[2025-01-22T12:53:18.933+0000] {processor.py:914} INFO - Processing file /usr/local/python/3.12.1/lib/python3.12/site-packages/airflow/example_dags/example_display_name.py for tasks to queue
[2025-01-22T12:53:18.935+0000] {logging_mixin.py:190} INFO - [2025-01-22T12:53:18.935+0000] {dagbag.py:588} INFO - Filling up the DagBag from /usr/local/python/3.12.1/lib/python3.12/site-packages/airflow/example_dags/example_display_name.py
[2025-01-22T12:53:18.943+0000] {processor.py:925} INFO - DAG(s) 'example_display_name' retrieved from /usr/local/python/3.12.1/lib/python3.12/site-packages/airflow/example_dags/example_display_name.py
[2025-01-22T12:53:19.030+0000] {logging_mixin.py:190} INFO - [2025-01-22T12:53:19.030+0000] {override.py:1911} INFO - Created Permission View: can delete on DAG:example_display_name
[2025-01-22T12:53:19.038+0000] {logging_mixin.py:190} INFO - [2025-01-22T12:53:19.037+0000] {override.py:1911} INFO - Created Permission View: can edit on DAG:example_display_name
[2025-01-22T12:53:19.043+0000] {logging_mixin.py:190} INFO - [2025-01-22T12:53:19.042+0000] {override.py:1911} INFO - Created Permission View: can read on DAG:example_display_name
[2025-01-22T12:53:19.050+0000] {logging_mixin.py:190} INFO - [2025-01-22T12:53:19.050+0000] {override.py:1911} INFO - Created Permission View: can create on DAG Run:example_display_name
[2025-01-22T12:53:19.055+0000] {logging_mixin.py:190} INFO - [2025-01-22T12:53:19.054+0000] {override.py:1911} INFO - Created Permission View: can read on DAG Run:example_display_name
[2025-01-22T12:53:19.059+0000] {logging_mixin.py:190} INFO - [2025-01-22T12:53:19.059+0000] {override.py:1911} INFO - Created Permission View: menu access on DAG Run:example_display_name
[2025-01-22T12:53:19.064+0000] {logging_mixin.py:190} INFO - [2025-01-22T12:53:19.064+0000] {override.py:1911} INFO - Created Permission View: can delete on DAG Run:example_display_name
[2025-01-22T12:53:19.064+0000] {logging_mixin.py:190} INFO - [2025-01-22T12:53:19.064+0000] {dag.py:3239} INFO - Sync 1 DAGs
[2025-01-22T12:53:19.072+0000] {logging_mixin.py:190} INFO - [2025-01-22T12:53:19.072+0000] {dag.py:3262} INFO - Creating ORM DAG for example_display_name
[2025-01-22T12:53:19.073+0000] {logging_mixin.py:190} INFO - [2025-01-22T12:53:19.073+0000] {dag.py:4180} INFO - Setting next_dagrun for example_display_name to None, run_after=None
[2025-01-22T12:53:19.085+0000] {processor.py:208} INFO - Processing /usr/local/python/3.12.1/lib/python3.12/site-packages/airflow/example_dags/example_display_name.py took 0.159 seconds
[2025-01-22T12:54:13.100+0000] {processor.py:186} INFO - Started process (PID=6760) to work on /usr/local/python/3.12.1/lib/python3.12/site-packages/airflow/example_dags/example_display_name.py
[2025-01-22T12:54:13.101+0000] {processor.py:914} INFO - Processing file /usr/local/python/3.12.1/lib/python3.12/site-packages/airflow/example_dags/example_display_name.py for tasks to queue
[2025-01-22T12:54:13.102+0000] {logging_mixin.py:190} INFO - [2025-01-22T12:54:13.102+0000] {dagbag.py:588} INFO - Filling up the DagBag from /usr/local/python/3.12.1/lib/python3.12/site-packages/airflow/example_dags/example_display_name.py
[2025-01-22T12:54:13.108+0000] {processor.py:925} INFO - DAG(s) 'example_display_name' retrieved from /usr/local/python/3.12.1/lib/python3.12/site-packages/airflow/example_dags/example_display_name.py
[2025-01-22T12:54:13.118+0000] {logging_mixin.py:190} INFO - [2025-01-22T12:54:13.118+0000] {dag.py:3239} INFO - Sync 1 DAGs
[2025-01-22T12:54:13.127+0000] {logging_mixin.py:190} INFO - [2025-01-22T12:54:13.127+0000] {dag.py:4180} INFO - Setting next_dagrun for example_display_name to None, run_after=None
[2025-01-22T12:54:13.141+0000] {processor.py:208} INFO - Processing /usr/local/python/3.12.1/lib/python3.12/site-packages/airflow/example_dags/example_display_name.py took 0.045 seconds
[2025-01-22T12:55:29.887+0000] {processor.py:186} INFO - Started process (PID=7486) to work on /usr/local/python/3.12.1/lib/python3.12/site-packages/airflow/example_dags/example_display_name.py
[2025-01-22T12:55:29.888+0000] {processor.py:914} INFO - Processing file /usr/local/python/3.12.1/lib/python3.12/site-packages/airflow/example_dags/example_display_name.py for tasks to queue
[2025-01-22T12:55:29.891+0000] {logging_mixin.py:190} INFO - [2025-01-22T12:55:29.890+0000] {dagbag.py:588} INFO - Filling up the DagBag from /usr/local/python/3.12.1/lib/python3.12/site-packages/airflow/example_dags/example_display_name.py
[2025-01-22T12:55:29.897+0000] {processor.py:925} INFO - DAG(s) 'example_display_name' retrieved from /usr/local/python/3.12.1/lib/python3.12/site-packages/airflow/example_dags/example_display_name.py
[2025-01-22T12:55:29.907+0000] {logging_mixin.py:190} INFO - [2025-01-22T12:55:29.906+0000] {dag.py:3239} INFO - Sync 1 DAGs
[2025-01-22T12:55:29.916+0000] {logging_mixin.py:190} INFO - [2025-01-22T12:55:29.915+0000] {dag.py:4180} INFO - Setting next_dagrun for example_display_name to None, run_after=None
[2025-01-22T12:55:29.929+0000] {processor.py:208} INFO - Processing /usr/local/python/3.12.1/lib/python3.12/site-packages/airflow/example_dags/example_display_name.py took 0.047 seconds
[2025-01-22T12:56:26.244+0000] {processor.py:186} INFO - Started process (PID=7994) to work on /usr/local/python/3.12.1/lib/python3.12/site-packages/airflow/example_dags/example_display_name.py
[2025-01-22T12:56:26.247+0000] {processor.py:914} INFO - Processing file /usr/local/python/3.12.1/lib/python3.12/site-packages/airflow/example_dags/example_display_name.py for tasks to queue
[2025-01-22T12:56:26.251+0000] {logging_mixin.py:190} INFO - [2025-01-22T12:56:26.251+0000] {dagbag.py:588} INFO - Filling up the DagBag from /usr/local/python/3.12.1/lib/python3.12/site-packages/airflow/example_dags/example_display_name.py
[2025-01-22T12:56:26.269+0000] {processor.py:925} INFO - DAG(s) 'example_display_name' retrieved from /usr/local/python/3.12.1/lib/python3.12/site-packages/airflow/example_dags/example_display_name.py
[2025-01-22T12:56:26.286+0000] {logging_mixin.py:190} INFO - [2025-01-22T12:56:26.286+0000] {dag.py:3239} INFO - Sync 1 DAGs
[2025-01-22T12:56:26.298+0000] {logging_mixin.py:190} INFO - [2025-01-22T12:56:26.298+0000] {dag.py:4180} INFO - Setting next_dagrun for example_display_name to None, run_after=None
[2025-01-22T12:56:26.317+0000] {processor.py:208} INFO - Processing /usr/local/python/3.12.1/lib/python3.12/site-packages/airflow/example_dags/example_display_name.py took 0.077 seconds
[2025-01-22T12:57:41.758+0000] {processor.py:186} INFO - Started process (PID=8647) to work on /usr/local/python/3.12.1/lib/python3.12/site-packages/airflow/example_dags/example_display_name.py
[2025-01-22T12:57:41.758+0000] {processor.py:914} INFO - Processing file /usr/local/python/3.12.1/lib/python3.12/site-packages/airflow/example_dags/example_display_name.py for tasks to queue
[2025-01-22T12:57:41.760+0000] {logging_mixin.py:190} INFO - [2025-01-22T12:57:41.760+0000] {dagbag.py:588} INFO - Filling up the DagBag from /usr/local/python/3.12.1/lib/python3.12/site-packages/airflow/example_dags/example_display_name.py
[2025-01-22T12:57:41.766+0000] {processor.py:925} INFO - DAG(s) 'example_display_name' retrieved from /usr/local/python/3.12.1/lib/python3.12/site-packages/airflow/example_dags/example_display_name.py
[2025-01-22T12:57:41.776+0000] {logging_mixin.py:190} INFO - [2025-01-22T12:57:41.776+0000] {dag.py:3239} INFO - Sync 1 DAGs
[2025-01-22T12:57:41.785+0000] {logging_mixin.py:190} INFO - [2025-01-22T12:57:41.785+0000] {dag.py:4180} INFO - Setting next_dagrun for example_display_name to None, run_after=None
[2025-01-22T12:57:41.800+0000] {processor.py:208} INFO - Processing /usr/local/python/3.12.1/lib/python3.12/site-packages/airflow/example_dags/example_display_name.py took 0.046 seconds
[2025-01-22T12:58:55.406+0000] {processor.py:186} INFO - Started process (PID=9242) to work on /usr/local/python/3.12.1/lib/python3.12/site-packages/airflow/example_dags/example_display_name.py
[2025-01-22T12:58:55.407+0000] {processor.py:914} INFO - Processing file /usr/local/python/3.12.1/lib/python3.12/site-packages/airflow/example_dags/example_display_name.py for tasks to queue
[2025-01-22T12:58:55.408+0000] {logging_mixin.py:190} INFO - [2025-01-22T12:58:55.408+0000] {dagbag.py:588} INFO - Filling up the DagBag from /usr/local/python/3.12.1/lib/python3.12/site-packages/airflow/example_dags/example_display_name.py
[2025-01-22T12:58:55.414+0000] {processor.py:925} INFO - DAG(s) 'example_display_name' retrieved from /usr/local/python/3.12.1/lib/python3.12/site-packages/airflow/example_dags/example_display_name.py
[2025-01-22T12:58:55.424+0000] {logging_mixin.py:190} INFO - [2025-01-22T12:58:55.424+0000] {dag.py:3239} INFO - Sync 1 DAGs
[2025-01-22T12:58:55.433+0000] {logging_mixin.py:190} INFO - [2025-01-22T12:58:55.433+0000] {dag.py:4180} INFO - Setting next_dagrun for example_display_name to None, run_after=None
[2025-01-22T12:58:55.448+0000] {processor.py:208} INFO - Processing /usr/local/python/3.12.1/lib/python3.12/site-packages/airflow/example_dags/example_display_name.py took 0.045 seconds
[2025-01-22T13:00:14.582+0000] {processor.py:186} INFO - Started process (PID=9846) to work on /usr/local/python/3.12.1/lib/python3.12/site-packages/airflow/example_dags/example_display_name.py
[2025-01-22T13:00:14.583+0000] {processor.py:914} INFO - Processing file /usr/local/python/3.12.1/lib/python3.12/site-packages/airflow/example_dags/example_display_name.py for tasks to queue
[2025-01-22T13:00:14.584+0000] {logging_mixin.py:190} INFO - [2025-01-22T13:00:14.584+0000] {dagbag.py:588} INFO - Filling up the DagBag from /usr/local/python/3.12.1/lib/python3.12/site-packages/airflow/example_dags/example_display_name.py
[2025-01-22T13:00:14.590+0000] {processor.py:925} INFO - DAG(s) 'example_display_name' retrieved from /usr/local/python/3.12.1/lib/python3.12/site-packages/airflow/example_dags/example_display_name.py
[2025-01-22T13:00:14.601+0000] {logging_mixin.py:190} INFO - [2025-01-22T13:00:14.601+0000] {dag.py:3239} INFO - Sync 1 DAGs
[2025-01-22T13:00:14.610+0000] {logging_mixin.py:190} INFO - [2025-01-22T13:00:14.610+0000] {dag.py:4180} INFO - Setting next_dagrun for example_display_name to None, run_after=None
[2025-01-22T13:00:14.625+0000] {processor.py:208} INFO - Processing /usr/local/python/3.12.1/lib/python3.12/site-packages/airflow/example_dags/example_display_name.py took 0.046 seconds
[2025-01-22T13:01:32.703+0000] {processor.py:186} INFO - Started process (PID=10528) to work on /usr/local/python/3.12.1/lib/python3.12/site-packages/airflow/example_dags/example_display_name.py
[2025-01-22T13:01:32.704+0000] {processor.py:914} INFO - Processing file /usr/local/python/3.12.1/lib/python3.12/site-packages/airflow/example_dags/example_display_name.py for tasks to queue
[2025-01-22T13:01:32.705+0000] {logging_mixin.py:190} INFO - [2025-01-22T13:01:32.705+0000] {dagbag.py:588} INFO - Filling up the DagBag from /usr/local/python/3.12.1/lib/python3.12/site-packages/airflow/example_dags/example_display_name.py
[2025-01-22T13:01:32.711+0000] {processor.py:925} INFO - DAG(s) 'example_display_name' retrieved from /usr/local/python/3.12.1/lib/python3.12/site-packages/airflow/example_dags/example_display_name.py
[2025-01-22T13:01:32.721+0000] {logging_mixin.py:190} INFO - [2025-01-22T13:01:32.721+0000] {dag.py:3239} INFO - Sync 1 DAGs
[2025-01-22T13:01:32.730+0000] {logging_mixin.py:190} INFO - [2025-01-22T13:01:32.730+0000] {dag.py:4180} INFO - Setting next_dagrun for example_display_name to None, run_after=None
[2025-01-22T13:01:32.744+0000] {processor.py:208} INFO - Processing /usr/local/python/3.12.1/lib/python3.12/site-packages/airflow/example_dags/example_display_name.py took 0.045 seconds
[2025-01-22T13:02:45.728+0000] {processor.py:186} INFO - Started process (PID=11169) to work on /usr/local/python/3.12.1/lib/python3.12/site-packages/airflow/example_dags/example_display_name.py
[2025-01-22T13:02:45.728+0000] {processor.py:914} INFO - Processing file /usr/local/python/3.12.1/lib/python3.12/site-packages/airflow/example_dags/example_display_name.py for tasks to queue
[2025-01-22T13:02:45.730+0000] {logging_mixin.py:190} INFO - [2025-01-22T13:02:45.730+0000] {dagbag.py:588} INFO - Filling up the DagBag from /usr/local/python/3.12.1/lib/python3.12/site-packages/airflow/example_dags/example_display_name.py
[2025-01-22T13:02:45.736+0000] {processor.py:925} INFO - DAG(s) 'example_display_name' retrieved from /usr/local/python/3.12.1/lib/python3.12/site-packages/airflow/example_dags/example_display_name.py
[2025-01-22T13:02:45.746+0000] {logging_mixin.py:190} INFO - [2025-01-22T13:02:45.745+0000] {dag.py:3239} INFO - Sync 1 DAGs
[2025-01-22T13:02:45.754+0000] {logging_mixin.py:190} INFO - [2025-01-22T13:02:45.754+0000] {dag.py:4180} INFO - Setting next_dagrun for example_display_name to None, run_after=None
[2025-01-22T13:02:45.768+0000] {processor.py:208} INFO - Processing /usr/local/python/3.12.1/lib/python3.12/site-packages/airflow/example_dags/example_display_name.py took 0.045 seconds
[2025-01-22T13:04:01.063+0000] {processor.py:186} INFO - Started process (PID=11782) to work on /usr/local/python/3.12.1/lib/python3.12/site-packages/airflow/example_dags/example_display_name.py
[2025-01-22T13:04:01.064+0000] {processor.py:914} INFO - Processing file /usr/local/python/3.12.1/lib/python3.12/site-packages/airflow/example_dags/example_display_name.py for tasks to queue
[2025-01-22T13:04:01.065+0000] {logging_mixin.py:190} INFO - [2025-01-22T13:04:01.065+0000] {dagbag.py:588} INFO - Filling up the DagBag from /usr/local/python/3.12.1/lib/python3.12/site-packages/airflow/example_dags/example_display_name.py
[2025-01-22T13:04:01.071+0000] {processor.py:925} INFO - DAG(s) 'example_display_name' retrieved from /usr/local/python/3.12.1/lib/python3.12/site-packages/airflow/example_dags/example_display_name.py
[2025-01-22T13:04:01.081+0000] {logging_mixin.py:190} INFO - [2025-01-22T13:04:01.081+0000] {dag.py:3239} INFO - Sync 1 DAGs
[2025-01-22T13:04:01.090+0000] {logging_mixin.py:190} INFO - [2025-01-22T13:04:01.090+0000] {dag.py:4180} INFO - Setting next_dagrun for example_display_name to None, run_after=None
[2025-01-22T13:04:01.104+0000] {processor.py:208} INFO - Processing /usr/local/python/3.12.1/lib/python3.12/site-packages/airflow/example_dags/example_display_name.py took 0.046 seconds
[2025-01-22T13:05:18.554+0000] {processor.py:186} INFO - Started process (PID=12373) to work on /usr/local/python/3.12.1/lib/python3.12/site-packages/airflow/example_dags/example_display_name.py
[2025-01-22T13:05:18.555+0000] {processor.py:914} INFO - Processing file /usr/local/python/3.12.1/lib/python3.12/site-packages/airflow/example_dags/example_display_name.py for tasks to queue
[2025-01-22T13:05:18.557+0000] {logging_mixin.py:190} INFO - [2025-01-22T13:05:18.556+0000] {dagbag.py:588} INFO - Filling up the DagBag from /usr/local/python/3.12.1/lib/python3.12/site-packages/airflow/example_dags/example_display_name.py
[2025-01-22T13:05:18.562+0000] {processor.py:925} INFO - DAG(s) 'example_display_name' retrieved from /usr/local/python/3.12.1/lib/python3.12/site-packages/airflow/example_dags/example_display_name.py
[2025-01-22T13:05:18.573+0000] {logging_mixin.py:190} INFO - [2025-01-22T13:05:18.572+0000] {dag.py:3239} INFO - Sync 1 DAGs
[2025-01-22T13:05:18.581+0000] {logging_mixin.py:190} INFO - [2025-01-22T13:05:18.581+0000] {dag.py:4180} INFO - Setting next_dagrun for example_display_name to None, run_after=None
[2025-01-22T13:05:18.596+0000] {processor.py:208} INFO - Processing /usr/local/python/3.12.1/lib/python3.12/site-packages/airflow/example_dags/example_display_name.py took 0.045 seconds
[2025-01-22T13:06:32.227+0000] {processor.py:186} INFO - Started process (PID=13019) to work on /usr/local/python/3.12.1/lib/python3.12/site-packages/airflow/example_dags/example_display_name.py
[2025-01-22T13:06:32.227+0000] {processor.py:914} INFO - Processing file /usr/local/python/3.12.1/lib/python3.12/site-packages/airflow/example_dags/example_display_name.py for tasks to queue
[2025-01-22T13:06:32.229+0000] {logging_mixin.py:190} INFO - [2025-01-22T13:06:32.229+0000] {dagbag.py:588} INFO - Filling up the DagBag from /usr/local/python/3.12.1/lib/python3.12/site-packages/airflow/example_dags/example_display_name.py
[2025-01-22T13:06:32.235+0000] {processor.py:925} INFO - DAG(s) 'example_display_name' retrieved from /usr/local/python/3.12.1/lib/python3.12/site-packages/airflow/example_dags/example_display_name.py
[2025-01-22T13:06:32.247+0000] {logging_mixin.py:190} INFO - [2025-01-22T13:06:32.247+0000] {dag.py:3239} INFO - Sync 1 DAGs
[2025-01-22T13:06:32.256+0000] {logging_mixin.py:190} INFO - [2025-01-22T13:06:32.255+0000] {dag.py:4180} INFO - Setting next_dagrun for example_display_name to None, run_after=None
[2025-01-22T13:06:32.270+0000] {processor.py:208} INFO - Processing /usr/local/python/3.12.1/lib/python3.12/site-packages/airflow/example_dags/example_display_name.py took 0.047 seconds
[2025-01-22T13:07:46.407+0000] {processor.py:186} INFO - Started process (PID=13626) to work on /usr/local/python/3.12.1/lib/python3.12/site-packages/airflow/example_dags/example_display_name.py
[2025-01-22T13:07:46.407+0000] {processor.py:914} INFO - Processing file /usr/local/python/3.12.1/lib/python3.12/site-packages/airflow/example_dags/example_display_name.py for tasks to queue
[2025-01-22T13:07:46.409+0000] {logging_mixin.py:190} INFO - [2025-01-22T13:07:46.409+0000] {dagbag.py:588} INFO - Filling up the DagBag from /usr/local/python/3.12.1/lib/python3.12/site-packages/airflow/example_dags/example_display_name.py
[2025-01-22T13:07:46.415+0000] {processor.py:925} INFO - DAG(s) 'example_display_name' retrieved from /usr/local/python/3.12.1/lib/python3.12/site-packages/airflow/example_dags/example_display_name.py
[2025-01-22T13:07:46.424+0000] {logging_mixin.py:190} INFO - [2025-01-22T13:07:46.424+0000] {dag.py:3239} INFO - Sync 1 DAGs
[2025-01-22T13:07:46.434+0000] {logging_mixin.py:190} INFO - [2025-01-22T13:07:46.434+0000] {dag.py:4180} INFO - Setting next_dagrun for example_display_name to None, run_after=None
[2025-01-22T13:07:46.448+0000] {processor.py:208} INFO - Processing /usr/local/python/3.12.1/lib/python3.12/site-packages/airflow/example_dags/example_display_name.py took 0.045 seconds
[2025-01-22T13:09:04.226+0000] {processor.py:186} INFO - Started process (PID=14471) to work on /usr/local/python/3.12.1/lib/python3.12/site-packages/airflow/example_dags/example_display_name.py
[2025-01-22T13:09:04.226+0000] {processor.py:914} INFO - Processing file /usr/local/python/3.12.1/lib/python3.12/site-packages/airflow/example_dags/example_display_name.py for tasks to queue
[2025-01-22T13:09:04.228+0000] {logging_mixin.py:190} INFO - [2025-01-22T13:09:04.228+0000] {dagbag.py:588} INFO - Filling up the DagBag from /usr/local/python/3.12.1/lib/python3.12/site-packages/airflow/example_dags/example_display_name.py
[2025-01-22T13:09:04.234+0000] {processor.py:925} INFO - DAG(s) 'example_display_name' retrieved from /usr/local/python/3.12.1/lib/python3.12/site-packages/airflow/example_dags/example_display_name.py
[2025-01-22T13:09:04.244+0000] {logging_mixin.py:190} INFO - [2025-01-22T13:09:04.243+0000] {dag.py:3239} INFO - Sync 1 DAGs
[2025-01-22T13:09:04.252+0000] {logging_mixin.py:190} INFO - [2025-01-22T13:09:04.252+0000] {dag.py:4180} INFO - Setting next_dagrun for example_display_name to None, run_after=None
[2025-01-22T13:09:04.266+0000] {processor.py:208} INFO - Processing /usr/local/python/3.12.1/lib/python3.12/site-packages/airflow/example_dags/example_display_name.py took 0.044 seconds
[2025-01-22T13:10:20.709+0000] {processor.py:186} INFO - Started process (PID=15084) to work on /usr/local/python/3.12.1/lib/python3.12/site-packages/airflow/example_dags/example_display_name.py
[2025-01-22T13:10:20.709+0000] {processor.py:914} INFO - Processing file /usr/local/python/3.12.1/lib/python3.12/site-packages/airflow/example_dags/example_display_name.py for tasks to queue
[2025-01-22T13:10:20.711+0000] {logging_mixin.py:190} INFO - [2025-01-22T13:10:20.711+0000] {dagbag.py:588} INFO - Filling up the DagBag from /usr/local/python/3.12.1/lib/python3.12/site-packages/airflow/example_dags/example_display_name.py
[2025-01-22T13:10:20.717+0000] {processor.py:925} INFO - DAG(s) 'example_display_name' retrieved from /usr/local/python/3.12.1/lib/python3.12/site-packages/airflow/example_dags/example_display_name.py
[2025-01-22T13:10:20.727+0000] {logging_mixin.py:190} INFO - [2025-01-22T13:10:20.727+0000] {dag.py:3239} INFO - Sync 1 DAGs
[2025-01-22T13:10:20.736+0000] {logging_mixin.py:190} INFO - [2025-01-22T13:10:20.736+0000] {dag.py:4180} INFO - Setting next_dagrun for example_display_name to None, run_after=None
[2025-01-22T13:10:20.751+0000] {processor.py:208} INFO - Processing /usr/local/python/3.12.1/lib/python3.12/site-packages/airflow/example_dags/example_display_name.py took 0.046 seconds
[2025-01-22T13:11:34.497+0000] {processor.py:186} INFO - Started process (PID=15723) to work on /usr/local/python/3.12.1/lib/python3.12/site-packages/airflow/example_dags/example_display_name.py
[2025-01-22T13:11:34.498+0000] {processor.py:914} INFO - Processing file /usr/local/python/3.12.1/lib/python3.12/site-packages/airflow/example_dags/example_display_name.py for tasks to queue
[2025-01-22T13:11:34.499+0000] {logging_mixin.py:190} INFO - [2025-01-22T13:11:34.499+0000] {dagbag.py:588} INFO - Filling up the DagBag from /usr/local/python/3.12.1/lib/python3.12/site-packages/airflow/example_dags/example_display_name.py
[2025-01-22T13:11:34.505+0000] {processor.py:925} INFO - DAG(s) 'example_display_name' retrieved from /usr/local/python/3.12.1/lib/python3.12/site-packages/airflow/example_dags/example_display_name.py
[2025-01-22T13:11:34.515+0000] {logging_mixin.py:190} INFO - [2025-01-22T13:11:34.514+0000] {dag.py:3239} INFO - Sync 1 DAGs
[2025-01-22T13:11:34.523+0000] {logging_mixin.py:190} INFO - [2025-01-22T13:11:34.523+0000] {dag.py:4180} INFO - Setting next_dagrun for example_display_name to None, run_after=None
[2025-01-22T13:11:34.538+0000] {processor.py:208} INFO - Processing /usr/local/python/3.12.1/lib/python3.12/site-packages/airflow/example_dags/example_display_name.py took 0.045 seconds
[2025-01-22T13:12:51.509+0000] {processor.py:186} INFO - Started process (PID=16394) to work on /usr/local/python/3.12.1/lib/python3.12/site-packages/airflow/example_dags/example_display_name.py
[2025-01-22T13:12:51.510+0000] {processor.py:914} INFO - Processing file /usr/local/python/3.12.1/lib/python3.12/site-packages/airflow/example_dags/example_display_name.py for tasks to queue
[2025-01-22T13:12:51.511+0000] {logging_mixin.py:190} INFO - [2025-01-22T13:12:51.511+0000] {dagbag.py:588} INFO - Filling up the DagBag from /usr/local/python/3.12.1/lib/python3.12/site-packages/airflow/example_dags/example_display_name.py
[2025-01-22T13:12:51.517+0000] {processor.py:925} INFO - DAG(s) 'example_display_name' retrieved from /usr/local/python/3.12.1/lib/python3.12/site-packages/airflow/example_dags/example_display_name.py
[2025-01-22T13:12:51.527+0000] {logging_mixin.py:190} INFO - [2025-01-22T13:12:51.527+0000] {dag.py:3239} INFO - Sync 1 DAGs
[2025-01-22T13:12:51.536+0000] {logging_mixin.py:190} INFO - [2025-01-22T13:12:51.536+0000] {dag.py:4180} INFO - Setting next_dagrun for example_display_name to None, run_after=None
[2025-01-22T13:12:51.550+0000] {processor.py:208} INFO - Processing /usr/local/python/3.12.1/lib/python3.12/site-packages/airflow/example_dags/example_display_name.py took 0.045 seconds
[2025-01-22T13:14:11.556+0000] {processor.py:186} INFO - Started process (PID=17024) to work on /usr/local/python/3.12.1/lib/python3.12/site-packages/airflow/example_dags/example_display_name.py
[2025-01-22T13:14:11.557+0000] {processor.py:914} INFO - Processing file /usr/local/python/3.12.1/lib/python3.12/site-packages/airflow/example_dags/example_display_name.py for tasks to queue
[2025-01-22T13:14:11.558+0000] {logging_mixin.py:190} INFO - [2025-01-22T13:14:11.558+0000] {dagbag.py:588} INFO - Filling up the DagBag from /usr/local/python/3.12.1/lib/python3.12/site-packages/airflow/example_dags/example_display_name.py
[2025-01-22T13:14:11.564+0000] {processor.py:925} INFO - DAG(s) 'example_display_name' retrieved from /usr/local/python/3.12.1/lib/python3.12/site-packages/airflow/example_dags/example_display_name.py
[2025-01-22T13:14:11.574+0000] {logging_mixin.py:190} INFO - [2025-01-22T13:14:11.574+0000] {dag.py:3239} INFO - Sync 1 DAGs
[2025-01-22T13:14:11.583+0000] {logging_mixin.py:190} INFO - [2025-01-22T13:14:11.583+0000] {dag.py:4180} INFO - Setting next_dagrun for example_display_name to None, run_after=None
[2025-01-22T13:14:11.598+0000] {processor.py:208} INFO - Processing /usr/local/python/3.12.1/lib/python3.12/site-packages/airflow/example_dags/example_display_name.py took 0.045 seconds
[2025-01-22T13:15:27.250+0000] {processor.py:186} INFO - Started process (PID=17678) to work on /usr/local/python/3.12.1/lib/python3.12/site-packages/airflow/example_dags/example_display_name.py
[2025-01-22T13:15:27.251+0000] {processor.py:914} INFO - Processing file /usr/local/python/3.12.1/lib/python3.12/site-packages/airflow/example_dags/example_display_name.py for tasks to queue
[2025-01-22T13:15:27.253+0000] {logging_mixin.py:190} INFO - [2025-01-22T13:15:27.252+0000] {dagbag.py:588} INFO - Filling up the DagBag from /usr/local/python/3.12.1/lib/python3.12/site-packages/airflow/example_dags/example_display_name.py
[2025-01-22T13:15:27.259+0000] {processor.py:925} INFO - DAG(s) 'example_display_name' retrieved from /usr/local/python/3.12.1/lib/python3.12/site-packages/airflow/example_dags/example_display_name.py
[2025-01-22T13:15:27.269+0000] {logging_mixin.py:190} INFO - [2025-01-22T13:15:27.269+0000] {dag.py:3239} INFO - Sync 1 DAGs
[2025-01-22T13:15:27.278+0000] {logging_mixin.py:190} INFO - [2025-01-22T13:15:27.278+0000] {dag.py:4180} INFO - Setting next_dagrun for example_display_name to None, run_after=None
[2025-01-22T13:15:27.292+0000] {processor.py:208} INFO - Processing /usr/local/python/3.12.1/lib/python3.12/site-packages/airflow/example_dags/example_display_name.py took 0.046 seconds
[2025-01-22T13:16:42.127+0000] {processor.py:186} INFO - Started process (PID=18261) to work on /usr/local/python/3.12.1/lib/python3.12/site-packages/airflow/example_dags/example_display_name.py
[2025-01-22T13:16:42.127+0000] {processor.py:914} INFO - Processing file /usr/local/python/3.12.1/lib/python3.12/site-packages/airflow/example_dags/example_display_name.py for tasks to queue
[2025-01-22T13:16:42.129+0000] {logging_mixin.py:190} INFO - [2025-01-22T13:16:42.129+0000] {dagbag.py:588} INFO - Filling up the DagBag from /usr/local/python/3.12.1/lib/python3.12/site-packages/airflow/example_dags/example_display_name.py
[2025-01-22T13:16:42.135+0000] {processor.py:925} INFO - DAG(s) 'example_display_name' retrieved from /usr/local/python/3.12.1/lib/python3.12/site-packages/airflow/example_dags/example_display_name.py
[2025-01-22T13:16:42.145+0000] {logging_mixin.py:190} INFO - [2025-01-22T13:16:42.145+0000] {dag.py:3239} INFO - Sync 1 DAGs
[2025-01-22T13:16:42.155+0000] {logging_mixin.py:190} INFO - [2025-01-22T13:16:42.155+0000] {dag.py:4180} INFO - Setting next_dagrun for example_display_name to None, run_after=None
[2025-01-22T13:16:42.170+0000] {processor.py:208} INFO - Processing /usr/local/python/3.12.1/lib/python3.12/site-packages/airflow/example_dags/example_display_name.py took 0.047 seconds
[2025-01-22T13:18:00.630+0000] {processor.py:186} INFO - Started process (PID=18946) to work on /usr/local/python/3.12.1/lib/python3.12/site-packages/airflow/example_dags/example_display_name.py
[2025-01-22T13:18:00.631+0000] {processor.py:914} INFO - Processing file /usr/local/python/3.12.1/lib/python3.12/site-packages/airflow/example_dags/example_display_name.py for tasks to queue
[2025-01-22T13:18:00.632+0000] {logging_mixin.py:190} INFO - [2025-01-22T13:18:00.632+0000] {dagbag.py:588} INFO - Filling up the DagBag from /usr/local/python/3.12.1/lib/python3.12/site-packages/airflow/example_dags/example_display_name.py
[2025-01-22T13:18:00.638+0000] {processor.py:925} INFO - DAG(s) 'example_display_name' retrieved from /usr/local/python/3.12.1/lib/python3.12/site-packages/airflow/example_dags/example_display_name.py
[2025-01-22T13:18:00.648+0000] {logging_mixin.py:190} INFO - [2025-01-22T13:18:00.648+0000] {dag.py:3239} INFO - Sync 1 DAGs
[2025-01-22T13:18:00.658+0000] {logging_mixin.py:190} INFO - [2025-01-22T13:18:00.657+0000] {dag.py:4180} INFO - Setting next_dagrun for example_display_name to None, run_after=None
[2025-01-22T13:18:00.672+0000] {processor.py:208} INFO - Processing /usr/local/python/3.12.1/lib/python3.12/site-packages/airflow/example_dags/example_display_name.py took 0.046 seconds
[2025-01-22T13:19:13.078+0000] {processor.py:186} INFO - Started process (PID=19952) to work on /usr/local/python/3.12.1/lib/python3.12/site-packages/airflow/example_dags/example_display_name.py
[2025-01-22T13:19:13.079+0000] {processor.py:914} INFO - Processing file /usr/local/python/3.12.1/lib/python3.12/site-packages/airflow/example_dags/example_display_name.py for tasks to queue
[2025-01-22T13:19:13.080+0000] {logging_mixin.py:190} INFO - [2025-01-22T13:19:13.080+0000] {dagbag.py:588} INFO - Filling up the DagBag from /usr/local/python/3.12.1/lib/python3.12/site-packages/airflow/example_dags/example_display_name.py
[2025-01-22T13:19:13.086+0000] {processor.py:925} INFO - DAG(s) 'example_display_name' retrieved from /usr/local/python/3.12.1/lib/python3.12/site-packages/airflow/example_dags/example_display_name.py
[2025-01-22T13:19:13.097+0000] {logging_mixin.py:190} INFO - [2025-01-22T13:19:13.096+0000] {dag.py:3239} INFO - Sync 1 DAGs
[2025-01-22T13:19:13.106+0000] {logging_mixin.py:190} INFO - [2025-01-22T13:19:13.106+0000] {dag.py:4180} INFO - Setting next_dagrun for example_display_name to None, run_after=None
[2025-01-22T13:19:13.120+0000] {processor.py:208} INFO - Processing /usr/local/python/3.12.1/lib/python3.12/site-packages/airflow/example_dags/example_display_name.py took 0.046 seconds
[2025-01-22T13:20:29.453+0000] {processor.py:186} INFO - Started process (PID=21317) to work on /usr/local/python/3.12.1/lib/python3.12/site-packages/airflow/example_dags/example_display_name.py
[2025-01-22T13:20:29.453+0000] {processor.py:914} INFO - Processing file /usr/local/python/3.12.1/lib/python3.12/site-packages/airflow/example_dags/example_display_name.py for tasks to queue
[2025-01-22T13:20:29.455+0000] {logging_mixin.py:190} INFO - [2025-01-22T13:20:29.455+0000] {dagbag.py:588} INFO - Filling up the DagBag from /usr/local/python/3.12.1/lib/python3.12/site-packages/airflow/example_dags/example_display_name.py
[2025-01-22T13:20:29.461+0000] {processor.py:925} INFO - DAG(s) 'example_display_name' retrieved from /usr/local/python/3.12.1/lib/python3.12/site-packages/airflow/example_dags/example_display_name.py
[2025-01-22T13:20:29.470+0000] {logging_mixin.py:190} INFO - [2025-01-22T13:20:29.470+0000] {dag.py:3239} INFO - Sync 1 DAGs
[2025-01-22T13:20:29.479+0000] {logging_mixin.py:190} INFO - [2025-01-22T13:20:29.479+0000] {dag.py:4180} INFO - Setting next_dagrun for example_display_name to None, run_after=None
[2025-01-22T13:20:29.497+0000] {processor.py:208} INFO - Processing /usr/local/python/3.12.1/lib/python3.12/site-packages/airflow/example_dags/example_display_name.py took 0.048 seconds
[2025-01-22T13:21:43.252+0000] {processor.py:186} INFO - Started process (PID=22035) to work on /usr/local/python/3.12.1/lib/python3.12/site-packages/airflow/example_dags/example_display_name.py
[2025-01-22T13:21:43.252+0000] {processor.py:914} INFO - Processing file /usr/local/python/3.12.1/lib/python3.12/site-packages/airflow/example_dags/example_display_name.py for tasks to queue
[2025-01-22T13:21:43.254+0000] {logging_mixin.py:190} INFO - [2025-01-22T13:21:43.254+0000] {dagbag.py:588} INFO - Filling up the DagBag from /usr/local/python/3.12.1/lib/python3.12/site-packages/airflow/example_dags/example_display_name.py
[2025-01-22T13:21:43.260+0000] {processor.py:925} INFO - DAG(s) 'example_display_name' retrieved from /usr/local/python/3.12.1/lib/python3.12/site-packages/airflow/example_dags/example_display_name.py
[2025-01-22T13:21:43.270+0000] {logging_mixin.py:190} INFO - [2025-01-22T13:21:43.269+0000] {dag.py:3239} INFO - Sync 1 DAGs
[2025-01-22T13:21:43.279+0000] {logging_mixin.py:190} INFO - [2025-01-22T13:21:43.279+0000] {dag.py:4180} INFO - Setting next_dagrun for example_display_name to None, run_after=None
[2025-01-22T13:21:43.293+0000] {processor.py:208} INFO - Processing /usr/local/python/3.12.1/lib/python3.12/site-packages/airflow/example_dags/example_display_name.py took 0.045 seconds
