[2025-01-22T12:52:40.078+0000] {processor.py:186} INFO - Started process (PID=5388) to work on /usr/local/python/3.12.1/lib/python3.12/site-packages/airflow/example_dags/example_time_delta_sensor_async.py
[2025-01-22T12:52:40.079+0000] {processor.py:914} INFO - Processing file /usr/local/python/3.12.1/lib/python3.12/site-packages/airflow/example_dags/example_time_delta_sensor_async.py for tasks to queue
[2025-01-22T12:52:40.080+0000] {logging_mixin.py:190} INFO - [2025-01-22T12:52:40.080+0000] {dagbag.py:588} INFO - Filling up the DagBag from /usr/local/python/3.12.1/lib/python3.12/site-packages/airflow/example_dags/example_time_delta_sensor_async.py
[2025-01-22T12:52:40.086+0000] {processor.py:925} INFO - DAG(s) 'example_time_delta_sensor_async' retrieved from /usr/local/python/3.12.1/lib/python3.12/site-packages/airflow/example_dags/example_time_delta_sensor_async.py
[2025-01-22T12:52:40.158+0000] {logging_mixin.py:190} INFO - [2025-01-22T12:52:40.158+0000] {override.py:1911} INFO - Created Permission View: can delete on DAG:example_time_delta_sensor_async
[2025-01-22T12:52:40.165+0000] {logging_mixin.py:190} INFO - [2025-01-22T12:52:40.165+0000] {override.py:1911} INFO - Created Permission View: can edit on DAG:example_time_delta_sensor_async
[2025-01-22T12:52:40.170+0000] {logging_mixin.py:190} INFO - [2025-01-22T12:52:40.170+0000] {override.py:1911} INFO - Created Permission View: can read on DAG:example_time_delta_sensor_async
[2025-01-22T12:52:40.178+0000] {logging_mixin.py:190} INFO - [2025-01-22T12:52:40.178+0000] {override.py:1911} INFO - Created Permission View: can create on DAG Run:example_time_delta_sensor_async
[2025-01-22T12:52:40.183+0000] {logging_mixin.py:190} INFO - [2025-01-22T12:52:40.183+0000] {override.py:1911} INFO - Created Permission View: can read on DAG Run:example_time_delta_sensor_async
[2025-01-22T12:52:40.188+0000] {logging_mixin.py:190} INFO - [2025-01-22T12:52:40.188+0000] {override.py:1911} INFO - Created Permission View: menu access on DAG Run:example_time_delta_sensor_async
[2025-01-22T12:52:40.193+0000] {logging_mixin.py:190} INFO - [2025-01-22T12:52:40.193+0000] {override.py:1911} INFO - Created Permission View: can delete on DAG Run:example_time_delta_sensor_async
[2025-01-22T12:52:40.193+0000] {logging_mixin.py:190} INFO - [2025-01-22T12:52:40.193+0000] {dag.py:3239} INFO - Sync 1 DAGs
[2025-01-22T12:52:40.202+0000] {logging_mixin.py:190} INFO - [2025-01-22T12:52:40.202+0000] {dag.py:3262} INFO - Creating ORM DAG for example_time_delta_sensor_async
[2025-01-22T12:52:40.202+0000] {logging_mixin.py:190} INFO - [2025-01-22T12:52:40.202+0000] {dag.py:4180} INFO - Setting next_dagrun for example_time_delta_sensor_async to None, run_after=None
[2025-01-22T12:52:40.216+0000] {processor.py:208} INFO - Processing /usr/local/python/3.12.1/lib/python3.12/site-packages/airflow/example_dags/example_time_delta_sensor_async.py took 0.142 seconds
[2025-01-22T12:53:40.736+0000] {processor.py:186} INFO - Started process (PID=6320) to work on /usr/local/python/3.12.1/lib/python3.12/site-packages/airflow/example_dags/example_time_delta_sensor_async.py
[2025-01-22T12:53:40.737+0000] {processor.py:914} INFO - Processing file /usr/local/python/3.12.1/lib/python3.12/site-packages/airflow/example_dags/example_time_delta_sensor_async.py for tasks to queue
[2025-01-22T12:53:40.738+0000] {logging_mixin.py:190} INFO - [2025-01-22T12:53:40.738+0000] {dagbag.py:588} INFO - Filling up the DagBag from /usr/local/python/3.12.1/lib/python3.12/site-packages/airflow/example_dags/example_time_delta_sensor_async.py
[2025-01-22T12:53:40.743+0000] {processor.py:925} INFO - DAG(s) 'example_time_delta_sensor_async' retrieved from /usr/local/python/3.12.1/lib/python3.12/site-packages/airflow/example_dags/example_time_delta_sensor_async.py
[2025-01-22T12:53:40.754+0000] {logging_mixin.py:190} INFO - [2025-01-22T12:53:40.754+0000] {dag.py:3239} INFO - Sync 1 DAGs
[2025-01-22T12:53:40.763+0000] {logging_mixin.py:190} INFO - [2025-01-22T12:53:40.763+0000] {dag.py:4180} INFO - Setting next_dagrun for example_time_delta_sensor_async to None, run_after=None
[2025-01-22T12:53:40.777+0000] {processor.py:208} INFO - Processing /usr/local/python/3.12.1/lib/python3.12/site-packages/airflow/example_dags/example_time_delta_sensor_async.py took 0.045 seconds
[2025-01-22T12:54:34.796+0000] {processor.py:186} INFO - Started process (PID=7032) to work on /usr/local/python/3.12.1/lib/python3.12/site-packages/airflow/example_dags/example_time_delta_sensor_async.py
[2025-01-22T12:54:34.797+0000] {processor.py:914} INFO - Processing file /usr/local/python/3.12.1/lib/python3.12/site-packages/airflow/example_dags/example_time_delta_sensor_async.py for tasks to queue
[2025-01-22T12:54:34.798+0000] {logging_mixin.py:190} INFO - [2025-01-22T12:54:34.798+0000] {dagbag.py:588} INFO - Filling up the DagBag from /usr/local/python/3.12.1/lib/python3.12/site-packages/airflow/example_dags/example_time_delta_sensor_async.py
[2025-01-22T12:54:34.804+0000] {processor.py:925} INFO - DAG(s) 'example_time_delta_sensor_async' retrieved from /usr/local/python/3.12.1/lib/python3.12/site-packages/airflow/example_dags/example_time_delta_sensor_async.py
[2025-01-22T12:54:34.814+0000] {logging_mixin.py:190} INFO - [2025-01-22T12:54:34.814+0000] {dag.py:3239} INFO - Sync 1 DAGs
[2025-01-22T12:54:34.823+0000] {logging_mixin.py:190} INFO - [2025-01-22T12:54:34.823+0000] {dag.py:4180} INFO - Setting next_dagrun for example_time_delta_sensor_async to None, run_after=None
[2025-01-22T12:54:34.837+0000] {processor.py:208} INFO - Processing /usr/local/python/3.12.1/lib/python3.12/site-packages/airflow/example_dags/example_time_delta_sensor_async.py took 0.046 seconds
[2025-01-22T12:55:24.744+0000] {processor.py:186} INFO - Started process (PID=7443) to work on /usr/local/python/3.12.1/lib/python3.12/site-packages/airflow/example_dags/example_time_delta_sensor_async.py
[2025-01-22T12:55:24.745+0000] {processor.py:914} INFO - Processing file /usr/local/python/3.12.1/lib/python3.12/site-packages/airflow/example_dags/example_time_delta_sensor_async.py for tasks to queue
[2025-01-22T12:55:24.746+0000] {logging_mixin.py:190} INFO - [2025-01-22T12:55:24.746+0000] {dagbag.py:588} INFO - Filling up the DagBag from /usr/local/python/3.12.1/lib/python3.12/site-packages/airflow/example_dags/example_time_delta_sensor_async.py
[2025-01-22T12:55:24.752+0000] {processor.py:925} INFO - DAG(s) 'example_time_delta_sensor_async' retrieved from /usr/local/python/3.12.1/lib/python3.12/site-packages/airflow/example_dags/example_time_delta_sensor_async.py
[2025-01-22T12:55:24.762+0000] {logging_mixin.py:190} INFO - [2025-01-22T12:55:24.762+0000] {dag.py:3239} INFO - Sync 1 DAGs
[2025-01-22T12:55:24.772+0000] {logging_mixin.py:190} INFO - [2025-01-22T12:55:24.771+0000] {dag.py:4180} INFO - Setting next_dagrun for example_time_delta_sensor_async to None, run_after=None
[2025-01-22T12:55:24.786+0000] {processor.py:208} INFO - Processing /usr/local/python/3.12.1/lib/python3.12/site-packages/airflow/example_dags/example_time_delta_sensor_async.py took 0.046 seconds
[2025-01-22T12:56:19.523+0000] {processor.py:186} INFO - Started process (PID=7876) to work on /usr/local/python/3.12.1/lib/python3.12/site-packages/airflow/example_dags/example_time_delta_sensor_async.py
[2025-01-22T12:56:19.525+0000] {processor.py:914} INFO - Processing file /usr/local/python/3.12.1/lib/python3.12/site-packages/airflow/example_dags/example_time_delta_sensor_async.py for tasks to queue
[2025-01-22T12:56:19.527+0000] {logging_mixin.py:190} INFO - [2025-01-22T12:56:19.527+0000] {dagbag.py:588} INFO - Filling up the DagBag from /usr/local/python/3.12.1/lib/python3.12/site-packages/airflow/example_dags/example_time_delta_sensor_async.py
[2025-01-22T12:56:19.535+0000] {processor.py:925} INFO - DAG(s) 'example_time_delta_sensor_async' retrieved from /usr/local/python/3.12.1/lib/python3.12/site-packages/airflow/example_dags/example_time_delta_sensor_async.py
[2025-01-22T12:56:19.547+0000] {logging_mixin.py:190} INFO - [2025-01-22T12:56:19.547+0000] {dag.py:3239} INFO - Sync 1 DAGs
[2025-01-22T12:56:19.558+0000] {logging_mixin.py:190} INFO - [2025-01-22T12:56:19.557+0000] {dag.py:4180} INFO - Setting next_dagrun for example_time_delta_sensor_async to None, run_after=None
[2025-01-22T12:56:19.573+0000] {processor.py:208} INFO - Processing /usr/local/python/3.12.1/lib/python3.12/site-packages/airflow/example_dags/example_time_delta_sensor_async.py took 0.059 seconds
[2025-01-22T12:57:10.951+0000] {processor.py:186} INFO - Started process (PID=8304) to work on /usr/local/python/3.12.1/lib/python3.12/site-packages/airflow/example_dags/example_time_delta_sensor_async.py
[2025-01-22T12:57:10.952+0000] {processor.py:914} INFO - Processing file /usr/local/python/3.12.1/lib/python3.12/site-packages/airflow/example_dags/example_time_delta_sensor_async.py for tasks to queue
[2025-01-22T12:57:10.953+0000] {logging_mixin.py:190} INFO - [2025-01-22T12:57:10.953+0000] {dagbag.py:588} INFO - Filling up the DagBag from /usr/local/python/3.12.1/lib/python3.12/site-packages/airflow/example_dags/example_time_delta_sensor_async.py
[2025-01-22T12:57:10.959+0000] {processor.py:925} INFO - DAG(s) 'example_time_delta_sensor_async' retrieved from /usr/local/python/3.12.1/lib/python3.12/site-packages/airflow/example_dags/example_time_delta_sensor_async.py
[2025-01-22T12:57:10.969+0000] {logging_mixin.py:190} INFO - [2025-01-22T12:57:10.969+0000] {dag.py:3239} INFO - Sync 1 DAGs
[2025-01-22T12:57:10.978+0000] {logging_mixin.py:190} INFO - [2025-01-22T12:57:10.978+0000] {dag.py:4180} INFO - Setting next_dagrun for example_time_delta_sensor_async to None, run_after=None
[2025-01-22T12:57:10.992+0000] {processor.py:208} INFO - Processing /usr/local/python/3.12.1/lib/python3.12/site-packages/airflow/example_dags/example_time_delta_sensor_async.py took 0.045 seconds
[2025-01-22T12:58:00.051+0000] {processor.py:186} INFO - Started process (PID=8780) to work on /usr/local/python/3.12.1/lib/python3.12/site-packages/airflow/example_dags/example_time_delta_sensor_async.py
[2025-01-22T12:58:00.051+0000] {processor.py:914} INFO - Processing file /usr/local/python/3.12.1/lib/python3.12/site-packages/airflow/example_dags/example_time_delta_sensor_async.py for tasks to queue
[2025-01-22T12:58:00.053+0000] {logging_mixin.py:190} INFO - [2025-01-22T12:58:00.053+0000] {dagbag.py:588} INFO - Filling up the DagBag from /usr/local/python/3.12.1/lib/python3.12/site-packages/airflow/example_dags/example_time_delta_sensor_async.py
[2025-01-22T12:58:00.058+0000] {processor.py:925} INFO - DAG(s) 'example_time_delta_sensor_async' retrieved from /usr/local/python/3.12.1/lib/python3.12/site-packages/airflow/example_dags/example_time_delta_sensor_async.py
[2025-01-22T12:58:00.068+0000] {logging_mixin.py:190} INFO - [2025-01-22T12:58:00.068+0000] {dag.py:3239} INFO - Sync 1 DAGs
[2025-01-22T12:58:00.078+0000] {logging_mixin.py:190} INFO - [2025-01-22T12:58:00.077+0000] {dag.py:4180} INFO - Setting next_dagrun for example_time_delta_sensor_async to None, run_after=None
[2025-01-22T12:58:00.092+0000] {processor.py:208} INFO - Processing /usr/local/python/3.12.1/lib/python3.12/site-packages/airflow/example_dags/example_time_delta_sensor_async.py took 0.045 seconds
[2025-01-22T12:58:50.269+0000] {processor.py:186} INFO - Started process (PID=9198) to work on /usr/local/python/3.12.1/lib/python3.12/site-packages/airflow/example_dags/example_time_delta_sensor_async.py
[2025-01-22T12:58:50.270+0000] {processor.py:914} INFO - Processing file /usr/local/python/3.12.1/lib/python3.12/site-packages/airflow/example_dags/example_time_delta_sensor_async.py for tasks to queue
[2025-01-22T12:58:50.271+0000] {logging_mixin.py:190} INFO - [2025-01-22T12:58:50.271+0000] {dagbag.py:588} INFO - Filling up the DagBag from /usr/local/python/3.12.1/lib/python3.12/site-packages/airflow/example_dags/example_time_delta_sensor_async.py
[2025-01-22T12:58:50.276+0000] {processor.py:925} INFO - DAG(s) 'example_time_delta_sensor_async' retrieved from /usr/local/python/3.12.1/lib/python3.12/site-packages/airflow/example_dags/example_time_delta_sensor_async.py
[2025-01-22T12:58:50.290+0000] {logging_mixin.py:190} INFO - [2025-01-22T12:58:50.289+0000] {dag.py:3239} INFO - Sync 1 DAGs
[2025-01-22T12:58:50.304+0000] {logging_mixin.py:190} INFO - [2025-01-22T12:58:50.303+0000] {dag.py:4180} INFO - Setting next_dagrun for example_time_delta_sensor_async to None, run_after=None
[2025-01-22T12:58:50.347+0000] {processor.py:208} INFO - Processing /usr/local/python/3.12.1/lib/python3.12/site-packages/airflow/example_dags/example_time_delta_sensor_async.py took 0.082 seconds
[2025-01-22T12:59:41.595+0000] {processor.py:186} INFO - Started process (PID=9623) to work on /usr/local/python/3.12.1/lib/python3.12/site-packages/airflow/example_dags/example_time_delta_sensor_async.py
[2025-01-22T12:59:41.596+0000] {processor.py:914} INFO - Processing file /usr/local/python/3.12.1/lib/python3.12/site-packages/airflow/example_dags/example_time_delta_sensor_async.py for tasks to queue
[2025-01-22T12:59:41.597+0000] {logging_mixin.py:190} INFO - [2025-01-22T12:59:41.597+0000] {dagbag.py:588} INFO - Filling up the DagBag from /usr/local/python/3.12.1/lib/python3.12/site-packages/airflow/example_dags/example_time_delta_sensor_async.py
[2025-01-22T12:59:41.603+0000] {processor.py:925} INFO - DAG(s) 'example_time_delta_sensor_async' retrieved from /usr/local/python/3.12.1/lib/python3.12/site-packages/airflow/example_dags/example_time_delta_sensor_async.py
[2025-01-22T12:59:41.614+0000] {logging_mixin.py:190} INFO - [2025-01-22T12:59:41.613+0000] {dag.py:3239} INFO - Sync 1 DAGs
[2025-01-22T12:59:41.622+0000] {logging_mixin.py:190} INFO - [2025-01-22T12:59:41.622+0000] {dag.py:4180} INFO - Setting next_dagrun for example_time_delta_sensor_async to None, run_after=None
[2025-01-22T12:59:41.636+0000] {processor.py:208} INFO - Processing /usr/local/python/3.12.1/lib/python3.12/site-packages/airflow/example_dags/example_time_delta_sensor_async.py took 0.045 seconds
[2025-01-22T13:00:32.272+0000] {processor.py:186} INFO - Started process (PID=10037) to work on /usr/local/python/3.12.1/lib/python3.12/site-packages/airflow/example_dags/example_time_delta_sensor_async.py
[2025-01-22T13:00:32.272+0000] {processor.py:914} INFO - Processing file /usr/local/python/3.12.1/lib/python3.12/site-packages/airflow/example_dags/example_time_delta_sensor_async.py for tasks to queue
[2025-01-22T13:00:32.274+0000] {logging_mixin.py:190} INFO - [2025-01-22T13:00:32.274+0000] {dagbag.py:588} INFO - Filling up the DagBag from /usr/local/python/3.12.1/lib/python3.12/site-packages/airflow/example_dags/example_time_delta_sensor_async.py
[2025-01-22T13:00:32.279+0000] {processor.py:925} INFO - DAG(s) 'example_time_delta_sensor_async' retrieved from /usr/local/python/3.12.1/lib/python3.12/site-packages/airflow/example_dags/example_time_delta_sensor_async.py
[2025-01-22T13:00:32.289+0000] {logging_mixin.py:190} INFO - [2025-01-22T13:00:32.289+0000] {dag.py:3239} INFO - Sync 1 DAGs
[2025-01-22T13:00:32.298+0000] {logging_mixin.py:190} INFO - [2025-01-22T13:00:32.298+0000] {dag.py:4180} INFO - Setting next_dagrun for example_time_delta_sensor_async to None, run_after=None
[2025-01-22T13:00:32.312+0000] {processor.py:208} INFO - Processing /usr/local/python/3.12.1/lib/python3.12/site-packages/airflow/example_dags/example_time_delta_sensor_async.py took 0.045 seconds
[2025-01-22T13:01:24.555+0000] {processor.py:186} INFO - Started process (PID=10470) to work on /usr/local/python/3.12.1/lib/python3.12/site-packages/airflow/example_dags/example_time_delta_sensor_async.py
[2025-01-22T13:01:24.555+0000] {processor.py:914} INFO - Processing file /usr/local/python/3.12.1/lib/python3.12/site-packages/airflow/example_dags/example_time_delta_sensor_async.py for tasks to queue
[2025-01-22T13:01:24.557+0000] {logging_mixin.py:190} INFO - [2025-01-22T13:01:24.556+0000] {dagbag.py:588} INFO - Filling up the DagBag from /usr/local/python/3.12.1/lib/python3.12/site-packages/airflow/example_dags/example_time_delta_sensor_async.py
[2025-01-22T13:01:24.562+0000] {processor.py:925} INFO - DAG(s) 'example_time_delta_sensor_async' retrieved from /usr/local/python/3.12.1/lib/python3.12/site-packages/airflow/example_dags/example_time_delta_sensor_async.py
[2025-01-22T13:01:24.572+0000] {logging_mixin.py:190} INFO - [2025-01-22T13:01:24.572+0000] {dag.py:3239} INFO - Sync 1 DAGs
[2025-01-22T13:01:24.582+0000] {logging_mixin.py:190} INFO - [2025-01-22T13:01:24.581+0000] {dag.py:4180} INFO - Setting next_dagrun for example_time_delta_sensor_async to None, run_after=None
[2025-01-22T13:01:24.596+0000] {processor.py:208} INFO - Processing /usr/local/python/3.12.1/lib/python3.12/site-packages/airflow/example_dags/example_time_delta_sensor_async.py took 0.046 seconds
[2025-01-22T13:02:17.376+0000] {processor.py:186} INFO - Started process (PID=10843) to work on /usr/local/python/3.12.1/lib/python3.12/site-packages/airflow/example_dags/example_time_delta_sensor_async.py
[2025-01-22T13:02:17.376+0000] {processor.py:914} INFO - Processing file /usr/local/python/3.12.1/lib/python3.12/site-packages/airflow/example_dags/example_time_delta_sensor_async.py for tasks to queue
[2025-01-22T13:02:17.378+0000] {logging_mixin.py:190} INFO - [2025-01-22T13:02:17.378+0000] {dagbag.py:588} INFO - Filling up the DagBag from /usr/local/python/3.12.1/lib/python3.12/site-packages/airflow/example_dags/example_time_delta_sensor_async.py
[2025-01-22T13:02:17.383+0000] {processor.py:925} INFO - DAG(s) 'example_time_delta_sensor_async' retrieved from /usr/local/python/3.12.1/lib/python3.12/site-packages/airflow/example_dags/example_time_delta_sensor_async.py
[2025-01-22T13:02:17.393+0000] {logging_mixin.py:190} INFO - [2025-01-22T13:02:17.393+0000] {dag.py:3239} INFO - Sync 1 DAGs
[2025-01-22T13:02:17.403+0000] {logging_mixin.py:190} INFO - [2025-01-22T13:02:17.402+0000] {dag.py:4180} INFO - Setting next_dagrun for example_time_delta_sensor_async to None, run_after=None
[2025-01-22T13:02:17.418+0000] {processor.py:208} INFO - Processing /usr/local/python/3.12.1/lib/python3.12/site-packages/airflow/example_dags/example_time_delta_sensor_async.py took 0.046 seconds
[2025-01-22T13:03:10.289+0000] {processor.py:186} INFO - Started process (PID=11356) to work on /usr/local/python/3.12.1/lib/python3.12/site-packages/airflow/example_dags/example_time_delta_sensor_async.py
[2025-01-22T13:03:10.290+0000] {processor.py:914} INFO - Processing file /usr/local/python/3.12.1/lib/python3.12/site-packages/airflow/example_dags/example_time_delta_sensor_async.py for tasks to queue
[2025-01-22T13:03:10.291+0000] {logging_mixin.py:190} INFO - [2025-01-22T13:03:10.291+0000] {dagbag.py:588} INFO - Filling up the DagBag from /usr/local/python/3.12.1/lib/python3.12/site-packages/airflow/example_dags/example_time_delta_sensor_async.py
[2025-01-22T13:03:10.296+0000] {processor.py:925} INFO - DAG(s) 'example_time_delta_sensor_async' retrieved from /usr/local/python/3.12.1/lib/python3.12/site-packages/airflow/example_dags/example_time_delta_sensor_async.py
[2025-01-22T13:03:10.307+0000] {logging_mixin.py:190} INFO - [2025-01-22T13:03:10.306+0000] {dag.py:3239} INFO - Sync 1 DAGs
[2025-01-22T13:03:10.316+0000] {logging_mixin.py:190} INFO - [2025-01-22T13:03:10.315+0000] {dag.py:4180} INFO - Setting next_dagrun for example_time_delta_sensor_async to None, run_after=None
[2025-01-22T13:03:10.330+0000] {processor.py:208} INFO - Processing /usr/local/python/3.12.1/lib/python3.12/site-packages/airflow/example_dags/example_time_delta_sensor_async.py took 0.045 seconds
[2025-01-22T13:04:03.328+0000] {processor.py:186} INFO - Started process (PID=11790) to work on /usr/local/python/3.12.1/lib/python3.12/site-packages/airflow/example_dags/example_time_delta_sensor_async.py
[2025-01-22T13:04:03.329+0000] {processor.py:914} INFO - Processing file /usr/local/python/3.12.1/lib/python3.12/site-packages/airflow/example_dags/example_time_delta_sensor_async.py for tasks to queue
[2025-01-22T13:04:03.330+0000] {logging_mixin.py:190} INFO - [2025-01-22T13:04:03.330+0000] {dagbag.py:588} INFO - Filling up the DagBag from /usr/local/python/3.12.1/lib/python3.12/site-packages/airflow/example_dags/example_time_delta_sensor_async.py
[2025-01-22T13:04:03.336+0000] {processor.py:925} INFO - DAG(s) 'example_time_delta_sensor_async' retrieved from /usr/local/python/3.12.1/lib/python3.12/site-packages/airflow/example_dags/example_time_delta_sensor_async.py
[2025-01-22T13:04:03.347+0000] {logging_mixin.py:190} INFO - [2025-01-22T13:04:03.346+0000] {dag.py:3239} INFO - Sync 1 DAGs
[2025-01-22T13:04:03.357+0000] {logging_mixin.py:190} INFO - [2025-01-22T13:04:03.357+0000] {dag.py:4180} INFO - Setting next_dagrun for example_time_delta_sensor_async to None, run_after=None
[2025-01-22T13:04:03.373+0000] {processor.py:208} INFO - Processing /usr/local/python/3.12.1/lib/python3.12/site-packages/airflow/example_dags/example_time_delta_sensor_async.py took 0.050 seconds
[2025-01-22T13:04:54.599+0000] {processor.py:186} INFO - Started process (PID=12212) to work on /usr/local/python/3.12.1/lib/python3.12/site-packages/airflow/example_dags/example_time_delta_sensor_async.py
[2025-01-22T13:04:54.600+0000] {processor.py:914} INFO - Processing file /usr/local/python/3.12.1/lib/python3.12/site-packages/airflow/example_dags/example_time_delta_sensor_async.py for tasks to queue
[2025-01-22T13:04:54.601+0000] {logging_mixin.py:190} INFO - [2025-01-22T13:04:54.601+0000] {dagbag.py:588} INFO - Filling up the DagBag from /usr/local/python/3.12.1/lib/python3.12/site-packages/airflow/example_dags/example_time_delta_sensor_async.py
[2025-01-22T13:04:54.607+0000] {processor.py:925} INFO - DAG(s) 'example_time_delta_sensor_async' retrieved from /usr/local/python/3.12.1/lib/python3.12/site-packages/airflow/example_dags/example_time_delta_sensor_async.py
[2025-01-22T13:04:54.617+0000] {logging_mixin.py:190} INFO - [2025-01-22T13:04:54.617+0000] {dag.py:3239} INFO - Sync 1 DAGs
[2025-01-22T13:04:54.626+0000] {logging_mixin.py:190} INFO - [2025-01-22T13:04:54.626+0000] {dag.py:4180} INFO - Setting next_dagrun for example_time_delta_sensor_async to None, run_after=None
[2025-01-22T13:04:54.640+0000] {processor.py:208} INFO - Processing /usr/local/python/3.12.1/lib/python3.12/site-packages/airflow/example_dags/example_time_delta_sensor_async.py took 0.046 seconds
[2025-01-22T13:05:45.986+0000] {processor.py:186} INFO - Started process (PID=12638) to work on /usr/local/python/3.12.1/lib/python3.12/site-packages/airflow/example_dags/example_time_delta_sensor_async.py
[2025-01-22T13:05:45.986+0000] {processor.py:914} INFO - Processing file /usr/local/python/3.12.1/lib/python3.12/site-packages/airflow/example_dags/example_time_delta_sensor_async.py for tasks to queue
[2025-01-22T13:05:45.988+0000] {logging_mixin.py:190} INFO - [2025-01-22T13:05:45.987+0000] {dagbag.py:588} INFO - Filling up the DagBag from /usr/local/python/3.12.1/lib/python3.12/site-packages/airflow/example_dags/example_time_delta_sensor_async.py
[2025-01-22T13:05:45.993+0000] {processor.py:925} INFO - DAG(s) 'example_time_delta_sensor_async' retrieved from /usr/local/python/3.12.1/lib/python3.12/site-packages/airflow/example_dags/example_time_delta_sensor_async.py
[2025-01-22T13:05:46.003+0000] {logging_mixin.py:190} INFO - [2025-01-22T13:05:46.003+0000] {dag.py:3239} INFO - Sync 1 DAGs
[2025-01-22T13:05:46.012+0000] {logging_mixin.py:190} INFO - [2025-01-22T13:05:46.012+0000] {dag.py:4180} INFO - Setting next_dagrun for example_time_delta_sensor_async to None, run_after=None
[2025-01-22T13:05:46.026+0000] {processor.py:208} INFO - Processing /usr/local/python/3.12.1/lib/python3.12/site-packages/airflow/example_dags/example_time_delta_sensor_async.py took 0.044 seconds
[2025-01-22T13:06:34.497+0000] {processor.py:186} INFO - Started process (PID=13052) to work on /usr/local/python/3.12.1/lib/python3.12/site-packages/airflow/example_dags/example_time_delta_sensor_async.py
[2025-01-22T13:06:34.498+0000] {processor.py:914} INFO - Processing file /usr/local/python/3.12.1/lib/python3.12/site-packages/airflow/example_dags/example_time_delta_sensor_async.py for tasks to queue
[2025-01-22T13:06:34.500+0000] {logging_mixin.py:190} INFO - [2025-01-22T13:06:34.499+0000] {dagbag.py:588} INFO - Filling up the DagBag from /usr/local/python/3.12.1/lib/python3.12/site-packages/airflow/example_dags/example_time_delta_sensor_async.py
[2025-01-22T13:06:34.505+0000] {processor.py:925} INFO - DAG(s) 'example_time_delta_sensor_async' retrieved from /usr/local/python/3.12.1/lib/python3.12/site-packages/airflow/example_dags/example_time_delta_sensor_async.py
[2025-01-22T13:06:34.515+0000] {logging_mixin.py:190} INFO - [2025-01-22T13:06:34.515+0000] {dag.py:3239} INFO - Sync 1 DAGs
[2025-01-22T13:06:34.524+0000] {logging_mixin.py:190} INFO - [2025-01-22T13:06:34.523+0000] {dag.py:4180} INFO - Setting next_dagrun for example_time_delta_sensor_async to None, run_after=None
[2025-01-22T13:06:34.538+0000] {processor.py:208} INFO - Processing /usr/local/python/3.12.1/lib/python3.12/site-packages/airflow/example_dags/example_time_delta_sensor_async.py took 0.044 seconds
[2025-01-22T13:07:21.650+0000] {processor.py:186} INFO - Started process (PID=13398) to work on /usr/local/python/3.12.1/lib/python3.12/site-packages/airflow/example_dags/example_time_delta_sensor_async.py
[2025-01-22T13:07:21.651+0000] {processor.py:914} INFO - Processing file /usr/local/python/3.12.1/lib/python3.12/site-packages/airflow/example_dags/example_time_delta_sensor_async.py for tasks to queue
[2025-01-22T13:07:21.653+0000] {logging_mixin.py:190} INFO - [2025-01-22T13:07:21.652+0000] {dagbag.py:588} INFO - Filling up the DagBag from /usr/local/python/3.12.1/lib/python3.12/site-packages/airflow/example_dags/example_time_delta_sensor_async.py
[2025-01-22T13:07:21.658+0000] {processor.py:925} INFO - DAG(s) 'example_time_delta_sensor_async' retrieved from /usr/local/python/3.12.1/lib/python3.12/site-packages/airflow/example_dags/example_time_delta_sensor_async.py
[2025-01-22T13:07:21.668+0000] {logging_mixin.py:190} INFO - [2025-01-22T13:07:21.668+0000] {dag.py:3239} INFO - Sync 1 DAGs
[2025-01-22T13:07:21.677+0000] {logging_mixin.py:190} INFO - [2025-01-22T13:07:21.677+0000] {dag.py:4180} INFO - Setting next_dagrun for example_time_delta_sensor_async to None, run_after=None
[2025-01-22T13:07:21.692+0000] {processor.py:208} INFO - Processing /usr/local/python/3.12.1/lib/python3.12/site-packages/airflow/example_dags/example_time_delta_sensor_async.py took 0.045 seconds
[2025-01-22T13:08:15.700+0000] {processor.py:186} INFO - Started process (PID=14023) to work on /usr/local/python/3.12.1/lib/python3.12/site-packages/airflow/example_dags/example_time_delta_sensor_async.py
[2025-01-22T13:08:15.701+0000] {processor.py:914} INFO - Processing file /usr/local/python/3.12.1/lib/python3.12/site-packages/airflow/example_dags/example_time_delta_sensor_async.py for tasks to queue
[2025-01-22T13:08:15.703+0000] {logging_mixin.py:190} INFO - [2025-01-22T13:08:15.702+0000] {dagbag.py:588} INFO - Filling up the DagBag from /usr/local/python/3.12.1/lib/python3.12/site-packages/airflow/example_dags/example_time_delta_sensor_async.py
[2025-01-22T13:08:15.708+0000] {processor.py:925} INFO - DAG(s) 'example_time_delta_sensor_async' retrieved from /usr/local/python/3.12.1/lib/python3.12/site-packages/airflow/example_dags/example_time_delta_sensor_async.py
[2025-01-22T13:08:15.718+0000] {logging_mixin.py:190} INFO - [2025-01-22T13:08:15.718+0000] {dag.py:3239} INFO - Sync 1 DAGs
[2025-01-22T13:08:15.727+0000] {logging_mixin.py:190} INFO - [2025-01-22T13:08:15.727+0000] {dag.py:4180} INFO - Setting next_dagrun for example_time_delta_sensor_async to None, run_after=None
[2025-01-22T13:08:15.742+0000] {processor.py:208} INFO - Processing /usr/local/python/3.12.1/lib/python3.12/site-packages/airflow/example_dags/example_time_delta_sensor_async.py took 0.047 seconds
[2025-01-22T13:09:07.095+0000] {processor.py:186} INFO - Started process (PID=14506) to work on /usr/local/python/3.12.1/lib/python3.12/site-packages/airflow/example_dags/example_time_delta_sensor_async.py
[2025-01-22T13:09:07.095+0000] {processor.py:914} INFO - Processing file /usr/local/python/3.12.1/lib/python3.12/site-packages/airflow/example_dags/example_time_delta_sensor_async.py for tasks to queue
[2025-01-22T13:09:07.097+0000] {logging_mixin.py:190} INFO - [2025-01-22T13:09:07.097+0000] {dagbag.py:588} INFO - Filling up the DagBag from /usr/local/python/3.12.1/lib/python3.12/site-packages/airflow/example_dags/example_time_delta_sensor_async.py
[2025-01-22T13:09:07.102+0000] {processor.py:925} INFO - DAG(s) 'example_time_delta_sensor_async' retrieved from /usr/local/python/3.12.1/lib/python3.12/site-packages/airflow/example_dags/example_time_delta_sensor_async.py
[2025-01-22T13:09:07.113+0000] {logging_mixin.py:190} INFO - [2025-01-22T13:09:07.113+0000] {dag.py:3239} INFO - Sync 1 DAGs
[2025-01-22T13:09:07.122+0000] {logging_mixin.py:190} INFO - [2025-01-22T13:09:07.122+0000] {dag.py:4180} INFO - Setting next_dagrun for example_time_delta_sensor_async to None, run_after=None
[2025-01-22T13:09:07.136+0000] {processor.py:208} INFO - Processing /usr/local/python/3.12.1/lib/python3.12/site-packages/airflow/example_dags/example_time_delta_sensor_async.py took 0.045 seconds
[2025-01-22T13:09:58.772+0000] {processor.py:186} INFO - Started process (PID=14933) to work on /usr/local/python/3.12.1/lib/python3.12/site-packages/airflow/example_dags/example_time_delta_sensor_async.py
[2025-01-22T13:09:58.773+0000] {processor.py:914} INFO - Processing file /usr/local/python/3.12.1/lib/python3.12/site-packages/airflow/example_dags/example_time_delta_sensor_async.py for tasks to queue
[2025-01-22T13:09:58.774+0000] {logging_mixin.py:190} INFO - [2025-01-22T13:09:58.774+0000] {dagbag.py:588} INFO - Filling up the DagBag from /usr/local/python/3.12.1/lib/python3.12/site-packages/airflow/example_dags/example_time_delta_sensor_async.py
[2025-01-22T13:09:58.780+0000] {processor.py:925} INFO - DAG(s) 'example_time_delta_sensor_async' retrieved from /usr/local/python/3.12.1/lib/python3.12/site-packages/airflow/example_dags/example_time_delta_sensor_async.py
[2025-01-22T13:09:58.790+0000] {logging_mixin.py:190} INFO - [2025-01-22T13:09:58.790+0000] {dag.py:3239} INFO - Sync 1 DAGs
[2025-01-22T13:09:58.800+0000] {logging_mixin.py:190} INFO - [2025-01-22T13:09:58.800+0000] {dag.py:4180} INFO - Setting next_dagrun for example_time_delta_sensor_async to None, run_after=None
[2025-01-22T13:09:58.814+0000] {processor.py:208} INFO - Processing /usr/local/python/3.12.1/lib/python3.12/site-packages/airflow/example_dags/example_time_delta_sensor_async.py took 0.046 seconds
[2025-01-22T13:10:47.568+0000] {processor.py:186} INFO - Started process (PID=15337) to work on /usr/local/python/3.12.1/lib/python3.12/site-packages/airflow/example_dags/example_time_delta_sensor_async.py
[2025-01-22T13:10:47.568+0000] {processor.py:914} INFO - Processing file /usr/local/python/3.12.1/lib/python3.12/site-packages/airflow/example_dags/example_time_delta_sensor_async.py for tasks to queue
[2025-01-22T13:10:47.570+0000] {logging_mixin.py:190} INFO - [2025-01-22T13:10:47.570+0000] {dagbag.py:588} INFO - Filling up the DagBag from /usr/local/python/3.12.1/lib/python3.12/site-packages/airflow/example_dags/example_time_delta_sensor_async.py
[2025-01-22T13:10:47.576+0000] {processor.py:925} INFO - DAG(s) 'example_time_delta_sensor_async' retrieved from /usr/local/python/3.12.1/lib/python3.12/site-packages/airflow/example_dags/example_time_delta_sensor_async.py
[2025-01-22T13:10:47.586+0000] {logging_mixin.py:190} INFO - [2025-01-22T13:10:47.586+0000] {dag.py:3239} INFO - Sync 1 DAGs
[2025-01-22T13:10:47.595+0000] {logging_mixin.py:190} INFO - [2025-01-22T13:10:47.595+0000] {dag.py:4180} INFO - Setting next_dagrun for example_time_delta_sensor_async to None, run_after=None
[2025-01-22T13:10:47.611+0000] {processor.py:208} INFO - Processing /usr/local/python/3.12.1/lib/python3.12/site-packages/airflow/example_dags/example_time_delta_sensor_async.py took 0.047 seconds
[2025-01-22T13:11:37.271+0000] {processor.py:186} INFO - Started process (PID=15732) to work on /usr/local/python/3.12.1/lib/python3.12/site-packages/airflow/example_dags/example_time_delta_sensor_async.py
[2025-01-22T13:11:37.271+0000] {processor.py:914} INFO - Processing file /usr/local/python/3.12.1/lib/python3.12/site-packages/airflow/example_dags/example_time_delta_sensor_async.py for tasks to queue
[2025-01-22T13:11:37.273+0000] {logging_mixin.py:190} INFO - [2025-01-22T13:11:37.272+0000] {dagbag.py:588} INFO - Filling up the DagBag from /usr/local/python/3.12.1/lib/python3.12/site-packages/airflow/example_dags/example_time_delta_sensor_async.py
[2025-01-22T13:11:37.278+0000] {processor.py:925} INFO - DAG(s) 'example_time_delta_sensor_async' retrieved from /usr/local/python/3.12.1/lib/python3.12/site-packages/airflow/example_dags/example_time_delta_sensor_async.py
[2025-01-22T13:11:37.291+0000] {logging_mixin.py:190} INFO - [2025-01-22T13:11:37.290+0000] {dag.py:3239} INFO - Sync 1 DAGs
[2025-01-22T13:11:37.300+0000] {logging_mixin.py:190} INFO - [2025-01-22T13:11:37.300+0000] {dag.py:4180} INFO - Setting next_dagrun for example_time_delta_sensor_async to None, run_after=None
[2025-01-22T13:11:37.314+0000] {processor.py:208} INFO - Processing /usr/local/python/3.12.1/lib/python3.12/site-packages/airflow/example_dags/example_time_delta_sensor_async.py took 0.047 seconds
[2025-01-22T13:12:28.896+0000] {processor.py:186} INFO - Started process (PID=16234) to work on /usr/local/python/3.12.1/lib/python3.12/site-packages/airflow/example_dags/example_time_delta_sensor_async.py
[2025-01-22T13:12:28.897+0000] {processor.py:914} INFO - Processing file /usr/local/python/3.12.1/lib/python3.12/site-packages/airflow/example_dags/example_time_delta_sensor_async.py for tasks to queue
[2025-01-22T13:12:28.898+0000] {logging_mixin.py:190} INFO - [2025-01-22T13:12:28.898+0000] {dagbag.py:588} INFO - Filling up the DagBag from /usr/local/python/3.12.1/lib/python3.12/site-packages/airflow/example_dags/example_time_delta_sensor_async.py
[2025-01-22T13:12:28.903+0000] {processor.py:925} INFO - DAG(s) 'example_time_delta_sensor_async' retrieved from /usr/local/python/3.12.1/lib/python3.12/site-packages/airflow/example_dags/example_time_delta_sensor_async.py
[2025-01-22T13:12:28.914+0000] {logging_mixin.py:190} INFO - [2025-01-22T13:12:28.914+0000] {dag.py:3239} INFO - Sync 1 DAGs
[2025-01-22T13:12:28.923+0000] {logging_mixin.py:190} INFO - [2025-01-22T13:12:28.923+0000] {dag.py:4180} INFO - Setting next_dagrun for example_time_delta_sensor_async to None, run_after=None
[2025-01-22T13:12:28.937+0000] {processor.py:208} INFO - Processing /usr/local/python/3.12.1/lib/python3.12/site-packages/airflow/example_dags/example_time_delta_sensor_async.py took 0.045 seconds
[2025-01-22T13:13:20.788+0000] {processor.py:186} INFO - Started process (PID=16601) to work on /usr/local/python/3.12.1/lib/python3.12/site-packages/airflow/example_dags/example_time_delta_sensor_async.py
[2025-01-22T13:13:20.788+0000] {processor.py:914} INFO - Processing file /usr/local/python/3.12.1/lib/python3.12/site-packages/airflow/example_dags/example_time_delta_sensor_async.py for tasks to queue
[2025-01-22T13:13:20.790+0000] {logging_mixin.py:190} INFO - [2025-01-22T13:13:20.790+0000] {dagbag.py:588} INFO - Filling up the DagBag from /usr/local/python/3.12.1/lib/python3.12/site-packages/airflow/example_dags/example_time_delta_sensor_async.py
[2025-01-22T13:13:20.795+0000] {processor.py:925} INFO - DAG(s) 'example_time_delta_sensor_async' retrieved from /usr/local/python/3.12.1/lib/python3.12/site-packages/airflow/example_dags/example_time_delta_sensor_async.py
[2025-01-22T13:13:20.806+0000] {logging_mixin.py:190} INFO - [2025-01-22T13:13:20.806+0000] {dag.py:3239} INFO - Sync 1 DAGs
[2025-01-22T13:13:20.815+0000] {logging_mixin.py:190} INFO - [2025-01-22T13:13:20.815+0000] {dag.py:4180} INFO - Setting next_dagrun for example_time_delta_sensor_async to None, run_after=None
[2025-01-22T13:13:20.829+0000] {processor.py:208} INFO - Processing /usr/local/python/3.12.1/lib/python3.12/site-packages/airflow/example_dags/example_time_delta_sensor_async.py took 0.045 seconds
[2025-01-22T13:14:14.953+0000] {processor.py:186} INFO - Started process (PID=17039) to work on /usr/local/python/3.12.1/lib/python3.12/site-packages/airflow/example_dags/example_time_delta_sensor_async.py
[2025-01-22T13:14:14.954+0000] {processor.py:914} INFO - Processing file /usr/local/python/3.12.1/lib/python3.12/site-packages/airflow/example_dags/example_time_delta_sensor_async.py for tasks to queue
[2025-01-22T13:14:14.956+0000] {logging_mixin.py:190} INFO - [2025-01-22T13:14:14.956+0000] {dagbag.py:588} INFO - Filling up the DagBag from /usr/local/python/3.12.1/lib/python3.12/site-packages/airflow/example_dags/example_time_delta_sensor_async.py
[2025-01-22T13:14:14.963+0000] {processor.py:925} INFO - DAG(s) 'example_time_delta_sensor_async' retrieved from /usr/local/python/3.12.1/lib/python3.12/site-packages/airflow/example_dags/example_time_delta_sensor_async.py
[2025-01-22T13:14:14.979+0000] {logging_mixin.py:190} INFO - [2025-01-22T13:14:14.979+0000] {dag.py:3239} INFO - Sync 1 DAGs
[2025-01-22T13:14:14.992+0000] {logging_mixin.py:190} INFO - [2025-01-22T13:14:14.992+0000] {dag.py:4180} INFO - Setting next_dagrun for example_time_delta_sensor_async to None, run_after=None
[2025-01-22T13:14:15.006+0000] {processor.py:208} INFO - Processing /usr/local/python/3.12.1/lib/python3.12/site-packages/airflow/example_dags/example_time_delta_sensor_async.py took 0.058 seconds
[2025-01-22T13:15:04.081+0000] {processor.py:186} INFO - Started process (PID=17452) to work on /usr/local/python/3.12.1/lib/python3.12/site-packages/airflow/example_dags/example_time_delta_sensor_async.py
[2025-01-22T13:15:04.081+0000] {processor.py:914} INFO - Processing file /usr/local/python/3.12.1/lib/python3.12/site-packages/airflow/example_dags/example_time_delta_sensor_async.py for tasks to queue
[2025-01-22T13:15:04.083+0000] {logging_mixin.py:190} INFO - [2025-01-22T13:15:04.082+0000] {dagbag.py:588} INFO - Filling up the DagBag from /usr/local/python/3.12.1/lib/python3.12/site-packages/airflow/example_dags/example_time_delta_sensor_async.py
[2025-01-22T13:15:04.088+0000] {processor.py:925} INFO - DAG(s) 'example_time_delta_sensor_async' retrieved from /usr/local/python/3.12.1/lib/python3.12/site-packages/airflow/example_dags/example_time_delta_sensor_async.py
[2025-01-22T13:15:04.099+0000] {logging_mixin.py:190} INFO - [2025-01-22T13:15:04.098+0000] {dag.py:3239} INFO - Sync 1 DAGs
[2025-01-22T13:15:04.108+0000] {logging_mixin.py:190} INFO - [2025-01-22T13:15:04.107+0000] {dag.py:4180} INFO - Setting next_dagrun for example_time_delta_sensor_async to None, run_after=None
[2025-01-22T13:15:04.122+0000] {processor.py:208} INFO - Processing /usr/local/python/3.12.1/lib/python3.12/site-packages/airflow/example_dags/example_time_delta_sensor_async.py took 0.046 seconds
[2025-01-22T13:15:53.055+0000] {processor.py:186} INFO - Started process (PID=17868) to work on /usr/local/python/3.12.1/lib/python3.12/site-packages/airflow/example_dags/example_time_delta_sensor_async.py
[2025-01-22T13:15:53.056+0000] {processor.py:914} INFO - Processing file /usr/local/python/3.12.1/lib/python3.12/site-packages/airflow/example_dags/example_time_delta_sensor_async.py for tasks to queue
[2025-01-22T13:15:53.058+0000] {logging_mixin.py:190} INFO - [2025-01-22T13:15:53.057+0000] {dagbag.py:588} INFO - Filling up the DagBag from /usr/local/python/3.12.1/lib/python3.12/site-packages/airflow/example_dags/example_time_delta_sensor_async.py
[2025-01-22T13:15:53.066+0000] {processor.py:925} INFO - DAG(s) 'example_time_delta_sensor_async' retrieved from /usr/local/python/3.12.1/lib/python3.12/site-packages/airflow/example_dags/example_time_delta_sensor_async.py
[2025-01-22T13:15:53.080+0000] {logging_mixin.py:190} INFO - [2025-01-22T13:15:53.079+0000] {dag.py:3239} INFO - Sync 1 DAGs
[2025-01-22T13:15:53.092+0000] {logging_mixin.py:190} INFO - [2025-01-22T13:15:53.092+0000] {dag.py:4180} INFO - Setting next_dagrun for example_time_delta_sensor_async to None, run_after=None
[2025-01-22T13:15:53.106+0000] {processor.py:208} INFO - Processing /usr/local/python/3.12.1/lib/python3.12/site-packages/airflow/example_dags/example_time_delta_sensor_async.py took 0.058 seconds
[2025-01-22T13:16:45.531+0000] {processor.py:186} INFO - Started process (PID=18296) to work on /usr/local/python/3.12.1/lib/python3.12/site-packages/airflow/example_dags/example_time_delta_sensor_async.py
[2025-01-22T13:16:45.531+0000] {processor.py:914} INFO - Processing file /usr/local/python/3.12.1/lib/python3.12/site-packages/airflow/example_dags/example_time_delta_sensor_async.py for tasks to queue
[2025-01-22T13:16:45.533+0000] {logging_mixin.py:190} INFO - [2025-01-22T13:16:45.533+0000] {dagbag.py:588} INFO - Filling up the DagBag from /usr/local/python/3.12.1/lib/python3.12/site-packages/airflow/example_dags/example_time_delta_sensor_async.py
[2025-01-22T13:16:45.538+0000] {processor.py:925} INFO - DAG(s) 'example_time_delta_sensor_async' retrieved from /usr/local/python/3.12.1/lib/python3.12/site-packages/airflow/example_dags/example_time_delta_sensor_async.py
[2025-01-22T13:16:45.549+0000] {logging_mixin.py:190} INFO - [2025-01-22T13:16:45.549+0000] {dag.py:3239} INFO - Sync 1 DAGs
[2025-01-22T13:16:45.558+0000] {logging_mixin.py:190} INFO - [2025-01-22T13:16:45.558+0000] {dag.py:4180} INFO - Setting next_dagrun for example_time_delta_sensor_async to None, run_after=None
[2025-01-22T13:16:45.572+0000] {processor.py:208} INFO - Processing /usr/local/python/3.12.1/lib/python3.12/site-packages/airflow/example_dags/example_time_delta_sensor_async.py took 0.046 seconds
[2025-01-22T13:17:37.810+0000] {processor.py:186} INFO - Started process (PID=18793) to work on /usr/local/python/3.12.1/lib/python3.12/site-packages/airflow/example_dags/example_time_delta_sensor_async.py
[2025-01-22T13:17:37.811+0000] {processor.py:914} INFO - Processing file /usr/local/python/3.12.1/lib/python3.12/site-packages/airflow/example_dags/example_time_delta_sensor_async.py for tasks to queue
[2025-01-22T13:17:37.812+0000] {logging_mixin.py:190} INFO - [2025-01-22T13:17:37.812+0000] {dagbag.py:588} INFO - Filling up the DagBag from /usr/local/python/3.12.1/lib/python3.12/site-packages/airflow/example_dags/example_time_delta_sensor_async.py
[2025-01-22T13:17:37.817+0000] {processor.py:925} INFO - DAG(s) 'example_time_delta_sensor_async' retrieved from /usr/local/python/3.12.1/lib/python3.12/site-packages/airflow/example_dags/example_time_delta_sensor_async.py
[2025-01-22T13:17:37.828+0000] {logging_mixin.py:190} INFO - [2025-01-22T13:17:37.828+0000] {dag.py:3239} INFO - Sync 1 DAGs
[2025-01-22T13:17:37.837+0000] {logging_mixin.py:190} INFO - [2025-01-22T13:17:37.837+0000] {dag.py:4180} INFO - Setting next_dagrun for example_time_delta_sensor_async to None, run_after=None
[2025-01-22T13:17:37.852+0000] {processor.py:208} INFO - Processing /usr/local/python/3.12.1/lib/python3.12/site-packages/airflow/example_dags/example_time_delta_sensor_async.py took 0.046 seconds
[2025-01-22T13:18:27.966+0000] {processor.py:186} INFO - Started process (PID=19271) to work on /usr/local/python/3.12.1/lib/python3.12/site-packages/airflow/example_dags/example_time_delta_sensor_async.py
[2025-01-22T13:18:27.966+0000] {processor.py:914} INFO - Processing file /usr/local/python/3.12.1/lib/python3.12/site-packages/airflow/example_dags/example_time_delta_sensor_async.py for tasks to queue
[2025-01-22T13:18:27.968+0000] {logging_mixin.py:190} INFO - [2025-01-22T13:18:27.967+0000] {dagbag.py:588} INFO - Filling up the DagBag from /usr/local/python/3.12.1/lib/python3.12/site-packages/airflow/example_dags/example_time_delta_sensor_async.py
[2025-01-22T13:18:27.973+0000] {processor.py:925} INFO - DAG(s) 'example_time_delta_sensor_async' retrieved from /usr/local/python/3.12.1/lib/python3.12/site-packages/airflow/example_dags/example_time_delta_sensor_async.py
[2025-01-22T13:18:27.983+0000] {logging_mixin.py:190} INFO - [2025-01-22T13:18:27.983+0000] {dag.py:3239} INFO - Sync 1 DAGs
[2025-01-22T13:18:27.992+0000] {logging_mixin.py:190} INFO - [2025-01-22T13:18:27.992+0000] {dag.py:4180} INFO - Setting next_dagrun for example_time_delta_sensor_async to None, run_after=None
[2025-01-22T13:18:28.007+0000] {processor.py:208} INFO - Processing /usr/local/python/3.12.1/lib/python3.12/site-packages/airflow/example_dags/example_time_delta_sensor_async.py took 0.045 seconds
[2025-01-22T13:19:16.197+0000] {processor.py:186} INFO - Started process (PID=20041) to work on /usr/local/python/3.12.1/lib/python3.12/site-packages/airflow/example_dags/example_time_delta_sensor_async.py
[2025-01-22T13:19:16.198+0000] {processor.py:914} INFO - Processing file /usr/local/python/3.12.1/lib/python3.12/site-packages/airflow/example_dags/example_time_delta_sensor_async.py for tasks to queue
[2025-01-22T13:19:16.199+0000] {logging_mixin.py:190} INFO - [2025-01-22T13:19:16.199+0000] {dagbag.py:588} INFO - Filling up the DagBag from /usr/local/python/3.12.1/lib/python3.12/site-packages/airflow/example_dags/example_time_delta_sensor_async.py
[2025-01-22T13:19:16.204+0000] {processor.py:925} INFO - DAG(s) 'example_time_delta_sensor_async' retrieved from /usr/local/python/3.12.1/lib/python3.12/site-packages/airflow/example_dags/example_time_delta_sensor_async.py
[2025-01-22T13:19:16.214+0000] {logging_mixin.py:190} INFO - [2025-01-22T13:19:16.214+0000] {dag.py:3239} INFO - Sync 1 DAGs
[2025-01-22T13:19:16.223+0000] {logging_mixin.py:190} INFO - [2025-01-22T13:19:16.223+0000] {dag.py:4180} INFO - Setting next_dagrun for example_time_delta_sensor_async to None, run_after=None
[2025-01-22T13:19:16.237+0000] {processor.py:208} INFO - Processing /usr/local/python/3.12.1/lib/python3.12/site-packages/airflow/example_dags/example_time_delta_sensor_async.py took 0.044 seconds
[2025-01-22T13:20:06.881+0000] {processor.py:186} INFO - Started process (PID=21016) to work on /usr/local/python/3.12.1/lib/python3.12/site-packages/airflow/example_dags/example_time_delta_sensor_async.py
[2025-01-22T13:20:06.881+0000] {processor.py:914} INFO - Processing file /usr/local/python/3.12.1/lib/python3.12/site-packages/airflow/example_dags/example_time_delta_sensor_async.py for tasks to queue
[2025-01-22T13:20:06.883+0000] {logging_mixin.py:190} INFO - [2025-01-22T13:20:06.882+0000] {dagbag.py:588} INFO - Filling up the DagBag from /usr/local/python/3.12.1/lib/python3.12/site-packages/airflow/example_dags/example_time_delta_sensor_async.py
[2025-01-22T13:20:06.888+0000] {processor.py:925} INFO - DAG(s) 'example_time_delta_sensor_async' retrieved from /usr/local/python/3.12.1/lib/python3.12/site-packages/airflow/example_dags/example_time_delta_sensor_async.py
[2025-01-22T13:20:06.898+0000] {logging_mixin.py:190} INFO - [2025-01-22T13:20:06.898+0000] {dag.py:3239} INFO - Sync 1 DAGs
[2025-01-22T13:20:06.907+0000] {logging_mixin.py:190} INFO - [2025-01-22T13:20:06.907+0000] {dag.py:4180} INFO - Setting next_dagrun for example_time_delta_sensor_async to None, run_after=None
[2025-01-22T13:20:06.921+0000] {processor.py:208} INFO - Processing /usr/local/python/3.12.1/lib/python3.12/site-packages/airflow/example_dags/example_time_delta_sensor_async.py took 0.044 seconds
[2025-01-22T13:20:55.057+0000] {processor.py:186} INFO - Started process (PID=21519) to work on /usr/local/python/3.12.1/lib/python3.12/site-packages/airflow/example_dags/example_time_delta_sensor_async.py
[2025-01-22T13:20:55.058+0000] {processor.py:914} INFO - Processing file /usr/local/python/3.12.1/lib/python3.12/site-packages/airflow/example_dags/example_time_delta_sensor_async.py for tasks to queue
[2025-01-22T13:20:55.059+0000] {logging_mixin.py:190} INFO - [2025-01-22T13:20:55.059+0000] {dagbag.py:588} INFO - Filling up the DagBag from /usr/local/python/3.12.1/lib/python3.12/site-packages/airflow/example_dags/example_time_delta_sensor_async.py
[2025-01-22T13:20:55.065+0000] {processor.py:925} INFO - DAG(s) 'example_time_delta_sensor_async' retrieved from /usr/local/python/3.12.1/lib/python3.12/site-packages/airflow/example_dags/example_time_delta_sensor_async.py
[2025-01-22T13:20:55.075+0000] {logging_mixin.py:190} INFO - [2025-01-22T13:20:55.075+0000] {dag.py:3239} INFO - Sync 1 DAGs
[2025-01-22T13:20:55.084+0000] {logging_mixin.py:190} INFO - [2025-01-22T13:20:55.084+0000] {dag.py:4180} INFO - Setting next_dagrun for example_time_delta_sensor_async to None, run_after=None
[2025-01-22T13:20:55.098+0000] {processor.py:208} INFO - Processing /usr/local/python/3.12.1/lib/python3.12/site-packages/airflow/example_dags/example_time_delta_sensor_async.py took 0.044 seconds
