[2025-01-22T12:53:07.405+0000] {processor.py:186} INFO - Started process (PID=5801) to work on /usr/local/python/3.12.1/lib/python3.12/site-packages/airflow/example_dags/example_external_task_marker_dag.py
[2025-01-22T12:53:07.406+0000] {processor.py:914} INFO - Processing file /usr/local/python/3.12.1/lib/python3.12/site-packages/airflow/example_dags/example_external_task_marker_dag.py for tasks to queue
[2025-01-22T12:53:07.408+0000] {logging_mixin.py:190} INFO - [2025-01-22T12:53:07.407+0000] {dagbag.py:588} INFO - Filling up the DagBag from /usr/local/python/3.12.1/lib/python3.12/site-packages/airflow/example_dags/example_external_task_marker_dag.py
[2025-01-22T12:53:07.413+0000] {processor.py:925} INFO - DAG(s) 'example_external_task_marker_child', 'example_external_task_marker_parent' retrieved from /usr/local/python/3.12.1/lib/python3.12/site-packages/airflow/example_dags/example_external_task_marker_dag.py
[2025-01-22T12:53:07.486+0000] {logging_mixin.py:190} INFO - [2025-01-22T12:53:07.486+0000] {override.py:1911} INFO - Created Permission View: can delete on DAG:example_external_task_marker_child
[2025-01-22T12:53:07.494+0000] {logging_mixin.py:190} INFO - [2025-01-22T12:53:07.494+0000] {override.py:1911} INFO - Created Permission View: can edit on DAG:example_external_task_marker_child
[2025-01-22T12:53:07.500+0000] {logging_mixin.py:190} INFO - [2025-01-22T12:53:07.499+0000] {override.py:1911} INFO - Created Permission View: can read on DAG:example_external_task_marker_child
[2025-01-22T12:53:07.507+0000] {logging_mixin.py:190} INFO - [2025-01-22T12:53:07.507+0000] {override.py:1911} INFO - Created Permission View: can create on DAG Run:example_external_task_marker_child
[2025-01-22T12:53:07.512+0000] {logging_mixin.py:190} INFO - [2025-01-22T12:53:07.512+0000] {override.py:1911} INFO - Created Permission View: can read on DAG Run:example_external_task_marker_child
[2025-01-22T12:53:07.517+0000] {logging_mixin.py:190} INFO - [2025-01-22T12:53:07.517+0000] {override.py:1911} INFO - Created Permission View: menu access on DAG Run:example_external_task_marker_child
[2025-01-22T12:53:07.522+0000] {logging_mixin.py:190} INFO - [2025-01-22T12:53:07.522+0000] {override.py:1911} INFO - Created Permission View: can delete on DAG Run:example_external_task_marker_child
[2025-01-22T12:53:07.533+0000] {logging_mixin.py:190} INFO - [2025-01-22T12:53:07.533+0000] {override.py:1911} INFO - Created Permission View: can delete on DAG:example_external_task_marker_parent
[2025-01-22T12:53:07.538+0000] {logging_mixin.py:190} INFO - [2025-01-22T12:53:07.538+0000] {override.py:1911} INFO - Created Permission View: can edit on DAG:example_external_task_marker_parent
[2025-01-22T12:53:07.543+0000] {logging_mixin.py:190} INFO - [2025-01-22T12:53:07.543+0000] {override.py:1911} INFO - Created Permission View: can read on DAG:example_external_task_marker_parent
[2025-01-22T12:53:07.551+0000] {logging_mixin.py:190} INFO - [2025-01-22T12:53:07.551+0000] {override.py:1911} INFO - Created Permission View: can create on DAG Run:example_external_task_marker_parent
[2025-01-22T12:53:07.556+0000] {logging_mixin.py:190} INFO - [2025-01-22T12:53:07.556+0000] {override.py:1911} INFO - Created Permission View: can read on DAG Run:example_external_task_marker_parent
[2025-01-22T12:53:07.561+0000] {logging_mixin.py:190} INFO - [2025-01-22T12:53:07.561+0000] {override.py:1911} INFO - Created Permission View: menu access on DAG Run:example_external_task_marker_parent
[2025-01-22T12:53:07.566+0000] {logging_mixin.py:190} INFO - [2025-01-22T12:53:07.566+0000] {override.py:1911} INFO - Created Permission View: can delete on DAG Run:example_external_task_marker_parent
[2025-01-22T12:53:07.567+0000] {logging_mixin.py:190} INFO - [2025-01-22T12:53:07.567+0000] {dag.py:3239} INFO - Sync 2 DAGs
[2025-01-22T12:53:07.575+0000] {logging_mixin.py:190} INFO - [2025-01-22T12:53:07.575+0000] {dag.py:3262} INFO - Creating ORM DAG for example_external_task_marker_parent
[2025-01-22T12:53:07.576+0000] {logging_mixin.py:190} INFO - [2025-01-22T12:53:07.576+0000] {dag.py:3262} INFO - Creating ORM DAG for example_external_task_marker_child
[2025-01-22T12:53:07.576+0000] {logging_mixin.py:190} INFO - [2025-01-22T12:53:07.576+0000] {dag.py:4180} INFO - Setting next_dagrun for example_external_task_marker_child to None, run_after=None
[2025-01-22T12:53:07.577+0000] {logging_mixin.py:190} INFO - [2025-01-22T12:53:07.577+0000] {dag.py:4180} INFO - Setting next_dagrun for example_external_task_marker_parent to None, run_after=None
[2025-01-22T12:53:07.596+0000] {processor.py:208} INFO - Processing /usr/local/python/3.12.1/lib/python3.12/site-packages/airflow/example_dags/example_external_task_marker_dag.py took 0.195 seconds
[2025-01-22T12:54:03.962+0000] {processor.py:186} INFO - Started process (PID=6688) to work on /usr/local/python/3.12.1/lib/python3.12/site-packages/airflow/example_dags/example_external_task_marker_dag.py
[2025-01-22T12:54:03.962+0000] {processor.py:914} INFO - Processing file /usr/local/python/3.12.1/lib/python3.12/site-packages/airflow/example_dags/example_external_task_marker_dag.py for tasks to queue
[2025-01-22T12:54:03.964+0000] {logging_mixin.py:190} INFO - [2025-01-22T12:54:03.964+0000] {dagbag.py:588} INFO - Filling up the DagBag from /usr/local/python/3.12.1/lib/python3.12/site-packages/airflow/example_dags/example_external_task_marker_dag.py
[2025-01-22T12:54:03.970+0000] {processor.py:925} INFO - DAG(s) 'example_external_task_marker_parent', 'example_external_task_marker_child' retrieved from /usr/local/python/3.12.1/lib/python3.12/site-packages/airflow/example_dags/example_external_task_marker_dag.py
[2025-01-22T12:54:03.983+0000] {logging_mixin.py:190} INFO - [2025-01-22T12:54:03.982+0000] {dag.py:3239} INFO - Sync 2 DAGs
[2025-01-22T12:54:03.992+0000] {logging_mixin.py:190} INFO - [2025-01-22T12:54:03.992+0000] {dag.py:4180} INFO - Setting next_dagrun for example_external_task_marker_child to None, run_after=None
[2025-01-22T12:54:03.995+0000] {logging_mixin.py:190} INFO - [2025-01-22T12:54:03.995+0000] {dag.py:4180} INFO - Setting next_dagrun for example_external_task_marker_parent to None, run_after=None
[2025-01-22T12:54:04.009+0000] {processor.py:208} INFO - Processing /usr/local/python/3.12.1/lib/python3.12/site-packages/airflow/example_dags/example_external_task_marker_dag.py took 0.051 seconds
[2025-01-22T12:54:59.109+0000] {processor.py:186} INFO - Started process (PID=7198) to work on /usr/local/python/3.12.1/lib/python3.12/site-packages/airflow/example_dags/example_external_task_marker_dag.py
[2025-01-22T12:54:59.110+0000] {processor.py:914} INFO - Processing file /usr/local/python/3.12.1/lib/python3.12/site-packages/airflow/example_dags/example_external_task_marker_dag.py for tasks to queue
[2025-01-22T12:54:59.112+0000] {logging_mixin.py:190} INFO - [2025-01-22T12:54:59.111+0000] {dagbag.py:588} INFO - Filling up the DagBag from /usr/local/python/3.12.1/lib/python3.12/site-packages/airflow/example_dags/example_external_task_marker_dag.py
[2025-01-22T12:54:59.118+0000] {processor.py:925} INFO - DAG(s) 'example_external_task_marker_parent', 'example_external_task_marker_child' retrieved from /usr/local/python/3.12.1/lib/python3.12/site-packages/airflow/example_dags/example_external_task_marker_dag.py
[2025-01-22T12:54:59.130+0000] {logging_mixin.py:190} INFO - [2025-01-22T12:54:59.130+0000] {dag.py:3239} INFO - Sync 2 DAGs
[2025-01-22T12:54:59.139+0000] {logging_mixin.py:190} INFO - [2025-01-22T12:54:59.139+0000] {dag.py:4180} INFO - Setting next_dagrun for example_external_task_marker_child to None, run_after=None
[2025-01-22T12:54:59.142+0000] {logging_mixin.py:190} INFO - [2025-01-22T12:54:59.142+0000] {dag.py:4180} INFO - Setting next_dagrun for example_external_task_marker_parent to None, run_after=None
[2025-01-22T12:54:59.163+0000] {processor.py:208} INFO - Processing /usr/local/python/3.12.1/lib/python3.12/site-packages/airflow/example_dags/example_external_task_marker_dag.py took 0.058 seconds
[2025-01-22T12:55:52.430+0000] {processor.py:186} INFO - Started process (PID=7703) to work on /usr/local/python/3.12.1/lib/python3.12/site-packages/airflow/example_dags/example_external_task_marker_dag.py
[2025-01-22T12:55:52.431+0000] {processor.py:914} INFO - Processing file /usr/local/python/3.12.1/lib/python3.12/site-packages/airflow/example_dags/example_external_task_marker_dag.py for tasks to queue
[2025-01-22T12:55:52.432+0000] {logging_mixin.py:190} INFO - [2025-01-22T12:55:52.432+0000] {dagbag.py:588} INFO - Filling up the DagBag from /usr/local/python/3.12.1/lib/python3.12/site-packages/airflow/example_dags/example_external_task_marker_dag.py
[2025-01-22T12:55:52.438+0000] {processor.py:925} INFO - DAG(s) 'example_external_task_marker_parent', 'example_external_task_marker_child' retrieved from /usr/local/python/3.12.1/lib/python3.12/site-packages/airflow/example_dags/example_external_task_marker_dag.py
[2025-01-22T12:55:52.451+0000] {logging_mixin.py:190} INFO - [2025-01-22T12:55:52.451+0000] {dag.py:3239} INFO - Sync 2 DAGs
[2025-01-22T12:55:52.460+0000] {logging_mixin.py:190} INFO - [2025-01-22T12:55:52.460+0000] {dag.py:4180} INFO - Setting next_dagrun for example_external_task_marker_child to None, run_after=None
[2025-01-22T12:55:52.462+0000] {logging_mixin.py:190} INFO - [2025-01-22T12:55:52.462+0000] {dag.py:4180} INFO - Setting next_dagrun for example_external_task_marker_parent to None, run_after=None
[2025-01-22T12:55:52.478+0000] {processor.py:208} INFO - Processing /usr/local/python/3.12.1/lib/python3.12/site-packages/airflow/example_dags/example_external_task_marker_dag.py took 0.052 seconds
[2025-01-22T12:56:45.259+0000] {processor.py:186} INFO - Started process (PID=8130) to work on /usr/local/python/3.12.1/lib/python3.12/site-packages/airflow/example_dags/example_external_task_marker_dag.py
[2025-01-22T12:56:45.260+0000] {processor.py:914} INFO - Processing file /usr/local/python/3.12.1/lib/python3.12/site-packages/airflow/example_dags/example_external_task_marker_dag.py for tasks to queue
[2025-01-22T12:56:45.261+0000] {logging_mixin.py:190} INFO - [2025-01-22T12:56:45.261+0000] {dagbag.py:588} INFO - Filling up the DagBag from /usr/local/python/3.12.1/lib/python3.12/site-packages/airflow/example_dags/example_external_task_marker_dag.py
[2025-01-22T12:56:45.267+0000] {processor.py:925} INFO - DAG(s) 'example_external_task_marker_child', 'example_external_task_marker_parent' retrieved from /usr/local/python/3.12.1/lib/python3.12/site-packages/airflow/example_dags/example_external_task_marker_dag.py
[2025-01-22T12:56:45.280+0000] {logging_mixin.py:190} INFO - [2025-01-22T12:56:45.279+0000] {dag.py:3239} INFO - Sync 2 DAGs
[2025-01-22T12:56:45.290+0000] {logging_mixin.py:190} INFO - [2025-01-22T12:56:45.290+0000] {dag.py:4180} INFO - Setting next_dagrun for example_external_task_marker_child to None, run_after=None
[2025-01-22T12:56:45.292+0000] {logging_mixin.py:190} INFO - [2025-01-22T12:56:45.292+0000] {dag.py:4180} INFO - Setting next_dagrun for example_external_task_marker_parent to None, run_after=None
[2025-01-22T12:56:45.305+0000] {processor.py:208} INFO - Processing /usr/local/python/3.12.1/lib/python3.12/site-packages/airflow/example_dags/example_external_task_marker_dag.py took 0.049 seconds
[2025-01-22T12:57:35.925+0000] {processor.py:186} INFO - Started process (PID=8616) to work on /usr/local/python/3.12.1/lib/python3.12/site-packages/airflow/example_dags/example_external_task_marker_dag.py
[2025-01-22T12:57:35.926+0000] {processor.py:914} INFO - Processing file /usr/local/python/3.12.1/lib/python3.12/site-packages/airflow/example_dags/example_external_task_marker_dag.py for tasks to queue
[2025-01-22T12:57:35.927+0000] {logging_mixin.py:190} INFO - [2025-01-22T12:57:35.927+0000] {dagbag.py:588} INFO - Filling up the DagBag from /usr/local/python/3.12.1/lib/python3.12/site-packages/airflow/example_dags/example_external_task_marker_dag.py
[2025-01-22T12:57:35.933+0000] {processor.py:925} INFO - DAG(s) 'example_external_task_marker_child', 'example_external_task_marker_parent' retrieved from /usr/local/python/3.12.1/lib/python3.12/site-packages/airflow/example_dags/example_external_task_marker_dag.py
[2025-01-22T12:57:35.945+0000] {logging_mixin.py:190} INFO - [2025-01-22T12:57:35.945+0000] {dag.py:3239} INFO - Sync 2 DAGs
[2025-01-22T12:57:35.954+0000] {logging_mixin.py:190} INFO - [2025-01-22T12:57:35.954+0000] {dag.py:4180} INFO - Setting next_dagrun for example_external_task_marker_child to None, run_after=None
[2025-01-22T12:57:35.957+0000] {logging_mixin.py:190} INFO - [2025-01-22T12:57:35.957+0000] {dag.py:4180} INFO - Setting next_dagrun for example_external_task_marker_parent to None, run_after=None
[2025-01-22T12:57:35.969+0000] {processor.py:208} INFO - Processing /usr/local/python/3.12.1/lib/python3.12/site-packages/airflow/example_dags/example_external_task_marker_dag.py took 0.048 seconds
[2025-01-22T12:58:26.748+0000] {processor.py:186} INFO - Started process (PID=9040) to work on /usr/local/python/3.12.1/lib/python3.12/site-packages/airflow/example_dags/example_external_task_marker_dag.py
[2025-01-22T12:58:26.749+0000] {processor.py:914} INFO - Processing file /usr/local/python/3.12.1/lib/python3.12/site-packages/airflow/example_dags/example_external_task_marker_dag.py for tasks to queue
[2025-01-22T12:58:26.750+0000] {logging_mixin.py:190} INFO - [2025-01-22T12:58:26.750+0000] {dagbag.py:588} INFO - Filling up the DagBag from /usr/local/python/3.12.1/lib/python3.12/site-packages/airflow/example_dags/example_external_task_marker_dag.py
[2025-01-22T12:58:26.756+0000] {processor.py:925} INFO - DAG(s) 'example_external_task_marker_parent', 'example_external_task_marker_child' retrieved from /usr/local/python/3.12.1/lib/python3.12/site-packages/airflow/example_dags/example_external_task_marker_dag.py
[2025-01-22T12:58:26.769+0000] {logging_mixin.py:190} INFO - [2025-01-22T12:58:26.768+0000] {dag.py:3239} INFO - Sync 2 DAGs
[2025-01-22T12:58:26.777+0000] {logging_mixin.py:190} INFO - [2025-01-22T12:58:26.777+0000] {dag.py:4180} INFO - Setting next_dagrun for example_external_task_marker_child to None, run_after=None
[2025-01-22T12:58:26.780+0000] {logging_mixin.py:190} INFO - [2025-01-22T12:58:26.780+0000] {dag.py:4180} INFO - Setting next_dagrun for example_external_task_marker_parent to None, run_after=None
[2025-01-22T12:58:26.792+0000] {processor.py:208} INFO - Processing /usr/local/python/3.12.1/lib/python3.12/site-packages/airflow/example_dags/example_external_task_marker_dag.py took 0.048 seconds
[2025-01-22T12:59:43.864+0000] {processor.py:186} INFO - Started process (PID=9631) to work on /usr/local/python/3.12.1/lib/python3.12/site-packages/airflow/example_dags/example_external_task_marker_dag.py
[2025-01-22T12:59:43.865+0000] {processor.py:914} INFO - Processing file /usr/local/python/3.12.1/lib/python3.12/site-packages/airflow/example_dags/example_external_task_marker_dag.py for tasks to queue
[2025-01-22T12:59:43.866+0000] {logging_mixin.py:190} INFO - [2025-01-22T12:59:43.866+0000] {dagbag.py:588} INFO - Filling up the DagBag from /usr/local/python/3.12.1/lib/python3.12/site-packages/airflow/example_dags/example_external_task_marker_dag.py
[2025-01-22T12:59:43.873+0000] {processor.py:925} INFO - DAG(s) 'example_external_task_marker_parent', 'example_external_task_marker_child' retrieved from /usr/local/python/3.12.1/lib/python3.12/site-packages/airflow/example_dags/example_external_task_marker_dag.py
[2025-01-22T12:59:43.885+0000] {logging_mixin.py:190} INFO - [2025-01-22T12:59:43.885+0000] {dag.py:3239} INFO - Sync 2 DAGs
[2025-01-22T12:59:43.894+0000] {logging_mixin.py:190} INFO - [2025-01-22T12:59:43.894+0000] {dag.py:4180} INFO - Setting next_dagrun for example_external_task_marker_child to None, run_after=None
[2025-01-22T12:59:43.897+0000] {logging_mixin.py:190} INFO - [2025-01-22T12:59:43.897+0000] {dag.py:4180} INFO - Setting next_dagrun for example_external_task_marker_parent to None, run_after=None
[2025-01-22T12:59:43.909+0000] {processor.py:208} INFO - Processing /usr/local/python/3.12.1/lib/python3.12/site-packages/airflow/example_dags/example_external_task_marker_dag.py took 0.049 seconds
[2025-01-22T13:00:34.013+0000] {processor.py:186} INFO - Started process (PID=10052) to work on /usr/local/python/3.12.1/lib/python3.12/site-packages/airflow/example_dags/example_external_task_marker_dag.py
[2025-01-22T13:00:34.013+0000] {processor.py:914} INFO - Processing file /usr/local/python/3.12.1/lib/python3.12/site-packages/airflow/example_dags/example_external_task_marker_dag.py for tasks to queue
[2025-01-22T13:00:34.015+0000] {logging_mixin.py:190} INFO - [2025-01-22T13:00:34.015+0000] {dagbag.py:588} INFO - Filling up the DagBag from /usr/local/python/3.12.1/lib/python3.12/site-packages/airflow/example_dags/example_external_task_marker_dag.py
[2025-01-22T13:00:34.021+0000] {processor.py:925} INFO - DAG(s) 'example_external_task_marker_child', 'example_external_task_marker_parent' retrieved from /usr/local/python/3.12.1/lib/python3.12/site-packages/airflow/example_dags/example_external_task_marker_dag.py
[2025-01-22T13:00:34.034+0000] {logging_mixin.py:190} INFO - [2025-01-22T13:00:34.034+0000] {dag.py:3239} INFO - Sync 2 DAGs
[2025-01-22T13:00:34.044+0000] {logging_mixin.py:190} INFO - [2025-01-22T13:00:34.044+0000] {dag.py:4180} INFO - Setting next_dagrun for example_external_task_marker_child to None, run_after=None
[2025-01-22T13:00:34.055+0000] {logging_mixin.py:190} INFO - [2025-01-22T13:00:34.055+0000] {dag.py:4180} INFO - Setting next_dagrun for example_external_task_marker_parent to None, run_after=None
[2025-01-22T13:00:34.086+0000] {processor.py:208} INFO - Processing /usr/local/python/3.12.1/lib/python3.12/site-packages/airflow/example_dags/example_external_task_marker_dag.py took 0.077 seconds
[2025-01-22T13:01:26.803+0000] {processor.py:186} INFO - Started process (PID=10478) to work on /usr/local/python/3.12.1/lib/python3.12/site-packages/airflow/example_dags/example_external_task_marker_dag.py
[2025-01-22T13:01:26.803+0000] {processor.py:914} INFO - Processing file /usr/local/python/3.12.1/lib/python3.12/site-packages/airflow/example_dags/example_external_task_marker_dag.py for tasks to queue
[2025-01-22T13:01:26.805+0000] {logging_mixin.py:190} INFO - [2025-01-22T13:01:26.804+0000] {dagbag.py:588} INFO - Filling up the DagBag from /usr/local/python/3.12.1/lib/python3.12/site-packages/airflow/example_dags/example_external_task_marker_dag.py
[2025-01-22T13:01:26.811+0000] {processor.py:925} INFO - DAG(s) 'example_external_task_marker_child', 'example_external_task_marker_parent' retrieved from /usr/local/python/3.12.1/lib/python3.12/site-packages/airflow/example_dags/example_external_task_marker_dag.py
[2025-01-22T13:01:26.823+0000] {logging_mixin.py:190} INFO - [2025-01-22T13:01:26.823+0000] {dag.py:3239} INFO - Sync 2 DAGs
[2025-01-22T13:01:26.833+0000] {logging_mixin.py:190} INFO - [2025-01-22T13:01:26.833+0000] {dag.py:4180} INFO - Setting next_dagrun for example_external_task_marker_child to None, run_after=None
[2025-01-22T13:01:26.835+0000] {logging_mixin.py:190} INFO - [2025-01-22T13:01:26.835+0000] {dag.py:4180} INFO - Setting next_dagrun for example_external_task_marker_parent to None, run_after=None
[2025-01-22T13:01:26.848+0000] {processor.py:208} INFO - Processing /usr/local/python/3.12.1/lib/python3.12/site-packages/airflow/example_dags/example_external_task_marker_dag.py took 0.049 seconds
[2025-01-22T13:02:19.643+0000] {processor.py:186} INFO - Started process (PID=10871) to work on /usr/local/python/3.12.1/lib/python3.12/site-packages/airflow/example_dags/example_external_task_marker_dag.py
[2025-01-22T13:02:19.643+0000] {processor.py:914} INFO - Processing file /usr/local/python/3.12.1/lib/python3.12/site-packages/airflow/example_dags/example_external_task_marker_dag.py for tasks to queue
[2025-01-22T13:02:19.645+0000] {logging_mixin.py:190} INFO - [2025-01-22T13:02:19.645+0000] {dagbag.py:588} INFO - Filling up the DagBag from /usr/local/python/3.12.1/lib/python3.12/site-packages/airflow/example_dags/example_external_task_marker_dag.py
[2025-01-22T13:02:19.651+0000] {processor.py:925} INFO - DAG(s) 'example_external_task_marker_child', 'example_external_task_marker_parent' retrieved from /usr/local/python/3.12.1/lib/python3.12/site-packages/airflow/example_dags/example_external_task_marker_dag.py
[2025-01-22T13:02:19.664+0000] {logging_mixin.py:190} INFO - [2025-01-22T13:02:19.664+0000] {dag.py:3239} INFO - Sync 2 DAGs
[2025-01-22T13:02:19.673+0000] {logging_mixin.py:190} INFO - [2025-01-22T13:02:19.673+0000] {dag.py:4180} INFO - Setting next_dagrun for example_external_task_marker_child to None, run_after=None
[2025-01-22T13:02:19.676+0000] {logging_mixin.py:190} INFO - [2025-01-22T13:02:19.676+0000] {dag.py:4180} INFO - Setting next_dagrun for example_external_task_marker_parent to None, run_after=None
[2025-01-22T13:02:19.688+0000] {processor.py:208} INFO - Processing /usr/local/python/3.12.1/lib/python3.12/site-packages/airflow/example_dags/example_external_task_marker_dag.py took 0.049 seconds
[2025-01-22T13:03:29.524+0000] {processor.py:186} INFO - Started process (PID=11556) to work on /usr/local/python/3.12.1/lib/python3.12/site-packages/airflow/example_dags/example_external_task_marker_dag.py
[2025-01-22T13:03:29.525+0000] {processor.py:914} INFO - Processing file /usr/local/python/3.12.1/lib/python3.12/site-packages/airflow/example_dags/example_external_task_marker_dag.py for tasks to queue
[2025-01-22T13:03:29.526+0000] {logging_mixin.py:190} INFO - [2025-01-22T13:03:29.526+0000] {dagbag.py:588} INFO - Filling up the DagBag from /usr/local/python/3.12.1/lib/python3.12/site-packages/airflow/example_dags/example_external_task_marker_dag.py
[2025-01-22T13:03:29.532+0000] {processor.py:925} INFO - DAG(s) 'example_external_task_marker_parent', 'example_external_task_marker_child' retrieved from /usr/local/python/3.12.1/lib/python3.12/site-packages/airflow/example_dags/example_external_task_marker_dag.py
[2025-01-22T13:03:29.545+0000] {logging_mixin.py:190} INFO - [2025-01-22T13:03:29.545+0000] {dag.py:3239} INFO - Sync 2 DAGs
[2025-01-22T13:03:29.554+0000] {logging_mixin.py:190} INFO - [2025-01-22T13:03:29.554+0000] {dag.py:4180} INFO - Setting next_dagrun for example_external_task_marker_child to None, run_after=None
[2025-01-22T13:03:29.557+0000] {logging_mixin.py:190} INFO - [2025-01-22T13:03:29.557+0000] {dag.py:4180} INFO - Setting next_dagrun for example_external_task_marker_parent to None, run_after=None
[2025-01-22T13:03:29.569+0000] {processor.py:208} INFO - Processing /usr/local/python/3.12.1/lib/python3.12/site-packages/airflow/example_dags/example_external_task_marker_dag.py took 0.049 seconds
[2025-01-22T13:04:21.249+0000] {processor.py:186} INFO - Started process (PID=11951) to work on /usr/local/python/3.12.1/lib/python3.12/site-packages/airflow/example_dags/example_external_task_marker_dag.py
[2025-01-22T13:04:21.250+0000] {processor.py:914} INFO - Processing file /usr/local/python/3.12.1/lib/python3.12/site-packages/airflow/example_dags/example_external_task_marker_dag.py for tasks to queue
[2025-01-22T13:04:21.251+0000] {logging_mixin.py:190} INFO - [2025-01-22T13:04:21.251+0000] {dagbag.py:588} INFO - Filling up the DagBag from /usr/local/python/3.12.1/lib/python3.12/site-packages/airflow/example_dags/example_external_task_marker_dag.py
[2025-01-22T13:04:21.257+0000] {processor.py:925} INFO - DAG(s) 'example_external_task_marker_child', 'example_external_task_marker_parent' retrieved from /usr/local/python/3.12.1/lib/python3.12/site-packages/airflow/example_dags/example_external_task_marker_dag.py
[2025-01-22T13:04:21.270+0000] {logging_mixin.py:190} INFO - [2025-01-22T13:04:21.270+0000] {dag.py:3239} INFO - Sync 2 DAGs
[2025-01-22T13:04:21.279+0000] {logging_mixin.py:190} INFO - [2025-01-22T13:04:21.279+0000] {dag.py:4180} INFO - Setting next_dagrun for example_external_task_marker_child to None, run_after=None
[2025-01-22T13:04:21.281+0000] {logging_mixin.py:190} INFO - [2025-01-22T13:04:21.281+0000] {dag.py:4180} INFO - Setting next_dagrun for example_external_task_marker_parent to None, run_after=None
[2025-01-22T13:04:21.294+0000] {processor.py:208} INFO - Processing /usr/local/python/3.12.1/lib/python3.12/site-packages/airflow/example_dags/example_external_task_marker_dag.py took 0.049 seconds
[2025-01-22T13:05:12.397+0000] {processor.py:186} INFO - Started process (PID=12342) to work on /usr/local/python/3.12.1/lib/python3.12/site-packages/airflow/example_dags/example_external_task_marker_dag.py
[2025-01-22T13:05:12.397+0000] {processor.py:914} INFO - Processing file /usr/local/python/3.12.1/lib/python3.12/site-packages/airflow/example_dags/example_external_task_marker_dag.py for tasks to queue
[2025-01-22T13:05:12.399+0000] {logging_mixin.py:190} INFO - [2025-01-22T13:05:12.399+0000] {dagbag.py:588} INFO - Filling up the DagBag from /usr/local/python/3.12.1/lib/python3.12/site-packages/airflow/example_dags/example_external_task_marker_dag.py
[2025-01-22T13:05:12.405+0000] {processor.py:925} INFO - DAG(s) 'example_external_task_marker_parent', 'example_external_task_marker_child' retrieved from /usr/local/python/3.12.1/lib/python3.12/site-packages/airflow/example_dags/example_external_task_marker_dag.py
[2025-01-22T13:05:12.418+0000] {logging_mixin.py:190} INFO - [2025-01-22T13:05:12.417+0000] {dag.py:3239} INFO - Sync 2 DAGs
[2025-01-22T13:05:12.427+0000] {logging_mixin.py:190} INFO - [2025-01-22T13:05:12.426+0000] {dag.py:4180} INFO - Setting next_dagrun for example_external_task_marker_child to None, run_after=None
[2025-01-22T13:05:12.429+0000] {logging_mixin.py:190} INFO - [2025-01-22T13:05:12.429+0000] {dag.py:4180} INFO - Setting next_dagrun for example_external_task_marker_parent to None, run_after=None
[2025-01-22T13:05:12.442+0000] {processor.py:208} INFO - Processing /usr/local/python/3.12.1/lib/python3.12/site-packages/airflow/example_dags/example_external_task_marker_dag.py took 0.049 seconds
[2025-01-22T13:06:04.816+0000] {processor.py:186} INFO - Started process (PID=12777) to work on /usr/local/python/3.12.1/lib/python3.12/site-packages/airflow/example_dags/example_external_task_marker_dag.py
[2025-01-22T13:06:04.817+0000] {processor.py:914} INFO - Processing file /usr/local/python/3.12.1/lib/python3.12/site-packages/airflow/example_dags/example_external_task_marker_dag.py for tasks to queue
[2025-01-22T13:06:04.818+0000] {logging_mixin.py:190} INFO - [2025-01-22T13:06:04.818+0000] {dagbag.py:588} INFO - Filling up the DagBag from /usr/local/python/3.12.1/lib/python3.12/site-packages/airflow/example_dags/example_external_task_marker_dag.py
[2025-01-22T13:06:04.825+0000] {processor.py:925} INFO - DAG(s) 'example_external_task_marker_child', 'example_external_task_marker_parent' retrieved from /usr/local/python/3.12.1/lib/python3.12/site-packages/airflow/example_dags/example_external_task_marker_dag.py
[2025-01-22T13:06:04.837+0000] {logging_mixin.py:190} INFO - [2025-01-22T13:06:04.837+0000] {dag.py:3239} INFO - Sync 2 DAGs
[2025-01-22T13:06:04.846+0000] {logging_mixin.py:190} INFO - [2025-01-22T13:06:04.846+0000] {dag.py:4180} INFO - Setting next_dagrun for example_external_task_marker_child to None, run_after=None
[2025-01-22T13:06:04.849+0000] {logging_mixin.py:190} INFO - [2025-01-22T13:06:04.849+0000] {dag.py:4180} INFO - Setting next_dagrun for example_external_task_marker_parent to None, run_after=None
[2025-01-22T13:06:04.862+0000] {processor.py:208} INFO - Processing /usr/local/python/3.12.1/lib/python3.12/site-packages/airflow/example_dags/example_external_task_marker_dag.py took 0.049 seconds
[2025-01-22T13:07:15.640+0000] {processor.py:186} INFO - Started process (PID=13340) to work on /usr/local/python/3.12.1/lib/python3.12/site-packages/airflow/example_dags/example_external_task_marker_dag.py
[2025-01-22T13:07:15.641+0000] {processor.py:914} INFO - Processing file /usr/local/python/3.12.1/lib/python3.12/site-packages/airflow/example_dags/example_external_task_marker_dag.py for tasks to queue
[2025-01-22T13:07:15.643+0000] {logging_mixin.py:190} INFO - [2025-01-22T13:07:15.643+0000] {dagbag.py:588} INFO - Filling up the DagBag from /usr/local/python/3.12.1/lib/python3.12/site-packages/airflow/example_dags/example_external_task_marker_dag.py
[2025-01-22T13:07:15.651+0000] {processor.py:925} INFO - DAG(s) 'example_external_task_marker_child', 'example_external_task_marker_parent' retrieved from /usr/local/python/3.12.1/lib/python3.12/site-packages/airflow/example_dags/example_external_task_marker_dag.py
[2025-01-22T13:07:15.670+0000] {logging_mixin.py:190} INFO - [2025-01-22T13:07:15.669+0000] {dag.py:3239} INFO - Sync 2 DAGs
[2025-01-22T13:07:15.679+0000] {logging_mixin.py:190} INFO - [2025-01-22T13:07:15.679+0000] {dag.py:4180} INFO - Setting next_dagrun for example_external_task_marker_child to None, run_after=None
[2025-01-22T13:07:15.681+0000] {logging_mixin.py:190} INFO - [2025-01-22T13:07:15.681+0000] {dag.py:4180} INFO - Setting next_dagrun for example_external_task_marker_parent to None, run_after=None
[2025-01-22T13:07:15.694+0000] {processor.py:208} INFO - Processing /usr/local/python/3.12.1/lib/python3.12/site-packages/airflow/example_dags/example_external_task_marker_dag.py took 0.059 seconds
[2025-01-22T13:08:10.100+0000] {processor.py:186} INFO - Started process (PID=13911) to work on /usr/local/python/3.12.1/lib/python3.12/site-packages/airflow/example_dags/example_external_task_marker_dag.py
[2025-01-22T13:08:10.101+0000] {processor.py:914} INFO - Processing file /usr/local/python/3.12.1/lib/python3.12/site-packages/airflow/example_dags/example_external_task_marker_dag.py for tasks to queue
[2025-01-22T13:08:10.102+0000] {logging_mixin.py:190} INFO - [2025-01-22T13:08:10.102+0000] {dagbag.py:588} INFO - Filling up the DagBag from /usr/local/python/3.12.1/lib/python3.12/site-packages/airflow/example_dags/example_external_task_marker_dag.py
[2025-01-22T13:08:10.108+0000] {processor.py:925} INFO - DAG(s) 'example_external_task_marker_child', 'example_external_task_marker_parent' retrieved from /usr/local/python/3.12.1/lib/python3.12/site-packages/airflow/example_dags/example_external_task_marker_dag.py
[2025-01-22T13:08:10.121+0000] {logging_mixin.py:190} INFO - [2025-01-22T13:08:10.121+0000] {dag.py:3239} INFO - Sync 2 DAGs
[2025-01-22T13:08:10.130+0000] {logging_mixin.py:190} INFO - [2025-01-22T13:08:10.130+0000] {dag.py:4180} INFO - Setting next_dagrun for example_external_task_marker_child to None, run_after=None
[2025-01-22T13:08:10.133+0000] {logging_mixin.py:190} INFO - [2025-01-22T13:08:10.133+0000] {dag.py:4180} INFO - Setting next_dagrun for example_external_task_marker_parent to None, run_after=None
[2025-01-22T13:08:10.146+0000] {processor.py:208} INFO - Processing /usr/local/python/3.12.1/lib/python3.12/site-packages/airflow/example_dags/example_external_task_marker_dag.py took 0.050 seconds
[2025-01-22T13:09:01.641+0000] {processor.py:186} INFO - Started process (PID=14456) to work on /usr/local/python/3.12.1/lib/python3.12/site-packages/airflow/example_dags/example_external_task_marker_dag.py
[2025-01-22T13:09:01.642+0000] {processor.py:914} INFO - Processing file /usr/local/python/3.12.1/lib/python3.12/site-packages/airflow/example_dags/example_external_task_marker_dag.py for tasks to queue
[2025-01-22T13:09:01.644+0000] {logging_mixin.py:190} INFO - [2025-01-22T13:09:01.643+0000] {dagbag.py:588} INFO - Filling up the DagBag from /usr/local/python/3.12.1/lib/python3.12/site-packages/airflow/example_dags/example_external_task_marker_dag.py
[2025-01-22T13:09:01.652+0000] {processor.py:925} INFO - DAG(s) 'example_external_task_marker_parent', 'example_external_task_marker_child' retrieved from /usr/local/python/3.12.1/lib/python3.12/site-packages/airflow/example_dags/example_external_task_marker_dag.py
[2025-01-22T13:09:01.671+0000] {logging_mixin.py:190} INFO - [2025-01-22T13:09:01.671+0000] {dag.py:3239} INFO - Sync 2 DAGs
[2025-01-22T13:09:01.685+0000] {logging_mixin.py:190} INFO - [2025-01-22T13:09:01.685+0000] {dag.py:4180} INFO - Setting next_dagrun for example_external_task_marker_child to None, run_after=None
[2025-01-22T13:09:01.689+0000] {logging_mixin.py:190} INFO - [2025-01-22T13:09:01.689+0000] {dag.py:4180} INFO - Setting next_dagrun for example_external_task_marker_parent to None, run_after=None
[2025-01-22T13:09:01.706+0000] {processor.py:208} INFO - Processing /usr/local/python/3.12.1/lib/python3.12/site-packages/airflow/example_dags/example_external_task_marker_dag.py took 0.071 seconds
[2025-01-22T13:09:50.467+0000] {processor.py:186} INFO - Started process (PID=14865) to work on /usr/local/python/3.12.1/lib/python3.12/site-packages/airflow/example_dags/example_external_task_marker_dag.py
[2025-01-22T13:09:50.468+0000] {processor.py:914} INFO - Processing file /usr/local/python/3.12.1/lib/python3.12/site-packages/airflow/example_dags/example_external_task_marker_dag.py for tasks to queue
[2025-01-22T13:09:50.470+0000] {logging_mixin.py:190} INFO - [2025-01-22T13:09:50.469+0000] {dagbag.py:588} INFO - Filling up the DagBag from /usr/local/python/3.12.1/lib/python3.12/site-packages/airflow/example_dags/example_external_task_marker_dag.py
[2025-01-22T13:09:50.478+0000] {processor.py:925} INFO - DAG(s) 'example_external_task_marker_child', 'example_external_task_marker_parent' retrieved from /usr/local/python/3.12.1/lib/python3.12/site-packages/airflow/example_dags/example_external_task_marker_dag.py
[2025-01-22T13:09:50.492+0000] {logging_mixin.py:190} INFO - [2025-01-22T13:09:50.491+0000] {dag.py:3239} INFO - Sync 2 DAGs
[2025-01-22T13:09:50.501+0000] {logging_mixin.py:190} INFO - [2025-01-22T13:09:50.501+0000] {dag.py:4180} INFO - Setting next_dagrun for example_external_task_marker_child to None, run_after=None
[2025-01-22T13:09:50.504+0000] {logging_mixin.py:190} INFO - [2025-01-22T13:09:50.504+0000] {dag.py:4180} INFO - Setting next_dagrun for example_external_task_marker_parent to None, run_after=None
[2025-01-22T13:09:50.522+0000] {processor.py:208} INFO - Processing /usr/local/python/3.12.1/lib/python3.12/site-packages/airflow/example_dags/example_external_task_marker_dag.py took 0.058 seconds
[2025-01-22T13:10:43.098+0000] {processor.py:186} INFO - Started process (PID=15295) to work on /usr/local/python/3.12.1/lib/python3.12/site-packages/airflow/example_dags/example_external_task_marker_dag.py
[2025-01-22T13:10:43.099+0000] {processor.py:914} INFO - Processing file /usr/local/python/3.12.1/lib/python3.12/site-packages/airflow/example_dags/example_external_task_marker_dag.py for tasks to queue
[2025-01-22T13:10:43.100+0000] {logging_mixin.py:190} INFO - [2025-01-22T13:10:43.100+0000] {dagbag.py:588} INFO - Filling up the DagBag from /usr/local/python/3.12.1/lib/python3.12/site-packages/airflow/example_dags/example_external_task_marker_dag.py
[2025-01-22T13:10:43.106+0000] {processor.py:925} INFO - DAG(s) 'example_external_task_marker_child', 'example_external_task_marker_parent' retrieved from /usr/local/python/3.12.1/lib/python3.12/site-packages/airflow/example_dags/example_external_task_marker_dag.py
[2025-01-22T13:10:43.119+0000] {logging_mixin.py:190} INFO - [2025-01-22T13:10:43.119+0000] {dag.py:3239} INFO - Sync 2 DAGs
[2025-01-22T13:10:43.128+0000] {logging_mixin.py:190} INFO - [2025-01-22T13:10:43.128+0000] {dag.py:4180} INFO - Setting next_dagrun for example_external_task_marker_child to None, run_after=None
[2025-01-22T13:10:43.131+0000] {logging_mixin.py:190} INFO - [2025-01-22T13:10:43.131+0000] {dag.py:4180} INFO - Setting next_dagrun for example_external_task_marker_parent to None, run_after=None
[2025-01-22T13:10:43.144+0000] {processor.py:208} INFO - Processing /usr/local/python/3.12.1/lib/python3.12/site-packages/airflow/example_dags/example_external_task_marker_dag.py took 0.049 seconds
[2025-01-22T13:11:56.690+0000] {processor.py:186} INFO - Started process (PID=15874) to work on /usr/local/python/3.12.1/lib/python3.12/site-packages/airflow/example_dags/example_external_task_marker_dag.py
[2025-01-22T13:11:56.691+0000] {processor.py:914} INFO - Processing file /usr/local/python/3.12.1/lib/python3.12/site-packages/airflow/example_dags/example_external_task_marker_dag.py for tasks to queue
[2025-01-22T13:11:56.692+0000] {logging_mixin.py:190} INFO - [2025-01-22T13:11:56.692+0000] {dagbag.py:588} INFO - Filling up the DagBag from /usr/local/python/3.12.1/lib/python3.12/site-packages/airflow/example_dags/example_external_task_marker_dag.py
[2025-01-22T13:11:56.698+0000] {processor.py:925} INFO - DAG(s) 'example_external_task_marker_parent', 'example_external_task_marker_child' retrieved from /usr/local/python/3.12.1/lib/python3.12/site-packages/airflow/example_dags/example_external_task_marker_dag.py
[2025-01-22T13:11:56.710+0000] {logging_mixin.py:190} INFO - [2025-01-22T13:11:56.710+0000] {dag.py:3239} INFO - Sync 2 DAGs
[2025-01-22T13:11:56.719+0000] {logging_mixin.py:190} INFO - [2025-01-22T13:11:56.719+0000] {dag.py:4180} INFO - Setting next_dagrun for example_external_task_marker_child to None, run_after=None
[2025-01-22T13:11:56.722+0000] {logging_mixin.py:190} INFO - [2025-01-22T13:11:56.722+0000] {dag.py:4180} INFO - Setting next_dagrun for example_external_task_marker_parent to None, run_after=None
[2025-01-22T13:11:56.734+0000] {processor.py:208} INFO - Processing /usr/local/python/3.12.1/lib/python3.12/site-packages/airflow/example_dags/example_external_task_marker_dag.py took 0.048 seconds
[2025-01-22T13:12:47.999+0000] {processor.py:186} INFO - Started process (PID=16353) to work on /usr/local/python/3.12.1/lib/python3.12/site-packages/airflow/example_dags/example_external_task_marker_dag.py
[2025-01-22T13:12:48.000+0000] {processor.py:914} INFO - Processing file /usr/local/python/3.12.1/lib/python3.12/site-packages/airflow/example_dags/example_external_task_marker_dag.py for tasks to queue
[2025-01-22T13:12:48.001+0000] {logging_mixin.py:190} INFO - [2025-01-22T13:12:48.001+0000] {dagbag.py:588} INFO - Filling up the DagBag from /usr/local/python/3.12.1/lib/python3.12/site-packages/airflow/example_dags/example_external_task_marker_dag.py
[2025-01-22T13:12:48.007+0000] {processor.py:925} INFO - DAG(s) 'example_external_task_marker_parent', 'example_external_task_marker_child' retrieved from /usr/local/python/3.12.1/lib/python3.12/site-packages/airflow/example_dags/example_external_task_marker_dag.py
[2025-01-22T13:12:48.021+0000] {logging_mixin.py:190} INFO - [2025-01-22T13:12:48.021+0000] {dag.py:3239} INFO - Sync 2 DAGs
[2025-01-22T13:12:48.030+0000] {logging_mixin.py:190} INFO - [2025-01-22T13:12:48.030+0000] {dag.py:4180} INFO - Setting next_dagrun for example_external_task_marker_child to None, run_after=None
[2025-01-22T13:12:48.033+0000] {logging_mixin.py:190} INFO - [2025-01-22T13:12:48.033+0000] {dag.py:4180} INFO - Setting next_dagrun for example_external_task_marker_parent to None, run_after=None
[2025-01-22T13:12:48.046+0000] {processor.py:208} INFO - Processing /usr/local/python/3.12.1/lib/python3.12/site-packages/airflow/example_dags/example_external_task_marker_dag.py took 0.052 seconds
[2025-01-22T13:13:39.388+0000] {processor.py:186} INFO - Started process (PID=16782) to work on /usr/local/python/3.12.1/lib/python3.12/site-packages/airflow/example_dags/example_external_task_marker_dag.py
[2025-01-22T13:13:39.388+0000] {processor.py:914} INFO - Processing file /usr/local/python/3.12.1/lib/python3.12/site-packages/airflow/example_dags/example_external_task_marker_dag.py for tasks to queue
[2025-01-22T13:13:39.390+0000] {logging_mixin.py:190} INFO - [2025-01-22T13:13:39.389+0000] {dagbag.py:588} INFO - Filling up the DagBag from /usr/local/python/3.12.1/lib/python3.12/site-packages/airflow/example_dags/example_external_task_marker_dag.py
[2025-01-22T13:13:39.396+0000] {processor.py:925} INFO - DAG(s) 'example_external_task_marker_parent', 'example_external_task_marker_child' retrieved from /usr/local/python/3.12.1/lib/python3.12/site-packages/airflow/example_dags/example_external_task_marker_dag.py
[2025-01-22T13:13:39.409+0000] {logging_mixin.py:190} INFO - [2025-01-22T13:13:39.408+0000] {dag.py:3239} INFO - Sync 2 DAGs
[2025-01-22T13:13:39.418+0000] {logging_mixin.py:190} INFO - [2025-01-22T13:13:39.418+0000] {dag.py:4180} INFO - Setting next_dagrun for example_external_task_marker_child to None, run_after=None
[2025-01-22T13:13:39.420+0000] {logging_mixin.py:190} INFO - [2025-01-22T13:13:39.420+0000] {dag.py:4180} INFO - Setting next_dagrun for example_external_task_marker_parent to None, run_after=None
[2025-01-22T13:13:39.433+0000] {processor.py:208} INFO - Processing /usr/local/python/3.12.1/lib/python3.12/site-packages/airflow/example_dags/example_external_task_marker_dag.py took 0.049 seconds
[2025-01-22T13:14:32.116+0000] {processor.py:186} INFO - Started process (PID=17233) to work on /usr/local/python/3.12.1/lib/python3.12/site-packages/airflow/example_dags/example_external_task_marker_dag.py
[2025-01-22T13:14:32.116+0000] {processor.py:914} INFO - Processing file /usr/local/python/3.12.1/lib/python3.12/site-packages/airflow/example_dags/example_external_task_marker_dag.py for tasks to queue
[2025-01-22T13:14:32.118+0000] {logging_mixin.py:190} INFO - [2025-01-22T13:14:32.118+0000] {dagbag.py:588} INFO - Filling up the DagBag from /usr/local/python/3.12.1/lib/python3.12/site-packages/airflow/example_dags/example_external_task_marker_dag.py
[2025-01-22T13:14:32.124+0000] {processor.py:925} INFO - DAG(s) 'example_external_task_marker_parent', 'example_external_task_marker_child' retrieved from /usr/local/python/3.12.1/lib/python3.12/site-packages/airflow/example_dags/example_external_task_marker_dag.py
[2025-01-22T13:14:32.137+0000] {logging_mixin.py:190} INFO - [2025-01-22T13:14:32.136+0000] {dag.py:3239} INFO - Sync 2 DAGs
[2025-01-22T13:14:32.146+0000] {logging_mixin.py:190} INFO - [2025-01-22T13:14:32.145+0000] {dag.py:4180} INFO - Setting next_dagrun for example_external_task_marker_child to None, run_after=None
[2025-01-22T13:14:32.148+0000] {logging_mixin.py:190} INFO - [2025-01-22T13:14:32.148+0000] {dag.py:4180} INFO - Setting next_dagrun for example_external_task_marker_parent to None, run_after=None
[2025-01-22T13:14:32.161+0000] {processor.py:208} INFO - Processing /usr/local/python/3.12.1/lib/python3.12/site-packages/airflow/example_dags/example_external_task_marker_dag.py took 0.051 seconds
[2025-01-22T13:15:23.853+0000] {processor.py:186} INFO - Started process (PID=17662) to work on /usr/local/python/3.12.1/lib/python3.12/site-packages/airflow/example_dags/example_external_task_marker_dag.py
[2025-01-22T13:15:23.853+0000] {processor.py:914} INFO - Processing file /usr/local/python/3.12.1/lib/python3.12/site-packages/airflow/example_dags/example_external_task_marker_dag.py for tasks to queue
[2025-01-22T13:15:23.855+0000] {logging_mixin.py:190} INFO - [2025-01-22T13:15:23.854+0000] {dagbag.py:588} INFO - Filling up the DagBag from /usr/local/python/3.12.1/lib/python3.12/site-packages/airflow/example_dags/example_external_task_marker_dag.py
[2025-01-22T13:15:23.861+0000] {processor.py:925} INFO - DAG(s) 'example_external_task_marker_parent', 'example_external_task_marker_child' retrieved from /usr/local/python/3.12.1/lib/python3.12/site-packages/airflow/example_dags/example_external_task_marker_dag.py
[2025-01-22T13:15:23.873+0000] {logging_mixin.py:190} INFO - [2025-01-22T13:15:23.873+0000] {dag.py:3239} INFO - Sync 2 DAGs
[2025-01-22T13:15:23.882+0000] {logging_mixin.py:190} INFO - [2025-01-22T13:15:23.882+0000] {dag.py:4180} INFO - Setting next_dagrun for example_external_task_marker_child to None, run_after=None
[2025-01-22T13:15:23.885+0000] {logging_mixin.py:190} INFO - [2025-01-22T13:15:23.885+0000] {dag.py:4180} INFO - Setting next_dagrun for example_external_task_marker_parent to None, run_after=None
[2025-01-22T13:15:23.898+0000] {processor.py:208} INFO - Processing /usr/local/python/3.12.1/lib/python3.12/site-packages/airflow/example_dags/example_external_task_marker_dag.py took 0.049 seconds
[2025-01-22T13:16:38.695+0000] {processor.py:186} INFO - Started process (PID=18245) to work on /usr/local/python/3.12.1/lib/python3.12/site-packages/airflow/example_dags/example_external_task_marker_dag.py
[2025-01-22T13:16:38.696+0000] {processor.py:914} INFO - Processing file /usr/local/python/3.12.1/lib/python3.12/site-packages/airflow/example_dags/example_external_task_marker_dag.py for tasks to queue
[2025-01-22T13:16:38.697+0000] {logging_mixin.py:190} INFO - [2025-01-22T13:16:38.697+0000] {dagbag.py:588} INFO - Filling up the DagBag from /usr/local/python/3.12.1/lib/python3.12/site-packages/airflow/example_dags/example_external_task_marker_dag.py
[2025-01-22T13:16:38.703+0000] {processor.py:925} INFO - DAG(s) 'example_external_task_marker_child', 'example_external_task_marker_parent' retrieved from /usr/local/python/3.12.1/lib/python3.12/site-packages/airflow/example_dags/example_external_task_marker_dag.py
[2025-01-22T13:16:38.719+0000] {logging_mixin.py:190} INFO - [2025-01-22T13:16:38.719+0000] {dag.py:3239} INFO - Sync 2 DAGs
[2025-01-22T13:16:38.728+0000] {logging_mixin.py:190} INFO - [2025-01-22T13:16:38.728+0000] {dag.py:4180} INFO - Setting next_dagrun for example_external_task_marker_child to None, run_after=None
[2025-01-22T13:16:38.730+0000] {logging_mixin.py:190} INFO - [2025-01-22T13:16:38.730+0000] {dag.py:4180} INFO - Setting next_dagrun for example_external_task_marker_parent to None, run_after=None
[2025-01-22T13:16:38.743+0000] {processor.py:208} INFO - Processing /usr/local/python/3.12.1/lib/python3.12/site-packages/airflow/example_dags/example_external_task_marker_dag.py took 0.052 seconds
[2025-01-22T13:17:31.539+0000] {processor.py:186} INFO - Started process (PID=18741) to work on /usr/local/python/3.12.1/lib/python3.12/site-packages/airflow/example_dags/example_external_task_marker_dag.py
[2025-01-22T13:17:31.540+0000] {processor.py:914} INFO - Processing file /usr/local/python/3.12.1/lib/python3.12/site-packages/airflow/example_dags/example_external_task_marker_dag.py for tasks to queue
[2025-01-22T13:17:31.542+0000] {logging_mixin.py:190} INFO - [2025-01-22T13:17:31.542+0000] {dagbag.py:588} INFO - Filling up the DagBag from /usr/local/python/3.12.1/lib/python3.12/site-packages/airflow/example_dags/example_external_task_marker_dag.py
[2025-01-22T13:17:31.548+0000] {processor.py:925} INFO - DAG(s) 'example_external_task_marker_parent', 'example_external_task_marker_child' retrieved from /usr/local/python/3.12.1/lib/python3.12/site-packages/airflow/example_dags/example_external_task_marker_dag.py
[2025-01-22T13:17:31.561+0000] {logging_mixin.py:190} INFO - [2025-01-22T13:17:31.561+0000] {dag.py:3239} INFO - Sync 2 DAGs
[2025-01-22T13:17:31.577+0000] {logging_mixin.py:190} INFO - [2025-01-22T13:17:31.577+0000] {dag.py:4180} INFO - Setting next_dagrun for example_external_task_marker_child to None, run_after=None
[2025-01-22T13:17:31.581+0000] {logging_mixin.py:190} INFO - [2025-01-22T13:17:31.580+0000] {dag.py:4180} INFO - Setting next_dagrun for example_external_task_marker_parent to None, run_after=None
[2025-01-22T13:17:31.598+0000] {processor.py:208} INFO - Processing /usr/local/python/3.12.1/lib/python3.12/site-packages/airflow/example_dags/example_external_task_marker_dag.py took 0.063 seconds
[2025-01-22T13:18:21.731+0000] {processor.py:186} INFO - Started process (PID=19124) to work on /usr/local/python/3.12.1/lib/python3.12/site-packages/airflow/example_dags/example_external_task_marker_dag.py
[2025-01-22T13:18:21.732+0000] {processor.py:914} INFO - Processing file /usr/local/python/3.12.1/lib/python3.12/site-packages/airflow/example_dags/example_external_task_marker_dag.py for tasks to queue
[2025-01-22T13:18:21.733+0000] {logging_mixin.py:190} INFO - [2025-01-22T13:18:21.733+0000] {dagbag.py:588} INFO - Filling up the DagBag from /usr/local/python/3.12.1/lib/python3.12/site-packages/airflow/example_dags/example_external_task_marker_dag.py
[2025-01-22T13:18:21.740+0000] {processor.py:925} INFO - DAG(s) 'example_external_task_marker_parent', 'example_external_task_marker_child' retrieved from /usr/local/python/3.12.1/lib/python3.12/site-packages/airflow/example_dags/example_external_task_marker_dag.py
[2025-01-22T13:18:21.753+0000] {logging_mixin.py:190} INFO - [2025-01-22T13:18:21.752+0000] {dag.py:3239} INFO - Sync 2 DAGs
[2025-01-22T13:18:21.762+0000] {logging_mixin.py:190} INFO - [2025-01-22T13:18:21.762+0000] {dag.py:4180} INFO - Setting next_dagrun for example_external_task_marker_child to None, run_after=None
[2025-01-22T13:18:21.764+0000] {logging_mixin.py:190} INFO - [2025-01-22T13:18:21.764+0000] {dag.py:4180} INFO - Setting next_dagrun for example_external_task_marker_parent to None, run_after=None
[2025-01-22T13:18:21.777+0000] {processor.py:208} INFO - Processing /usr/local/python/3.12.1/lib/python3.12/site-packages/airflow/example_dags/example_external_task_marker_dag.py took 0.050 seconds
[2025-01-22T13:19:34.207+0000] {processor.py:186} INFO - Started process (PID=20395) to work on /usr/local/python/3.12.1/lib/python3.12/site-packages/airflow/example_dags/example_external_task_marker_dag.py
[2025-01-22T13:19:34.208+0000] {processor.py:914} INFO - Processing file /usr/local/python/3.12.1/lib/python3.12/site-packages/airflow/example_dags/example_external_task_marker_dag.py for tasks to queue
[2025-01-22T13:19:34.209+0000] {logging_mixin.py:190} INFO - [2025-01-22T13:19:34.209+0000] {dagbag.py:588} INFO - Filling up the DagBag from /usr/local/python/3.12.1/lib/python3.12/site-packages/airflow/example_dags/example_external_task_marker_dag.py
[2025-01-22T13:19:34.216+0000] {processor.py:925} INFO - DAG(s) 'example_external_task_marker_parent', 'example_external_task_marker_child' retrieved from /usr/local/python/3.12.1/lib/python3.12/site-packages/airflow/example_dags/example_external_task_marker_dag.py
[2025-01-22T13:19:34.228+0000] {logging_mixin.py:190} INFO - [2025-01-22T13:19:34.228+0000] {dag.py:3239} INFO - Sync 2 DAGs
[2025-01-22T13:19:34.237+0000] {logging_mixin.py:190} INFO - [2025-01-22T13:19:34.237+0000] {dag.py:4180} INFO - Setting next_dagrun for example_external_task_marker_child to None, run_after=None
[2025-01-22T13:19:34.239+0000] {logging_mixin.py:190} INFO - [2025-01-22T13:19:34.239+0000] {dag.py:4180} INFO - Setting next_dagrun for example_external_task_marker_parent to None, run_after=None
[2025-01-22T13:19:34.252+0000] {processor.py:208} INFO - Processing /usr/local/python/3.12.1/lib/python3.12/site-packages/airflow/example_dags/example_external_task_marker_dag.py took 0.048 seconds
[2025-01-22T13:20:25.958+0000] {processor.py:186} INFO - Started process (PID=21282) to work on /usr/local/python/3.12.1/lib/python3.12/site-packages/airflow/example_dags/example_external_task_marker_dag.py
[2025-01-22T13:20:25.958+0000] {processor.py:914} INFO - Processing file /usr/local/python/3.12.1/lib/python3.12/site-packages/airflow/example_dags/example_external_task_marker_dag.py for tasks to queue
[2025-01-22T13:20:25.960+0000] {logging_mixin.py:190} INFO - [2025-01-22T13:20:25.959+0000] {dagbag.py:588} INFO - Filling up the DagBag from /usr/local/python/3.12.1/lib/python3.12/site-packages/airflow/example_dags/example_external_task_marker_dag.py
[2025-01-22T13:20:25.966+0000] {processor.py:925} INFO - DAG(s) 'example_external_task_marker_child', 'example_external_task_marker_parent' retrieved from /usr/local/python/3.12.1/lib/python3.12/site-packages/airflow/example_dags/example_external_task_marker_dag.py
[2025-01-22T13:20:25.978+0000] {logging_mixin.py:190} INFO - [2025-01-22T13:20:25.978+0000] {dag.py:3239} INFO - Sync 2 DAGs
[2025-01-22T13:20:25.988+0000] {logging_mixin.py:190} INFO - [2025-01-22T13:20:25.987+0000] {dag.py:4180} INFO - Setting next_dagrun for example_external_task_marker_child to None, run_after=None
[2025-01-22T13:20:25.990+0000] {logging_mixin.py:190} INFO - [2025-01-22T13:20:25.990+0000] {dag.py:4180} INFO - Setting next_dagrun for example_external_task_marker_parent to None, run_after=None
[2025-01-22T13:20:26.003+0000] {processor.py:208} INFO - Processing /usr/local/python/3.12.1/lib/python3.12/site-packages/airflow/example_dags/example_external_task_marker_dag.py took 0.050 seconds
[2025-01-22T13:21:40.276+0000] {processor.py:186} INFO - Started process (PID=22015) to work on /usr/local/python/3.12.1/lib/python3.12/site-packages/airflow/example_dags/example_external_task_marker_dag.py
[2025-01-22T13:21:40.277+0000] {processor.py:914} INFO - Processing file /usr/local/python/3.12.1/lib/python3.12/site-packages/airflow/example_dags/example_external_task_marker_dag.py for tasks to queue
[2025-01-22T13:21:40.278+0000] {logging_mixin.py:190} INFO - [2025-01-22T13:21:40.278+0000] {dagbag.py:588} INFO - Filling up the DagBag from /usr/local/python/3.12.1/lib/python3.12/site-packages/airflow/example_dags/example_external_task_marker_dag.py
[2025-01-22T13:21:40.284+0000] {processor.py:925} INFO - DAG(s) 'example_external_task_marker_child', 'example_external_task_marker_parent' retrieved from /usr/local/python/3.12.1/lib/python3.12/site-packages/airflow/example_dags/example_external_task_marker_dag.py
[2025-01-22T13:21:40.297+0000] {logging_mixin.py:190} INFO - [2025-01-22T13:21:40.297+0000] {dag.py:3239} INFO - Sync 2 DAGs
[2025-01-22T13:21:40.306+0000] {logging_mixin.py:190} INFO - [2025-01-22T13:21:40.306+0000] {dag.py:4180} INFO - Setting next_dagrun for example_external_task_marker_child to None, run_after=None
[2025-01-22T13:21:40.309+0000] {logging_mixin.py:190} INFO - [2025-01-22T13:21:40.309+0000] {dag.py:4180} INFO - Setting next_dagrun for example_external_task_marker_parent to None, run_after=None
[2025-01-22T13:21:40.321+0000] {processor.py:208} INFO - Processing /usr/local/python/3.12.1/lib/python3.12/site-packages/airflow/example_dags/example_external_task_marker_dag.py took 0.050 seconds
