[2025-01-22T12:52:36.088+0000] {processor.py:186} INFO - Started process (PID=5341) to work on /usr/local/python/3.12.1/lib/python3.12/site-packages/airflow/example_dags/example_trigger_controller_dag.py
[2025-01-22T12:52:36.088+0000] {processor.py:914} INFO - Processing file /usr/local/python/3.12.1/lib/python3.12/site-packages/airflow/example_dags/example_trigger_controller_dag.py for tasks to queue
[2025-01-22T12:52:36.090+0000] {logging_mixin.py:190} INFO - [2025-01-22T12:52:36.090+0000] {dagbag.py:588} INFO - Filling up the DagBag from /usr/local/python/3.12.1/lib/python3.12/site-packages/airflow/example_dags/example_trigger_controller_dag.py
[2025-01-22T12:52:36.097+0000] {processor.py:925} INFO - DAG(s) 'example_trigger_controller_dag' retrieved from /usr/local/python/3.12.1/lib/python3.12/site-packages/airflow/example_dags/example_trigger_controller_dag.py
[2025-01-22T12:52:36.196+0000] {logging_mixin.py:190} INFO - [2025-01-22T12:52:36.196+0000] {override.py:1911} INFO - Created Permission View: can delete on DAG:example_trigger_controller_dag
[2025-01-22T12:52:36.203+0000] {logging_mixin.py:190} INFO - [2025-01-22T12:52:36.203+0000] {override.py:1911} INFO - Created Permission View: can edit on DAG:example_trigger_controller_dag
[2025-01-22T12:52:36.208+0000] {logging_mixin.py:190} INFO - [2025-01-22T12:52:36.208+0000] {override.py:1911} INFO - Created Permission View: can read on DAG:example_trigger_controller_dag
[2025-01-22T12:52:36.215+0000] {logging_mixin.py:190} INFO - [2025-01-22T12:52:36.215+0000] {override.py:1911} INFO - Created Permission View: can create on DAG Run:example_trigger_controller_dag
[2025-01-22T12:52:36.220+0000] {logging_mixin.py:190} INFO - [2025-01-22T12:52:36.220+0000] {override.py:1911} INFO - Created Permission View: can read on DAG Run:example_trigger_controller_dag
[2025-01-22T12:52:36.225+0000] {logging_mixin.py:190} INFO - [2025-01-22T12:52:36.225+0000] {override.py:1911} INFO - Created Permission View: menu access on DAG Run:example_trigger_controller_dag
[2025-01-22T12:52:36.230+0000] {logging_mixin.py:190} INFO - [2025-01-22T12:52:36.229+0000] {override.py:1911} INFO - Created Permission View: can delete on DAG Run:example_trigger_controller_dag
[2025-01-22T12:52:36.230+0000] {logging_mixin.py:190} INFO - [2025-01-22T12:52:36.230+0000] {dag.py:3239} INFO - Sync 1 DAGs
[2025-01-22T12:52:36.238+0000] {logging_mixin.py:190} INFO - [2025-01-22T12:52:36.238+0000] {dag.py:3262} INFO - Creating ORM DAG for example_trigger_controller_dag
[2025-01-22T12:52:36.249+0000] {logging_mixin.py:190} INFO - [2025-01-22T12:52:36.249+0000] {dag.py:4180} INFO - Setting next_dagrun for example_trigger_controller_dag to 2021-01-01 00:00:00+00:00, run_after=2021-01-01 00:00:00+00:00
[2025-01-22T12:52:36.267+0000] {processor.py:208} INFO - Processing /usr/local/python/3.12.1/lib/python3.12/site-packages/airflow/example_dags/example_trigger_controller_dag.py took 0.186 seconds
[2025-01-22T12:53:37.127+0000] {processor.py:186} INFO - Started process (PID=6253) to work on /usr/local/python/3.12.1/lib/python3.12/site-packages/airflow/example_dags/example_trigger_controller_dag.py
[2025-01-22T12:53:37.128+0000] {processor.py:914} INFO - Processing file /usr/local/python/3.12.1/lib/python3.12/site-packages/airflow/example_dags/example_trigger_controller_dag.py for tasks to queue
[2025-01-22T12:53:37.129+0000] {logging_mixin.py:190} INFO - [2025-01-22T12:53:37.129+0000] {dagbag.py:588} INFO - Filling up the DagBag from /usr/local/python/3.12.1/lib/python3.12/site-packages/airflow/example_dags/example_trigger_controller_dag.py
[2025-01-22T12:53:37.134+0000] {processor.py:925} INFO - DAG(s) 'example_trigger_controller_dag' retrieved from /usr/local/python/3.12.1/lib/python3.12/site-packages/airflow/example_dags/example_trigger_controller_dag.py
[2025-01-22T12:53:37.145+0000] {logging_mixin.py:190} INFO - [2025-01-22T12:53:37.145+0000] {dag.py:3239} INFO - Sync 1 DAGs
[2025-01-22T12:53:37.159+0000] {logging_mixin.py:190} INFO - [2025-01-22T12:53:37.159+0000] {dag.py:4180} INFO - Setting next_dagrun for example_trigger_controller_dag to 2021-01-01 00:00:00+00:00, run_after=2021-01-01 00:00:00+00:00
[2025-01-22T12:53:37.173+0000] {processor.py:208} INFO - Processing /usr/local/python/3.12.1/lib/python3.12/site-packages/airflow/example_dags/example_trigger_controller_dag.py took 0.050 seconds
[2025-01-22T12:54:30.788+0000] {processor.py:186} INFO - Started process (PID=7010) to work on /usr/local/python/3.12.1/lib/python3.12/site-packages/airflow/example_dags/example_trigger_controller_dag.py
[2025-01-22T12:54:30.789+0000] {processor.py:914} INFO - Processing file /usr/local/python/3.12.1/lib/python3.12/site-packages/airflow/example_dags/example_trigger_controller_dag.py for tasks to queue
[2025-01-22T12:54:30.790+0000] {logging_mixin.py:190} INFO - [2025-01-22T12:54:30.790+0000] {dagbag.py:588} INFO - Filling up the DagBag from /usr/local/python/3.12.1/lib/python3.12/site-packages/airflow/example_dags/example_trigger_controller_dag.py
[2025-01-22T12:54:30.795+0000] {processor.py:925} INFO - DAG(s) 'example_trigger_controller_dag' retrieved from /usr/local/python/3.12.1/lib/python3.12/site-packages/airflow/example_dags/example_trigger_controller_dag.py
[2025-01-22T12:54:30.807+0000] {logging_mixin.py:190} INFO - [2025-01-22T12:54:30.807+0000] {dag.py:3239} INFO - Sync 1 DAGs
[2025-01-22T12:54:30.824+0000] {logging_mixin.py:190} INFO - [2025-01-22T12:54:30.824+0000] {dag.py:4180} INFO - Setting next_dagrun for example_trigger_controller_dag to 2021-01-01 00:00:00+00:00, run_after=2021-01-01 00:00:00+00:00
[2025-01-22T12:54:30.839+0000] {processor.py:208} INFO - Processing /usr/local/python/3.12.1/lib/python3.12/site-packages/airflow/example_dags/example_trigger_controller_dag.py took 0.054 seconds
[2025-01-22T12:55:21.508+0000] {processor.py:186} INFO - Started process (PID=7420) to work on /usr/local/python/3.12.1/lib/python3.12/site-packages/airflow/example_dags/example_trigger_controller_dag.py
[2025-01-22T12:55:21.509+0000] {processor.py:914} INFO - Processing file /usr/local/python/3.12.1/lib/python3.12/site-packages/airflow/example_dags/example_trigger_controller_dag.py for tasks to queue
[2025-01-22T12:55:21.511+0000] {logging_mixin.py:190} INFO - [2025-01-22T12:55:21.511+0000] {dagbag.py:588} INFO - Filling up the DagBag from /usr/local/python/3.12.1/lib/python3.12/site-packages/airflow/example_dags/example_trigger_controller_dag.py
[2025-01-22T12:55:21.517+0000] {processor.py:925} INFO - DAG(s) 'example_trigger_controller_dag' retrieved from /usr/local/python/3.12.1/lib/python3.12/site-packages/airflow/example_dags/example_trigger_controller_dag.py
[2025-01-22T12:55:21.527+0000] {logging_mixin.py:190} INFO - [2025-01-22T12:55:21.527+0000] {dag.py:3239} INFO - Sync 1 DAGs
[2025-01-22T12:55:21.541+0000] {logging_mixin.py:190} INFO - [2025-01-22T12:55:21.541+0000] {dag.py:4180} INFO - Setting next_dagrun for example_trigger_controller_dag to 2021-01-01 00:00:00+00:00, run_after=2021-01-01 00:00:00+00:00
[2025-01-22T12:55:21.557+0000] {processor.py:208} INFO - Processing /usr/local/python/3.12.1/lib/python3.12/site-packages/airflow/example_dags/example_trigger_controller_dag.py took 0.054 seconds
[2025-01-22T12:56:14.967+0000] {processor.py:186} INFO - Started process (PID=7860) to work on /usr/local/python/3.12.1/lib/python3.12/site-packages/airflow/example_dags/example_trigger_controller_dag.py
[2025-01-22T12:56:14.968+0000] {processor.py:914} INFO - Processing file /usr/local/python/3.12.1/lib/python3.12/site-packages/airflow/example_dags/example_trigger_controller_dag.py for tasks to queue
[2025-01-22T12:56:14.969+0000] {logging_mixin.py:190} INFO - [2025-01-22T12:56:14.969+0000] {dagbag.py:588} INFO - Filling up the DagBag from /usr/local/python/3.12.1/lib/python3.12/site-packages/airflow/example_dags/example_trigger_controller_dag.py
[2025-01-22T12:56:14.974+0000] {processor.py:925} INFO - DAG(s) 'example_trigger_controller_dag' retrieved from /usr/local/python/3.12.1/lib/python3.12/site-packages/airflow/example_dags/example_trigger_controller_dag.py
[2025-01-22T12:56:14.984+0000] {logging_mixin.py:190} INFO - [2025-01-22T12:56:14.984+0000] {dag.py:3239} INFO - Sync 1 DAGs
[2025-01-22T12:56:14.998+0000] {logging_mixin.py:190} INFO - [2025-01-22T12:56:14.998+0000] {dag.py:4180} INFO - Setting next_dagrun for example_trigger_controller_dag to 2021-01-01 00:00:00+00:00, run_after=2021-01-01 00:00:00+00:00
[2025-01-22T12:56:15.013+0000] {processor.py:208} INFO - Processing /usr/local/python/3.12.1/lib/python3.12/site-packages/airflow/example_dags/example_trigger_controller_dag.py took 0.050 seconds
[2025-01-22T12:57:06.656+0000] {processor.py:186} INFO - Started process (PID=8275) to work on /usr/local/python/3.12.1/lib/python3.12/site-packages/airflow/example_dags/example_trigger_controller_dag.py
[2025-01-22T12:57:06.656+0000] {processor.py:914} INFO - Processing file /usr/local/python/3.12.1/lib/python3.12/site-packages/airflow/example_dags/example_trigger_controller_dag.py for tasks to queue
[2025-01-22T12:57:06.658+0000] {logging_mixin.py:190} INFO - [2025-01-22T12:57:06.658+0000] {dagbag.py:588} INFO - Filling up the DagBag from /usr/local/python/3.12.1/lib/python3.12/site-packages/airflow/example_dags/example_trigger_controller_dag.py
[2025-01-22T12:57:06.663+0000] {processor.py:925} INFO - DAG(s) 'example_trigger_controller_dag' retrieved from /usr/local/python/3.12.1/lib/python3.12/site-packages/airflow/example_dags/example_trigger_controller_dag.py
[2025-01-22T12:57:06.673+0000] {logging_mixin.py:190} INFO - [2025-01-22T12:57:06.673+0000] {dag.py:3239} INFO - Sync 1 DAGs
[2025-01-22T12:57:06.686+0000] {logging_mixin.py:190} INFO - [2025-01-22T12:57:06.686+0000] {dag.py:4180} INFO - Setting next_dagrun for example_trigger_controller_dag to 2021-01-01 00:00:00+00:00, run_after=2021-01-01 00:00:00+00:00
[2025-01-22T12:57:06.700+0000] {processor.py:208} INFO - Processing /usr/local/python/3.12.1/lib/python3.12/site-packages/airflow/example_dags/example_trigger_controller_dag.py took 0.048 seconds
[2025-01-22T12:57:56.200+0000] {processor.py:186} INFO - Started process (PID=8758) to work on /usr/local/python/3.12.1/lib/python3.12/site-packages/airflow/example_dags/example_trigger_controller_dag.py
[2025-01-22T12:57:56.200+0000] {processor.py:914} INFO - Processing file /usr/local/python/3.12.1/lib/python3.12/site-packages/airflow/example_dags/example_trigger_controller_dag.py for tasks to queue
[2025-01-22T12:57:56.202+0000] {logging_mixin.py:190} INFO - [2025-01-22T12:57:56.202+0000] {dagbag.py:588} INFO - Filling up the DagBag from /usr/local/python/3.12.1/lib/python3.12/site-packages/airflow/example_dags/example_trigger_controller_dag.py
[2025-01-22T12:57:56.207+0000] {processor.py:925} INFO - DAG(s) 'example_trigger_controller_dag' retrieved from /usr/local/python/3.12.1/lib/python3.12/site-packages/airflow/example_dags/example_trigger_controller_dag.py
[2025-01-22T12:57:56.217+0000] {logging_mixin.py:190} INFO - [2025-01-22T12:57:56.217+0000] {dag.py:3239} INFO - Sync 1 DAGs
[2025-01-22T12:57:56.231+0000] {logging_mixin.py:190} INFO - [2025-01-22T12:57:56.230+0000] {dag.py:4180} INFO - Setting next_dagrun for example_trigger_controller_dag to 2021-01-01 00:00:00+00:00, run_after=2021-01-01 00:00:00+00:00
[2025-01-22T12:57:56.245+0000] {processor.py:208} INFO - Processing /usr/local/python/3.12.1/lib/python3.12/site-packages/airflow/example_dags/example_trigger_controller_dag.py took 0.049 seconds
[2025-01-22T12:58:46.269+0000] {processor.py:186} INFO - Started process (PID=9182) to work on /usr/local/python/3.12.1/lib/python3.12/site-packages/airflow/example_dags/example_trigger_controller_dag.py
[2025-01-22T12:58:46.270+0000] {processor.py:914} INFO - Processing file /usr/local/python/3.12.1/lib/python3.12/site-packages/airflow/example_dags/example_trigger_controller_dag.py for tasks to queue
[2025-01-22T12:58:46.271+0000] {logging_mixin.py:190} INFO - [2025-01-22T12:58:46.271+0000] {dagbag.py:588} INFO - Filling up the DagBag from /usr/local/python/3.12.1/lib/python3.12/site-packages/airflow/example_dags/example_trigger_controller_dag.py
[2025-01-22T12:58:46.276+0000] {processor.py:925} INFO - DAG(s) 'example_trigger_controller_dag' retrieved from /usr/local/python/3.12.1/lib/python3.12/site-packages/airflow/example_dags/example_trigger_controller_dag.py
[2025-01-22T12:58:46.287+0000] {logging_mixin.py:190} INFO - [2025-01-22T12:58:46.286+0000] {dag.py:3239} INFO - Sync 1 DAGs
[2025-01-22T12:58:46.300+0000] {logging_mixin.py:190} INFO - [2025-01-22T12:58:46.300+0000] {dag.py:4180} INFO - Setting next_dagrun for example_trigger_controller_dag to 2021-01-01 00:00:00+00:00, run_after=2021-01-01 00:00:00+00:00
[2025-01-22T12:58:46.315+0000] {processor.py:208} INFO - Processing /usr/local/python/3.12.1/lib/python3.12/site-packages/airflow/example_dags/example_trigger_controller_dag.py took 0.049 seconds
[2025-01-22T12:59:37.596+0000] {processor.py:186} INFO - Started process (PID=9600) to work on /usr/local/python/3.12.1/lib/python3.12/site-packages/airflow/example_dags/example_trigger_controller_dag.py
[2025-01-22T12:59:37.597+0000] {processor.py:914} INFO - Processing file /usr/local/python/3.12.1/lib/python3.12/site-packages/airflow/example_dags/example_trigger_controller_dag.py for tasks to queue
[2025-01-22T12:59:37.598+0000] {logging_mixin.py:190} INFO - [2025-01-22T12:59:37.598+0000] {dagbag.py:588} INFO - Filling up the DagBag from /usr/local/python/3.12.1/lib/python3.12/site-packages/airflow/example_dags/example_trigger_controller_dag.py
[2025-01-22T12:59:37.603+0000] {processor.py:925} INFO - DAG(s) 'example_trigger_controller_dag' retrieved from /usr/local/python/3.12.1/lib/python3.12/site-packages/airflow/example_dags/example_trigger_controller_dag.py
[2025-01-22T12:59:37.613+0000] {logging_mixin.py:190} INFO - [2025-01-22T12:59:37.613+0000] {dag.py:3239} INFO - Sync 1 DAGs
[2025-01-22T12:59:37.627+0000] {logging_mixin.py:190} INFO - [2025-01-22T12:59:37.627+0000] {dag.py:4180} INFO - Setting next_dagrun for example_trigger_controller_dag to 2021-01-01 00:00:00+00:00, run_after=2021-01-01 00:00:00+00:00
[2025-01-22T12:59:37.641+0000] {processor.py:208} INFO - Processing /usr/local/python/3.12.1/lib/python3.12/site-packages/airflow/example_dags/example_trigger_controller_dag.py took 0.050 seconds
[2025-01-22T13:00:27.732+0000] {processor.py:186} INFO - Started process (PID=10014) to work on /usr/local/python/3.12.1/lib/python3.12/site-packages/airflow/example_dags/example_trigger_controller_dag.py
[2025-01-22T13:00:27.732+0000] {processor.py:914} INFO - Processing file /usr/local/python/3.12.1/lib/python3.12/site-packages/airflow/example_dags/example_trigger_controller_dag.py for tasks to queue
[2025-01-22T13:00:27.734+0000] {logging_mixin.py:190} INFO - [2025-01-22T13:00:27.734+0000] {dagbag.py:588} INFO - Filling up the DagBag from /usr/local/python/3.12.1/lib/python3.12/site-packages/airflow/example_dags/example_trigger_controller_dag.py
[2025-01-22T13:00:27.739+0000] {processor.py:925} INFO - DAG(s) 'example_trigger_controller_dag' retrieved from /usr/local/python/3.12.1/lib/python3.12/site-packages/airflow/example_dags/example_trigger_controller_dag.py
[2025-01-22T13:00:27.749+0000] {logging_mixin.py:190} INFO - [2025-01-22T13:00:27.749+0000] {dag.py:3239} INFO - Sync 1 DAGs
[2025-01-22T13:00:27.762+0000] {logging_mixin.py:190} INFO - [2025-01-22T13:00:27.762+0000] {dag.py:4180} INFO - Setting next_dagrun for example_trigger_controller_dag to 2021-01-01 00:00:00+00:00, run_after=2021-01-01 00:00:00+00:00
[2025-01-22T13:00:27.776+0000] {processor.py:208} INFO - Processing /usr/local/python/3.12.1/lib/python3.12/site-packages/airflow/example_dags/example_trigger_controller_dag.py took 0.048 seconds
[2025-01-22T13:01:20.749+0000] {processor.py:186} INFO - Started process (PID=10413) to work on /usr/local/python/3.12.1/lib/python3.12/site-packages/airflow/example_dags/example_trigger_controller_dag.py
[2025-01-22T13:01:20.749+0000] {processor.py:914} INFO - Processing file /usr/local/python/3.12.1/lib/python3.12/site-packages/airflow/example_dags/example_trigger_controller_dag.py for tasks to queue
[2025-01-22T13:01:20.751+0000] {logging_mixin.py:190} INFO - [2025-01-22T13:01:20.751+0000] {dagbag.py:588} INFO - Filling up the DagBag from /usr/local/python/3.12.1/lib/python3.12/site-packages/airflow/example_dags/example_trigger_controller_dag.py
[2025-01-22T13:01:20.756+0000] {processor.py:925} INFO - DAG(s) 'example_trigger_controller_dag' retrieved from /usr/local/python/3.12.1/lib/python3.12/site-packages/airflow/example_dags/example_trigger_controller_dag.py
[2025-01-22T13:01:20.766+0000] {logging_mixin.py:190} INFO - [2025-01-22T13:01:20.765+0000] {dag.py:3239} INFO - Sync 1 DAGs
[2025-01-22T13:01:20.780+0000] {logging_mixin.py:190} INFO - [2025-01-22T13:01:20.780+0000] {dag.py:4180} INFO - Setting next_dagrun for example_trigger_controller_dag to 2021-01-01 00:00:00+00:00, run_after=2021-01-01 00:00:00+00:00
[2025-01-22T13:01:20.794+0000] {processor.py:208} INFO - Processing /usr/local/python/3.12.1/lib/python3.12/site-packages/airflow/example_dags/example_trigger_controller_dag.py took 0.049 seconds
[2025-01-22T13:02:13.811+0000] {processor.py:186} INFO - Started process (PID=10821) to work on /usr/local/python/3.12.1/lib/python3.12/site-packages/airflow/example_dags/example_trigger_controller_dag.py
[2025-01-22T13:02:13.811+0000] {processor.py:914} INFO - Processing file /usr/local/python/3.12.1/lib/python3.12/site-packages/airflow/example_dags/example_trigger_controller_dag.py for tasks to queue
[2025-01-22T13:02:13.813+0000] {logging_mixin.py:190} INFO - [2025-01-22T13:02:13.813+0000] {dagbag.py:588} INFO - Filling up the DagBag from /usr/local/python/3.12.1/lib/python3.12/site-packages/airflow/example_dags/example_trigger_controller_dag.py
[2025-01-22T13:02:13.818+0000] {processor.py:925} INFO - DAG(s) 'example_trigger_controller_dag' retrieved from /usr/local/python/3.12.1/lib/python3.12/site-packages/airflow/example_dags/example_trigger_controller_dag.py
[2025-01-22T13:02:13.828+0000] {logging_mixin.py:190} INFO - [2025-01-22T13:02:13.828+0000] {dag.py:3239} INFO - Sync 1 DAGs
[2025-01-22T13:02:13.843+0000] {logging_mixin.py:190} INFO - [2025-01-22T13:02:13.843+0000] {dag.py:4180} INFO - Setting next_dagrun for example_trigger_controller_dag to 2021-01-01 00:00:00+00:00, run_after=2021-01-01 00:00:00+00:00
[2025-01-22T13:02:13.857+0000] {processor.py:208} INFO - Processing /usr/local/python/3.12.1/lib/python3.12/site-packages/airflow/example_dags/example_trigger_controller_dag.py took 0.050 seconds
[2025-01-22T13:02:59.056+0000] {processor.py:186} INFO - Started process (PID=11275) to work on /usr/local/python/3.12.1/lib/python3.12/site-packages/airflow/example_dags/example_trigger_controller_dag.py
[2025-01-22T13:02:59.057+0000] {processor.py:914} INFO - Processing file /usr/local/python/3.12.1/lib/python3.12/site-packages/airflow/example_dags/example_trigger_controller_dag.py for tasks to queue
[2025-01-22T13:02:59.059+0000] {logging_mixin.py:190} INFO - [2025-01-22T13:02:59.058+0000] {dagbag.py:588} INFO - Filling up the DagBag from /usr/local/python/3.12.1/lib/python3.12/site-packages/airflow/example_dags/example_trigger_controller_dag.py
[2025-01-22T13:02:59.063+0000] {processor.py:925} INFO - DAG(s) 'example_trigger_controller_dag' retrieved from /usr/local/python/3.12.1/lib/python3.12/site-packages/airflow/example_dags/example_trigger_controller_dag.py
[2025-01-22T13:02:59.074+0000] {logging_mixin.py:190} INFO - [2025-01-22T13:02:59.074+0000] {dag.py:3239} INFO - Sync 1 DAGs
[2025-01-22T13:02:59.088+0000] {logging_mixin.py:190} INFO - [2025-01-22T13:02:59.088+0000] {dag.py:4180} INFO - Setting next_dagrun for example_trigger_controller_dag to 2021-01-01 00:00:00+00:00, run_after=2021-01-01 00:00:00+00:00
[2025-01-22T13:02:59.102+0000] {processor.py:208} INFO - Processing /usr/local/python/3.12.1/lib/python3.12/site-packages/airflow/example_dags/example_trigger_controller_dag.py took 0.049 seconds
[2025-01-22T13:03:49.797+0000] {processor.py:186} INFO - Started process (PID=11701) to work on /usr/local/python/3.12.1/lib/python3.12/site-packages/airflow/example_dags/example_trigger_controller_dag.py
[2025-01-22T13:03:49.797+0000] {processor.py:914} INFO - Processing file /usr/local/python/3.12.1/lib/python3.12/site-packages/airflow/example_dags/example_trigger_controller_dag.py for tasks to queue
[2025-01-22T13:03:49.799+0000] {logging_mixin.py:190} INFO - [2025-01-22T13:03:49.799+0000] {dagbag.py:588} INFO - Filling up the DagBag from /usr/local/python/3.12.1/lib/python3.12/site-packages/airflow/example_dags/example_trigger_controller_dag.py
[2025-01-22T13:03:49.804+0000] {processor.py:925} INFO - DAG(s) 'example_trigger_controller_dag' retrieved from /usr/local/python/3.12.1/lib/python3.12/site-packages/airflow/example_dags/example_trigger_controller_dag.py
[2025-01-22T13:03:49.814+0000] {logging_mixin.py:190} INFO - [2025-01-22T13:03:49.814+0000] {dag.py:3239} INFO - Sync 1 DAGs
[2025-01-22T13:03:49.828+0000] {logging_mixin.py:190} INFO - [2025-01-22T13:03:49.828+0000] {dag.py:4180} INFO - Setting next_dagrun for example_trigger_controller_dag to 2021-01-01 00:00:00+00:00, run_after=2021-01-01 00:00:00+00:00
[2025-01-22T13:03:49.842+0000] {processor.py:208} INFO - Processing /usr/local/python/3.12.1/lib/python3.12/site-packages/airflow/example_dags/example_trigger_controller_dag.py took 0.049 seconds
[2025-01-22T13:04:42.228+0000] {processor.py:186} INFO - Started process (PID=12125) to work on /usr/local/python/3.12.1/lib/python3.12/site-packages/airflow/example_dags/example_trigger_controller_dag.py
[2025-01-22T13:04:42.228+0000] {processor.py:914} INFO - Processing file /usr/local/python/3.12.1/lib/python3.12/site-packages/airflow/example_dags/example_trigger_controller_dag.py for tasks to queue
[2025-01-22T13:04:42.230+0000] {logging_mixin.py:190} INFO - [2025-01-22T13:04:42.230+0000] {dagbag.py:588} INFO - Filling up the DagBag from /usr/local/python/3.12.1/lib/python3.12/site-packages/airflow/example_dags/example_trigger_controller_dag.py
[2025-01-22T13:04:42.235+0000] {processor.py:925} INFO - DAG(s) 'example_trigger_controller_dag' retrieved from /usr/local/python/3.12.1/lib/python3.12/site-packages/airflow/example_dags/example_trigger_controller_dag.py
[2025-01-22T13:04:42.245+0000] {logging_mixin.py:190} INFO - [2025-01-22T13:04:42.245+0000] {dag.py:3239} INFO - Sync 1 DAGs
[2025-01-22T13:04:42.259+0000] {logging_mixin.py:190} INFO - [2025-01-22T13:04:42.259+0000] {dag.py:4180} INFO - Setting next_dagrun for example_trigger_controller_dag to 2021-01-01 00:00:00+00:00, run_after=2021-01-01 00:00:00+00:00
[2025-01-22T13:04:42.273+0000] {processor.py:208} INFO - Processing /usr/local/python/3.12.1/lib/python3.12/site-packages/airflow/example_dags/example_trigger_controller_dag.py took 0.049 seconds
[2025-01-22T13:05:32.840+0000] {processor.py:186} INFO - Started process (PID=12551) to work on /usr/local/python/3.12.1/lib/python3.12/site-packages/airflow/example_dags/example_trigger_controller_dag.py
[2025-01-22T13:05:32.841+0000] {processor.py:914} INFO - Processing file /usr/local/python/3.12.1/lib/python3.12/site-packages/airflow/example_dags/example_trigger_controller_dag.py for tasks to queue
[2025-01-22T13:05:32.842+0000] {logging_mixin.py:190} INFO - [2025-01-22T13:05:32.842+0000] {dagbag.py:588} INFO - Filling up the DagBag from /usr/local/python/3.12.1/lib/python3.12/site-packages/airflow/example_dags/example_trigger_controller_dag.py
[2025-01-22T13:05:32.847+0000] {processor.py:925} INFO - DAG(s) 'example_trigger_controller_dag' retrieved from /usr/local/python/3.12.1/lib/python3.12/site-packages/airflow/example_dags/example_trigger_controller_dag.py
[2025-01-22T13:05:32.857+0000] {logging_mixin.py:190} INFO - [2025-01-22T13:05:32.857+0000] {dag.py:3239} INFO - Sync 1 DAGs
[2025-01-22T13:05:32.872+0000] {logging_mixin.py:190} INFO - [2025-01-22T13:05:32.872+0000] {dag.py:4180} INFO - Setting next_dagrun for example_trigger_controller_dag to 2021-01-01 00:00:00+00:00, run_after=2021-01-01 00:00:00+00:00
[2025-01-22T13:05:32.886+0000] {processor.py:208} INFO - Processing /usr/local/python/3.12.1/lib/python3.12/site-packages/airflow/example_dags/example_trigger_controller_dag.py took 0.050 seconds
[2025-01-22T13:06:23.087+0000] {processor.py:186} INFO - Started process (PID=12971) to work on /usr/local/python/3.12.1/lib/python3.12/site-packages/airflow/example_dags/example_trigger_controller_dag.py
[2025-01-22T13:06:23.088+0000] {processor.py:914} INFO - Processing file /usr/local/python/3.12.1/lib/python3.12/site-packages/airflow/example_dags/example_trigger_controller_dag.py for tasks to queue
[2025-01-22T13:06:23.089+0000] {logging_mixin.py:190} INFO - [2025-01-22T13:06:23.089+0000] {dagbag.py:588} INFO - Filling up the DagBag from /usr/local/python/3.12.1/lib/python3.12/site-packages/airflow/example_dags/example_trigger_controller_dag.py
[2025-01-22T13:06:23.094+0000] {processor.py:925} INFO - DAG(s) 'example_trigger_controller_dag' retrieved from /usr/local/python/3.12.1/lib/python3.12/site-packages/airflow/example_dags/example_trigger_controller_dag.py
[2025-01-22T13:06:23.105+0000] {logging_mixin.py:190} INFO - [2025-01-22T13:06:23.105+0000] {dag.py:3239} INFO - Sync 1 DAGs
[2025-01-22T13:06:23.118+0000] {logging_mixin.py:190} INFO - [2025-01-22T13:06:23.118+0000] {dag.py:4180} INFO - Setting next_dagrun for example_trigger_controller_dag to 2021-01-01 00:00:00+00:00, run_after=2021-01-01 00:00:00+00:00
[2025-01-22T13:06:23.133+0000] {processor.py:208} INFO - Processing /usr/local/python/3.12.1/lib/python3.12/site-packages/airflow/example_dags/example_trigger_controller_dag.py took 0.049 seconds
[2025-01-22T13:07:11.322+0000] {processor.py:186} INFO - Started process (PID=13299) to work on /usr/local/python/3.12.1/lib/python3.12/site-packages/airflow/example_dags/example_trigger_controller_dag.py
[2025-01-22T13:07:11.322+0000] {processor.py:914} INFO - Processing file /usr/local/python/3.12.1/lib/python3.12/site-packages/airflow/example_dags/example_trigger_controller_dag.py for tasks to queue
[2025-01-22T13:07:11.324+0000] {logging_mixin.py:190} INFO - [2025-01-22T13:07:11.323+0000] {dagbag.py:588} INFO - Filling up the DagBag from /usr/local/python/3.12.1/lib/python3.12/site-packages/airflow/example_dags/example_trigger_controller_dag.py
[2025-01-22T13:07:11.329+0000] {processor.py:925} INFO - DAG(s) 'example_trigger_controller_dag' retrieved from /usr/local/python/3.12.1/lib/python3.12/site-packages/airflow/example_dags/example_trigger_controller_dag.py
[2025-01-22T13:07:11.339+0000] {logging_mixin.py:190} INFO - [2025-01-22T13:07:11.339+0000] {dag.py:3239} INFO - Sync 1 DAGs
[2025-01-22T13:07:11.354+0000] {logging_mixin.py:190} INFO - [2025-01-22T13:07:11.353+0000] {dag.py:4180} INFO - Setting next_dagrun for example_trigger_controller_dag to 2021-01-01 00:00:00+00:00, run_after=2021-01-01 00:00:00+00:00
[2025-01-22T13:07:11.368+0000] {processor.py:208} INFO - Processing /usr/local/python/3.12.1/lib/python3.12/site-packages/airflow/example_dags/example_trigger_controller_dag.py took 0.051 seconds
[2025-01-22T13:08:05.555+0000] {processor.py:186} INFO - Started process (PID=13829) to work on /usr/local/python/3.12.1/lib/python3.12/site-packages/airflow/example_dags/example_trigger_controller_dag.py
[2025-01-22T13:08:05.555+0000] {processor.py:914} INFO - Processing file /usr/local/python/3.12.1/lib/python3.12/site-packages/airflow/example_dags/example_trigger_controller_dag.py for tasks to queue
[2025-01-22T13:08:05.557+0000] {logging_mixin.py:190} INFO - [2025-01-22T13:08:05.557+0000] {dagbag.py:588} INFO - Filling up the DagBag from /usr/local/python/3.12.1/lib/python3.12/site-packages/airflow/example_dags/example_trigger_controller_dag.py
[2025-01-22T13:08:05.562+0000] {processor.py:925} INFO - DAG(s) 'example_trigger_controller_dag' retrieved from /usr/local/python/3.12.1/lib/python3.12/site-packages/airflow/example_dags/example_trigger_controller_dag.py
[2025-01-22T13:08:05.572+0000] {logging_mixin.py:190} INFO - [2025-01-22T13:08:05.572+0000] {dag.py:3239} INFO - Sync 1 DAGs
[2025-01-22T13:08:05.586+0000] {logging_mixin.py:190} INFO - [2025-01-22T13:08:05.586+0000] {dag.py:4180} INFO - Setting next_dagrun for example_trigger_controller_dag to 2021-01-01 00:00:00+00:00, run_after=2021-01-01 00:00:00+00:00
[2025-01-22T13:08:05.600+0000] {processor.py:208} INFO - Processing /usr/local/python/3.12.1/lib/python3.12/site-packages/airflow/example_dags/example_trigger_controller_dag.py took 0.050 seconds
[2025-01-22T13:08:57.954+0000] {processor.py:186} INFO - Started process (PID=14440) to work on /usr/local/python/3.12.1/lib/python3.12/site-packages/airflow/example_dags/example_trigger_controller_dag.py
[2025-01-22T13:08:57.955+0000] {processor.py:914} INFO - Processing file /usr/local/python/3.12.1/lib/python3.12/site-packages/airflow/example_dags/example_trigger_controller_dag.py for tasks to queue
[2025-01-22T13:08:57.956+0000] {logging_mixin.py:190} INFO - [2025-01-22T13:08:57.956+0000] {dagbag.py:588} INFO - Filling up the DagBag from /usr/local/python/3.12.1/lib/python3.12/site-packages/airflow/example_dags/example_trigger_controller_dag.py
[2025-01-22T13:08:57.961+0000] {processor.py:925} INFO - DAG(s) 'example_trigger_controller_dag' retrieved from /usr/local/python/3.12.1/lib/python3.12/site-packages/airflow/example_dags/example_trigger_controller_dag.py
[2025-01-22T13:08:57.972+0000] {logging_mixin.py:190} INFO - [2025-01-22T13:08:57.972+0000] {dag.py:3239} INFO - Sync 1 DAGs
[2025-01-22T13:08:57.987+0000] {logging_mixin.py:190} INFO - [2025-01-22T13:08:57.986+0000] {dag.py:4180} INFO - Setting next_dagrun for example_trigger_controller_dag to 2021-01-01 00:00:00+00:00, run_after=2021-01-01 00:00:00+00:00
[2025-01-22T13:08:58.001+0000] {processor.py:208} INFO - Processing /usr/local/python/3.12.1/lib/python3.12/site-packages/airflow/example_dags/example_trigger_controller_dag.py took 0.051 seconds
[2025-01-22T13:09:46.779+0000] {processor.py:186} INFO - Started process (PID=14849) to work on /usr/local/python/3.12.1/lib/python3.12/site-packages/airflow/example_dags/example_trigger_controller_dag.py
[2025-01-22T13:09:46.780+0000] {processor.py:914} INFO - Processing file /usr/local/python/3.12.1/lib/python3.12/site-packages/airflow/example_dags/example_trigger_controller_dag.py for tasks to queue
[2025-01-22T13:09:46.782+0000] {logging_mixin.py:190} INFO - [2025-01-22T13:09:46.781+0000] {dagbag.py:588} INFO - Filling up the DagBag from /usr/local/python/3.12.1/lib/python3.12/site-packages/airflow/example_dags/example_trigger_controller_dag.py
[2025-01-22T13:09:46.789+0000] {processor.py:925} INFO - DAG(s) 'example_trigger_controller_dag' retrieved from /usr/local/python/3.12.1/lib/python3.12/site-packages/airflow/example_dags/example_trigger_controller_dag.py
[2025-01-22T13:09:46.805+0000] {logging_mixin.py:190} INFO - [2025-01-22T13:09:46.804+0000] {dag.py:3239} INFO - Sync 1 DAGs
[2025-01-22T13:09:46.820+0000] {logging_mixin.py:190} INFO - [2025-01-22T13:09:46.820+0000] {dag.py:4180} INFO - Setting next_dagrun for example_trigger_controller_dag to 2021-01-01 00:00:00+00:00, run_after=2021-01-01 00:00:00+00:00
[2025-01-22T13:09:46.834+0000] {processor.py:208} INFO - Processing /usr/local/python/3.12.1/lib/python3.12/site-packages/airflow/example_dags/example_trigger_controller_dag.py took 0.059 seconds
[2025-01-22T13:10:36.714+0000] {processor.py:186} INFO - Started process (PID=15264) to work on /usr/local/python/3.12.1/lib/python3.12/site-packages/airflow/example_dags/example_trigger_controller_dag.py
[2025-01-22T13:10:36.715+0000] {processor.py:914} INFO - Processing file /usr/local/python/3.12.1/lib/python3.12/site-packages/airflow/example_dags/example_trigger_controller_dag.py for tasks to queue
[2025-01-22T13:10:36.717+0000] {logging_mixin.py:190} INFO - [2025-01-22T13:10:36.716+0000] {dagbag.py:588} INFO - Filling up the DagBag from /usr/local/python/3.12.1/lib/python3.12/site-packages/airflow/example_dags/example_trigger_controller_dag.py
[2025-01-22T13:10:36.722+0000] {processor.py:925} INFO - DAG(s) 'example_trigger_controller_dag' retrieved from /usr/local/python/3.12.1/lib/python3.12/site-packages/airflow/example_dags/example_trigger_controller_dag.py
[2025-01-22T13:10:36.732+0000] {logging_mixin.py:190} INFO - [2025-01-22T13:10:36.732+0000] {dag.py:3239} INFO - Sync 1 DAGs
[2025-01-22T13:10:36.746+0000] {logging_mixin.py:190} INFO - [2025-01-22T13:10:36.746+0000] {dag.py:4180} INFO - Setting next_dagrun for example_trigger_controller_dag to 2021-01-01 00:00:00+00:00, run_after=2021-01-01 00:00:00+00:00
[2025-01-22T13:10:36.760+0000] {processor.py:208} INFO - Processing /usr/local/python/3.12.1/lib/python3.12/site-packages/airflow/example_dags/example_trigger_controller_dag.py took 0.050 seconds
[2025-01-22T13:11:25.857+0000] {processor.py:186} INFO - Started process (PID=15652) to work on /usr/local/python/3.12.1/lib/python3.12/site-packages/airflow/example_dags/example_trigger_controller_dag.py
[2025-01-22T13:11:25.857+0000] {processor.py:914} INFO - Processing file /usr/local/python/3.12.1/lib/python3.12/site-packages/airflow/example_dags/example_trigger_controller_dag.py for tasks to queue
[2025-01-22T13:11:25.860+0000] {logging_mixin.py:190} INFO - [2025-01-22T13:11:25.859+0000] {dagbag.py:588} INFO - Filling up the DagBag from /usr/local/python/3.12.1/lib/python3.12/site-packages/airflow/example_dags/example_trigger_controller_dag.py
[2025-01-22T13:11:25.865+0000] {processor.py:925} INFO - DAG(s) 'example_trigger_controller_dag' retrieved from /usr/local/python/3.12.1/lib/python3.12/site-packages/airflow/example_dags/example_trigger_controller_dag.py
[2025-01-22T13:11:25.876+0000] {logging_mixin.py:190} INFO - [2025-01-22T13:11:25.876+0000] {dag.py:3239} INFO - Sync 1 DAGs
[2025-01-22T13:11:25.890+0000] {logging_mixin.py:190} INFO - [2025-01-22T13:11:25.889+0000] {dag.py:4180} INFO - Setting next_dagrun for example_trigger_controller_dag to 2021-01-01 00:00:00+00:00, run_after=2021-01-01 00:00:00+00:00
[2025-01-22T13:11:25.904+0000] {processor.py:208} INFO - Processing /usr/local/python/3.12.1/lib/python3.12/site-packages/airflow/example_dags/example_trigger_controller_dag.py took 0.053 seconds
[2025-01-22T13:12:17.166+0000] {processor.py:186} INFO - Started process (PID=16021) to work on /usr/local/python/3.12.1/lib/python3.12/site-packages/airflow/example_dags/example_trigger_controller_dag.py
[2025-01-22T13:12:17.167+0000] {processor.py:914} INFO - Processing file /usr/local/python/3.12.1/lib/python3.12/site-packages/airflow/example_dags/example_trigger_controller_dag.py for tasks to queue
[2025-01-22T13:12:17.168+0000] {logging_mixin.py:190} INFO - [2025-01-22T13:12:17.168+0000] {dagbag.py:588} INFO - Filling up the DagBag from /usr/local/python/3.12.1/lib/python3.12/site-packages/airflow/example_dags/example_trigger_controller_dag.py
[2025-01-22T13:12:17.173+0000] {processor.py:925} INFO - DAG(s) 'example_trigger_controller_dag' retrieved from /usr/local/python/3.12.1/lib/python3.12/site-packages/airflow/example_dags/example_trigger_controller_dag.py
[2025-01-22T13:12:17.184+0000] {logging_mixin.py:190} INFO - [2025-01-22T13:12:17.183+0000] {dag.py:3239} INFO - Sync 1 DAGs
[2025-01-22T13:12:17.198+0000] {logging_mixin.py:190} INFO - [2025-01-22T13:12:17.197+0000] {dag.py:4180} INFO - Setting next_dagrun for example_trigger_controller_dag to 2021-01-01 00:00:00+00:00, run_after=2021-01-01 00:00:00+00:00
[2025-01-22T13:12:17.213+0000] {processor.py:208} INFO - Processing /usr/local/python/3.12.1/lib/python3.12/site-packages/airflow/example_dags/example_trigger_controller_dag.py took 0.051 seconds
[2025-01-22T13:13:08.551+0000] {processor.py:186} INFO - Started process (PID=16500) to work on /usr/local/python/3.12.1/lib/python3.12/site-packages/airflow/example_dags/example_trigger_controller_dag.py
[2025-01-22T13:13:08.552+0000] {processor.py:914} INFO - Processing file /usr/local/python/3.12.1/lib/python3.12/site-packages/airflow/example_dags/example_trigger_controller_dag.py for tasks to queue
[2025-01-22T13:13:08.553+0000] {logging_mixin.py:190} INFO - [2025-01-22T13:13:08.553+0000] {dagbag.py:588} INFO - Filling up the DagBag from /usr/local/python/3.12.1/lib/python3.12/site-packages/airflow/example_dags/example_trigger_controller_dag.py
[2025-01-22T13:13:08.558+0000] {processor.py:925} INFO - DAG(s) 'example_trigger_controller_dag' retrieved from /usr/local/python/3.12.1/lib/python3.12/site-packages/airflow/example_dags/example_trigger_controller_dag.py
[2025-01-22T13:13:08.568+0000] {logging_mixin.py:190} INFO - [2025-01-22T13:13:08.568+0000] {dag.py:3239} INFO - Sync 1 DAGs
[2025-01-22T13:13:08.581+0000] {logging_mixin.py:190} INFO - [2025-01-22T13:13:08.581+0000] {dag.py:4180} INFO - Setting next_dagrun for example_trigger_controller_dag to 2021-01-01 00:00:00+00:00, run_after=2021-01-01 00:00:00+00:00
[2025-01-22T13:13:08.596+0000] {processor.py:208} INFO - Processing /usr/local/python/3.12.1/lib/python3.12/site-packages/airflow/example_dags/example_trigger_controller_dag.py took 0.049 seconds
[2025-01-22T13:14:00.804+0000] {processor.py:186} INFO - Started process (PID=16952) to work on /usr/local/python/3.12.1/lib/python3.12/site-packages/airflow/example_dags/example_trigger_controller_dag.py
[2025-01-22T13:14:00.805+0000] {processor.py:914} INFO - Processing file /usr/local/python/3.12.1/lib/python3.12/site-packages/airflow/example_dags/example_trigger_controller_dag.py for tasks to queue
[2025-01-22T13:14:00.806+0000] {logging_mixin.py:190} INFO - [2025-01-22T13:14:00.806+0000] {dagbag.py:588} INFO - Filling up the DagBag from /usr/local/python/3.12.1/lib/python3.12/site-packages/airflow/example_dags/example_trigger_controller_dag.py
[2025-01-22T13:14:00.811+0000] {processor.py:925} INFO - DAG(s) 'example_trigger_controller_dag' retrieved from /usr/local/python/3.12.1/lib/python3.12/site-packages/airflow/example_dags/example_trigger_controller_dag.py
[2025-01-22T13:14:00.822+0000] {logging_mixin.py:190} INFO - [2025-01-22T13:14:00.822+0000] {dag.py:3239} INFO - Sync 1 DAGs
[2025-01-22T13:14:00.836+0000] {logging_mixin.py:190} INFO - [2025-01-22T13:14:00.836+0000] {dag.py:4180} INFO - Setting next_dagrun for example_trigger_controller_dag to 2021-01-01 00:00:00+00:00, run_after=2021-01-01 00:00:00+00:00
[2025-01-22T13:14:00.850+0000] {processor.py:208} INFO - Processing /usr/local/python/3.12.1/lib/python3.12/site-packages/airflow/example_dags/example_trigger_controller_dag.py took 0.050 seconds
[2025-01-22T13:14:53.798+0000] {processor.py:186} INFO - Started process (PID=17385) to work on /usr/local/python/3.12.1/lib/python3.12/site-packages/airflow/example_dags/example_trigger_controller_dag.py
[2025-01-22T13:14:53.799+0000] {processor.py:914} INFO - Processing file /usr/local/python/3.12.1/lib/python3.12/site-packages/airflow/example_dags/example_trigger_controller_dag.py for tasks to queue
[2025-01-22T13:14:53.800+0000] {logging_mixin.py:190} INFO - [2025-01-22T13:14:53.800+0000] {dagbag.py:588} INFO - Filling up the DagBag from /usr/local/python/3.12.1/lib/python3.12/site-packages/airflow/example_dags/example_trigger_controller_dag.py
[2025-01-22T13:14:53.805+0000] {processor.py:925} INFO - DAG(s) 'example_trigger_controller_dag' retrieved from /usr/local/python/3.12.1/lib/python3.12/site-packages/airflow/example_dags/example_trigger_controller_dag.py
[2025-01-22T13:14:53.816+0000] {logging_mixin.py:190} INFO - [2025-01-22T13:14:53.816+0000] {dag.py:3239} INFO - Sync 1 DAGs
[2025-01-22T13:14:53.830+0000] {logging_mixin.py:190} INFO - [2025-01-22T13:14:53.830+0000] {dag.py:4180} INFO - Setting next_dagrun for example_trigger_controller_dag to 2021-01-01 00:00:00+00:00, run_after=2021-01-01 00:00:00+00:00
[2025-01-22T13:14:53.845+0000] {processor.py:208} INFO - Processing /usr/local/python/3.12.1/lib/python3.12/site-packages/airflow/example_dags/example_trigger_controller_dag.py took 0.051 seconds
[2025-01-22T13:15:42.594+0000] {processor.py:186} INFO - Started process (PID=17799) to work on /usr/local/python/3.12.1/lib/python3.12/site-packages/airflow/example_dags/example_trigger_controller_dag.py
[2025-01-22T13:15:42.595+0000] {processor.py:914} INFO - Processing file /usr/local/python/3.12.1/lib/python3.12/site-packages/airflow/example_dags/example_trigger_controller_dag.py for tasks to queue
[2025-01-22T13:15:42.597+0000] {logging_mixin.py:190} INFO - [2025-01-22T13:15:42.597+0000] {dagbag.py:588} INFO - Filling up the DagBag from /usr/local/python/3.12.1/lib/python3.12/site-packages/airflow/example_dags/example_trigger_controller_dag.py
[2025-01-22T13:15:42.604+0000] {processor.py:925} INFO - DAG(s) 'example_trigger_controller_dag' retrieved from /usr/local/python/3.12.1/lib/python3.12/site-packages/airflow/example_dags/example_trigger_controller_dag.py
[2025-01-22T13:15:42.618+0000] {logging_mixin.py:190} INFO - [2025-01-22T13:15:42.618+0000] {dag.py:3239} INFO - Sync 1 DAGs
[2025-01-22T13:15:42.635+0000] {logging_mixin.py:190} INFO - [2025-01-22T13:15:42.635+0000] {dag.py:4180} INFO - Setting next_dagrun for example_trigger_controller_dag to 2021-01-01 00:00:00+00:00, run_after=2021-01-01 00:00:00+00:00
[2025-01-22T13:15:42.649+0000] {processor.py:208} INFO - Processing /usr/local/python/3.12.1/lib/python3.12/site-packages/airflow/example_dags/example_trigger_controller_dag.py took 0.060 seconds
[2025-01-22T13:16:31.993+0000] {processor.py:186} INFO - Started process (PID=18190) to work on /usr/local/python/3.12.1/lib/python3.12/site-packages/airflow/example_dags/example_trigger_controller_dag.py
[2025-01-22T13:16:31.994+0000] {processor.py:914} INFO - Processing file /usr/local/python/3.12.1/lib/python3.12/site-packages/airflow/example_dags/example_trigger_controller_dag.py for tasks to queue
[2025-01-22T13:16:31.995+0000] {logging_mixin.py:190} INFO - [2025-01-22T13:16:31.995+0000] {dagbag.py:588} INFO - Filling up the DagBag from /usr/local/python/3.12.1/lib/python3.12/site-packages/airflow/example_dags/example_trigger_controller_dag.py
[2025-01-22T13:16:32.001+0000] {processor.py:925} INFO - DAG(s) 'example_trigger_controller_dag' retrieved from /usr/local/python/3.12.1/lib/python3.12/site-packages/airflow/example_dags/example_trigger_controller_dag.py
[2025-01-22T13:16:32.011+0000] {logging_mixin.py:190} INFO - [2025-01-22T13:16:32.011+0000] {dag.py:3239} INFO - Sync 1 DAGs
[2025-01-22T13:16:32.025+0000] {logging_mixin.py:190} INFO - [2025-01-22T13:16:32.025+0000] {dag.py:4180} INFO - Setting next_dagrun for example_trigger_controller_dag to 2021-01-01 00:00:00+00:00, run_after=2021-01-01 00:00:00+00:00
[2025-01-22T13:16:32.040+0000] {processor.py:208} INFO - Processing /usr/local/python/3.12.1/lib/python3.12/site-packages/airflow/example_dags/example_trigger_controller_dag.py took 0.050 seconds
[2025-01-22T13:17:25.265+0000] {processor.py:186} INFO - Started process (PID=18651) to work on /usr/local/python/3.12.1/lib/python3.12/site-packages/airflow/example_dags/example_trigger_controller_dag.py
[2025-01-22T13:17:25.266+0000] {processor.py:914} INFO - Processing file /usr/local/python/3.12.1/lib/python3.12/site-packages/airflow/example_dags/example_trigger_controller_dag.py for tasks to queue
[2025-01-22T13:17:25.268+0000] {logging_mixin.py:190} INFO - [2025-01-22T13:17:25.267+0000] {dagbag.py:588} INFO - Filling up the DagBag from /usr/local/python/3.12.1/lib/python3.12/site-packages/airflow/example_dags/example_trigger_controller_dag.py
[2025-01-22T13:17:25.275+0000] {processor.py:925} INFO - DAG(s) 'example_trigger_controller_dag' retrieved from /usr/local/python/3.12.1/lib/python3.12/site-packages/airflow/example_dags/example_trigger_controller_dag.py
[2025-01-22T13:17:25.286+0000] {logging_mixin.py:190} INFO - [2025-01-22T13:17:25.285+0000] {dag.py:3239} INFO - Sync 1 DAGs
[2025-01-22T13:17:25.300+0000] {logging_mixin.py:190} INFO - [2025-01-22T13:17:25.300+0000] {dag.py:4180} INFO - Setting next_dagrun for example_trigger_controller_dag to 2021-01-01 00:00:00+00:00, run_after=2021-01-01 00:00:00+00:00
[2025-01-22T13:17:25.314+0000] {processor.py:208} INFO - Processing /usr/local/python/3.12.1/lib/python3.12/site-packages/airflow/example_dags/example_trigger_controller_dag.py took 0.055 seconds
[2025-01-22T13:18:16.593+0000] {processor.py:186} INFO - Started process (PID=19069) to work on /usr/local/python/3.12.1/lib/python3.12/site-packages/airflow/example_dags/example_trigger_controller_dag.py
[2025-01-22T13:18:16.593+0000] {processor.py:914} INFO - Processing file /usr/local/python/3.12.1/lib/python3.12/site-packages/airflow/example_dags/example_trigger_controller_dag.py for tasks to queue
[2025-01-22T13:18:16.595+0000] {logging_mixin.py:190} INFO - [2025-01-22T13:18:16.595+0000] {dagbag.py:588} INFO - Filling up the DagBag from /usr/local/python/3.12.1/lib/python3.12/site-packages/airflow/example_dags/example_trigger_controller_dag.py
[2025-01-22T13:18:16.601+0000] {processor.py:925} INFO - DAG(s) 'example_trigger_controller_dag' retrieved from /usr/local/python/3.12.1/lib/python3.12/site-packages/airflow/example_dags/example_trigger_controller_dag.py
[2025-01-22T13:18:16.613+0000] {logging_mixin.py:190} INFO - [2025-01-22T13:18:16.613+0000] {dag.py:3239} INFO - Sync 1 DAGs
[2025-01-22T13:18:16.628+0000] {logging_mixin.py:190} INFO - [2025-01-22T13:18:16.628+0000] {dag.py:4180} INFO - Setting next_dagrun for example_trigger_controller_dag to 2021-01-01 00:00:00+00:00, run_after=2021-01-01 00:00:00+00:00
[2025-01-22T13:18:16.643+0000] {processor.py:208} INFO - Processing /usr/local/python/3.12.1/lib/python3.12/site-packages/airflow/example_dags/example_trigger_controller_dag.py took 0.054 seconds
[2025-01-22T13:19:04.928+0000] {processor.py:186} INFO - Started process (PID=19826) to work on /usr/local/python/3.12.1/lib/python3.12/site-packages/airflow/example_dags/example_trigger_controller_dag.py
[2025-01-22T13:19:04.928+0000] {processor.py:914} INFO - Processing file /usr/local/python/3.12.1/lib/python3.12/site-packages/airflow/example_dags/example_trigger_controller_dag.py for tasks to queue
[2025-01-22T13:19:04.930+0000] {logging_mixin.py:190} INFO - [2025-01-22T13:19:04.930+0000] {dagbag.py:588} INFO - Filling up the DagBag from /usr/local/python/3.12.1/lib/python3.12/site-packages/airflow/example_dags/example_trigger_controller_dag.py
[2025-01-22T13:19:04.935+0000] {processor.py:925} INFO - DAG(s) 'example_trigger_controller_dag' retrieved from /usr/local/python/3.12.1/lib/python3.12/site-packages/airflow/example_dags/example_trigger_controller_dag.py
[2025-01-22T13:19:04.945+0000] {logging_mixin.py:190} INFO - [2025-01-22T13:19:04.945+0000] {dag.py:3239} INFO - Sync 1 DAGs
[2025-01-22T13:19:04.959+0000] {logging_mixin.py:190} INFO - [2025-01-22T13:19:04.959+0000] {dag.py:4180} INFO - Setting next_dagrun for example_trigger_controller_dag to 2021-01-01 00:00:00+00:00, run_after=2021-01-01 00:00:00+00:00
[2025-01-22T13:19:04.974+0000] {processor.py:208} INFO - Processing /usr/local/python/3.12.1/lib/python3.12/site-packages/airflow/example_dags/example_trigger_controller_dag.py took 0.050 seconds
[2025-01-22T13:19:55.607+0000] {processor.py:186} INFO - Started process (PID=20786) to work on /usr/local/python/3.12.1/lib/python3.12/site-packages/airflow/example_dags/example_trigger_controller_dag.py
[2025-01-22T13:19:55.607+0000] {processor.py:914} INFO - Processing file /usr/local/python/3.12.1/lib/python3.12/site-packages/airflow/example_dags/example_trigger_controller_dag.py for tasks to queue
[2025-01-22T13:19:55.609+0000] {logging_mixin.py:190} INFO - [2025-01-22T13:19:55.609+0000] {dagbag.py:588} INFO - Filling up the DagBag from /usr/local/python/3.12.1/lib/python3.12/site-packages/airflow/example_dags/example_trigger_controller_dag.py
[2025-01-22T13:19:55.614+0000] {processor.py:925} INFO - DAG(s) 'example_trigger_controller_dag' retrieved from /usr/local/python/3.12.1/lib/python3.12/site-packages/airflow/example_dags/example_trigger_controller_dag.py
[2025-01-22T13:19:55.624+0000] {logging_mixin.py:190} INFO - [2025-01-22T13:19:55.624+0000] {dag.py:3239} INFO - Sync 1 DAGs
[2025-01-22T13:19:55.638+0000] {logging_mixin.py:190} INFO - [2025-01-22T13:19:55.638+0000] {dag.py:4180} INFO - Setting next_dagrun for example_trigger_controller_dag to 2021-01-01 00:00:00+00:00, run_after=2021-01-01 00:00:00+00:00
[2025-01-22T13:19:55.652+0000] {processor.py:208} INFO - Processing /usr/local/python/3.12.1/lib/python3.12/site-packages/airflow/example_dags/example_trigger_controller_dag.py took 0.049 seconds
[2025-01-22T13:20:45.092+0000] {processor.py:186} INFO - Started process (PID=21444) to work on /usr/local/python/3.12.1/lib/python3.12/site-packages/airflow/example_dags/example_trigger_controller_dag.py
[2025-01-22T13:20:45.094+0000] {processor.py:914} INFO - Processing file /usr/local/python/3.12.1/lib/python3.12/site-packages/airflow/example_dags/example_trigger_controller_dag.py for tasks to queue
[2025-01-22T13:20:45.096+0000] {logging_mixin.py:190} INFO - [2025-01-22T13:20:45.095+0000] {dagbag.py:588} INFO - Filling up the DagBag from /usr/local/python/3.12.1/lib/python3.12/site-packages/airflow/example_dags/example_trigger_controller_dag.py
[2025-01-22T13:20:45.103+0000] {processor.py:925} INFO - DAG(s) 'example_trigger_controller_dag' retrieved from /usr/local/python/3.12.1/lib/python3.12/site-packages/airflow/example_dags/example_trigger_controller_dag.py
[2025-01-22T13:20:45.117+0000] {logging_mixin.py:190} INFO - [2025-01-22T13:20:45.116+0000] {dag.py:3239} INFO - Sync 1 DAGs
[2025-01-22T13:20:45.131+0000] {logging_mixin.py:190} INFO - [2025-01-22T13:20:45.130+0000] {dag.py:4180} INFO - Setting next_dagrun for example_trigger_controller_dag to 2021-01-01 00:00:00+00:00, run_after=2021-01-01 00:00:00+00:00
[2025-01-22T13:20:45.144+0000] {processor.py:208} INFO - Processing /usr/local/python/3.12.1/lib/python3.12/site-packages/airflow/example_dags/example_trigger_controller_dag.py took 0.058 seconds
[2025-01-22T13:21:34.016+0000] {processor.py:186} INFO - Started process (PID=21938) to work on /usr/local/python/3.12.1/lib/python3.12/site-packages/airflow/example_dags/example_trigger_controller_dag.py
[2025-01-22T13:21:34.017+0000] {processor.py:914} INFO - Processing file /usr/local/python/3.12.1/lib/python3.12/site-packages/airflow/example_dags/example_trigger_controller_dag.py for tasks to queue
[2025-01-22T13:21:34.018+0000] {logging_mixin.py:190} INFO - [2025-01-22T13:21:34.018+0000] {dagbag.py:588} INFO - Filling up the DagBag from /usr/local/python/3.12.1/lib/python3.12/site-packages/airflow/example_dags/example_trigger_controller_dag.py
[2025-01-22T13:21:34.023+0000] {processor.py:925} INFO - DAG(s) 'example_trigger_controller_dag' retrieved from /usr/local/python/3.12.1/lib/python3.12/site-packages/airflow/example_dags/example_trigger_controller_dag.py
[2025-01-22T13:21:34.034+0000] {logging_mixin.py:190} INFO - [2025-01-22T13:21:34.034+0000] {dag.py:3239} INFO - Sync 1 DAGs
[2025-01-22T13:21:34.047+0000] {logging_mixin.py:190} INFO - [2025-01-22T13:21:34.047+0000] {dag.py:4180} INFO - Setting next_dagrun for example_trigger_controller_dag to 2021-01-01 00:00:00+00:00, run_after=2021-01-01 00:00:00+00:00
[2025-01-22T13:21:34.061+0000] {processor.py:208} INFO - Processing /usr/local/python/3.12.1/lib/python3.12/site-packages/airflow/example_dags/example_trigger_controller_dag.py took 0.049 seconds
