[2025-01-22T12:53:04.737+0000] {processor.py:186} INFO - Started process (PID=5726) to work on /usr/local/python/3.12.1/lib/python3.12/site-packages/airflow/example_dags/example_latest_only_with_trigger.py
[2025-01-22T12:53:04.737+0000] {processor.py:914} INFO - Processing file /usr/local/python/3.12.1/lib/python3.12/site-packages/airflow/example_dags/example_latest_only_with_trigger.py for tasks to queue
[2025-01-22T12:53:04.739+0000] {logging_mixin.py:190} INFO - [2025-01-22T12:53:04.738+0000] {dagbag.py:588} INFO - Filling up the DagBag from /usr/local/python/3.12.1/lib/python3.12/site-packages/airflow/example_dags/example_latest_only_with_trigger.py
[2025-01-22T12:53:04.744+0000] {processor.py:925} INFO - DAG(s) 'latest_only_with_trigger' retrieved from /usr/local/python/3.12.1/lib/python3.12/site-packages/airflow/example_dags/example_latest_only_with_trigger.py
[2025-01-22T12:53:04.828+0000] {logging_mixin.py:190} INFO - [2025-01-22T12:53:04.827+0000] {override.py:1911} INFO - Created Permission View: can delete on DAG:latest_only_with_trigger
[2025-01-22T12:53:04.838+0000] {logging_mixin.py:190} INFO - [2025-01-22T12:53:04.838+0000] {override.py:1911} INFO - Created Permission View: can edit on DAG:latest_only_with_trigger
[2025-01-22T12:53:04.843+0000] {logging_mixin.py:190} INFO - [2025-01-22T12:53:04.843+0000] {override.py:1911} INFO - Created Permission View: can read on DAG:latest_only_with_trigger
[2025-01-22T12:53:04.851+0000] {logging_mixin.py:190} INFO - [2025-01-22T12:53:04.850+0000] {override.py:1911} INFO - Created Permission View: can create on DAG Run:latest_only_with_trigger
[2025-01-22T12:53:04.857+0000] {logging_mixin.py:190} INFO - [2025-01-22T12:53:04.857+0000] {override.py:1911} INFO - Created Permission View: can read on DAG Run:latest_only_with_trigger
[2025-01-22T12:53:04.863+0000] {logging_mixin.py:190} INFO - [2025-01-22T12:53:04.863+0000] {override.py:1911} INFO - Created Permission View: menu access on DAG Run:latest_only_with_trigger
[2025-01-22T12:53:04.867+0000] {logging_mixin.py:190} INFO - [2025-01-22T12:53:04.867+0000] {override.py:1911} INFO - Created Permission View: can delete on DAG Run:latest_only_with_trigger
[2025-01-22T12:53:04.868+0000] {logging_mixin.py:190} INFO - [2025-01-22T12:53:04.868+0000] {dag.py:3239} INFO - Sync 1 DAGs
[2025-01-22T12:53:04.877+0000] {logging_mixin.py:190} INFO - [2025-01-22T12:53:04.877+0000] {dag.py:3262} INFO - Creating ORM DAG for latest_only_with_trigger
[2025-01-22T12:53:04.884+0000] {logging_mixin.py:190} INFO - [2025-01-22T12:53:04.884+0000] {dag.py:4180} INFO - Setting next_dagrun for latest_only_with_trigger to 2025-01-22 08:00:00+00:00, run_after=2025-01-22 12:00:00+00:00
[2025-01-22T12:53:04.896+0000] {processor.py:208} INFO - Processing /usr/local/python/3.12.1/lib/python3.12/site-packages/airflow/example_dags/example_latest_only_with_trigger.py took 0.163 seconds
[2025-01-22T12:54:01.005+0000] {processor.py:186} INFO - Started process (PID=6679) to work on /usr/local/python/3.12.1/lib/python3.12/site-packages/airflow/example_dags/example_latest_only_with_trigger.py
[2025-01-22T12:54:01.006+0000] {processor.py:914} INFO - Processing file /usr/local/python/3.12.1/lib/python3.12/site-packages/airflow/example_dags/example_latest_only_with_trigger.py for tasks to queue
[2025-01-22T12:54:01.007+0000] {logging_mixin.py:190} INFO - [2025-01-22T12:54:01.007+0000] {dagbag.py:588} INFO - Filling up the DagBag from /usr/local/python/3.12.1/lib/python3.12/site-packages/airflow/example_dags/example_latest_only_with_trigger.py
[2025-01-22T12:54:01.013+0000] {processor.py:925} INFO - DAG(s) 'latest_only_with_trigger' retrieved from /usr/local/python/3.12.1/lib/python3.12/site-packages/airflow/example_dags/example_latest_only_with_trigger.py
[2025-01-22T12:54:01.024+0000] {logging_mixin.py:190} INFO - [2025-01-22T12:54:01.024+0000] {dag.py:3239} INFO - Sync 1 DAGs
[2025-01-22T12:54:01.039+0000] {logging_mixin.py:190} INFO - [2025-01-22T12:54:01.039+0000] {dag.py:4180} INFO - Setting next_dagrun for latest_only_with_trigger to 2025-01-22 08:00:00+00:00, run_after=2025-01-22 12:00:00+00:00
[2025-01-22T12:54:01.054+0000] {processor.py:208} INFO - Processing /usr/local/python/3.12.1/lib/python3.12/site-packages/airflow/example_dags/example_latest_only_with_trigger.py took 0.053 seconds
[2025-01-22T12:54:56.243+0000] {processor.py:186} INFO - Started process (PID=7177) to work on /usr/local/python/3.12.1/lib/python3.12/site-packages/airflow/example_dags/example_latest_only_with_trigger.py
[2025-01-22T12:54:56.243+0000] {processor.py:914} INFO - Processing file /usr/local/python/3.12.1/lib/python3.12/site-packages/airflow/example_dags/example_latest_only_with_trigger.py for tasks to queue
[2025-01-22T12:54:56.245+0000] {logging_mixin.py:190} INFO - [2025-01-22T12:54:56.245+0000] {dagbag.py:588} INFO - Filling up the DagBag from /usr/local/python/3.12.1/lib/python3.12/site-packages/airflow/example_dags/example_latest_only_with_trigger.py
[2025-01-22T12:54:56.250+0000] {processor.py:925} INFO - DAG(s) 'latest_only_with_trigger' retrieved from /usr/local/python/3.12.1/lib/python3.12/site-packages/airflow/example_dags/example_latest_only_with_trigger.py
[2025-01-22T12:54:56.262+0000] {logging_mixin.py:190} INFO - [2025-01-22T12:54:56.262+0000] {dag.py:3239} INFO - Sync 1 DAGs
[2025-01-22T12:54:56.276+0000] {logging_mixin.py:190} INFO - [2025-01-22T12:54:56.276+0000] {dag.py:4180} INFO - Setting next_dagrun for latest_only_with_trigger to 2025-01-22 08:00:00+00:00, run_after=2025-01-22 12:00:00+00:00
[2025-01-22T12:54:56.290+0000] {processor.py:208} INFO - Processing /usr/local/python/3.12.1/lib/python3.12/site-packages/airflow/example_dags/example_latest_only_with_trigger.py took 0.051 seconds
[2025-01-22T12:55:50.413+0000] {processor.py:186} INFO - Started process (PID=7675) to work on /usr/local/python/3.12.1/lib/python3.12/site-packages/airflow/example_dags/example_latest_only_with_trigger.py
[2025-01-22T12:55:50.414+0000] {processor.py:914} INFO - Processing file /usr/local/python/3.12.1/lib/python3.12/site-packages/airflow/example_dags/example_latest_only_with_trigger.py for tasks to queue
[2025-01-22T12:55:50.415+0000] {logging_mixin.py:190} INFO - [2025-01-22T12:55:50.415+0000] {dagbag.py:588} INFO - Filling up the DagBag from /usr/local/python/3.12.1/lib/python3.12/site-packages/airflow/example_dags/example_latest_only_with_trigger.py
[2025-01-22T12:55:50.421+0000] {processor.py:925} INFO - DAG(s) 'latest_only_with_trigger' retrieved from /usr/local/python/3.12.1/lib/python3.12/site-packages/airflow/example_dags/example_latest_only_with_trigger.py
[2025-01-22T12:55:50.432+0000] {logging_mixin.py:190} INFO - [2025-01-22T12:55:50.432+0000] {dag.py:3239} INFO - Sync 1 DAGs
[2025-01-22T12:55:50.446+0000] {logging_mixin.py:190} INFO - [2025-01-22T12:55:50.446+0000] {dag.py:4180} INFO - Setting next_dagrun for latest_only_with_trigger to 2025-01-22 08:00:00+00:00, run_after=2025-01-22 12:00:00+00:00
[2025-01-22T12:55:50.460+0000] {processor.py:208} INFO - Processing /usr/local/python/3.12.1/lib/python3.12/site-packages/airflow/example_dags/example_latest_only_with_trigger.py took 0.050 seconds
[2025-01-22T12:56:41.840+0000] {processor.py:186} INFO - Started process (PID=8097) to work on /usr/local/python/3.12.1/lib/python3.12/site-packages/airflow/example_dags/example_latest_only_with_trigger.py
[2025-01-22T12:56:41.841+0000] {processor.py:914} INFO - Processing file /usr/local/python/3.12.1/lib/python3.12/site-packages/airflow/example_dags/example_latest_only_with_trigger.py for tasks to queue
[2025-01-22T12:56:41.843+0000] {logging_mixin.py:190} INFO - [2025-01-22T12:56:41.843+0000] {dagbag.py:588} INFO - Filling up the DagBag from /usr/local/python/3.12.1/lib/python3.12/site-packages/airflow/example_dags/example_latest_only_with_trigger.py
[2025-01-22T12:56:41.851+0000] {processor.py:925} INFO - DAG(s) 'latest_only_with_trigger' retrieved from /usr/local/python/3.12.1/lib/python3.12/site-packages/airflow/example_dags/example_latest_only_with_trigger.py
[2025-01-22T12:56:41.867+0000] {logging_mixin.py:190} INFO - [2025-01-22T12:56:41.867+0000] {dag.py:3239} INFO - Sync 1 DAGs
[2025-01-22T12:56:41.889+0000] {logging_mixin.py:190} INFO - [2025-01-22T12:56:41.889+0000] {dag.py:4180} INFO - Setting next_dagrun for latest_only_with_trigger to 2025-01-22 08:00:00+00:00, run_after=2025-01-22 12:00:00+00:00
[2025-01-22T12:56:41.908+0000] {processor.py:208} INFO - Processing /usr/local/python/3.12.1/lib/python3.12/site-packages/airflow/example_dags/example_latest_only_with_trigger.py took 0.073 seconds
[2025-01-22T12:57:33.203+0000] {processor.py:186} INFO - Started process (PID=8580) to work on /usr/local/python/3.12.1/lib/python3.12/site-packages/airflow/example_dags/example_latest_only_with_trigger.py
[2025-01-22T12:57:33.204+0000] {processor.py:914} INFO - Processing file /usr/local/python/3.12.1/lib/python3.12/site-packages/airflow/example_dags/example_latest_only_with_trigger.py for tasks to queue
[2025-01-22T12:57:33.205+0000] {logging_mixin.py:190} INFO - [2025-01-22T12:57:33.205+0000] {dagbag.py:588} INFO - Filling up the DagBag from /usr/local/python/3.12.1/lib/python3.12/site-packages/airflow/example_dags/example_latest_only_with_trigger.py
[2025-01-22T12:57:33.211+0000] {processor.py:925} INFO - DAG(s) 'latest_only_with_trigger' retrieved from /usr/local/python/3.12.1/lib/python3.12/site-packages/airflow/example_dags/example_latest_only_with_trigger.py
[2025-01-22T12:57:33.222+0000] {logging_mixin.py:190} INFO - [2025-01-22T12:57:33.222+0000] {dag.py:3239} INFO - Sync 1 DAGs
[2025-01-22T12:57:33.236+0000] {logging_mixin.py:190} INFO - [2025-01-22T12:57:33.236+0000] {dag.py:4180} INFO - Setting next_dagrun for latest_only_with_trigger to 2025-01-22 08:00:00+00:00, run_after=2025-01-22 12:00:00+00:00
[2025-01-22T12:57:33.251+0000] {processor.py:208} INFO - Processing /usr/local/python/3.12.1/lib/python3.12/site-packages/airflow/example_dags/example_latest_only_with_trigger.py took 0.051 seconds
[2025-01-22T12:58:24.330+0000] {processor.py:186} INFO - Started process (PID=9031) to work on /usr/local/python/3.12.1/lib/python3.12/site-packages/airflow/example_dags/example_latest_only_with_trigger.py
[2025-01-22T12:58:24.330+0000] {processor.py:914} INFO - Processing file /usr/local/python/3.12.1/lib/python3.12/site-packages/airflow/example_dags/example_latest_only_with_trigger.py for tasks to queue
[2025-01-22T12:58:24.332+0000] {logging_mixin.py:190} INFO - [2025-01-22T12:58:24.332+0000] {dagbag.py:588} INFO - Filling up the DagBag from /usr/local/python/3.12.1/lib/python3.12/site-packages/airflow/example_dags/example_latest_only_with_trigger.py
[2025-01-22T12:58:24.337+0000] {processor.py:925} INFO - DAG(s) 'latest_only_with_trigger' retrieved from /usr/local/python/3.12.1/lib/python3.12/site-packages/airflow/example_dags/example_latest_only_with_trigger.py
[2025-01-22T12:58:24.348+0000] {logging_mixin.py:190} INFO - [2025-01-22T12:58:24.348+0000] {dag.py:3239} INFO - Sync 1 DAGs
[2025-01-22T12:58:24.363+0000] {logging_mixin.py:190} INFO - [2025-01-22T12:58:24.363+0000] {dag.py:4180} INFO - Setting next_dagrun for latest_only_with_trigger to 2025-01-22 08:00:00+00:00, run_after=2025-01-22 12:00:00+00:00
[2025-01-22T12:58:24.377+0000] {processor.py:208} INFO - Processing /usr/local/python/3.12.1/lib/python3.12/site-packages/airflow/example_dags/example_latest_only_with_trigger.py took 0.051 seconds
[2025-01-22T12:59:15.921+0000] {processor.py:186} INFO - Started process (PID=9387) to work on /usr/local/python/3.12.1/lib/python3.12/site-packages/airflow/example_dags/example_latest_only_with_trigger.py
[2025-01-22T12:59:15.921+0000] {processor.py:914} INFO - Processing file /usr/local/python/3.12.1/lib/python3.12/site-packages/airflow/example_dags/example_latest_only_with_trigger.py for tasks to queue
[2025-01-22T12:59:15.923+0000] {logging_mixin.py:190} INFO - [2025-01-22T12:59:15.923+0000] {dagbag.py:588} INFO - Filling up the DagBag from /usr/local/python/3.12.1/lib/python3.12/site-packages/airflow/example_dags/example_latest_only_with_trigger.py
[2025-01-22T12:59:15.929+0000] {processor.py:925} INFO - DAG(s) 'latest_only_with_trigger' retrieved from /usr/local/python/3.12.1/lib/python3.12/site-packages/airflow/example_dags/example_latest_only_with_trigger.py
[2025-01-22T12:59:15.940+0000] {logging_mixin.py:190} INFO - [2025-01-22T12:59:15.940+0000] {dag.py:3239} INFO - Sync 1 DAGs
[2025-01-22T12:59:15.955+0000] {logging_mixin.py:190} INFO - [2025-01-22T12:59:15.954+0000] {dag.py:4180} INFO - Setting next_dagrun for latest_only_with_trigger to 2025-01-22 08:00:00+00:00, run_after=2025-01-22 12:00:00+00:00
[2025-01-22T12:59:15.969+0000] {processor.py:208} INFO - Processing /usr/local/python/3.12.1/lib/python3.12/site-packages/airflow/example_dags/example_latest_only_with_trigger.py took 0.052 seconds
[2025-01-22T13:00:07.157+0000] {processor.py:186} INFO - Started process (PID=9814) to work on /usr/local/python/3.12.1/lib/python3.12/site-packages/airflow/example_dags/example_latest_only_with_trigger.py
[2025-01-22T13:00:07.158+0000] {processor.py:914} INFO - Processing file /usr/local/python/3.12.1/lib/python3.12/site-packages/airflow/example_dags/example_latest_only_with_trigger.py for tasks to queue
[2025-01-22T13:00:07.160+0000] {logging_mixin.py:190} INFO - [2025-01-22T13:00:07.159+0000] {dagbag.py:588} INFO - Filling up the DagBag from /usr/local/python/3.12.1/lib/python3.12/site-packages/airflow/example_dags/example_latest_only_with_trigger.py
[2025-01-22T13:00:07.165+0000] {processor.py:925} INFO - DAG(s) 'latest_only_with_trigger' retrieved from /usr/local/python/3.12.1/lib/python3.12/site-packages/airflow/example_dags/example_latest_only_with_trigger.py
[2025-01-22T13:00:07.177+0000] {logging_mixin.py:190} INFO - [2025-01-22T13:00:07.176+0000] {dag.py:3239} INFO - Sync 1 DAGs
[2025-01-22T13:00:07.191+0000] {logging_mixin.py:190} INFO - [2025-01-22T13:00:07.191+0000] {dag.py:4180} INFO - Setting next_dagrun for latest_only_with_trigger to 2025-01-22 08:00:00+00:00, run_after=2025-01-22 12:00:00+00:00
[2025-01-22T13:00:07.205+0000] {processor.py:208} INFO - Processing /usr/local/python/3.12.1/lib/python3.12/site-packages/airflow/example_dags/example_latest_only_with_trigger.py took 0.052 seconds
[2025-01-22T13:00:59.706+0000] {processor.py:186} INFO - Started process (PID=10234) to work on /usr/local/python/3.12.1/lib/python3.12/site-packages/airflow/example_dags/example_latest_only_with_trigger.py
[2025-01-22T13:00:59.706+0000] {processor.py:914} INFO - Processing file /usr/local/python/3.12.1/lib/python3.12/site-packages/airflow/example_dags/example_latest_only_with_trigger.py for tasks to queue
[2025-01-22T13:00:59.708+0000] {logging_mixin.py:190} INFO - [2025-01-22T13:00:59.708+0000] {dagbag.py:588} INFO - Filling up the DagBag from /usr/local/python/3.12.1/lib/python3.12/site-packages/airflow/example_dags/example_latest_only_with_trigger.py
[2025-01-22T13:00:59.714+0000] {processor.py:925} INFO - DAG(s) 'latest_only_with_trigger' retrieved from /usr/local/python/3.12.1/lib/python3.12/site-packages/airflow/example_dags/example_latest_only_with_trigger.py
[2025-01-22T13:00:59.727+0000] {logging_mixin.py:190} INFO - [2025-01-22T13:00:59.727+0000] {dag.py:3239} INFO - Sync 1 DAGs
[2025-01-22T13:00:59.742+0000] {logging_mixin.py:190} INFO - [2025-01-22T13:00:59.742+0000] {dag.py:4180} INFO - Setting next_dagrun for latest_only_with_trigger to 2025-01-22 08:00:00+00:00, run_after=2025-01-22 12:00:00+00:00
[2025-01-22T13:00:59.756+0000] {processor.py:208} INFO - Processing /usr/local/python/3.12.1/lib/python3.12/site-packages/airflow/example_dags/example_latest_only_with_trigger.py took 0.054 seconds
[2025-01-22T13:01:52.115+0000] {processor.py:186} INFO - Started process (PID=10665) to work on /usr/local/python/3.12.1/lib/python3.12/site-packages/airflow/example_dags/example_latest_only_with_trigger.py
[2025-01-22T13:01:52.116+0000] {processor.py:914} INFO - Processing file /usr/local/python/3.12.1/lib/python3.12/site-packages/airflow/example_dags/example_latest_only_with_trigger.py for tasks to queue
[2025-01-22T13:01:52.117+0000] {logging_mixin.py:190} INFO - [2025-01-22T13:01:52.117+0000] {dagbag.py:588} INFO - Filling up the DagBag from /usr/local/python/3.12.1/lib/python3.12/site-packages/airflow/example_dags/example_latest_only_with_trigger.py
[2025-01-22T13:01:52.123+0000] {processor.py:925} INFO - DAG(s) 'latest_only_with_trigger' retrieved from /usr/local/python/3.12.1/lib/python3.12/site-packages/airflow/example_dags/example_latest_only_with_trigger.py
[2025-01-22T13:01:52.134+0000] {logging_mixin.py:190} INFO - [2025-01-22T13:01:52.134+0000] {dag.py:3239} INFO - Sync 1 DAGs
[2025-01-22T13:01:52.148+0000] {logging_mixin.py:190} INFO - [2025-01-22T13:01:52.148+0000] {dag.py:4180} INFO - Setting next_dagrun for latest_only_with_trigger to 2025-01-22 08:00:00+00:00, run_after=2025-01-22 12:00:00+00:00
[2025-01-22T13:01:52.162+0000] {processor.py:208} INFO - Processing /usr/local/python/3.12.1/lib/python3.12/site-packages/airflow/example_dags/example_latest_only_with_trigger.py took 0.050 seconds
[2025-01-22T13:02:41.192+0000] {processor.py:186} INFO - Started process (PID=11147) to work on /usr/local/python/3.12.1/lib/python3.12/site-packages/airflow/example_dags/example_latest_only_with_trigger.py
[2025-01-22T13:02:41.193+0000] {processor.py:914} INFO - Processing file /usr/local/python/3.12.1/lib/python3.12/site-packages/airflow/example_dags/example_latest_only_with_trigger.py for tasks to queue
[2025-01-22T13:02:41.194+0000] {logging_mixin.py:190} INFO - [2025-01-22T13:02:41.194+0000] {dagbag.py:588} INFO - Filling up the DagBag from /usr/local/python/3.12.1/lib/python3.12/site-packages/airflow/example_dags/example_latest_only_with_trigger.py
[2025-01-22T13:02:41.200+0000] {processor.py:925} INFO - DAG(s) 'latest_only_with_trigger' retrieved from /usr/local/python/3.12.1/lib/python3.12/site-packages/airflow/example_dags/example_latest_only_with_trigger.py
[2025-01-22T13:02:41.211+0000] {logging_mixin.py:190} INFO - [2025-01-22T13:02:41.211+0000] {dag.py:3239} INFO - Sync 1 DAGs
[2025-01-22T13:02:41.225+0000] {logging_mixin.py:190} INFO - [2025-01-22T13:02:41.225+0000] {dag.py:4180} INFO - Setting next_dagrun for latest_only_with_trigger to 2025-01-22 08:00:00+00:00, run_after=2025-01-22 12:00:00+00:00
[2025-01-22T13:02:41.240+0000] {processor.py:208} INFO - Processing /usr/local/python/3.12.1/lib/python3.12/site-packages/airflow/example_dags/example_latest_only_with_trigger.py took 0.053 seconds
[2025-01-22T13:03:55.370+0000] {processor.py:186} INFO - Started process (PID=11730) to work on /usr/local/python/3.12.1/lib/python3.12/site-packages/airflow/example_dags/example_latest_only_with_trigger.py
[2025-01-22T13:03:55.371+0000] {processor.py:914} INFO - Processing file /usr/local/python/3.12.1/lib/python3.12/site-packages/airflow/example_dags/example_latest_only_with_trigger.py for tasks to queue
[2025-01-22T13:03:55.372+0000] {logging_mixin.py:190} INFO - [2025-01-22T13:03:55.372+0000] {dagbag.py:588} INFO - Filling up the DagBag from /usr/local/python/3.12.1/lib/python3.12/site-packages/airflow/example_dags/example_latest_only_with_trigger.py
[2025-01-22T13:03:55.379+0000] {processor.py:925} INFO - DAG(s) 'latest_only_with_trigger' retrieved from /usr/local/python/3.12.1/lib/python3.12/site-packages/airflow/example_dags/example_latest_only_with_trigger.py
[2025-01-22T13:03:55.391+0000] {logging_mixin.py:190} INFO - [2025-01-22T13:03:55.390+0000] {dag.py:3239} INFO - Sync 1 DAGs
[2025-01-22T13:03:55.406+0000] {logging_mixin.py:190} INFO - [2025-01-22T13:03:55.406+0000] {dag.py:4180} INFO - Setting next_dagrun for latest_only_with_trigger to 2025-01-22 08:00:00+00:00, run_after=2025-01-22 12:00:00+00:00
[2025-01-22T13:03:55.421+0000] {processor.py:208} INFO - Processing /usr/local/python/3.12.1/lib/python3.12/site-packages/airflow/example_dags/example_latest_only_with_trigger.py took 0.055 seconds
[2025-01-22T13:04:47.858+0000] {processor.py:186} INFO - Started process (PID=12161) to work on /usr/local/python/3.12.1/lib/python3.12/site-packages/airflow/example_dags/example_latest_only_with_trigger.py
[2025-01-22T13:04:47.858+0000] {processor.py:914} INFO - Processing file /usr/local/python/3.12.1/lib/python3.12/site-packages/airflow/example_dags/example_latest_only_with_trigger.py for tasks to queue
[2025-01-22T13:04:47.860+0000] {logging_mixin.py:190} INFO - [2025-01-22T13:04:47.860+0000] {dagbag.py:588} INFO - Filling up the DagBag from /usr/local/python/3.12.1/lib/python3.12/site-packages/airflow/example_dags/example_latest_only_with_trigger.py
[2025-01-22T13:04:47.866+0000] {processor.py:925} INFO - DAG(s) 'latest_only_with_trigger' retrieved from /usr/local/python/3.12.1/lib/python3.12/site-packages/airflow/example_dags/example_latest_only_with_trigger.py
[2025-01-22T13:04:47.877+0000] {logging_mixin.py:190} INFO - [2025-01-22T13:04:47.877+0000] {dag.py:3239} INFO - Sync 1 DAGs
[2025-01-22T13:04:47.891+0000] {logging_mixin.py:190} INFO - [2025-01-22T13:04:47.891+0000] {dag.py:4180} INFO - Setting next_dagrun for latest_only_with_trigger to 2025-01-22 08:00:00+00:00, run_after=2025-01-22 12:00:00+00:00
[2025-01-22T13:04:47.906+0000] {processor.py:208} INFO - Processing /usr/local/python/3.12.1/lib/python3.12/site-packages/airflow/example_dags/example_latest_only_with_trigger.py took 0.052 seconds
[2025-01-22T13:05:37.985+0000] {processor.py:186} INFO - Started process (PID=12580) to work on /usr/local/python/3.12.1/lib/python3.12/site-packages/airflow/example_dags/example_latest_only_with_trigger.py
[2025-01-22T13:05:37.986+0000] {processor.py:914} INFO - Processing file /usr/local/python/3.12.1/lib/python3.12/site-packages/airflow/example_dags/example_latest_only_with_trigger.py for tasks to queue
[2025-01-22T13:05:37.987+0000] {logging_mixin.py:190} INFO - [2025-01-22T13:05:37.987+0000] {dagbag.py:588} INFO - Filling up the DagBag from /usr/local/python/3.12.1/lib/python3.12/site-packages/airflow/example_dags/example_latest_only_with_trigger.py
[2025-01-22T13:05:37.993+0000] {processor.py:925} INFO - DAG(s) 'latest_only_with_trigger' retrieved from /usr/local/python/3.12.1/lib/python3.12/site-packages/airflow/example_dags/example_latest_only_with_trigger.py
[2025-01-22T13:05:38.004+0000] {logging_mixin.py:190} INFO - [2025-01-22T13:05:38.004+0000] {dag.py:3239} INFO - Sync 1 DAGs
[2025-01-22T13:05:38.018+0000] {logging_mixin.py:190} INFO - [2025-01-22T13:05:38.018+0000] {dag.py:4180} INFO - Setting next_dagrun for latest_only_with_trigger to 2025-01-22 08:00:00+00:00, run_after=2025-01-22 12:00:00+00:00
[2025-01-22T13:05:38.032+0000] {processor.py:208} INFO - Processing /usr/local/python/3.12.1/lib/python3.12/site-packages/airflow/example_dags/example_latest_only_with_trigger.py took 0.051 seconds
[2025-01-22T13:06:27.087+0000] {processor.py:186} INFO - Started process (PID=12994) to work on /usr/local/python/3.12.1/lib/python3.12/site-packages/airflow/example_dags/example_latest_only_with_trigger.py
[2025-01-22T13:06:27.087+0000] {processor.py:914} INFO - Processing file /usr/local/python/3.12.1/lib/python3.12/site-packages/airflow/example_dags/example_latest_only_with_trigger.py for tasks to queue
[2025-01-22T13:06:27.089+0000] {logging_mixin.py:190} INFO - [2025-01-22T13:06:27.089+0000] {dagbag.py:588} INFO - Filling up the DagBag from /usr/local/python/3.12.1/lib/python3.12/site-packages/airflow/example_dags/example_latest_only_with_trigger.py
[2025-01-22T13:06:27.096+0000] {processor.py:925} INFO - DAG(s) 'latest_only_with_trigger' retrieved from /usr/local/python/3.12.1/lib/python3.12/site-packages/airflow/example_dags/example_latest_only_with_trigger.py
[2025-01-22T13:06:27.111+0000] {logging_mixin.py:190} INFO - [2025-01-22T13:06:27.111+0000] {dag.py:3239} INFO - Sync 1 DAGs
[2025-01-22T13:06:27.125+0000] {logging_mixin.py:190} INFO - [2025-01-22T13:06:27.125+0000] {dag.py:4180} INFO - Setting next_dagrun for latest_only_with_trigger to 2025-01-22 08:00:00+00:00, run_after=2025-01-22 12:00:00+00:00
[2025-01-22T13:06:27.140+0000] {processor.py:208} INFO - Processing /usr/local/python/3.12.1/lib/python3.12/site-packages/airflow/example_dags/example_latest_only_with_trigger.py took 0.057 seconds
[2025-01-22T13:07:41.271+0000] {processor.py:186} INFO - Started process (PID=13581) to work on /usr/local/python/3.12.1/lib/python3.12/site-packages/airflow/example_dags/example_latest_only_with_trigger.py
[2025-01-22T13:07:41.272+0000] {processor.py:914} INFO - Processing file /usr/local/python/3.12.1/lib/python3.12/site-packages/airflow/example_dags/example_latest_only_with_trigger.py for tasks to queue
[2025-01-22T13:07:41.274+0000] {logging_mixin.py:190} INFO - [2025-01-22T13:07:41.273+0000] {dagbag.py:588} INFO - Filling up the DagBag from /usr/local/python/3.12.1/lib/python3.12/site-packages/airflow/example_dags/example_latest_only_with_trigger.py
[2025-01-22T13:07:41.279+0000] {processor.py:925} INFO - DAG(s) 'latest_only_with_trigger' retrieved from /usr/local/python/3.12.1/lib/python3.12/site-packages/airflow/example_dags/example_latest_only_with_trigger.py
[2025-01-22T13:07:41.290+0000] {logging_mixin.py:190} INFO - [2025-01-22T13:07:41.290+0000] {dag.py:3239} INFO - Sync 1 DAGs
[2025-01-22T13:07:41.305+0000] {logging_mixin.py:190} INFO - [2025-01-22T13:07:41.304+0000] {dag.py:4180} INFO - Setting next_dagrun for latest_only_with_trigger to 2025-01-22 08:00:00+00:00, run_after=2025-01-22 12:00:00+00:00
[2025-01-22T13:07:41.320+0000] {processor.py:208} INFO - Processing /usr/local/python/3.12.1/lib/python3.12/site-packages/airflow/example_dags/example_latest_only_with_trigger.py took 0.052 seconds
[2025-01-22T13:08:34.526+0000] {processor.py:186} INFO - Started process (PID=14258) to work on /usr/local/python/3.12.1/lib/python3.12/site-packages/airflow/example_dags/example_latest_only_with_trigger.py
[2025-01-22T13:08:34.527+0000] {processor.py:914} INFO - Processing file /usr/local/python/3.12.1/lib/python3.12/site-packages/airflow/example_dags/example_latest_only_with_trigger.py for tasks to queue
[2025-01-22T13:08:34.528+0000] {logging_mixin.py:190} INFO - [2025-01-22T13:08:34.528+0000] {dagbag.py:588} INFO - Filling up the DagBag from /usr/local/python/3.12.1/lib/python3.12/site-packages/airflow/example_dags/example_latest_only_with_trigger.py
[2025-01-22T13:08:34.534+0000] {processor.py:925} INFO - DAG(s) 'latest_only_with_trigger' retrieved from /usr/local/python/3.12.1/lib/python3.12/site-packages/airflow/example_dags/example_latest_only_with_trigger.py
[2025-01-22T13:08:34.545+0000] {logging_mixin.py:190} INFO - [2025-01-22T13:08:34.545+0000] {dag.py:3239} INFO - Sync 1 DAGs
[2025-01-22T13:08:34.558+0000] {logging_mixin.py:190} INFO - [2025-01-22T13:08:34.558+0000] {dag.py:4180} INFO - Setting next_dagrun for latest_only_with_trigger to 2025-01-22 08:00:00+00:00, run_after=2025-01-22 12:00:00+00:00
[2025-01-22T13:08:34.579+0000] {processor.py:208} INFO - Processing /usr/local/python/3.12.1/lib/python3.12/site-packages/airflow/example_dags/example_latest_only_with_trigger.py took 0.056 seconds
[2025-01-22T13:09:27.641+0000] {processor.py:186} INFO - Started process (PID=14711) to work on /usr/local/python/3.12.1/lib/python3.12/site-packages/airflow/example_dags/example_latest_only_with_trigger.py
[2025-01-22T13:09:27.641+0000] {processor.py:914} INFO - Processing file /usr/local/python/3.12.1/lib/python3.12/site-packages/airflow/example_dags/example_latest_only_with_trigger.py for tasks to queue
[2025-01-22T13:09:27.643+0000] {logging_mixin.py:190} INFO - [2025-01-22T13:09:27.642+0000] {dagbag.py:588} INFO - Filling up the DagBag from /usr/local/python/3.12.1/lib/python3.12/site-packages/airflow/example_dags/example_latest_only_with_trigger.py
[2025-01-22T13:09:27.649+0000] {processor.py:925} INFO - DAG(s) 'latest_only_with_trigger' retrieved from /usr/local/python/3.12.1/lib/python3.12/site-packages/airflow/example_dags/example_latest_only_with_trigger.py
[2025-01-22T13:09:27.663+0000] {logging_mixin.py:190} INFO - [2025-01-22T13:09:27.663+0000] {dag.py:3239} INFO - Sync 1 DAGs
[2025-01-22T13:09:27.678+0000] {logging_mixin.py:190} INFO - [2025-01-22T13:09:27.678+0000] {dag.py:4180} INFO - Setting next_dagrun for latest_only_with_trigger to 2025-01-22 08:00:00+00:00, run_after=2025-01-22 12:00:00+00:00
[2025-01-22T13:09:27.692+0000] {processor.py:208} INFO - Processing /usr/local/python/3.12.1/lib/python3.12/site-packages/airflow/example_dags/example_latest_only_with_trigger.py took 0.056 seconds
[2025-01-22T13:10:19.027+0000] {processor.py:186} INFO - Started process (PID=15076) to work on /usr/local/python/3.12.1/lib/python3.12/site-packages/airflow/example_dags/example_latest_only_with_trigger.py
[2025-01-22T13:10:19.028+0000] {processor.py:914} INFO - Processing file /usr/local/python/3.12.1/lib/python3.12/site-packages/airflow/example_dags/example_latest_only_with_trigger.py for tasks to queue
[2025-01-22T13:10:19.029+0000] {logging_mixin.py:190} INFO - [2025-01-22T13:10:19.029+0000] {dagbag.py:588} INFO - Filling up the DagBag from /usr/local/python/3.12.1/lib/python3.12/site-packages/airflow/example_dags/example_latest_only_with_trigger.py
[2025-01-22T13:10:19.035+0000] {processor.py:925} INFO - DAG(s) 'latest_only_with_trigger' retrieved from /usr/local/python/3.12.1/lib/python3.12/site-packages/airflow/example_dags/example_latest_only_with_trigger.py
[2025-01-22T13:10:19.046+0000] {logging_mixin.py:190} INFO - [2025-01-22T13:10:19.046+0000] {dag.py:3239} INFO - Sync 1 DAGs
[2025-01-22T13:10:19.060+0000] {logging_mixin.py:190} INFO - [2025-01-22T13:10:19.060+0000] {dag.py:4180} INFO - Setting next_dagrun for latest_only_with_trigger to 2025-01-22 08:00:00+00:00, run_after=2025-01-22 12:00:00+00:00
[2025-01-22T13:10:19.074+0000] {processor.py:208} INFO - Processing /usr/local/python/3.12.1/lib/python3.12/site-packages/airflow/example_dags/example_latest_only_with_trigger.py took 0.051 seconds
[2025-01-22T13:11:30.994+0000] {processor.py:186} INFO - Started process (PID=15703) to work on /usr/local/python/3.12.1/lib/python3.12/site-packages/airflow/example_dags/example_latest_only_with_trigger.py
[2025-01-22T13:11:30.994+0000] {processor.py:914} INFO - Processing file /usr/local/python/3.12.1/lib/python3.12/site-packages/airflow/example_dags/example_latest_only_with_trigger.py for tasks to queue
[2025-01-22T13:11:30.996+0000] {logging_mixin.py:190} INFO - [2025-01-22T13:11:30.996+0000] {dagbag.py:588} INFO - Filling up the DagBag from /usr/local/python/3.12.1/lib/python3.12/site-packages/airflow/example_dags/example_latest_only_with_trigger.py
[2025-01-22T13:11:31.001+0000] {processor.py:925} INFO - DAG(s) 'latest_only_with_trigger' retrieved from /usr/local/python/3.12.1/lib/python3.12/site-packages/airflow/example_dags/example_latest_only_with_trigger.py
[2025-01-22T13:11:31.012+0000] {logging_mixin.py:190} INFO - [2025-01-22T13:11:31.012+0000] {dag.py:3239} INFO - Sync 1 DAGs
[2025-01-22T13:11:31.026+0000] {logging_mixin.py:190} INFO - [2025-01-22T13:11:31.026+0000] {dag.py:4180} INFO - Setting next_dagrun for latest_only_with_trigger to 2025-01-22 08:00:00+00:00, run_after=2025-01-22 12:00:00+00:00
[2025-01-22T13:11:31.040+0000] {processor.py:208} INFO - Processing /usr/local/python/3.12.1/lib/python3.12/site-packages/airflow/example_dags/example_latest_only_with_trigger.py took 0.051 seconds
[2025-01-22T13:12:22.304+0000] {processor.py:186} INFO - Started process (PID=16124) to work on /usr/local/python/3.12.1/lib/python3.12/site-packages/airflow/example_dags/example_latest_only_with_trigger.py
[2025-01-22T13:12:22.305+0000] {processor.py:914} INFO - Processing file /usr/local/python/3.12.1/lib/python3.12/site-packages/airflow/example_dags/example_latest_only_with_trigger.py for tasks to queue
[2025-01-22T13:12:22.306+0000] {logging_mixin.py:190} INFO - [2025-01-22T13:12:22.306+0000] {dagbag.py:588} INFO - Filling up the DagBag from /usr/local/python/3.12.1/lib/python3.12/site-packages/airflow/example_dags/example_latest_only_with_trigger.py
[2025-01-22T13:12:22.312+0000] {processor.py:925} INFO - DAG(s) 'latest_only_with_trigger' retrieved from /usr/local/python/3.12.1/lib/python3.12/site-packages/airflow/example_dags/example_latest_only_with_trigger.py
[2025-01-22T13:12:22.325+0000] {logging_mixin.py:190} INFO - [2025-01-22T13:12:22.325+0000] {dag.py:3239} INFO - Sync 1 DAGs
[2025-01-22T13:12:22.341+0000] {logging_mixin.py:190} INFO - [2025-01-22T13:12:22.340+0000] {dag.py:4180} INFO - Setting next_dagrun for latest_only_with_trigger to 2025-01-22 08:00:00+00:00, run_after=2025-01-22 12:00:00+00:00
[2025-01-22T13:12:22.366+0000] {processor.py:208} INFO - Processing /usr/local/python/3.12.1/lib/python3.12/site-packages/airflow/example_dags/example_latest_only_with_trigger.py took 0.066 seconds
[2025-01-22T13:13:14.833+0000] {processor.py:186} INFO - Started process (PID=16550) to work on /usr/local/python/3.12.1/lib/python3.12/site-packages/airflow/example_dags/example_latest_only_with_trigger.py
[2025-01-22T13:13:14.834+0000] {processor.py:914} INFO - Processing file /usr/local/python/3.12.1/lib/python3.12/site-packages/airflow/example_dags/example_latest_only_with_trigger.py for tasks to queue
[2025-01-22T13:13:14.835+0000] {logging_mixin.py:190} INFO - [2025-01-22T13:13:14.835+0000] {dagbag.py:588} INFO - Filling up the DagBag from /usr/local/python/3.12.1/lib/python3.12/site-packages/airflow/example_dags/example_latest_only_with_trigger.py
[2025-01-22T13:13:14.841+0000] {processor.py:925} INFO - DAG(s) 'latest_only_with_trigger' retrieved from /usr/local/python/3.12.1/lib/python3.12/site-packages/airflow/example_dags/example_latest_only_with_trigger.py
[2025-01-22T13:13:14.852+0000] {logging_mixin.py:190} INFO - [2025-01-22T13:13:14.852+0000] {dag.py:3239} INFO - Sync 1 DAGs
[2025-01-22T13:13:14.866+0000] {logging_mixin.py:190} INFO - [2025-01-22T13:13:14.866+0000] {dag.py:4180} INFO - Setting next_dagrun for latest_only_with_trigger to 2025-01-22 08:00:00+00:00, run_after=2025-01-22 12:00:00+00:00
[2025-01-22T13:13:14.880+0000] {processor.py:208} INFO - Processing /usr/local/python/3.12.1/lib/python3.12/site-packages/airflow/example_dags/example_latest_only_with_trigger.py took 0.052 seconds
[2025-01-22T13:14:07.476+0000] {processor.py:186} INFO - Started process (PID=16983) to work on /usr/local/python/3.12.1/lib/python3.12/site-packages/airflow/example_dags/example_latest_only_with_trigger.py
[2025-01-22T13:14:07.477+0000] {processor.py:914} INFO - Processing file /usr/local/python/3.12.1/lib/python3.12/site-packages/airflow/example_dags/example_latest_only_with_trigger.py for tasks to queue
[2025-01-22T13:14:07.478+0000] {logging_mixin.py:190} INFO - [2025-01-22T13:14:07.478+0000] {dagbag.py:588} INFO - Filling up the DagBag from /usr/local/python/3.12.1/lib/python3.12/site-packages/airflow/example_dags/example_latest_only_with_trigger.py
[2025-01-22T13:14:07.484+0000] {processor.py:925} INFO - DAG(s) 'latest_only_with_trigger' retrieved from /usr/local/python/3.12.1/lib/python3.12/site-packages/airflow/example_dags/example_latest_only_with_trigger.py
[2025-01-22T13:14:07.495+0000] {logging_mixin.py:190} INFO - [2025-01-22T13:14:07.495+0000] {dag.py:3239} INFO - Sync 1 DAGs
[2025-01-22T13:14:07.509+0000] {logging_mixin.py:190} INFO - [2025-01-22T13:14:07.509+0000] {dag.py:4180} INFO - Setting next_dagrun for latest_only_with_trigger to 2025-01-22 08:00:00+00:00, run_after=2025-01-22 12:00:00+00:00
[2025-01-22T13:14:07.523+0000] {processor.py:208} INFO - Processing /usr/local/python/3.12.1/lib/python3.12/site-packages/airflow/example_dags/example_latest_only_with_trigger.py took 0.051 seconds
[2025-01-22T13:15:00.080+0000] {processor.py:186} INFO - Started process (PID=17415) to work on /usr/local/python/3.12.1/lib/python3.12/site-packages/airflow/example_dags/example_latest_only_with_trigger.py
[2025-01-22T13:15:00.081+0000] {processor.py:914} INFO - Processing file /usr/local/python/3.12.1/lib/python3.12/site-packages/airflow/example_dags/example_latest_only_with_trigger.py for tasks to queue
[2025-01-22T13:15:00.082+0000] {logging_mixin.py:190} INFO - [2025-01-22T13:15:00.082+0000] {dagbag.py:588} INFO - Filling up the DagBag from /usr/local/python/3.12.1/lib/python3.12/site-packages/airflow/example_dags/example_latest_only_with_trigger.py
[2025-01-22T13:15:00.088+0000] {processor.py:925} INFO - DAG(s) 'latest_only_with_trigger' retrieved from /usr/local/python/3.12.1/lib/python3.12/site-packages/airflow/example_dags/example_latest_only_with_trigger.py
[2025-01-22T13:15:00.099+0000] {logging_mixin.py:190} INFO - [2025-01-22T13:15:00.099+0000] {dag.py:3239} INFO - Sync 1 DAGs
[2025-01-22T13:15:00.113+0000] {logging_mixin.py:190} INFO - [2025-01-22T13:15:00.113+0000] {dag.py:4180} INFO - Setting next_dagrun for latest_only_with_trigger to 2025-01-22 08:00:00+00:00, run_after=2025-01-22 12:00:00+00:00
[2025-01-22T13:15:00.127+0000] {processor.py:208} INFO - Processing /usr/local/python/3.12.1/lib/python3.12/site-packages/airflow/example_dags/example_latest_only_with_trigger.py took 0.051 seconds
[2025-01-22T13:16:11.724+0000] {processor.py:186} INFO - Started process (PID=17986) to work on /usr/local/python/3.12.1/lib/python3.12/site-packages/airflow/example_dags/example_latest_only_with_trigger.py
[2025-01-22T13:16:11.724+0000] {processor.py:914} INFO - Processing file /usr/local/python/3.12.1/lib/python3.12/site-packages/airflow/example_dags/example_latest_only_with_trigger.py for tasks to queue
[2025-01-22T13:16:11.726+0000] {logging_mixin.py:190} INFO - [2025-01-22T13:16:11.726+0000] {dagbag.py:588} INFO - Filling up the DagBag from /usr/local/python/3.12.1/lib/python3.12/site-packages/airflow/example_dags/example_latest_only_with_trigger.py
[2025-01-22T13:16:11.731+0000] {processor.py:925} INFO - DAG(s) 'latest_only_with_trigger' retrieved from /usr/local/python/3.12.1/lib/python3.12/site-packages/airflow/example_dags/example_latest_only_with_trigger.py
[2025-01-22T13:16:11.743+0000] {logging_mixin.py:190} INFO - [2025-01-22T13:16:11.742+0000] {dag.py:3239} INFO - Sync 1 DAGs
[2025-01-22T13:16:11.757+0000] {logging_mixin.py:190} INFO - [2025-01-22T13:16:11.756+0000] {dag.py:4180} INFO - Setting next_dagrun for latest_only_with_trigger to 2025-01-22 08:00:00+00:00, run_after=2025-01-22 12:00:00+00:00
[2025-01-22T13:16:11.771+0000] {processor.py:208} INFO - Processing /usr/local/python/3.12.1/lib/python3.12/site-packages/airflow/example_dags/example_latest_only_with_trigger.py took 0.051 seconds
[2025-01-22T13:17:04.538+0000] {processor.py:186} INFO - Started process (PID=18435) to work on /usr/local/python/3.12.1/lib/python3.12/site-packages/airflow/example_dags/example_latest_only_with_trigger.py
[2025-01-22T13:17:04.538+0000] {processor.py:914} INFO - Processing file /usr/local/python/3.12.1/lib/python3.12/site-packages/airflow/example_dags/example_latest_only_with_trigger.py for tasks to queue
[2025-01-22T13:17:04.540+0000] {logging_mixin.py:190} INFO - [2025-01-22T13:17:04.539+0000] {dagbag.py:588} INFO - Filling up the DagBag from /usr/local/python/3.12.1/lib/python3.12/site-packages/airflow/example_dags/example_latest_only_with_trigger.py
[2025-01-22T13:17:04.545+0000] {processor.py:925} INFO - DAG(s) 'latest_only_with_trigger' retrieved from /usr/local/python/3.12.1/lib/python3.12/site-packages/airflow/example_dags/example_latest_only_with_trigger.py
[2025-01-22T13:17:04.557+0000] {logging_mixin.py:190} INFO - [2025-01-22T13:17:04.557+0000] {dag.py:3239} INFO - Sync 1 DAGs
[2025-01-22T13:17:04.572+0000] {logging_mixin.py:190} INFO - [2025-01-22T13:17:04.571+0000] {dag.py:4180} INFO - Setting next_dagrun for latest_only_with_trigger to 2025-01-22 08:00:00+00:00, run_after=2025-01-22 12:00:00+00:00
[2025-01-22T13:17:04.586+0000] {processor.py:208} INFO - Processing /usr/local/python/3.12.1/lib/python3.12/site-packages/airflow/example_dags/example_latest_only_with_trigger.py took 0.052 seconds
[2025-01-22T13:17:57.231+0000] {processor.py:186} INFO - Started process (PID=18925) to work on /usr/local/python/3.12.1/lib/python3.12/site-packages/airflow/example_dags/example_latest_only_with_trigger.py
[2025-01-22T13:17:57.231+0000] {processor.py:914} INFO - Processing file /usr/local/python/3.12.1/lib/python3.12/site-packages/airflow/example_dags/example_latest_only_with_trigger.py for tasks to queue
[2025-01-22T13:17:57.233+0000] {logging_mixin.py:190} INFO - [2025-01-22T13:17:57.233+0000] {dagbag.py:588} INFO - Filling up the DagBag from /usr/local/python/3.12.1/lib/python3.12/site-packages/airflow/example_dags/example_latest_only_with_trigger.py
[2025-01-22T13:17:57.238+0000] {processor.py:925} INFO - DAG(s) 'latest_only_with_trigger' retrieved from /usr/local/python/3.12.1/lib/python3.12/site-packages/airflow/example_dags/example_latest_only_with_trigger.py
[2025-01-22T13:17:57.249+0000] {logging_mixin.py:190} INFO - [2025-01-22T13:17:57.249+0000] {dag.py:3239} INFO - Sync 1 DAGs
[2025-01-22T13:17:57.264+0000] {logging_mixin.py:190} INFO - [2025-01-22T13:17:57.264+0000] {dag.py:4180} INFO - Setting next_dagrun for latest_only_with_trigger to 2025-01-22 08:00:00+00:00, run_after=2025-01-22 12:00:00+00:00
[2025-01-22T13:17:57.278+0000] {processor.py:208} INFO - Processing /usr/local/python/3.12.1/lib/python3.12/site-packages/airflow/example_dags/example_latest_only_with_trigger.py took 0.051 seconds
[2025-01-22T13:19:10.214+0000] {processor.py:186} INFO - Started process (PID=19930) to work on /usr/local/python/3.12.1/lib/python3.12/site-packages/airflow/example_dags/example_latest_only_with_trigger.py
[2025-01-22T13:19:10.215+0000] {processor.py:914} INFO - Processing file /usr/local/python/3.12.1/lib/python3.12/site-packages/airflow/example_dags/example_latest_only_with_trigger.py for tasks to queue
[2025-01-22T13:19:10.217+0000] {logging_mixin.py:190} INFO - [2025-01-22T13:19:10.216+0000] {dagbag.py:588} INFO - Filling up the DagBag from /usr/local/python/3.12.1/lib/python3.12/site-packages/airflow/example_dags/example_latest_only_with_trigger.py
[2025-01-22T13:19:10.223+0000] {processor.py:925} INFO - DAG(s) 'latest_only_with_trigger' retrieved from /usr/local/python/3.12.1/lib/python3.12/site-packages/airflow/example_dags/example_latest_only_with_trigger.py
[2025-01-22T13:19:10.234+0000] {logging_mixin.py:190} INFO - [2025-01-22T13:19:10.234+0000] {dag.py:3239} INFO - Sync 1 DAGs
[2025-01-22T13:19:10.251+0000] {logging_mixin.py:190} INFO - [2025-01-22T13:19:10.250+0000] {dag.py:4180} INFO - Setting next_dagrun for latest_only_with_trigger to 2025-01-22 08:00:00+00:00, run_after=2025-01-22 12:00:00+00:00
[2025-01-22T13:19:10.265+0000] {processor.py:208} INFO - Processing /usr/local/python/3.12.1/lib/python3.12/site-packages/airflow/example_dags/example_latest_only_with_trigger.py took 0.054 seconds
[2025-01-22T13:20:01.389+0000] {processor.py:186} INFO - Started process (PID=20895) to work on /usr/local/python/3.12.1/lib/python3.12/site-packages/airflow/example_dags/example_latest_only_with_trigger.py
[2025-01-22T13:20:01.390+0000] {processor.py:914} INFO - Processing file /usr/local/python/3.12.1/lib/python3.12/site-packages/airflow/example_dags/example_latest_only_with_trigger.py for tasks to queue
[2025-01-22T13:20:01.391+0000] {logging_mixin.py:190} INFO - [2025-01-22T13:20:01.391+0000] {dagbag.py:588} INFO - Filling up the DagBag from /usr/local/python/3.12.1/lib/python3.12/site-packages/airflow/example_dags/example_latest_only_with_trigger.py
[2025-01-22T13:20:01.397+0000] {processor.py:925} INFO - DAG(s) 'latest_only_with_trigger' retrieved from /usr/local/python/3.12.1/lib/python3.12/site-packages/airflow/example_dags/example_latest_only_with_trigger.py
[2025-01-22T13:20:01.408+0000] {logging_mixin.py:190} INFO - [2025-01-22T13:20:01.408+0000] {dag.py:3239} INFO - Sync 1 DAGs
[2025-01-22T13:20:01.422+0000] {logging_mixin.py:190} INFO - [2025-01-22T13:20:01.422+0000] {dag.py:4180} INFO - Setting next_dagrun for latest_only_with_trigger to 2025-01-22 08:00:00+00:00, run_after=2025-01-22 12:00:00+00:00
[2025-01-22T13:20:01.437+0000] {processor.py:208} INFO - Processing /usr/local/python/3.12.1/lib/python3.12/site-packages/airflow/example_dags/example_latest_only_with_trigger.py took 0.052 seconds
[2025-01-22T13:21:12.231+0000] {processor.py:186} INFO - Started process (PID=21701) to work on /usr/local/python/3.12.1/lib/python3.12/site-packages/airflow/example_dags/example_latest_only_with_trigger.py
[2025-01-22T13:21:12.232+0000] {processor.py:914} INFO - Processing file /usr/local/python/3.12.1/lib/python3.12/site-packages/airflow/example_dags/example_latest_only_with_trigger.py for tasks to queue
[2025-01-22T13:21:12.234+0000] {logging_mixin.py:190} INFO - [2025-01-22T13:21:12.233+0000] {dagbag.py:588} INFO - Filling up the DagBag from /usr/local/python/3.12.1/lib/python3.12/site-packages/airflow/example_dags/example_latest_only_with_trigger.py
[2025-01-22T13:21:12.239+0000] {processor.py:925} INFO - DAG(s) 'latest_only_with_trigger' retrieved from /usr/local/python/3.12.1/lib/python3.12/site-packages/airflow/example_dags/example_latest_only_with_trigger.py
[2025-01-22T13:21:12.252+0000] {logging_mixin.py:190} INFO - [2025-01-22T13:21:12.252+0000] {dag.py:3239} INFO - Sync 1 DAGs
[2025-01-22T13:21:12.267+0000] {logging_mixin.py:190} INFO - [2025-01-22T13:21:12.267+0000] {dag.py:4180} INFO - Setting next_dagrun for latest_only_with_trigger to 2025-01-22 08:00:00+00:00, run_after=2025-01-22 12:00:00+00:00
[2025-01-22T13:21:12.281+0000] {processor.py:208} INFO - Processing /usr/local/python/3.12.1/lib/python3.12/site-packages/airflow/example_dags/example_latest_only_with_trigger.py took 0.053 seconds
