[2025-01-22T12:52:33.320+0000] {processor.py:186} INFO - Started process (PID=5297) to work on /usr/local/python/3.12.1/lib/python3.12/site-packages/airflow/example_dags/example_sensor_decorator.py
[2025-01-22T12:52:33.321+0000] {processor.py:914} INFO - Processing file /usr/local/python/3.12.1/lib/python3.12/site-packages/airflow/example_dags/example_sensor_decorator.py for tasks to queue
[2025-01-22T12:52:33.322+0000] {logging_mixin.py:190} INFO - [2025-01-22T12:52:33.322+0000] {dagbag.py:588} INFO - Filling up the DagBag from /usr/local/python/3.12.1/lib/python3.12/site-packages/airflow/example_dags/example_sensor_decorator.py
[2025-01-22T12:52:33.328+0000] {processor.py:925} INFO - DAG(s) 'example_sensor_decorator' retrieved from /usr/local/python/3.12.1/lib/python3.12/site-packages/airflow/example_dags/example_sensor_decorator.py
[2025-01-22T12:52:33.407+0000] {logging_mixin.py:190} INFO - [2025-01-22T12:52:33.406+0000] {override.py:1911} INFO - Created Permission View: can delete on DAG:example_sensor_decorator
[2025-01-22T12:52:33.414+0000] {logging_mixin.py:190} INFO - [2025-01-22T12:52:33.414+0000] {override.py:1911} INFO - Created Permission View: can edit on DAG:example_sensor_decorator
[2025-01-22T12:52:33.419+0000] {logging_mixin.py:190} INFO - [2025-01-22T12:52:33.419+0000] {override.py:1911} INFO - Created Permission View: can read on DAG:example_sensor_decorator
[2025-01-22T12:52:33.428+0000] {logging_mixin.py:190} INFO - [2025-01-22T12:52:33.427+0000] {override.py:1911} INFO - Created Permission View: can create on DAG Run:example_sensor_decorator
[2025-01-22T12:52:33.433+0000] {logging_mixin.py:190} INFO - [2025-01-22T12:52:33.433+0000] {override.py:1911} INFO - Created Permission View: can read on DAG Run:example_sensor_decorator
[2025-01-22T12:52:33.438+0000] {logging_mixin.py:190} INFO - [2025-01-22T12:52:33.438+0000] {override.py:1911} INFO - Created Permission View: menu access on DAG Run:example_sensor_decorator
[2025-01-22T12:52:33.443+0000] {logging_mixin.py:190} INFO - [2025-01-22T12:52:33.443+0000] {override.py:1911} INFO - Created Permission View: can delete on DAG Run:example_sensor_decorator
[2025-01-22T12:52:33.443+0000] {logging_mixin.py:190} INFO - [2025-01-22T12:52:33.443+0000] {dag.py:3239} INFO - Sync 1 DAGs
[2025-01-22T12:52:33.451+0000] {logging_mixin.py:190} INFO - [2025-01-22T12:52:33.451+0000] {dag.py:3262} INFO - Creating ORM DAG for example_sensor_decorator
[2025-01-22T12:52:33.452+0000] {logging_mixin.py:190} INFO - [2025-01-22T12:52:33.452+0000] {dag.py:4180} INFO - Setting next_dagrun for example_sensor_decorator to None, run_after=None
[2025-01-22T12:52:33.464+0000] {processor.py:208} INFO - Processing /usr/local/python/3.12.1/lib/python3.12/site-packages/airflow/example_dags/example_sensor_decorator.py took 0.148 seconds
[2025-01-22T12:53:35.390+0000] {processor.py:186} INFO - Started process (PID=6209) to work on /usr/local/python/3.12.1/lib/python3.12/site-packages/airflow/example_dags/example_sensor_decorator.py
[2025-01-22T12:53:35.391+0000] {processor.py:914} INFO - Processing file /usr/local/python/3.12.1/lib/python3.12/site-packages/airflow/example_dags/example_sensor_decorator.py for tasks to queue
[2025-01-22T12:53:35.393+0000] {logging_mixin.py:190} INFO - [2025-01-22T12:53:35.392+0000] {dagbag.py:588} INFO - Filling up the DagBag from /usr/local/python/3.12.1/lib/python3.12/site-packages/airflow/example_dags/example_sensor_decorator.py
[2025-01-22T12:53:35.399+0000] {processor.py:925} INFO - DAG(s) 'example_sensor_decorator' retrieved from /usr/local/python/3.12.1/lib/python3.12/site-packages/airflow/example_dags/example_sensor_decorator.py
[2025-01-22T12:53:35.409+0000] {logging_mixin.py:190} INFO - [2025-01-22T12:53:35.409+0000] {dag.py:3239} INFO - Sync 1 DAGs
[2025-01-22T12:53:35.418+0000] {logging_mixin.py:190} INFO - [2025-01-22T12:53:35.418+0000] {dag.py:4180} INFO - Setting next_dagrun for example_sensor_decorator to None, run_after=None
[2025-01-22T12:53:35.431+0000] {processor.py:208} INFO - Processing /usr/local/python/3.12.1/lib/python3.12/site-packages/airflow/example_dags/example_sensor_decorator.py took 0.045 seconds
[2025-01-22T12:54:27.913+0000] {processor.py:186} INFO - Started process (PID=6976) to work on /usr/local/python/3.12.1/lib/python3.12/site-packages/airflow/example_dags/example_sensor_decorator.py
[2025-01-22T12:54:27.913+0000] {processor.py:914} INFO - Processing file /usr/local/python/3.12.1/lib/python3.12/site-packages/airflow/example_dags/example_sensor_decorator.py for tasks to queue
[2025-01-22T12:54:27.915+0000] {logging_mixin.py:190} INFO - [2025-01-22T12:54:27.914+0000] {dagbag.py:588} INFO - Filling up the DagBag from /usr/local/python/3.12.1/lib/python3.12/site-packages/airflow/example_dags/example_sensor_decorator.py
[2025-01-22T12:54:27.921+0000] {processor.py:925} INFO - DAG(s) 'example_sensor_decorator' retrieved from /usr/local/python/3.12.1/lib/python3.12/site-packages/airflow/example_dags/example_sensor_decorator.py
[2025-01-22T12:54:27.931+0000] {logging_mixin.py:190} INFO - [2025-01-22T12:54:27.931+0000] {dag.py:3239} INFO - Sync 1 DAGs
[2025-01-22T12:54:27.940+0000] {logging_mixin.py:190} INFO - [2025-01-22T12:54:27.940+0000] {dag.py:4180} INFO - Setting next_dagrun for example_sensor_decorator to None, run_after=None
[2025-01-22T12:54:27.954+0000] {processor.py:208} INFO - Processing /usr/local/python/3.12.1/lib/python3.12/site-packages/airflow/example_dags/example_sensor_decorator.py took 0.046 seconds
[2025-01-22T12:55:19.606+0000] {processor.py:186} INFO - Started process (PID=7339) to work on /usr/local/python/3.12.1/lib/python3.12/site-packages/airflow/example_dags/example_sensor_decorator.py
[2025-01-22T12:55:19.607+0000] {processor.py:914} INFO - Processing file /usr/local/python/3.12.1/lib/python3.12/site-packages/airflow/example_dags/example_sensor_decorator.py for tasks to queue
[2025-01-22T12:55:19.608+0000] {logging_mixin.py:190} INFO - [2025-01-22T12:55:19.608+0000] {dagbag.py:588} INFO - Filling up the DagBag from /usr/local/python/3.12.1/lib/python3.12/site-packages/airflow/example_dags/example_sensor_decorator.py
[2025-01-22T12:55:19.614+0000] {processor.py:925} INFO - DAG(s) 'example_sensor_decorator' retrieved from /usr/local/python/3.12.1/lib/python3.12/site-packages/airflow/example_dags/example_sensor_decorator.py
[2025-01-22T12:55:19.625+0000] {logging_mixin.py:190} INFO - [2025-01-22T12:55:19.624+0000] {dag.py:3239} INFO - Sync 1 DAGs
[2025-01-22T12:55:19.634+0000] {logging_mixin.py:190} INFO - [2025-01-22T12:55:19.634+0000] {dag.py:4180} INFO - Setting next_dagrun for example_sensor_decorator to None, run_after=None
[2025-01-22T12:55:19.649+0000] {processor.py:208} INFO - Processing /usr/local/python/3.12.1/lib/python3.12/site-packages/airflow/example_dags/example_sensor_decorator.py took 0.047 seconds
[2025-01-22T12:56:12.110+0000] {processor.py:186} INFO - Started process (PID=7844) to work on /usr/local/python/3.12.1/lib/python3.12/site-packages/airflow/example_dags/example_sensor_decorator.py
[2025-01-22T12:56:12.111+0000] {processor.py:914} INFO - Processing file /usr/local/python/3.12.1/lib/python3.12/site-packages/airflow/example_dags/example_sensor_decorator.py for tasks to queue
[2025-01-22T12:56:12.112+0000] {logging_mixin.py:190} INFO - [2025-01-22T12:56:12.112+0000] {dagbag.py:588} INFO - Filling up the DagBag from /usr/local/python/3.12.1/lib/python3.12/site-packages/airflow/example_dags/example_sensor_decorator.py
[2025-01-22T12:56:12.119+0000] {processor.py:925} INFO - DAG(s) 'example_sensor_decorator' retrieved from /usr/local/python/3.12.1/lib/python3.12/site-packages/airflow/example_dags/example_sensor_decorator.py
[2025-01-22T12:56:12.129+0000] {logging_mixin.py:190} INFO - [2025-01-22T12:56:12.129+0000] {dag.py:3239} INFO - Sync 1 DAGs
[2025-01-22T12:56:12.138+0000] {logging_mixin.py:190} INFO - [2025-01-22T12:56:12.138+0000] {dag.py:4180} INFO - Setting next_dagrun for example_sensor_decorator to None, run_after=None
[2025-01-22T12:56:12.152+0000] {processor.py:208} INFO - Processing /usr/local/python/3.12.1/lib/python3.12/site-packages/airflow/example_dags/example_sensor_decorator.py took 0.046 seconds
[2025-01-22T12:57:03.260+0000] {processor.py:186} INFO - Started process (PID=8266) to work on /usr/local/python/3.12.1/lib/python3.12/site-packages/airflow/example_dags/example_sensor_decorator.py
[2025-01-22T12:57:03.261+0000] {processor.py:914} INFO - Processing file /usr/local/python/3.12.1/lib/python3.12/site-packages/airflow/example_dags/example_sensor_decorator.py for tasks to queue
[2025-01-22T12:57:03.262+0000] {logging_mixin.py:190} INFO - [2025-01-22T12:57:03.262+0000] {dagbag.py:588} INFO - Filling up the DagBag from /usr/local/python/3.12.1/lib/python3.12/site-packages/airflow/example_dags/example_sensor_decorator.py
[2025-01-22T12:57:03.268+0000] {processor.py:925} INFO - DAG(s) 'example_sensor_decorator' retrieved from /usr/local/python/3.12.1/lib/python3.12/site-packages/airflow/example_dags/example_sensor_decorator.py
[2025-01-22T12:57:03.279+0000] {logging_mixin.py:190} INFO - [2025-01-22T12:57:03.279+0000] {dag.py:3239} INFO - Sync 1 DAGs
[2025-01-22T12:57:03.288+0000] {logging_mixin.py:190} INFO - [2025-01-22T12:57:03.287+0000] {dag.py:4180} INFO - Setting next_dagrun for example_sensor_decorator to None, run_after=None
[2025-01-22T12:57:03.302+0000] {processor.py:208} INFO - Processing /usr/local/python/3.12.1/lib/python3.12/site-packages/airflow/example_dags/example_sensor_decorator.py took 0.045 seconds
[2025-01-22T12:57:53.775+0000] {processor.py:186} INFO - Started process (PID=8749) to work on /usr/local/python/3.12.1/lib/python3.12/site-packages/airflow/example_dags/example_sensor_decorator.py
[2025-01-22T12:57:53.775+0000] {processor.py:914} INFO - Processing file /usr/local/python/3.12.1/lib/python3.12/site-packages/airflow/example_dags/example_sensor_decorator.py for tasks to queue
[2025-01-22T12:57:53.777+0000] {logging_mixin.py:190} INFO - [2025-01-22T12:57:53.777+0000] {dagbag.py:588} INFO - Filling up the DagBag from /usr/local/python/3.12.1/lib/python3.12/site-packages/airflow/example_dags/example_sensor_decorator.py
[2025-01-22T12:57:53.787+0000] {processor.py:925} INFO - DAG(s) 'example_sensor_decorator' retrieved from /usr/local/python/3.12.1/lib/python3.12/site-packages/airflow/example_dags/example_sensor_decorator.py
[2025-01-22T12:57:53.799+0000] {logging_mixin.py:190} INFO - [2025-01-22T12:57:53.798+0000] {dag.py:3239} INFO - Sync 1 DAGs
[2025-01-22T12:57:53.808+0000] {logging_mixin.py:190} INFO - [2025-01-22T12:57:53.808+0000] {dag.py:4180} INFO - Setting next_dagrun for example_sensor_decorator to None, run_after=None
[2025-01-22T12:57:53.822+0000] {processor.py:208} INFO - Processing /usr/local/python/3.12.1/lib/python3.12/site-packages/airflow/example_dags/example_sensor_decorator.py took 0.051 seconds
[2025-01-22T12:58:43.386+0000] {processor.py:186} INFO - Started process (PID=9143) to work on /usr/local/python/3.12.1/lib/python3.12/site-packages/airflow/example_dags/example_sensor_decorator.py
[2025-01-22T12:58:43.387+0000] {processor.py:914} INFO - Processing file /usr/local/python/3.12.1/lib/python3.12/site-packages/airflow/example_dags/example_sensor_decorator.py for tasks to queue
[2025-01-22T12:58:43.389+0000] {logging_mixin.py:190} INFO - [2025-01-22T12:58:43.388+0000] {dagbag.py:588} INFO - Filling up the DagBag from /usr/local/python/3.12.1/lib/python3.12/site-packages/airflow/example_dags/example_sensor_decorator.py
[2025-01-22T12:58:43.395+0000] {processor.py:925} INFO - DAG(s) 'example_sensor_decorator' retrieved from /usr/local/python/3.12.1/lib/python3.12/site-packages/airflow/example_dags/example_sensor_decorator.py
[2025-01-22T12:58:43.405+0000] {logging_mixin.py:190} INFO - [2025-01-22T12:58:43.405+0000] {dag.py:3239} INFO - Sync 1 DAGs
[2025-01-22T12:58:43.414+0000] {logging_mixin.py:190} INFO - [2025-01-22T12:58:43.414+0000] {dag.py:4180} INFO - Setting next_dagrun for example_sensor_decorator to None, run_after=None
[2025-01-22T12:58:43.428+0000] {processor.py:208} INFO - Processing /usr/local/python/3.12.1/lib/python3.12/site-packages/airflow/example_dags/example_sensor_decorator.py took 0.046 seconds
[2025-01-22T12:59:34.739+0000] {processor.py:186} INFO - Started process (PID=9572) to work on /usr/local/python/3.12.1/lib/python3.12/site-packages/airflow/example_dags/example_sensor_decorator.py
[2025-01-22T12:59:34.740+0000] {processor.py:914} INFO - Processing file /usr/local/python/3.12.1/lib/python3.12/site-packages/airflow/example_dags/example_sensor_decorator.py for tasks to queue
[2025-01-22T12:59:34.741+0000] {logging_mixin.py:190} INFO - [2025-01-22T12:59:34.741+0000] {dagbag.py:588} INFO - Filling up the DagBag from /usr/local/python/3.12.1/lib/python3.12/site-packages/airflow/example_dags/example_sensor_decorator.py
[2025-01-22T12:59:34.747+0000] {processor.py:925} INFO - DAG(s) 'example_sensor_decorator' retrieved from /usr/local/python/3.12.1/lib/python3.12/site-packages/airflow/example_dags/example_sensor_decorator.py
[2025-01-22T12:59:34.757+0000] {logging_mixin.py:190} INFO - [2025-01-22T12:59:34.757+0000] {dag.py:3239} INFO - Sync 1 DAGs
[2025-01-22T12:59:34.766+0000] {logging_mixin.py:190} INFO - [2025-01-22T12:59:34.766+0000] {dag.py:4180} INFO - Setting next_dagrun for example_sensor_decorator to None, run_after=None
[2025-01-22T12:59:34.780+0000] {processor.py:208} INFO - Processing /usr/local/python/3.12.1/lib/python3.12/site-packages/airflow/example_dags/example_sensor_decorator.py took 0.045 seconds
[2025-01-22T13:00:25.266+0000] {processor.py:186} INFO - Started process (PID=9981) to work on /usr/local/python/3.12.1/lib/python3.12/site-packages/airflow/example_dags/example_sensor_decorator.py
[2025-01-22T13:00:25.267+0000] {processor.py:914} INFO - Processing file /usr/local/python/3.12.1/lib/python3.12/site-packages/airflow/example_dags/example_sensor_decorator.py for tasks to queue
[2025-01-22T13:00:25.268+0000] {logging_mixin.py:190} INFO - [2025-01-22T13:00:25.268+0000] {dagbag.py:588} INFO - Filling up the DagBag from /usr/local/python/3.12.1/lib/python3.12/site-packages/airflow/example_dags/example_sensor_decorator.py
[2025-01-22T13:00:25.275+0000] {processor.py:925} INFO - DAG(s) 'example_sensor_decorator' retrieved from /usr/local/python/3.12.1/lib/python3.12/site-packages/airflow/example_dags/example_sensor_decorator.py
[2025-01-22T13:00:25.286+0000] {logging_mixin.py:190} INFO - [2025-01-22T13:00:25.286+0000] {dag.py:3239} INFO - Sync 1 DAGs
[2025-01-22T13:00:25.295+0000] {logging_mixin.py:190} INFO - [2025-01-22T13:00:25.295+0000] {dag.py:4180} INFO - Setting next_dagrun for example_sensor_decorator to None, run_after=None
[2025-01-22T13:00:25.310+0000] {processor.py:208} INFO - Processing /usr/local/python/3.12.1/lib/python3.12/site-packages/airflow/example_dags/example_sensor_decorator.py took 0.047 seconds
[2025-01-22T13:01:18.937+0000] {processor.py:186} INFO - Started process (PID=10379) to work on /usr/local/python/3.12.1/lib/python3.12/site-packages/airflow/example_dags/example_sensor_decorator.py
[2025-01-22T13:01:18.937+0000] {processor.py:914} INFO - Processing file /usr/local/python/3.12.1/lib/python3.12/site-packages/airflow/example_dags/example_sensor_decorator.py for tasks to queue
[2025-01-22T13:01:18.939+0000] {logging_mixin.py:190} INFO - [2025-01-22T13:01:18.939+0000] {dagbag.py:588} INFO - Filling up the DagBag from /usr/local/python/3.12.1/lib/python3.12/site-packages/airflow/example_dags/example_sensor_decorator.py
[2025-01-22T13:01:18.945+0000] {processor.py:925} INFO - DAG(s) 'example_sensor_decorator' retrieved from /usr/local/python/3.12.1/lib/python3.12/site-packages/airflow/example_dags/example_sensor_decorator.py
[2025-01-22T13:01:18.955+0000] {logging_mixin.py:190} INFO - [2025-01-22T13:01:18.955+0000] {dag.py:3239} INFO - Sync 1 DAGs
[2025-01-22T13:01:18.964+0000] {logging_mixin.py:190} INFO - [2025-01-22T13:01:18.964+0000] {dag.py:4180} INFO - Setting next_dagrun for example_sensor_decorator to None, run_after=None
[2025-01-22T13:01:18.978+0000] {processor.py:208} INFO - Processing /usr/local/python/3.12.1/lib/python3.12/site-packages/airflow/example_dags/example_sensor_decorator.py took 0.046 seconds
[2025-01-22T13:02:10.409+0000] {processor.py:186} INFO - Started process (PID=10800) to work on /usr/local/python/3.12.1/lib/python3.12/site-packages/airflow/example_dags/example_sensor_decorator.py
[2025-01-22T13:02:10.410+0000] {processor.py:914} INFO - Processing file /usr/local/python/3.12.1/lib/python3.12/site-packages/airflow/example_dags/example_sensor_decorator.py for tasks to queue
[2025-01-22T13:02:10.411+0000] {logging_mixin.py:190} INFO - [2025-01-22T13:02:10.411+0000] {dagbag.py:588} INFO - Filling up the DagBag from /usr/local/python/3.12.1/lib/python3.12/site-packages/airflow/example_dags/example_sensor_decorator.py
[2025-01-22T13:02:10.417+0000] {processor.py:925} INFO - DAG(s) 'example_sensor_decorator' retrieved from /usr/local/python/3.12.1/lib/python3.12/site-packages/airflow/example_dags/example_sensor_decorator.py
[2025-01-22T13:02:10.428+0000] {logging_mixin.py:190} INFO - [2025-01-22T13:02:10.428+0000] {dag.py:3239} INFO - Sync 1 DAGs
[2025-01-22T13:02:10.437+0000] {logging_mixin.py:190} INFO - [2025-01-22T13:02:10.436+0000] {dag.py:4180} INFO - Setting next_dagrun for example_sensor_decorator to None, run_after=None
[2025-01-22T13:02:10.452+0000] {processor.py:208} INFO - Processing /usr/local/python/3.12.1/lib/python3.12/site-packages/airflow/example_dags/example_sensor_decorator.py took 0.047 seconds
[2025-01-22T13:02:56.608+0000] {processor.py:186} INFO - Started process (PID=11246) to work on /usr/local/python/3.12.1/lib/python3.12/site-packages/airflow/example_dags/example_sensor_decorator.py
[2025-01-22T13:02:56.609+0000] {processor.py:914} INFO - Processing file /usr/local/python/3.12.1/lib/python3.12/site-packages/airflow/example_dags/example_sensor_decorator.py for tasks to queue
[2025-01-22T13:02:56.610+0000] {logging_mixin.py:190} INFO - [2025-01-22T13:02:56.610+0000] {dagbag.py:588} INFO - Filling up the DagBag from /usr/local/python/3.12.1/lib/python3.12/site-packages/airflow/example_dags/example_sensor_decorator.py
[2025-01-22T13:02:56.616+0000] {processor.py:925} INFO - DAG(s) 'example_sensor_decorator' retrieved from /usr/local/python/3.12.1/lib/python3.12/site-packages/airflow/example_dags/example_sensor_decorator.py
[2025-01-22T13:02:56.626+0000] {logging_mixin.py:190} INFO - [2025-01-22T13:02:56.626+0000] {dag.py:3239} INFO - Sync 1 DAGs
[2025-01-22T13:02:56.635+0000] {logging_mixin.py:190} INFO - [2025-01-22T13:02:56.635+0000] {dag.py:4180} INFO - Setting next_dagrun for example_sensor_decorator to None, run_after=None
[2025-01-22T13:02:56.650+0000] {processor.py:208} INFO - Processing /usr/local/python/3.12.1/lib/python3.12/site-packages/airflow/example_dags/example_sensor_decorator.py took 0.046 seconds
[2025-01-22T13:03:47.355+0000] {processor.py:186} INFO - Started process (PID=11665) to work on /usr/local/python/3.12.1/lib/python3.12/site-packages/airflow/example_dags/example_sensor_decorator.py
[2025-01-22T13:03:47.356+0000] {processor.py:914} INFO - Processing file /usr/local/python/3.12.1/lib/python3.12/site-packages/airflow/example_dags/example_sensor_decorator.py for tasks to queue
[2025-01-22T13:03:47.357+0000] {logging_mixin.py:190} INFO - [2025-01-22T13:03:47.357+0000] {dagbag.py:588} INFO - Filling up the DagBag from /usr/local/python/3.12.1/lib/python3.12/site-packages/airflow/example_dags/example_sensor_decorator.py
[2025-01-22T13:03:47.363+0000] {processor.py:925} INFO - DAG(s) 'example_sensor_decorator' retrieved from /usr/local/python/3.12.1/lib/python3.12/site-packages/airflow/example_dags/example_sensor_decorator.py
[2025-01-22T13:03:47.373+0000] {logging_mixin.py:190} INFO - [2025-01-22T13:03:47.373+0000] {dag.py:3239} INFO - Sync 1 DAGs
[2025-01-22T13:03:47.382+0000] {logging_mixin.py:190} INFO - [2025-01-22T13:03:47.382+0000] {dag.py:4180} INFO - Setting next_dagrun for example_sensor_decorator to None, run_after=None
[2025-01-22T13:03:47.396+0000] {processor.py:208} INFO - Processing /usr/local/python/3.12.1/lib/python3.12/site-packages/airflow/example_dags/example_sensor_decorator.py took 0.045 seconds
[2025-01-22T13:04:39.318+0000] {processor.py:186} INFO - Started process (PID=12096) to work on /usr/local/python/3.12.1/lib/python3.12/site-packages/airflow/example_dags/example_sensor_decorator.py
[2025-01-22T13:04:39.318+0000] {processor.py:914} INFO - Processing file /usr/local/python/3.12.1/lib/python3.12/site-packages/airflow/example_dags/example_sensor_decorator.py for tasks to queue
[2025-01-22T13:04:39.320+0000] {logging_mixin.py:190} INFO - [2025-01-22T13:04:39.320+0000] {dagbag.py:588} INFO - Filling up the DagBag from /usr/local/python/3.12.1/lib/python3.12/site-packages/airflow/example_dags/example_sensor_decorator.py
[2025-01-22T13:04:39.326+0000] {processor.py:925} INFO - DAG(s) 'example_sensor_decorator' retrieved from /usr/local/python/3.12.1/lib/python3.12/site-packages/airflow/example_dags/example_sensor_decorator.py
[2025-01-22T13:04:39.337+0000] {logging_mixin.py:190} INFO - [2025-01-22T13:04:39.337+0000] {dag.py:3239} INFO - Sync 1 DAGs
[2025-01-22T13:04:39.346+0000] {logging_mixin.py:190} INFO - [2025-01-22T13:04:39.346+0000] {dag.py:4180} INFO - Setting next_dagrun for example_sensor_decorator to None, run_after=None
[2025-01-22T13:04:39.361+0000] {processor.py:208} INFO - Processing /usr/local/python/3.12.1/lib/python3.12/site-packages/airflow/example_dags/example_sensor_decorator.py took 0.047 seconds
[2025-01-22T13:05:29.996+0000] {processor.py:186} INFO - Started process (PID=12515) to work on /usr/local/python/3.12.1/lib/python3.12/site-packages/airflow/example_dags/example_sensor_decorator.py
[2025-01-22T13:05:29.996+0000] {processor.py:914} INFO - Processing file /usr/local/python/3.12.1/lib/python3.12/site-packages/airflow/example_dags/example_sensor_decorator.py for tasks to queue
[2025-01-22T13:05:29.998+0000] {logging_mixin.py:190} INFO - [2025-01-22T13:05:29.997+0000] {dagbag.py:588} INFO - Filling up the DagBag from /usr/local/python/3.12.1/lib/python3.12/site-packages/airflow/example_dags/example_sensor_decorator.py
[2025-01-22T13:05:30.004+0000] {processor.py:925} INFO - DAG(s) 'example_sensor_decorator' retrieved from /usr/local/python/3.12.1/lib/python3.12/site-packages/airflow/example_dags/example_sensor_decorator.py
[2025-01-22T13:05:30.014+0000] {logging_mixin.py:190} INFO - [2025-01-22T13:05:30.013+0000] {dag.py:3239} INFO - Sync 1 DAGs
[2025-01-22T13:05:30.022+0000] {logging_mixin.py:190} INFO - [2025-01-22T13:05:30.022+0000] {dag.py:4180} INFO - Setting next_dagrun for example_sensor_decorator to None, run_after=None
[2025-01-22T13:05:30.037+0000] {processor.py:208} INFO - Processing /usr/local/python/3.12.1/lib/python3.12/site-packages/airflow/example_dags/example_sensor_decorator.py took 0.046 seconds
[2025-01-22T13:06:20.666+0000] {processor.py:186} INFO - Started process (PID=12884) to work on /usr/local/python/3.12.1/lib/python3.12/site-packages/airflow/example_dags/example_sensor_decorator.py
[2025-01-22T13:06:20.667+0000] {processor.py:914} INFO - Processing file /usr/local/python/3.12.1/lib/python3.12/site-packages/airflow/example_dags/example_sensor_decorator.py for tasks to queue
[2025-01-22T13:06:20.668+0000] {logging_mixin.py:190} INFO - [2025-01-22T13:06:20.668+0000] {dagbag.py:588} INFO - Filling up the DagBag from /usr/local/python/3.12.1/lib/python3.12/site-packages/airflow/example_dags/example_sensor_decorator.py
[2025-01-22T13:06:20.674+0000] {processor.py:925} INFO - DAG(s) 'example_sensor_decorator' retrieved from /usr/local/python/3.12.1/lib/python3.12/site-packages/airflow/example_dags/example_sensor_decorator.py
[2025-01-22T13:06:20.684+0000] {logging_mixin.py:190} INFO - [2025-01-22T13:06:20.684+0000] {dag.py:3239} INFO - Sync 1 DAGs
[2025-01-22T13:06:20.693+0000] {logging_mixin.py:190} INFO - [2025-01-22T13:06:20.693+0000] {dag.py:4180} INFO - Setting next_dagrun for example_sensor_decorator to None, run_after=None
[2025-01-22T13:06:20.707+0000] {processor.py:208} INFO - Processing /usr/local/python/3.12.1/lib/python3.12/site-packages/airflow/example_dags/example_sensor_decorator.py took 0.045 seconds
[2025-01-22T13:07:08.222+0000] {processor.py:186} INFO - Started process (PID=13278) to work on /usr/local/python/3.12.1/lib/python3.12/site-packages/airflow/example_dags/example_sensor_decorator.py
[2025-01-22T13:07:08.223+0000] {processor.py:914} INFO - Processing file /usr/local/python/3.12.1/lib/python3.12/site-packages/airflow/example_dags/example_sensor_decorator.py for tasks to queue
[2025-01-22T13:07:08.224+0000] {logging_mixin.py:190} INFO - [2025-01-22T13:07:08.224+0000] {dagbag.py:588} INFO - Filling up the DagBag from /usr/local/python/3.12.1/lib/python3.12/site-packages/airflow/example_dags/example_sensor_decorator.py
[2025-01-22T13:07:08.230+0000] {processor.py:925} INFO - DAG(s) 'example_sensor_decorator' retrieved from /usr/local/python/3.12.1/lib/python3.12/site-packages/airflow/example_dags/example_sensor_decorator.py
[2025-01-22T13:07:08.240+0000] {logging_mixin.py:190} INFO - [2025-01-22T13:07:08.240+0000] {dag.py:3239} INFO - Sync 1 DAGs
[2025-01-22T13:07:08.249+0000] {logging_mixin.py:190} INFO - [2025-01-22T13:07:08.249+0000] {dag.py:4180} INFO - Setting next_dagrun for example_sensor_decorator to None, run_after=None
[2025-01-22T13:07:08.263+0000] {processor.py:208} INFO - Processing /usr/local/python/3.12.1/lib/python3.12/site-packages/airflow/example_dags/example_sensor_decorator.py took 0.045 seconds
[2025-01-22T13:07:58.868+0000] {processor.py:186} INFO - Started process (PID=13707) to work on /usr/local/python/3.12.1/lib/python3.12/site-packages/airflow/example_dags/example_sensor_decorator.py
[2025-01-22T13:07:58.869+0000] {processor.py:914} INFO - Processing file /usr/local/python/3.12.1/lib/python3.12/site-packages/airflow/example_dags/example_sensor_decorator.py for tasks to queue
[2025-01-22T13:07:58.871+0000] {logging_mixin.py:190} INFO - [2025-01-22T13:07:58.870+0000] {dagbag.py:588} INFO - Filling up the DagBag from /usr/local/python/3.12.1/lib/python3.12/site-packages/airflow/example_dags/example_sensor_decorator.py
[2025-01-22T13:07:58.877+0000] {processor.py:925} INFO - DAG(s) 'example_sensor_decorator' retrieved from /usr/local/python/3.12.1/lib/python3.12/site-packages/airflow/example_dags/example_sensor_decorator.py
[2025-01-22T13:07:58.887+0000] {logging_mixin.py:190} INFO - [2025-01-22T13:07:58.887+0000] {dag.py:3239} INFO - Sync 1 DAGs
[2025-01-22T13:07:58.896+0000] {logging_mixin.py:190} INFO - [2025-01-22T13:07:58.896+0000] {dag.py:4180} INFO - Setting next_dagrun for example_sensor_decorator to None, run_after=None
[2025-01-22T13:07:58.915+0000] {processor.py:208} INFO - Processing /usr/local/python/3.12.1/lib/python3.12/site-packages/airflow/example_dags/example_sensor_decorator.py took 0.051 seconds
[2025-01-22T13:08:55.080+0000] {processor.py:186} INFO - Started process (PID=14424) to work on /usr/local/python/3.12.1/lib/python3.12/site-packages/airflow/example_dags/example_sensor_decorator.py
[2025-01-22T13:08:55.081+0000] {processor.py:914} INFO - Processing file /usr/local/python/3.12.1/lib/python3.12/site-packages/airflow/example_dags/example_sensor_decorator.py for tasks to queue
[2025-01-22T13:08:55.082+0000] {logging_mixin.py:190} INFO - [2025-01-22T13:08:55.082+0000] {dagbag.py:588} INFO - Filling up the DagBag from /usr/local/python/3.12.1/lib/python3.12/site-packages/airflow/example_dags/example_sensor_decorator.py
[2025-01-22T13:08:55.088+0000] {processor.py:925} INFO - DAG(s) 'example_sensor_decorator' retrieved from /usr/local/python/3.12.1/lib/python3.12/site-packages/airflow/example_dags/example_sensor_decorator.py
[2025-01-22T13:08:55.099+0000] {logging_mixin.py:190} INFO - [2025-01-22T13:08:55.098+0000] {dag.py:3239} INFO - Sync 1 DAGs
[2025-01-22T13:08:55.108+0000] {logging_mixin.py:190} INFO - [2025-01-22T13:08:55.108+0000] {dag.py:4180} INFO - Setting next_dagrun for example_sensor_decorator to None, run_after=None
[2025-01-22T13:08:55.122+0000] {processor.py:208} INFO - Processing /usr/local/python/3.12.1/lib/python3.12/site-packages/airflow/example_dags/example_sensor_decorator.py took 0.047 seconds
[2025-01-22T13:09:43.636+0000] {processor.py:186} INFO - Started process (PID=14815) to work on /usr/local/python/3.12.1/lib/python3.12/site-packages/airflow/example_dags/example_sensor_decorator.py
[2025-01-22T13:09:43.637+0000] {processor.py:914} INFO - Processing file /usr/local/python/3.12.1/lib/python3.12/site-packages/airflow/example_dags/example_sensor_decorator.py for tasks to queue
[2025-01-22T13:09:43.638+0000] {logging_mixin.py:190} INFO - [2025-01-22T13:09:43.638+0000] {dagbag.py:588} INFO - Filling up the DagBag from /usr/local/python/3.12.1/lib/python3.12/site-packages/airflow/example_dags/example_sensor_decorator.py
[2025-01-22T13:09:43.645+0000] {processor.py:925} INFO - DAG(s) 'example_sensor_decorator' retrieved from /usr/local/python/3.12.1/lib/python3.12/site-packages/airflow/example_dags/example_sensor_decorator.py
[2025-01-22T13:09:43.655+0000] {logging_mixin.py:190} INFO - [2025-01-22T13:09:43.655+0000] {dag.py:3239} INFO - Sync 1 DAGs
[2025-01-22T13:09:43.664+0000] {logging_mixin.py:190} INFO - [2025-01-22T13:09:43.664+0000] {dag.py:4180} INFO - Setting next_dagrun for example_sensor_decorator to None, run_after=None
[2025-01-22T13:09:43.678+0000] {processor.py:208} INFO - Processing /usr/local/python/3.12.1/lib/python3.12/site-packages/airflow/example_dags/example_sensor_decorator.py took 0.046 seconds
[2025-01-22T13:10:33.842+0000] {processor.py:186} INFO - Started process (PID=15230) to work on /usr/local/python/3.12.1/lib/python3.12/site-packages/airflow/example_dags/example_sensor_decorator.py
[2025-01-22T13:10:33.844+0000] {processor.py:914} INFO - Processing file /usr/local/python/3.12.1/lib/python3.12/site-packages/airflow/example_dags/example_sensor_decorator.py for tasks to queue
[2025-01-22T13:10:33.846+0000] {logging_mixin.py:190} INFO - [2025-01-22T13:10:33.845+0000] {dagbag.py:588} INFO - Filling up the DagBag from /usr/local/python/3.12.1/lib/python3.12/site-packages/airflow/example_dags/example_sensor_decorator.py
[2025-01-22T13:10:33.852+0000] {processor.py:925} INFO - DAG(s) 'example_sensor_decorator' retrieved from /usr/local/python/3.12.1/lib/python3.12/site-packages/airflow/example_dags/example_sensor_decorator.py
[2025-01-22T13:10:33.863+0000] {logging_mixin.py:190} INFO - [2025-01-22T13:10:33.863+0000] {dag.py:3239} INFO - Sync 1 DAGs
[2025-01-22T13:10:33.872+0000] {logging_mixin.py:190} INFO - [2025-01-22T13:10:33.872+0000] {dag.py:4180} INFO - Setting next_dagrun for example_sensor_decorator to None, run_after=None
[2025-01-22T13:10:33.890+0000] {processor.py:208} INFO - Processing /usr/local/python/3.12.1/lib/python3.12/site-packages/airflow/example_dags/example_sensor_decorator.py took 0.054 seconds
[2025-01-22T13:11:23.324+0000] {processor.py:186} INFO - Started process (PID=15643) to work on /usr/local/python/3.12.1/lib/python3.12/site-packages/airflow/example_dags/example_sensor_decorator.py
[2025-01-22T13:11:23.324+0000] {processor.py:914} INFO - Processing file /usr/local/python/3.12.1/lib/python3.12/site-packages/airflow/example_dags/example_sensor_decorator.py for tasks to queue
[2025-01-22T13:11:23.326+0000] {logging_mixin.py:190} INFO - [2025-01-22T13:11:23.326+0000] {dagbag.py:588} INFO - Filling up the DagBag from /usr/local/python/3.12.1/lib/python3.12/site-packages/airflow/example_dags/example_sensor_decorator.py
[2025-01-22T13:11:23.332+0000] {processor.py:925} INFO - DAG(s) 'example_sensor_decorator' retrieved from /usr/local/python/3.12.1/lib/python3.12/site-packages/airflow/example_dags/example_sensor_decorator.py
[2025-01-22T13:11:23.342+0000] {logging_mixin.py:190} INFO - [2025-01-22T13:11:23.342+0000] {dag.py:3239} INFO - Sync 1 DAGs
[2025-01-22T13:11:23.351+0000] {logging_mixin.py:190} INFO - [2025-01-22T13:11:23.351+0000] {dag.py:4180} INFO - Setting next_dagrun for example_sensor_decorator to None, run_after=None
[2025-01-22T13:11:23.365+0000] {processor.py:208} INFO - Processing /usr/local/python/3.12.1/lib/python3.12/site-packages/airflow/example_dags/example_sensor_decorator.py took 0.045 seconds
[2025-01-22T13:12:14.296+0000] {processor.py:186} INFO - Started process (PID=15999) to work on /usr/local/python/3.12.1/lib/python3.12/site-packages/airflow/example_dags/example_sensor_decorator.py
[2025-01-22T13:12:14.297+0000] {processor.py:914} INFO - Processing file /usr/local/python/3.12.1/lib/python3.12/site-packages/airflow/example_dags/example_sensor_decorator.py for tasks to queue
[2025-01-22T13:12:14.298+0000] {logging_mixin.py:190} INFO - [2025-01-22T13:12:14.298+0000] {dagbag.py:588} INFO - Filling up the DagBag from /usr/local/python/3.12.1/lib/python3.12/site-packages/airflow/example_dags/example_sensor_decorator.py
[2025-01-22T13:12:14.304+0000] {processor.py:925} INFO - DAG(s) 'example_sensor_decorator' retrieved from /usr/local/python/3.12.1/lib/python3.12/site-packages/airflow/example_dags/example_sensor_decorator.py
[2025-01-22T13:12:14.315+0000] {logging_mixin.py:190} INFO - [2025-01-22T13:12:14.315+0000] {dag.py:3239} INFO - Sync 1 DAGs
[2025-01-22T13:12:14.324+0000] {logging_mixin.py:190} INFO - [2025-01-22T13:12:14.324+0000] {dag.py:4180} INFO - Setting next_dagrun for example_sensor_decorator to None, run_after=None
[2025-01-22T13:12:14.339+0000] {processor.py:208} INFO - Processing /usr/local/python/3.12.1/lib/python3.12/site-packages/airflow/example_dags/example_sensor_decorator.py took 0.047 seconds
[2025-01-22T13:13:05.689+0000] {processor.py:186} INFO - Started process (PID=16491) to work on /usr/local/python/3.12.1/lib/python3.12/site-packages/airflow/example_dags/example_sensor_decorator.py
[2025-01-22T13:13:05.689+0000] {processor.py:914} INFO - Processing file /usr/local/python/3.12.1/lib/python3.12/site-packages/airflow/example_dags/example_sensor_decorator.py for tasks to queue
[2025-01-22T13:13:05.691+0000] {logging_mixin.py:190} INFO - [2025-01-22T13:13:05.690+0000] {dagbag.py:588} INFO - Filling up the DagBag from /usr/local/python/3.12.1/lib/python3.12/site-packages/airflow/example_dags/example_sensor_decorator.py
[2025-01-22T13:13:05.697+0000] {processor.py:925} INFO - DAG(s) 'example_sensor_decorator' retrieved from /usr/local/python/3.12.1/lib/python3.12/site-packages/airflow/example_dags/example_sensor_decorator.py
[2025-01-22T13:13:05.710+0000] {logging_mixin.py:190} INFO - [2025-01-22T13:13:05.710+0000] {dag.py:3239} INFO - Sync 1 DAGs
[2025-01-22T13:13:05.722+0000] {logging_mixin.py:190} INFO - [2025-01-22T13:13:05.722+0000] {dag.py:4180} INFO - Setting next_dagrun for example_sensor_decorator to None, run_after=None
[2025-01-22T13:13:05.736+0000] {processor.py:208} INFO - Processing /usr/local/python/3.12.1/lib/python3.12/site-packages/airflow/example_dags/example_sensor_decorator.py took 0.051 seconds
[2025-01-22T13:13:58.234+0000] {processor.py:186} INFO - Started process (PID=16919) to work on /usr/local/python/3.12.1/lib/python3.12/site-packages/airflow/example_dags/example_sensor_decorator.py
[2025-01-22T13:13:58.235+0000] {processor.py:914} INFO - Processing file /usr/local/python/3.12.1/lib/python3.12/site-packages/airflow/example_dags/example_sensor_decorator.py for tasks to queue
[2025-01-22T13:13:58.237+0000] {logging_mixin.py:190} INFO - [2025-01-22T13:13:58.236+0000] {dagbag.py:588} INFO - Filling up the DagBag from /usr/local/python/3.12.1/lib/python3.12/site-packages/airflow/example_dags/example_sensor_decorator.py
[2025-01-22T13:13:58.243+0000] {processor.py:925} INFO - DAG(s) 'example_sensor_decorator' retrieved from /usr/local/python/3.12.1/lib/python3.12/site-packages/airflow/example_dags/example_sensor_decorator.py
[2025-01-22T13:13:58.253+0000] {logging_mixin.py:190} INFO - [2025-01-22T13:13:58.253+0000] {dag.py:3239} INFO - Sync 1 DAGs
[2025-01-22T13:13:58.262+0000] {logging_mixin.py:190} INFO - [2025-01-22T13:13:58.261+0000] {dag.py:4180} INFO - Setting next_dagrun for example_sensor_decorator to None, run_after=None
[2025-01-22T13:13:58.276+0000] {processor.py:208} INFO - Processing /usr/local/python/3.12.1/lib/python3.12/site-packages/airflow/example_dags/example_sensor_decorator.py took 0.046 seconds
[2025-01-22T13:14:50.786+0000] {processor.py:186} INFO - Started process (PID=17344) to work on /usr/local/python/3.12.1/lib/python3.12/site-packages/airflow/example_dags/example_sensor_decorator.py
[2025-01-22T13:14:50.787+0000] {processor.py:914} INFO - Processing file /usr/local/python/3.12.1/lib/python3.12/site-packages/airflow/example_dags/example_sensor_decorator.py for tasks to queue
[2025-01-22T13:14:50.788+0000] {logging_mixin.py:190} INFO - [2025-01-22T13:14:50.788+0000] {dagbag.py:588} INFO - Filling up the DagBag from /usr/local/python/3.12.1/lib/python3.12/site-packages/airflow/example_dags/example_sensor_decorator.py
[2025-01-22T13:14:50.794+0000] {processor.py:925} INFO - DAG(s) 'example_sensor_decorator' retrieved from /usr/local/python/3.12.1/lib/python3.12/site-packages/airflow/example_dags/example_sensor_decorator.py
[2025-01-22T13:14:50.804+0000] {logging_mixin.py:190} INFO - [2025-01-22T13:14:50.804+0000] {dag.py:3239} INFO - Sync 1 DAGs
[2025-01-22T13:14:50.813+0000] {logging_mixin.py:190} INFO - [2025-01-22T13:14:50.813+0000] {dag.py:4180} INFO - Setting next_dagrun for example_sensor_decorator to None, run_after=None
[2025-01-22T13:14:50.827+0000] {processor.py:208} INFO - Processing /usr/local/python/3.12.1/lib/python3.12/site-packages/airflow/example_dags/example_sensor_decorator.py took 0.045 seconds
[2025-01-22T13:15:40.007+0000] {processor.py:186} INFO - Started process (PID=17765) to work on /usr/local/python/3.12.1/lib/python3.12/site-packages/airflow/example_dags/example_sensor_decorator.py
[2025-01-22T13:15:40.007+0000] {processor.py:914} INFO - Processing file /usr/local/python/3.12.1/lib/python3.12/site-packages/airflow/example_dags/example_sensor_decorator.py for tasks to queue
[2025-01-22T13:15:40.009+0000] {logging_mixin.py:190} INFO - [2025-01-22T13:15:40.009+0000] {dagbag.py:588} INFO - Filling up the DagBag from /usr/local/python/3.12.1/lib/python3.12/site-packages/airflow/example_dags/example_sensor_decorator.py
[2025-01-22T13:15:40.015+0000] {processor.py:925} INFO - DAG(s) 'example_sensor_decorator' retrieved from /usr/local/python/3.12.1/lib/python3.12/site-packages/airflow/example_dags/example_sensor_decorator.py
[2025-01-22T13:15:40.025+0000] {logging_mixin.py:190} INFO - [2025-01-22T13:15:40.025+0000] {dag.py:3239} INFO - Sync 1 DAGs
[2025-01-22T13:15:40.034+0000] {logging_mixin.py:190} INFO - [2025-01-22T13:15:40.034+0000] {dag.py:4180} INFO - Setting next_dagrun for example_sensor_decorator to None, run_after=None
[2025-01-22T13:15:40.048+0000] {processor.py:208} INFO - Processing /usr/local/python/3.12.1/lib/python3.12/site-packages/airflow/example_dags/example_sensor_decorator.py took 0.046 seconds
[2025-01-22T13:16:29.020+0000] {processor.py:186} INFO - Started process (PID=18175) to work on /usr/local/python/3.12.1/lib/python3.12/site-packages/airflow/example_dags/example_sensor_decorator.py
[2025-01-22T13:16:29.021+0000] {processor.py:914} INFO - Processing file /usr/local/python/3.12.1/lib/python3.12/site-packages/airflow/example_dags/example_sensor_decorator.py for tasks to queue
[2025-01-22T13:16:29.022+0000] {logging_mixin.py:190} INFO - [2025-01-22T13:16:29.022+0000] {dagbag.py:588} INFO - Filling up the DagBag from /usr/local/python/3.12.1/lib/python3.12/site-packages/airflow/example_dags/example_sensor_decorator.py
[2025-01-22T13:16:29.028+0000] {processor.py:925} INFO - DAG(s) 'example_sensor_decorator' retrieved from /usr/local/python/3.12.1/lib/python3.12/site-packages/airflow/example_dags/example_sensor_decorator.py
[2025-01-22T13:16:29.039+0000] {logging_mixin.py:190} INFO - [2025-01-22T13:16:29.039+0000] {dag.py:3239} INFO - Sync 1 DAGs
[2025-01-22T13:16:29.048+0000] {logging_mixin.py:190} INFO - [2025-01-22T13:16:29.048+0000] {dag.py:4180} INFO - Setting next_dagrun for example_sensor_decorator to None, run_after=None
[2025-01-22T13:16:29.062+0000] {processor.py:208} INFO - Processing /usr/local/python/3.12.1/lib/python3.12/site-packages/airflow/example_dags/example_sensor_decorator.py took 0.047 seconds
[2025-01-22T13:17:22.515+0000] {processor.py:186} INFO - Started process (PID=18609) to work on /usr/local/python/3.12.1/lib/python3.12/site-packages/airflow/example_dags/example_sensor_decorator.py
[2025-01-22T13:17:22.515+0000] {processor.py:914} INFO - Processing file /usr/local/python/3.12.1/lib/python3.12/site-packages/airflow/example_dags/example_sensor_decorator.py for tasks to queue
[2025-01-22T13:17:22.517+0000] {logging_mixin.py:190} INFO - [2025-01-22T13:17:22.516+0000] {dagbag.py:588} INFO - Filling up the DagBag from /usr/local/python/3.12.1/lib/python3.12/site-packages/airflow/example_dags/example_sensor_decorator.py
[2025-01-22T13:17:22.523+0000] {processor.py:925} INFO - DAG(s) 'example_sensor_decorator' retrieved from /usr/local/python/3.12.1/lib/python3.12/site-packages/airflow/example_dags/example_sensor_decorator.py
[2025-01-22T13:17:22.534+0000] {logging_mixin.py:190} INFO - [2025-01-22T13:17:22.534+0000] {dag.py:3239} INFO - Sync 1 DAGs
[2025-01-22T13:17:22.544+0000] {logging_mixin.py:190} INFO - [2025-01-22T13:17:22.544+0000] {dag.py:4180} INFO - Setting next_dagrun for example_sensor_decorator to None, run_after=None
[2025-01-22T13:17:22.560+0000] {processor.py:208} INFO - Processing /usr/local/python/3.12.1/lib/python3.12/site-packages/airflow/example_dags/example_sensor_decorator.py took 0.049 seconds
[2025-01-22T13:18:13.184+0000] {processor.py:186} INFO - Started process (PID=19028) to work on /usr/local/python/3.12.1/lib/python3.12/site-packages/airflow/example_dags/example_sensor_decorator.py
[2025-01-22T13:18:13.185+0000] {processor.py:914} INFO - Processing file /usr/local/python/3.12.1/lib/python3.12/site-packages/airflow/example_dags/example_sensor_decorator.py for tasks to queue
[2025-01-22T13:18:13.186+0000] {logging_mixin.py:190} INFO - [2025-01-22T13:18:13.186+0000] {dagbag.py:588} INFO - Filling up the DagBag from /usr/local/python/3.12.1/lib/python3.12/site-packages/airflow/example_dags/example_sensor_decorator.py
[2025-01-22T13:18:13.193+0000] {processor.py:925} INFO - DAG(s) 'example_sensor_decorator' retrieved from /usr/local/python/3.12.1/lib/python3.12/site-packages/airflow/example_dags/example_sensor_decorator.py
[2025-01-22T13:18:13.203+0000] {logging_mixin.py:190} INFO - [2025-01-22T13:18:13.203+0000] {dag.py:3239} INFO - Sync 1 DAGs
[2025-01-22T13:18:13.213+0000] {logging_mixin.py:190} INFO - [2025-01-22T13:18:13.213+0000] {dag.py:4180} INFO - Setting next_dagrun for example_sensor_decorator to None, run_after=None
[2025-01-22T13:18:13.228+0000] {processor.py:208} INFO - Processing /usr/local/python/3.12.1/lib/python3.12/site-packages/airflow/example_dags/example_sensor_decorator.py took 0.047 seconds
[2025-01-22T13:19:02.800+0000] {processor.py:186} INFO - Started process (PID=19757) to work on /usr/local/python/3.12.1/lib/python3.12/site-packages/airflow/example_dags/example_sensor_decorator.py
[2025-01-22T13:19:02.801+0000] {processor.py:914} INFO - Processing file /usr/local/python/3.12.1/lib/python3.12/site-packages/airflow/example_dags/example_sensor_decorator.py for tasks to queue
[2025-01-22T13:19:02.802+0000] {logging_mixin.py:190} INFO - [2025-01-22T13:19:02.802+0000] {dagbag.py:588} INFO - Filling up the DagBag from /usr/local/python/3.12.1/lib/python3.12/site-packages/airflow/example_dags/example_sensor_decorator.py
[2025-01-22T13:19:02.809+0000] {processor.py:925} INFO - DAG(s) 'example_sensor_decorator' retrieved from /usr/local/python/3.12.1/lib/python3.12/site-packages/airflow/example_dags/example_sensor_decorator.py
[2025-01-22T13:19:02.819+0000] {logging_mixin.py:190} INFO - [2025-01-22T13:19:02.819+0000] {dag.py:3239} INFO - Sync 1 DAGs
[2025-01-22T13:19:02.828+0000] {logging_mixin.py:190} INFO - [2025-01-22T13:19:02.828+0000] {dag.py:4180} INFO - Setting next_dagrun for example_sensor_decorator to None, run_after=None
[2025-01-22T13:19:02.844+0000] {processor.py:208} INFO - Processing /usr/local/python/3.12.1/lib/python3.12/site-packages/airflow/example_dags/example_sensor_decorator.py took 0.047 seconds
[2025-01-22T13:19:53.376+0000] {processor.py:186} INFO - Started process (PID=20742) to work on /usr/local/python/3.12.1/lib/python3.12/site-packages/airflow/example_dags/example_sensor_decorator.py
[2025-01-22T13:19:53.377+0000] {processor.py:914} INFO - Processing file /usr/local/python/3.12.1/lib/python3.12/site-packages/airflow/example_dags/example_sensor_decorator.py for tasks to queue
[2025-01-22T13:19:53.379+0000] {logging_mixin.py:190} INFO - [2025-01-22T13:19:53.378+0000] {dagbag.py:588} INFO - Filling up the DagBag from /usr/local/python/3.12.1/lib/python3.12/site-packages/airflow/example_dags/example_sensor_decorator.py
[2025-01-22T13:19:53.385+0000] {processor.py:925} INFO - DAG(s) 'example_sensor_decorator' retrieved from /usr/local/python/3.12.1/lib/python3.12/site-packages/airflow/example_dags/example_sensor_decorator.py
[2025-01-22T13:19:53.394+0000] {logging_mixin.py:190} INFO - [2025-01-22T13:19:53.394+0000] {dag.py:3239} INFO - Sync 1 DAGs
[2025-01-22T13:19:53.403+0000] {logging_mixin.py:190} INFO - [2025-01-22T13:19:53.403+0000] {dag.py:4180} INFO - Setting next_dagrun for example_sensor_decorator to None, run_after=None
[2025-01-22T13:19:53.417+0000] {processor.py:208} INFO - Processing /usr/local/python/3.12.1/lib/python3.12/site-packages/airflow/example_dags/example_sensor_decorator.py took 0.044 seconds
[2025-01-22T13:20:42.503+0000] {processor.py:186} INFO - Started process (PID=21423) to work on /usr/local/python/3.12.1/lib/python3.12/site-packages/airflow/example_dags/example_sensor_decorator.py
[2025-01-22T13:20:42.503+0000] {processor.py:914} INFO - Processing file /usr/local/python/3.12.1/lib/python3.12/site-packages/airflow/example_dags/example_sensor_decorator.py for tasks to queue
[2025-01-22T13:20:42.505+0000] {logging_mixin.py:190} INFO - [2025-01-22T13:20:42.504+0000] {dagbag.py:588} INFO - Filling up the DagBag from /usr/local/python/3.12.1/lib/python3.12/site-packages/airflow/example_dags/example_sensor_decorator.py
[2025-01-22T13:20:42.511+0000] {processor.py:925} INFO - DAG(s) 'example_sensor_decorator' retrieved from /usr/local/python/3.12.1/lib/python3.12/site-packages/airflow/example_dags/example_sensor_decorator.py
[2025-01-22T13:20:42.521+0000] {logging_mixin.py:190} INFO - [2025-01-22T13:20:42.521+0000] {dag.py:3239} INFO - Sync 1 DAGs
[2025-01-22T13:20:42.530+0000] {logging_mixin.py:190} INFO - [2025-01-22T13:20:42.530+0000] {dag.py:4180} INFO - Setting next_dagrun for example_sensor_decorator to None, run_after=None
[2025-01-22T13:20:42.543+0000] {processor.py:208} INFO - Processing /usr/local/python/3.12.1/lib/python3.12/site-packages/airflow/example_dags/example_sensor_decorator.py took 0.045 seconds
