[2025-01-22T12:53:00.943+0000] {processor.py:186} INFO - Started process (PID=5658) to work on /usr/local/python/3.12.1/lib/python3.12/site-packages/airflow/example_dags/example_branch_operator_decorator.py
[2025-01-22T12:53:00.948+0000] {processor.py:914} INFO - Processing file /usr/local/python/3.12.1/lib/python3.12/site-packages/airflow/example_dags/example_branch_operator_decorator.py for tasks to queue
[2025-01-22T12:53:00.950+0000] {logging_mixin.py:190} INFO - [2025-01-22T12:53:00.950+0000] {dagbag.py:588} INFO - Filling up the DagBag from /usr/local/python/3.12.1/lib/python3.12/site-packages/airflow/example_dags/example_branch_operator_decorator.py
[2025-01-22T12:53:00.977+0000] {processor.py:925} INFO - DAG(s) 'example_branch_python_operator_decorator' retrieved from /usr/local/python/3.12.1/lib/python3.12/site-packages/airflow/example_dags/example_branch_operator_decorator.py
[2025-01-22T12:53:01.077+0000] {logging_mixin.py:190} INFO - [2025-01-22T12:53:01.076+0000] {override.py:1911} INFO - Created Permission View: can delete on DAG:example_branch_python_operator_decorator
[2025-01-22T12:53:01.085+0000] {logging_mixin.py:190} INFO - [2025-01-22T12:53:01.085+0000] {override.py:1911} INFO - Created Permission View: can edit on DAG:example_branch_python_operator_decorator
[2025-01-22T12:53:01.093+0000] {logging_mixin.py:190} INFO - [2025-01-22T12:53:01.093+0000] {override.py:1911} INFO - Created Permission View: can read on DAG:example_branch_python_operator_decorator
[2025-01-22T12:53:01.100+0000] {logging_mixin.py:190} INFO - [2025-01-22T12:53:01.100+0000] {override.py:1911} INFO - Created Permission View: can create on DAG Run:example_branch_python_operator_decorator
[2025-01-22T12:53:01.105+0000] {logging_mixin.py:190} INFO - [2025-01-22T12:53:01.105+0000] {override.py:1911} INFO - Created Permission View: can read on DAG Run:example_branch_python_operator_decorator
[2025-01-22T12:53:01.110+0000] {logging_mixin.py:190} INFO - [2025-01-22T12:53:01.110+0000] {override.py:1911} INFO - Created Permission View: menu access on DAG Run:example_branch_python_operator_decorator
[2025-01-22T12:53:01.115+0000] {logging_mixin.py:190} INFO - [2025-01-22T12:53:01.115+0000] {override.py:1911} INFO - Created Permission View: can delete on DAG Run:example_branch_python_operator_decorator
[2025-01-22T12:53:01.115+0000] {logging_mixin.py:190} INFO - [2025-01-22T12:53:01.115+0000] {dag.py:3239} INFO - Sync 1 DAGs
[2025-01-22T12:53:01.133+0000] {logging_mixin.py:190} INFO - [2025-01-22T12:53:01.133+0000] {dag.py:3262} INFO - Creating ORM DAG for example_branch_python_operator_decorator
[2025-01-22T12:53:01.142+0000] {logging_mixin.py:190} INFO - [2025-01-22T12:53:01.142+0000] {dag.py:4180} INFO - Setting next_dagrun for example_branch_python_operator_decorator to 2025-01-21 00:00:00+00:00, run_after=2025-01-22 00:00:00+00:00
[2025-01-22T12:53:01.157+0000] {processor.py:208} INFO - Processing /usr/local/python/3.12.1/lib/python3.12/site-packages/airflow/example_dags/example_branch_operator_decorator.py took 0.224 seconds
[2025-01-22T12:53:57.684+0000] {processor.py:186} INFO - Started process (PID=6579) to work on /usr/local/python/3.12.1/lib/python3.12/site-packages/airflow/example_dags/example_branch_operator_decorator.py
[2025-01-22T12:53:57.684+0000] {processor.py:914} INFO - Processing file /usr/local/python/3.12.1/lib/python3.12/site-packages/airflow/example_dags/example_branch_operator_decorator.py for tasks to queue
[2025-01-22T12:53:57.686+0000] {logging_mixin.py:190} INFO - [2025-01-22T12:53:57.685+0000] {dagbag.py:588} INFO - Filling up the DagBag from /usr/local/python/3.12.1/lib/python3.12/site-packages/airflow/example_dags/example_branch_operator_decorator.py
[2025-01-22T12:53:57.702+0000] {processor.py:925} INFO - DAG(s) 'example_branch_python_operator_decorator' retrieved from /usr/local/python/3.12.1/lib/python3.12/site-packages/airflow/example_dags/example_branch_operator_decorator.py
[2025-01-22T12:53:57.718+0000] {logging_mixin.py:190} INFO - [2025-01-22T12:53:57.718+0000] {dag.py:3239} INFO - Sync 1 DAGs
[2025-01-22T12:53:57.734+0000] {logging_mixin.py:190} INFO - [2025-01-22T12:53:57.734+0000] {dag.py:4180} INFO - Setting next_dagrun for example_branch_python_operator_decorator to 2025-01-21 00:00:00+00:00, run_after=2025-01-22 00:00:00+00:00
[2025-01-22T12:53:57.748+0000] {processor.py:208} INFO - Processing /usr/local/python/3.12.1/lib/python3.12/site-packages/airflow/example_dags/example_branch_operator_decorator.py took 0.068 seconds
[2025-01-22T12:54:52.826+0000] {processor.py:186} INFO - Started process (PID=7156) to work on /usr/local/python/3.12.1/lib/python3.12/site-packages/airflow/example_dags/example_branch_operator_decorator.py
[2025-01-22T12:54:52.827+0000] {processor.py:914} INFO - Processing file /usr/local/python/3.12.1/lib/python3.12/site-packages/airflow/example_dags/example_branch_operator_decorator.py for tasks to queue
[2025-01-22T12:54:52.829+0000] {logging_mixin.py:190} INFO - [2025-01-22T12:54:52.829+0000] {dagbag.py:588} INFO - Filling up the DagBag from /usr/local/python/3.12.1/lib/python3.12/site-packages/airflow/example_dags/example_branch_operator_decorator.py
[2025-01-22T12:54:52.847+0000] {processor.py:925} INFO - DAG(s) 'example_branch_python_operator_decorator' retrieved from /usr/local/python/3.12.1/lib/python3.12/site-packages/airflow/example_dags/example_branch_operator_decorator.py
[2025-01-22T12:54:52.864+0000] {logging_mixin.py:190} INFO - [2025-01-22T12:54:52.863+0000] {dag.py:3239} INFO - Sync 1 DAGs
[2025-01-22T12:54:52.879+0000] {logging_mixin.py:190} INFO - [2025-01-22T12:54:52.878+0000] {dag.py:4180} INFO - Setting next_dagrun for example_branch_python_operator_decorator to 2025-01-21 00:00:00+00:00, run_after=2025-01-22 00:00:00+00:00
[2025-01-22T12:54:52.893+0000] {processor.py:208} INFO - Processing /usr/local/python/3.12.1/lib/python3.12/site-packages/airflow/example_dags/example_branch_operator_decorator.py took 0.072 seconds
[2025-01-22T12:55:47.545+0000] {processor.py:186} INFO - Started process (PID=7660) to work on /usr/local/python/3.12.1/lib/python3.12/site-packages/airflow/example_dags/example_branch_operator_decorator.py
[2025-01-22T12:55:47.546+0000] {processor.py:914} INFO - Processing file /usr/local/python/3.12.1/lib/python3.12/site-packages/airflow/example_dags/example_branch_operator_decorator.py for tasks to queue
[2025-01-22T12:55:47.547+0000] {logging_mixin.py:190} INFO - [2025-01-22T12:55:47.547+0000] {dagbag.py:588} INFO - Filling up the DagBag from /usr/local/python/3.12.1/lib/python3.12/site-packages/airflow/example_dags/example_branch_operator_decorator.py
[2025-01-22T12:55:47.563+0000] {processor.py:925} INFO - DAG(s) 'example_branch_python_operator_decorator' retrieved from /usr/local/python/3.12.1/lib/python3.12/site-packages/airflow/example_dags/example_branch_operator_decorator.py
[2025-01-22T12:55:47.580+0000] {logging_mixin.py:190} INFO - [2025-01-22T12:55:47.579+0000] {dag.py:3239} INFO - Sync 1 DAGs
[2025-01-22T12:55:47.594+0000] {logging_mixin.py:190} INFO - [2025-01-22T12:55:47.594+0000] {dag.py:4180} INFO - Setting next_dagrun for example_branch_python_operator_decorator to 2025-01-21 00:00:00+00:00, run_after=2025-01-22 00:00:00+00:00
[2025-01-22T12:55:47.608+0000] {processor.py:208} INFO - Processing /usr/local/python/3.12.1/lib/python3.12/site-packages/airflow/example_dags/example_branch_operator_decorator.py took 0.067 seconds
[2025-01-22T12:56:38.505+0000] {processor.py:186} INFO - Started process (PID=8082) to work on /usr/local/python/3.12.1/lib/python3.12/site-packages/airflow/example_dags/example_branch_operator_decorator.py
[2025-01-22T12:56:38.506+0000] {processor.py:914} INFO - Processing file /usr/local/python/3.12.1/lib/python3.12/site-packages/airflow/example_dags/example_branch_operator_decorator.py for tasks to queue
[2025-01-22T12:56:38.507+0000] {logging_mixin.py:190} INFO - [2025-01-22T12:56:38.507+0000] {dagbag.py:588} INFO - Filling up the DagBag from /usr/local/python/3.12.1/lib/python3.12/site-packages/airflow/example_dags/example_branch_operator_decorator.py
[2025-01-22T12:56:38.527+0000] {processor.py:925} INFO - DAG(s) 'example_branch_python_operator_decorator' retrieved from /usr/local/python/3.12.1/lib/python3.12/site-packages/airflow/example_dags/example_branch_operator_decorator.py
[2025-01-22T12:56:38.551+0000] {logging_mixin.py:190} INFO - [2025-01-22T12:56:38.550+0000] {dag.py:3239} INFO - Sync 1 DAGs
[2025-01-22T12:56:38.573+0000] {logging_mixin.py:190} INFO - [2025-01-22T12:56:38.573+0000] {dag.py:4180} INFO - Setting next_dagrun for example_branch_python_operator_decorator to 2025-01-21 00:00:00+00:00, run_after=2025-01-22 00:00:00+00:00
[2025-01-22T12:56:38.589+0000] {processor.py:208} INFO - Processing /usr/local/python/3.12.1/lib/python3.12/site-packages/airflow/example_dags/example_branch_operator_decorator.py took 0.088 seconds
[2025-01-22T12:57:30.335+0000] {processor.py:186} INFO - Started process (PID=8565) to work on /usr/local/python/3.12.1/lib/python3.12/site-packages/airflow/example_dags/example_branch_operator_decorator.py
[2025-01-22T12:57:30.335+0000] {processor.py:914} INFO - Processing file /usr/local/python/3.12.1/lib/python3.12/site-packages/airflow/example_dags/example_branch_operator_decorator.py for tasks to queue
[2025-01-22T12:57:30.337+0000] {logging_mixin.py:190} INFO - [2025-01-22T12:57:30.337+0000] {dagbag.py:588} INFO - Filling up the DagBag from /usr/local/python/3.12.1/lib/python3.12/site-packages/airflow/example_dags/example_branch_operator_decorator.py
[2025-01-22T12:57:30.353+0000] {processor.py:925} INFO - DAG(s) 'example_branch_python_operator_decorator' retrieved from /usr/local/python/3.12.1/lib/python3.12/site-packages/airflow/example_dags/example_branch_operator_decorator.py
[2025-01-22T12:57:30.370+0000] {logging_mixin.py:190} INFO - [2025-01-22T12:57:30.370+0000] {dag.py:3239} INFO - Sync 1 DAGs
[2025-01-22T12:57:30.385+0000] {logging_mixin.py:190} INFO - [2025-01-22T12:57:30.385+0000] {dag.py:4180} INFO - Setting next_dagrun for example_branch_python_operator_decorator to 2025-01-21 00:00:00+00:00, run_after=2025-01-22 00:00:00+00:00
[2025-01-22T12:57:30.400+0000] {processor.py:208} INFO - Processing /usr/local/python/3.12.1/lib/python3.12/site-packages/airflow/example_dags/example_branch_operator_decorator.py took 0.069 seconds
[2025-01-22T12:58:21.551+0000] {processor.py:186} INFO - Started process (PID=8954) to work on /usr/local/python/3.12.1/lib/python3.12/site-packages/airflow/example_dags/example_branch_operator_decorator.py
[2025-01-22T12:58:21.552+0000] {processor.py:914} INFO - Processing file /usr/local/python/3.12.1/lib/python3.12/site-packages/airflow/example_dags/example_branch_operator_decorator.py for tasks to queue
[2025-01-22T12:58:21.553+0000] {logging_mixin.py:190} INFO - [2025-01-22T12:58:21.553+0000] {dagbag.py:588} INFO - Filling up the DagBag from /usr/local/python/3.12.1/lib/python3.12/site-packages/airflow/example_dags/example_branch_operator_decorator.py
[2025-01-22T12:58:21.569+0000] {processor.py:925} INFO - DAG(s) 'example_branch_python_operator_decorator' retrieved from /usr/local/python/3.12.1/lib/python3.12/site-packages/airflow/example_dags/example_branch_operator_decorator.py
[2025-01-22T12:58:21.588+0000] {logging_mixin.py:190} INFO - [2025-01-22T12:58:21.588+0000] {dag.py:3239} INFO - Sync 1 DAGs
[2025-01-22T12:58:21.611+0000] {logging_mixin.py:190} INFO - [2025-01-22T12:58:21.611+0000] {dag.py:4180} INFO - Setting next_dagrun for example_branch_python_operator_decorator to 2025-01-21 00:00:00+00:00, run_after=2025-01-22 00:00:00+00:00
[2025-01-22T12:58:21.627+0000] {processor.py:208} INFO - Processing /usr/local/python/3.12.1/lib/python3.12/site-packages/airflow/example_dags/example_branch_operator_decorator.py took 0.080 seconds
[2025-01-22T12:59:13.053+0000] {processor.py:186} INFO - Started process (PID=9359) to work on /usr/local/python/3.12.1/lib/python3.12/site-packages/airflow/example_dags/example_branch_operator_decorator.py
[2025-01-22T12:59:13.053+0000] {processor.py:914} INFO - Processing file /usr/local/python/3.12.1/lib/python3.12/site-packages/airflow/example_dags/example_branch_operator_decorator.py for tasks to queue
[2025-01-22T12:59:13.055+0000] {logging_mixin.py:190} INFO - [2025-01-22T12:59:13.054+0000] {dagbag.py:588} INFO - Filling up the DagBag from /usr/local/python/3.12.1/lib/python3.12/site-packages/airflow/example_dags/example_branch_operator_decorator.py
[2025-01-22T12:59:13.071+0000] {processor.py:925} INFO - DAG(s) 'example_branch_python_operator_decorator' retrieved from /usr/local/python/3.12.1/lib/python3.12/site-packages/airflow/example_dags/example_branch_operator_decorator.py
[2025-01-22T12:59:13.088+0000] {logging_mixin.py:190} INFO - [2025-01-22T12:59:13.088+0000] {dag.py:3239} INFO - Sync 1 DAGs
[2025-01-22T12:59:13.103+0000] {logging_mixin.py:190} INFO - [2025-01-22T12:59:13.103+0000] {dag.py:4180} INFO - Setting next_dagrun for example_branch_python_operator_decorator to 2025-01-21 00:00:00+00:00, run_after=2025-01-22 00:00:00+00:00
[2025-01-22T12:59:13.117+0000] {processor.py:208} INFO - Processing /usr/local/python/3.12.1/lib/python3.12/site-packages/airflow/example_dags/example_branch_operator_decorator.py took 0.068 seconds
[2025-01-22T13:00:05.421+0000] {processor.py:186} INFO - Started process (PID=9781) to work on /usr/local/python/3.12.1/lib/python3.12/site-packages/airflow/example_dags/example_branch_operator_decorator.py
[2025-01-22T13:00:05.421+0000] {processor.py:914} INFO - Processing file /usr/local/python/3.12.1/lib/python3.12/site-packages/airflow/example_dags/example_branch_operator_decorator.py for tasks to queue
[2025-01-22T13:00:05.423+0000] {logging_mixin.py:190} INFO - [2025-01-22T13:00:05.423+0000] {dagbag.py:588} INFO - Filling up the DagBag from /usr/local/python/3.12.1/lib/python3.12/site-packages/airflow/example_dags/example_branch_operator_decorator.py
[2025-01-22T13:00:05.439+0000] {processor.py:925} INFO - DAG(s) 'example_branch_python_operator_decorator' retrieved from /usr/local/python/3.12.1/lib/python3.12/site-packages/airflow/example_dags/example_branch_operator_decorator.py
[2025-01-22T13:00:05.455+0000] {logging_mixin.py:190} INFO - [2025-01-22T13:00:05.455+0000] {dag.py:3239} INFO - Sync 1 DAGs
[2025-01-22T13:00:05.470+0000] {logging_mixin.py:190} INFO - [2025-01-22T13:00:05.470+0000] {dag.py:4180} INFO - Setting next_dagrun for example_branch_python_operator_decorator to 2025-01-21 00:00:00+00:00, run_after=2025-01-22 00:00:00+00:00
[2025-01-22T13:00:05.484+0000] {processor.py:208} INFO - Processing /usr/local/python/3.12.1/lib/python3.12/site-packages/airflow/example_dags/example_branch_operator_decorator.py took 0.067 seconds
[2025-01-22T13:00:56.401+0000] {processor.py:186} INFO - Started process (PID=10206) to work on /usr/local/python/3.12.1/lib/python3.12/site-packages/airflow/example_dags/example_branch_operator_decorator.py
[2025-01-22T13:00:56.402+0000] {processor.py:914} INFO - Processing file /usr/local/python/3.12.1/lib/python3.12/site-packages/airflow/example_dags/example_branch_operator_decorator.py for tasks to queue
[2025-01-22T13:00:56.403+0000] {logging_mixin.py:190} INFO - [2025-01-22T13:00:56.403+0000] {dagbag.py:588} INFO - Filling up the DagBag from /usr/local/python/3.12.1/lib/python3.12/site-packages/airflow/example_dags/example_branch_operator_decorator.py
[2025-01-22T13:00:56.420+0000] {processor.py:925} INFO - DAG(s) 'example_branch_python_operator_decorator' retrieved from /usr/local/python/3.12.1/lib/python3.12/site-packages/airflow/example_dags/example_branch_operator_decorator.py
[2025-01-22T13:00:56.436+0000] {logging_mixin.py:190} INFO - [2025-01-22T13:00:56.436+0000] {dag.py:3239} INFO - Sync 1 DAGs
[2025-01-22T13:00:56.451+0000] {logging_mixin.py:190} INFO - [2025-01-22T13:00:56.451+0000] {dag.py:4180} INFO - Setting next_dagrun for example_branch_python_operator_decorator to 2025-01-21 00:00:00+00:00, run_after=2025-01-22 00:00:00+00:00
[2025-01-22T13:00:56.465+0000] {processor.py:208} INFO - Processing /usr/local/python/3.12.1/lib/python3.12/site-packages/airflow/example_dags/example_branch_operator_decorator.py took 0.068 seconds
[2025-01-22T13:01:49.241+0000] {processor.py:186} INFO - Started process (PID=10650) to work on /usr/local/python/3.12.1/lib/python3.12/site-packages/airflow/example_dags/example_branch_operator_decorator.py
[2025-01-22T13:01:49.242+0000] {processor.py:914} INFO - Processing file /usr/local/python/3.12.1/lib/python3.12/site-packages/airflow/example_dags/example_branch_operator_decorator.py for tasks to queue
[2025-01-22T13:01:49.243+0000] {logging_mixin.py:190} INFO - [2025-01-22T13:01:49.243+0000] {dagbag.py:588} INFO - Filling up the DagBag from /usr/local/python/3.12.1/lib/python3.12/site-packages/airflow/example_dags/example_branch_operator_decorator.py
[2025-01-22T13:01:49.259+0000] {processor.py:925} INFO - DAG(s) 'example_branch_python_operator_decorator' retrieved from /usr/local/python/3.12.1/lib/python3.12/site-packages/airflow/example_dags/example_branch_operator_decorator.py
[2025-01-22T13:01:49.276+0000] {logging_mixin.py:190} INFO - [2025-01-22T13:01:49.276+0000] {dag.py:3239} INFO - Sync 1 DAGs
[2025-01-22T13:01:49.291+0000] {logging_mixin.py:190} INFO - [2025-01-22T13:01:49.291+0000] {dag.py:4180} INFO - Setting next_dagrun for example_branch_python_operator_decorator to 2025-01-21 00:00:00+00:00, run_after=2025-01-22 00:00:00+00:00
[2025-01-22T13:01:49.305+0000] {processor.py:208} INFO - Processing /usr/local/python/3.12.1/lib/python3.12/site-packages/airflow/example_dags/example_branch_operator_decorator.py took 0.068 seconds
[2025-01-22T13:02:38.790+0000] {processor.py:186} INFO - Started process (PID=11132) to work on /usr/local/python/3.12.1/lib/python3.12/site-packages/airflow/example_dags/example_branch_operator_decorator.py
[2025-01-22T13:02:38.791+0000] {processor.py:914} INFO - Processing file /usr/local/python/3.12.1/lib/python3.12/site-packages/airflow/example_dags/example_branch_operator_decorator.py for tasks to queue
[2025-01-22T13:02:38.792+0000] {logging_mixin.py:190} INFO - [2025-01-22T13:02:38.792+0000] {dagbag.py:588} INFO - Filling up the DagBag from /usr/local/python/3.12.1/lib/python3.12/site-packages/airflow/example_dags/example_branch_operator_decorator.py
[2025-01-22T13:02:38.808+0000] {processor.py:925} INFO - DAG(s) 'example_branch_python_operator_decorator' retrieved from /usr/local/python/3.12.1/lib/python3.12/site-packages/airflow/example_dags/example_branch_operator_decorator.py
[2025-01-22T13:02:38.825+0000] {logging_mixin.py:190} INFO - [2025-01-22T13:02:38.825+0000] {dag.py:3239} INFO - Sync 1 DAGs
[2025-01-22T13:02:38.840+0000] {logging_mixin.py:190} INFO - [2025-01-22T13:02:38.840+0000] {dag.py:4180} INFO - Setting next_dagrun for example_branch_python_operator_decorator to 2025-01-21 00:00:00+00:00, run_after=2025-01-22 00:00:00+00:00
[2025-01-22T13:02:38.854+0000] {processor.py:208} INFO - Processing /usr/local/python/3.12.1/lib/python3.12/site-packages/airflow/example_dags/example_branch_operator_decorator.py took 0.068 seconds
[2025-01-22T13:03:28.390+0000] {processor.py:186} INFO - Started process (PID=11534) to work on /usr/local/python/3.12.1/lib/python3.12/site-packages/airflow/example_dags/example_branch_operator_decorator.py
[2025-01-22T13:03:28.391+0000] {processor.py:914} INFO - Processing file /usr/local/python/3.12.1/lib/python3.12/site-packages/airflow/example_dags/example_branch_operator_decorator.py for tasks to queue
[2025-01-22T13:03:28.392+0000] {logging_mixin.py:190} INFO - [2025-01-22T13:03:28.392+0000] {dagbag.py:588} INFO - Filling up the DagBag from /usr/local/python/3.12.1/lib/python3.12/site-packages/airflow/example_dags/example_branch_operator_decorator.py
[2025-01-22T13:03:28.412+0000] {processor.py:925} INFO - DAG(s) 'example_branch_python_operator_decorator' retrieved from /usr/local/python/3.12.1/lib/python3.12/site-packages/airflow/example_dags/example_branch_operator_decorator.py
[2025-01-22T13:03:28.429+0000] {logging_mixin.py:190} INFO - [2025-01-22T13:03:28.429+0000] {dag.py:3239} INFO - Sync 1 DAGs
[2025-01-22T13:03:28.444+0000] {logging_mixin.py:190} INFO - [2025-01-22T13:03:28.443+0000] {dag.py:4180} INFO - Setting next_dagrun for example_branch_python_operator_decorator to 2025-01-21 00:00:00+00:00, run_after=2025-01-22 00:00:00+00:00
[2025-01-22T13:03:28.457+0000] {processor.py:208} INFO - Processing /usr/local/python/3.12.1/lib/python3.12/site-packages/airflow/example_dags/example_branch_operator_decorator.py took 0.071 seconds
[2025-01-22T13:04:20.207+0000] {processor.py:186} INFO - Started process (PID=11901) to work on /usr/local/python/3.12.1/lib/python3.12/site-packages/airflow/example_dags/example_branch_operator_decorator.py
[2025-01-22T13:04:20.209+0000] {processor.py:914} INFO - Processing file /usr/local/python/3.12.1/lib/python3.12/site-packages/airflow/example_dags/example_branch_operator_decorator.py for tasks to queue
[2025-01-22T13:04:20.211+0000] {logging_mixin.py:190} INFO - [2025-01-22T13:04:20.211+0000] {dagbag.py:588} INFO - Filling up the DagBag from /usr/local/python/3.12.1/lib/python3.12/site-packages/airflow/example_dags/example_branch_operator_decorator.py
[2025-01-22T13:04:20.234+0000] {processor.py:925} INFO - DAG(s) 'example_branch_python_operator_decorator' retrieved from /usr/local/python/3.12.1/lib/python3.12/site-packages/airflow/example_dags/example_branch_operator_decorator.py
[2025-01-22T13:04:20.251+0000] {logging_mixin.py:190} INFO - [2025-01-22T13:04:20.251+0000] {dag.py:3239} INFO - Sync 1 DAGs
[2025-01-22T13:04:20.276+0000] {logging_mixin.py:190} INFO - [2025-01-22T13:04:20.276+0000] {dag.py:4180} INFO - Setting next_dagrun for example_branch_python_operator_decorator to 2025-01-21 00:00:00+00:00, run_after=2025-01-22 00:00:00+00:00
[2025-01-22T13:04:20.298+0000] {processor.py:208} INFO - Processing /usr/local/python/3.12.1/lib/python3.12/site-packages/airflow/example_dags/example_branch_operator_decorator.py took 0.097 seconds
[2025-01-22T13:05:11.160+0000] {processor.py:186} INFO - Started process (PID=12329) to work on /usr/local/python/3.12.1/lib/python3.12/site-packages/airflow/example_dags/example_branch_operator_decorator.py
[2025-01-22T13:05:11.161+0000] {processor.py:914} INFO - Processing file /usr/local/python/3.12.1/lib/python3.12/site-packages/airflow/example_dags/example_branch_operator_decorator.py for tasks to queue
[2025-01-22T13:05:11.163+0000] {logging_mixin.py:190} INFO - [2025-01-22T13:05:11.163+0000] {dagbag.py:588} INFO - Filling up the DagBag from /usr/local/python/3.12.1/lib/python3.12/site-packages/airflow/example_dags/example_branch_operator_decorator.py
[2025-01-22T13:05:11.182+0000] {processor.py:925} INFO - DAG(s) 'example_branch_python_operator_decorator' retrieved from /usr/local/python/3.12.1/lib/python3.12/site-packages/airflow/example_dags/example_branch_operator_decorator.py
[2025-01-22T13:05:11.213+0000] {logging_mixin.py:190} INFO - [2025-01-22T13:05:11.213+0000] {dag.py:3239} INFO - Sync 1 DAGs
[2025-01-22T13:05:11.237+0000] {logging_mixin.py:190} INFO - [2025-01-22T13:05:11.237+0000] {dag.py:4180} INFO - Setting next_dagrun for example_branch_python_operator_decorator to 2025-01-21 00:00:00+00:00, run_after=2025-01-22 00:00:00+00:00
[2025-01-22T13:05:11.255+0000] {processor.py:208} INFO - Processing /usr/local/python/3.12.1/lib/python3.12/site-packages/airflow/example_dags/example_branch_operator_decorator.py took 0.101 seconds
[2025-01-22T13:06:03.685+0000] {processor.py:186} INFO - Started process (PID=12770) to work on /usr/local/python/3.12.1/lib/python3.12/site-packages/airflow/example_dags/example_branch_operator_decorator.py
[2025-01-22T13:06:03.685+0000] {processor.py:914} INFO - Processing file /usr/local/python/3.12.1/lib/python3.12/site-packages/airflow/example_dags/example_branch_operator_decorator.py for tasks to queue
[2025-01-22T13:06:03.687+0000] {logging_mixin.py:190} INFO - [2025-01-22T13:06:03.686+0000] {dagbag.py:588} INFO - Filling up the DagBag from /usr/local/python/3.12.1/lib/python3.12/site-packages/airflow/example_dags/example_branch_operator_decorator.py
[2025-01-22T13:06:03.706+0000] {processor.py:925} INFO - DAG(s) 'example_branch_python_operator_decorator' retrieved from /usr/local/python/3.12.1/lib/python3.12/site-packages/airflow/example_dags/example_branch_operator_decorator.py
[2025-01-22T13:06:03.729+0000] {logging_mixin.py:190} INFO - [2025-01-22T13:06:03.728+0000] {dag.py:3239} INFO - Sync 1 DAGs
[2025-01-22T13:06:03.744+0000] {logging_mixin.py:190} INFO - [2025-01-22T13:06:03.744+0000] {dag.py:4180} INFO - Setting next_dagrun for example_branch_python_operator_decorator to 2025-01-21 00:00:00+00:00, run_after=2025-01-22 00:00:00+00:00
[2025-01-22T13:06:03.758+0000] {processor.py:208} INFO - Processing /usr/local/python/3.12.1/lib/python3.12/site-packages/airflow/example_dags/example_branch_operator_decorator.py took 0.077 seconds
[2025-01-22T13:07:14.501+0000] {processor.py:186} INFO - Started process (PID=13333) to work on /usr/local/python/3.12.1/lib/python3.12/site-packages/airflow/example_dags/example_branch_operator_decorator.py
[2025-01-22T13:07:14.502+0000] {processor.py:914} INFO - Processing file /usr/local/python/3.12.1/lib/python3.12/site-packages/airflow/example_dags/example_branch_operator_decorator.py for tasks to queue
[2025-01-22T13:07:14.503+0000] {logging_mixin.py:190} INFO - [2025-01-22T13:07:14.503+0000] {dagbag.py:588} INFO - Filling up the DagBag from /usr/local/python/3.12.1/lib/python3.12/site-packages/airflow/example_dags/example_branch_operator_decorator.py
[2025-01-22T13:07:14.521+0000] {processor.py:925} INFO - DAG(s) 'example_branch_python_operator_decorator' retrieved from /usr/local/python/3.12.1/lib/python3.12/site-packages/airflow/example_dags/example_branch_operator_decorator.py
[2025-01-22T13:07:14.539+0000] {logging_mixin.py:190} INFO - [2025-01-22T13:07:14.539+0000] {dag.py:3239} INFO - Sync 1 DAGs
[2025-01-22T13:07:14.554+0000] {logging_mixin.py:190} INFO - [2025-01-22T13:07:14.554+0000] {dag.py:4180} INFO - Setting next_dagrun for example_branch_python_operator_decorator to 2025-01-21 00:00:00+00:00, run_after=2025-01-22 00:00:00+00:00
[2025-01-22T13:07:14.568+0000] {processor.py:208} INFO - Processing /usr/local/python/3.12.1/lib/python3.12/site-packages/airflow/example_dags/example_branch_operator_decorator.py took 0.071 seconds
[2025-01-22T13:08:08.965+0000] {processor.py:186} INFO - Started process (PID=13904) to work on /usr/local/python/3.12.1/lib/python3.12/site-packages/airflow/example_dags/example_branch_operator_decorator.py
[2025-01-22T13:08:08.966+0000] {processor.py:914} INFO - Processing file /usr/local/python/3.12.1/lib/python3.12/site-packages/airflow/example_dags/example_branch_operator_decorator.py for tasks to queue
[2025-01-22T13:08:08.967+0000] {logging_mixin.py:190} INFO - [2025-01-22T13:08:08.967+0000] {dagbag.py:588} INFO - Filling up the DagBag from /usr/local/python/3.12.1/lib/python3.12/site-packages/airflow/example_dags/example_branch_operator_decorator.py
[2025-01-22T13:08:08.984+0000] {processor.py:925} INFO - DAG(s) 'example_branch_python_operator_decorator' retrieved from /usr/local/python/3.12.1/lib/python3.12/site-packages/airflow/example_dags/example_branch_operator_decorator.py
[2025-01-22T13:08:09.000+0000] {logging_mixin.py:190} INFO - [2025-01-22T13:08:09.000+0000] {dag.py:3239} INFO - Sync 1 DAGs
[2025-01-22T13:08:09.015+0000] {logging_mixin.py:190} INFO - [2025-01-22T13:08:09.015+0000] {dag.py:4180} INFO - Setting next_dagrun for example_branch_python_operator_decorator to 2025-01-21 00:00:00+00:00, run_after=2025-01-22 00:00:00+00:00
[2025-01-22T13:08:09.029+0000] {processor.py:208} INFO - Processing /usr/local/python/3.12.1/lib/python3.12/site-packages/airflow/example_dags/example_branch_operator_decorator.py took 0.068 seconds
[2025-01-22T13:09:00.502+0000] {processor.py:186} INFO - Started process (PID=14455) to work on /usr/local/python/3.12.1/lib/python3.12/site-packages/airflow/example_dags/example_branch_operator_decorator.py
[2025-01-22T13:09:00.503+0000] {processor.py:914} INFO - Processing file /usr/local/python/3.12.1/lib/python3.12/site-packages/airflow/example_dags/example_branch_operator_decorator.py for tasks to queue
[2025-01-22T13:09:00.505+0000] {logging_mixin.py:190} INFO - [2025-01-22T13:09:00.504+0000] {dagbag.py:588} INFO - Filling up the DagBag from /usr/local/python/3.12.1/lib/python3.12/site-packages/airflow/example_dags/example_branch_operator_decorator.py
[2025-01-22T13:09:00.521+0000] {processor.py:925} INFO - DAG(s) 'example_branch_python_operator_decorator' retrieved from /usr/local/python/3.12.1/lib/python3.12/site-packages/airflow/example_dags/example_branch_operator_decorator.py
[2025-01-22T13:09:00.538+0000] {logging_mixin.py:190} INFO - [2025-01-22T13:09:00.537+0000] {dag.py:3239} INFO - Sync 1 DAGs
[2025-01-22T13:09:00.556+0000] {logging_mixin.py:190} INFO - [2025-01-22T13:09:00.556+0000] {dag.py:4180} INFO - Setting next_dagrun for example_branch_python_operator_decorator to 2025-01-21 00:00:00+00:00, run_after=2025-01-22 00:00:00+00:00
[2025-01-22T13:09:00.571+0000] {processor.py:208} INFO - Processing /usr/local/python/3.12.1/lib/python3.12/site-packages/airflow/example_dags/example_branch_operator_decorator.py took 0.073 seconds
[2025-01-22T13:09:49.336+0000] {processor.py:186} INFO - Started process (PID=14864) to work on /usr/local/python/3.12.1/lib/python3.12/site-packages/airflow/example_dags/example_branch_operator_decorator.py
[2025-01-22T13:09:49.336+0000] {processor.py:914} INFO - Processing file /usr/local/python/3.12.1/lib/python3.12/site-packages/airflow/example_dags/example_branch_operator_decorator.py for tasks to queue
[2025-01-22T13:09:49.338+0000] {logging_mixin.py:190} INFO - [2025-01-22T13:09:49.338+0000] {dagbag.py:588} INFO - Filling up the DagBag from /usr/local/python/3.12.1/lib/python3.12/site-packages/airflow/example_dags/example_branch_operator_decorator.py
[2025-01-22T13:09:49.354+0000] {processor.py:925} INFO - DAG(s) 'example_branch_python_operator_decorator' retrieved from /usr/local/python/3.12.1/lib/python3.12/site-packages/airflow/example_dags/example_branch_operator_decorator.py
[2025-01-22T13:09:49.371+0000] {logging_mixin.py:190} INFO - [2025-01-22T13:09:49.371+0000] {dag.py:3239} INFO - Sync 1 DAGs
[2025-01-22T13:09:49.386+0000] {logging_mixin.py:190} INFO - [2025-01-22T13:09:49.386+0000] {dag.py:4180} INFO - Setting next_dagrun for example_branch_python_operator_decorator to 2025-01-21 00:00:00+00:00, run_after=2025-01-22 00:00:00+00:00
[2025-01-22T13:09:49.400+0000] {processor.py:208} INFO - Processing /usr/local/python/3.12.1/lib/python3.12/site-packages/airflow/example_dags/example_branch_operator_decorator.py took 0.069 seconds
[2025-01-22T13:10:39.592+0000] {processor.py:186} INFO - Started process (PID=15283) to work on /usr/local/python/3.12.1/lib/python3.12/site-packages/airflow/example_dags/example_branch_operator_decorator.py
[2025-01-22T13:10:39.593+0000] {processor.py:914} INFO - Processing file /usr/local/python/3.12.1/lib/python3.12/site-packages/airflow/example_dags/example_branch_operator_decorator.py for tasks to queue
[2025-01-22T13:10:39.599+0000] {logging_mixin.py:190} INFO - [2025-01-22T13:10:39.599+0000] {dagbag.py:588} INFO - Filling up the DagBag from /usr/local/python/3.12.1/lib/python3.12/site-packages/airflow/example_dags/example_branch_operator_decorator.py
[2025-01-22T13:10:39.626+0000] {processor.py:925} INFO - DAG(s) 'example_branch_python_operator_decorator' retrieved from /usr/local/python/3.12.1/lib/python3.12/site-packages/airflow/example_dags/example_branch_operator_decorator.py
[2025-01-22T13:10:39.654+0000] {logging_mixin.py:190} INFO - [2025-01-22T13:10:39.654+0000] {dag.py:3239} INFO - Sync 1 DAGs
[2025-01-22T13:10:39.681+0000] {logging_mixin.py:190} INFO - [2025-01-22T13:10:39.681+0000] {dag.py:4180} INFO - Setting next_dagrun for example_branch_python_operator_decorator to 2025-01-21 00:00:00+00:00, run_after=2025-01-22 00:00:00+00:00
[2025-01-22T13:10:39.716+0000] {processor.py:208} INFO - Processing /usr/local/python/3.12.1/lib/python3.12/site-packages/airflow/example_dags/example_branch_operator_decorator.py took 0.131 seconds
[2025-01-22T13:11:29.121+0000] {processor.py:186} INFO - Started process (PID=15694) to work on /usr/local/python/3.12.1/lib/python3.12/site-packages/airflow/example_dags/example_branch_operator_decorator.py
[2025-01-22T13:11:29.121+0000] {processor.py:914} INFO - Processing file /usr/local/python/3.12.1/lib/python3.12/site-packages/airflow/example_dags/example_branch_operator_decorator.py for tasks to queue
[2025-01-22T13:11:29.123+0000] {logging_mixin.py:190} INFO - [2025-01-22T13:11:29.123+0000] {dagbag.py:588} INFO - Filling up the DagBag from /usr/local/python/3.12.1/lib/python3.12/site-packages/airflow/example_dags/example_branch_operator_decorator.py
[2025-01-22T13:11:29.139+0000] {processor.py:925} INFO - DAG(s) 'example_branch_python_operator_decorator' retrieved from /usr/local/python/3.12.1/lib/python3.12/site-packages/airflow/example_dags/example_branch_operator_decorator.py
[2025-01-22T13:11:29.156+0000] {logging_mixin.py:190} INFO - [2025-01-22T13:11:29.155+0000] {dag.py:3239} INFO - Sync 1 DAGs
[2025-01-22T13:11:29.171+0000] {logging_mixin.py:190} INFO - [2025-01-22T13:11:29.171+0000] {dag.py:4180} INFO - Setting next_dagrun for example_branch_python_operator_decorator to 2025-01-21 00:00:00+00:00, run_after=2025-01-22 00:00:00+00:00
[2025-01-22T13:11:29.185+0000] {processor.py:208} INFO - Processing /usr/local/python/3.12.1/lib/python3.12/site-packages/airflow/example_dags/example_branch_operator_decorator.py took 0.068 seconds
[2025-01-22T13:12:19.874+0000] {processor.py:186} INFO - Started process (PID=16049) to work on /usr/local/python/3.12.1/lib/python3.12/site-packages/airflow/example_dags/example_branch_operator_decorator.py
[2025-01-22T13:12:19.874+0000] {processor.py:914} INFO - Processing file /usr/local/python/3.12.1/lib/python3.12/site-packages/airflow/example_dags/example_branch_operator_decorator.py for tasks to queue
[2025-01-22T13:12:19.876+0000] {logging_mixin.py:190} INFO - [2025-01-22T13:12:19.875+0000] {dagbag.py:588} INFO - Filling up the DagBag from /usr/local/python/3.12.1/lib/python3.12/site-packages/airflow/example_dags/example_branch_operator_decorator.py
[2025-01-22T13:12:19.892+0000] {processor.py:925} INFO - DAG(s) 'example_branch_python_operator_decorator' retrieved from /usr/local/python/3.12.1/lib/python3.12/site-packages/airflow/example_dags/example_branch_operator_decorator.py
[2025-01-22T13:12:19.909+0000] {logging_mixin.py:190} INFO - [2025-01-22T13:12:19.908+0000] {dag.py:3239} INFO - Sync 1 DAGs
[2025-01-22T13:12:19.925+0000] {logging_mixin.py:190} INFO - [2025-01-22T13:12:19.925+0000] {dag.py:4180} INFO - Setting next_dagrun for example_branch_python_operator_decorator to 2025-01-21 00:00:00+00:00, run_after=2025-01-22 00:00:00+00:00
[2025-01-22T13:12:19.940+0000] {processor.py:208} INFO - Processing /usr/local/python/3.12.1/lib/python3.12/site-packages/airflow/example_dags/example_branch_operator_decorator.py took 0.070 seconds
[2025-01-22T13:13:11.795+0000] {processor.py:186} INFO - Started process (PID=16541) to work on /usr/local/python/3.12.1/lib/python3.12/site-packages/airflow/example_dags/example_branch_operator_decorator.py
[2025-01-22T13:13:11.796+0000] {processor.py:914} INFO - Processing file /usr/local/python/3.12.1/lib/python3.12/site-packages/airflow/example_dags/example_branch_operator_decorator.py for tasks to queue
[2025-01-22T13:13:11.798+0000] {logging_mixin.py:190} INFO - [2025-01-22T13:13:11.797+0000] {dagbag.py:588} INFO - Filling up the DagBag from /usr/local/python/3.12.1/lib/python3.12/site-packages/airflow/example_dags/example_branch_operator_decorator.py
[2025-01-22T13:13:11.814+0000] {processor.py:925} INFO - DAG(s) 'example_branch_python_operator_decorator' retrieved from /usr/local/python/3.12.1/lib/python3.12/site-packages/airflow/example_dags/example_branch_operator_decorator.py
[2025-01-22T13:13:11.831+0000] {logging_mixin.py:190} INFO - [2025-01-22T13:13:11.831+0000] {dag.py:3239} INFO - Sync 1 DAGs
[2025-01-22T13:13:11.846+0000] {logging_mixin.py:190} INFO - [2025-01-22T13:13:11.846+0000] {dag.py:4180} INFO - Setting next_dagrun for example_branch_python_operator_decorator to 2025-01-21 00:00:00+00:00, run_after=2025-01-22 00:00:00+00:00
[2025-01-22T13:13:11.860+0000] {processor.py:208} INFO - Processing /usr/local/python/3.12.1/lib/python3.12/site-packages/airflow/example_dags/example_branch_operator_decorator.py took 0.069 seconds
[2025-01-22T13:14:04.201+0000] {processor.py:186} INFO - Started process (PID=16961) to work on /usr/local/python/3.12.1/lib/python3.12/site-packages/airflow/example_dags/example_branch_operator_decorator.py
[2025-01-22T13:14:04.201+0000] {processor.py:914} INFO - Processing file /usr/local/python/3.12.1/lib/python3.12/site-packages/airflow/example_dags/example_branch_operator_decorator.py for tasks to queue
[2025-01-22T13:14:04.203+0000] {logging_mixin.py:190} INFO - [2025-01-22T13:14:04.203+0000] {dagbag.py:588} INFO - Filling up the DagBag from /usr/local/python/3.12.1/lib/python3.12/site-packages/airflow/example_dags/example_branch_operator_decorator.py
[2025-01-22T13:14:04.219+0000] {processor.py:925} INFO - DAG(s) 'example_branch_python_operator_decorator' retrieved from /usr/local/python/3.12.1/lib/python3.12/site-packages/airflow/example_dags/example_branch_operator_decorator.py
[2025-01-22T13:14:04.235+0000] {logging_mixin.py:190} INFO - [2025-01-22T13:14:04.235+0000] {dag.py:3239} INFO - Sync 1 DAGs
[2025-01-22T13:14:04.250+0000] {logging_mixin.py:190} INFO - [2025-01-22T13:14:04.250+0000] {dag.py:4180} INFO - Setting next_dagrun for example_branch_python_operator_decorator to 2025-01-21 00:00:00+00:00, run_after=2025-01-22 00:00:00+00:00
[2025-01-22T13:14:04.277+0000] {processor.py:208} INFO - Processing /usr/local/python/3.12.1/lib/python3.12/site-packages/airflow/example_dags/example_branch_operator_decorator.py took 0.080 seconds
[2025-01-22T13:14:56.667+0000] {processor.py:186} INFO - Started process (PID=17394) to work on /usr/local/python/3.12.1/lib/python3.12/site-packages/airflow/example_dags/example_branch_operator_decorator.py
[2025-01-22T13:14:56.668+0000] {processor.py:914} INFO - Processing file /usr/local/python/3.12.1/lib/python3.12/site-packages/airflow/example_dags/example_branch_operator_decorator.py for tasks to queue
[2025-01-22T13:14:56.669+0000] {logging_mixin.py:190} INFO - [2025-01-22T13:14:56.669+0000] {dagbag.py:588} INFO - Filling up the DagBag from /usr/local/python/3.12.1/lib/python3.12/site-packages/airflow/example_dags/example_branch_operator_decorator.py
[2025-01-22T13:14:56.686+0000] {processor.py:925} INFO - DAG(s) 'example_branch_python_operator_decorator' retrieved from /usr/local/python/3.12.1/lib/python3.12/site-packages/airflow/example_dags/example_branch_operator_decorator.py
[2025-01-22T13:14:56.704+0000] {logging_mixin.py:190} INFO - [2025-01-22T13:14:56.703+0000] {dag.py:3239} INFO - Sync 1 DAGs
[2025-01-22T13:14:56.718+0000] {logging_mixin.py:190} INFO - [2025-01-22T13:14:56.718+0000] {dag.py:4180} INFO - Setting next_dagrun for example_branch_python_operator_decorator to 2025-01-21 00:00:00+00:00, run_after=2025-01-22 00:00:00+00:00
[2025-01-22T13:14:56.733+0000] {processor.py:208} INFO - Processing /usr/local/python/3.12.1/lib/python3.12/site-packages/airflow/example_dags/example_branch_operator_decorator.py took 0.069 seconds
[2025-01-22T13:15:45.147+0000] {processor.py:186} INFO - Started process (PID=17808) to work on /usr/local/python/3.12.1/lib/python3.12/site-packages/airflow/example_dags/example_branch_operator_decorator.py
[2025-01-22T13:15:45.148+0000] {processor.py:914} INFO - Processing file /usr/local/python/3.12.1/lib/python3.12/site-packages/airflow/example_dags/example_branch_operator_decorator.py for tasks to queue
[2025-01-22T13:15:45.149+0000] {logging_mixin.py:190} INFO - [2025-01-22T13:15:45.149+0000] {dagbag.py:588} INFO - Filling up the DagBag from /usr/local/python/3.12.1/lib/python3.12/site-packages/airflow/example_dags/example_branch_operator_decorator.py
[2025-01-22T13:15:45.165+0000] {processor.py:925} INFO - DAG(s) 'example_branch_python_operator_decorator' retrieved from /usr/local/python/3.12.1/lib/python3.12/site-packages/airflow/example_dags/example_branch_operator_decorator.py
[2025-01-22T13:15:45.182+0000] {logging_mixin.py:190} INFO - [2025-01-22T13:15:45.182+0000] {dag.py:3239} INFO - Sync 1 DAGs
[2025-01-22T13:15:45.197+0000] {logging_mixin.py:190} INFO - [2025-01-22T13:15:45.197+0000] {dag.py:4180} INFO - Setting next_dagrun for example_branch_python_operator_decorator to 2025-01-21 00:00:00+00:00, run_after=2025-01-22 00:00:00+00:00
[2025-01-22T13:15:45.211+0000] {processor.py:208} INFO - Processing /usr/local/python/3.12.1/lib/python3.12/site-packages/airflow/example_dags/example_branch_operator_decorator.py took 0.068 seconds
[2025-01-22T13:16:35.300+0000] {processor.py:186} INFO - Started process (PID=18223) to work on /usr/local/python/3.12.1/lib/python3.12/site-packages/airflow/example_dags/example_branch_operator_decorator.py
[2025-01-22T13:16:35.300+0000] {processor.py:914} INFO - Processing file /usr/local/python/3.12.1/lib/python3.12/site-packages/airflow/example_dags/example_branch_operator_decorator.py for tasks to queue
[2025-01-22T13:16:35.302+0000] {logging_mixin.py:190} INFO - [2025-01-22T13:16:35.301+0000] {dagbag.py:588} INFO - Filling up the DagBag from /usr/local/python/3.12.1/lib/python3.12/site-packages/airflow/example_dags/example_branch_operator_decorator.py
[2025-01-22T13:16:35.318+0000] {processor.py:925} INFO - DAG(s) 'example_branch_python_operator_decorator' retrieved from /usr/local/python/3.12.1/lib/python3.12/site-packages/airflow/example_dags/example_branch_operator_decorator.py
[2025-01-22T13:16:35.335+0000] {logging_mixin.py:190} INFO - [2025-01-22T13:16:35.335+0000] {dag.py:3239} INFO - Sync 1 DAGs
[2025-01-22T13:16:35.350+0000] {logging_mixin.py:190} INFO - [2025-01-22T13:16:35.350+0000] {dag.py:4180} INFO - Setting next_dagrun for example_branch_python_operator_decorator to 2025-01-21 00:00:00+00:00, run_after=2025-01-22 00:00:00+00:00
[2025-01-22T13:16:35.365+0000] {processor.py:208} INFO - Processing /usr/local/python/3.12.1/lib/python3.12/site-packages/airflow/example_dags/example_branch_operator_decorator.py took 0.070 seconds
[2025-01-22T13:17:28.663+0000] {processor.py:186} INFO - Started process (PID=18720) to work on /usr/local/python/3.12.1/lib/python3.12/site-packages/airflow/example_dags/example_branch_operator_decorator.py
[2025-01-22T13:17:28.664+0000] {processor.py:914} INFO - Processing file /usr/local/python/3.12.1/lib/python3.12/site-packages/airflow/example_dags/example_branch_operator_decorator.py for tasks to queue
[2025-01-22T13:17:28.665+0000] {logging_mixin.py:190} INFO - [2025-01-22T13:17:28.665+0000] {dagbag.py:588} INFO - Filling up the DagBag from /usr/local/python/3.12.1/lib/python3.12/site-packages/airflow/example_dags/example_branch_operator_decorator.py
[2025-01-22T13:17:28.681+0000] {processor.py:925} INFO - DAG(s) 'example_branch_python_operator_decorator' retrieved from /usr/local/python/3.12.1/lib/python3.12/site-packages/airflow/example_dags/example_branch_operator_decorator.py
[2025-01-22T13:17:28.698+0000] {logging_mixin.py:190} INFO - [2025-01-22T13:17:28.698+0000] {dag.py:3239} INFO - Sync 1 DAGs
[2025-01-22T13:17:28.713+0000] {logging_mixin.py:190} INFO - [2025-01-22T13:17:28.713+0000] {dag.py:4180} INFO - Setting next_dagrun for example_branch_python_operator_decorator to 2025-01-21 00:00:00+00:00, run_after=2025-01-22 00:00:00+00:00
[2025-01-22T13:17:28.727+0000] {processor.py:208} INFO - Processing /usr/local/python/3.12.1/lib/python3.12/site-packages/airflow/example_dags/example_branch_operator_decorator.py took 0.069 seconds
[2025-01-22T13:18:19.041+0000] {processor.py:186} INFO - Started process (PID=19084) to work on /usr/local/python/3.12.1/lib/python3.12/site-packages/airflow/example_dags/example_branch_operator_decorator.py
[2025-01-22T13:18:19.042+0000] {processor.py:914} INFO - Processing file /usr/local/python/3.12.1/lib/python3.12/site-packages/airflow/example_dags/example_branch_operator_decorator.py for tasks to queue
[2025-01-22T13:18:19.043+0000] {logging_mixin.py:190} INFO - [2025-01-22T13:18:19.043+0000] {dagbag.py:588} INFO - Filling up the DagBag from /usr/local/python/3.12.1/lib/python3.12/site-packages/airflow/example_dags/example_branch_operator_decorator.py
[2025-01-22T13:18:19.059+0000] {processor.py:925} INFO - DAG(s) 'example_branch_python_operator_decorator' retrieved from /usr/local/python/3.12.1/lib/python3.12/site-packages/airflow/example_dags/example_branch_operator_decorator.py
[2025-01-22T13:18:19.076+0000] {logging_mixin.py:190} INFO - [2025-01-22T13:18:19.076+0000] {dag.py:3239} INFO - Sync 1 DAGs
[2025-01-22T13:18:19.098+0000] {logging_mixin.py:190} INFO - [2025-01-22T13:18:19.097+0000] {dag.py:4180} INFO - Setting next_dagrun for example_branch_python_operator_decorator to 2025-01-21 00:00:00+00:00, run_after=2025-01-22 00:00:00+00:00
[2025-01-22T13:18:19.117+0000] {processor.py:208} INFO - Processing /usr/local/python/3.12.1/lib/python3.12/site-packages/airflow/example_dags/example_branch_operator_decorator.py took 0.080 seconds
[2025-01-22T13:19:07.939+0000] {processor.py:186} INFO - Started process (PID=19862) to work on /usr/local/python/3.12.1/lib/python3.12/site-packages/airflow/example_dags/example_branch_operator_decorator.py
[2025-01-22T13:19:07.939+0000] {processor.py:914} INFO - Processing file /usr/local/python/3.12.1/lib/python3.12/site-packages/airflow/example_dags/example_branch_operator_decorator.py for tasks to queue
[2025-01-22T13:19:07.941+0000] {logging_mixin.py:190} INFO - [2025-01-22T13:19:07.941+0000] {dagbag.py:588} INFO - Filling up the DagBag from /usr/local/python/3.12.1/lib/python3.12/site-packages/airflow/example_dags/example_branch_operator_decorator.py
[2025-01-22T13:19:07.957+0000] {processor.py:925} INFO - DAG(s) 'example_branch_python_operator_decorator' retrieved from /usr/local/python/3.12.1/lib/python3.12/site-packages/airflow/example_dags/example_branch_operator_decorator.py
[2025-01-22T13:19:07.974+0000] {logging_mixin.py:190} INFO - [2025-01-22T13:19:07.974+0000] {dag.py:3239} INFO - Sync 1 DAGs
[2025-01-22T13:19:07.989+0000] {logging_mixin.py:190} INFO - [2025-01-22T13:19:07.989+0000] {dag.py:4180} INFO - Setting next_dagrun for example_branch_python_operator_decorator to 2025-01-21 00:00:00+00:00, run_after=2025-01-22 00:00:00+00:00
[2025-01-22T13:19:08.004+0000] {processor.py:208} INFO - Processing /usr/local/python/3.12.1/lib/python3.12/site-packages/airflow/example_dags/example_branch_operator_decorator.py took 0.069 seconds
[2025-01-22T13:19:59.021+0000] {processor.py:186} INFO - Started process (PID=20846) to work on /usr/local/python/3.12.1/lib/python3.12/site-packages/airflow/example_dags/example_branch_operator_decorator.py
[2025-01-22T13:19:59.022+0000] {processor.py:914} INFO - Processing file /usr/local/python/3.12.1/lib/python3.12/site-packages/airflow/example_dags/example_branch_operator_decorator.py for tasks to queue
[2025-01-22T13:19:59.024+0000] {logging_mixin.py:190} INFO - [2025-01-22T13:19:59.024+0000] {dagbag.py:588} INFO - Filling up the DagBag from /usr/local/python/3.12.1/lib/python3.12/site-packages/airflow/example_dags/example_branch_operator_decorator.py
[2025-01-22T13:19:59.056+0000] {processor.py:925} INFO - DAG(s) 'example_branch_python_operator_decorator' retrieved from /usr/local/python/3.12.1/lib/python3.12/site-packages/airflow/example_dags/example_branch_operator_decorator.py
[2025-01-22T13:19:59.079+0000] {logging_mixin.py:190} INFO - [2025-01-22T13:19:59.079+0000] {dag.py:3239} INFO - Sync 1 DAGs
[2025-01-22T13:19:59.097+0000] {logging_mixin.py:190} INFO - [2025-01-22T13:19:59.097+0000] {dag.py:4180} INFO - Setting next_dagrun for example_branch_python_operator_decorator to 2025-01-21 00:00:00+00:00, run_after=2025-01-22 00:00:00+00:00
[2025-01-22T13:19:59.112+0000] {processor.py:208} INFO - Processing /usr/local/python/3.12.1/lib/python3.12/site-packages/airflow/example_dags/example_branch_operator_decorator.py took 0.096 seconds
[2025-01-22T13:20:47.644+0000] {processor.py:186} INFO - Started process (PID=21472) to work on /usr/local/python/3.12.1/lib/python3.12/site-packages/airflow/example_dags/example_branch_operator_decorator.py
[2025-01-22T13:20:47.645+0000] {processor.py:914} INFO - Processing file /usr/local/python/3.12.1/lib/python3.12/site-packages/airflow/example_dags/example_branch_operator_decorator.py for tasks to queue
[2025-01-22T13:20:47.646+0000] {logging_mixin.py:190} INFO - [2025-01-22T13:20:47.646+0000] {dagbag.py:588} INFO - Filling up the DagBag from /usr/local/python/3.12.1/lib/python3.12/site-packages/airflow/example_dags/example_branch_operator_decorator.py
[2025-01-22T13:20:47.664+0000] {processor.py:925} INFO - DAG(s) 'example_branch_python_operator_decorator' retrieved from /usr/local/python/3.12.1/lib/python3.12/site-packages/airflow/example_dags/example_branch_operator_decorator.py
[2025-01-22T13:20:47.681+0000] {logging_mixin.py:190} INFO - [2025-01-22T13:20:47.681+0000] {dag.py:3239} INFO - Sync 1 DAGs
[2025-01-22T13:20:47.703+0000] {logging_mixin.py:190} INFO - [2025-01-22T13:20:47.703+0000] {dag.py:4180} INFO - Setting next_dagrun for example_branch_python_operator_decorator to 2025-01-21 00:00:00+00:00, run_after=2025-01-22 00:00:00+00:00
[2025-01-22T13:20:47.724+0000] {processor.py:208} INFO - Processing /usr/local/python/3.12.1/lib/python3.12/site-packages/airflow/example_dags/example_branch_operator_decorator.py took 0.084 seconds
[2025-01-22T13:21:36.874+0000] {processor.py:186} INFO - Started process (PID=21963) to work on /usr/local/python/3.12.1/lib/python3.12/site-packages/airflow/example_dags/example_branch_operator_decorator.py
[2025-01-22T13:21:36.875+0000] {processor.py:914} INFO - Processing file /usr/local/python/3.12.1/lib/python3.12/site-packages/airflow/example_dags/example_branch_operator_decorator.py for tasks to queue
[2025-01-22T13:21:36.876+0000] {logging_mixin.py:190} INFO - [2025-01-22T13:21:36.876+0000] {dagbag.py:588} INFO - Filling up the DagBag from /usr/local/python/3.12.1/lib/python3.12/site-packages/airflow/example_dags/example_branch_operator_decorator.py
[2025-01-22T13:21:36.892+0000] {processor.py:925} INFO - DAG(s) 'example_branch_python_operator_decorator' retrieved from /usr/local/python/3.12.1/lib/python3.12/site-packages/airflow/example_dags/example_branch_operator_decorator.py
[2025-01-22T13:21:36.909+0000] {logging_mixin.py:190} INFO - [2025-01-22T13:21:36.909+0000] {dag.py:3239} INFO - Sync 1 DAGs
[2025-01-22T13:21:36.924+0000] {logging_mixin.py:190} INFO - [2025-01-22T13:21:36.924+0000] {dag.py:4180} INFO - Setting next_dagrun for example_branch_python_operator_decorator to 2025-01-21 00:00:00+00:00, run_after=2025-01-22 00:00:00+00:00
[2025-01-22T13:21:36.938+0000] {processor.py:208} INFO - Processing /usr/local/python/3.12.1/lib/python3.12/site-packages/airflow/example_dags/example_branch_operator_decorator.py took 0.068 seconds
