[2025-01-22T12:52:29.151+0000] {processor.py:186} INFO - Started process (PID=5245) to work on /usr/local/python/3.12.1/lib/python3.12/site-packages/airflow/example_dags/example_sensors.py
[2025-01-22T12:52:29.152+0000] {processor.py:914} INFO - Processing file /usr/local/python/3.12.1/lib/python3.12/site-packages/airflow/example_dags/example_sensors.py for tasks to queue
[2025-01-22T12:52:29.153+0000] {logging_mixin.py:190} INFO - [2025-01-22T12:52:29.153+0000] {dagbag.py:588} INFO - Filling up the DagBag from /usr/local/python/3.12.1/lib/python3.12/site-packages/airflow/example_dags/example_sensors.py
[2025-01-22T12:52:29.162+0000] {processor.py:925} INFO - DAG(s) 'example_sensors' retrieved from /usr/local/python/3.12.1/lib/python3.12/site-packages/airflow/example_dags/example_sensors.py
[2025-01-22T12:52:29.244+0000] {logging_mixin.py:190} INFO - [2025-01-22T12:52:29.244+0000] {override.py:1911} INFO - Created Permission View: can delete on DAG:example_sensors
[2025-01-22T12:52:29.252+0000] {logging_mixin.py:190} INFO - [2025-01-22T12:52:29.252+0000] {override.py:1911} INFO - Created Permission View: can edit on DAG:example_sensors
[2025-01-22T12:52:29.257+0000] {logging_mixin.py:190} INFO - [2025-01-22T12:52:29.257+0000] {override.py:1911} INFO - Created Permission View: can read on DAG:example_sensors
[2025-01-22T12:52:29.266+0000] {logging_mixin.py:190} INFO - [2025-01-22T12:52:29.266+0000] {override.py:1911} INFO - Created Permission View: can create on DAG Run:example_sensors
[2025-01-22T12:52:29.271+0000] {logging_mixin.py:190} INFO - [2025-01-22T12:52:29.271+0000] {override.py:1911} INFO - Created Permission View: can read on DAG Run:example_sensors
[2025-01-22T12:52:29.276+0000] {logging_mixin.py:190} INFO - [2025-01-22T12:52:29.276+0000] {override.py:1911} INFO - Created Permission View: menu access on DAG Run:example_sensors
[2025-01-22T12:52:29.284+0000] {logging_mixin.py:190} INFO - [2025-01-22T12:52:29.284+0000] {override.py:1911} INFO - Created Permission View: can delete on DAG Run:example_sensors
[2025-01-22T12:52:29.285+0000] {logging_mixin.py:190} INFO - [2025-01-22T12:52:29.285+0000] {dag.py:3239} INFO - Sync 1 DAGs
[2025-01-22T12:52:29.293+0000] {logging_mixin.py:190} INFO - [2025-01-22T12:52:29.293+0000] {dag.py:3262} INFO - Creating ORM DAG for example_sensors
[2025-01-22T12:52:29.293+0000] {logging_mixin.py:190} INFO - [2025-01-22T12:52:29.293+0000] {dag.py:4180} INFO - Setting next_dagrun for example_sensors to None, run_after=None
[2025-01-22T12:52:29.308+0000] {processor.py:208} INFO - Processing /usr/local/python/3.12.1/lib/python3.12/site-packages/airflow/example_dags/example_sensors.py took 0.160 seconds
[2025-01-22T12:53:31.737+0000] {processor.py:186} INFO - Started process (PID=6162) to work on /usr/local/python/3.12.1/lib/python3.12/site-packages/airflow/example_dags/example_sensors.py
[2025-01-22T12:53:31.738+0000] {processor.py:914} INFO - Processing file /usr/local/python/3.12.1/lib/python3.12/site-packages/airflow/example_dags/example_sensors.py for tasks to queue
[2025-01-22T12:53:31.739+0000] {logging_mixin.py:190} INFO - [2025-01-22T12:53:31.739+0000] {dagbag.py:588} INFO - Filling up the DagBag from /usr/local/python/3.12.1/lib/python3.12/site-packages/airflow/example_dags/example_sensors.py
[2025-01-22T12:53:31.751+0000] {processor.py:925} INFO - DAG(s) 'example_sensors' retrieved from /usr/local/python/3.12.1/lib/python3.12/site-packages/airflow/example_dags/example_sensors.py
[2025-01-22T12:53:31.776+0000] {logging_mixin.py:190} INFO - [2025-01-22T12:53:31.776+0000] {dag.py:3239} INFO - Sync 1 DAGs
[2025-01-22T12:53:31.789+0000] {logging_mixin.py:190} INFO - [2025-01-22T12:53:31.789+0000] {dag.py:4180} INFO - Setting next_dagrun for example_sensors to None, run_after=None
[2025-01-22T12:53:31.826+0000] {processor.py:208} INFO - Processing /usr/local/python/3.12.1/lib/python3.12/site-packages/airflow/example_dags/example_sensors.py took 0.093 seconds
[2025-01-22T12:54:23.376+0000] {processor.py:186} INFO - Started process (PID=6894) to work on /usr/local/python/3.12.1/lib/python3.12/site-packages/airflow/example_dags/example_sensors.py
[2025-01-22T12:54:23.376+0000] {processor.py:914} INFO - Processing file /usr/local/python/3.12.1/lib/python3.12/site-packages/airflow/example_dags/example_sensors.py for tasks to queue
[2025-01-22T12:54:23.378+0000] {logging_mixin.py:190} INFO - [2025-01-22T12:54:23.378+0000] {dagbag.py:588} INFO - Filling up the DagBag from /usr/local/python/3.12.1/lib/python3.12/site-packages/airflow/example_dags/example_sensors.py
[2025-01-22T12:54:23.386+0000] {processor.py:925} INFO - DAG(s) 'example_sensors' retrieved from /usr/local/python/3.12.1/lib/python3.12/site-packages/airflow/example_dags/example_sensors.py
[2025-01-22T12:54:23.401+0000] {logging_mixin.py:190} INFO - [2025-01-22T12:54:23.401+0000] {dag.py:3239} INFO - Sync 1 DAGs
[2025-01-22T12:54:23.410+0000] {logging_mixin.py:190} INFO - [2025-01-22T12:54:23.410+0000] {dag.py:4180} INFO - Setting next_dagrun for example_sensors to None, run_after=None
[2025-01-22T12:54:23.424+0000] {processor.py:208} INFO - Processing /usr/local/python/3.12.1/lib/python3.12/site-packages/airflow/example_dags/example_sensors.py took 0.052 seconds
[2025-01-22T12:55:15.606+0000] {processor.py:186} INFO - Started process (PID=7323) to work on /usr/local/python/3.12.1/lib/python3.12/site-packages/airflow/example_dags/example_sensors.py
[2025-01-22T12:55:15.607+0000] {processor.py:914} INFO - Processing file /usr/local/python/3.12.1/lib/python3.12/site-packages/airflow/example_dags/example_sensors.py for tasks to queue
[2025-01-22T12:55:15.608+0000] {logging_mixin.py:190} INFO - [2025-01-22T12:55:15.608+0000] {dagbag.py:588} INFO - Filling up the DagBag from /usr/local/python/3.12.1/lib/python3.12/site-packages/airflow/example_dags/example_sensors.py
[2025-01-22T12:55:15.616+0000] {processor.py:925} INFO - DAG(s) 'example_sensors' retrieved from /usr/local/python/3.12.1/lib/python3.12/site-packages/airflow/example_dags/example_sensors.py
[2025-01-22T12:55:15.632+0000] {logging_mixin.py:190} INFO - [2025-01-22T12:55:15.632+0000] {dag.py:3239} INFO - Sync 1 DAGs
[2025-01-22T12:55:15.641+0000] {logging_mixin.py:190} INFO - [2025-01-22T12:55:15.641+0000] {dag.py:4180} INFO - Setting next_dagrun for example_sensors to None, run_after=None
[2025-01-22T12:55:15.656+0000] {processor.py:208} INFO - Processing /usr/local/python/3.12.1/lib/python3.12/site-packages/airflow/example_dags/example_sensors.py took 0.053 seconds
[2025-01-22T12:56:08.104+0000] {processor.py:186} INFO - Started process (PID=7802) to work on /usr/local/python/3.12.1/lib/python3.12/site-packages/airflow/example_dags/example_sensors.py
[2025-01-22T12:56:08.105+0000] {processor.py:914} INFO - Processing file /usr/local/python/3.12.1/lib/python3.12/site-packages/airflow/example_dags/example_sensors.py for tasks to queue
[2025-01-22T12:56:08.106+0000] {logging_mixin.py:190} INFO - [2025-01-22T12:56:08.106+0000] {dagbag.py:588} INFO - Filling up the DagBag from /usr/local/python/3.12.1/lib/python3.12/site-packages/airflow/example_dags/example_sensors.py
[2025-01-22T12:56:08.114+0000] {processor.py:925} INFO - DAG(s) 'example_sensors' retrieved from /usr/local/python/3.12.1/lib/python3.12/site-packages/airflow/example_dags/example_sensors.py
[2025-01-22T12:56:08.129+0000] {logging_mixin.py:190} INFO - [2025-01-22T12:56:08.129+0000] {dag.py:3239} INFO - Sync 1 DAGs
[2025-01-22T12:56:08.138+0000] {logging_mixin.py:190} INFO - [2025-01-22T12:56:08.138+0000] {dag.py:4180} INFO - Setting next_dagrun for example_sensors to None, run_after=None
[2025-01-22T12:56:08.153+0000] {processor.py:208} INFO - Processing /usr/local/python/3.12.1/lib/python3.12/site-packages/airflow/example_dags/example_sensors.py took 0.052 seconds
[2025-01-22T12:56:59.539+0000] {processor.py:186} INFO - Started process (PID=8228) to work on /usr/local/python/3.12.1/lib/python3.12/site-packages/airflow/example_dags/example_sensors.py
[2025-01-22T12:56:59.539+0000] {processor.py:914} INFO - Processing file /usr/local/python/3.12.1/lib/python3.12/site-packages/airflow/example_dags/example_sensors.py for tasks to queue
[2025-01-22T12:56:59.541+0000] {logging_mixin.py:190} INFO - [2025-01-22T12:56:59.540+0000] {dagbag.py:588} INFO - Filling up the DagBag from /usr/local/python/3.12.1/lib/python3.12/site-packages/airflow/example_dags/example_sensors.py
[2025-01-22T12:56:59.549+0000] {processor.py:925} INFO - DAG(s) 'example_sensors' retrieved from /usr/local/python/3.12.1/lib/python3.12/site-packages/airflow/example_dags/example_sensors.py
[2025-01-22T12:56:59.563+0000] {logging_mixin.py:190} INFO - [2025-01-22T12:56:59.563+0000] {dag.py:3239} INFO - Sync 1 DAGs
[2025-01-22T12:56:59.572+0000] {logging_mixin.py:190} INFO - [2025-01-22T12:56:59.572+0000] {dag.py:4180} INFO - Setting next_dagrun for example_sensors to None, run_after=None
[2025-01-22T12:56:59.586+0000] {processor.py:208} INFO - Processing /usr/local/python/3.12.1/lib/python3.12/site-packages/airflow/example_dags/example_sensors.py took 0.051 seconds
[2025-01-22T12:57:49.771+0000] {processor.py:186} INFO - Started process (PID=8706) to work on /usr/local/python/3.12.1/lib/python3.12/site-packages/airflow/example_dags/example_sensors.py
[2025-01-22T12:57:49.772+0000] {processor.py:914} INFO - Processing file /usr/local/python/3.12.1/lib/python3.12/site-packages/airflow/example_dags/example_sensors.py for tasks to queue
[2025-01-22T12:57:49.773+0000] {logging_mixin.py:190} INFO - [2025-01-22T12:57:49.773+0000] {dagbag.py:588} INFO - Filling up the DagBag from /usr/local/python/3.12.1/lib/python3.12/site-packages/airflow/example_dags/example_sensors.py
[2025-01-22T12:57:49.781+0000] {processor.py:925} INFO - DAG(s) 'example_sensors' retrieved from /usr/local/python/3.12.1/lib/python3.12/site-packages/airflow/example_dags/example_sensors.py
[2025-01-22T12:57:49.796+0000] {logging_mixin.py:190} INFO - [2025-01-22T12:57:49.796+0000] {dag.py:3239} INFO - Sync 1 DAGs
[2025-01-22T12:57:49.805+0000] {logging_mixin.py:190} INFO - [2025-01-22T12:57:49.805+0000] {dag.py:4180} INFO - Setting next_dagrun for example_sensors to None, run_after=None
[2025-01-22T12:57:49.819+0000] {processor.py:208} INFO - Processing /usr/local/python/3.12.1/lib/python3.12/site-packages/airflow/example_dags/example_sensors.py took 0.052 seconds
[2025-01-22T12:58:39.384+0000] {processor.py:186} INFO - Started process (PID=9121) to work on /usr/local/python/3.12.1/lib/python3.12/site-packages/airflow/example_dags/example_sensors.py
[2025-01-22T12:58:39.384+0000] {processor.py:914} INFO - Processing file /usr/local/python/3.12.1/lib/python3.12/site-packages/airflow/example_dags/example_sensors.py for tasks to queue
[2025-01-22T12:58:39.386+0000] {logging_mixin.py:190} INFO - [2025-01-22T12:58:39.385+0000] {dagbag.py:588} INFO - Filling up the DagBag from /usr/local/python/3.12.1/lib/python3.12/site-packages/airflow/example_dags/example_sensors.py
[2025-01-22T12:58:39.394+0000] {processor.py:925} INFO - DAG(s) 'example_sensors' retrieved from /usr/local/python/3.12.1/lib/python3.12/site-packages/airflow/example_dags/example_sensors.py
[2025-01-22T12:58:39.408+0000] {logging_mixin.py:190} INFO - [2025-01-22T12:58:39.408+0000] {dag.py:3239} INFO - Sync 1 DAGs
[2025-01-22T12:58:39.417+0000] {logging_mixin.py:190} INFO - [2025-01-22T12:58:39.417+0000] {dag.py:4180} INFO - Setting next_dagrun for example_sensors to None, run_after=None
[2025-01-22T12:58:39.432+0000] {processor.py:208} INFO - Processing /usr/local/python/3.12.1/lib/python3.12/site-packages/airflow/example_dags/example_sensors.py took 0.052 seconds
[2025-01-22T12:59:30.737+0000] {processor.py:186} INFO - Started process (PID=9550) to work on /usr/local/python/3.12.1/lib/python3.12/site-packages/airflow/example_dags/example_sensors.py
[2025-01-22T12:59:30.737+0000] {processor.py:914} INFO - Processing file /usr/local/python/3.12.1/lib/python3.12/site-packages/airflow/example_dags/example_sensors.py for tasks to queue
[2025-01-22T12:59:30.739+0000] {logging_mixin.py:190} INFO - [2025-01-22T12:59:30.739+0000] {dagbag.py:588} INFO - Filling up the DagBag from /usr/local/python/3.12.1/lib/python3.12/site-packages/airflow/example_dags/example_sensors.py
[2025-01-22T12:59:30.747+0000] {processor.py:925} INFO - DAG(s) 'example_sensors' retrieved from /usr/local/python/3.12.1/lib/python3.12/site-packages/airflow/example_dags/example_sensors.py
[2025-01-22T12:59:30.761+0000] {logging_mixin.py:190} INFO - [2025-01-22T12:59:30.761+0000] {dag.py:3239} INFO - Sync 1 DAGs
[2025-01-22T12:59:30.770+0000] {logging_mixin.py:190} INFO - [2025-01-22T12:59:30.770+0000] {dag.py:4180} INFO - Setting next_dagrun for example_sensors to None, run_after=None
[2025-01-22T12:59:30.785+0000] {processor.py:208} INFO - Processing /usr/local/python/3.12.1/lib/python3.12/site-packages/airflow/example_dags/example_sensors.py took 0.052 seconds
[2025-01-22T13:00:21.755+0000] {processor.py:186} INFO - Started process (PID=9964) to work on /usr/local/python/3.12.1/lib/python3.12/site-packages/airflow/example_dags/example_sensors.py
[2025-01-22T13:00:21.756+0000] {processor.py:914} INFO - Processing file /usr/local/python/3.12.1/lib/python3.12/site-packages/airflow/example_dags/example_sensors.py for tasks to queue
[2025-01-22T13:00:21.758+0000] {logging_mixin.py:190} INFO - [2025-01-22T13:00:21.757+0000] {dagbag.py:588} INFO - Filling up the DagBag from /usr/local/python/3.12.1/lib/python3.12/site-packages/airflow/example_dags/example_sensors.py
[2025-01-22T13:00:21.766+0000] {processor.py:925} INFO - DAG(s) 'example_sensors' retrieved from /usr/local/python/3.12.1/lib/python3.12/site-packages/airflow/example_dags/example_sensors.py
[2025-01-22T13:00:21.781+0000] {logging_mixin.py:190} INFO - [2025-01-22T13:00:21.780+0000] {dag.py:3239} INFO - Sync 1 DAGs
[2025-01-22T13:00:21.789+0000] {logging_mixin.py:190} INFO - [2025-01-22T13:00:21.789+0000] {dag.py:4180} INFO - Setting next_dagrun for example_sensors to None, run_after=None
[2025-01-22T13:00:21.804+0000] {processor.py:208} INFO - Processing /usr/local/python/3.12.1/lib/python3.12/site-packages/airflow/example_dags/example_sensors.py took 0.052 seconds
[2025-01-22T13:01:15.077+0000] {processor.py:186} INFO - Started process (PID=10336) to work on /usr/local/python/3.12.1/lib/python3.12/site-packages/airflow/example_dags/example_sensors.py
[2025-01-22T13:01:15.077+0000] {processor.py:914} INFO - Processing file /usr/local/python/3.12.1/lib/python3.12/site-packages/airflow/example_dags/example_sensors.py for tasks to queue
[2025-01-22T13:01:15.079+0000] {logging_mixin.py:190} INFO - [2025-01-22T13:01:15.079+0000] {dagbag.py:588} INFO - Filling up the DagBag from /usr/local/python/3.12.1/lib/python3.12/site-packages/airflow/example_dags/example_sensors.py
[2025-01-22T13:01:15.087+0000] {processor.py:925} INFO - DAG(s) 'example_sensors' retrieved from /usr/local/python/3.12.1/lib/python3.12/site-packages/airflow/example_dags/example_sensors.py
[2025-01-22T13:01:15.106+0000] {logging_mixin.py:190} INFO - [2025-01-22T13:01:15.106+0000] {dag.py:3239} INFO - Sync 1 DAGs
[2025-01-22T13:01:15.120+0000] {logging_mixin.py:190} INFO - [2025-01-22T13:01:15.120+0000] {dag.py:4180} INFO - Setting next_dagrun for example_sensors to None, run_after=None
[2025-01-22T13:01:15.139+0000] {processor.py:208} INFO - Processing /usr/local/python/3.12.1/lib/python3.12/site-packages/airflow/example_dags/example_sensors.py took 0.066 seconds
[2025-01-22T13:02:07.242+0000] {processor.py:186} INFO - Started process (PID=10770) to work on /usr/local/python/3.12.1/lib/python3.12/site-packages/airflow/example_dags/example_sensors.py
[2025-01-22T13:02:07.243+0000] {processor.py:914} INFO - Processing file /usr/local/python/3.12.1/lib/python3.12/site-packages/airflow/example_dags/example_sensors.py for tasks to queue
[2025-01-22T13:02:07.245+0000] {logging_mixin.py:190} INFO - [2025-01-22T13:02:07.244+0000] {dagbag.py:588} INFO - Filling up the DagBag from /usr/local/python/3.12.1/lib/python3.12/site-packages/airflow/example_dags/example_sensors.py
[2025-01-22T13:02:07.253+0000] {processor.py:925} INFO - DAG(s) 'example_sensors' retrieved from /usr/local/python/3.12.1/lib/python3.12/site-packages/airflow/example_dags/example_sensors.py
[2025-01-22T13:02:07.268+0000] {logging_mixin.py:190} INFO - [2025-01-22T13:02:07.267+0000] {dag.py:3239} INFO - Sync 1 DAGs
[2025-01-22T13:02:07.276+0000] {logging_mixin.py:190} INFO - [2025-01-22T13:02:07.276+0000] {dag.py:4180} INFO - Setting next_dagrun for example_sensors to None, run_after=None
[2025-01-22T13:02:07.291+0000] {processor.py:208} INFO - Processing /usr/local/python/3.12.1/lib/python3.12/site-packages/airflow/example_dags/example_sensors.py took 0.053 seconds
[2025-01-22T13:02:53.741+0000] {processor.py:186} INFO - Started process (PID=11229) to work on /usr/local/python/3.12.1/lib/python3.12/site-packages/airflow/example_dags/example_sensors.py
[2025-01-22T13:02:53.741+0000] {processor.py:914} INFO - Processing file /usr/local/python/3.12.1/lib/python3.12/site-packages/airflow/example_dags/example_sensors.py for tasks to queue
[2025-01-22T13:02:53.743+0000] {logging_mixin.py:190} INFO - [2025-01-22T13:02:53.742+0000] {dagbag.py:588} INFO - Filling up the DagBag from /usr/local/python/3.12.1/lib/python3.12/site-packages/airflow/example_dags/example_sensors.py
[2025-01-22T13:02:53.751+0000] {processor.py:925} INFO - DAG(s) 'example_sensors' retrieved from /usr/local/python/3.12.1/lib/python3.12/site-packages/airflow/example_dags/example_sensors.py
[2025-01-22T13:02:53.765+0000] {logging_mixin.py:190} INFO - [2025-01-22T13:02:53.765+0000] {dag.py:3239} INFO - Sync 1 DAGs
[2025-01-22T13:02:53.774+0000] {logging_mixin.py:190} INFO - [2025-01-22T13:02:53.774+0000] {dag.py:4180} INFO - Setting next_dagrun for example_sensors to None, run_after=None
[2025-01-22T13:02:53.788+0000] {processor.py:208} INFO - Processing /usr/local/python/3.12.1/lib/python3.12/site-packages/airflow/example_dags/example_sensors.py took 0.051 seconds
[2025-01-22T13:03:42.821+0000] {processor.py:186} INFO - Started process (PID=11643) to work on /usr/local/python/3.12.1/lib/python3.12/site-packages/airflow/example_dags/example_sensors.py
[2025-01-22T13:03:42.822+0000] {processor.py:914} INFO - Processing file /usr/local/python/3.12.1/lib/python3.12/site-packages/airflow/example_dags/example_sensors.py for tasks to queue
[2025-01-22T13:03:42.823+0000] {logging_mixin.py:190} INFO - [2025-01-22T13:03:42.823+0000] {dagbag.py:588} INFO - Filling up the DagBag from /usr/local/python/3.12.1/lib/python3.12/site-packages/airflow/example_dags/example_sensors.py
[2025-01-22T13:03:42.831+0000] {processor.py:925} INFO - DAG(s) 'example_sensors' retrieved from /usr/local/python/3.12.1/lib/python3.12/site-packages/airflow/example_dags/example_sensors.py
[2025-01-22T13:03:42.846+0000] {logging_mixin.py:190} INFO - [2025-01-22T13:03:42.846+0000] {dag.py:3239} INFO - Sync 1 DAGs
[2025-01-22T13:03:42.855+0000] {logging_mixin.py:190} INFO - [2025-01-22T13:03:42.854+0000] {dag.py:4180} INFO - Setting next_dagrun for example_sensors to None, run_after=None
[2025-01-22T13:03:42.873+0000] {processor.py:208} INFO - Processing /usr/local/python/3.12.1/lib/python3.12/site-packages/airflow/example_dags/example_sensors.py took 0.056 seconds
[2025-01-22T13:04:35.318+0000] {processor.py:186} INFO - Started process (PID=12074) to work on /usr/local/python/3.12.1/lib/python3.12/site-packages/airflow/example_dags/example_sensors.py
[2025-01-22T13:04:35.319+0000] {processor.py:914} INFO - Processing file /usr/local/python/3.12.1/lib/python3.12/site-packages/airflow/example_dags/example_sensors.py for tasks to queue
[2025-01-22T13:04:35.320+0000] {logging_mixin.py:190} INFO - [2025-01-22T13:04:35.320+0000] {dagbag.py:588} INFO - Filling up the DagBag from /usr/local/python/3.12.1/lib/python3.12/site-packages/airflow/example_dags/example_sensors.py
[2025-01-22T13:04:35.328+0000] {processor.py:925} INFO - DAG(s) 'example_sensors' retrieved from /usr/local/python/3.12.1/lib/python3.12/site-packages/airflow/example_dags/example_sensors.py
[2025-01-22T13:04:35.343+0000] {logging_mixin.py:190} INFO - [2025-01-22T13:04:35.342+0000] {dag.py:3239} INFO - Sync 1 DAGs
[2025-01-22T13:04:35.351+0000] {logging_mixin.py:190} INFO - [2025-01-22T13:04:35.351+0000] {dag.py:4180} INFO - Setting next_dagrun for example_sensors to None, run_after=None
[2025-01-22T13:04:35.365+0000] {processor.py:208} INFO - Processing /usr/local/python/3.12.1/lib/python3.12/site-packages/airflow/example_dags/example_sensors.py took 0.051 seconds
[2025-01-22T13:05:26.397+0000] {processor.py:186} INFO - Started process (PID=12499) to work on /usr/local/python/3.12.1/lib/python3.12/site-packages/airflow/example_dags/example_sensors.py
[2025-01-22T13:05:26.398+0000] {processor.py:914} INFO - Processing file /usr/local/python/3.12.1/lib/python3.12/site-packages/airflow/example_dags/example_sensors.py for tasks to queue
[2025-01-22T13:05:26.399+0000] {logging_mixin.py:190} INFO - [2025-01-22T13:05:26.399+0000] {dagbag.py:588} INFO - Filling up the DagBag from /usr/local/python/3.12.1/lib/python3.12/site-packages/airflow/example_dags/example_sensors.py
[2025-01-22T13:05:26.407+0000] {processor.py:925} INFO - DAG(s) 'example_sensors' retrieved from /usr/local/python/3.12.1/lib/python3.12/site-packages/airflow/example_dags/example_sensors.py
[2025-01-22T13:05:26.422+0000] {logging_mixin.py:190} INFO - [2025-01-22T13:05:26.422+0000] {dag.py:3239} INFO - Sync 1 DAGs
[2025-01-22T13:05:26.431+0000] {logging_mixin.py:190} INFO - [2025-01-22T13:05:26.431+0000] {dag.py:4180} INFO - Setting next_dagrun for example_sensors to None, run_after=None
[2025-01-22T13:05:26.445+0000] {processor.py:208} INFO - Processing /usr/local/python/3.12.1/lib/python3.12/site-packages/airflow/example_dags/example_sensors.py took 0.052 seconds
[2025-01-22T13:06:17.946+0000] {processor.py:186} INFO - Started process (PID=12861) to work on /usr/local/python/3.12.1/lib/python3.12/site-packages/airflow/example_dags/example_sensors.py
[2025-01-22T13:06:17.946+0000] {processor.py:914} INFO - Processing file /usr/local/python/3.12.1/lib/python3.12/site-packages/airflow/example_dags/example_sensors.py for tasks to queue
[2025-01-22T13:06:17.948+0000] {logging_mixin.py:190} INFO - [2025-01-22T13:06:17.948+0000] {dagbag.py:588} INFO - Filling up the DagBag from /usr/local/python/3.12.1/lib/python3.12/site-packages/airflow/example_dags/example_sensors.py
[2025-01-22T13:06:17.956+0000] {processor.py:925} INFO - DAG(s) 'example_sensors' retrieved from /usr/local/python/3.12.1/lib/python3.12/site-packages/airflow/example_dags/example_sensors.py
[2025-01-22T13:06:17.971+0000] {logging_mixin.py:190} INFO - [2025-01-22T13:06:17.971+0000] {dag.py:3239} INFO - Sync 1 DAGs
[2025-01-22T13:06:17.980+0000] {logging_mixin.py:190} INFO - [2025-01-22T13:06:17.980+0000] {dag.py:4180} INFO - Setting next_dagrun for example_sensors to None, run_after=None
[2025-01-22T13:06:17.997+0000] {processor.py:208} INFO - Processing /usr/local/python/3.12.1/lib/python3.12/site-packages/airflow/example_dags/example_sensors.py took 0.056 seconds
[2025-01-22T13:07:04.224+0000] {processor.py:186} INFO - Started process (PID=13262) to work on /usr/local/python/3.12.1/lib/python3.12/site-packages/airflow/example_dags/example_sensors.py
[2025-01-22T13:07:04.224+0000] {processor.py:914} INFO - Processing file /usr/local/python/3.12.1/lib/python3.12/site-packages/airflow/example_dags/example_sensors.py for tasks to queue
[2025-01-22T13:07:04.226+0000] {logging_mixin.py:190} INFO - [2025-01-22T13:07:04.226+0000] {dagbag.py:588} INFO - Filling up the DagBag from /usr/local/python/3.12.1/lib/python3.12/site-packages/airflow/example_dags/example_sensors.py
[2025-01-22T13:07:04.234+0000] {processor.py:925} INFO - DAG(s) 'example_sensors' retrieved from /usr/local/python/3.12.1/lib/python3.12/site-packages/airflow/example_dags/example_sensors.py
[2025-01-22T13:07:04.249+0000] {logging_mixin.py:190} INFO - [2025-01-22T13:07:04.249+0000] {dag.py:3239} INFO - Sync 1 DAGs
[2025-01-22T13:07:04.258+0000] {logging_mixin.py:190} INFO - [2025-01-22T13:07:04.258+0000] {dag.py:4180} INFO - Setting next_dagrun for example_sensors to None, run_after=None
[2025-01-22T13:07:04.272+0000] {processor.py:208} INFO - Processing /usr/local/python/3.12.1/lib/python3.12/site-packages/airflow/example_dags/example_sensors.py took 0.053 seconds
[2025-01-22T13:07:54.411+0000] {processor.py:186} INFO - Started process (PID=13685) to work on /usr/local/python/3.12.1/lib/python3.12/site-packages/airflow/example_dags/example_sensors.py
[2025-01-22T13:07:54.412+0000] {processor.py:914} INFO - Processing file /usr/local/python/3.12.1/lib/python3.12/site-packages/airflow/example_dags/example_sensors.py for tasks to queue
[2025-01-22T13:07:54.413+0000] {logging_mixin.py:190} INFO - [2025-01-22T13:07:54.413+0000] {dagbag.py:588} INFO - Filling up the DagBag from /usr/local/python/3.12.1/lib/python3.12/site-packages/airflow/example_dags/example_sensors.py
[2025-01-22T13:07:54.421+0000] {processor.py:925} INFO - DAG(s) 'example_sensors' retrieved from /usr/local/python/3.12.1/lib/python3.12/site-packages/airflow/example_dags/example_sensors.py
[2025-01-22T13:07:54.436+0000] {logging_mixin.py:190} INFO - [2025-01-22T13:07:54.436+0000] {dag.py:3239} INFO - Sync 1 DAGs
[2025-01-22T13:07:54.445+0000] {logging_mixin.py:190} INFO - [2025-01-22T13:07:54.445+0000] {dag.py:4180} INFO - Setting next_dagrun for example_sensors to None, run_after=None
[2025-01-22T13:07:54.460+0000] {processor.py:208} INFO - Processing /usr/local/python/3.12.1/lib/python3.12/site-packages/airflow/example_dags/example_sensors.py took 0.053 seconds
[2025-01-22T13:08:51.072+0000] {processor.py:186} INFO - Started process (PID=14382) to work on /usr/local/python/3.12.1/lib/python3.12/site-packages/airflow/example_dags/example_sensors.py
[2025-01-22T13:08:51.073+0000] {processor.py:914} INFO - Processing file /usr/local/python/3.12.1/lib/python3.12/site-packages/airflow/example_dags/example_sensors.py for tasks to queue
[2025-01-22T13:08:51.074+0000] {logging_mixin.py:190} INFO - [2025-01-22T13:08:51.074+0000] {dagbag.py:588} INFO - Filling up the DagBag from /usr/local/python/3.12.1/lib/python3.12/site-packages/airflow/example_dags/example_sensors.py
[2025-01-22T13:08:51.082+0000] {processor.py:925} INFO - DAG(s) 'example_sensors' retrieved from /usr/local/python/3.12.1/lib/python3.12/site-packages/airflow/example_dags/example_sensors.py
[2025-01-22T13:08:51.097+0000] {logging_mixin.py:190} INFO - [2025-01-22T13:08:51.097+0000] {dag.py:3239} INFO - Sync 1 DAGs
[2025-01-22T13:08:51.106+0000] {logging_mixin.py:190} INFO - [2025-01-22T13:08:51.106+0000] {dag.py:4180} INFO - Setting next_dagrun for example_sensors to None, run_after=None
[2025-01-22T13:08:51.121+0000] {processor.py:208} INFO - Processing /usr/local/python/3.12.1/lib/python3.12/site-packages/airflow/example_dags/example_sensors.py took 0.053 seconds
[2025-01-22T13:09:40.190+0000] {processor.py:186} INFO - Started process (PID=14799) to work on /usr/local/python/3.12.1/lib/python3.12/site-packages/airflow/example_dags/example_sensors.py
[2025-01-22T13:09:40.191+0000] {processor.py:914} INFO - Processing file /usr/local/python/3.12.1/lib/python3.12/site-packages/airflow/example_dags/example_sensors.py for tasks to queue
[2025-01-22T13:09:40.193+0000] {logging_mixin.py:190} INFO - [2025-01-22T13:09:40.192+0000] {dagbag.py:588} INFO - Filling up the DagBag from /usr/local/python/3.12.1/lib/python3.12/site-packages/airflow/example_dags/example_sensors.py
[2025-01-22T13:09:40.201+0000] {processor.py:925} INFO - DAG(s) 'example_sensors' retrieved from /usr/local/python/3.12.1/lib/python3.12/site-packages/airflow/example_dags/example_sensors.py
[2025-01-22T13:09:40.216+0000] {logging_mixin.py:190} INFO - [2025-01-22T13:09:40.216+0000] {dag.py:3239} INFO - Sync 1 DAGs
[2025-01-22T13:09:40.225+0000] {logging_mixin.py:190} INFO - [2025-01-22T13:09:40.225+0000] {dag.py:4180} INFO - Setting next_dagrun for example_sensors to None, run_after=None
[2025-01-22T13:09:40.241+0000] {processor.py:208} INFO - Processing /usr/local/python/3.12.1/lib/python3.12/site-packages/airflow/example_dags/example_sensors.py took 0.054 seconds
[2025-01-22T13:10:29.303+0000] {processor.py:186} INFO - Started process (PID=15208) to work on /usr/local/python/3.12.1/lib/python3.12/site-packages/airflow/example_dags/example_sensors.py
[2025-01-22T13:10:29.304+0000] {processor.py:914} INFO - Processing file /usr/local/python/3.12.1/lib/python3.12/site-packages/airflow/example_dags/example_sensors.py for tasks to queue
[2025-01-22T13:10:29.306+0000] {logging_mixin.py:190} INFO - [2025-01-22T13:10:29.305+0000] {dagbag.py:588} INFO - Filling up the DagBag from /usr/local/python/3.12.1/lib/python3.12/site-packages/airflow/example_dags/example_sensors.py
[2025-01-22T13:10:29.313+0000] {processor.py:925} INFO - DAG(s) 'example_sensors' retrieved from /usr/local/python/3.12.1/lib/python3.12/site-packages/airflow/example_dags/example_sensors.py
[2025-01-22T13:10:29.328+0000] {logging_mixin.py:190} INFO - [2025-01-22T13:10:29.328+0000] {dag.py:3239} INFO - Sync 1 DAGs
[2025-01-22T13:10:29.337+0000] {logging_mixin.py:190} INFO - [2025-01-22T13:10:29.337+0000] {dag.py:4180} INFO - Setting next_dagrun for example_sensors to None, run_after=None
[2025-01-22T13:10:29.351+0000] {processor.py:208} INFO - Processing /usr/local/python/3.12.1/lib/python3.12/site-packages/airflow/example_dags/example_sensors.py took 0.051 seconds
[2025-01-22T13:11:20.120+0000] {processor.py:186} INFO - Started process (PID=15564) to work on /usr/local/python/3.12.1/lib/python3.12/site-packages/airflow/example_dags/example_sensors.py
[2025-01-22T13:11:20.121+0000] {processor.py:914} INFO - Processing file /usr/local/python/3.12.1/lib/python3.12/site-packages/airflow/example_dags/example_sensors.py for tasks to queue
[2025-01-22T13:11:20.123+0000] {logging_mixin.py:190} INFO - [2025-01-22T13:11:20.123+0000] {dagbag.py:588} INFO - Filling up the DagBag from /usr/local/python/3.12.1/lib/python3.12/site-packages/airflow/example_dags/example_sensors.py
[2025-01-22T13:11:20.132+0000] {processor.py:925} INFO - DAG(s) 'example_sensors' retrieved from /usr/local/python/3.12.1/lib/python3.12/site-packages/airflow/example_dags/example_sensors.py
[2025-01-22T13:11:20.147+0000] {logging_mixin.py:190} INFO - [2025-01-22T13:11:20.147+0000] {dag.py:3239} INFO - Sync 1 DAGs
[2025-01-22T13:11:20.156+0000] {logging_mixin.py:190} INFO - [2025-01-22T13:11:20.156+0000] {dag.py:4180} INFO - Setting next_dagrun for example_sensors to None, run_after=None
[2025-01-22T13:11:20.170+0000] {processor.py:208} INFO - Processing /usr/local/python/3.12.1/lib/python3.12/site-packages/airflow/example_dags/example_sensors.py took 0.055 seconds
[2025-01-22T13:12:09.763+0000] {processor.py:186} INFO - Started process (PID=15976) to work on /usr/local/python/3.12.1/lib/python3.12/site-packages/airflow/example_dags/example_sensors.py
[2025-01-22T13:12:09.764+0000] {processor.py:914} INFO - Processing file /usr/local/python/3.12.1/lib/python3.12/site-packages/airflow/example_dags/example_sensors.py for tasks to queue
[2025-01-22T13:12:09.766+0000] {logging_mixin.py:190} INFO - [2025-01-22T13:12:09.765+0000] {dagbag.py:588} INFO - Filling up the DagBag from /usr/local/python/3.12.1/lib/python3.12/site-packages/airflow/example_dags/example_sensors.py
[2025-01-22T13:12:09.774+0000] {processor.py:925} INFO - DAG(s) 'example_sensors' retrieved from /usr/local/python/3.12.1/lib/python3.12/site-packages/airflow/example_dags/example_sensors.py
[2025-01-22T13:12:09.788+0000] {logging_mixin.py:190} INFO - [2025-01-22T13:12:09.788+0000] {dag.py:3239} INFO - Sync 1 DAGs
[2025-01-22T13:12:09.797+0000] {logging_mixin.py:190} INFO - [2025-01-22T13:12:09.797+0000] {dag.py:4180} INFO - Setting next_dagrun for example_sensors to None, run_after=None
[2025-01-22T13:12:09.812+0000] {processor.py:208} INFO - Processing /usr/local/python/3.12.1/lib/python3.12/site-packages/airflow/example_dags/example_sensors.py took 0.053 seconds
[2025-01-22T13:13:01.440+0000] {processor.py:186} INFO - Started process (PID=16462) to work on /usr/local/python/3.12.1/lib/python3.12/site-packages/airflow/example_dags/example_sensors.py
[2025-01-22T13:13:01.441+0000] {processor.py:914} INFO - Processing file /usr/local/python/3.12.1/lib/python3.12/site-packages/airflow/example_dags/example_sensors.py for tasks to queue
[2025-01-22T13:13:01.443+0000] {logging_mixin.py:190} INFO - [2025-01-22T13:13:01.443+0000] {dagbag.py:588} INFO - Filling up the DagBag from /usr/local/python/3.12.1/lib/python3.12/site-packages/airflow/example_dags/example_sensors.py
[2025-01-22T13:13:01.455+0000] {processor.py:925} INFO - DAG(s) 'example_sensors' retrieved from /usr/local/python/3.12.1/lib/python3.12/site-packages/airflow/example_dags/example_sensors.py
[2025-01-22T13:13:01.474+0000] {logging_mixin.py:190} INFO - [2025-01-22T13:13:01.473+0000] {dag.py:3239} INFO - Sync 1 DAGs
[2025-01-22T13:13:01.483+0000] {logging_mixin.py:190} INFO - [2025-01-22T13:13:01.483+0000] {dag.py:4180} INFO - Setting next_dagrun for example_sensors to None, run_after=None
[2025-01-22T13:13:01.499+0000] {processor.py:208} INFO - Processing /usr/local/python/3.12.1/lib/python3.12/site-packages/airflow/example_dags/example_sensors.py took 0.065 seconds
[2025-01-22T13:13:54.587+0000] {processor.py:186} INFO - Started process (PID=16903) to work on /usr/local/python/3.12.1/lib/python3.12/site-packages/airflow/example_dags/example_sensors.py
[2025-01-22T13:13:54.588+0000] {processor.py:914} INFO - Processing file /usr/local/python/3.12.1/lib/python3.12/site-packages/airflow/example_dags/example_sensors.py for tasks to queue
[2025-01-22T13:13:54.589+0000] {logging_mixin.py:190} INFO - [2025-01-22T13:13:54.589+0000] {dagbag.py:588} INFO - Filling up the DagBag from /usr/local/python/3.12.1/lib/python3.12/site-packages/airflow/example_dags/example_sensors.py
[2025-01-22T13:13:54.597+0000] {processor.py:925} INFO - DAG(s) 'example_sensors' retrieved from /usr/local/python/3.12.1/lib/python3.12/site-packages/airflow/example_dags/example_sensors.py
[2025-01-22T13:13:54.613+0000] {logging_mixin.py:190} INFO - [2025-01-22T13:13:54.612+0000] {dag.py:3239} INFO - Sync 1 DAGs
[2025-01-22T13:13:54.622+0000] {logging_mixin.py:190} INFO - [2025-01-22T13:13:54.621+0000] {dag.py:4180} INFO - Setting next_dagrun for example_sensors to None, run_after=None
[2025-01-22T13:13:54.637+0000] {processor.py:208} INFO - Processing /usr/local/python/3.12.1/lib/python3.12/site-packages/airflow/example_dags/example_sensors.py took 0.053 seconds
[2025-01-22T13:14:46.390+0000] {processor.py:186} INFO - Started process (PID=17322) to work on /usr/local/python/3.12.1/lib/python3.12/site-packages/airflow/example_dags/example_sensors.py
[2025-01-22T13:14:46.391+0000] {processor.py:914} INFO - Processing file /usr/local/python/3.12.1/lib/python3.12/site-packages/airflow/example_dags/example_sensors.py for tasks to queue
[2025-01-22T13:14:46.392+0000] {logging_mixin.py:190} INFO - [2025-01-22T13:14:46.392+0000] {dagbag.py:588} INFO - Filling up the DagBag from /usr/local/python/3.12.1/lib/python3.12/site-packages/airflow/example_dags/example_sensors.py
[2025-01-22T13:14:46.400+0000] {processor.py:925} INFO - DAG(s) 'example_sensors' retrieved from /usr/local/python/3.12.1/lib/python3.12/site-packages/airflow/example_dags/example_sensors.py
[2025-01-22T13:14:46.415+0000] {logging_mixin.py:190} INFO - [2025-01-22T13:14:46.415+0000] {dag.py:3239} INFO - Sync 1 DAGs
[2025-01-22T13:14:46.424+0000] {logging_mixin.py:190} INFO - [2025-01-22T13:14:46.424+0000] {dag.py:4180} INFO - Setting next_dagrun for example_sensors to None, run_after=None
[2025-01-22T13:14:46.438+0000] {processor.py:208} INFO - Processing /usr/local/python/3.12.1/lib/python3.12/site-packages/airflow/example_dags/example_sensors.py took 0.052 seconds
[2025-01-22T13:15:36.001+0000] {processor.py:186} INFO - Started process (PID=17743) to work on /usr/local/python/3.12.1/lib/python3.12/site-packages/airflow/example_dags/example_sensors.py
[2025-01-22T13:15:36.002+0000] {processor.py:914} INFO - Processing file /usr/local/python/3.12.1/lib/python3.12/site-packages/airflow/example_dags/example_sensors.py for tasks to queue
[2025-01-22T13:15:36.003+0000] {logging_mixin.py:190} INFO - [2025-01-22T13:15:36.003+0000] {dagbag.py:588} INFO - Filling up the DagBag from /usr/local/python/3.12.1/lib/python3.12/site-packages/airflow/example_dags/example_sensors.py
[2025-01-22T13:15:36.011+0000] {processor.py:925} INFO - DAG(s) 'example_sensors' retrieved from /usr/local/python/3.12.1/lib/python3.12/site-packages/airflow/example_dags/example_sensors.py
[2025-01-22T13:15:36.026+0000] {logging_mixin.py:190} INFO - [2025-01-22T13:15:36.026+0000] {dag.py:3239} INFO - Sync 1 DAGs
[2025-01-22T13:15:36.035+0000] {logging_mixin.py:190} INFO - [2025-01-22T13:15:36.035+0000] {dag.py:4180} INFO - Setting next_dagrun for example_sensors to None, run_after=None
[2025-01-22T13:15:36.050+0000] {processor.py:208} INFO - Processing /usr/local/python/3.12.1/lib/python3.12/site-packages/airflow/example_dags/example_sensors.py took 0.053 seconds
[2025-01-22T13:16:25.021+0000] {processor.py:186} INFO - Started process (PID=18153) to work on /usr/local/python/3.12.1/lib/python3.12/site-packages/airflow/example_dags/example_sensors.py
[2025-01-22T13:16:25.021+0000] {processor.py:914} INFO - Processing file /usr/local/python/3.12.1/lib/python3.12/site-packages/airflow/example_dags/example_sensors.py for tasks to queue
[2025-01-22T13:16:25.023+0000] {logging_mixin.py:190} INFO - [2025-01-22T13:16:25.022+0000] {dagbag.py:588} INFO - Filling up the DagBag from /usr/local/python/3.12.1/lib/python3.12/site-packages/airflow/example_dags/example_sensors.py
[2025-01-22T13:16:25.031+0000] {processor.py:925} INFO - DAG(s) 'example_sensors' retrieved from /usr/local/python/3.12.1/lib/python3.12/site-packages/airflow/example_dags/example_sensors.py
[2025-01-22T13:16:25.046+0000] {logging_mixin.py:190} INFO - [2025-01-22T13:16:25.046+0000] {dag.py:3239} INFO - Sync 1 DAGs
[2025-01-22T13:16:25.055+0000] {logging_mixin.py:190} INFO - [2025-01-22T13:16:25.054+0000] {dag.py:4180} INFO - Setting next_dagrun for example_sensors to None, run_after=None
[2025-01-22T13:16:25.069+0000] {processor.py:208} INFO - Processing /usr/local/python/3.12.1/lib/python3.12/site-packages/airflow/example_dags/example_sensors.py took 0.052 seconds
[2025-01-22T13:17:19.629+0000] {processor.py:186} INFO - Started process (PID=18539) to work on /usr/local/python/3.12.1/lib/python3.12/site-packages/airflow/example_dags/example_sensors.py
[2025-01-22T13:17:19.630+0000] {processor.py:914} INFO - Processing file /usr/local/python/3.12.1/lib/python3.12/site-packages/airflow/example_dags/example_sensors.py for tasks to queue
[2025-01-22T13:17:19.632+0000] {logging_mixin.py:190} INFO - [2025-01-22T13:17:19.631+0000] {dagbag.py:588} INFO - Filling up the DagBag from /usr/local/python/3.12.1/lib/python3.12/site-packages/airflow/example_dags/example_sensors.py
[2025-01-22T13:17:19.640+0000] {processor.py:925} INFO - DAG(s) 'example_sensors' retrieved from /usr/local/python/3.12.1/lib/python3.12/site-packages/airflow/example_dags/example_sensors.py
[2025-01-22T13:17:19.655+0000] {logging_mixin.py:190} INFO - [2025-01-22T13:17:19.655+0000] {dag.py:3239} INFO - Sync 1 DAGs
[2025-01-22T13:17:19.664+0000] {logging_mixin.py:190} INFO - [2025-01-22T13:17:19.664+0000] {dag.py:4180} INFO - Setting next_dagrun for example_sensors to None, run_after=None
[2025-01-22T13:17:19.687+0000] {processor.py:208} INFO - Processing /usr/local/python/3.12.1/lib/python3.12/site-packages/airflow/example_dags/example_sensors.py took 0.062 seconds
[2025-01-22T13:18:09.788+0000] {processor.py:186} INFO - Started process (PID=19018) to work on /usr/local/python/3.12.1/lib/python3.12/site-packages/airflow/example_dags/example_sensors.py
[2025-01-22T13:18:09.789+0000] {processor.py:914} INFO - Processing file /usr/local/python/3.12.1/lib/python3.12/site-packages/airflow/example_dags/example_sensors.py for tasks to queue
[2025-01-22T13:18:09.791+0000] {logging_mixin.py:190} INFO - [2025-01-22T13:18:09.790+0000] {dagbag.py:588} INFO - Filling up the DagBag from /usr/local/python/3.12.1/lib/python3.12/site-packages/airflow/example_dags/example_sensors.py
[2025-01-22T13:18:09.799+0000] {processor.py:925} INFO - DAG(s) 'example_sensors' retrieved from /usr/local/python/3.12.1/lib/python3.12/site-packages/airflow/example_dags/example_sensors.py
[2025-01-22T13:18:09.814+0000] {logging_mixin.py:190} INFO - [2025-01-22T13:18:09.814+0000] {dag.py:3239} INFO - Sync 1 DAGs
[2025-01-22T13:18:09.823+0000] {logging_mixin.py:190} INFO - [2025-01-22T13:18:09.823+0000] {dag.py:4180} INFO - Setting next_dagrun for example_sensors to None, run_after=None
[2025-01-22T13:18:09.837+0000] {processor.py:208} INFO - Processing /usr/local/python/3.12.1/lib/python3.12/site-packages/airflow/example_dags/example_sensors.py took 0.052 seconds
[2025-01-22T13:18:58.820+0000] {processor.py:186} INFO - Started process (PID=19700) to work on /usr/local/python/3.12.1/lib/python3.12/site-packages/airflow/example_dags/example_sensors.py
[2025-01-22T13:18:58.821+0000] {processor.py:914} INFO - Processing file /usr/local/python/3.12.1/lib/python3.12/site-packages/airflow/example_dags/example_sensors.py for tasks to queue
[2025-01-22T13:18:58.823+0000] {logging_mixin.py:190} INFO - [2025-01-22T13:18:58.823+0000] {dagbag.py:588} INFO - Filling up the DagBag from /usr/local/python/3.12.1/lib/python3.12/site-packages/airflow/example_dags/example_sensors.py
[2025-01-22T13:18:58.832+0000] {processor.py:925} INFO - DAG(s) 'example_sensors' retrieved from /usr/local/python/3.12.1/lib/python3.12/site-packages/airflow/example_dags/example_sensors.py
[2025-01-22T13:18:58.847+0000] {logging_mixin.py:190} INFO - [2025-01-22T13:18:58.847+0000] {dag.py:3239} INFO - Sync 1 DAGs
[2025-01-22T13:18:58.860+0000] {logging_mixin.py:190} INFO - [2025-01-22T13:18:58.860+0000] {dag.py:4180} INFO - Setting next_dagrun for example_sensors to None, run_after=None
[2025-01-22T13:18:58.882+0000] {processor.py:208} INFO - Processing /usr/local/python/3.12.1/lib/python3.12/site-packages/airflow/example_dags/example_sensors.py took 0.067 seconds
[2025-01-22T13:19:48.828+0000] {processor.py:186} INFO - Started process (PID=20653) to work on /usr/local/python/3.12.1/lib/python3.12/site-packages/airflow/example_dags/example_sensors.py
[2025-01-22T13:19:48.829+0000] {processor.py:914} INFO - Processing file /usr/local/python/3.12.1/lib/python3.12/site-packages/airflow/example_dags/example_sensors.py for tasks to queue
[2025-01-22T13:19:48.830+0000] {logging_mixin.py:190} INFO - [2025-01-22T13:19:48.830+0000] {dagbag.py:588} INFO - Filling up the DagBag from /usr/local/python/3.12.1/lib/python3.12/site-packages/airflow/example_dags/example_sensors.py
[2025-01-22T13:19:48.838+0000] {processor.py:925} INFO - DAG(s) 'example_sensors' retrieved from /usr/local/python/3.12.1/lib/python3.12/site-packages/airflow/example_dags/example_sensors.py
[2025-01-22T13:19:48.858+0000] {logging_mixin.py:190} INFO - [2025-01-22T13:19:48.858+0000] {dag.py:3239} INFO - Sync 1 DAGs
[2025-01-22T13:19:48.872+0000] {logging_mixin.py:190} INFO - [2025-01-22T13:19:48.871+0000] {dag.py:4180} INFO - Setting next_dagrun for example_sensors to None, run_after=None
[2025-01-22T13:19:48.887+0000] {processor.py:208} INFO - Processing /usr/local/python/3.12.1/lib/python3.12/site-packages/airflow/example_dags/example_sensors.py took 0.063 seconds
[2025-01-22T13:20:38.496+0000] {processor.py:186} INFO - Started process (PID=21395) to work on /usr/local/python/3.12.1/lib/python3.12/site-packages/airflow/example_dags/example_sensors.py
[2025-01-22T13:20:38.497+0000] {processor.py:914} INFO - Processing file /usr/local/python/3.12.1/lib/python3.12/site-packages/airflow/example_dags/example_sensors.py for tasks to queue
[2025-01-22T13:20:38.498+0000] {logging_mixin.py:190} INFO - [2025-01-22T13:20:38.498+0000] {dagbag.py:588} INFO - Filling up the DagBag from /usr/local/python/3.12.1/lib/python3.12/site-packages/airflow/example_dags/example_sensors.py
[2025-01-22T13:20:38.507+0000] {processor.py:925} INFO - DAG(s) 'example_sensors' retrieved from /usr/local/python/3.12.1/lib/python3.12/site-packages/airflow/example_dags/example_sensors.py
[2025-01-22T13:20:38.521+0000] {logging_mixin.py:190} INFO - [2025-01-22T13:20:38.521+0000] {dag.py:3239} INFO - Sync 1 DAGs
[2025-01-22T13:20:38.530+0000] {logging_mixin.py:190} INFO - [2025-01-22T13:20:38.530+0000] {dag.py:4180} INFO - Setting next_dagrun for example_sensors to None, run_after=None
[2025-01-22T13:20:38.544+0000] {processor.py:208} INFO - Processing /usr/local/python/3.12.1/lib/python3.12/site-packages/airflow/example_dags/example_sensors.py took 0.052 seconds
