[2025-01-22T12:52:41.312+0000] {processor.py:186} INFO - Started process (PID=5395) to work on /usr/local/python/3.12.1/lib/python3.12/site-packages/airflow/example_dags/example_xcom.py
[2025-01-22T12:52:41.312+0000] {processor.py:914} INFO - Processing file /usr/local/python/3.12.1/lib/python3.12/site-packages/airflow/example_dags/example_xcom.py for tasks to queue
[2025-01-22T12:52:41.314+0000] {logging_mixin.py:190} INFO - [2025-01-22T12:52:41.314+0000] {dagbag.py:588} INFO - Filling up the DagBag from /usr/local/python/3.12.1/lib/python3.12/site-packages/airflow/example_dags/example_xcom.py
[2025-01-22T12:52:41.321+0000] {processor.py:925} INFO - DAG(s) 'example_xcom' retrieved from /usr/local/python/3.12.1/lib/python3.12/site-packages/airflow/example_dags/example_xcom.py
[2025-01-22T12:52:41.399+0000] {logging_mixin.py:190} INFO - [2025-01-22T12:52:41.399+0000] {override.py:1911} INFO - Created Permission View: can delete on DAG:example_xcom
[2025-01-22T12:52:41.407+0000] {logging_mixin.py:190} INFO - [2025-01-22T12:52:41.407+0000] {override.py:1911} INFO - Created Permission View: can edit on DAG:example_xcom
[2025-01-22T12:52:41.412+0000] {logging_mixin.py:190} INFO - [2025-01-22T12:52:41.411+0000] {override.py:1911} INFO - Created Permission View: can read on DAG:example_xcom
[2025-01-22T12:52:41.419+0000] {logging_mixin.py:190} INFO - [2025-01-22T12:52:41.419+0000] {override.py:1911} INFO - Created Permission View: can create on DAG Run:example_xcom
[2025-01-22T12:52:41.424+0000] {logging_mixin.py:190} INFO - [2025-01-22T12:52:41.423+0000] {override.py:1911} INFO - Created Permission View: can read on DAG Run:example_xcom
[2025-01-22T12:52:41.428+0000] {logging_mixin.py:190} INFO - [2025-01-22T12:52:41.428+0000] {override.py:1911} INFO - Created Permission View: menu access on DAG Run:example_xcom
[2025-01-22T12:52:41.433+0000] {logging_mixin.py:190} INFO - [2025-01-22T12:52:41.433+0000] {override.py:1911} INFO - Created Permission View: can delete on DAG Run:example_xcom
[2025-01-22T12:52:41.434+0000] {logging_mixin.py:190} INFO - [2025-01-22T12:52:41.434+0000] {dag.py:3239} INFO - Sync 1 DAGs
[2025-01-22T12:52:41.442+0000] {logging_mixin.py:190} INFO - [2025-01-22T12:52:41.442+0000] {dag.py:3262} INFO - Creating ORM DAG for example_xcom
[2025-01-22T12:52:41.449+0000] {logging_mixin.py:190} INFO - [2025-01-22T12:52:41.448+0000] {dag.py:4180} INFO - Setting next_dagrun for example_xcom to 2021-01-01 00:00:00+00:00, run_after=2021-01-01 00:00:00+00:00
[2025-01-22T12:52:41.461+0000] {processor.py:208} INFO - Processing /usr/local/python/3.12.1/lib/python3.12/site-packages/airflow/example_dags/example_xcom.py took 0.153 seconds
[2025-01-22T12:53:41.873+0000] {processor.py:186} INFO - Started process (PID=6356) to work on /usr/local/python/3.12.1/lib/python3.12/site-packages/airflow/example_dags/example_xcom.py
[2025-01-22T12:53:41.874+0000] {processor.py:914} INFO - Processing file /usr/local/python/3.12.1/lib/python3.12/site-packages/airflow/example_dags/example_xcom.py for tasks to queue
[2025-01-22T12:53:41.876+0000] {logging_mixin.py:190} INFO - [2025-01-22T12:53:41.875+0000] {dagbag.py:588} INFO - Filling up the DagBag from /usr/local/python/3.12.1/lib/python3.12/site-packages/airflow/example_dags/example_xcom.py
[2025-01-22T12:53:41.886+0000] {processor.py:925} INFO - DAG(s) 'example_xcom' retrieved from /usr/local/python/3.12.1/lib/python3.12/site-packages/airflow/example_dags/example_xcom.py
[2025-01-22T12:53:41.902+0000] {logging_mixin.py:190} INFO - [2025-01-22T12:53:41.902+0000] {dag.py:3239} INFO - Sync 1 DAGs
[2025-01-22T12:53:41.923+0000] {logging_mixin.py:190} INFO - [2025-01-22T12:53:41.923+0000] {dag.py:4180} INFO - Setting next_dagrun for example_xcom to 2021-01-01 00:00:00+00:00, run_after=2021-01-01 00:00:00+00:00
[2025-01-22T12:53:41.944+0000] {processor.py:208} INFO - Processing /usr/local/python/3.12.1/lib/python3.12/site-packages/airflow/example_dags/example_xcom.py took 0.077 seconds
[2025-01-22T12:54:35.927+0000] {processor.py:186} INFO - Started process (PID=7033) to work on /usr/local/python/3.12.1/lib/python3.12/site-packages/airflow/example_dags/example_xcom.py
[2025-01-22T12:54:35.928+0000] {processor.py:914} INFO - Processing file /usr/local/python/3.12.1/lib/python3.12/site-packages/airflow/example_dags/example_xcom.py for tasks to queue
[2025-01-22T12:54:35.929+0000] {logging_mixin.py:190} INFO - [2025-01-22T12:54:35.929+0000] {dagbag.py:588} INFO - Filling up the DagBag from /usr/local/python/3.12.1/lib/python3.12/site-packages/airflow/example_dags/example_xcom.py
[2025-01-22T12:54:35.936+0000] {processor.py:925} INFO - DAG(s) 'example_xcom' retrieved from /usr/local/python/3.12.1/lib/python3.12/site-packages/airflow/example_dags/example_xcom.py
[2025-01-22T12:54:35.947+0000] {logging_mixin.py:190} INFO - [2025-01-22T12:54:35.947+0000] {dag.py:3239} INFO - Sync 1 DAGs
[2025-01-22T12:54:35.961+0000] {logging_mixin.py:190} INFO - [2025-01-22T12:54:35.961+0000] {dag.py:4180} INFO - Setting next_dagrun for example_xcom to 2021-01-01 00:00:00+00:00, run_after=2021-01-01 00:00:00+00:00
[2025-01-22T12:54:35.975+0000] {processor.py:208} INFO - Processing /usr/local/python/3.12.1/lib/python3.12/site-packages/airflow/example_dags/example_xcom.py took 0.052 seconds
[2025-01-22T12:55:25.882+0000] {processor.py:186} INFO - Started process (PID=7456) to work on /usr/local/python/3.12.1/lib/python3.12/site-packages/airflow/example_dags/example_xcom.py
[2025-01-22T12:55:25.883+0000] {processor.py:914} INFO - Processing file /usr/local/python/3.12.1/lib/python3.12/site-packages/airflow/example_dags/example_xcom.py for tasks to queue
[2025-01-22T12:55:25.884+0000] {logging_mixin.py:190} INFO - [2025-01-22T12:55:25.884+0000] {dagbag.py:588} INFO - Filling up the DagBag from /usr/local/python/3.12.1/lib/python3.12/site-packages/airflow/example_dags/example_xcom.py
[2025-01-22T12:55:25.891+0000] {processor.py:925} INFO - DAG(s) 'example_xcom' retrieved from /usr/local/python/3.12.1/lib/python3.12/site-packages/airflow/example_dags/example_xcom.py
[2025-01-22T12:55:25.903+0000] {logging_mixin.py:190} INFO - [2025-01-22T12:55:25.903+0000] {dag.py:3239} INFO - Sync 1 DAGs
[2025-01-22T12:55:25.917+0000] {logging_mixin.py:190} INFO - [2025-01-22T12:55:25.917+0000] {dag.py:4180} INFO - Setting next_dagrun for example_xcom to 2021-01-01 00:00:00+00:00, run_after=2021-01-01 00:00:00+00:00
[2025-01-22T12:55:25.931+0000] {processor.py:208} INFO - Processing /usr/local/python/3.12.1/lib/python3.12/site-packages/airflow/example_dags/example_xcom.py took 0.053 seconds
[2025-01-22T12:56:19.748+0000] {processor.py:186} INFO - Started process (PID=7883) to work on /usr/local/python/3.12.1/lib/python3.12/site-packages/airflow/example_dags/example_xcom.py
[2025-01-22T12:56:19.749+0000] {processor.py:914} INFO - Processing file /usr/local/python/3.12.1/lib/python3.12/site-packages/airflow/example_dags/example_xcom.py for tasks to queue
[2025-01-22T12:56:19.750+0000] {logging_mixin.py:190} INFO - [2025-01-22T12:56:19.750+0000] {dagbag.py:588} INFO - Filling up the DagBag from /usr/local/python/3.12.1/lib/python3.12/site-packages/airflow/example_dags/example_xcom.py
[2025-01-22T12:56:19.757+0000] {processor.py:925} INFO - DAG(s) 'example_xcom' retrieved from /usr/local/python/3.12.1/lib/python3.12/site-packages/airflow/example_dags/example_xcom.py
[2025-01-22T12:56:19.768+0000] {logging_mixin.py:190} INFO - [2025-01-22T12:56:19.768+0000] {dag.py:3239} INFO - Sync 1 DAGs
[2025-01-22T12:56:19.785+0000] {logging_mixin.py:190} INFO - [2025-01-22T12:56:19.785+0000] {dag.py:4180} INFO - Setting next_dagrun for example_xcom to 2021-01-01 00:00:00+00:00, run_after=2021-01-01 00:00:00+00:00
[2025-01-22T12:56:19.804+0000] {processor.py:208} INFO - Processing /usr/local/python/3.12.1/lib/python3.12/site-packages/airflow/example_dags/example_xcom.py took 0.060 seconds
[2025-01-22T12:57:12.086+0000] {processor.py:186} INFO - Started process (PID=8305) to work on /usr/local/python/3.12.1/lib/python3.12/site-packages/airflow/example_dags/example_xcom.py
[2025-01-22T12:57:12.086+0000] {processor.py:914} INFO - Processing file /usr/local/python/3.12.1/lib/python3.12/site-packages/airflow/example_dags/example_xcom.py for tasks to queue
[2025-01-22T12:57:12.088+0000] {logging_mixin.py:190} INFO - [2025-01-22T12:57:12.088+0000] {dagbag.py:588} INFO - Filling up the DagBag from /usr/local/python/3.12.1/lib/python3.12/site-packages/airflow/example_dags/example_xcom.py
[2025-01-22T12:57:12.095+0000] {processor.py:925} INFO - DAG(s) 'example_xcom' retrieved from /usr/local/python/3.12.1/lib/python3.12/site-packages/airflow/example_dags/example_xcom.py
[2025-01-22T12:57:12.106+0000] {logging_mixin.py:190} INFO - [2025-01-22T12:57:12.105+0000] {dag.py:3239} INFO - Sync 1 DAGs
[2025-01-22T12:57:12.119+0000] {logging_mixin.py:190} INFO - [2025-01-22T12:57:12.119+0000] {dag.py:4180} INFO - Setting next_dagrun for example_xcom to 2021-01-01 00:00:00+00:00, run_after=2021-01-01 00:00:00+00:00
[2025-01-22T12:57:12.133+0000] {processor.py:208} INFO - Processing /usr/local/python/3.12.1/lib/python3.12/site-packages/airflow/example_dags/example_xcom.py took 0.051 seconds
[2025-01-22T12:58:01.182+0000] {processor.py:186} INFO - Started process (PID=8781) to work on /usr/local/python/3.12.1/lib/python3.12/site-packages/airflow/example_dags/example_xcom.py
[2025-01-22T12:58:01.183+0000] {processor.py:914} INFO - Processing file /usr/local/python/3.12.1/lib/python3.12/site-packages/airflow/example_dags/example_xcom.py for tasks to queue
[2025-01-22T12:58:01.184+0000] {logging_mixin.py:190} INFO - [2025-01-22T12:58:01.184+0000] {dagbag.py:588} INFO - Filling up the DagBag from /usr/local/python/3.12.1/lib/python3.12/site-packages/airflow/example_dags/example_xcom.py
[2025-01-22T12:58:01.191+0000] {processor.py:925} INFO - DAG(s) 'example_xcom' retrieved from /usr/local/python/3.12.1/lib/python3.12/site-packages/airflow/example_dags/example_xcom.py
[2025-01-22T12:58:01.202+0000] {logging_mixin.py:190} INFO - [2025-01-22T12:58:01.202+0000] {dag.py:3239} INFO - Sync 1 DAGs
[2025-01-22T12:58:01.216+0000] {logging_mixin.py:190} INFO - [2025-01-22T12:58:01.216+0000] {dag.py:4180} INFO - Setting next_dagrun for example_xcom to 2021-01-01 00:00:00+00:00, run_after=2021-01-01 00:00:00+00:00
[2025-01-22T12:58:01.230+0000] {processor.py:208} INFO - Processing /usr/local/python/3.12.1/lib/python3.12/site-packages/airflow/example_dags/example_xcom.py took 0.051 seconds
[2025-01-22T12:58:51.407+0000] {processor.py:186} INFO - Started process (PID=9206) to work on /usr/local/python/3.12.1/lib/python3.12/site-packages/airflow/example_dags/example_xcom.py
[2025-01-22T12:58:51.408+0000] {processor.py:914} INFO - Processing file /usr/local/python/3.12.1/lib/python3.12/site-packages/airflow/example_dags/example_xcom.py for tasks to queue
[2025-01-22T12:58:51.409+0000] {logging_mixin.py:190} INFO - [2025-01-22T12:58:51.409+0000] {dagbag.py:588} INFO - Filling up the DagBag from /usr/local/python/3.12.1/lib/python3.12/site-packages/airflow/example_dags/example_xcom.py
[2025-01-22T12:58:51.416+0000] {processor.py:925} INFO - DAG(s) 'example_xcom' retrieved from /usr/local/python/3.12.1/lib/python3.12/site-packages/airflow/example_dags/example_xcom.py
[2025-01-22T12:58:51.427+0000] {logging_mixin.py:190} INFO - [2025-01-22T12:58:51.427+0000] {dag.py:3239} INFO - Sync 1 DAGs
[2025-01-22T12:58:51.441+0000] {logging_mixin.py:190} INFO - [2025-01-22T12:58:51.441+0000] {dag.py:4180} INFO - Setting next_dagrun for example_xcom to 2021-01-01 00:00:00+00:00, run_after=2021-01-01 00:00:00+00:00
[2025-01-22T12:58:51.455+0000] {processor.py:208} INFO - Processing /usr/local/python/3.12.1/lib/python3.12/site-packages/airflow/example_dags/example_xcom.py took 0.052 seconds
[2025-01-22T12:59:42.734+0000] {processor.py:186} INFO - Started process (PID=9624) to work on /usr/local/python/3.12.1/lib/python3.12/site-packages/airflow/example_dags/example_xcom.py
[2025-01-22T12:59:42.735+0000] {processor.py:914} INFO - Processing file /usr/local/python/3.12.1/lib/python3.12/site-packages/airflow/example_dags/example_xcom.py for tasks to queue
[2025-01-22T12:59:42.737+0000] {logging_mixin.py:190} INFO - [2025-01-22T12:59:42.737+0000] {dagbag.py:588} INFO - Filling up the DagBag from /usr/local/python/3.12.1/lib/python3.12/site-packages/airflow/example_dags/example_xcom.py
[2025-01-22T12:59:42.744+0000] {processor.py:925} INFO - DAG(s) 'example_xcom' retrieved from /usr/local/python/3.12.1/lib/python3.12/site-packages/airflow/example_dags/example_xcom.py
[2025-01-22T12:59:42.757+0000] {logging_mixin.py:190} INFO - [2025-01-22T12:59:42.757+0000] {dag.py:3239} INFO - Sync 1 DAGs
[2025-01-22T12:59:42.772+0000] {logging_mixin.py:190} INFO - [2025-01-22T12:59:42.772+0000] {dag.py:4180} INFO - Setting next_dagrun for example_xcom to 2021-01-01 00:00:00+00:00, run_after=2021-01-01 00:00:00+00:00
[2025-01-22T12:59:42.787+0000] {processor.py:208} INFO - Processing /usr/local/python/3.12.1/lib/python3.12/site-packages/airflow/example_dags/example_xcom.py took 0.058 seconds
[2025-01-22T13:00:32.870+0000] {processor.py:186} INFO - Started process (PID=10038) to work on /usr/local/python/3.12.1/lib/python3.12/site-packages/airflow/example_dags/example_xcom.py
[2025-01-22T13:00:32.871+0000] {processor.py:914} INFO - Processing file /usr/local/python/3.12.1/lib/python3.12/site-packages/airflow/example_dags/example_xcom.py for tasks to queue
[2025-01-22T13:00:32.872+0000] {logging_mixin.py:190} INFO - [2025-01-22T13:00:32.872+0000] {dagbag.py:588} INFO - Filling up the DagBag from /usr/local/python/3.12.1/lib/python3.12/site-packages/airflow/example_dags/example_xcom.py
[2025-01-22T13:00:32.879+0000] {processor.py:925} INFO - DAG(s) 'example_xcom' retrieved from /usr/local/python/3.12.1/lib/python3.12/site-packages/airflow/example_dags/example_xcom.py
[2025-01-22T13:00:32.891+0000] {logging_mixin.py:190} INFO - [2025-01-22T13:00:32.890+0000] {dag.py:3239} INFO - Sync 1 DAGs
[2025-01-22T13:00:32.904+0000] {logging_mixin.py:190} INFO - [2025-01-22T13:00:32.904+0000] {dag.py:4180} INFO - Setting next_dagrun for example_xcom to 2021-01-01 00:00:00+00:00, run_after=2021-01-01 00:00:00+00:00
[2025-01-22T13:00:32.918+0000] {processor.py:208} INFO - Processing /usr/local/python/3.12.1/lib/python3.12/site-packages/airflow/example_dags/example_xcom.py took 0.052 seconds
[2025-01-22T13:01:25.687+0000] {processor.py:186} INFO - Started process (PID=10471) to work on /usr/local/python/3.12.1/lib/python3.12/site-packages/airflow/example_dags/example_xcom.py
[2025-01-22T13:01:25.687+0000] {processor.py:914} INFO - Processing file /usr/local/python/3.12.1/lib/python3.12/site-packages/airflow/example_dags/example_xcom.py for tasks to queue
[2025-01-22T13:01:25.689+0000] {logging_mixin.py:190} INFO - [2025-01-22T13:01:25.689+0000] {dagbag.py:588} INFO - Filling up the DagBag from /usr/local/python/3.12.1/lib/python3.12/site-packages/airflow/example_dags/example_xcom.py
[2025-01-22T13:01:25.696+0000] {processor.py:925} INFO - DAG(s) 'example_xcom' retrieved from /usr/local/python/3.12.1/lib/python3.12/site-packages/airflow/example_dags/example_xcom.py
[2025-01-22T13:01:25.707+0000] {logging_mixin.py:190} INFO - [2025-01-22T13:01:25.707+0000] {dag.py:3239} INFO - Sync 1 DAGs
[2025-01-22T13:01:25.721+0000] {logging_mixin.py:190} INFO - [2025-01-22T13:01:25.721+0000] {dag.py:4180} INFO - Setting next_dagrun for example_xcom to 2021-01-01 00:00:00+00:00, run_after=2021-01-01 00:00:00+00:00
[2025-01-22T13:01:25.735+0000] {processor.py:208} INFO - Processing /usr/local/python/3.12.1/lib/python3.12/site-packages/airflow/example_dags/example_xcom.py took 0.052 seconds
[2025-01-22T13:02:18.511+0000] {processor.py:186} INFO - Started process (PID=10864) to work on /usr/local/python/3.12.1/lib/python3.12/site-packages/airflow/example_dags/example_xcom.py
[2025-01-22T13:02:18.512+0000] {processor.py:914} INFO - Processing file /usr/local/python/3.12.1/lib/python3.12/site-packages/airflow/example_dags/example_xcom.py for tasks to queue
[2025-01-22T13:02:18.513+0000] {logging_mixin.py:190} INFO - [2025-01-22T13:02:18.513+0000] {dagbag.py:588} INFO - Filling up the DagBag from /usr/local/python/3.12.1/lib/python3.12/site-packages/airflow/example_dags/example_xcom.py
[2025-01-22T13:02:18.520+0000] {processor.py:925} INFO - DAG(s) 'example_xcom' retrieved from /usr/local/python/3.12.1/lib/python3.12/site-packages/airflow/example_dags/example_xcom.py
[2025-01-22T13:02:18.532+0000] {logging_mixin.py:190} INFO - [2025-01-22T13:02:18.531+0000] {dag.py:3239} INFO - Sync 1 DAGs
[2025-01-22T13:02:18.546+0000] {logging_mixin.py:190} INFO - [2025-01-22T13:02:18.545+0000] {dag.py:4180} INFO - Setting next_dagrun for example_xcom to 2021-01-01 00:00:00+00:00, run_after=2021-01-01 00:00:00+00:00
[2025-01-22T13:02:18.560+0000] {processor.py:208} INFO - Processing /usr/local/python/3.12.1/lib/python3.12/site-packages/airflow/example_dags/example_xcom.py took 0.052 seconds
[2025-01-22T13:03:11.422+0000] {processor.py:186} INFO - Started process (PID=11363) to work on /usr/local/python/3.12.1/lib/python3.12/site-packages/airflow/example_dags/example_xcom.py
[2025-01-22T13:03:11.423+0000] {processor.py:914} INFO - Processing file /usr/local/python/3.12.1/lib/python3.12/site-packages/airflow/example_dags/example_xcom.py for tasks to queue
[2025-01-22T13:03:11.424+0000] {logging_mixin.py:190} INFO - [2025-01-22T13:03:11.424+0000] {dagbag.py:588} INFO - Filling up the DagBag from /usr/local/python/3.12.1/lib/python3.12/site-packages/airflow/example_dags/example_xcom.py
[2025-01-22T13:03:11.431+0000] {processor.py:925} INFO - DAG(s) 'example_xcom' retrieved from /usr/local/python/3.12.1/lib/python3.12/site-packages/airflow/example_dags/example_xcom.py
[2025-01-22T13:03:11.442+0000] {logging_mixin.py:190} INFO - [2025-01-22T13:03:11.442+0000] {dag.py:3239} INFO - Sync 1 DAGs
[2025-01-22T13:03:11.456+0000] {logging_mixin.py:190} INFO - [2025-01-22T13:03:11.456+0000] {dag.py:4180} INFO - Setting next_dagrun for example_xcom to 2021-01-01 00:00:00+00:00, run_after=2021-01-01 00:00:00+00:00
[2025-01-22T13:03:11.470+0000] {processor.py:208} INFO - Processing /usr/local/python/3.12.1/lib/python3.12/site-packages/airflow/example_dags/example_xcom.py took 0.052 seconds
[2025-01-22T13:04:04.472+0000] {processor.py:186} INFO - Started process (PID=11797) to work on /usr/local/python/3.12.1/lib/python3.12/site-packages/airflow/example_dags/example_xcom.py
[2025-01-22T13:04:04.473+0000] {processor.py:914} INFO - Processing file /usr/local/python/3.12.1/lib/python3.12/site-packages/airflow/example_dags/example_xcom.py for tasks to queue
[2025-01-22T13:04:04.476+0000] {logging_mixin.py:190} INFO - [2025-01-22T13:04:04.476+0000] {dagbag.py:588} INFO - Filling up the DagBag from /usr/local/python/3.12.1/lib/python3.12/site-packages/airflow/example_dags/example_xcom.py
[2025-01-22T13:04:04.486+0000] {processor.py:925} INFO - DAG(s) 'example_xcom' retrieved from /usr/local/python/3.12.1/lib/python3.12/site-packages/airflow/example_dags/example_xcom.py
[2025-01-22T13:04:04.500+0000] {logging_mixin.py:190} INFO - [2025-01-22T13:04:04.500+0000] {dag.py:3239} INFO - Sync 1 DAGs
[2025-01-22T13:04:04.515+0000] {logging_mixin.py:190} INFO - [2025-01-22T13:04:04.515+0000] {dag.py:4180} INFO - Setting next_dagrun for example_xcom to 2021-01-01 00:00:00+00:00, run_after=2021-01-01 00:00:00+00:00
[2025-01-22T13:04:04.531+0000] {processor.py:208} INFO - Processing /usr/local/python/3.12.1/lib/python3.12/site-packages/airflow/example_dags/example_xcom.py took 0.065 seconds
[2025-01-22T13:04:55.737+0000] {processor.py:186} INFO - Started process (PID=12219) to work on /usr/local/python/3.12.1/lib/python3.12/site-packages/airflow/example_dags/example_xcom.py
[2025-01-22T13:04:55.737+0000] {processor.py:914} INFO - Processing file /usr/local/python/3.12.1/lib/python3.12/site-packages/airflow/example_dags/example_xcom.py for tasks to queue
[2025-01-22T13:04:55.739+0000] {logging_mixin.py:190} INFO - [2025-01-22T13:04:55.739+0000] {dagbag.py:588} INFO - Filling up the DagBag from /usr/local/python/3.12.1/lib/python3.12/site-packages/airflow/example_dags/example_xcom.py
[2025-01-22T13:04:55.746+0000] {processor.py:925} INFO - DAG(s) 'example_xcom' retrieved from /usr/local/python/3.12.1/lib/python3.12/site-packages/airflow/example_dags/example_xcom.py
[2025-01-22T13:04:55.757+0000] {logging_mixin.py:190} INFO - [2025-01-22T13:04:55.757+0000] {dag.py:3239} INFO - Sync 1 DAGs
[2025-01-22T13:04:55.772+0000] {logging_mixin.py:190} INFO - [2025-01-22T13:04:55.772+0000] {dag.py:4180} INFO - Setting next_dagrun for example_xcom to 2021-01-01 00:00:00+00:00, run_after=2021-01-01 00:00:00+00:00
[2025-01-22T13:04:55.797+0000] {processor.py:208} INFO - Processing /usr/local/python/3.12.1/lib/python3.12/site-packages/airflow/example_dags/example_xcom.py took 0.064 seconds
[2025-01-22T13:05:47.131+0000] {processor.py:186} INFO - Started process (PID=12639) to work on /usr/local/python/3.12.1/lib/python3.12/site-packages/airflow/example_dags/example_xcom.py
[2025-01-22T13:05:47.132+0000] {processor.py:914} INFO - Processing file /usr/local/python/3.12.1/lib/python3.12/site-packages/airflow/example_dags/example_xcom.py for tasks to queue
[2025-01-22T13:05:47.133+0000] {logging_mixin.py:190} INFO - [2025-01-22T13:05:47.133+0000] {dagbag.py:588} INFO - Filling up the DagBag from /usr/local/python/3.12.1/lib/python3.12/site-packages/airflow/example_dags/example_xcom.py
[2025-01-22T13:05:47.140+0000] {processor.py:925} INFO - DAG(s) 'example_xcom' retrieved from /usr/local/python/3.12.1/lib/python3.12/site-packages/airflow/example_dags/example_xcom.py
[2025-01-22T13:05:47.152+0000] {logging_mixin.py:190} INFO - [2025-01-22T13:05:47.151+0000] {dag.py:3239} INFO - Sync 1 DAGs
[2025-01-22T13:05:47.165+0000] {logging_mixin.py:190} INFO - [2025-01-22T13:05:47.165+0000] {dag.py:4180} INFO - Setting next_dagrun for example_xcom to 2021-01-01 00:00:00+00:00, run_after=2021-01-01 00:00:00+00:00
[2025-01-22T13:05:47.179+0000] {processor.py:208} INFO - Processing /usr/local/python/3.12.1/lib/python3.12/site-packages/airflow/example_dags/example_xcom.py took 0.052 seconds
[2025-01-22T13:06:35.631+0000] {processor.py:186} INFO - Started process (PID=13053) to work on /usr/local/python/3.12.1/lib/python3.12/site-packages/airflow/example_dags/example_xcom.py
[2025-01-22T13:06:35.632+0000] {processor.py:914} INFO - Processing file /usr/local/python/3.12.1/lib/python3.12/site-packages/airflow/example_dags/example_xcom.py for tasks to queue
[2025-01-22T13:06:35.634+0000] {logging_mixin.py:190} INFO - [2025-01-22T13:06:35.633+0000] {dagbag.py:588} INFO - Filling up the DagBag from /usr/local/python/3.12.1/lib/python3.12/site-packages/airflow/example_dags/example_xcom.py
[2025-01-22T13:06:35.641+0000] {processor.py:925} INFO - DAG(s) 'example_xcom' retrieved from /usr/local/python/3.12.1/lib/python3.12/site-packages/airflow/example_dags/example_xcom.py
[2025-01-22T13:06:35.652+0000] {logging_mixin.py:190} INFO - [2025-01-22T13:06:35.652+0000] {dag.py:3239} INFO - Sync 1 DAGs
[2025-01-22T13:06:35.666+0000] {logging_mixin.py:190} INFO - [2025-01-22T13:06:35.666+0000] {dag.py:4180} INFO - Setting next_dagrun for example_xcom to 2021-01-01 00:00:00+00:00, run_after=2021-01-01 00:00:00+00:00
[2025-01-22T13:06:35.680+0000] {processor.py:208} INFO - Processing /usr/local/python/3.12.1/lib/python3.12/site-packages/airflow/example_dags/example_xcom.py took 0.055 seconds
[2025-01-22T13:07:22.792+0000] {processor.py:186} INFO - Started process (PID=13435) to work on /usr/local/python/3.12.1/lib/python3.12/site-packages/airflow/example_dags/example_xcom.py
[2025-01-22T13:07:22.793+0000] {processor.py:914} INFO - Processing file /usr/local/python/3.12.1/lib/python3.12/site-packages/airflow/example_dags/example_xcom.py for tasks to queue
[2025-01-22T13:07:22.794+0000] {logging_mixin.py:190} INFO - [2025-01-22T13:07:22.794+0000] {dagbag.py:588} INFO - Filling up the DagBag from /usr/local/python/3.12.1/lib/python3.12/site-packages/airflow/example_dags/example_xcom.py
[2025-01-22T13:07:22.802+0000] {processor.py:925} INFO - DAG(s) 'example_xcom' retrieved from /usr/local/python/3.12.1/lib/python3.12/site-packages/airflow/example_dags/example_xcom.py
[2025-01-22T13:07:22.814+0000] {logging_mixin.py:190} INFO - [2025-01-22T13:07:22.814+0000] {dag.py:3239} INFO - Sync 1 DAGs
[2025-01-22T13:07:22.829+0000] {logging_mixin.py:190} INFO - [2025-01-22T13:07:22.829+0000] {dag.py:4180} INFO - Setting next_dagrun for example_xcom to 2021-01-01 00:00:00+00:00, run_after=2021-01-01 00:00:00+00:00
[2025-01-22T13:07:22.844+0000] {processor.py:208} INFO - Processing /usr/local/python/3.12.1/lib/python3.12/site-packages/airflow/example_dags/example_xcom.py took 0.056 seconds
[2025-01-22T13:08:16.841+0000] {processor.py:186} INFO - Started process (PID=14085) to work on /usr/local/python/3.12.1/lib/python3.12/site-packages/airflow/example_dags/example_xcom.py
[2025-01-22T13:08:16.842+0000] {processor.py:914} INFO - Processing file /usr/local/python/3.12.1/lib/python3.12/site-packages/airflow/example_dags/example_xcom.py for tasks to queue
[2025-01-22T13:08:16.843+0000] {logging_mixin.py:190} INFO - [2025-01-22T13:08:16.843+0000] {dagbag.py:588} INFO - Filling up the DagBag from /usr/local/python/3.12.1/lib/python3.12/site-packages/airflow/example_dags/example_xcom.py
[2025-01-22T13:08:16.850+0000] {processor.py:925} INFO - DAG(s) 'example_xcom' retrieved from /usr/local/python/3.12.1/lib/python3.12/site-packages/airflow/example_dags/example_xcom.py
[2025-01-22T13:08:16.861+0000] {logging_mixin.py:190} INFO - [2025-01-22T13:08:16.861+0000] {dag.py:3239} INFO - Sync 1 DAGs
[2025-01-22T13:08:16.875+0000] {logging_mixin.py:190} INFO - [2025-01-22T13:08:16.875+0000] {dag.py:4180} INFO - Setting next_dagrun for example_xcom to 2021-01-01 00:00:00+00:00, run_after=2021-01-01 00:00:00+00:00
[2025-01-22T13:08:16.889+0000] {processor.py:208} INFO - Processing /usr/local/python/3.12.1/lib/python3.12/site-packages/airflow/example_dags/example_xcom.py took 0.052 seconds
[2025-01-22T13:09:08.233+0000] {processor.py:186} INFO - Started process (PID=14513) to work on /usr/local/python/3.12.1/lib/python3.12/site-packages/airflow/example_dags/example_xcom.py
[2025-01-22T13:09:08.234+0000] {processor.py:914} INFO - Processing file /usr/local/python/3.12.1/lib/python3.12/site-packages/airflow/example_dags/example_xcom.py for tasks to queue
[2025-01-22T13:09:08.235+0000] {logging_mixin.py:190} INFO - [2025-01-22T13:09:08.235+0000] {dagbag.py:588} INFO - Filling up the DagBag from /usr/local/python/3.12.1/lib/python3.12/site-packages/airflow/example_dags/example_xcom.py
[2025-01-22T13:09:08.242+0000] {processor.py:925} INFO - DAG(s) 'example_xcom' retrieved from /usr/local/python/3.12.1/lib/python3.12/site-packages/airflow/example_dags/example_xcom.py
[2025-01-22T13:09:08.254+0000] {logging_mixin.py:190} INFO - [2025-01-22T13:09:08.253+0000] {dag.py:3239} INFO - Sync 1 DAGs
[2025-01-22T13:09:08.267+0000] {logging_mixin.py:190} INFO - [2025-01-22T13:09:08.267+0000] {dag.py:4180} INFO - Setting next_dagrun for example_xcom to 2021-01-01 00:00:00+00:00, run_after=2021-01-01 00:00:00+00:00
[2025-01-22T13:09:08.281+0000] {processor.py:208} INFO - Processing /usr/local/python/3.12.1/lib/python3.12/site-packages/airflow/example_dags/example_xcom.py took 0.051 seconds
[2025-01-22T13:09:59.904+0000] {processor.py:186} INFO - Started process (PID=14940) to work on /usr/local/python/3.12.1/lib/python3.12/site-packages/airflow/example_dags/example_xcom.py
[2025-01-22T13:09:59.905+0000] {processor.py:914} INFO - Processing file /usr/local/python/3.12.1/lib/python3.12/site-packages/airflow/example_dags/example_xcom.py for tasks to queue
[2025-01-22T13:09:59.906+0000] {logging_mixin.py:190} INFO - [2025-01-22T13:09:59.906+0000] {dagbag.py:588} INFO - Filling up the DagBag from /usr/local/python/3.12.1/lib/python3.12/site-packages/airflow/example_dags/example_xcom.py
[2025-01-22T13:09:59.914+0000] {processor.py:925} INFO - DAG(s) 'example_xcom' retrieved from /usr/local/python/3.12.1/lib/python3.12/site-packages/airflow/example_dags/example_xcom.py
[2025-01-22T13:09:59.925+0000] {logging_mixin.py:190} INFO - [2025-01-22T13:09:59.925+0000] {dag.py:3239} INFO - Sync 1 DAGs
[2025-01-22T13:09:59.939+0000] {logging_mixin.py:190} INFO - [2025-01-22T13:09:59.939+0000] {dag.py:4180} INFO - Setting next_dagrun for example_xcom to 2021-01-01 00:00:00+00:00, run_after=2021-01-01 00:00:00+00:00
[2025-01-22T13:09:59.953+0000] {processor.py:208} INFO - Processing /usr/local/python/3.12.1/lib/python3.12/site-packages/airflow/example_dags/example_xcom.py took 0.052 seconds
[2025-01-22T13:10:48.711+0000] {processor.py:186} INFO - Started process (PID=15344) to work on /usr/local/python/3.12.1/lib/python3.12/site-packages/airflow/example_dags/example_xcom.py
[2025-01-22T13:10:48.712+0000] {processor.py:914} INFO - Processing file /usr/local/python/3.12.1/lib/python3.12/site-packages/airflow/example_dags/example_xcom.py for tasks to queue
[2025-01-22T13:10:48.714+0000] {logging_mixin.py:190} INFO - [2025-01-22T13:10:48.713+0000] {dagbag.py:588} INFO - Filling up the DagBag from /usr/local/python/3.12.1/lib/python3.12/site-packages/airflow/example_dags/example_xcom.py
[2025-01-22T13:10:48.721+0000] {processor.py:925} INFO - DAG(s) 'example_xcom' retrieved from /usr/local/python/3.12.1/lib/python3.12/site-packages/airflow/example_dags/example_xcom.py
[2025-01-22T13:10:48.732+0000] {logging_mixin.py:190} INFO - [2025-01-22T13:10:48.732+0000] {dag.py:3239} INFO - Sync 1 DAGs
[2025-01-22T13:10:48.746+0000] {logging_mixin.py:190} INFO - [2025-01-22T13:10:48.746+0000] {dag.py:4180} INFO - Setting next_dagrun for example_xcom to 2021-01-01 00:00:00+00:00, run_after=2021-01-01 00:00:00+00:00
[2025-01-22T13:10:48.760+0000] {processor.py:208} INFO - Processing /usr/local/python/3.12.1/lib/python3.12/site-packages/airflow/example_dags/example_xcom.py took 0.053 seconds
[2025-01-22T13:11:38.120+0000] {processor.py:186} INFO - Started process (PID=15752) to work on /usr/local/python/3.12.1/lib/python3.12/site-packages/airflow/example_dags/example_xcom.py
[2025-01-22T13:11:38.121+0000] {processor.py:914} INFO - Processing file /usr/local/python/3.12.1/lib/python3.12/site-packages/airflow/example_dags/example_xcom.py for tasks to queue
[2025-01-22T13:11:38.122+0000] {logging_mixin.py:190} INFO - [2025-01-22T13:11:38.122+0000] {dagbag.py:588} INFO - Filling up the DagBag from /usr/local/python/3.12.1/lib/python3.12/site-packages/airflow/example_dags/example_xcom.py
[2025-01-22T13:11:38.129+0000] {processor.py:925} INFO - DAG(s) 'example_xcom' retrieved from /usr/local/python/3.12.1/lib/python3.12/site-packages/airflow/example_dags/example_xcom.py
[2025-01-22T13:11:38.141+0000] {logging_mixin.py:190} INFO - [2025-01-22T13:11:38.141+0000] {dag.py:3239} INFO - Sync 1 DAGs
[2025-01-22T13:11:38.155+0000] {logging_mixin.py:190} INFO - [2025-01-22T13:11:38.155+0000] {dag.py:4180} INFO - Setting next_dagrun for example_xcom to 2021-01-01 00:00:00+00:00, run_after=2021-01-01 00:00:00+00:00
[2025-01-22T13:11:38.169+0000] {processor.py:208} INFO - Processing /usr/local/python/3.12.1/lib/python3.12/site-packages/airflow/example_dags/example_xcom.py took 0.053 seconds
[2025-01-22T13:12:30.030+0000] {processor.py:186} INFO - Started process (PID=16241) to work on /usr/local/python/3.12.1/lib/python3.12/site-packages/airflow/example_dags/example_xcom.py
[2025-01-22T13:12:30.031+0000] {processor.py:914} INFO - Processing file /usr/local/python/3.12.1/lib/python3.12/site-packages/airflow/example_dags/example_xcom.py for tasks to queue
[2025-01-22T13:12:30.033+0000] {logging_mixin.py:190} INFO - [2025-01-22T13:12:30.032+0000] {dagbag.py:588} INFO - Filling up the DagBag from /usr/local/python/3.12.1/lib/python3.12/site-packages/airflow/example_dags/example_xcom.py
[2025-01-22T13:12:30.040+0000] {processor.py:925} INFO - DAG(s) 'example_xcom' retrieved from /usr/local/python/3.12.1/lib/python3.12/site-packages/airflow/example_dags/example_xcom.py
[2025-01-22T13:12:30.051+0000] {logging_mixin.py:190} INFO - [2025-01-22T13:12:30.051+0000] {dag.py:3239} INFO - Sync 1 DAGs
[2025-01-22T13:12:30.064+0000] {logging_mixin.py:190} INFO - [2025-01-22T13:12:30.064+0000] {dag.py:4180} INFO - Setting next_dagrun for example_xcom to 2021-01-01 00:00:00+00:00, run_after=2021-01-01 00:00:00+00:00
[2025-01-22T13:12:30.078+0000] {processor.py:208} INFO - Processing /usr/local/python/3.12.1/lib/python3.12/site-packages/airflow/example_dags/example_xcom.py took 0.052 seconds
[2025-01-22T13:13:21.923+0000] {processor.py:186} INFO - Started process (PID=16640) to work on /usr/local/python/3.12.1/lib/python3.12/site-packages/airflow/example_dags/example_xcom.py
[2025-01-22T13:13:21.923+0000] {processor.py:914} INFO - Processing file /usr/local/python/3.12.1/lib/python3.12/site-packages/airflow/example_dags/example_xcom.py for tasks to queue
[2025-01-22T13:13:21.925+0000] {logging_mixin.py:190} INFO - [2025-01-22T13:13:21.925+0000] {dagbag.py:588} INFO - Filling up the DagBag from /usr/local/python/3.12.1/lib/python3.12/site-packages/airflow/example_dags/example_xcom.py
[2025-01-22T13:13:21.932+0000] {processor.py:925} INFO - DAG(s) 'example_xcom' retrieved from /usr/local/python/3.12.1/lib/python3.12/site-packages/airflow/example_dags/example_xcom.py
[2025-01-22T13:13:21.944+0000] {logging_mixin.py:190} INFO - [2025-01-22T13:13:21.943+0000] {dag.py:3239} INFO - Sync 1 DAGs
[2025-01-22T13:13:21.958+0000] {logging_mixin.py:190} INFO - [2025-01-22T13:13:21.958+0000] {dag.py:4180} INFO - Setting next_dagrun for example_xcom to 2021-01-01 00:00:00+00:00, run_after=2021-01-01 00:00:00+00:00
[2025-01-22T13:13:21.973+0000] {processor.py:208} INFO - Processing /usr/local/python/3.12.1/lib/python3.12/site-packages/airflow/example_dags/example_xcom.py took 0.054 seconds
[2025-01-22T13:14:15.557+0000] {processor.py:186} INFO - Started process (PID=17040) to work on /usr/local/python/3.12.1/lib/python3.12/site-packages/airflow/example_dags/example_xcom.py
[2025-01-22T13:14:15.557+0000] {processor.py:914} INFO - Processing file /usr/local/python/3.12.1/lib/python3.12/site-packages/airflow/example_dags/example_xcom.py for tasks to queue
[2025-01-22T13:14:15.559+0000] {logging_mixin.py:190} INFO - [2025-01-22T13:14:15.558+0000] {dagbag.py:588} INFO - Filling up the DagBag from /usr/local/python/3.12.1/lib/python3.12/site-packages/airflow/example_dags/example_xcom.py
[2025-01-22T13:14:15.566+0000] {processor.py:925} INFO - DAG(s) 'example_xcom' retrieved from /usr/local/python/3.12.1/lib/python3.12/site-packages/airflow/example_dags/example_xcom.py
[2025-01-22T13:14:15.577+0000] {logging_mixin.py:190} INFO - [2025-01-22T13:14:15.577+0000] {dag.py:3239} INFO - Sync 1 DAGs
[2025-01-22T13:14:15.591+0000] {logging_mixin.py:190} INFO - [2025-01-22T13:14:15.591+0000] {dag.py:4180} INFO - Setting next_dagrun for example_xcom to 2021-01-01 00:00:00+00:00, run_after=2021-01-01 00:00:00+00:00
[2025-01-22T13:14:15.605+0000] {processor.py:208} INFO - Processing /usr/local/python/3.12.1/lib/python3.12/site-packages/airflow/example_dags/example_xcom.py took 0.052 seconds
[2025-01-22T13:15:05.212+0000] {processor.py:186} INFO - Started process (PID=17466) to work on /usr/local/python/3.12.1/lib/python3.12/site-packages/airflow/example_dags/example_xcom.py
[2025-01-22T13:15:05.212+0000] {processor.py:914} INFO - Processing file /usr/local/python/3.12.1/lib/python3.12/site-packages/airflow/example_dags/example_xcom.py for tasks to queue
[2025-01-22T13:15:05.214+0000] {logging_mixin.py:190} INFO - [2025-01-22T13:15:05.214+0000] {dagbag.py:588} INFO - Filling up the DagBag from /usr/local/python/3.12.1/lib/python3.12/site-packages/airflow/example_dags/example_xcom.py
[2025-01-22T13:15:05.221+0000] {processor.py:925} INFO - DAG(s) 'example_xcom' retrieved from /usr/local/python/3.12.1/lib/python3.12/site-packages/airflow/example_dags/example_xcom.py
[2025-01-22T13:15:05.233+0000] {logging_mixin.py:190} INFO - [2025-01-22T13:15:05.232+0000] {dag.py:3239} INFO - Sync 1 DAGs
[2025-01-22T13:15:05.246+0000] {logging_mixin.py:190} INFO - [2025-01-22T13:15:05.246+0000] {dag.py:4180} INFO - Setting next_dagrun for example_xcom to 2021-01-01 00:00:00+00:00, run_after=2021-01-01 00:00:00+00:00
[2025-01-22T13:15:05.260+0000] {processor.py:208} INFO - Processing /usr/local/python/3.12.1/lib/python3.12/site-packages/airflow/example_dags/example_xcom.py took 0.053 seconds
[2025-01-22T13:15:54.188+0000] {processor.py:186} INFO - Started process (PID=17881) to work on /usr/local/python/3.12.1/lib/python3.12/site-packages/airflow/example_dags/example_xcom.py
[2025-01-22T13:15:54.189+0000] {processor.py:914} INFO - Processing file /usr/local/python/3.12.1/lib/python3.12/site-packages/airflow/example_dags/example_xcom.py for tasks to queue
[2025-01-22T13:15:54.191+0000] {logging_mixin.py:190} INFO - [2025-01-22T13:15:54.190+0000] {dagbag.py:588} INFO - Filling up the DagBag from /usr/local/python/3.12.1/lib/python3.12/site-packages/airflow/example_dags/example_xcom.py
[2025-01-22T13:15:54.198+0000] {processor.py:925} INFO - DAG(s) 'example_xcom' retrieved from /usr/local/python/3.12.1/lib/python3.12/site-packages/airflow/example_dags/example_xcom.py
[2025-01-22T13:15:54.209+0000] {logging_mixin.py:190} INFO - [2025-01-22T13:15:54.209+0000] {dag.py:3239} INFO - Sync 1 DAGs
[2025-01-22T13:15:54.223+0000] {logging_mixin.py:190} INFO - [2025-01-22T13:15:54.223+0000] {dag.py:4180} INFO - Setting next_dagrun for example_xcom to 2021-01-01 00:00:00+00:00, run_after=2021-01-01 00:00:00+00:00
[2025-01-22T13:15:54.238+0000] {processor.py:208} INFO - Processing /usr/local/python/3.12.1/lib/python3.12/site-packages/airflow/example_dags/example_xcom.py took 0.053 seconds
[2025-01-22T13:16:46.663+0000] {processor.py:186} INFO - Started process (PID=18303) to work on /usr/local/python/3.12.1/lib/python3.12/site-packages/airflow/example_dags/example_xcom.py
[2025-01-22T13:16:46.663+0000] {processor.py:914} INFO - Processing file /usr/local/python/3.12.1/lib/python3.12/site-packages/airflow/example_dags/example_xcom.py for tasks to queue
[2025-01-22T13:16:46.665+0000] {logging_mixin.py:190} INFO - [2025-01-22T13:16:46.664+0000] {dagbag.py:588} INFO - Filling up the DagBag from /usr/local/python/3.12.1/lib/python3.12/site-packages/airflow/example_dags/example_xcom.py
[2025-01-22T13:16:46.672+0000] {processor.py:925} INFO - DAG(s) 'example_xcom' retrieved from /usr/local/python/3.12.1/lib/python3.12/site-packages/airflow/example_dags/example_xcom.py
[2025-01-22T13:16:46.684+0000] {logging_mixin.py:190} INFO - [2025-01-22T13:16:46.683+0000] {dag.py:3239} INFO - Sync 1 DAGs
[2025-01-22T13:16:46.698+0000] {logging_mixin.py:190} INFO - [2025-01-22T13:16:46.698+0000] {dag.py:4180} INFO - Setting next_dagrun for example_xcom to 2021-01-01 00:00:00+00:00, run_after=2021-01-01 00:00:00+00:00
[2025-01-22T13:16:46.713+0000] {processor.py:208} INFO - Processing /usr/local/python/3.12.1/lib/python3.12/site-packages/airflow/example_dags/example_xcom.py took 0.055 seconds
[2025-01-22T13:17:38.942+0000] {processor.py:186} INFO - Started process (PID=18794) to work on /usr/local/python/3.12.1/lib/python3.12/site-packages/airflow/example_dags/example_xcom.py
[2025-01-22T13:17:38.942+0000] {processor.py:914} INFO - Processing file /usr/local/python/3.12.1/lib/python3.12/site-packages/airflow/example_dags/example_xcom.py for tasks to queue
[2025-01-22T13:17:38.944+0000] {logging_mixin.py:190} INFO - [2025-01-22T13:17:38.944+0000] {dagbag.py:588} INFO - Filling up the DagBag from /usr/local/python/3.12.1/lib/python3.12/site-packages/airflow/example_dags/example_xcom.py
[2025-01-22T13:17:38.951+0000] {processor.py:925} INFO - DAG(s) 'example_xcom' retrieved from /usr/local/python/3.12.1/lib/python3.12/site-packages/airflow/example_dags/example_xcom.py
[2025-01-22T13:17:38.963+0000] {logging_mixin.py:190} INFO - [2025-01-22T13:17:38.963+0000] {dag.py:3239} INFO - Sync 1 DAGs
[2025-01-22T13:17:38.977+0000] {logging_mixin.py:190} INFO - [2025-01-22T13:17:38.977+0000] {dag.py:4180} INFO - Setting next_dagrun for example_xcom to 2021-01-01 00:00:00+00:00, run_after=2021-01-01 00:00:00+00:00
[2025-01-22T13:17:38.993+0000] {processor.py:208} INFO - Processing /usr/local/python/3.12.1/lib/python3.12/site-packages/airflow/example_dags/example_xcom.py took 0.055 seconds
[2025-01-22T13:18:29.097+0000] {processor.py:186} INFO - Started process (PID=19272) to work on /usr/local/python/3.12.1/lib/python3.12/site-packages/airflow/example_dags/example_xcom.py
[2025-01-22T13:18:29.098+0000] {processor.py:914} INFO - Processing file /usr/local/python/3.12.1/lib/python3.12/site-packages/airflow/example_dags/example_xcom.py for tasks to queue
[2025-01-22T13:18:29.100+0000] {logging_mixin.py:190} INFO - [2025-01-22T13:18:29.099+0000] {dagbag.py:588} INFO - Filling up the DagBag from /usr/local/python/3.12.1/lib/python3.12/site-packages/airflow/example_dags/example_xcom.py
[2025-01-22T13:18:29.107+0000] {processor.py:925} INFO - DAG(s) 'example_xcom' retrieved from /usr/local/python/3.12.1/lib/python3.12/site-packages/airflow/example_dags/example_xcom.py
[2025-01-22T13:18:29.118+0000] {logging_mixin.py:190} INFO - [2025-01-22T13:18:29.118+0000] {dag.py:3239} INFO - Sync 1 DAGs
[2025-01-22T13:18:29.132+0000] {logging_mixin.py:190} INFO - [2025-01-22T13:18:29.132+0000] {dag.py:4180} INFO - Setting next_dagrun for example_xcom to 2021-01-01 00:00:00+00:00, run_after=2021-01-01 00:00:00+00:00
[2025-01-22T13:18:29.146+0000] {processor.py:208} INFO - Processing /usr/local/python/3.12.1/lib/python3.12/site-packages/airflow/example_dags/example_xcom.py took 0.052 seconds
[2025-01-22T13:19:17.329+0000] {processor.py:186} INFO - Started process (PID=20048) to work on /usr/local/python/3.12.1/lib/python3.12/site-packages/airflow/example_dags/example_xcom.py
[2025-01-22T13:19:17.329+0000] {processor.py:914} INFO - Processing file /usr/local/python/3.12.1/lib/python3.12/site-packages/airflow/example_dags/example_xcom.py for tasks to queue
[2025-01-22T13:19:17.331+0000] {logging_mixin.py:190} INFO - [2025-01-22T13:19:17.331+0000] {dagbag.py:588} INFO - Filling up the DagBag from /usr/local/python/3.12.1/lib/python3.12/site-packages/airflow/example_dags/example_xcom.py
[2025-01-22T13:19:17.338+0000] {processor.py:925} INFO - DAG(s) 'example_xcom' retrieved from /usr/local/python/3.12.1/lib/python3.12/site-packages/airflow/example_dags/example_xcom.py
[2025-01-22T13:19:17.349+0000] {logging_mixin.py:190} INFO - [2025-01-22T13:19:17.349+0000] {dag.py:3239} INFO - Sync 1 DAGs
[2025-01-22T13:19:17.363+0000] {logging_mixin.py:190} INFO - [2025-01-22T13:19:17.363+0000] {dag.py:4180} INFO - Setting next_dagrun for example_xcom to 2021-01-01 00:00:00+00:00, run_after=2021-01-01 00:00:00+00:00
[2025-01-22T13:19:17.378+0000] {processor.py:208} INFO - Processing /usr/local/python/3.12.1/lib/python3.12/site-packages/airflow/example_dags/example_xcom.py took 0.053 seconds
[2025-01-22T13:20:08.014+0000] {processor.py:186} INFO - Started process (PID=21029) to work on /usr/local/python/3.12.1/lib/python3.12/site-packages/airflow/example_dags/example_xcom.py
[2025-01-22T13:20:08.014+0000] {processor.py:914} INFO - Processing file /usr/local/python/3.12.1/lib/python3.12/site-packages/airflow/example_dags/example_xcom.py for tasks to queue
[2025-01-22T13:20:08.016+0000] {logging_mixin.py:190} INFO - [2025-01-22T13:20:08.016+0000] {dagbag.py:588} INFO - Filling up the DagBag from /usr/local/python/3.12.1/lib/python3.12/site-packages/airflow/example_dags/example_xcom.py
[2025-01-22T13:20:08.023+0000] {processor.py:925} INFO - DAG(s) 'example_xcom' retrieved from /usr/local/python/3.12.1/lib/python3.12/site-packages/airflow/example_dags/example_xcom.py
[2025-01-22T13:20:08.035+0000] {logging_mixin.py:190} INFO - [2025-01-22T13:20:08.035+0000] {dag.py:3239} INFO - Sync 1 DAGs
[2025-01-22T13:20:08.049+0000] {logging_mixin.py:190} INFO - [2025-01-22T13:20:08.049+0000] {dag.py:4180} INFO - Setting next_dagrun for example_xcom to 2021-01-01 00:00:00+00:00, run_after=2021-01-01 00:00:00+00:00
[2025-01-22T13:20:08.063+0000] {processor.py:208} INFO - Processing /usr/local/python/3.12.1/lib/python3.12/site-packages/airflow/example_dags/example_xcom.py took 0.054 seconds
[2025-01-22T13:20:55.224+0000] {processor.py:186} INFO - Started process (PID=21520) to work on /usr/local/python/3.12.1/lib/python3.12/site-packages/airflow/example_dags/example_xcom.py
[2025-01-22T13:20:55.225+0000] {processor.py:914} INFO - Processing file /usr/local/python/3.12.1/lib/python3.12/site-packages/airflow/example_dags/example_xcom.py for tasks to queue
[2025-01-22T13:20:55.226+0000] {logging_mixin.py:190} INFO - [2025-01-22T13:20:55.226+0000] {dagbag.py:588} INFO - Filling up the DagBag from /usr/local/python/3.12.1/lib/python3.12/site-packages/airflow/example_dags/example_xcom.py
[2025-01-22T13:20:55.233+0000] {processor.py:925} INFO - DAG(s) 'example_xcom' retrieved from /usr/local/python/3.12.1/lib/python3.12/site-packages/airflow/example_dags/example_xcom.py
[2025-01-22T13:20:55.244+0000] {logging_mixin.py:190} INFO - [2025-01-22T13:20:55.244+0000] {dag.py:3239} INFO - Sync 1 DAGs
[2025-01-22T13:20:55.258+0000] {logging_mixin.py:190} INFO - [2025-01-22T13:20:55.258+0000] {dag.py:4180} INFO - Setting next_dagrun for example_xcom to 2021-01-01 00:00:00+00:00, run_after=2021-01-01 00:00:00+00:00
[2025-01-22T13:20:55.273+0000] {processor.py:208} INFO - Processing /usr/local/python/3.12.1/lib/python3.12/site-packages/airflow/example_dags/example_xcom.py took 0.053 seconds
[2025-01-22T13:21:47.029+0000] {processor.py:186} INFO - Started process (PID=22057) to work on /usr/local/python/3.12.1/lib/python3.12/site-packages/airflow/example_dags/example_xcom.py
[2025-01-22T13:21:47.029+0000] {processor.py:914} INFO - Processing file /usr/local/python/3.12.1/lib/python3.12/site-packages/airflow/example_dags/example_xcom.py for tasks to queue
[2025-01-22T13:21:47.031+0000] {logging_mixin.py:190} INFO - [2025-01-22T13:21:47.031+0000] {dagbag.py:588} INFO - Filling up the DagBag from /usr/local/python/3.12.1/lib/python3.12/site-packages/airflow/example_dags/example_xcom.py
[2025-01-22T13:21:47.038+0000] {processor.py:925} INFO - DAG(s) 'example_xcom' retrieved from /usr/local/python/3.12.1/lib/python3.12/site-packages/airflow/example_dags/example_xcom.py
[2025-01-22T13:21:47.051+0000] {logging_mixin.py:190} INFO - [2025-01-22T13:21:47.050+0000] {dag.py:3239} INFO - Sync 1 DAGs
[2025-01-22T13:21:47.066+0000] {logging_mixin.py:190} INFO - [2025-01-22T13:21:47.066+0000] {dag.py:4180} INFO - Setting next_dagrun for example_xcom to 2021-01-01 00:00:00+00:00, run_after=2021-01-01 00:00:00+00:00
[2025-01-22T13:21:47.081+0000] {processor.py:208} INFO - Processing /usr/local/python/3.12.1/lib/python3.12/site-packages/airflow/example_dags/example_xcom.py took 0.057 seconds
