[2025-01-22T12:52:47.780+0000] {processor.py:186} INFO - Started process (PID=5486) to work on /usr/local/python/3.12.1/lib/python3.12/site-packages/airflow/example_dags/example_setup_teardown.py
[2025-01-22T12:52:47.781+0000] {processor.py:914} INFO - Processing file /usr/local/python/3.12.1/lib/python3.12/site-packages/airflow/example_dags/example_setup_teardown.py for tasks to queue
[2025-01-22T12:52:47.782+0000] {logging_mixin.py:190} INFO - [2025-01-22T12:52:47.782+0000] {dagbag.py:588} INFO - Filling up the DagBag from /usr/local/python/3.12.1/lib/python3.12/site-packages/airflow/example_dags/example_setup_teardown.py
[2025-01-22T12:52:47.788+0000] {processor.py:925} INFO - DAG(s) 'example_setup_teardown' retrieved from /usr/local/python/3.12.1/lib/python3.12/site-packages/airflow/example_dags/example_setup_teardown.py
[2025-01-22T12:52:47.863+0000] {logging_mixin.py:190} INFO - [2025-01-22T12:52:47.863+0000] {override.py:1911} INFO - Created Permission View: can delete on DAG:example_setup_teardown
[2025-01-22T12:52:47.870+0000] {logging_mixin.py:190} INFO - [2025-01-22T12:52:47.870+0000] {override.py:1911} INFO - Created Permission View: can edit on DAG:example_setup_teardown
[2025-01-22T12:52:47.876+0000] {logging_mixin.py:190} INFO - [2025-01-22T12:52:47.875+0000] {override.py:1911} INFO - Created Permission View: can read on DAG:example_setup_teardown
[2025-01-22T12:52:47.883+0000] {logging_mixin.py:190} INFO - [2025-01-22T12:52:47.883+0000] {override.py:1911} INFO - Created Permission View: can create on DAG Run:example_setup_teardown
[2025-01-22T12:52:47.888+0000] {logging_mixin.py:190} INFO - [2025-01-22T12:52:47.888+0000] {override.py:1911} INFO - Created Permission View: can read on DAG Run:example_setup_teardown
[2025-01-22T12:52:47.892+0000] {logging_mixin.py:190} INFO - [2025-01-22T12:52:47.892+0000] {override.py:1911} INFO - Created Permission View: menu access on DAG Run:example_setup_teardown
[2025-01-22T12:52:47.897+0000] {logging_mixin.py:190} INFO - [2025-01-22T12:52:47.897+0000] {override.py:1911} INFO - Created Permission View: can delete on DAG Run:example_setup_teardown
[2025-01-22T12:52:47.898+0000] {logging_mixin.py:190} INFO - [2025-01-22T12:52:47.897+0000] {dag.py:3239} INFO - Sync 1 DAGs
[2025-01-22T12:52:47.907+0000] {logging_mixin.py:190} INFO - [2025-01-22T12:52:47.907+0000] {dag.py:3262} INFO - Creating ORM DAG for example_setup_teardown
[2025-01-22T12:52:47.907+0000] {logging_mixin.py:190} INFO - [2025-01-22T12:52:47.907+0000] {dag.py:4180} INFO - Setting next_dagrun for example_setup_teardown to None, run_after=None
[2025-01-22T12:52:47.920+0000] {processor.py:208} INFO - Processing /usr/local/python/3.12.1/lib/python3.12/site-packages/airflow/example_dags/example_setup_teardown.py took 0.144 seconds
[2025-01-22T12:53:47.405+0000] {processor.py:186} INFO - Started process (PID=6446) to work on /usr/local/python/3.12.1/lib/python3.12/site-packages/airflow/example_dags/example_setup_teardown.py
[2025-01-22T12:53:47.406+0000] {processor.py:914} INFO - Processing file /usr/local/python/3.12.1/lib/python3.12/site-packages/airflow/example_dags/example_setup_teardown.py for tasks to queue
[2025-01-22T12:53:47.407+0000] {logging_mixin.py:190} INFO - [2025-01-22T12:53:47.407+0000] {dagbag.py:588} INFO - Filling up the DagBag from /usr/local/python/3.12.1/lib/python3.12/site-packages/airflow/example_dags/example_setup_teardown.py
[2025-01-22T12:53:47.414+0000] {processor.py:925} INFO - DAG(s) 'example_setup_teardown' retrieved from /usr/local/python/3.12.1/lib/python3.12/site-packages/airflow/example_dags/example_setup_teardown.py
[2025-01-22T12:53:47.425+0000] {logging_mixin.py:190} INFO - [2025-01-22T12:53:47.425+0000] {dag.py:3239} INFO - Sync 1 DAGs
[2025-01-22T12:53:47.434+0000] {logging_mixin.py:190} INFO - [2025-01-22T12:53:47.434+0000] {dag.py:4180} INFO - Setting next_dagrun for example_setup_teardown to None, run_after=None
[2025-01-22T12:53:47.449+0000] {processor.py:208} INFO - Processing /usr/local/python/3.12.1/lib/python3.12/site-packages/airflow/example_dags/example_setup_teardown.py took 0.047 seconds
[2025-01-22T12:54:41.065+0000] {processor.py:186} INFO - Started process (PID=7082) to work on /usr/local/python/3.12.1/lib/python3.12/site-packages/airflow/example_dags/example_setup_teardown.py
[2025-01-22T12:54:41.066+0000] {processor.py:914} INFO - Processing file /usr/local/python/3.12.1/lib/python3.12/site-packages/airflow/example_dags/example_setup_teardown.py for tasks to queue
[2025-01-22T12:54:41.067+0000] {logging_mixin.py:190} INFO - [2025-01-22T12:54:41.067+0000] {dagbag.py:588} INFO - Filling up the DagBag from /usr/local/python/3.12.1/lib/python3.12/site-packages/airflow/example_dags/example_setup_teardown.py
[2025-01-22T12:54:41.074+0000] {processor.py:925} INFO - DAG(s) 'example_setup_teardown' retrieved from /usr/local/python/3.12.1/lib/python3.12/site-packages/airflow/example_dags/example_setup_teardown.py
[2025-01-22T12:54:41.085+0000] {logging_mixin.py:190} INFO - [2025-01-22T12:54:41.085+0000] {dag.py:3239} INFO - Sync 1 DAGs
[2025-01-22T12:54:41.094+0000] {logging_mixin.py:190} INFO - [2025-01-22T12:54:41.094+0000] {dag.py:4180} INFO - Setting next_dagrun for example_setup_teardown to None, run_after=None
[2025-01-22T12:54:41.108+0000] {processor.py:208} INFO - Processing /usr/local/python/3.12.1/lib/python3.12/site-packages/airflow/example_dags/example_setup_teardown.py took 0.047 seconds
[2025-01-22T12:55:36.163+0000] {processor.py:186} INFO - Started process (PID=7581) to work on /usr/local/python/3.12.1/lib/python3.12/site-packages/airflow/example_dags/example_setup_teardown.py
[2025-01-22T12:55:36.163+0000] {processor.py:914} INFO - Processing file /usr/local/python/3.12.1/lib/python3.12/site-packages/airflow/example_dags/example_setup_teardown.py for tasks to queue
[2025-01-22T12:55:36.165+0000] {logging_mixin.py:190} INFO - [2025-01-22T12:55:36.165+0000] {dagbag.py:588} INFO - Filling up the DagBag from /usr/local/python/3.12.1/lib/python3.12/site-packages/airflow/example_dags/example_setup_teardown.py
[2025-01-22T12:55:36.171+0000] {processor.py:925} INFO - DAG(s) 'example_setup_teardown' retrieved from /usr/local/python/3.12.1/lib/python3.12/site-packages/airflow/example_dags/example_setup_teardown.py
[2025-01-22T12:55:36.183+0000] {logging_mixin.py:190} INFO - [2025-01-22T12:55:36.182+0000] {dag.py:3239} INFO - Sync 1 DAGs
[2025-01-22T12:55:36.192+0000] {logging_mixin.py:190} INFO - [2025-01-22T12:55:36.191+0000] {dag.py:4180} INFO - Setting next_dagrun for example_setup_teardown to None, run_after=None
[2025-01-22T12:55:36.206+0000] {processor.py:208} INFO - Processing /usr/local/python/3.12.1/lib/python3.12/site-packages/airflow/example_dags/example_setup_teardown.py took 0.047 seconds
[2025-01-22T12:56:28.683+0000] {processor.py:186} INFO - Started process (PID=8009) to work on /usr/local/python/3.12.1/lib/python3.12/site-packages/airflow/example_dags/example_setup_teardown.py
[2025-01-22T12:56:28.684+0000] {processor.py:914} INFO - Processing file /usr/local/python/3.12.1/lib/python3.12/site-packages/airflow/example_dags/example_setup_teardown.py for tasks to queue
[2025-01-22T12:56:28.686+0000] {logging_mixin.py:190} INFO - [2025-01-22T12:56:28.686+0000] {dagbag.py:588} INFO - Filling up the DagBag from /usr/local/python/3.12.1/lib/python3.12/site-packages/airflow/example_dags/example_setup_teardown.py
[2025-01-22T12:56:28.695+0000] {processor.py:925} INFO - DAG(s) 'example_setup_teardown' retrieved from /usr/local/python/3.12.1/lib/python3.12/site-packages/airflow/example_dags/example_setup_teardown.py
[2025-01-22T12:56:28.711+0000] {logging_mixin.py:190} INFO - [2025-01-22T12:56:28.711+0000] {dag.py:3239} INFO - Sync 1 DAGs
[2025-01-22T12:56:28.725+0000] {logging_mixin.py:190} INFO - [2025-01-22T12:56:28.725+0000] {dag.py:4180} INFO - Setting next_dagrun for example_setup_teardown to None, run_after=None
[2025-01-22T12:56:28.754+0000] {processor.py:208} INFO - Processing /usr/local/python/3.12.1/lib/python3.12/site-packages/airflow/example_dags/example_setup_teardown.py took 0.076 seconds
[2025-01-22T12:57:20.281+0000] {processor.py:186} INFO - Started process (PID=8369) to work on /usr/local/python/3.12.1/lib/python3.12/site-packages/airflow/example_dags/example_setup_teardown.py
[2025-01-22T12:57:20.281+0000] {processor.py:914} INFO - Processing file /usr/local/python/3.12.1/lib/python3.12/site-packages/airflow/example_dags/example_setup_teardown.py for tasks to queue
[2025-01-22T12:57:20.283+0000] {logging_mixin.py:190} INFO - [2025-01-22T12:57:20.283+0000] {dagbag.py:588} INFO - Filling up the DagBag from /usr/local/python/3.12.1/lib/python3.12/site-packages/airflow/example_dags/example_setup_teardown.py
[2025-01-22T12:57:20.289+0000] {processor.py:925} INFO - DAG(s) 'example_setup_teardown' retrieved from /usr/local/python/3.12.1/lib/python3.12/site-packages/airflow/example_dags/example_setup_teardown.py
[2025-01-22T12:57:20.300+0000] {logging_mixin.py:190} INFO - [2025-01-22T12:57:20.300+0000] {dag.py:3239} INFO - Sync 1 DAGs
[2025-01-22T12:57:20.309+0000] {logging_mixin.py:190} INFO - [2025-01-22T12:57:20.309+0000] {dag.py:4180} INFO - Setting next_dagrun for example_setup_teardown to None, run_after=None
[2025-01-22T12:57:20.323+0000] {processor.py:208} INFO - Processing /usr/local/python/3.12.1/lib/python3.12/site-packages/airflow/example_dags/example_setup_teardown.py took 0.046 seconds
[2025-01-22T12:58:11.458+0000] {processor.py:186} INFO - Started process (PID=8855) to work on /usr/local/python/3.12.1/lib/python3.12/site-packages/airflow/example_dags/example_setup_teardown.py
[2025-01-22T12:58:11.459+0000] {processor.py:914} INFO - Processing file /usr/local/python/3.12.1/lib/python3.12/site-packages/airflow/example_dags/example_setup_teardown.py for tasks to queue
[2025-01-22T12:58:11.460+0000] {logging_mixin.py:190} INFO - [2025-01-22T12:58:11.460+0000] {dagbag.py:588} INFO - Filling up the DagBag from /usr/local/python/3.12.1/lib/python3.12/site-packages/airflow/example_dags/example_setup_teardown.py
[2025-01-22T12:58:11.467+0000] {processor.py:925} INFO - DAG(s) 'example_setup_teardown' retrieved from /usr/local/python/3.12.1/lib/python3.12/site-packages/airflow/example_dags/example_setup_teardown.py
[2025-01-22T12:58:11.477+0000] {logging_mixin.py:190} INFO - [2025-01-22T12:58:11.477+0000] {dag.py:3239} INFO - Sync 1 DAGs
[2025-01-22T12:58:11.486+0000] {logging_mixin.py:190} INFO - [2025-01-22T12:58:11.486+0000] {dag.py:4180} INFO - Setting next_dagrun for example_setup_teardown to None, run_after=None
[2025-01-22T12:58:11.500+0000] {processor.py:208} INFO - Processing /usr/local/python/3.12.1/lib/python3.12/site-packages/airflow/example_dags/example_setup_teardown.py took 0.045 seconds
[2025-01-22T12:59:01.682+0000] {processor.py:186} INFO - Started process (PID=9273) to work on /usr/local/python/3.12.1/lib/python3.12/site-packages/airflow/example_dags/example_setup_teardown.py
[2025-01-22T12:59:01.683+0000] {processor.py:914} INFO - Processing file /usr/local/python/3.12.1/lib/python3.12/site-packages/airflow/example_dags/example_setup_teardown.py for tasks to queue
[2025-01-22T12:59:01.685+0000] {logging_mixin.py:190} INFO - [2025-01-22T12:59:01.684+0000] {dagbag.py:588} INFO - Filling up the DagBag from /usr/local/python/3.12.1/lib/python3.12/site-packages/airflow/example_dags/example_setup_teardown.py
[2025-01-22T12:59:01.691+0000] {processor.py:925} INFO - DAG(s) 'example_setup_teardown' retrieved from /usr/local/python/3.12.1/lib/python3.12/site-packages/airflow/example_dags/example_setup_teardown.py
[2025-01-22T12:59:01.702+0000] {logging_mixin.py:190} INFO - [2025-01-22T12:59:01.702+0000] {dag.py:3239} INFO - Sync 1 DAGs
[2025-01-22T12:59:01.711+0000] {logging_mixin.py:190} INFO - [2025-01-22T12:59:01.711+0000] {dag.py:4180} INFO - Setting next_dagrun for example_setup_teardown to None, run_after=None
[2025-01-22T12:59:01.728+0000] {processor.py:208} INFO - Processing /usr/local/python/3.12.1/lib/python3.12/site-packages/airflow/example_dags/example_setup_teardown.py took 0.049 seconds
[2025-01-22T12:59:54.993+0000] {processor.py:186} INFO - Started process (PID=9709) to work on /usr/local/python/3.12.1/lib/python3.12/site-packages/airflow/example_dags/example_setup_teardown.py
[2025-01-22T12:59:54.994+0000] {processor.py:914} INFO - Processing file /usr/local/python/3.12.1/lib/python3.12/site-packages/airflow/example_dags/example_setup_teardown.py for tasks to queue
[2025-01-22T12:59:54.995+0000] {logging_mixin.py:190} INFO - [2025-01-22T12:59:54.995+0000] {dagbag.py:588} INFO - Filling up the DagBag from /usr/local/python/3.12.1/lib/python3.12/site-packages/airflow/example_dags/example_setup_teardown.py
[2025-01-22T12:59:55.001+0000] {processor.py:925} INFO - DAG(s) 'example_setup_teardown' retrieved from /usr/local/python/3.12.1/lib/python3.12/site-packages/airflow/example_dags/example_setup_teardown.py
[2025-01-22T12:59:55.013+0000] {logging_mixin.py:190} INFO - [2025-01-22T12:59:55.012+0000] {dag.py:3239} INFO - Sync 1 DAGs
[2025-01-22T12:59:55.022+0000] {logging_mixin.py:190} INFO - [2025-01-22T12:59:55.022+0000] {dag.py:4180} INFO - Setting next_dagrun for example_setup_teardown to None, run_after=None
[2025-01-22T12:59:55.036+0000] {processor.py:208} INFO - Processing /usr/local/python/3.12.1/lib/python3.12/site-packages/airflow/example_dags/example_setup_teardown.py took 0.047 seconds
[2025-01-22T13:00:45.421+0000] {processor.py:186} INFO - Started process (PID=10127) to work on /usr/local/python/3.12.1/lib/python3.12/site-packages/airflow/example_dags/example_setup_teardown.py
[2025-01-22T13:00:45.422+0000] {processor.py:914} INFO - Processing file /usr/local/python/3.12.1/lib/python3.12/site-packages/airflow/example_dags/example_setup_teardown.py for tasks to queue
[2025-01-22T13:00:45.423+0000] {logging_mixin.py:190} INFO - [2025-01-22T13:00:45.423+0000] {dagbag.py:588} INFO - Filling up the DagBag from /usr/local/python/3.12.1/lib/python3.12/site-packages/airflow/example_dags/example_setup_teardown.py
[2025-01-22T13:00:45.430+0000] {processor.py:925} INFO - DAG(s) 'example_setup_teardown' retrieved from /usr/local/python/3.12.1/lib/python3.12/site-packages/airflow/example_dags/example_setup_teardown.py
[2025-01-22T13:00:45.441+0000] {logging_mixin.py:190} INFO - [2025-01-22T13:00:45.441+0000] {dag.py:3239} INFO - Sync 1 DAGs
[2025-01-22T13:00:45.450+0000] {logging_mixin.py:190} INFO - [2025-01-22T13:00:45.449+0000] {dag.py:4180} INFO - Setting next_dagrun for example_setup_teardown to None, run_after=None
[2025-01-22T13:00:45.464+0000] {processor.py:208} INFO - Processing /usr/local/python/3.12.1/lib/python3.12/site-packages/airflow/example_dags/example_setup_teardown.py took 0.046 seconds
[2025-01-22T13:01:38.069+0000] {processor.py:186} INFO - Started process (PID=10571) to work on /usr/local/python/3.12.1/lib/python3.12/site-packages/airflow/example_dags/example_setup_teardown.py
[2025-01-22T13:01:38.070+0000] {processor.py:914} INFO - Processing file /usr/local/python/3.12.1/lib/python3.12/site-packages/airflow/example_dags/example_setup_teardown.py for tasks to queue
[2025-01-22T13:01:38.072+0000] {logging_mixin.py:190} INFO - [2025-01-22T13:01:38.071+0000] {dagbag.py:588} INFO - Filling up the DagBag from /usr/local/python/3.12.1/lib/python3.12/site-packages/airflow/example_dags/example_setup_teardown.py
[2025-01-22T13:01:38.078+0000] {processor.py:925} INFO - DAG(s) 'example_setup_teardown' retrieved from /usr/local/python/3.12.1/lib/python3.12/site-packages/airflow/example_dags/example_setup_teardown.py
[2025-01-22T13:01:38.089+0000] {logging_mixin.py:190} INFO - [2025-01-22T13:01:38.089+0000] {dag.py:3239} INFO - Sync 1 DAGs
[2025-01-22T13:01:38.098+0000] {logging_mixin.py:190} INFO - [2025-01-22T13:01:38.098+0000] {dag.py:4180} INFO - Setting next_dagrun for example_setup_teardown to None, run_after=None
[2025-01-22T13:01:38.112+0000] {processor.py:208} INFO - Processing /usr/local/python/3.12.1/lib/python3.12/site-packages/airflow/example_dags/example_setup_teardown.py took 0.047 seconds
[2025-01-22T13:02:27.511+0000] {processor.py:186} INFO - Started process (PID=11040) to work on /usr/local/python/3.12.1/lib/python3.12/site-packages/airflow/example_dags/example_setup_teardown.py
[2025-01-22T13:02:27.512+0000] {processor.py:914} INFO - Processing file /usr/local/python/3.12.1/lib/python3.12/site-packages/airflow/example_dags/example_setup_teardown.py for tasks to queue
[2025-01-22T13:02:27.513+0000] {logging_mixin.py:190} INFO - [2025-01-22T13:02:27.513+0000] {dagbag.py:588} INFO - Filling up the DagBag from /usr/local/python/3.12.1/lib/python3.12/site-packages/airflow/example_dags/example_setup_teardown.py
[2025-01-22T13:02:27.519+0000] {processor.py:925} INFO - DAG(s) 'example_setup_teardown' retrieved from /usr/local/python/3.12.1/lib/python3.12/site-packages/airflow/example_dags/example_setup_teardown.py
[2025-01-22T13:02:27.531+0000] {logging_mixin.py:190} INFO - [2025-01-22T13:02:27.530+0000] {dag.py:3239} INFO - Sync 1 DAGs
[2025-01-22T13:02:27.539+0000] {logging_mixin.py:190} INFO - [2025-01-22T13:02:27.539+0000] {dag.py:4180} INFO - Setting next_dagrun for example_setup_teardown to None, run_after=None
[2025-01-22T13:02:27.553+0000] {processor.py:208} INFO - Processing /usr/local/python/3.12.1/lib/python3.12/site-packages/airflow/example_dags/example_setup_teardown.py took 0.046 seconds
[2025-01-22T13:03:17.161+0000] {processor.py:186} INFO - Started process (PID=11394) to work on /usr/local/python/3.12.1/lib/python3.12/site-packages/airflow/example_dags/example_setup_teardown.py
[2025-01-22T13:03:17.162+0000] {processor.py:914} INFO - Processing file /usr/local/python/3.12.1/lib/python3.12/site-packages/airflow/example_dags/example_setup_teardown.py for tasks to queue
[2025-01-22T13:03:17.164+0000] {logging_mixin.py:190} INFO - [2025-01-22T13:03:17.163+0000] {dagbag.py:588} INFO - Filling up the DagBag from /usr/local/python/3.12.1/lib/python3.12/site-packages/airflow/example_dags/example_setup_teardown.py
[2025-01-22T13:03:17.171+0000] {processor.py:925} INFO - DAG(s) 'example_setup_teardown' retrieved from /usr/local/python/3.12.1/lib/python3.12/site-packages/airflow/example_dags/example_setup_teardown.py
[2025-01-22T13:03:17.182+0000] {logging_mixin.py:190} INFO - [2025-01-22T13:03:17.182+0000] {dag.py:3239} INFO - Sync 1 DAGs
[2025-01-22T13:03:17.191+0000] {logging_mixin.py:190} INFO - [2025-01-22T13:03:17.191+0000] {dag.py:4180} INFO - Setting next_dagrun for example_setup_teardown to None, run_after=None
[2025-01-22T13:03:17.206+0000] {processor.py:208} INFO - Processing /usr/local/python/3.12.1/lib/python3.12/site-packages/airflow/example_dags/example_setup_teardown.py took 0.049 seconds
[2025-01-22T13:04:10.071+0000] {processor.py:186} INFO - Started process (PID=11841) to work on /usr/local/python/3.12.1/lib/python3.12/site-packages/airflow/example_dags/example_setup_teardown.py
[2025-01-22T13:04:10.072+0000] {processor.py:914} INFO - Processing file /usr/local/python/3.12.1/lib/python3.12/site-packages/airflow/example_dags/example_setup_teardown.py for tasks to queue
[2025-01-22T13:04:10.074+0000] {logging_mixin.py:190} INFO - [2025-01-22T13:04:10.073+0000] {dagbag.py:588} INFO - Filling up the DagBag from /usr/local/python/3.12.1/lib/python3.12/site-packages/airflow/example_dags/example_setup_teardown.py
[2025-01-22T13:04:10.084+0000] {processor.py:925} INFO - DAG(s) 'example_setup_teardown' retrieved from /usr/local/python/3.12.1/lib/python3.12/site-packages/airflow/example_dags/example_setup_teardown.py
[2025-01-22T13:04:10.109+0000] {logging_mixin.py:190} INFO - [2025-01-22T13:04:10.109+0000] {dag.py:3239} INFO - Sync 1 DAGs
[2025-01-22T13:04:10.125+0000] {logging_mixin.py:190} INFO - [2025-01-22T13:04:10.125+0000] {dag.py:4180} INFO - Setting next_dagrun for example_setup_teardown to None, run_after=None
[2025-01-22T13:04:10.142+0000] {processor.py:208} INFO - Processing /usr/local/python/3.12.1/lib/python3.12/site-packages/airflow/example_dags/example_setup_teardown.py took 0.076 seconds
[2025-01-22T13:05:00.881+0000] {processor.py:186} INFO - Started process (PID=12243) to work on /usr/local/python/3.12.1/lib/python3.12/site-packages/airflow/example_dags/example_setup_teardown.py
[2025-01-22T13:05:00.882+0000] {processor.py:914} INFO - Processing file /usr/local/python/3.12.1/lib/python3.12/site-packages/airflow/example_dags/example_setup_teardown.py for tasks to queue
[2025-01-22T13:05:00.883+0000] {logging_mixin.py:190} INFO - [2025-01-22T13:05:00.883+0000] {dagbag.py:588} INFO - Filling up the DagBag from /usr/local/python/3.12.1/lib/python3.12/site-packages/airflow/example_dags/example_setup_teardown.py
[2025-01-22T13:05:00.889+0000] {processor.py:925} INFO - DAG(s) 'example_setup_teardown' retrieved from /usr/local/python/3.12.1/lib/python3.12/site-packages/airflow/example_dags/example_setup_teardown.py
[2025-01-22T13:05:00.901+0000] {logging_mixin.py:190} INFO - [2025-01-22T13:05:00.901+0000] {dag.py:3239} INFO - Sync 1 DAGs
[2025-01-22T13:05:00.919+0000] {logging_mixin.py:190} INFO - [2025-01-22T13:05:00.919+0000] {dag.py:4180} INFO - Setting next_dagrun for example_setup_teardown to None, run_after=None
[2025-01-22T13:05:00.945+0000] {processor.py:208} INFO - Processing /usr/local/python/3.12.1/lib/python3.12/site-packages/airflow/example_dags/example_setup_teardown.py took 0.070 seconds
[2025-01-22T13:05:53.406+0000] {processor.py:186} INFO - Started process (PID=12696) to work on /usr/local/python/3.12.1/lib/python3.12/site-packages/airflow/example_dags/example_setup_teardown.py
[2025-01-22T13:05:53.406+0000] {processor.py:914} INFO - Processing file /usr/local/python/3.12.1/lib/python3.12/site-packages/airflow/example_dags/example_setup_teardown.py for tasks to queue
[2025-01-22T13:05:53.408+0000] {logging_mixin.py:190} INFO - [2025-01-22T13:05:53.408+0000] {dagbag.py:588} INFO - Filling up the DagBag from /usr/local/python/3.12.1/lib/python3.12/site-packages/airflow/example_dags/example_setup_teardown.py
[2025-01-22T13:05:53.415+0000] {processor.py:925} INFO - DAG(s) 'example_setup_teardown' retrieved from /usr/local/python/3.12.1/lib/python3.12/site-packages/airflow/example_dags/example_setup_teardown.py
[2025-01-22T13:05:53.427+0000] {logging_mixin.py:190} INFO - [2025-01-22T13:05:53.426+0000] {dag.py:3239} INFO - Sync 1 DAGs
[2025-01-22T13:05:53.435+0000] {logging_mixin.py:190} INFO - [2025-01-22T13:05:53.435+0000] {dag.py:4180} INFO - Setting next_dagrun for example_setup_teardown to None, run_after=None
[2025-01-22T13:05:53.449+0000] {processor.py:208} INFO - Processing /usr/local/python/3.12.1/lib/python3.12/site-packages/airflow/example_dags/example_setup_teardown.py took 0.049 seconds
[2025-01-22T13:06:40.933+0000] {processor.py:186} INFO - Started process (PID=13084) to work on /usr/local/python/3.12.1/lib/python3.12/site-packages/airflow/example_dags/example_setup_teardown.py
[2025-01-22T13:06:40.934+0000] {processor.py:914} INFO - Processing file /usr/local/python/3.12.1/lib/python3.12/site-packages/airflow/example_dags/example_setup_teardown.py for tasks to queue
[2025-01-22T13:06:40.936+0000] {logging_mixin.py:190} INFO - [2025-01-22T13:06:40.935+0000] {dagbag.py:588} INFO - Filling up the DagBag from /usr/local/python/3.12.1/lib/python3.12/site-packages/airflow/example_dags/example_setup_teardown.py
[2025-01-22T13:06:40.942+0000] {processor.py:925} INFO - DAG(s) 'example_setup_teardown' retrieved from /usr/local/python/3.12.1/lib/python3.12/site-packages/airflow/example_dags/example_setup_teardown.py
[2025-01-22T13:06:40.954+0000] {logging_mixin.py:190} INFO - [2025-01-22T13:06:40.954+0000] {dag.py:3239} INFO - Sync 1 DAGs
[2025-01-22T13:06:40.963+0000] {logging_mixin.py:190} INFO - [2025-01-22T13:06:40.963+0000] {dag.py:4180} INFO - Setting next_dagrun for example_setup_teardown to None, run_after=None
[2025-01-22T13:06:40.978+0000] {processor.py:208} INFO - Processing /usr/local/python/3.12.1/lib/python3.12/site-packages/airflow/example_dags/example_setup_teardown.py took 0.049 seconds
[2025-01-22T13:07:28.601+0000] {processor.py:186} INFO - Started process (PID=13485) to work on /usr/local/python/3.12.1/lib/python3.12/site-packages/airflow/example_dags/example_setup_teardown.py
[2025-01-22T13:07:28.602+0000] {processor.py:914} INFO - Processing file /usr/local/python/3.12.1/lib/python3.12/site-packages/airflow/example_dags/example_setup_teardown.py for tasks to queue
[2025-01-22T13:07:28.603+0000] {logging_mixin.py:190} INFO - [2025-01-22T13:07:28.603+0000] {dagbag.py:588} INFO - Filling up the DagBag from /usr/local/python/3.12.1/lib/python3.12/site-packages/airflow/example_dags/example_setup_teardown.py
[2025-01-22T13:07:28.610+0000] {processor.py:925} INFO - DAG(s) 'example_setup_teardown' retrieved from /usr/local/python/3.12.1/lib/python3.12/site-packages/airflow/example_dags/example_setup_teardown.py
[2025-01-22T13:07:28.621+0000] {logging_mixin.py:190} INFO - [2025-01-22T13:07:28.621+0000] {dag.py:3239} INFO - Sync 1 DAGs
[2025-01-22T13:07:28.629+0000] {logging_mixin.py:190} INFO - [2025-01-22T13:07:28.629+0000] {dag.py:4180} INFO - Setting next_dagrun for example_setup_teardown to None, run_after=None
[2025-01-22T13:07:28.649+0000] {processor.py:208} INFO - Processing /usr/local/python/3.12.1/lib/python3.12/site-packages/airflow/example_dags/example_setup_teardown.py took 0.052 seconds
[2025-01-22T13:08:21.790+0000] {processor.py:186} INFO - Started process (PID=14141) to work on /usr/local/python/3.12.1/lib/python3.12/site-packages/airflow/example_dags/example_setup_teardown.py
[2025-01-22T13:08:21.791+0000] {processor.py:914} INFO - Processing file /usr/local/python/3.12.1/lib/python3.12/site-packages/airflow/example_dags/example_setup_teardown.py for tasks to queue
[2025-01-22T13:08:21.792+0000] {logging_mixin.py:190} INFO - [2025-01-22T13:08:21.792+0000] {dagbag.py:588} INFO - Filling up the DagBag from /usr/local/python/3.12.1/lib/python3.12/site-packages/airflow/example_dags/example_setup_teardown.py
[2025-01-22T13:08:21.798+0000] {processor.py:925} INFO - DAG(s) 'example_setup_teardown' retrieved from /usr/local/python/3.12.1/lib/python3.12/site-packages/airflow/example_dags/example_setup_teardown.py
[2025-01-22T13:08:21.810+0000] {logging_mixin.py:190} INFO - [2025-01-22T13:08:21.809+0000] {dag.py:3239} INFO - Sync 1 DAGs
[2025-01-22T13:08:21.818+0000] {logging_mixin.py:190} INFO - [2025-01-22T13:08:21.818+0000] {dag.py:4180} INFO - Setting next_dagrun for example_setup_teardown to None, run_after=None
[2025-01-22T13:08:21.833+0000] {processor.py:208} INFO - Processing /usr/local/python/3.12.1/lib/python3.12/site-packages/airflow/example_dags/example_setup_teardown.py took 0.047 seconds
[2025-01-22T13:09:14.504+0000] {processor.py:186} INFO - Started process (PID=14549) to work on /usr/local/python/3.12.1/lib/python3.12/site-packages/airflow/example_dags/example_setup_teardown.py
[2025-01-22T13:09:14.505+0000] {processor.py:914} INFO - Processing file /usr/local/python/3.12.1/lib/python3.12/site-packages/airflow/example_dags/example_setup_teardown.py for tasks to queue
[2025-01-22T13:09:14.506+0000] {logging_mixin.py:190} INFO - [2025-01-22T13:09:14.506+0000] {dagbag.py:588} INFO - Filling up the DagBag from /usr/local/python/3.12.1/lib/python3.12/site-packages/airflow/example_dags/example_setup_teardown.py
[2025-01-22T13:09:14.512+0000] {processor.py:925} INFO - DAG(s) 'example_setup_teardown' retrieved from /usr/local/python/3.12.1/lib/python3.12/site-packages/airflow/example_dags/example_setup_teardown.py
[2025-01-22T13:09:14.524+0000] {logging_mixin.py:190} INFO - [2025-01-22T13:09:14.524+0000] {dag.py:3239} INFO - Sync 1 DAGs
[2025-01-22T13:09:14.533+0000] {logging_mixin.py:190} INFO - [2025-01-22T13:09:14.533+0000] {dag.py:4180} INFO - Setting next_dagrun for example_setup_teardown to None, run_after=None
[2025-01-22T13:09:14.549+0000] {processor.py:208} INFO - Processing /usr/local/python/3.12.1/lib/python3.12/site-packages/airflow/example_dags/example_setup_teardown.py took 0.050 seconds
[2025-01-22T13:10:05.882+0000] {processor.py:186} INFO - Started process (PID=14971) to work on /usr/local/python/3.12.1/lib/python3.12/site-packages/airflow/example_dags/example_setup_teardown.py
[2025-01-22T13:10:05.882+0000] {processor.py:914} INFO - Processing file /usr/local/python/3.12.1/lib/python3.12/site-packages/airflow/example_dags/example_setup_teardown.py for tasks to queue
[2025-01-22T13:10:05.884+0000] {logging_mixin.py:190} INFO - [2025-01-22T13:10:05.883+0000] {dagbag.py:588} INFO - Filling up the DagBag from /usr/local/python/3.12.1/lib/python3.12/site-packages/airflow/example_dags/example_setup_teardown.py
[2025-01-22T13:10:05.890+0000] {processor.py:925} INFO - DAG(s) 'example_setup_teardown' retrieved from /usr/local/python/3.12.1/lib/python3.12/site-packages/airflow/example_dags/example_setup_teardown.py
[2025-01-22T13:10:05.901+0000] {logging_mixin.py:190} INFO - [2025-01-22T13:10:05.901+0000] {dag.py:3239} INFO - Sync 1 DAGs
[2025-01-22T13:10:05.910+0000] {logging_mixin.py:190} INFO - [2025-01-22T13:10:05.910+0000] {dag.py:4180} INFO - Setting next_dagrun for example_setup_teardown to None, run_after=None
[2025-01-22T13:10:05.924+0000] {processor.py:208} INFO - Processing /usr/local/python/3.12.1/lib/python3.12/site-packages/airflow/example_dags/example_setup_teardown.py took 0.047 seconds
[2025-01-22T13:10:54.514+0000] {processor.py:186} INFO - Started process (PID=15374) to work on /usr/local/python/3.12.1/lib/python3.12/site-packages/airflow/example_dags/example_setup_teardown.py
[2025-01-22T13:10:54.514+0000] {processor.py:914} INFO - Processing file /usr/local/python/3.12.1/lib/python3.12/site-packages/airflow/example_dags/example_setup_teardown.py for tasks to queue
[2025-01-22T13:10:54.516+0000] {logging_mixin.py:190} INFO - [2025-01-22T13:10:54.516+0000] {dagbag.py:588} INFO - Filling up the DagBag from /usr/local/python/3.12.1/lib/python3.12/site-packages/airflow/example_dags/example_setup_teardown.py
[2025-01-22T13:10:54.522+0000] {processor.py:925} INFO - DAG(s) 'example_setup_teardown' retrieved from /usr/local/python/3.12.1/lib/python3.12/site-packages/airflow/example_dags/example_setup_teardown.py
[2025-01-22T13:10:54.533+0000] {logging_mixin.py:190} INFO - [2025-01-22T13:10:54.533+0000] {dag.py:3239} INFO - Sync 1 DAGs
[2025-01-22T13:10:54.542+0000] {logging_mixin.py:190} INFO - [2025-01-22T13:10:54.542+0000] {dag.py:4180} INFO - Setting next_dagrun for example_setup_teardown to None, run_after=None
[2025-01-22T13:10:54.557+0000] {processor.py:208} INFO - Processing /usr/local/python/3.12.1/lib/python3.12/site-packages/airflow/example_dags/example_setup_teardown.py took 0.047 seconds
[2025-01-22T13:11:44.675+0000] {processor.py:186} INFO - Started process (PID=15794) to work on /usr/local/python/3.12.1/lib/python3.12/site-packages/airflow/example_dags/example_setup_teardown.py
[2025-01-22T13:11:44.675+0000] {processor.py:914} INFO - Processing file /usr/local/python/3.12.1/lib/python3.12/site-packages/airflow/example_dags/example_setup_teardown.py for tasks to queue
[2025-01-22T13:11:44.677+0000] {logging_mixin.py:190} INFO - [2025-01-22T13:11:44.677+0000] {dagbag.py:588} INFO - Filling up the DagBag from /usr/local/python/3.12.1/lib/python3.12/site-packages/airflow/example_dags/example_setup_teardown.py
[2025-01-22T13:11:44.683+0000] {processor.py:925} INFO - DAG(s) 'example_setup_teardown' retrieved from /usr/local/python/3.12.1/lib/python3.12/site-packages/airflow/example_dags/example_setup_teardown.py
[2025-01-22T13:11:44.694+0000] {logging_mixin.py:190} INFO - [2025-01-22T13:11:44.694+0000] {dag.py:3239} INFO - Sync 1 DAGs
[2025-01-22T13:11:44.703+0000] {logging_mixin.py:190} INFO - [2025-01-22T13:11:44.703+0000] {dag.py:4180} INFO - Setting next_dagrun for example_setup_teardown to None, run_after=None
[2025-01-22T13:11:44.718+0000] {processor.py:208} INFO - Processing /usr/local/python/3.12.1/lib/python3.12/site-packages/airflow/example_dags/example_setup_teardown.py took 0.047 seconds
[2025-01-22T13:12:35.985+0000] {processor.py:186} INFO - Started process (PID=16272) to work on /usr/local/python/3.12.1/lib/python3.12/site-packages/airflow/example_dags/example_setup_teardown.py
[2025-01-22T13:12:35.986+0000] {processor.py:914} INFO - Processing file /usr/local/python/3.12.1/lib/python3.12/site-packages/airflow/example_dags/example_setup_teardown.py for tasks to queue
[2025-01-22T13:12:35.987+0000] {logging_mixin.py:190} INFO - [2025-01-22T13:12:35.987+0000] {dagbag.py:588} INFO - Filling up the DagBag from /usr/local/python/3.12.1/lib/python3.12/site-packages/airflow/example_dags/example_setup_teardown.py
[2025-01-22T13:12:35.993+0000] {processor.py:925} INFO - DAG(s) 'example_setup_teardown' retrieved from /usr/local/python/3.12.1/lib/python3.12/site-packages/airflow/example_dags/example_setup_teardown.py
[2025-01-22T13:12:36.005+0000] {logging_mixin.py:190} INFO - [2025-01-22T13:12:36.004+0000] {dag.py:3239} INFO - Sync 1 DAGs
[2025-01-22T13:12:36.013+0000] {logging_mixin.py:190} INFO - [2025-01-22T13:12:36.013+0000] {dag.py:4180} INFO - Setting next_dagrun for example_setup_teardown to None, run_after=None
[2025-01-22T13:12:36.028+0000] {processor.py:208} INFO - Processing /usr/local/python/3.12.1/lib/python3.12/site-packages/airflow/example_dags/example_setup_teardown.py took 0.047 seconds
[2025-01-22T13:13:27.375+0000] {processor.py:186} INFO - Started process (PID=16699) to work on /usr/local/python/3.12.1/lib/python3.12/site-packages/airflow/example_dags/example_setup_teardown.py
[2025-01-22T13:13:27.376+0000] {processor.py:914} INFO - Processing file /usr/local/python/3.12.1/lib/python3.12/site-packages/airflow/example_dags/example_setup_teardown.py for tasks to queue
[2025-01-22T13:13:27.377+0000] {logging_mixin.py:190} INFO - [2025-01-22T13:13:27.377+0000] {dagbag.py:588} INFO - Filling up the DagBag from /usr/local/python/3.12.1/lib/python3.12/site-packages/airflow/example_dags/example_setup_teardown.py
[2025-01-22T13:13:27.384+0000] {processor.py:925} INFO - DAG(s) 'example_setup_teardown' retrieved from /usr/local/python/3.12.1/lib/python3.12/site-packages/airflow/example_dags/example_setup_teardown.py
[2025-01-22T13:13:27.395+0000] {logging_mixin.py:190} INFO - [2025-01-22T13:13:27.394+0000] {dag.py:3239} INFO - Sync 1 DAGs
[2025-01-22T13:13:27.403+0000] {logging_mixin.py:190} INFO - [2025-01-22T13:13:27.403+0000] {dag.py:4180} INFO - Setting next_dagrun for example_setup_teardown to None, run_after=None
[2025-01-22T13:13:27.418+0000] {processor.py:208} INFO - Processing /usr/local/python/3.12.1/lib/python3.12/site-packages/airflow/example_dags/example_setup_teardown.py took 0.046 seconds
[2025-01-22T13:14:20.695+0000] {processor.py:186} INFO - Started process (PID=17090) to work on /usr/local/python/3.12.1/lib/python3.12/site-packages/airflow/example_dags/example_setup_teardown.py
[2025-01-22T13:14:20.696+0000] {processor.py:914} INFO - Processing file /usr/local/python/3.12.1/lib/python3.12/site-packages/airflow/example_dags/example_setup_teardown.py for tasks to queue
[2025-01-22T13:14:20.697+0000] {logging_mixin.py:190} INFO - [2025-01-22T13:14:20.697+0000] {dagbag.py:588} INFO - Filling up the DagBag from /usr/local/python/3.12.1/lib/python3.12/site-packages/airflow/example_dags/example_setup_teardown.py
[2025-01-22T13:14:20.704+0000] {processor.py:925} INFO - DAG(s) 'example_setup_teardown' retrieved from /usr/local/python/3.12.1/lib/python3.12/site-packages/airflow/example_dags/example_setup_teardown.py
[2025-01-22T13:14:20.715+0000] {logging_mixin.py:190} INFO - [2025-01-22T13:14:20.715+0000] {dag.py:3239} INFO - Sync 1 DAGs
[2025-01-22T13:14:20.723+0000] {logging_mixin.py:190} INFO - [2025-01-22T13:14:20.723+0000] {dag.py:4180} INFO - Setting next_dagrun for example_setup_teardown to None, run_after=None
[2025-01-22T13:14:20.738+0000] {processor.py:208} INFO - Processing /usr/local/python/3.12.1/lib/python3.12/site-packages/airflow/example_dags/example_setup_teardown.py took 0.046 seconds
[2025-01-22T13:15:11.053+0000] {processor.py:186} INFO - Started process (PID=17491) to work on /usr/local/python/3.12.1/lib/python3.12/site-packages/airflow/example_dags/example_setup_teardown.py
[2025-01-22T13:15:11.054+0000] {processor.py:914} INFO - Processing file /usr/local/python/3.12.1/lib/python3.12/site-packages/airflow/example_dags/example_setup_teardown.py for tasks to queue
[2025-01-22T13:15:11.055+0000] {logging_mixin.py:190} INFO - [2025-01-22T13:15:11.055+0000] {dagbag.py:588} INFO - Filling up the DagBag from /usr/local/python/3.12.1/lib/python3.12/site-packages/airflow/example_dags/example_setup_teardown.py
[2025-01-22T13:15:11.062+0000] {processor.py:925} INFO - DAG(s) 'example_setup_teardown' retrieved from /usr/local/python/3.12.1/lib/python3.12/site-packages/airflow/example_dags/example_setup_teardown.py
[2025-01-22T13:15:11.073+0000] {logging_mixin.py:190} INFO - [2025-01-22T13:15:11.073+0000] {dag.py:3239} INFO - Sync 1 DAGs
[2025-01-22T13:15:11.082+0000] {logging_mixin.py:190} INFO - [2025-01-22T13:15:11.082+0000] {dag.py:4180} INFO - Setting next_dagrun for example_setup_teardown to None, run_after=None
[2025-01-22T13:15:11.097+0000] {processor.py:208} INFO - Processing /usr/local/python/3.12.1/lib/python3.12/site-packages/airflow/example_dags/example_setup_teardown.py took 0.047 seconds
[2025-01-22T13:16:00.459+0000] {processor.py:186} INFO - Started process (PID=17911) to work on /usr/local/python/3.12.1/lib/python3.12/site-packages/airflow/example_dags/example_setup_teardown.py
[2025-01-22T13:16:00.460+0000] {processor.py:914} INFO - Processing file /usr/local/python/3.12.1/lib/python3.12/site-packages/airflow/example_dags/example_setup_teardown.py for tasks to queue
[2025-01-22T13:16:00.461+0000] {logging_mixin.py:190} INFO - [2025-01-22T13:16:00.461+0000] {dagbag.py:588} INFO - Filling up the DagBag from /usr/local/python/3.12.1/lib/python3.12/site-packages/airflow/example_dags/example_setup_teardown.py
[2025-01-22T13:16:00.468+0000] {processor.py:925} INFO - DAG(s) 'example_setup_teardown' retrieved from /usr/local/python/3.12.1/lib/python3.12/site-packages/airflow/example_dags/example_setup_teardown.py
[2025-01-22T13:16:00.479+0000] {logging_mixin.py:190} INFO - [2025-01-22T13:16:00.479+0000] {dag.py:3239} INFO - Sync 1 DAGs
[2025-01-22T13:16:00.488+0000] {logging_mixin.py:190} INFO - [2025-01-22T13:16:00.488+0000] {dag.py:4180} INFO - Setting next_dagrun for example_setup_teardown to None, run_after=None
[2025-01-22T13:16:00.503+0000] {processor.py:208} INFO - Processing /usr/local/python/3.12.1/lib/python3.12/site-packages/airflow/example_dags/example_setup_teardown.py took 0.048 seconds
[2025-01-22T13:16:52.261+0000] {processor.py:186} INFO - Started process (PID=18327) to work on /usr/local/python/3.12.1/lib/python3.12/site-packages/airflow/example_dags/example_setup_teardown.py
[2025-01-22T13:16:52.261+0000] {processor.py:914} INFO - Processing file /usr/local/python/3.12.1/lib/python3.12/site-packages/airflow/example_dags/example_setup_teardown.py for tasks to queue
[2025-01-22T13:16:52.263+0000] {logging_mixin.py:190} INFO - [2025-01-22T13:16:52.263+0000] {dagbag.py:588} INFO - Filling up the DagBag from /usr/local/python/3.12.1/lib/python3.12/site-packages/airflow/example_dags/example_setup_teardown.py
[2025-01-22T13:16:52.269+0000] {processor.py:925} INFO - DAG(s) 'example_setup_teardown' retrieved from /usr/local/python/3.12.1/lib/python3.12/site-packages/airflow/example_dags/example_setup_teardown.py
[2025-01-22T13:16:52.281+0000] {logging_mixin.py:190} INFO - [2025-01-22T13:16:52.280+0000] {dag.py:3239} INFO - Sync 1 DAGs
[2025-01-22T13:16:52.290+0000] {logging_mixin.py:190} INFO - [2025-01-22T13:16:52.289+0000] {dag.py:4180} INFO - Setting next_dagrun for example_setup_teardown to None, run_after=None
[2025-01-22T13:16:52.304+0000] {processor.py:208} INFO - Processing /usr/local/python/3.12.1/lib/python3.12/site-packages/airflow/example_dags/example_setup_teardown.py took 0.048 seconds
[2025-01-22T13:17:45.049+0000] {processor.py:186} INFO - Started process (PID=18844) to work on /usr/local/python/3.12.1/lib/python3.12/site-packages/airflow/example_dags/example_setup_teardown.py
[2025-01-22T13:17:45.050+0000] {processor.py:914} INFO - Processing file /usr/local/python/3.12.1/lib/python3.12/site-packages/airflow/example_dags/example_setup_teardown.py for tasks to queue
[2025-01-22T13:17:45.051+0000] {logging_mixin.py:190} INFO - [2025-01-22T13:17:45.051+0000] {dagbag.py:588} INFO - Filling up the DagBag from /usr/local/python/3.12.1/lib/python3.12/site-packages/airflow/example_dags/example_setup_teardown.py
[2025-01-22T13:17:45.058+0000] {processor.py:925} INFO - DAG(s) 'example_setup_teardown' retrieved from /usr/local/python/3.12.1/lib/python3.12/site-packages/airflow/example_dags/example_setup_teardown.py
[2025-01-22T13:17:45.069+0000] {logging_mixin.py:190} INFO - [2025-01-22T13:17:45.069+0000] {dag.py:3239} INFO - Sync 1 DAGs
[2025-01-22T13:17:45.078+0000] {logging_mixin.py:190} INFO - [2025-01-22T13:17:45.078+0000] {dag.py:4180} INFO - Setting next_dagrun for example_setup_teardown to None, run_after=None
[2025-01-22T13:17:45.093+0000] {processor.py:208} INFO - Processing /usr/local/python/3.12.1/lib/python3.12/site-packages/airflow/example_dags/example_setup_teardown.py took 0.048 seconds
[2025-01-22T13:18:34.588+0000] {processor.py:186} INFO - Started process (PID=19303) to work on /usr/local/python/3.12.1/lib/python3.12/site-packages/airflow/example_dags/example_setup_teardown.py
[2025-01-22T13:18:34.588+0000] {processor.py:914} INFO - Processing file /usr/local/python/3.12.1/lib/python3.12/site-packages/airflow/example_dags/example_setup_teardown.py for tasks to queue
[2025-01-22T13:18:34.590+0000] {logging_mixin.py:190} INFO - [2025-01-22T13:18:34.590+0000] {dagbag.py:588} INFO - Filling up the DagBag from /usr/local/python/3.12.1/lib/python3.12/site-packages/airflow/example_dags/example_setup_teardown.py
[2025-01-22T13:18:34.596+0000] {processor.py:925} INFO - DAG(s) 'example_setup_teardown' retrieved from /usr/local/python/3.12.1/lib/python3.12/site-packages/airflow/example_dags/example_setup_teardown.py
[2025-01-22T13:18:34.607+0000] {logging_mixin.py:190} INFO - [2025-01-22T13:18:34.607+0000] {dag.py:3239} INFO - Sync 1 DAGs
[2025-01-22T13:18:34.620+0000] {logging_mixin.py:190} INFO - [2025-01-22T13:18:34.620+0000] {dag.py:4180} INFO - Setting next_dagrun for example_setup_teardown to None, run_after=None
[2025-01-22T13:18:34.633+0000] {processor.py:208} INFO - Processing /usr/local/python/3.12.1/lib/python3.12/site-packages/airflow/example_dags/example_setup_teardown.py took 0.050 seconds
[2025-01-22T13:19:23.084+0000] {processor.py:186} INFO - Started process (PID=20138) to work on /usr/local/python/3.12.1/lib/python3.12/site-packages/airflow/example_dags/example_setup_teardown.py
[2025-01-22T13:19:23.085+0000] {processor.py:914} INFO - Processing file /usr/local/python/3.12.1/lib/python3.12/site-packages/airflow/example_dags/example_setup_teardown.py for tasks to queue
[2025-01-22T13:19:23.087+0000] {logging_mixin.py:190} INFO - [2025-01-22T13:19:23.086+0000] {dagbag.py:588} INFO - Filling up the DagBag from /usr/local/python/3.12.1/lib/python3.12/site-packages/airflow/example_dags/example_setup_teardown.py
[2025-01-22T13:19:23.093+0000] {processor.py:925} INFO - DAG(s) 'example_setup_teardown' retrieved from /usr/local/python/3.12.1/lib/python3.12/site-packages/airflow/example_dags/example_setup_teardown.py
[2025-01-22T13:19:23.104+0000] {logging_mixin.py:190} INFO - [2025-01-22T13:19:23.104+0000] {dag.py:3239} INFO - Sync 1 DAGs
[2025-01-22T13:19:23.113+0000] {logging_mixin.py:190} INFO - [2025-01-22T13:19:23.113+0000] {dag.py:4180} INFO - Setting next_dagrun for example_setup_teardown to None, run_after=None
[2025-01-22T13:19:23.127+0000] {processor.py:208} INFO - Processing /usr/local/python/3.12.1/lib/python3.12/site-packages/airflow/example_dags/example_setup_teardown.py took 0.046 seconds
[2025-01-22T13:20:13.938+0000] {processor.py:186} INFO - Started process (PID=21125) to work on /usr/local/python/3.12.1/lib/python3.12/site-packages/airflow/example_dags/example_setup_teardown.py
[2025-01-22T13:20:13.938+0000] {processor.py:914} INFO - Processing file /usr/local/python/3.12.1/lib/python3.12/site-packages/airflow/example_dags/example_setup_teardown.py for tasks to queue
[2025-01-22T13:20:13.940+0000] {logging_mixin.py:190} INFO - [2025-01-22T13:20:13.939+0000] {dagbag.py:588} INFO - Filling up the DagBag from /usr/local/python/3.12.1/lib/python3.12/site-packages/airflow/example_dags/example_setup_teardown.py
[2025-01-22T13:20:13.946+0000] {processor.py:925} INFO - DAG(s) 'example_setup_teardown' retrieved from /usr/local/python/3.12.1/lib/python3.12/site-packages/airflow/example_dags/example_setup_teardown.py
[2025-01-22T13:20:13.957+0000] {logging_mixin.py:190} INFO - [2025-01-22T13:20:13.957+0000] {dag.py:3239} INFO - Sync 1 DAGs
[2025-01-22T13:20:13.966+0000] {logging_mixin.py:190} INFO - [2025-01-22T13:20:13.966+0000] {dag.py:4180} INFO - Setting next_dagrun for example_setup_teardown to None, run_after=None
[2025-01-22T13:20:13.981+0000] {processor.py:208} INFO - Processing /usr/local/python/3.12.1/lib/python3.12/site-packages/airflow/example_dags/example_setup_teardown.py took 0.047 seconds
