[2025-01-22T12:53:02.270+0000] {processor.py:186} INFO - Started process (PID=5718) to work on /usr/local/python/3.12.1/lib/python3.12/site-packages/airflow/example_dags/example_latest_only.py
[2025-01-22T12:53:02.270+0000] {processor.py:914} INFO - Processing file /usr/local/python/3.12.1/lib/python3.12/site-packages/airflow/example_dags/example_latest_only.py for tasks to queue
[2025-01-22T12:53:02.272+0000] {logging_mixin.py:190} INFO - [2025-01-22T12:53:02.271+0000] {dagbag.py:588} INFO - Filling up the DagBag from /usr/local/python/3.12.1/lib/python3.12/site-packages/airflow/example_dags/example_latest_only.py
[2025-01-22T12:53:02.277+0000] {processor.py:925} INFO - DAG(s) 'latest_only' retrieved from /usr/local/python/3.12.1/lib/python3.12/site-packages/airflow/example_dags/example_latest_only.py
[2025-01-22T12:53:02.354+0000] {logging_mixin.py:190} INFO - [2025-01-22T12:53:02.353+0000] {override.py:1911} INFO - Created Permission View: can delete on DAG:latest_only
[2025-01-22T12:53:02.362+0000] {logging_mixin.py:190} INFO - [2025-01-22T12:53:02.362+0000] {override.py:1911} INFO - Created Permission View: can edit on DAG:latest_only
[2025-01-22T12:53:02.367+0000] {logging_mixin.py:190} INFO - [2025-01-22T12:53:02.367+0000] {override.py:1911} INFO - Created Permission View: can read on DAG:latest_only
[2025-01-22T12:53:02.375+0000] {logging_mixin.py:190} INFO - [2025-01-22T12:53:02.375+0000] {override.py:1911} INFO - Created Permission View: can create on DAG Run:latest_only
[2025-01-22T12:53:02.381+0000] {logging_mixin.py:190} INFO - [2025-01-22T12:53:02.380+0000] {override.py:1911} INFO - Created Permission View: can read on DAG Run:latest_only
[2025-01-22T12:53:02.386+0000] {logging_mixin.py:190} INFO - [2025-01-22T12:53:02.385+0000] {override.py:1911} INFO - Created Permission View: menu access on DAG Run:latest_only
[2025-01-22T12:53:02.391+0000] {logging_mixin.py:190} INFO - [2025-01-22T12:53:02.391+0000] {override.py:1911} INFO - Created Permission View: can delete on DAG Run:latest_only
[2025-01-22T12:53:02.392+0000] {logging_mixin.py:190} INFO - [2025-01-22T12:53:02.392+0000] {dag.py:3239} INFO - Sync 1 DAGs
[2025-01-22T12:53:02.401+0000] {logging_mixin.py:190} INFO - [2025-01-22T12:53:02.401+0000] {dag.py:3262} INFO - Creating ORM DAG for latest_only
[2025-01-22T12:53:02.407+0000] {logging_mixin.py:190} INFO - [2025-01-22T12:53:02.407+0000] {dag.py:4180} INFO - Setting next_dagrun for latest_only to 2025-01-22 08:00:00+00:00, run_after=2025-01-22 12:00:00+00:00
[2025-01-22T12:53:02.421+0000] {processor.py:208} INFO - Processing /usr/local/python/3.12.1/lib/python3.12/site-packages/airflow/example_dags/example_latest_only.py took 0.156 seconds
[2025-01-22T12:53:58.821+0000] {processor.py:186} INFO - Started process (PID=6611) to work on /usr/local/python/3.12.1/lib/python3.12/site-packages/airflow/example_dags/example_latest_only.py
[2025-01-22T12:53:58.822+0000] {processor.py:914} INFO - Processing file /usr/local/python/3.12.1/lib/python3.12/site-packages/airflow/example_dags/example_latest_only.py for tasks to queue
[2025-01-22T12:53:58.823+0000] {logging_mixin.py:190} INFO - [2025-01-22T12:53:58.823+0000] {dagbag.py:588} INFO - Filling up the DagBag from /usr/local/python/3.12.1/lib/python3.12/site-packages/airflow/example_dags/example_latest_only.py
[2025-01-22T12:53:58.829+0000] {processor.py:925} INFO - DAG(s) 'latest_only' retrieved from /usr/local/python/3.12.1/lib/python3.12/site-packages/airflow/example_dags/example_latest_only.py
[2025-01-22T12:53:58.845+0000] {logging_mixin.py:190} INFO - [2025-01-22T12:53:58.844+0000] {dag.py:3239} INFO - Sync 1 DAGs
[2025-01-22T12:53:58.866+0000] {logging_mixin.py:190} INFO - [2025-01-22T12:53:58.866+0000] {dag.py:4180} INFO - Setting next_dagrun for latest_only to 2025-01-22 08:00:00+00:00, run_after=2025-01-22 12:00:00+00:00
[2025-01-22T12:53:58.887+0000] {processor.py:208} INFO - Processing /usr/local/python/3.12.1/lib/python3.12/site-packages/airflow/example_dags/example_latest_only.py took 0.070 seconds
[2025-01-22T12:54:53.971+0000] {processor.py:186} INFO - Started process (PID=7169) to work on /usr/local/python/3.12.1/lib/python3.12/site-packages/airflow/example_dags/example_latest_only.py
[2025-01-22T12:54:53.972+0000] {processor.py:914} INFO - Processing file /usr/local/python/3.12.1/lib/python3.12/site-packages/airflow/example_dags/example_latest_only.py for tasks to queue
[2025-01-22T12:54:53.973+0000] {logging_mixin.py:190} INFO - [2025-01-22T12:54:53.973+0000] {dagbag.py:588} INFO - Filling up the DagBag from /usr/local/python/3.12.1/lib/python3.12/site-packages/airflow/example_dags/example_latest_only.py
[2025-01-22T12:54:53.978+0000] {processor.py:925} INFO - DAG(s) 'latest_only' retrieved from /usr/local/python/3.12.1/lib/python3.12/site-packages/airflow/example_dags/example_latest_only.py
[2025-01-22T12:54:53.989+0000] {logging_mixin.py:190} INFO - [2025-01-22T12:54:53.989+0000] {dag.py:3239} INFO - Sync 1 DAGs
[2025-01-22T12:54:54.003+0000] {logging_mixin.py:190} INFO - [2025-01-22T12:54:54.003+0000] {dag.py:4180} INFO - Setting next_dagrun for latest_only to 2025-01-22 08:00:00+00:00, run_after=2025-01-22 12:00:00+00:00
[2025-01-22T12:54:54.017+0000] {processor.py:208} INFO - Processing /usr/local/python/3.12.1/lib/python3.12/site-packages/airflow/example_dags/example_latest_only.py took 0.050 seconds
[2025-01-22T12:55:48.676+0000] {processor.py:186} INFO - Started process (PID=7667) to work on /usr/local/python/3.12.1/lib/python3.12/site-packages/airflow/example_dags/example_latest_only.py
[2025-01-22T12:55:48.677+0000] {processor.py:914} INFO - Processing file /usr/local/python/3.12.1/lib/python3.12/site-packages/airflow/example_dags/example_latest_only.py for tasks to queue
[2025-01-22T12:55:48.678+0000] {logging_mixin.py:190} INFO - [2025-01-22T12:55:48.678+0000] {dagbag.py:588} INFO - Filling up the DagBag from /usr/local/python/3.12.1/lib/python3.12/site-packages/airflow/example_dags/example_latest_only.py
[2025-01-22T12:55:48.683+0000] {processor.py:925} INFO - DAG(s) 'latest_only' retrieved from /usr/local/python/3.12.1/lib/python3.12/site-packages/airflow/example_dags/example_latest_only.py
[2025-01-22T12:55:48.694+0000] {logging_mixin.py:190} INFO - [2025-01-22T12:55:48.694+0000] {dag.py:3239} INFO - Sync 1 DAGs
[2025-01-22T12:55:48.708+0000] {logging_mixin.py:190} INFO - [2025-01-22T12:55:48.708+0000] {dag.py:4180} INFO - Setting next_dagrun for latest_only to 2025-01-22 08:00:00+00:00, run_after=2025-01-22 12:00:00+00:00
[2025-01-22T12:55:48.722+0000] {processor.py:208} INFO - Processing /usr/local/python/3.12.1/lib/python3.12/site-packages/airflow/example_dags/example_latest_only.py took 0.050 seconds
[2025-01-22T12:56:39.643+0000] {processor.py:186} INFO - Started process (PID=8083) to work on /usr/local/python/3.12.1/lib/python3.12/site-packages/airflow/example_dags/example_latest_only.py
[2025-01-22T12:56:39.644+0000] {processor.py:914} INFO - Processing file /usr/local/python/3.12.1/lib/python3.12/site-packages/airflow/example_dags/example_latest_only.py for tasks to queue
[2025-01-22T12:56:39.646+0000] {logging_mixin.py:190} INFO - [2025-01-22T12:56:39.645+0000] {dagbag.py:588} INFO - Filling up the DagBag from /usr/local/python/3.12.1/lib/python3.12/site-packages/airflow/example_dags/example_latest_only.py
[2025-01-22T12:56:39.652+0000] {processor.py:925} INFO - DAG(s) 'latest_only' retrieved from /usr/local/python/3.12.1/lib/python3.12/site-packages/airflow/example_dags/example_latest_only.py
[2025-01-22T12:56:39.667+0000] {logging_mixin.py:190} INFO - [2025-01-22T12:56:39.667+0000] {dag.py:3239} INFO - Sync 1 DAGs
[2025-01-22T12:56:39.687+0000] {logging_mixin.py:190} INFO - [2025-01-22T12:56:39.687+0000] {dag.py:4180} INFO - Setting next_dagrun for latest_only to 2025-01-22 08:00:00+00:00, run_after=2025-01-22 12:00:00+00:00
[2025-01-22T12:56:39.706+0000] {processor.py:208} INFO - Processing /usr/local/python/3.12.1/lib/python3.12/site-packages/airflow/example_dags/example_latest_only.py took 0.069 seconds
[2025-01-22T12:57:31.466+0000] {processor.py:186} INFO - Started process (PID=8572) to work on /usr/local/python/3.12.1/lib/python3.12/site-packages/airflow/example_dags/example_latest_only.py
[2025-01-22T12:57:31.466+0000] {processor.py:914} INFO - Processing file /usr/local/python/3.12.1/lib/python3.12/site-packages/airflow/example_dags/example_latest_only.py for tasks to queue
[2025-01-22T12:57:31.468+0000] {logging_mixin.py:190} INFO - [2025-01-22T12:57:31.468+0000] {dagbag.py:588} INFO - Filling up the DagBag from /usr/local/python/3.12.1/lib/python3.12/site-packages/airflow/example_dags/example_latest_only.py
[2025-01-22T12:57:31.473+0000] {processor.py:925} INFO - DAG(s) 'latest_only' retrieved from /usr/local/python/3.12.1/lib/python3.12/site-packages/airflow/example_dags/example_latest_only.py
[2025-01-22T12:57:31.483+0000] {logging_mixin.py:190} INFO - [2025-01-22T12:57:31.483+0000] {dag.py:3239} INFO - Sync 1 DAGs
[2025-01-22T12:57:31.497+0000] {logging_mixin.py:190} INFO - [2025-01-22T12:57:31.497+0000] {dag.py:4180} INFO - Setting next_dagrun for latest_only to 2025-01-22 08:00:00+00:00, run_after=2025-01-22 12:00:00+00:00
[2025-01-22T12:57:31.512+0000] {processor.py:208} INFO - Processing /usr/local/python/3.12.1/lib/python3.12/site-packages/airflow/example_dags/example_latest_only.py took 0.050 seconds
[2025-01-22T12:58:22.682+0000] {processor.py:186} INFO - Started process (PID=8996) to work on /usr/local/python/3.12.1/lib/python3.12/site-packages/airflow/example_dags/example_latest_only.py
[2025-01-22T12:58:22.683+0000] {processor.py:914} INFO - Processing file /usr/local/python/3.12.1/lib/python3.12/site-packages/airflow/example_dags/example_latest_only.py for tasks to queue
[2025-01-22T12:58:22.684+0000] {logging_mixin.py:190} INFO - [2025-01-22T12:58:22.684+0000] {dagbag.py:588} INFO - Filling up the DagBag from /usr/local/python/3.12.1/lib/python3.12/site-packages/airflow/example_dags/example_latest_only.py
[2025-01-22T12:58:22.690+0000] {processor.py:925} INFO - DAG(s) 'latest_only' retrieved from /usr/local/python/3.12.1/lib/python3.12/site-packages/airflow/example_dags/example_latest_only.py
[2025-01-22T12:58:22.703+0000] {logging_mixin.py:190} INFO - [2025-01-22T12:58:22.703+0000] {dag.py:3239} INFO - Sync 1 DAGs
[2025-01-22T12:58:22.719+0000] {logging_mixin.py:190} INFO - [2025-01-22T12:58:22.719+0000] {dag.py:4180} INFO - Setting next_dagrun for latest_only to 2025-01-22 08:00:00+00:00, run_after=2025-01-22 12:00:00+00:00
[2025-01-22T12:58:22.733+0000] {processor.py:208} INFO - Processing /usr/local/python/3.12.1/lib/python3.12/site-packages/airflow/example_dags/example_latest_only.py took 0.055 seconds
[2025-01-22T12:59:14.183+0000] {processor.py:186} INFO - Started process (PID=9360) to work on /usr/local/python/3.12.1/lib/python3.12/site-packages/airflow/example_dags/example_latest_only.py
[2025-01-22T12:59:14.184+0000] {processor.py:914} INFO - Processing file /usr/local/python/3.12.1/lib/python3.12/site-packages/airflow/example_dags/example_latest_only.py for tasks to queue
[2025-01-22T12:59:14.186+0000] {logging_mixin.py:190} INFO - [2025-01-22T12:59:14.185+0000] {dagbag.py:588} INFO - Filling up the DagBag from /usr/local/python/3.12.1/lib/python3.12/site-packages/airflow/example_dags/example_latest_only.py
[2025-01-22T12:59:14.191+0000] {processor.py:925} INFO - DAG(s) 'latest_only' retrieved from /usr/local/python/3.12.1/lib/python3.12/site-packages/airflow/example_dags/example_latest_only.py
[2025-01-22T12:59:14.202+0000] {logging_mixin.py:190} INFO - [2025-01-22T12:59:14.201+0000] {dag.py:3239} INFO - Sync 1 DAGs
[2025-01-22T12:59:14.219+0000] {logging_mixin.py:190} INFO - [2025-01-22T12:59:14.219+0000] {dag.py:4180} INFO - Setting next_dagrun for latest_only to 2025-01-22 08:00:00+00:00, run_after=2025-01-22 12:00:00+00:00
[2025-01-22T12:59:14.233+0000] {processor.py:208} INFO - Processing /usr/local/python/3.12.1/lib/python3.12/site-packages/airflow/example_dags/example_latest_only.py took 0.054 seconds
[2025-01-22T13:00:05.730+0000] {processor.py:186} INFO - Started process (PID=9782) to work on /usr/local/python/3.12.1/lib/python3.12/site-packages/airflow/example_dags/example_latest_only.py
[2025-01-22T13:00:05.731+0000] {processor.py:914} INFO - Processing file /usr/local/python/3.12.1/lib/python3.12/site-packages/airflow/example_dags/example_latest_only.py for tasks to queue
[2025-01-22T13:00:05.732+0000] {logging_mixin.py:190} INFO - [2025-01-22T13:00:05.732+0000] {dagbag.py:588} INFO - Filling up the DagBag from /usr/local/python/3.12.1/lib/python3.12/site-packages/airflow/example_dags/example_latest_only.py
[2025-01-22T13:00:05.737+0000] {processor.py:925} INFO - DAG(s) 'latest_only' retrieved from /usr/local/python/3.12.1/lib/python3.12/site-packages/airflow/example_dags/example_latest_only.py
[2025-01-22T13:00:05.748+0000] {logging_mixin.py:190} INFO - [2025-01-22T13:00:05.748+0000] {dag.py:3239} INFO - Sync 1 DAGs
[2025-01-22T13:00:05.763+0000] {logging_mixin.py:190} INFO - [2025-01-22T13:00:05.762+0000] {dag.py:4180} INFO - Setting next_dagrun for latest_only to 2025-01-22 08:00:00+00:00, run_after=2025-01-22 12:00:00+00:00
[2025-01-22T13:00:05.776+0000] {processor.py:208} INFO - Processing /usr/local/python/3.12.1/lib/python3.12/site-packages/airflow/example_dags/example_latest_only.py took 0.050 seconds
[2025-01-22T13:00:57.534+0000] {processor.py:186} INFO - Started process (PID=10226) to work on /usr/local/python/3.12.1/lib/python3.12/site-packages/airflow/example_dags/example_latest_only.py
[2025-01-22T13:00:57.535+0000] {processor.py:914} INFO - Processing file /usr/local/python/3.12.1/lib/python3.12/site-packages/airflow/example_dags/example_latest_only.py for tasks to queue
[2025-01-22T13:00:57.537+0000] {logging_mixin.py:190} INFO - [2025-01-22T13:00:57.536+0000] {dagbag.py:588} INFO - Filling up the DagBag from /usr/local/python/3.12.1/lib/python3.12/site-packages/airflow/example_dags/example_latest_only.py
[2025-01-22T13:00:57.542+0000] {processor.py:925} INFO - DAG(s) 'latest_only' retrieved from /usr/local/python/3.12.1/lib/python3.12/site-packages/airflow/example_dags/example_latest_only.py
[2025-01-22T13:00:57.552+0000] {logging_mixin.py:190} INFO - [2025-01-22T13:00:57.552+0000] {dag.py:3239} INFO - Sync 1 DAGs
[2025-01-22T13:00:57.566+0000] {logging_mixin.py:190} INFO - [2025-01-22T13:00:57.566+0000] {dag.py:4180} INFO - Setting next_dagrun for latest_only to 2025-01-22 08:00:00+00:00, run_after=2025-01-22 12:00:00+00:00
[2025-01-22T13:00:57.580+0000] {processor.py:208} INFO - Processing /usr/local/python/3.12.1/lib/python3.12/site-packages/airflow/example_dags/example_latest_only.py took 0.050 seconds
[2025-01-22T13:01:49.845+0000] {processor.py:186} INFO - Started process (PID=10657) to work on /usr/local/python/3.12.1/lib/python3.12/site-packages/airflow/example_dags/example_latest_only.py
[2025-01-22T13:01:49.846+0000] {processor.py:914} INFO - Processing file /usr/local/python/3.12.1/lib/python3.12/site-packages/airflow/example_dags/example_latest_only.py for tasks to queue
[2025-01-22T13:01:49.847+0000] {logging_mixin.py:190} INFO - [2025-01-22T13:01:49.847+0000] {dagbag.py:588} INFO - Filling up the DagBag from /usr/local/python/3.12.1/lib/python3.12/site-packages/airflow/example_dags/example_latest_only.py
[2025-01-22T13:01:49.852+0000] {processor.py:925} INFO - DAG(s) 'latest_only' retrieved from /usr/local/python/3.12.1/lib/python3.12/site-packages/airflow/example_dags/example_latest_only.py
[2025-01-22T13:01:49.863+0000] {logging_mixin.py:190} INFO - [2025-01-22T13:01:49.863+0000] {dag.py:3239} INFO - Sync 1 DAGs
[2025-01-22T13:01:49.877+0000] {logging_mixin.py:190} INFO - [2025-01-22T13:01:49.877+0000] {dag.py:4180} INFO - Setting next_dagrun for latest_only to 2025-01-22 08:00:00+00:00, run_after=2025-01-22 12:00:00+00:00
[2025-01-22T13:01:49.892+0000] {processor.py:208} INFO - Processing /usr/local/python/3.12.1/lib/python3.12/site-packages/airflow/example_dags/example_latest_only.py took 0.052 seconds
[2025-01-22T13:02:39.922+0000] {processor.py:186} INFO - Started process (PID=11139) to work on /usr/local/python/3.12.1/lib/python3.12/site-packages/airflow/example_dags/example_latest_only.py
[2025-01-22T13:02:39.923+0000] {processor.py:914} INFO - Processing file /usr/local/python/3.12.1/lib/python3.12/site-packages/airflow/example_dags/example_latest_only.py for tasks to queue
[2025-01-22T13:02:39.924+0000] {logging_mixin.py:190} INFO - [2025-01-22T13:02:39.924+0000] {dagbag.py:588} INFO - Filling up the DagBag from /usr/local/python/3.12.1/lib/python3.12/site-packages/airflow/example_dags/example_latest_only.py
[2025-01-22T13:02:39.929+0000] {processor.py:925} INFO - DAG(s) 'latest_only' retrieved from /usr/local/python/3.12.1/lib/python3.12/site-packages/airflow/example_dags/example_latest_only.py
[2025-01-22T13:02:39.940+0000] {logging_mixin.py:190} INFO - [2025-01-22T13:02:39.940+0000] {dag.py:3239} INFO - Sync 1 DAGs
[2025-01-22T13:02:39.958+0000] {logging_mixin.py:190} INFO - [2025-01-22T13:02:39.957+0000] {dag.py:4180} INFO - Setting next_dagrun for latest_only to 2025-01-22 08:00:00+00:00, run_after=2025-01-22 12:00:00+00:00
[2025-01-22T13:02:39.977+0000] {processor.py:208} INFO - Processing /usr/local/python/3.12.1/lib/python3.12/site-packages/airflow/example_dags/example_latest_only.py took 0.059 seconds
[2025-01-22T13:03:53.100+0000] {processor.py:186} INFO - Started process (PID=11716) to work on /usr/local/python/3.12.1/lib/python3.12/site-packages/airflow/example_dags/example_latest_only.py
[2025-01-22T13:03:53.101+0000] {processor.py:914} INFO - Processing file /usr/local/python/3.12.1/lib/python3.12/site-packages/airflow/example_dags/example_latest_only.py for tasks to queue
[2025-01-22T13:03:53.102+0000] {logging_mixin.py:190} INFO - [2025-01-22T13:03:53.102+0000] {dagbag.py:588} INFO - Filling up the DagBag from /usr/local/python/3.12.1/lib/python3.12/site-packages/airflow/example_dags/example_latest_only.py
[2025-01-22T13:03:53.108+0000] {processor.py:925} INFO - DAG(s) 'latest_only' retrieved from /usr/local/python/3.12.1/lib/python3.12/site-packages/airflow/example_dags/example_latest_only.py
[2025-01-22T13:03:53.119+0000] {logging_mixin.py:190} INFO - [2025-01-22T13:03:53.119+0000] {dag.py:3239} INFO - Sync 1 DAGs
[2025-01-22T13:03:53.133+0000] {logging_mixin.py:190} INFO - [2025-01-22T13:03:53.133+0000] {dag.py:4180} INFO - Setting next_dagrun for latest_only to 2025-01-22 08:00:00+00:00, run_after=2025-01-22 12:00:00+00:00
[2025-01-22T13:03:53.148+0000] {processor.py:208} INFO - Processing /usr/local/python/3.12.1/lib/python3.12/site-packages/airflow/example_dags/example_latest_only.py took 0.051 seconds
[2025-01-22T13:04:45.594+0000] {processor.py:186} INFO - Started process (PID=12146) to work on /usr/local/python/3.12.1/lib/python3.12/site-packages/airflow/example_dags/example_latest_only.py
[2025-01-22T13:04:45.595+0000] {processor.py:914} INFO - Processing file /usr/local/python/3.12.1/lib/python3.12/site-packages/airflow/example_dags/example_latest_only.py for tasks to queue
[2025-01-22T13:04:45.596+0000] {logging_mixin.py:190} INFO - [2025-01-22T13:04:45.596+0000] {dagbag.py:588} INFO - Filling up the DagBag from /usr/local/python/3.12.1/lib/python3.12/site-packages/airflow/example_dags/example_latest_only.py
[2025-01-22T13:04:45.601+0000] {processor.py:925} INFO - DAG(s) 'latest_only' retrieved from /usr/local/python/3.12.1/lib/python3.12/site-packages/airflow/example_dags/example_latest_only.py
[2025-01-22T13:04:45.612+0000] {logging_mixin.py:190} INFO - [2025-01-22T13:04:45.612+0000] {dag.py:3239} INFO - Sync 1 DAGs
[2025-01-22T13:04:45.626+0000] {logging_mixin.py:190} INFO - [2025-01-22T13:04:45.626+0000] {dag.py:4180} INFO - Setting next_dagrun for latest_only to 2025-01-22 08:00:00+00:00, run_after=2025-01-22 12:00:00+00:00
[2025-01-22T13:04:45.640+0000] {processor.py:208} INFO - Processing /usr/local/python/3.12.1/lib/python3.12/site-packages/airflow/example_dags/example_latest_only.py took 0.049 seconds
[2025-01-22T13:05:35.708+0000] {processor.py:186} INFO - Started process (PID=12566) to work on /usr/local/python/3.12.1/lib/python3.12/site-packages/airflow/example_dags/example_latest_only.py
[2025-01-22T13:05:35.709+0000] {processor.py:914} INFO - Processing file /usr/local/python/3.12.1/lib/python3.12/site-packages/airflow/example_dags/example_latest_only.py for tasks to queue
[2025-01-22T13:05:35.711+0000] {logging_mixin.py:190} INFO - [2025-01-22T13:05:35.710+0000] {dagbag.py:588} INFO - Filling up the DagBag from /usr/local/python/3.12.1/lib/python3.12/site-packages/airflow/example_dags/example_latest_only.py
[2025-01-22T13:05:35.716+0000] {processor.py:925} INFO - DAG(s) 'latest_only' retrieved from /usr/local/python/3.12.1/lib/python3.12/site-packages/airflow/example_dags/example_latest_only.py
[2025-01-22T13:05:35.726+0000] {logging_mixin.py:190} INFO - [2025-01-22T13:05:35.726+0000] {dag.py:3239} INFO - Sync 1 DAGs
[2025-01-22T13:05:35.741+0000] {logging_mixin.py:190} INFO - [2025-01-22T13:05:35.741+0000] {dag.py:4180} INFO - Setting next_dagrun for latest_only to 2025-01-22 08:00:00+00:00, run_after=2025-01-22 12:00:00+00:00
[2025-01-22T13:05:35.755+0000] {processor.py:208} INFO - Processing /usr/local/python/3.12.1/lib/python3.12/site-packages/airflow/example_dags/example_latest_only.py took 0.050 seconds
[2025-01-22T13:06:26.493+0000] {processor.py:186} INFO - Started process (PID=12992) to work on /usr/local/python/3.12.1/lib/python3.12/site-packages/airflow/example_dags/example_latest_only.py
[2025-01-22T13:06:26.493+0000] {processor.py:914} INFO - Processing file /usr/local/python/3.12.1/lib/python3.12/site-packages/airflow/example_dags/example_latest_only.py for tasks to queue
[2025-01-22T13:06:26.495+0000] {logging_mixin.py:190} INFO - [2025-01-22T13:06:26.494+0000] {dagbag.py:588} INFO - Filling up the DagBag from /usr/local/python/3.12.1/lib/python3.12/site-packages/airflow/example_dags/example_latest_only.py
[2025-01-22T13:06:26.500+0000] {processor.py:925} INFO - DAG(s) 'latest_only' retrieved from /usr/local/python/3.12.1/lib/python3.12/site-packages/airflow/example_dags/example_latest_only.py
[2025-01-22T13:06:26.510+0000] {logging_mixin.py:190} INFO - [2025-01-22T13:06:26.510+0000] {dag.py:3239} INFO - Sync 1 DAGs
[2025-01-22T13:06:26.524+0000] {logging_mixin.py:190} INFO - [2025-01-22T13:06:26.524+0000] {dag.py:4180} INFO - Setting next_dagrun for latest_only to 2025-01-22 08:00:00+00:00, run_after=2025-01-22 12:00:00+00:00
[2025-01-22T13:06:26.538+0000] {processor.py:208} INFO - Processing /usr/local/python/3.12.1/lib/python3.12/site-packages/airflow/example_dags/example_latest_only.py took 0.049 seconds
[2025-01-22T13:07:38.995+0000] {processor.py:186} INFO - Started process (PID=13560) to work on /usr/local/python/3.12.1/lib/python3.12/site-packages/airflow/example_dags/example_latest_only.py
[2025-01-22T13:07:38.995+0000] {processor.py:914} INFO - Processing file /usr/local/python/3.12.1/lib/python3.12/site-packages/airflow/example_dags/example_latest_only.py for tasks to queue
[2025-01-22T13:07:38.997+0000] {logging_mixin.py:190} INFO - [2025-01-22T13:07:38.996+0000] {dagbag.py:588} INFO - Filling up the DagBag from /usr/local/python/3.12.1/lib/python3.12/site-packages/airflow/example_dags/example_latest_only.py
[2025-01-22T13:07:39.002+0000] {processor.py:925} INFO - DAG(s) 'latest_only' retrieved from /usr/local/python/3.12.1/lib/python3.12/site-packages/airflow/example_dags/example_latest_only.py
[2025-01-22T13:07:39.015+0000] {logging_mixin.py:190} INFO - [2025-01-22T13:07:39.015+0000] {dag.py:3239} INFO - Sync 1 DAGs
[2025-01-22T13:07:39.030+0000] {logging_mixin.py:190} INFO - [2025-01-22T13:07:39.030+0000] {dag.py:4180} INFO - Setting next_dagrun for latest_only to 2025-01-22 08:00:00+00:00, run_after=2025-01-22 12:00:00+00:00
[2025-01-22T13:07:39.044+0000] {processor.py:208} INFO - Processing /usr/local/python/3.12.1/lib/python3.12/site-packages/airflow/example_dags/example_latest_only.py took 0.054 seconds
[2025-01-22T13:08:32.265+0000] {processor.py:186} INFO - Started process (PID=14250) to work on /usr/local/python/3.12.1/lib/python3.12/site-packages/airflow/example_dags/example_latest_only.py
[2025-01-22T13:08:32.266+0000] {processor.py:914} INFO - Processing file /usr/local/python/3.12.1/lib/python3.12/site-packages/airflow/example_dags/example_latest_only.py for tasks to queue
[2025-01-22T13:08:32.268+0000] {logging_mixin.py:190} INFO - [2025-01-22T13:08:32.268+0000] {dagbag.py:588} INFO - Filling up the DagBag from /usr/local/python/3.12.1/lib/python3.12/site-packages/airflow/example_dags/example_latest_only.py
[2025-01-22T13:08:32.276+0000] {processor.py:925} INFO - DAG(s) 'latest_only' retrieved from /usr/local/python/3.12.1/lib/python3.12/site-packages/airflow/example_dags/example_latest_only.py
[2025-01-22T13:08:32.291+0000] {logging_mixin.py:190} INFO - [2025-01-22T13:08:32.291+0000] {dag.py:3239} INFO - Sync 1 DAGs
[2025-01-22T13:08:32.310+0000] {logging_mixin.py:190} INFO - [2025-01-22T13:08:32.310+0000] {dag.py:4180} INFO - Setting next_dagrun for latest_only to 2025-01-22 08:00:00+00:00, run_after=2025-01-22 12:00:00+00:00
[2025-01-22T13:08:32.324+0000] {processor.py:208} INFO - Processing /usr/local/python/3.12.1/lib/python3.12/site-packages/airflow/example_dags/example_latest_only.py took 0.064 seconds
[2025-01-22T13:09:25.920+0000] {processor.py:186} INFO - Started process (PID=14703) to work on /usr/local/python/3.12.1/lib/python3.12/site-packages/airflow/example_dags/example_latest_only.py
[2025-01-22T13:09:25.921+0000] {processor.py:914} INFO - Processing file /usr/local/python/3.12.1/lib/python3.12/site-packages/airflow/example_dags/example_latest_only.py for tasks to queue
[2025-01-22T13:09:25.922+0000] {logging_mixin.py:190} INFO - [2025-01-22T13:09:25.922+0000] {dagbag.py:588} INFO - Filling up the DagBag from /usr/local/python/3.12.1/lib/python3.12/site-packages/airflow/example_dags/example_latest_only.py
[2025-01-22T13:09:25.928+0000] {processor.py:925} INFO - DAG(s) 'latest_only' retrieved from /usr/local/python/3.12.1/lib/python3.12/site-packages/airflow/example_dags/example_latest_only.py
[2025-01-22T13:09:25.939+0000] {logging_mixin.py:190} INFO - [2025-01-22T13:09:25.938+0000] {dag.py:3239} INFO - Sync 1 DAGs
[2025-01-22T13:09:25.953+0000] {logging_mixin.py:190} INFO - [2025-01-22T13:09:25.953+0000] {dag.py:4180} INFO - Setting next_dagrun for latest_only to 2025-01-22 08:00:00+00:00, run_after=2025-01-22 12:00:00+00:00
[2025-01-22T13:09:25.967+0000] {processor.py:208} INFO - Processing /usr/local/python/3.12.1/lib/python3.12/site-packages/airflow/example_dags/example_latest_only.py took 0.051 seconds
[2025-01-22T13:10:17.163+0000] {processor.py:186} INFO - Started process (PID=15062) to work on /usr/local/python/3.12.1/lib/python3.12/site-packages/airflow/example_dags/example_latest_only.py
[2025-01-22T13:10:17.164+0000] {processor.py:914} INFO - Processing file /usr/local/python/3.12.1/lib/python3.12/site-packages/airflow/example_dags/example_latest_only.py for tasks to queue
[2025-01-22T13:10:17.166+0000] {logging_mixin.py:190} INFO - [2025-01-22T13:10:17.165+0000] {dagbag.py:588} INFO - Filling up the DagBag from /usr/local/python/3.12.1/lib/python3.12/site-packages/airflow/example_dags/example_latest_only.py
[2025-01-22T13:10:17.171+0000] {processor.py:925} INFO - DAG(s) 'latest_only' retrieved from /usr/local/python/3.12.1/lib/python3.12/site-packages/airflow/example_dags/example_latest_only.py
[2025-01-22T13:10:17.182+0000] {logging_mixin.py:190} INFO - [2025-01-22T13:10:17.182+0000] {dag.py:3239} INFO - Sync 1 DAGs
[2025-01-22T13:10:17.196+0000] {logging_mixin.py:190} INFO - [2025-01-22T13:10:17.196+0000] {dag.py:4180} INFO - Setting next_dagrun for latest_only to 2025-01-22 08:00:00+00:00, run_after=2025-01-22 12:00:00+00:00
[2025-01-22T13:10:17.211+0000] {processor.py:208} INFO - Processing /usr/local/python/3.12.1/lib/python3.12/site-packages/airflow/example_dags/example_latest_only.py took 0.051 seconds
[2025-01-22T13:11:29.576+0000] {processor.py:186} INFO - Started process (PID=15695) to work on /usr/local/python/3.12.1/lib/python3.12/site-packages/airflow/example_dags/example_latest_only.py
[2025-01-22T13:11:29.576+0000] {processor.py:914} INFO - Processing file /usr/local/python/3.12.1/lib/python3.12/site-packages/airflow/example_dags/example_latest_only.py for tasks to queue
[2025-01-22T13:11:29.578+0000] {logging_mixin.py:190} INFO - [2025-01-22T13:11:29.577+0000] {dagbag.py:588} INFO - Filling up the DagBag from /usr/local/python/3.12.1/lib/python3.12/site-packages/airflow/example_dags/example_latest_only.py
[2025-01-22T13:11:29.584+0000] {processor.py:925} INFO - DAG(s) 'latest_only' retrieved from /usr/local/python/3.12.1/lib/python3.12/site-packages/airflow/example_dags/example_latest_only.py
[2025-01-22T13:11:29.595+0000] {logging_mixin.py:190} INFO - [2025-01-22T13:11:29.595+0000] {dag.py:3239} INFO - Sync 1 DAGs
[2025-01-22T13:11:29.611+0000] {logging_mixin.py:190} INFO - [2025-01-22T13:11:29.611+0000] {dag.py:4180} INFO - Setting next_dagrun for latest_only to 2025-01-22 08:00:00+00:00, run_after=2025-01-22 12:00:00+00:00
[2025-01-22T13:11:29.625+0000] {processor.py:208} INFO - Processing /usr/local/python/3.12.1/lib/python3.12/site-packages/airflow/example_dags/example_latest_only.py took 0.054 seconds
[2025-01-22T13:12:20.842+0000] {processor.py:186} INFO - Started process (PID=16050) to work on /usr/local/python/3.12.1/lib/python3.12/site-packages/airflow/example_dags/example_latest_only.py
[2025-01-22T13:12:20.842+0000] {processor.py:914} INFO - Processing file /usr/local/python/3.12.1/lib/python3.12/site-packages/airflow/example_dags/example_latest_only.py for tasks to queue
[2025-01-22T13:12:20.844+0000] {logging_mixin.py:190} INFO - [2025-01-22T13:12:20.844+0000] {dagbag.py:588} INFO - Filling up the DagBag from /usr/local/python/3.12.1/lib/python3.12/site-packages/airflow/example_dags/example_latest_only.py
[2025-01-22T13:12:20.849+0000] {processor.py:925} INFO - DAG(s) 'latest_only' retrieved from /usr/local/python/3.12.1/lib/python3.12/site-packages/airflow/example_dags/example_latest_only.py
[2025-01-22T13:12:20.859+0000] {logging_mixin.py:190} INFO - [2025-01-22T13:12:20.859+0000] {dag.py:3239} INFO - Sync 1 DAGs
[2025-01-22T13:12:20.874+0000] {logging_mixin.py:190} INFO - [2025-01-22T13:12:20.873+0000] {dag.py:4180} INFO - Setting next_dagrun for latest_only to 2025-01-22 08:00:00+00:00, run_after=2025-01-22 12:00:00+00:00
[2025-01-22T13:12:20.888+0000] {processor.py:208} INFO - Processing /usr/local/python/3.12.1/lib/python3.12/site-packages/airflow/example_dags/example_latest_only.py took 0.050 seconds
[2025-01-22T13:13:12.927+0000] {processor.py:186} INFO - Started process (PID=16542) to work on /usr/local/python/3.12.1/lib/python3.12/site-packages/airflow/example_dags/example_latest_only.py
[2025-01-22T13:13:12.927+0000] {processor.py:914} INFO - Processing file /usr/local/python/3.12.1/lib/python3.12/site-packages/airflow/example_dags/example_latest_only.py for tasks to queue
[2025-01-22T13:13:12.929+0000] {logging_mixin.py:190} INFO - [2025-01-22T13:13:12.929+0000] {dagbag.py:588} INFO - Filling up the DagBag from /usr/local/python/3.12.1/lib/python3.12/site-packages/airflow/example_dags/example_latest_only.py
[2025-01-22T13:13:12.934+0000] {processor.py:925} INFO - DAG(s) 'latest_only' retrieved from /usr/local/python/3.12.1/lib/python3.12/site-packages/airflow/example_dags/example_latest_only.py
[2025-01-22T13:13:12.945+0000] {logging_mixin.py:190} INFO - [2025-01-22T13:13:12.945+0000] {dag.py:3239} INFO - Sync 1 DAGs
[2025-01-22T13:13:12.960+0000] {logging_mixin.py:190} INFO - [2025-01-22T13:13:12.959+0000] {dag.py:4180} INFO - Setting next_dagrun for latest_only to 2025-01-22 08:00:00+00:00, run_after=2025-01-22 12:00:00+00:00
[2025-01-22T13:13:12.975+0000] {processor.py:208} INFO - Processing /usr/local/python/3.12.1/lib/python3.12/site-packages/airflow/example_dags/example_latest_only.py took 0.052 seconds
[2025-01-22T13:14:05.207+0000] {processor.py:186} INFO - Started process (PID=16975) to work on /usr/local/python/3.12.1/lib/python3.12/site-packages/airflow/example_dags/example_latest_only.py
[2025-01-22T13:14:05.208+0000] {processor.py:914} INFO - Processing file /usr/local/python/3.12.1/lib/python3.12/site-packages/airflow/example_dags/example_latest_only.py for tasks to queue
[2025-01-22T13:14:05.210+0000] {logging_mixin.py:190} INFO - [2025-01-22T13:14:05.209+0000] {dagbag.py:588} INFO - Filling up the DagBag from /usr/local/python/3.12.1/lib/python3.12/site-packages/airflow/example_dags/example_latest_only.py
[2025-01-22T13:14:05.215+0000] {processor.py:925} INFO - DAG(s) 'latest_only' retrieved from /usr/local/python/3.12.1/lib/python3.12/site-packages/airflow/example_dags/example_latest_only.py
[2025-01-22T13:14:05.225+0000] {logging_mixin.py:190} INFO - [2025-01-22T13:14:05.225+0000] {dag.py:3239} INFO - Sync 1 DAGs
[2025-01-22T13:14:05.240+0000] {logging_mixin.py:190} INFO - [2025-01-22T13:14:05.239+0000] {dag.py:4180} INFO - Setting next_dagrun for latest_only to 2025-01-22 08:00:00+00:00, run_after=2025-01-22 12:00:00+00:00
[2025-01-22T13:14:05.253+0000] {processor.py:208} INFO - Processing /usr/local/python/3.12.1/lib/python3.12/site-packages/airflow/example_dags/example_latest_only.py took 0.050 seconds
[2025-01-22T13:14:57.811+0000] {processor.py:186} INFO - Started process (PID=17401) to work on /usr/local/python/3.12.1/lib/python3.12/site-packages/airflow/example_dags/example_latest_only.py
[2025-01-22T13:14:57.812+0000] {processor.py:914} INFO - Processing file /usr/local/python/3.12.1/lib/python3.12/site-packages/airflow/example_dags/example_latest_only.py for tasks to queue
[2025-01-22T13:14:57.814+0000] {logging_mixin.py:190} INFO - [2025-01-22T13:14:57.813+0000] {dagbag.py:588} INFO - Filling up the DagBag from /usr/local/python/3.12.1/lib/python3.12/site-packages/airflow/example_dags/example_latest_only.py
[2025-01-22T13:14:57.819+0000] {processor.py:925} INFO - DAG(s) 'latest_only' retrieved from /usr/local/python/3.12.1/lib/python3.12/site-packages/airflow/example_dags/example_latest_only.py
[2025-01-22T13:14:57.829+0000] {logging_mixin.py:190} INFO - [2025-01-22T13:14:57.829+0000] {dag.py:3239} INFO - Sync 1 DAGs
[2025-01-22T13:14:57.845+0000] {logging_mixin.py:190} INFO - [2025-01-22T13:14:57.845+0000] {dag.py:4180} INFO - Setting next_dagrun for latest_only to 2025-01-22 08:00:00+00:00, run_after=2025-01-22 12:00:00+00:00
[2025-01-22T13:14:57.859+0000] {processor.py:208} INFO - Processing /usr/local/python/3.12.1/lib/python3.12/site-packages/airflow/example_dags/example_latest_only.py took 0.052 seconds
[2025-01-22T13:15:46.285+0000] {processor.py:186} INFO - Started process (PID=17815) to work on /usr/local/python/3.12.1/lib/python3.12/site-packages/airflow/example_dags/example_latest_only.py
[2025-01-22T13:15:46.286+0000] {processor.py:914} INFO - Processing file /usr/local/python/3.12.1/lib/python3.12/site-packages/airflow/example_dags/example_latest_only.py for tasks to queue
[2025-01-22T13:15:46.288+0000] {logging_mixin.py:190} INFO - [2025-01-22T13:15:46.287+0000] {dagbag.py:588} INFO - Filling up the DagBag from /usr/local/python/3.12.1/lib/python3.12/site-packages/airflow/example_dags/example_latest_only.py
[2025-01-22T13:15:46.296+0000] {processor.py:925} INFO - DAG(s) 'latest_only' retrieved from /usr/local/python/3.12.1/lib/python3.12/site-packages/airflow/example_dags/example_latest_only.py
[2025-01-22T13:15:46.312+0000] {logging_mixin.py:190} INFO - [2025-01-22T13:15:46.312+0000] {dag.py:3239} INFO - Sync 1 DAGs
[2025-01-22T13:15:46.327+0000] {logging_mixin.py:190} INFO - [2025-01-22T13:15:46.326+0000] {dag.py:4180} INFO - Setting next_dagrun for latest_only to 2025-01-22 08:00:00+00:00, run_after=2025-01-22 12:00:00+00:00
[2025-01-22T13:15:46.340+0000] {processor.py:208} INFO - Processing /usr/local/python/3.12.1/lib/python3.12/site-packages/airflow/example_dags/example_latest_only.py took 0.061 seconds
[2025-01-22T13:16:36.431+0000] {processor.py:186} INFO - Started process (PID=18237) to work on /usr/local/python/3.12.1/lib/python3.12/site-packages/airflow/example_dags/example_latest_only.py
[2025-01-22T13:16:36.432+0000] {processor.py:914} INFO - Processing file /usr/local/python/3.12.1/lib/python3.12/site-packages/airflow/example_dags/example_latest_only.py for tasks to queue
[2025-01-22T13:16:36.434+0000] {logging_mixin.py:190} INFO - [2025-01-22T13:16:36.434+0000] {dagbag.py:588} INFO - Filling up the DagBag from /usr/local/python/3.12.1/lib/python3.12/site-packages/airflow/example_dags/example_latest_only.py
[2025-01-22T13:16:36.442+0000] {processor.py:925} INFO - DAG(s) 'latest_only' retrieved from /usr/local/python/3.12.1/lib/python3.12/site-packages/airflow/example_dags/example_latest_only.py
[2025-01-22T13:16:36.457+0000] {logging_mixin.py:190} INFO - [2025-01-22T13:16:36.457+0000] {dag.py:3239} INFO - Sync 1 DAGs
[2025-01-22T13:16:36.473+0000] {logging_mixin.py:190} INFO - [2025-01-22T13:16:36.473+0000] {dag.py:4180} INFO - Setting next_dagrun for latest_only to 2025-01-22 08:00:00+00:00, run_after=2025-01-22 12:00:00+00:00
[2025-01-22T13:16:36.487+0000] {processor.py:208} INFO - Processing /usr/local/python/3.12.1/lib/python3.12/site-packages/airflow/example_dags/example_latest_only.py took 0.060 seconds
[2025-01-22T13:17:29.794+0000] {processor.py:186} INFO - Started process (PID=18727) to work on /usr/local/python/3.12.1/lib/python3.12/site-packages/airflow/example_dags/example_latest_only.py
[2025-01-22T13:17:29.795+0000] {processor.py:914} INFO - Processing file /usr/local/python/3.12.1/lib/python3.12/site-packages/airflow/example_dags/example_latest_only.py for tasks to queue
[2025-01-22T13:17:29.796+0000] {logging_mixin.py:190} INFO - [2025-01-22T13:17:29.796+0000] {dagbag.py:588} INFO - Filling up the DagBag from /usr/local/python/3.12.1/lib/python3.12/site-packages/airflow/example_dags/example_latest_only.py
[2025-01-22T13:17:29.802+0000] {processor.py:925} INFO - DAG(s) 'latest_only' retrieved from /usr/local/python/3.12.1/lib/python3.12/site-packages/airflow/example_dags/example_latest_only.py
[2025-01-22T13:17:29.812+0000] {logging_mixin.py:190} INFO - [2025-01-22T13:17:29.812+0000] {dag.py:3239} INFO - Sync 1 DAGs
[2025-01-22T13:17:29.826+0000] {logging_mixin.py:190} INFO - [2025-01-22T13:17:29.826+0000] {dag.py:4180} INFO - Setting next_dagrun for latest_only to 2025-01-22 08:00:00+00:00, run_after=2025-01-22 12:00:00+00:00
[2025-01-22T13:17:29.840+0000] {processor.py:208} INFO - Processing /usr/local/python/3.12.1/lib/python3.12/site-packages/airflow/example_dags/example_latest_only.py took 0.050 seconds
[2025-01-22T13:18:20.172+0000] {processor.py:186} INFO - Started process (PID=19091) to work on /usr/local/python/3.12.1/lib/python3.12/site-packages/airflow/example_dags/example_latest_only.py
[2025-01-22T13:18:20.173+0000] {processor.py:914} INFO - Processing file /usr/local/python/3.12.1/lib/python3.12/site-packages/airflow/example_dags/example_latest_only.py for tasks to queue
[2025-01-22T13:18:20.175+0000] {logging_mixin.py:190} INFO - [2025-01-22T13:18:20.174+0000] {dagbag.py:588} INFO - Filling up the DagBag from /usr/local/python/3.12.1/lib/python3.12/site-packages/airflow/example_dags/example_latest_only.py
[2025-01-22T13:18:20.180+0000] {processor.py:925} INFO - DAG(s) 'latest_only' retrieved from /usr/local/python/3.12.1/lib/python3.12/site-packages/airflow/example_dags/example_latest_only.py
[2025-01-22T13:18:20.191+0000] {logging_mixin.py:190} INFO - [2025-01-22T13:18:20.191+0000] {dag.py:3239} INFO - Sync 1 DAGs
[2025-01-22T13:18:20.205+0000] {logging_mixin.py:190} INFO - [2025-01-22T13:18:20.205+0000] {dag.py:4180} INFO - Setting next_dagrun for latest_only to 2025-01-22 08:00:00+00:00, run_after=2025-01-22 12:00:00+00:00
[2025-01-22T13:18:20.220+0000] {processor.py:208} INFO - Processing /usr/local/python/3.12.1/lib/python3.12/site-packages/airflow/example_dags/example_latest_only.py took 0.051 seconds
[2025-01-22T13:19:09.078+0000] {processor.py:186} INFO - Started process (PID=19894) to work on /usr/local/python/3.12.1/lib/python3.12/site-packages/airflow/example_dags/example_latest_only.py
[2025-01-22T13:19:09.078+0000] {processor.py:914} INFO - Processing file /usr/local/python/3.12.1/lib/python3.12/site-packages/airflow/example_dags/example_latest_only.py for tasks to queue
[2025-01-22T13:19:09.080+0000] {logging_mixin.py:190} INFO - [2025-01-22T13:19:09.080+0000] {dagbag.py:588} INFO - Filling up the DagBag from /usr/local/python/3.12.1/lib/python3.12/site-packages/airflow/example_dags/example_latest_only.py
[2025-01-22T13:19:09.088+0000] {processor.py:925} INFO - DAG(s) 'latest_only' retrieved from /usr/local/python/3.12.1/lib/python3.12/site-packages/airflow/example_dags/example_latest_only.py
[2025-01-22T13:19:09.103+0000] {logging_mixin.py:190} INFO - [2025-01-22T13:19:09.102+0000] {dag.py:3239} INFO - Sync 1 DAGs
[2025-01-22T13:19:09.117+0000] {logging_mixin.py:190} INFO - [2025-01-22T13:19:09.117+0000] {dag.py:4180} INFO - Setting next_dagrun for latest_only to 2025-01-22 08:00:00+00:00, run_after=2025-01-22 12:00:00+00:00
[2025-01-22T13:19:09.131+0000] {processor.py:208} INFO - Processing /usr/local/python/3.12.1/lib/python3.12/site-packages/airflow/example_dags/example_latest_only.py took 0.058 seconds
[2025-01-22T13:20:00.255+0000] {processor.py:186} INFO - Started process (PID=20888) to work on /usr/local/python/3.12.1/lib/python3.12/site-packages/airflow/example_dags/example_latest_only.py
[2025-01-22T13:20:00.256+0000] {processor.py:914} INFO - Processing file /usr/local/python/3.12.1/lib/python3.12/site-packages/airflow/example_dags/example_latest_only.py for tasks to queue
[2025-01-22T13:20:00.258+0000] {logging_mixin.py:190} INFO - [2025-01-22T13:20:00.257+0000] {dagbag.py:588} INFO - Filling up the DagBag from /usr/local/python/3.12.1/lib/python3.12/site-packages/airflow/example_dags/example_latest_only.py
[2025-01-22T13:20:00.263+0000] {processor.py:925} INFO - DAG(s) 'latest_only' retrieved from /usr/local/python/3.12.1/lib/python3.12/site-packages/airflow/example_dags/example_latest_only.py
[2025-01-22T13:20:00.274+0000] {logging_mixin.py:190} INFO - [2025-01-22T13:20:00.273+0000] {dag.py:3239} INFO - Sync 1 DAGs
[2025-01-22T13:20:00.288+0000] {logging_mixin.py:190} INFO - [2025-01-22T13:20:00.288+0000] {dag.py:4180} INFO - Setting next_dagrun for latest_only to 2025-01-22 08:00:00+00:00, run_after=2025-01-22 12:00:00+00:00
[2025-01-22T13:20:00.303+0000] {processor.py:208} INFO - Processing /usr/local/python/3.12.1/lib/python3.12/site-packages/airflow/example_dags/example_latest_only.py took 0.051 seconds
[2025-01-22T13:20:48.783+0000] {processor.py:186} INFO - Started process (PID=21479) to work on /usr/local/python/3.12.1/lib/python3.12/site-packages/airflow/example_dags/example_latest_only.py
[2025-01-22T13:20:48.784+0000] {processor.py:914} INFO - Processing file /usr/local/python/3.12.1/lib/python3.12/site-packages/airflow/example_dags/example_latest_only.py for tasks to queue
[2025-01-22T13:20:48.785+0000] {logging_mixin.py:190} INFO - [2025-01-22T13:20:48.785+0000] {dagbag.py:588} INFO - Filling up the DagBag from /usr/local/python/3.12.1/lib/python3.12/site-packages/airflow/example_dags/example_latest_only.py
[2025-01-22T13:20:48.790+0000] {processor.py:925} INFO - DAG(s) 'latest_only' retrieved from /usr/local/python/3.12.1/lib/python3.12/site-packages/airflow/example_dags/example_latest_only.py
[2025-01-22T13:20:48.801+0000] {logging_mixin.py:190} INFO - [2025-01-22T13:20:48.800+0000] {dag.py:3239} INFO - Sync 1 DAGs
[2025-01-22T13:20:48.815+0000] {logging_mixin.py:190} INFO - [2025-01-22T13:20:48.814+0000] {dag.py:4180} INFO - Setting next_dagrun for latest_only to 2025-01-22 08:00:00+00:00, run_after=2025-01-22 12:00:00+00:00
[2025-01-22T13:20:48.828+0000] {processor.py:208} INFO - Processing /usr/local/python/3.12.1/lib/python3.12/site-packages/airflow/example_dags/example_latest_only.py took 0.049 seconds
