[2025-01-22T12:52:30.845+0000] {processor.py:186} INFO - Started process (PID=5247) to work on /usr/local/python/3.12.1/lib/python3.12/site-packages/airflow/example_dags/tutorial.py
[2025-01-22T12:52:30.845+0000] {processor.py:914} INFO - Processing file /usr/local/python/3.12.1/lib/python3.12/site-packages/airflow/example_dags/tutorial.py for tasks to queue
[2025-01-22T12:52:30.847+0000] {logging_mixin.py:190} INFO - [2025-01-22T12:52:30.846+0000] {dagbag.py:588} INFO - Filling up the DagBag from /usr/local/python/3.12.1/lib/python3.12/site-packages/airflow/example_dags/tutorial.py
[2025-01-22T12:52:30.853+0000] {processor.py:925} INFO - DAG(s) 'tutorial' retrieved from /usr/local/python/3.12.1/lib/python3.12/site-packages/airflow/example_dags/tutorial.py
[2025-01-22T12:52:30.930+0000] {logging_mixin.py:190} INFO - [2025-01-22T12:52:30.929+0000] {override.py:1911} INFO - Created Permission View: can delete on DAG:tutorial
[2025-01-22T12:52:30.937+0000] {logging_mixin.py:190} INFO - [2025-01-22T12:52:30.937+0000] {override.py:1911} INFO - Created Permission View: can edit on DAG:tutorial
[2025-01-22T12:52:30.942+0000] {logging_mixin.py:190} INFO - [2025-01-22T12:52:30.942+0000] {override.py:1911} INFO - Created Permission View: can read on DAG:tutorial
[2025-01-22T12:52:30.949+0000] {logging_mixin.py:190} INFO - [2025-01-22T12:52:30.949+0000] {override.py:1911} INFO - Created Permission View: can create on DAG Run:tutorial
[2025-01-22T12:52:30.954+0000] {logging_mixin.py:190} INFO - [2025-01-22T12:52:30.954+0000] {override.py:1911} INFO - Created Permission View: can read on DAG Run:tutorial
[2025-01-22T12:52:30.959+0000] {logging_mixin.py:190} INFO - [2025-01-22T12:52:30.959+0000] {override.py:1911} INFO - Created Permission View: menu access on DAG Run:tutorial
[2025-01-22T12:52:30.964+0000] {logging_mixin.py:190} INFO - [2025-01-22T12:52:30.964+0000] {override.py:1911} INFO - Created Permission View: can delete on DAG Run:tutorial
[2025-01-22T12:52:30.964+0000] {logging_mixin.py:190} INFO - [2025-01-22T12:52:30.964+0000] {dag.py:3239} INFO - Sync 1 DAGs
[2025-01-22T12:52:30.972+0000] {logging_mixin.py:190} INFO - [2025-01-22T12:52:30.972+0000] {dag.py:3262} INFO - Creating ORM DAG for tutorial
[2025-01-22T12:52:30.981+0000] {logging_mixin.py:190} INFO - [2025-01-22T12:52:30.981+0000] {dag.py:4180} INFO - Setting next_dagrun for tutorial to 2025-01-21 00:00:00+00:00, run_after=2025-01-22 00:00:00+00:00
[2025-01-22T12:52:30.995+0000] {processor.py:208} INFO - Processing /usr/local/python/3.12.1/lib/python3.12/site-packages/airflow/example_dags/tutorial.py took 0.154 seconds
[2025-01-22T12:53:33.127+0000] {processor.py:186} INFO - Started process (PID=6176) to work on /usr/local/python/3.12.1/lib/python3.12/site-packages/airflow/example_dags/tutorial.py
[2025-01-22T12:53:33.128+0000] {processor.py:914} INFO - Processing file /usr/local/python/3.12.1/lib/python3.12/site-packages/airflow/example_dags/tutorial.py for tasks to queue
[2025-01-22T12:53:33.129+0000] {logging_mixin.py:190} INFO - [2025-01-22T12:53:33.129+0000] {dagbag.py:588} INFO - Filling up the DagBag from /usr/local/python/3.12.1/lib/python3.12/site-packages/airflow/example_dags/tutorial.py
[2025-01-22T12:53:33.135+0000] {processor.py:925} INFO - DAG(s) 'tutorial' retrieved from /usr/local/python/3.12.1/lib/python3.12/site-packages/airflow/example_dags/tutorial.py
[2025-01-22T12:53:33.146+0000] {logging_mixin.py:190} INFO - [2025-01-22T12:53:33.146+0000] {dag.py:3239} INFO - Sync 1 DAGs
[2025-01-22T12:53:33.161+0000] {logging_mixin.py:190} INFO - [2025-01-22T12:53:33.161+0000] {dag.py:4180} INFO - Setting next_dagrun for tutorial to 2025-01-21 00:00:00+00:00, run_after=2025-01-22 00:00:00+00:00
[2025-01-22T12:53:33.176+0000] {processor.py:208} INFO - Processing /usr/local/python/3.12.1/lib/python3.12/site-packages/airflow/example_dags/tutorial.py took 0.053 seconds
[2025-01-22T12:54:25.650+0000] {processor.py:186} INFO - Started process (PID=6927) to work on /usr/local/python/3.12.1/lib/python3.12/site-packages/airflow/example_dags/tutorial.py
[2025-01-22T12:54:25.650+0000] {processor.py:914} INFO - Processing file /usr/local/python/3.12.1/lib/python3.12/site-packages/airflow/example_dags/tutorial.py for tasks to queue
[2025-01-22T12:54:25.652+0000] {logging_mixin.py:190} INFO - [2025-01-22T12:54:25.652+0000] {dagbag.py:588} INFO - Filling up the DagBag from /usr/local/python/3.12.1/lib/python3.12/site-packages/airflow/example_dags/tutorial.py
[2025-01-22T12:54:25.658+0000] {processor.py:925} INFO - DAG(s) 'tutorial' retrieved from /usr/local/python/3.12.1/lib/python3.12/site-packages/airflow/example_dags/tutorial.py
[2025-01-22T12:54:25.668+0000] {logging_mixin.py:190} INFO - [2025-01-22T12:54:25.668+0000] {dag.py:3239} INFO - Sync 1 DAGs
[2025-01-22T12:54:25.682+0000] {logging_mixin.py:190} INFO - [2025-01-22T12:54:25.682+0000] {dag.py:4180} INFO - Setting next_dagrun for tutorial to 2025-01-21 00:00:00+00:00, run_after=2025-01-22 00:00:00+00:00
[2025-01-22T12:54:25.696+0000] {processor.py:208} INFO - Processing /usr/local/python/3.12.1/lib/python3.12/site-packages/airflow/example_dags/tutorial.py took 0.050 seconds
[2025-01-22T12:55:17.869+0000] {processor.py:186} INFO - Started process (PID=7331) to work on /usr/local/python/3.12.1/lib/python3.12/site-packages/airflow/example_dags/tutorial.py
[2025-01-22T12:55:17.870+0000] {processor.py:914} INFO - Processing file /usr/local/python/3.12.1/lib/python3.12/site-packages/airflow/example_dags/tutorial.py for tasks to queue
[2025-01-22T12:55:17.871+0000] {logging_mixin.py:190} INFO - [2025-01-22T12:55:17.871+0000] {dagbag.py:588} INFO - Filling up the DagBag from /usr/local/python/3.12.1/lib/python3.12/site-packages/airflow/example_dags/tutorial.py
[2025-01-22T12:55:17.877+0000] {processor.py:925} INFO - DAG(s) 'tutorial' retrieved from /usr/local/python/3.12.1/lib/python3.12/site-packages/airflow/example_dags/tutorial.py
[2025-01-22T12:55:17.888+0000] {logging_mixin.py:190} INFO - [2025-01-22T12:55:17.888+0000] {dag.py:3239} INFO - Sync 1 DAGs
[2025-01-22T12:55:17.902+0000] {logging_mixin.py:190} INFO - [2025-01-22T12:55:17.902+0000] {dag.py:4180} INFO - Setting next_dagrun for tutorial to 2025-01-21 00:00:00+00:00, run_after=2025-01-22 00:00:00+00:00
[2025-01-22T12:55:17.917+0000] {processor.py:208} INFO - Processing /usr/local/python/3.12.1/lib/python3.12/site-packages/airflow/example_dags/tutorial.py took 0.051 seconds
[2025-01-22T12:56:10.368+0000] {processor.py:186} INFO - Started process (PID=7816) to work on /usr/local/python/3.12.1/lib/python3.12/site-packages/airflow/example_dags/tutorial.py
[2025-01-22T12:56:10.368+0000] {processor.py:914} INFO - Processing file /usr/local/python/3.12.1/lib/python3.12/site-packages/airflow/example_dags/tutorial.py for tasks to queue
[2025-01-22T12:56:10.370+0000] {logging_mixin.py:190} INFO - [2025-01-22T12:56:10.370+0000] {dagbag.py:588} INFO - Filling up the DagBag from /usr/local/python/3.12.1/lib/python3.12/site-packages/airflow/example_dags/tutorial.py
[2025-01-22T12:56:10.376+0000] {processor.py:925} INFO - DAG(s) 'tutorial' retrieved from /usr/local/python/3.12.1/lib/python3.12/site-packages/airflow/example_dags/tutorial.py
[2025-01-22T12:56:10.386+0000] {logging_mixin.py:190} INFO - [2025-01-22T12:56:10.386+0000] {dag.py:3239} INFO - Sync 1 DAGs
[2025-01-22T12:56:10.400+0000] {logging_mixin.py:190} INFO - [2025-01-22T12:56:10.400+0000] {dag.py:4180} INFO - Setting next_dagrun for tutorial to 2025-01-21 00:00:00+00:00, run_after=2025-01-22 00:00:00+00:00
[2025-01-22T12:56:10.415+0000] {processor.py:208} INFO - Processing /usr/local/python/3.12.1/lib/python3.12/site-packages/airflow/example_dags/tutorial.py took 0.051 seconds
[2025-01-22T12:57:01.801+0000] {processor.py:186} INFO - Started process (PID=8236) to work on /usr/local/python/3.12.1/lib/python3.12/site-packages/airflow/example_dags/tutorial.py
[2025-01-22T12:57:01.801+0000] {processor.py:914} INFO - Processing file /usr/local/python/3.12.1/lib/python3.12/site-packages/airflow/example_dags/tutorial.py for tasks to queue
[2025-01-22T12:57:01.803+0000] {logging_mixin.py:190} INFO - [2025-01-22T12:57:01.803+0000] {dagbag.py:588} INFO - Filling up the DagBag from /usr/local/python/3.12.1/lib/python3.12/site-packages/airflow/example_dags/tutorial.py
[2025-01-22T12:57:01.809+0000] {processor.py:925} INFO - DAG(s) 'tutorial' retrieved from /usr/local/python/3.12.1/lib/python3.12/site-packages/airflow/example_dags/tutorial.py
[2025-01-22T12:57:01.820+0000] {logging_mixin.py:190} INFO - [2025-01-22T12:57:01.819+0000] {dag.py:3239} INFO - Sync 1 DAGs
[2025-01-22T12:57:01.834+0000] {logging_mixin.py:190} INFO - [2025-01-22T12:57:01.834+0000] {dag.py:4180} INFO - Setting next_dagrun for tutorial to 2025-01-21 00:00:00+00:00, run_after=2025-01-22 00:00:00+00:00
[2025-01-22T12:57:01.848+0000] {processor.py:208} INFO - Processing /usr/local/python/3.12.1/lib/python3.12/site-packages/airflow/example_dags/tutorial.py took 0.052 seconds
[2025-01-22T12:57:52.033+0000] {processor.py:186} INFO - Started process (PID=8721) to work on /usr/local/python/3.12.1/lib/python3.12/site-packages/airflow/example_dags/tutorial.py
[2025-01-22T12:57:52.034+0000] {processor.py:914} INFO - Processing file /usr/local/python/3.12.1/lib/python3.12/site-packages/airflow/example_dags/tutorial.py for tasks to queue
[2025-01-22T12:57:52.036+0000] {logging_mixin.py:190} INFO - [2025-01-22T12:57:52.035+0000] {dagbag.py:588} INFO - Filling up the DagBag from /usr/local/python/3.12.1/lib/python3.12/site-packages/airflow/example_dags/tutorial.py
[2025-01-22T12:57:52.041+0000] {processor.py:925} INFO - DAG(s) 'tutorial' retrieved from /usr/local/python/3.12.1/lib/python3.12/site-packages/airflow/example_dags/tutorial.py
[2025-01-22T12:57:52.052+0000] {logging_mixin.py:190} INFO - [2025-01-22T12:57:52.052+0000] {dag.py:3239} INFO - Sync 1 DAGs
[2025-01-22T12:57:52.067+0000] {logging_mixin.py:190} INFO - [2025-01-22T12:57:52.067+0000] {dag.py:4180} INFO - Setting next_dagrun for tutorial to 2025-01-21 00:00:00+00:00, run_after=2025-01-22 00:00:00+00:00
[2025-01-22T12:57:52.081+0000] {processor.py:208} INFO - Processing /usr/local/python/3.12.1/lib/python3.12/site-packages/airflow/example_dags/tutorial.py took 0.052 seconds
[2025-01-22T12:58:41.123+0000] {processor.py:186} INFO - Started process (PID=9135) to work on /usr/local/python/3.12.1/lib/python3.12/site-packages/airflow/example_dags/tutorial.py
[2025-01-22T12:58:41.124+0000] {processor.py:914} INFO - Processing file /usr/local/python/3.12.1/lib/python3.12/site-packages/airflow/example_dags/tutorial.py for tasks to queue
[2025-01-22T12:58:41.126+0000] {logging_mixin.py:190} INFO - [2025-01-22T12:58:41.125+0000] {dagbag.py:588} INFO - Filling up the DagBag from /usr/local/python/3.12.1/lib/python3.12/site-packages/airflow/example_dags/tutorial.py
[2025-01-22T12:58:41.132+0000] {processor.py:925} INFO - DAG(s) 'tutorial' retrieved from /usr/local/python/3.12.1/lib/python3.12/site-packages/airflow/example_dags/tutorial.py
[2025-01-22T12:58:41.142+0000] {logging_mixin.py:190} INFO - [2025-01-22T12:58:41.142+0000] {dag.py:3239} INFO - Sync 1 DAGs
[2025-01-22T12:58:41.156+0000] {logging_mixin.py:190} INFO - [2025-01-22T12:58:41.156+0000] {dag.py:4180} INFO - Setting next_dagrun for tutorial to 2025-01-21 00:00:00+00:00, run_after=2025-01-22 00:00:00+00:00
[2025-01-22T12:58:41.171+0000] {processor.py:208} INFO - Processing /usr/local/python/3.12.1/lib/python3.12/site-packages/airflow/example_dags/tutorial.py took 0.052 seconds
[2025-01-22T12:59:32.474+0000] {processor.py:186} INFO - Started process (PID=9552) to work on /usr/local/python/3.12.1/lib/python3.12/site-packages/airflow/example_dags/tutorial.py
[2025-01-22T12:59:32.474+0000] {processor.py:914} INFO - Processing file /usr/local/python/3.12.1/lib/python3.12/site-packages/airflow/example_dags/tutorial.py for tasks to queue
[2025-01-22T12:59:32.476+0000] {logging_mixin.py:190} INFO - [2025-01-22T12:59:32.475+0000] {dagbag.py:588} INFO - Filling up the DagBag from /usr/local/python/3.12.1/lib/python3.12/site-packages/airflow/example_dags/tutorial.py
[2025-01-22T12:59:32.482+0000] {processor.py:925} INFO - DAG(s) 'tutorial' retrieved from /usr/local/python/3.12.1/lib/python3.12/site-packages/airflow/example_dags/tutorial.py
[2025-01-22T12:59:32.495+0000] {logging_mixin.py:190} INFO - [2025-01-22T12:59:32.495+0000] {dag.py:3239} INFO - Sync 1 DAGs
[2025-01-22T12:59:32.510+0000] {logging_mixin.py:190} INFO - [2025-01-22T12:59:32.509+0000] {dag.py:4180} INFO - Setting next_dagrun for tutorial to 2025-01-21 00:00:00+00:00, run_after=2025-01-22 00:00:00+00:00
[2025-01-22T12:59:32.524+0000] {processor.py:208} INFO - Processing /usr/local/python/3.12.1/lib/python3.12/site-packages/airflow/example_dags/tutorial.py took 0.055 seconds
[2025-01-22T13:00:23.733+0000] {processor.py:186} INFO - Started process (PID=9979) to work on /usr/local/python/3.12.1/lib/python3.12/site-packages/airflow/example_dags/tutorial.py
[2025-01-22T13:00:23.734+0000] {processor.py:914} INFO - Processing file /usr/local/python/3.12.1/lib/python3.12/site-packages/airflow/example_dags/tutorial.py for tasks to queue
[2025-01-22T13:00:23.736+0000] {logging_mixin.py:190} INFO - [2025-01-22T13:00:23.736+0000] {dagbag.py:588} INFO - Filling up the DagBag from /usr/local/python/3.12.1/lib/python3.12/site-packages/airflow/example_dags/tutorial.py
[2025-01-22T13:00:23.742+0000] {processor.py:925} INFO - DAG(s) 'tutorial' retrieved from /usr/local/python/3.12.1/lib/python3.12/site-packages/airflow/example_dags/tutorial.py
[2025-01-22T13:00:23.755+0000] {logging_mixin.py:190} INFO - [2025-01-22T13:00:23.755+0000] {dag.py:3239} INFO - Sync 1 DAGs
[2025-01-22T13:00:23.776+0000] {logging_mixin.py:190} INFO - [2025-01-22T13:00:23.776+0000] {dag.py:4180} INFO - Setting next_dagrun for tutorial to 2025-01-21 00:00:00+00:00, run_after=2025-01-22 00:00:00+00:00
[2025-01-22T13:00:23.790+0000] {processor.py:208} INFO - Processing /usr/local/python/3.12.1/lib/python3.12/site-packages/airflow/example_dags/tutorial.py took 0.061 seconds
[2025-01-22T13:01:16.669+0000] {processor.py:186} INFO - Started process (PID=10344) to work on /usr/local/python/3.12.1/lib/python3.12/site-packages/airflow/example_dags/tutorial.py
[2025-01-22T13:01:16.669+0000] {processor.py:914} INFO - Processing file /usr/local/python/3.12.1/lib/python3.12/site-packages/airflow/example_dags/tutorial.py for tasks to queue
[2025-01-22T13:01:16.671+0000] {logging_mixin.py:190} INFO - [2025-01-22T13:01:16.670+0000] {dagbag.py:588} INFO - Filling up the DagBag from /usr/local/python/3.12.1/lib/python3.12/site-packages/airflow/example_dags/tutorial.py
[2025-01-22T13:01:16.677+0000] {processor.py:925} INFO - DAG(s) 'tutorial' retrieved from /usr/local/python/3.12.1/lib/python3.12/site-packages/airflow/example_dags/tutorial.py
[2025-01-22T13:01:16.687+0000] {logging_mixin.py:190} INFO - [2025-01-22T13:01:16.687+0000] {dag.py:3239} INFO - Sync 1 DAGs
[2025-01-22T13:01:16.701+0000] {logging_mixin.py:190} INFO - [2025-01-22T13:01:16.701+0000] {dag.py:4180} INFO - Setting next_dagrun for tutorial to 2025-01-21 00:00:00+00:00, run_after=2025-01-22 00:00:00+00:00
[2025-01-22T13:01:16.714+0000] {processor.py:208} INFO - Processing /usr/local/python/3.12.1/lib/python3.12/site-packages/airflow/example_dags/tutorial.py took 0.050 seconds
[2025-01-22T13:02:09.507+0000] {processor.py:186} INFO - Started process (PID=10798) to work on /usr/local/python/3.12.1/lib/python3.12/site-packages/airflow/example_dags/tutorial.py
[2025-01-22T13:02:09.508+0000] {processor.py:914} INFO - Processing file /usr/local/python/3.12.1/lib/python3.12/site-packages/airflow/example_dags/tutorial.py for tasks to queue
[2025-01-22T13:02:09.510+0000] {logging_mixin.py:190} INFO - [2025-01-22T13:02:09.509+0000] {dagbag.py:588} INFO - Filling up the DagBag from /usr/local/python/3.12.1/lib/python3.12/site-packages/airflow/example_dags/tutorial.py
[2025-01-22T13:02:09.515+0000] {processor.py:925} INFO - DAG(s) 'tutorial' retrieved from /usr/local/python/3.12.1/lib/python3.12/site-packages/airflow/example_dags/tutorial.py
[2025-01-22T13:02:09.526+0000] {logging_mixin.py:190} INFO - [2025-01-22T13:02:09.525+0000] {dag.py:3239} INFO - Sync 1 DAGs
[2025-01-22T13:02:09.540+0000] {logging_mixin.py:190} INFO - [2025-01-22T13:02:09.540+0000] {dag.py:4180} INFO - Setting next_dagrun for tutorial to 2025-01-21 00:00:00+00:00, run_after=2025-01-22 00:00:00+00:00
[2025-01-22T13:02:09.554+0000] {processor.py:208} INFO - Processing /usr/local/python/3.12.1/lib/python3.12/site-packages/airflow/example_dags/tutorial.py took 0.050 seconds
[2025-01-22T13:02:55.249+0000] {processor.py:186} INFO - Started process (PID=11238) to work on /usr/local/python/3.12.1/lib/python3.12/site-packages/airflow/example_dags/tutorial.py
[2025-01-22T13:02:55.249+0000] {processor.py:914} INFO - Processing file /usr/local/python/3.12.1/lib/python3.12/site-packages/airflow/example_dags/tutorial.py for tasks to queue
[2025-01-22T13:02:55.251+0000] {logging_mixin.py:190} INFO - [2025-01-22T13:02:55.250+0000] {dagbag.py:588} INFO - Filling up the DagBag from /usr/local/python/3.12.1/lib/python3.12/site-packages/airflow/example_dags/tutorial.py
[2025-01-22T13:02:55.257+0000] {processor.py:925} INFO - DAG(s) 'tutorial' retrieved from /usr/local/python/3.12.1/lib/python3.12/site-packages/airflow/example_dags/tutorial.py
[2025-01-22T13:02:55.267+0000] {logging_mixin.py:190} INFO - [2025-01-22T13:02:55.267+0000] {dag.py:3239} INFO - Sync 1 DAGs
[2025-01-22T13:02:55.284+0000] {logging_mixin.py:190} INFO - [2025-01-22T13:02:55.284+0000] {dag.py:4180} INFO - Setting next_dagrun for tutorial to 2025-01-21 00:00:00+00:00, run_after=2025-01-22 00:00:00+00:00
[2025-01-22T13:02:55.303+0000] {processor.py:208} INFO - Processing /usr/local/python/3.12.1/lib/python3.12/site-packages/airflow/example_dags/tutorial.py took 0.059 seconds
[2025-01-22T13:03:45.092+0000] {processor.py:186} INFO - Started process (PID=11657) to work on /usr/local/python/3.12.1/lib/python3.12/site-packages/airflow/example_dags/tutorial.py
[2025-01-22T13:03:45.093+0000] {processor.py:914} INFO - Processing file /usr/local/python/3.12.1/lib/python3.12/site-packages/airflow/example_dags/tutorial.py for tasks to queue
[2025-01-22T13:03:45.094+0000] {logging_mixin.py:190} INFO - [2025-01-22T13:03:45.094+0000] {dagbag.py:588} INFO - Filling up the DagBag from /usr/local/python/3.12.1/lib/python3.12/site-packages/airflow/example_dags/tutorial.py
[2025-01-22T13:03:45.100+0000] {processor.py:925} INFO - DAG(s) 'tutorial' retrieved from /usr/local/python/3.12.1/lib/python3.12/site-packages/airflow/example_dags/tutorial.py
[2025-01-22T13:03:45.111+0000] {logging_mixin.py:190} INFO - [2025-01-22T13:03:45.111+0000] {dag.py:3239} INFO - Sync 1 DAGs
[2025-01-22T13:03:45.125+0000] {logging_mixin.py:190} INFO - [2025-01-22T13:03:45.125+0000] {dag.py:4180} INFO - Setting next_dagrun for tutorial to 2025-01-21 00:00:00+00:00, run_after=2025-01-22 00:00:00+00:00
[2025-01-22T13:03:45.140+0000] {processor.py:208} INFO - Processing /usr/local/python/3.12.1/lib/python3.12/site-packages/airflow/example_dags/tutorial.py took 0.051 seconds
[2025-01-22T13:04:37.587+0000] {processor.py:186} INFO - Started process (PID=12088) to work on /usr/local/python/3.12.1/lib/python3.12/site-packages/airflow/example_dags/tutorial.py
[2025-01-22T13:04:37.588+0000] {processor.py:914} INFO - Processing file /usr/local/python/3.12.1/lib/python3.12/site-packages/airflow/example_dags/tutorial.py for tasks to queue
[2025-01-22T13:04:37.589+0000] {logging_mixin.py:190} INFO - [2025-01-22T13:04:37.589+0000] {dagbag.py:588} INFO - Filling up the DagBag from /usr/local/python/3.12.1/lib/python3.12/site-packages/airflow/example_dags/tutorial.py
[2025-01-22T13:04:37.595+0000] {processor.py:925} INFO - DAG(s) 'tutorial' retrieved from /usr/local/python/3.12.1/lib/python3.12/site-packages/airflow/example_dags/tutorial.py
[2025-01-22T13:04:37.606+0000] {logging_mixin.py:190} INFO - [2025-01-22T13:04:37.606+0000] {dag.py:3239} INFO - Sync 1 DAGs
[2025-01-22T13:04:37.621+0000] {logging_mixin.py:190} INFO - [2025-01-22T13:04:37.620+0000] {dag.py:4180} INFO - Setting next_dagrun for tutorial to 2025-01-21 00:00:00+00:00, run_after=2025-01-22 00:00:00+00:00
[2025-01-22T13:04:37.634+0000] {processor.py:208} INFO - Processing /usr/local/python/3.12.1/lib/python3.12/site-packages/airflow/example_dags/tutorial.py took 0.051 seconds
[2025-01-22T13:05:28.665+0000] {processor.py:186} INFO - Started process (PID=12507) to work on /usr/local/python/3.12.1/lib/python3.12/site-packages/airflow/example_dags/tutorial.py
[2025-01-22T13:05:28.666+0000] {processor.py:914} INFO - Processing file /usr/local/python/3.12.1/lib/python3.12/site-packages/airflow/example_dags/tutorial.py for tasks to queue
[2025-01-22T13:05:28.667+0000] {logging_mixin.py:190} INFO - [2025-01-22T13:05:28.667+0000] {dagbag.py:588} INFO - Filling up the DagBag from /usr/local/python/3.12.1/lib/python3.12/site-packages/airflow/example_dags/tutorial.py
[2025-01-22T13:05:28.673+0000] {processor.py:925} INFO - DAG(s) 'tutorial' retrieved from /usr/local/python/3.12.1/lib/python3.12/site-packages/airflow/example_dags/tutorial.py
[2025-01-22T13:05:28.684+0000] {logging_mixin.py:190} INFO - [2025-01-22T13:05:28.684+0000] {dag.py:3239} INFO - Sync 1 DAGs
[2025-01-22T13:05:28.698+0000] {logging_mixin.py:190} INFO - [2025-01-22T13:05:28.698+0000] {dag.py:4180} INFO - Setting next_dagrun for tutorial to 2025-01-21 00:00:00+00:00, run_after=2025-01-22 00:00:00+00:00
[2025-01-22T13:05:28.712+0000] {processor.py:208} INFO - Processing /usr/local/python/3.12.1/lib/python3.12/site-packages/airflow/example_dags/tutorial.py took 0.051 seconds
[2025-01-22T13:06:20.208+0000] {processor.py:186} INFO - Started process (PID=12882) to work on /usr/local/python/3.12.1/lib/python3.12/site-packages/airflow/example_dags/tutorial.py
[2025-01-22T13:06:20.208+0000] {processor.py:914} INFO - Processing file /usr/local/python/3.12.1/lib/python3.12/site-packages/airflow/example_dags/tutorial.py for tasks to queue
[2025-01-22T13:06:20.210+0000] {logging_mixin.py:190} INFO - [2025-01-22T13:06:20.209+0000] {dagbag.py:588} INFO - Filling up the DagBag from /usr/local/python/3.12.1/lib/python3.12/site-packages/airflow/example_dags/tutorial.py
[2025-01-22T13:06:20.216+0000] {processor.py:925} INFO - DAG(s) 'tutorial' retrieved from /usr/local/python/3.12.1/lib/python3.12/site-packages/airflow/example_dags/tutorial.py
[2025-01-22T13:06:20.226+0000] {logging_mixin.py:190} INFO - [2025-01-22T13:06:20.226+0000] {dag.py:3239} INFO - Sync 1 DAGs
[2025-01-22T13:06:20.245+0000] {logging_mixin.py:190} INFO - [2025-01-22T13:06:20.245+0000] {dag.py:4180} INFO - Setting next_dagrun for tutorial to 2025-01-21 00:00:00+00:00, run_after=2025-01-22 00:00:00+00:00
[2025-01-22T13:06:20.259+0000] {processor.py:208} INFO - Processing /usr/local/python/3.12.1/lib/python3.12/site-packages/airflow/example_dags/tutorial.py took 0.055 seconds
[2025-01-22T13:07:06.485+0000] {processor.py:186} INFO - Started process (PID=13270) to work on /usr/local/python/3.12.1/lib/python3.12/site-packages/airflow/example_dags/tutorial.py
[2025-01-22T13:07:06.486+0000] {processor.py:914} INFO - Processing file /usr/local/python/3.12.1/lib/python3.12/site-packages/airflow/example_dags/tutorial.py for tasks to queue
[2025-01-22T13:07:06.488+0000] {logging_mixin.py:190} INFO - [2025-01-22T13:07:06.487+0000] {dagbag.py:588} INFO - Filling up the DagBag from /usr/local/python/3.12.1/lib/python3.12/site-packages/airflow/example_dags/tutorial.py
[2025-01-22T13:07:06.494+0000] {processor.py:925} INFO - DAG(s) 'tutorial' retrieved from /usr/local/python/3.12.1/lib/python3.12/site-packages/airflow/example_dags/tutorial.py
[2025-01-22T13:07:06.504+0000] {logging_mixin.py:190} INFO - [2025-01-22T13:07:06.504+0000] {dag.py:3239} INFO - Sync 1 DAGs
[2025-01-22T13:07:06.520+0000] {logging_mixin.py:190} INFO - [2025-01-22T13:07:06.519+0000] {dag.py:4180} INFO - Setting next_dagrun for tutorial to 2025-01-21 00:00:00+00:00, run_after=2025-01-22 00:00:00+00:00
[2025-01-22T13:07:06.540+0000] {processor.py:208} INFO - Processing /usr/local/python/3.12.1/lib/python3.12/site-packages/airflow/example_dags/tutorial.py took 0.059 seconds
[2025-01-22T13:07:56.680+0000] {processor.py:186} INFO - Started process (PID=13693) to work on /usr/local/python/3.12.1/lib/python3.12/site-packages/airflow/example_dags/tutorial.py
[2025-01-22T13:07:56.681+0000] {processor.py:914} INFO - Processing file /usr/local/python/3.12.1/lib/python3.12/site-packages/airflow/example_dags/tutorial.py for tasks to queue
[2025-01-22T13:07:56.682+0000] {logging_mixin.py:190} INFO - [2025-01-22T13:07:56.682+0000] {dagbag.py:588} INFO - Filling up the DagBag from /usr/local/python/3.12.1/lib/python3.12/site-packages/airflow/example_dags/tutorial.py
[2025-01-22T13:07:56.688+0000] {processor.py:925} INFO - DAG(s) 'tutorial' retrieved from /usr/local/python/3.12.1/lib/python3.12/site-packages/airflow/example_dags/tutorial.py
[2025-01-22T13:07:56.699+0000] {logging_mixin.py:190} INFO - [2025-01-22T13:07:56.699+0000] {dag.py:3239} INFO - Sync 1 DAGs
[2025-01-22T13:07:56.713+0000] {logging_mixin.py:190} INFO - [2025-01-22T13:07:56.713+0000] {dag.py:4180} INFO - Setting next_dagrun for tutorial to 2025-01-21 00:00:00+00:00, run_after=2025-01-22 00:00:00+00:00
[2025-01-22T13:07:56.728+0000] {processor.py:208} INFO - Processing /usr/local/python/3.12.1/lib/python3.12/site-packages/airflow/example_dags/tutorial.py took 0.051 seconds
[2025-01-22T13:08:52.814+0000] {processor.py:186} INFO - Started process (PID=14397) to work on /usr/local/python/3.12.1/lib/python3.12/site-packages/airflow/example_dags/tutorial.py
[2025-01-22T13:08:52.814+0000] {processor.py:914} INFO - Processing file /usr/local/python/3.12.1/lib/python3.12/site-packages/airflow/example_dags/tutorial.py for tasks to queue
[2025-01-22T13:08:52.816+0000] {logging_mixin.py:190} INFO - [2025-01-22T13:08:52.815+0000] {dagbag.py:588} INFO - Filling up the DagBag from /usr/local/python/3.12.1/lib/python3.12/site-packages/airflow/example_dags/tutorial.py
[2025-01-22T13:08:52.822+0000] {processor.py:925} INFO - DAG(s) 'tutorial' retrieved from /usr/local/python/3.12.1/lib/python3.12/site-packages/airflow/example_dags/tutorial.py
[2025-01-22T13:08:52.832+0000] {logging_mixin.py:190} INFO - [2025-01-22T13:08:52.832+0000] {dag.py:3239} INFO - Sync 1 DAGs
[2025-01-22T13:08:52.847+0000] {logging_mixin.py:190} INFO - [2025-01-22T13:08:52.846+0000] {dag.py:4180} INFO - Setting next_dagrun for tutorial to 2025-01-21 00:00:00+00:00, run_after=2025-01-22 00:00:00+00:00
[2025-01-22T13:08:52.861+0000] {processor.py:208} INFO - Processing /usr/local/python/3.12.1/lib/python3.12/site-packages/airflow/example_dags/tutorial.py took 0.051 seconds
[2025-01-22T13:09:42.454+0000] {processor.py:186} INFO - Started process (PID=14807) to work on /usr/local/python/3.12.1/lib/python3.12/site-packages/airflow/example_dags/tutorial.py
[2025-01-22T13:09:42.457+0000] {processor.py:914} INFO - Processing file /usr/local/python/3.12.1/lib/python3.12/site-packages/airflow/example_dags/tutorial.py for tasks to queue
[2025-01-22T13:09:42.458+0000] {logging_mixin.py:190} INFO - [2025-01-22T13:09:42.458+0000] {dagbag.py:588} INFO - Filling up the DagBag from /usr/local/python/3.12.1/lib/python3.12/site-packages/airflow/example_dags/tutorial.py
[2025-01-22T13:09:42.465+0000] {processor.py:925} INFO - DAG(s) 'tutorial' retrieved from /usr/local/python/3.12.1/lib/python3.12/site-packages/airflow/example_dags/tutorial.py
[2025-01-22T13:09:42.476+0000] {logging_mixin.py:190} INFO - [2025-01-22T13:09:42.475+0000] {dag.py:3239} INFO - Sync 1 DAGs
[2025-01-22T13:09:42.490+0000] {logging_mixin.py:190} INFO - [2025-01-22T13:09:42.490+0000] {dag.py:4180} INFO - Setting next_dagrun for tutorial to 2025-01-21 00:00:00+00:00, run_after=2025-01-22 00:00:00+00:00
[2025-01-22T13:09:42.505+0000] {processor.py:208} INFO - Processing /usr/local/python/3.12.1/lib/python3.12/site-packages/airflow/example_dags/tutorial.py took 0.055 seconds
[2025-01-22T13:10:31.573+0000] {processor.py:186} INFO - Started process (PID=15222) to work on /usr/local/python/3.12.1/lib/python3.12/site-packages/airflow/example_dags/tutorial.py
[2025-01-22T13:10:31.573+0000] {processor.py:914} INFO - Processing file /usr/local/python/3.12.1/lib/python3.12/site-packages/airflow/example_dags/tutorial.py for tasks to queue
[2025-01-22T13:10:31.575+0000] {logging_mixin.py:190} INFO - [2025-01-22T13:10:31.574+0000] {dagbag.py:588} INFO - Filling up the DagBag from /usr/local/python/3.12.1/lib/python3.12/site-packages/airflow/example_dags/tutorial.py
[2025-01-22T13:10:31.581+0000] {processor.py:925} INFO - DAG(s) 'tutorial' retrieved from /usr/local/python/3.12.1/lib/python3.12/site-packages/airflow/example_dags/tutorial.py
[2025-01-22T13:10:31.591+0000] {logging_mixin.py:190} INFO - [2025-01-22T13:10:31.591+0000] {dag.py:3239} INFO - Sync 1 DAGs
[2025-01-22T13:10:31.605+0000] {logging_mixin.py:190} INFO - [2025-01-22T13:10:31.605+0000] {dag.py:4180} INFO - Setting next_dagrun for tutorial to 2025-01-21 00:00:00+00:00, run_after=2025-01-22 00:00:00+00:00
[2025-01-22T13:10:31.619+0000] {processor.py:208} INFO - Processing /usr/local/python/3.12.1/lib/python3.12/site-packages/airflow/example_dags/tutorial.py took 0.051 seconds
[2025-01-22T13:11:21.855+0000] {processor.py:186} INFO - Started process (PID=15594) to work on /usr/local/python/3.12.1/lib/python3.12/site-packages/airflow/example_dags/tutorial.py
[2025-01-22T13:11:21.856+0000] {processor.py:914} INFO - Processing file /usr/local/python/3.12.1/lib/python3.12/site-packages/airflow/example_dags/tutorial.py for tasks to queue
[2025-01-22T13:11:21.857+0000] {logging_mixin.py:190} INFO - [2025-01-22T13:11:21.857+0000] {dagbag.py:588} INFO - Filling up the DagBag from /usr/local/python/3.12.1/lib/python3.12/site-packages/airflow/example_dags/tutorial.py
[2025-01-22T13:11:21.863+0000] {processor.py:925} INFO - DAG(s) 'tutorial' retrieved from /usr/local/python/3.12.1/lib/python3.12/site-packages/airflow/example_dags/tutorial.py
[2025-01-22T13:11:21.874+0000] {logging_mixin.py:190} INFO - [2025-01-22T13:11:21.874+0000] {dag.py:3239} INFO - Sync 1 DAGs
[2025-01-22T13:11:21.889+0000] {logging_mixin.py:190} INFO - [2025-01-22T13:11:21.889+0000] {dag.py:4180} INFO - Setting next_dagrun for tutorial to 2025-01-21 00:00:00+00:00, run_after=2025-01-22 00:00:00+00:00
[2025-01-22T13:11:21.904+0000] {processor.py:208} INFO - Processing /usr/local/python/3.12.1/lib/python3.12/site-packages/airflow/example_dags/tutorial.py took 0.053 seconds
[2025-01-22T13:12:12.026+0000] {processor.py:186} INFO - Started process (PID=15991) to work on /usr/local/python/3.12.1/lib/python3.12/site-packages/airflow/example_dags/tutorial.py
[2025-01-22T13:12:12.027+0000] {processor.py:914} INFO - Processing file /usr/local/python/3.12.1/lib/python3.12/site-packages/airflow/example_dags/tutorial.py for tasks to queue
[2025-01-22T13:12:12.028+0000] {logging_mixin.py:190} INFO - [2025-01-22T13:12:12.028+0000] {dagbag.py:588} INFO - Filling up the DagBag from /usr/local/python/3.12.1/lib/python3.12/site-packages/airflow/example_dags/tutorial.py
[2025-01-22T13:12:12.034+0000] {processor.py:925} INFO - DAG(s) 'tutorial' retrieved from /usr/local/python/3.12.1/lib/python3.12/site-packages/airflow/example_dags/tutorial.py
[2025-01-22T13:12:12.044+0000] {logging_mixin.py:190} INFO - [2025-01-22T13:12:12.044+0000] {dag.py:3239} INFO - Sync 1 DAGs
[2025-01-22T13:12:12.058+0000] {logging_mixin.py:190} INFO - [2025-01-22T13:12:12.058+0000] {dag.py:4180} INFO - Setting next_dagrun for tutorial to 2025-01-21 00:00:00+00:00, run_after=2025-01-22 00:00:00+00:00
[2025-01-22T13:12:12.072+0000] {processor.py:208} INFO - Processing /usr/local/python/3.12.1/lib/python3.12/site-packages/airflow/example_dags/tutorial.py took 0.050 seconds
[2025-01-22T13:13:03.413+0000] {processor.py:186} INFO - Started process (PID=16470) to work on /usr/local/python/3.12.1/lib/python3.12/site-packages/airflow/example_dags/tutorial.py
[2025-01-22T13:13:03.414+0000] {processor.py:914} INFO - Processing file /usr/local/python/3.12.1/lib/python3.12/site-packages/airflow/example_dags/tutorial.py for tasks to queue
[2025-01-22T13:13:03.416+0000] {logging_mixin.py:190} INFO - [2025-01-22T13:13:03.415+0000] {dagbag.py:588} INFO - Filling up the DagBag from /usr/local/python/3.12.1/lib/python3.12/site-packages/airflow/example_dags/tutorial.py
[2025-01-22T13:13:03.422+0000] {processor.py:925} INFO - DAG(s) 'tutorial' retrieved from /usr/local/python/3.12.1/lib/python3.12/site-packages/airflow/example_dags/tutorial.py
[2025-01-22T13:13:03.432+0000] {logging_mixin.py:190} INFO - [2025-01-22T13:13:03.432+0000] {dag.py:3239} INFO - Sync 1 DAGs
[2025-01-22T13:13:03.446+0000] {logging_mixin.py:190} INFO - [2025-01-22T13:13:03.446+0000] {dag.py:4180} INFO - Setting next_dagrun for tutorial to 2025-01-21 00:00:00+00:00, run_after=2025-01-22 00:00:00+00:00
[2025-01-22T13:13:03.461+0000] {processor.py:208} INFO - Processing /usr/local/python/3.12.1/lib/python3.12/site-packages/airflow/example_dags/tutorial.py took 0.052 seconds
[2025-01-22T13:13:55.968+0000] {processor.py:186} INFO - Started process (PID=16905) to work on /usr/local/python/3.12.1/lib/python3.12/site-packages/airflow/example_dags/tutorial.py
[2025-01-22T13:13:55.969+0000] {processor.py:914} INFO - Processing file /usr/local/python/3.12.1/lib/python3.12/site-packages/airflow/example_dags/tutorial.py for tasks to queue
[2025-01-22T13:13:55.970+0000] {logging_mixin.py:190} INFO - [2025-01-22T13:13:55.970+0000] {dagbag.py:588} INFO - Filling up the DagBag from /usr/local/python/3.12.1/lib/python3.12/site-packages/airflow/example_dags/tutorial.py
[2025-01-22T13:13:55.976+0000] {processor.py:925} INFO - DAG(s) 'tutorial' retrieved from /usr/local/python/3.12.1/lib/python3.12/site-packages/airflow/example_dags/tutorial.py
[2025-01-22T13:13:55.987+0000] {logging_mixin.py:190} INFO - [2025-01-22T13:13:55.987+0000] {dag.py:3239} INFO - Sync 1 DAGs
[2025-01-22T13:13:56.001+0000] {logging_mixin.py:190} INFO - [2025-01-22T13:13:56.001+0000] {dag.py:4180} INFO - Setting next_dagrun for tutorial to 2025-01-21 00:00:00+00:00, run_after=2025-01-22 00:00:00+00:00
[2025-01-22T13:13:56.016+0000] {processor.py:208} INFO - Processing /usr/local/python/3.12.1/lib/python3.12/site-packages/airflow/example_dags/tutorial.py took 0.052 seconds
[2025-01-22T13:14:48.659+0000] {processor.py:186} INFO - Started process (PID=17336) to work on /usr/local/python/3.12.1/lib/python3.12/site-packages/airflow/example_dags/tutorial.py
[2025-01-22T13:14:48.660+0000] {processor.py:914} INFO - Processing file /usr/local/python/3.12.1/lib/python3.12/site-packages/airflow/example_dags/tutorial.py for tasks to queue
[2025-01-22T13:14:48.662+0000] {logging_mixin.py:190} INFO - [2025-01-22T13:14:48.661+0000] {dagbag.py:588} INFO - Filling up the DagBag from /usr/local/python/3.12.1/lib/python3.12/site-packages/airflow/example_dags/tutorial.py
[2025-01-22T13:14:48.668+0000] {processor.py:925} INFO - DAG(s) 'tutorial' retrieved from /usr/local/python/3.12.1/lib/python3.12/site-packages/airflow/example_dags/tutorial.py
[2025-01-22T13:14:48.681+0000] {logging_mixin.py:190} INFO - [2025-01-22T13:14:48.681+0000] {dag.py:3239} INFO - Sync 1 DAGs
[2025-01-22T13:14:48.696+0000] {logging_mixin.py:190} INFO - [2025-01-22T13:14:48.696+0000] {dag.py:4180} INFO - Setting next_dagrun for tutorial to 2025-01-21 00:00:00+00:00, run_after=2025-01-22 00:00:00+00:00
[2025-01-22T13:14:48.711+0000] {processor.py:208} INFO - Processing /usr/local/python/3.12.1/lib/python3.12/site-packages/airflow/example_dags/tutorial.py took 0.056 seconds
[2025-01-22T13:15:37.738+0000] {processor.py:186} INFO - Started process (PID=17757) to work on /usr/local/python/3.12.1/lib/python3.12/site-packages/airflow/example_dags/tutorial.py
[2025-01-22T13:15:37.738+0000] {processor.py:914} INFO - Processing file /usr/local/python/3.12.1/lib/python3.12/site-packages/airflow/example_dags/tutorial.py for tasks to queue
[2025-01-22T13:15:37.740+0000] {logging_mixin.py:190} INFO - [2025-01-22T13:15:37.740+0000] {dagbag.py:588} INFO - Filling up the DagBag from /usr/local/python/3.12.1/lib/python3.12/site-packages/airflow/example_dags/tutorial.py
[2025-01-22T13:15:37.746+0000] {processor.py:925} INFO - DAG(s) 'tutorial' retrieved from /usr/local/python/3.12.1/lib/python3.12/site-packages/airflow/example_dags/tutorial.py
[2025-01-22T13:15:37.757+0000] {logging_mixin.py:190} INFO - [2025-01-22T13:15:37.756+0000] {dag.py:3239} INFO - Sync 1 DAGs
[2025-01-22T13:15:37.771+0000] {logging_mixin.py:190} INFO - [2025-01-22T13:15:37.770+0000] {dag.py:4180} INFO - Setting next_dagrun for tutorial to 2025-01-21 00:00:00+00:00, run_after=2025-01-22 00:00:00+00:00
[2025-01-22T13:15:37.785+0000] {processor.py:208} INFO - Processing /usr/local/python/3.12.1/lib/python3.12/site-packages/airflow/example_dags/tutorial.py took 0.051 seconds
[2025-01-22T13:16:27.285+0000] {processor.py:186} INFO - Started process (PID=18167) to work on /usr/local/python/3.12.1/lib/python3.12/site-packages/airflow/example_dags/tutorial.py
[2025-01-22T13:16:27.286+0000] {processor.py:914} INFO - Processing file /usr/local/python/3.12.1/lib/python3.12/site-packages/airflow/example_dags/tutorial.py for tasks to queue
[2025-01-22T13:16:27.287+0000] {logging_mixin.py:190} INFO - [2025-01-22T13:16:27.287+0000] {dagbag.py:588} INFO - Filling up the DagBag from /usr/local/python/3.12.1/lib/python3.12/site-packages/airflow/example_dags/tutorial.py
[2025-01-22T13:16:27.293+0000] {processor.py:925} INFO - DAG(s) 'tutorial' retrieved from /usr/local/python/3.12.1/lib/python3.12/site-packages/airflow/example_dags/tutorial.py
[2025-01-22T13:16:27.304+0000] {logging_mixin.py:190} INFO - [2025-01-22T13:16:27.304+0000] {dag.py:3239} INFO - Sync 1 DAGs
[2025-01-22T13:16:27.320+0000] {logging_mixin.py:190} INFO - [2025-01-22T13:16:27.320+0000] {dag.py:4180} INFO - Setting next_dagrun for tutorial to 2025-01-21 00:00:00+00:00, run_after=2025-01-22 00:00:00+00:00
[2025-01-22T13:16:27.335+0000] {processor.py:208} INFO - Processing /usr/local/python/3.12.1/lib/python3.12/site-packages/airflow/example_dags/tutorial.py took 0.056 seconds
[2025-01-22T13:17:20.225+0000] {processor.py:186} INFO - Started process (PID=18541) to work on /usr/local/python/3.12.1/lib/python3.12/site-packages/airflow/example_dags/tutorial.py
[2025-01-22T13:17:20.225+0000] {processor.py:914} INFO - Processing file /usr/local/python/3.12.1/lib/python3.12/site-packages/airflow/example_dags/tutorial.py for tasks to queue
[2025-01-22T13:17:20.227+0000] {logging_mixin.py:190} INFO - [2025-01-22T13:17:20.227+0000] {dagbag.py:588} INFO - Filling up the DagBag from /usr/local/python/3.12.1/lib/python3.12/site-packages/airflow/example_dags/tutorial.py
[2025-01-22T13:17:20.233+0000] {processor.py:925} INFO - DAG(s) 'tutorial' retrieved from /usr/local/python/3.12.1/lib/python3.12/site-packages/airflow/example_dags/tutorial.py
[2025-01-22T13:17:20.244+0000] {logging_mixin.py:190} INFO - [2025-01-22T13:17:20.244+0000] {dag.py:3239} INFO - Sync 1 DAGs
[2025-01-22T13:17:20.258+0000] {logging_mixin.py:190} INFO - [2025-01-22T13:17:20.258+0000] {dag.py:4180} INFO - Setting next_dagrun for tutorial to 2025-01-21 00:00:00+00:00, run_after=2025-01-22 00:00:00+00:00
[2025-01-22T13:17:20.273+0000] {processor.py:208} INFO - Processing /usr/local/python/3.12.1/lib/python3.12/site-packages/airflow/example_dags/tutorial.py took 0.052 seconds
[2025-01-22T13:18:11.510+0000] {processor.py:186} INFO - Started process (PID=19020) to work on /usr/local/python/3.12.1/lib/python3.12/site-packages/airflow/example_dags/tutorial.py
[2025-01-22T13:18:11.511+0000] {processor.py:914} INFO - Processing file /usr/local/python/3.12.1/lib/python3.12/site-packages/airflow/example_dags/tutorial.py for tasks to queue
[2025-01-22T13:18:11.513+0000] {logging_mixin.py:190} INFO - [2025-01-22T13:18:11.512+0000] {dagbag.py:588} INFO - Filling up the DagBag from /usr/local/python/3.12.1/lib/python3.12/site-packages/airflow/example_dags/tutorial.py
[2025-01-22T13:18:11.519+0000] {processor.py:925} INFO - DAG(s) 'tutorial' retrieved from /usr/local/python/3.12.1/lib/python3.12/site-packages/airflow/example_dags/tutorial.py
[2025-01-22T13:18:11.529+0000] {logging_mixin.py:190} INFO - [2025-01-22T13:18:11.529+0000] {dag.py:3239} INFO - Sync 1 DAGs
[2025-01-22T13:18:11.543+0000] {logging_mixin.py:190} INFO - [2025-01-22T13:18:11.543+0000] {dag.py:4180} INFO - Setting next_dagrun for tutorial to 2025-01-21 00:00:00+00:00, run_after=2025-01-22 00:00:00+00:00
[2025-01-22T13:18:11.563+0000] {processor.py:208} INFO - Processing /usr/local/python/3.12.1/lib/python3.12/site-packages/airflow/example_dags/tutorial.py took 0.056 seconds
[2025-01-22T13:19:01.086+0000] {processor.py:186} INFO - Started process (PID=19743) to work on /usr/local/python/3.12.1/lib/python3.12/site-packages/airflow/example_dags/tutorial.py
[2025-01-22T13:19:01.086+0000] {processor.py:914} INFO - Processing file /usr/local/python/3.12.1/lib/python3.12/site-packages/airflow/example_dags/tutorial.py for tasks to queue
[2025-01-22T13:19:01.088+0000] {logging_mixin.py:190} INFO - [2025-01-22T13:19:01.088+0000] {dagbag.py:588} INFO - Filling up the DagBag from /usr/local/python/3.12.1/lib/python3.12/site-packages/airflow/example_dags/tutorial.py
[2025-01-22T13:19:01.094+0000] {processor.py:925} INFO - DAG(s) 'tutorial' retrieved from /usr/local/python/3.12.1/lib/python3.12/site-packages/airflow/example_dags/tutorial.py
[2025-01-22T13:19:01.106+0000] {logging_mixin.py:190} INFO - [2025-01-22T13:19:01.106+0000] {dag.py:3239} INFO - Sync 1 DAGs
[2025-01-22T13:19:01.121+0000] {logging_mixin.py:190} INFO - [2025-01-22T13:19:01.121+0000] {dag.py:4180} INFO - Setting next_dagrun for tutorial to 2025-01-21 00:00:00+00:00, run_after=2025-01-22 00:00:00+00:00
[2025-01-22T13:19:01.137+0000] {processor.py:208} INFO - Processing /usr/local/python/3.12.1/lib/python3.12/site-packages/airflow/example_dags/tutorial.py took 0.055 seconds
[2025-01-22T13:19:51.107+0000] {processor.py:186} INFO - Started process (PID=20709) to work on /usr/local/python/3.12.1/lib/python3.12/site-packages/airflow/example_dags/tutorial.py
[2025-01-22T13:19:51.107+0000] {processor.py:914} INFO - Processing file /usr/local/python/3.12.1/lib/python3.12/site-packages/airflow/example_dags/tutorial.py for tasks to queue
[2025-01-22T13:19:51.109+0000] {logging_mixin.py:190} INFO - [2025-01-22T13:19:51.108+0000] {dagbag.py:588} INFO - Filling up the DagBag from /usr/local/python/3.12.1/lib/python3.12/site-packages/airflow/example_dags/tutorial.py
[2025-01-22T13:19:51.115+0000] {processor.py:925} INFO - DAG(s) 'tutorial' retrieved from /usr/local/python/3.12.1/lib/python3.12/site-packages/airflow/example_dags/tutorial.py
[2025-01-22T13:19:51.125+0000] {logging_mixin.py:190} INFO - [2025-01-22T13:19:51.125+0000] {dag.py:3239} INFO - Sync 1 DAGs
[2025-01-22T13:19:51.140+0000] {logging_mixin.py:190} INFO - [2025-01-22T13:19:51.139+0000] {dag.py:4180} INFO - Setting next_dagrun for tutorial to 2025-01-21 00:00:00+00:00, run_after=2025-01-22 00:00:00+00:00
[2025-01-22T13:19:51.155+0000] {processor.py:208} INFO - Processing /usr/local/python/3.12.1/lib/python3.12/site-packages/airflow/example_dags/tutorial.py took 0.053 seconds
[2025-01-22T13:20:40.233+0000] {processor.py:186} INFO - Started process (PID=21415) to work on /usr/local/python/3.12.1/lib/python3.12/site-packages/airflow/example_dags/tutorial.py
[2025-01-22T13:20:40.234+0000] {processor.py:914} INFO - Processing file /usr/local/python/3.12.1/lib/python3.12/site-packages/airflow/example_dags/tutorial.py for tasks to queue
[2025-01-22T13:20:40.235+0000] {logging_mixin.py:190} INFO - [2025-01-22T13:20:40.235+0000] {dagbag.py:588} INFO - Filling up the DagBag from /usr/local/python/3.12.1/lib/python3.12/site-packages/airflow/example_dags/tutorial.py
[2025-01-22T13:20:40.241+0000] {processor.py:925} INFO - DAG(s) 'tutorial' retrieved from /usr/local/python/3.12.1/lib/python3.12/site-packages/airflow/example_dags/tutorial.py
[2025-01-22T13:20:40.252+0000] {logging_mixin.py:190} INFO - [2025-01-22T13:20:40.252+0000] {dag.py:3239} INFO - Sync 1 DAGs
[2025-01-22T13:20:40.267+0000] {logging_mixin.py:190} INFO - [2025-01-22T13:20:40.267+0000] {dag.py:4180} INFO - Setting next_dagrun for tutorial to 2025-01-21 00:00:00+00:00, run_after=2025-01-22 00:00:00+00:00
[2025-01-22T13:20:40.284+0000] {processor.py:208} INFO - Processing /usr/local/python/3.12.1/lib/python3.12/site-packages/airflow/example_dags/tutorial.py took 0.055 seconds
[2025-01-22T13:21:28.877+0000] {processor.py:186} INFO - Started process (PID=21905) to work on /usr/local/python/3.12.1/lib/python3.12/site-packages/airflow/example_dags/tutorial.py
[2025-01-22T13:21:28.877+0000] {processor.py:914} INFO - Processing file /usr/local/python/3.12.1/lib/python3.12/site-packages/airflow/example_dags/tutorial.py for tasks to queue
[2025-01-22T13:21:28.879+0000] {logging_mixin.py:190} INFO - [2025-01-22T13:21:28.878+0000] {dagbag.py:588} INFO - Filling up the DagBag from /usr/local/python/3.12.1/lib/python3.12/site-packages/airflow/example_dags/tutorial.py
[2025-01-22T13:21:28.885+0000] {processor.py:925} INFO - DAG(s) 'tutorial' retrieved from /usr/local/python/3.12.1/lib/python3.12/site-packages/airflow/example_dags/tutorial.py
[2025-01-22T13:21:28.896+0000] {logging_mixin.py:190} INFO - [2025-01-22T13:21:28.896+0000] {dag.py:3239} INFO - Sync 1 DAGs
[2025-01-22T13:21:28.910+0000] {logging_mixin.py:190} INFO - [2025-01-22T13:21:28.910+0000] {dag.py:4180} INFO - Setting next_dagrun for tutorial to 2025-01-21 00:00:00+00:00, run_after=2025-01-22 00:00:00+00:00
[2025-01-22T13:21:28.924+0000] {processor.py:208} INFO - Processing /usr/local/python/3.12.1/lib/python3.12/site-packages/airflow/example_dags/tutorial.py took 0.051 seconds
