[2025-01-22T12:52:19.725+0000] {processor.py:186} INFO - Started process (PID=5052) to work on /usr/local/python/3.12.1/lib/python3.12/site-packages/airflow/example_dags/tutorial_taskflow_templates.py
[2025-01-22T12:52:19.726+0000] {processor.py:914} INFO - Processing file /usr/local/python/3.12.1/lib/python3.12/site-packages/airflow/example_dags/tutorial_taskflow_templates.py for tasks to queue
[2025-01-22T12:52:19.728+0000] {logging_mixin.py:190} INFO - [2025-01-22T12:52:19.727+0000] {dagbag.py:588} INFO - Filling up the DagBag from /usr/local/python/3.12.1/lib/python3.12/site-packages/airflow/example_dags/tutorial_taskflow_templates.py
[2025-01-22T12:52:19.743+0000] {processor.py:925} INFO - DAG(s) 'tutorial_taskflow_templates' retrieved from /usr/local/python/3.12.1/lib/python3.12/site-packages/airflow/example_dags/tutorial_taskflow_templates.py
[2025-01-22T12:52:19.874+0000] {logging_mixin.py:190} INFO - [2025-01-22T12:52:19.873+0000] {override.py:1911} INFO - Created Permission View: can delete on DAG:tutorial_taskflow_templates
[2025-01-22T12:52:19.885+0000] {logging_mixin.py:190} INFO - [2025-01-22T12:52:19.884+0000] {override.py:1911} INFO - Created Permission View: can edit on DAG:tutorial_taskflow_templates
[2025-01-22T12:52:19.892+0000] {logging_mixin.py:190} INFO - [2025-01-22T12:52:19.891+0000] {override.py:1911} INFO - Created Permission View: can read on DAG:tutorial_taskflow_templates
[2025-01-22T12:52:19.902+0000] {logging_mixin.py:190} INFO - [2025-01-22T12:52:19.902+0000] {override.py:1911} INFO - Created Permission View: can create on DAG Run:tutorial_taskflow_templates
[2025-01-22T12:52:19.922+0000] {logging_mixin.py:190} INFO - [2025-01-22T12:52:19.921+0000] {override.py:1911} INFO - Created Permission View: can read on DAG Run:tutorial_taskflow_templates
[2025-01-22T12:52:19.930+0000] {logging_mixin.py:190} INFO - [2025-01-22T12:52:19.930+0000] {override.py:1911} INFO - Created Permission View: menu access on DAG Run:tutorial_taskflow_templates
[2025-01-22T12:52:19.937+0000] {logging_mixin.py:190} INFO - [2025-01-22T12:52:19.937+0000] {override.py:1911} INFO - Created Permission View: can delete on DAG Run:tutorial_taskflow_templates
[2025-01-22T12:52:19.938+0000] {logging_mixin.py:190} INFO - [2025-01-22T12:52:19.938+0000] {dag.py:3239} INFO - Sync 1 DAGs
[2025-01-22T12:52:19.951+0000] {logging_mixin.py:190} INFO - [2025-01-22T12:52:19.950+0000] {dag.py:3262} INFO - Creating ORM DAG for tutorial_taskflow_templates
[2025-01-22T12:52:19.961+0000] {logging_mixin.py:190} INFO - [2025-01-22T12:52:19.961+0000] {dag.py:4180} INFO - Setting next_dagrun for tutorial_taskflow_templates to 2025-01-21 00:00:00+00:00, run_after=2025-01-22 00:00:00+00:00
[2025-01-22T12:52:19.980+0000] {processor.py:208} INFO - Processing /usr/local/python/3.12.1/lib/python3.12/site-packages/airflow/example_dags/tutorial_taskflow_templates.py took 0.260 seconds
[2025-01-22T12:53:24.081+0000] {processor.py:186} INFO - Started process (PID=5989) to work on /usr/local/python/3.12.1/lib/python3.12/site-packages/airflow/example_dags/tutorial_taskflow_templates.py
[2025-01-22T12:53:24.082+0000] {processor.py:914} INFO - Processing file /usr/local/python/3.12.1/lib/python3.12/site-packages/airflow/example_dags/tutorial_taskflow_templates.py for tasks to queue
[2025-01-22T12:53:24.083+0000] {logging_mixin.py:190} INFO - [2025-01-22T12:53:24.083+0000] {dagbag.py:588} INFO - Filling up the DagBag from /usr/local/python/3.12.1/lib/python3.12/site-packages/airflow/example_dags/tutorial_taskflow_templates.py
[2025-01-22T12:53:24.095+0000] {processor.py:925} INFO - DAG(s) 'tutorial_taskflow_templates' retrieved from /usr/local/python/3.12.1/lib/python3.12/site-packages/airflow/example_dags/tutorial_taskflow_templates.py
[2025-01-22T12:53:24.107+0000] {logging_mixin.py:190} INFO - [2025-01-22T12:53:24.107+0000] {dag.py:3239} INFO - Sync 1 DAGs
[2025-01-22T12:53:24.122+0000] {logging_mixin.py:190} INFO - [2025-01-22T12:53:24.121+0000] {dag.py:4180} INFO - Setting next_dagrun for tutorial_taskflow_templates to 2025-01-21 00:00:00+00:00, run_after=2025-01-22 00:00:00+00:00
[2025-01-22T12:53:24.136+0000] {processor.py:208} INFO - Processing /usr/local/python/3.12.1/lib/python3.12/site-packages/airflow/example_dags/tutorial_taskflow_templates.py took 0.059 seconds
[2025-01-22T12:54:17.640+0000] {processor.py:186} INFO - Started process (PID=6783) to work on /usr/local/python/3.12.1/lib/python3.12/site-packages/airflow/example_dags/tutorial_taskflow_templates.py
[2025-01-22T12:54:17.641+0000] {processor.py:914} INFO - Processing file /usr/local/python/3.12.1/lib/python3.12/site-packages/airflow/example_dags/tutorial_taskflow_templates.py for tasks to queue
[2025-01-22T12:54:17.642+0000] {logging_mixin.py:190} INFO - [2025-01-22T12:54:17.642+0000] {dagbag.py:588} INFO - Filling up the DagBag from /usr/local/python/3.12.1/lib/python3.12/site-packages/airflow/example_dags/tutorial_taskflow_templates.py
[2025-01-22T12:54:17.652+0000] {processor.py:925} INFO - DAG(s) 'tutorial_taskflow_templates' retrieved from /usr/local/python/3.12.1/lib/python3.12/site-packages/airflow/example_dags/tutorial_taskflow_templates.py
[2025-01-22T12:54:17.663+0000] {logging_mixin.py:190} INFO - [2025-01-22T12:54:17.662+0000] {dag.py:3239} INFO - Sync 1 DAGs
[2025-01-22T12:54:17.677+0000] {logging_mixin.py:190} INFO - [2025-01-22T12:54:17.677+0000] {dag.py:4180} INFO - Setting next_dagrun for tutorial_taskflow_templates to 2025-01-21 00:00:00+00:00, run_after=2025-01-22 00:00:00+00:00
[2025-01-22T12:54:17.691+0000] {processor.py:208} INFO - Processing /usr/local/python/3.12.1/lib/python3.12/site-packages/airflow/example_dags/tutorial_taskflow_templates.py took 0.055 seconds
[2025-01-22T12:55:08.635+0000] {processor.py:186} INFO - Started process (PID=7257) to work on /usr/local/python/3.12.1/lib/python3.12/site-packages/airflow/example_dags/tutorial_taskflow_templates.py
[2025-01-22T12:55:08.636+0000] {processor.py:914} INFO - Processing file /usr/local/python/3.12.1/lib/python3.12/site-packages/airflow/example_dags/tutorial_taskflow_templates.py for tasks to queue
[2025-01-22T12:55:08.637+0000] {logging_mixin.py:190} INFO - [2025-01-22T12:55:08.637+0000] {dagbag.py:588} INFO - Filling up the DagBag from /usr/local/python/3.12.1/lib/python3.12/site-packages/airflow/example_dags/tutorial_taskflow_templates.py
[2025-01-22T12:55:08.647+0000] {processor.py:925} INFO - DAG(s) 'tutorial_taskflow_templates' retrieved from /usr/local/python/3.12.1/lib/python3.12/site-packages/airflow/example_dags/tutorial_taskflow_templates.py
[2025-01-22T12:55:08.658+0000] {logging_mixin.py:190} INFO - [2025-01-22T12:55:08.658+0000] {dag.py:3239} INFO - Sync 1 DAGs
[2025-01-22T12:55:08.675+0000] {logging_mixin.py:190} INFO - [2025-01-22T12:55:08.675+0000] {dag.py:4180} INFO - Setting next_dagrun for tutorial_taskflow_templates to 2025-01-21 00:00:00+00:00, run_after=2025-01-22 00:00:00+00:00
[2025-01-22T12:55:08.694+0000] {processor.py:208} INFO - Processing /usr/local/python/3.12.1/lib/python3.12/site-packages/airflow/example_dags/tutorial_taskflow_templates.py took 0.062 seconds
[2025-01-22T12:56:00.184+0000] {processor.py:186} INFO - Started process (PID=7746) to work on /usr/local/python/3.12.1/lib/python3.12/site-packages/airflow/example_dags/tutorial_taskflow_templates.py
[2025-01-22T12:56:00.185+0000] {processor.py:914} INFO - Processing file /usr/local/python/3.12.1/lib/python3.12/site-packages/airflow/example_dags/tutorial_taskflow_templates.py for tasks to queue
[2025-01-22T12:56:00.186+0000] {logging_mixin.py:190} INFO - [2025-01-22T12:56:00.186+0000] {dagbag.py:588} INFO - Filling up the DagBag from /usr/local/python/3.12.1/lib/python3.12/site-packages/airflow/example_dags/tutorial_taskflow_templates.py
[2025-01-22T12:56:00.196+0000] {processor.py:925} INFO - DAG(s) 'tutorial_taskflow_templates' retrieved from /usr/local/python/3.12.1/lib/python3.12/site-packages/airflow/example_dags/tutorial_taskflow_templates.py
[2025-01-22T12:56:00.208+0000] {logging_mixin.py:190} INFO - [2025-01-22T12:56:00.207+0000] {dag.py:3239} INFO - Sync 1 DAGs
[2025-01-22T12:56:00.223+0000] {logging_mixin.py:190} INFO - [2025-01-22T12:56:00.222+0000] {dag.py:4180} INFO - Setting next_dagrun for tutorial_taskflow_templates to 2025-01-21 00:00:00+00:00, run_after=2025-01-22 00:00:00+00:00
[2025-01-22T12:56:00.237+0000] {processor.py:208} INFO - Processing /usr/local/python/3.12.1/lib/python3.12/site-packages/airflow/example_dags/tutorial_taskflow_templates.py took 0.056 seconds
[2025-01-22T12:56:52.130+0000] {processor.py:186} INFO - Started process (PID=8169) to work on /usr/local/python/3.12.1/lib/python3.12/site-packages/airflow/example_dags/tutorial_taskflow_templates.py
[2025-01-22T12:56:52.130+0000] {processor.py:914} INFO - Processing file /usr/local/python/3.12.1/lib/python3.12/site-packages/airflow/example_dags/tutorial_taskflow_templates.py for tasks to queue
[2025-01-22T12:56:52.132+0000] {logging_mixin.py:190} INFO - [2025-01-22T12:56:52.132+0000] {dagbag.py:588} INFO - Filling up the DagBag from /usr/local/python/3.12.1/lib/python3.12/site-packages/airflow/example_dags/tutorial_taskflow_templates.py
[2025-01-22T12:56:52.141+0000] {processor.py:925} INFO - DAG(s) 'tutorial_taskflow_templates' retrieved from /usr/local/python/3.12.1/lib/python3.12/site-packages/airflow/example_dags/tutorial_taskflow_templates.py
[2025-01-22T12:56:52.152+0000] {logging_mixin.py:190} INFO - [2025-01-22T12:56:52.152+0000] {dag.py:3239} INFO - Sync 1 DAGs
[2025-01-22T12:56:52.167+0000] {logging_mixin.py:190} INFO - [2025-01-22T12:56:52.167+0000] {dag.py:4180} INFO - Setting next_dagrun for tutorial_taskflow_templates to 2025-01-21 00:00:00+00:00, run_after=2025-01-22 00:00:00+00:00
[2025-01-22T12:56:52.181+0000] {processor.py:208} INFO - Processing /usr/local/python/3.12.1/lib/python3.12/site-packages/airflow/example_dags/tutorial_taskflow_templates.py took 0.055 seconds
[2025-01-22T12:57:42.890+0000] {processor.py:186} INFO - Started process (PID=8648) to work on /usr/local/python/3.12.1/lib/python3.12/site-packages/airflow/example_dags/tutorial_taskflow_templates.py
[2025-01-22T12:57:42.890+0000] {processor.py:914} INFO - Processing file /usr/local/python/3.12.1/lib/python3.12/site-packages/airflow/example_dags/tutorial_taskflow_templates.py for tasks to queue
[2025-01-22T12:57:42.892+0000] {logging_mixin.py:190} INFO - [2025-01-22T12:57:42.892+0000] {dagbag.py:588} INFO - Filling up the DagBag from /usr/local/python/3.12.1/lib/python3.12/site-packages/airflow/example_dags/tutorial_taskflow_templates.py
[2025-01-22T12:57:42.902+0000] {processor.py:925} INFO - DAG(s) 'tutorial_taskflow_templates' retrieved from /usr/local/python/3.12.1/lib/python3.12/site-packages/airflow/example_dags/tutorial_taskflow_templates.py
[2025-01-22T12:57:42.913+0000] {logging_mixin.py:190} INFO - [2025-01-22T12:57:42.913+0000] {dag.py:3239} INFO - Sync 1 DAGs
[2025-01-22T12:57:42.929+0000] {logging_mixin.py:190} INFO - [2025-01-22T12:57:42.928+0000] {dag.py:4180} INFO - Setting next_dagrun for tutorial_taskflow_templates to 2025-01-21 00:00:00+00:00, run_after=2025-01-22 00:00:00+00:00
[2025-01-22T12:57:42.947+0000] {processor.py:208} INFO - Processing /usr/local/python/3.12.1/lib/python3.12/site-packages/airflow/example_dags/tutorial_taskflow_templates.py took 0.061 seconds
[2025-01-22T12:58:31.977+0000] {processor.py:186} INFO - Started process (PID=9069) to work on /usr/local/python/3.12.1/lib/python3.12/site-packages/airflow/example_dags/tutorial_taskflow_templates.py
[2025-01-22T12:58:31.978+0000] {processor.py:914} INFO - Processing file /usr/local/python/3.12.1/lib/python3.12/site-packages/airflow/example_dags/tutorial_taskflow_templates.py for tasks to queue
[2025-01-22T12:58:31.980+0000] {logging_mixin.py:190} INFO - [2025-01-22T12:58:31.980+0000] {dagbag.py:588} INFO - Filling up the DagBag from /usr/local/python/3.12.1/lib/python3.12/site-packages/airflow/example_dags/tutorial_taskflow_templates.py
[2025-01-22T12:58:31.991+0000] {processor.py:925} INFO - DAG(s) 'tutorial_taskflow_templates' retrieved from /usr/local/python/3.12.1/lib/python3.12/site-packages/airflow/example_dags/tutorial_taskflow_templates.py
[2025-01-22T12:58:32.002+0000] {logging_mixin.py:190} INFO - [2025-01-22T12:58:32.002+0000] {dag.py:3239} INFO - Sync 1 DAGs
[2025-01-22T12:58:32.017+0000] {logging_mixin.py:190} INFO - [2025-01-22T12:58:32.017+0000] {dag.py:4180} INFO - Setting next_dagrun for tutorial_taskflow_templates to 2025-01-21 00:00:00+00:00, run_after=2025-01-22 00:00:00+00:00
[2025-01-22T12:58:32.032+0000] {processor.py:208} INFO - Processing /usr/local/python/3.12.1/lib/python3.12/site-packages/airflow/example_dags/tutorial_taskflow_templates.py took 0.059 seconds
[2025-01-22T12:59:23.330+0000] {processor.py:186} INFO - Started process (PID=9484) to work on /usr/local/python/3.12.1/lib/python3.12/site-packages/airflow/example_dags/tutorial_taskflow_templates.py
[2025-01-22T12:59:23.331+0000] {processor.py:914} INFO - Processing file /usr/local/python/3.12.1/lib/python3.12/site-packages/airflow/example_dags/tutorial_taskflow_templates.py for tasks to queue
[2025-01-22T12:59:23.332+0000] {logging_mixin.py:190} INFO - [2025-01-22T12:59:23.332+0000] {dagbag.py:588} INFO - Filling up the DagBag from /usr/local/python/3.12.1/lib/python3.12/site-packages/airflow/example_dags/tutorial_taskflow_templates.py
[2025-01-22T12:59:23.342+0000] {processor.py:925} INFO - DAG(s) 'tutorial_taskflow_templates' retrieved from /usr/local/python/3.12.1/lib/python3.12/site-packages/airflow/example_dags/tutorial_taskflow_templates.py
[2025-01-22T12:59:23.353+0000] {logging_mixin.py:190} INFO - [2025-01-22T12:59:23.353+0000] {dag.py:3239} INFO - Sync 1 DAGs
[2025-01-22T12:59:23.368+0000] {logging_mixin.py:190} INFO - [2025-01-22T12:59:23.368+0000] {dag.py:4180} INFO - Setting next_dagrun for tutorial_taskflow_templates to 2025-01-21 00:00:00+00:00, run_after=2025-01-22 00:00:00+00:00
[2025-01-22T12:59:23.384+0000] {processor.py:208} INFO - Processing /usr/local/python/3.12.1/lib/python3.12/site-packages/airflow/example_dags/tutorial_taskflow_templates.py took 0.058 seconds
[2025-01-22T13:00:15.715+0000] {processor.py:186} INFO - Started process (PID=9853) to work on /usr/local/python/3.12.1/lib/python3.12/site-packages/airflow/example_dags/tutorial_taskflow_templates.py
[2025-01-22T13:00:15.716+0000] {processor.py:914} INFO - Processing file /usr/local/python/3.12.1/lib/python3.12/site-packages/airflow/example_dags/tutorial_taskflow_templates.py for tasks to queue
[2025-01-22T13:00:15.717+0000] {logging_mixin.py:190} INFO - [2025-01-22T13:00:15.717+0000] {dagbag.py:588} INFO - Filling up the DagBag from /usr/local/python/3.12.1/lib/python3.12/site-packages/airflow/example_dags/tutorial_taskflow_templates.py
[2025-01-22T13:00:15.727+0000] {processor.py:925} INFO - DAG(s) 'tutorial_taskflow_templates' retrieved from /usr/local/python/3.12.1/lib/python3.12/site-packages/airflow/example_dags/tutorial_taskflow_templates.py
[2025-01-22T13:00:15.738+0000] {logging_mixin.py:190} INFO - [2025-01-22T13:00:15.738+0000] {dag.py:3239} INFO - Sync 1 DAGs
[2025-01-22T13:00:15.753+0000] {logging_mixin.py:190} INFO - [2025-01-22T13:00:15.753+0000] {dag.py:4180} INFO - Setting next_dagrun for tutorial_taskflow_templates to 2025-01-21 00:00:00+00:00, run_after=2025-01-22 00:00:00+00:00
[2025-01-22T13:00:15.767+0000] {processor.py:208} INFO - Processing /usr/local/python/3.12.1/lib/python3.12/site-packages/airflow/example_dags/tutorial_taskflow_templates.py took 0.056 seconds
[2025-01-22T13:01:06.535+0000] {processor.py:186} INFO - Started process (PID=10278) to work on /usr/local/python/3.12.1/lib/python3.12/site-packages/airflow/example_dags/tutorial_taskflow_templates.py
[2025-01-22T13:01:06.535+0000] {processor.py:914} INFO - Processing file /usr/local/python/3.12.1/lib/python3.12/site-packages/airflow/example_dags/tutorial_taskflow_templates.py for tasks to queue
[2025-01-22T13:01:06.537+0000] {logging_mixin.py:190} INFO - [2025-01-22T13:01:06.536+0000] {dagbag.py:588} INFO - Filling up the DagBag from /usr/local/python/3.12.1/lib/python3.12/site-packages/airflow/example_dags/tutorial_taskflow_templates.py
[2025-01-22T13:01:06.546+0000] {processor.py:925} INFO - DAG(s) 'tutorial_taskflow_templates' retrieved from /usr/local/python/3.12.1/lib/python3.12/site-packages/airflow/example_dags/tutorial_taskflow_templates.py
[2025-01-22T13:01:06.557+0000] {logging_mixin.py:190} INFO - [2025-01-22T13:01:06.557+0000] {dag.py:3239} INFO - Sync 1 DAGs
[2025-01-22T13:01:06.572+0000] {logging_mixin.py:190} INFO - [2025-01-22T13:01:06.572+0000] {dag.py:4180} INFO - Setting next_dagrun for tutorial_taskflow_templates to 2025-01-21 00:00:00+00:00, run_after=2025-01-22 00:00:00+00:00
[2025-01-22T13:01:06.586+0000] {processor.py:208} INFO - Processing /usr/local/python/3.12.1/lib/python3.12/site-packages/airflow/example_dags/tutorial_taskflow_templates.py took 0.055 seconds
[2025-01-22T13:01:59.378+0000] {processor.py:186} INFO - Started process (PID=10725) to work on /usr/local/python/3.12.1/lib/python3.12/site-packages/airflow/example_dags/tutorial_taskflow_templates.py
[2025-01-22T13:01:59.378+0000] {processor.py:914} INFO - Processing file /usr/local/python/3.12.1/lib/python3.12/site-packages/airflow/example_dags/tutorial_taskflow_templates.py for tasks to queue
[2025-01-22T13:01:59.380+0000] {logging_mixin.py:190} INFO - [2025-01-22T13:01:59.380+0000] {dagbag.py:588} INFO - Filling up the DagBag from /usr/local/python/3.12.1/lib/python3.12/site-packages/airflow/example_dags/tutorial_taskflow_templates.py
[2025-01-22T13:01:59.390+0000] {processor.py:925} INFO - DAG(s) 'tutorial_taskflow_templates' retrieved from /usr/local/python/3.12.1/lib/python3.12/site-packages/airflow/example_dags/tutorial_taskflow_templates.py
[2025-01-22T13:01:59.401+0000] {logging_mixin.py:190} INFO - [2025-01-22T13:01:59.401+0000] {dag.py:3239} INFO - Sync 1 DAGs
[2025-01-22T13:01:59.415+0000] {logging_mixin.py:190} INFO - [2025-01-22T13:01:59.415+0000] {dag.py:4180} INFO - Setting next_dagrun for tutorial_taskflow_templates to 2025-01-21 00:00:00+00:00, run_after=2025-01-22 00:00:00+00:00
[2025-01-22T13:01:59.430+0000] {processor.py:208} INFO - Processing /usr/local/python/3.12.1/lib/python3.12/site-packages/airflow/example_dags/tutorial_taskflow_templates.py took 0.056 seconds
[2025-01-22T13:02:46.331+0000] {processor.py:186} INFO - Started process (PID=11170) to work on /usr/local/python/3.12.1/lib/python3.12/site-packages/airflow/example_dags/tutorial_taskflow_templates.py
[2025-01-22T13:02:46.331+0000] {processor.py:914} INFO - Processing file /usr/local/python/3.12.1/lib/python3.12/site-packages/airflow/example_dags/tutorial_taskflow_templates.py for tasks to queue
[2025-01-22T13:02:46.333+0000] {logging_mixin.py:190} INFO - [2025-01-22T13:02:46.332+0000] {dagbag.py:588} INFO - Filling up the DagBag from /usr/local/python/3.12.1/lib/python3.12/site-packages/airflow/example_dags/tutorial_taskflow_templates.py
[2025-01-22T13:02:46.342+0000] {processor.py:925} INFO - DAG(s) 'tutorial_taskflow_templates' retrieved from /usr/local/python/3.12.1/lib/python3.12/site-packages/airflow/example_dags/tutorial_taskflow_templates.py
[2025-01-22T13:02:46.353+0000] {logging_mixin.py:190} INFO - [2025-01-22T13:02:46.353+0000] {dag.py:3239} INFO - Sync 1 DAGs
[2025-01-22T13:02:46.368+0000] {logging_mixin.py:190} INFO - [2025-01-22T13:02:46.368+0000] {dag.py:4180} INFO - Setting next_dagrun for tutorial_taskflow_templates to 2025-01-21 00:00:00+00:00, run_after=2025-01-22 00:00:00+00:00
[2025-01-22T13:02:46.384+0000] {processor.py:208} INFO - Processing /usr/local/python/3.12.1/lib/python3.12/site-packages/airflow/example_dags/tutorial_taskflow_templates.py took 0.058 seconds
[2025-01-22T13:03:34.909+0000] {processor.py:186} INFO - Started process (PID=11585) to work on /usr/local/python/3.12.1/lib/python3.12/site-packages/airflow/example_dags/tutorial_taskflow_templates.py
[2025-01-22T13:03:34.909+0000] {processor.py:914} INFO - Processing file /usr/local/python/3.12.1/lib/python3.12/site-packages/airflow/example_dags/tutorial_taskflow_templates.py for tasks to queue
[2025-01-22T13:03:34.911+0000] {logging_mixin.py:190} INFO - [2025-01-22T13:03:34.910+0000] {dagbag.py:588} INFO - Filling up the DagBag from /usr/local/python/3.12.1/lib/python3.12/site-packages/airflow/example_dags/tutorial_taskflow_templates.py
[2025-01-22T13:03:34.920+0000] {processor.py:925} INFO - DAG(s) 'tutorial_taskflow_templates' retrieved from /usr/local/python/3.12.1/lib/python3.12/site-packages/airflow/example_dags/tutorial_taskflow_templates.py
[2025-01-22T13:03:34.931+0000] {logging_mixin.py:190} INFO - [2025-01-22T13:03:34.931+0000] {dag.py:3239} INFO - Sync 1 DAGs
[2025-01-22T13:03:34.946+0000] {logging_mixin.py:190} INFO - [2025-01-22T13:03:34.946+0000] {dag.py:4180} INFO - Setting next_dagrun for tutorial_taskflow_templates to 2025-01-21 00:00:00+00:00, run_after=2025-01-22 00:00:00+00:00
[2025-01-22T13:03:34.960+0000] {processor.py:208} INFO - Processing /usr/local/python/3.12.1/lib/python3.12/site-packages/airflow/example_dags/tutorial_taskflow_templates.py took 0.056 seconds
[2025-01-22T13:04:28.222+0000] {processor.py:186} INFO - Started process (PID=12017) to work on /usr/local/python/3.12.1/lib/python3.12/site-packages/airflow/example_dags/tutorial_taskflow_templates.py
[2025-01-22T13:04:28.223+0000] {processor.py:914} INFO - Processing file /usr/local/python/3.12.1/lib/python3.12/site-packages/airflow/example_dags/tutorial_taskflow_templates.py for tasks to queue
[2025-01-22T13:04:28.224+0000] {logging_mixin.py:190} INFO - [2025-01-22T13:04:28.224+0000] {dagbag.py:588} INFO - Filling up the DagBag from /usr/local/python/3.12.1/lib/python3.12/site-packages/airflow/example_dags/tutorial_taskflow_templates.py
[2025-01-22T13:04:28.234+0000] {processor.py:925} INFO - DAG(s) 'tutorial_taskflow_templates' retrieved from /usr/local/python/3.12.1/lib/python3.12/site-packages/airflow/example_dags/tutorial_taskflow_templates.py
[2025-01-22T13:04:28.245+0000] {logging_mixin.py:190} INFO - [2025-01-22T13:04:28.245+0000] {dag.py:3239} INFO - Sync 1 DAGs
[2025-01-22T13:04:28.260+0000] {logging_mixin.py:190} INFO - [2025-01-22T13:04:28.260+0000] {dag.py:4180} INFO - Setting next_dagrun for tutorial_taskflow_templates to 2025-01-21 00:00:00+00:00, run_after=2025-01-22 00:00:00+00:00
[2025-01-22T13:04:28.274+0000] {processor.py:208} INFO - Processing /usr/local/python/3.12.1/lib/python3.12/site-packages/airflow/example_dags/tutorial_taskflow_templates.py took 0.056 seconds
[2025-01-22T13:05:19.686+0000] {processor.py:186} INFO - Started process (PID=12380) to work on /usr/local/python/3.12.1/lib/python3.12/site-packages/airflow/example_dags/tutorial_taskflow_templates.py
[2025-01-22T13:05:19.686+0000] {processor.py:914} INFO - Processing file /usr/local/python/3.12.1/lib/python3.12/site-packages/airflow/example_dags/tutorial_taskflow_templates.py for tasks to queue
[2025-01-22T13:05:19.688+0000] {logging_mixin.py:190} INFO - [2025-01-22T13:05:19.688+0000] {dagbag.py:588} INFO - Filling up the DagBag from /usr/local/python/3.12.1/lib/python3.12/site-packages/airflow/example_dags/tutorial_taskflow_templates.py
[2025-01-22T13:05:19.697+0000] {processor.py:925} INFO - DAG(s) 'tutorial_taskflow_templates' retrieved from /usr/local/python/3.12.1/lib/python3.12/site-packages/airflow/example_dags/tutorial_taskflow_templates.py
[2025-01-22T13:05:19.709+0000] {logging_mixin.py:190} INFO - [2025-01-22T13:05:19.708+0000] {dag.py:3239} INFO - Sync 1 DAGs
[2025-01-22T13:05:19.723+0000] {logging_mixin.py:190} INFO - [2025-01-22T13:05:19.723+0000] {dag.py:4180} INFO - Setting next_dagrun for tutorial_taskflow_templates to 2025-01-21 00:00:00+00:00, run_after=2025-01-22 00:00:00+00:00
[2025-01-22T13:05:19.738+0000] {processor.py:208} INFO - Processing /usr/local/python/3.12.1/lib/python3.12/site-packages/airflow/example_dags/tutorial_taskflow_templates.py took 0.056 seconds
[2025-01-22T13:06:10.533+0000] {processor.py:186} INFO - Started process (PID=12808) to work on /usr/local/python/3.12.1/lib/python3.12/site-packages/airflow/example_dags/tutorial_taskflow_templates.py
[2025-01-22T13:06:10.533+0000] {processor.py:914} INFO - Processing file /usr/local/python/3.12.1/lib/python3.12/site-packages/airflow/example_dags/tutorial_taskflow_templates.py for tasks to queue
[2025-01-22T13:06:10.535+0000] {logging_mixin.py:190} INFO - [2025-01-22T13:06:10.535+0000] {dagbag.py:588} INFO - Filling up the DagBag from /usr/local/python/3.12.1/lib/python3.12/site-packages/airflow/example_dags/tutorial_taskflow_templates.py
[2025-01-22T13:06:10.544+0000] {processor.py:925} INFO - DAG(s) 'tutorial_taskflow_templates' retrieved from /usr/local/python/3.12.1/lib/python3.12/site-packages/airflow/example_dags/tutorial_taskflow_templates.py
[2025-01-22T13:06:10.555+0000] {logging_mixin.py:190} INFO - [2025-01-22T13:06:10.555+0000] {dag.py:3239} INFO - Sync 1 DAGs
[2025-01-22T13:06:10.570+0000] {logging_mixin.py:190} INFO - [2025-01-22T13:06:10.570+0000] {dag.py:4180} INFO - Setting next_dagrun for tutorial_taskflow_templates to 2025-01-21 00:00:00+00:00, run_after=2025-01-22 00:00:00+00:00
[2025-01-22T13:06:10.584+0000] {processor.py:208} INFO - Processing /usr/local/python/3.12.1/lib/python3.12/site-packages/airflow/example_dags/tutorial_taskflow_templates.py took 0.055 seconds
[2025-01-22T13:06:56.202+0000] {processor.py:186} INFO - Started process (PID=13199) to work on /usr/local/python/3.12.1/lib/python3.12/site-packages/airflow/example_dags/tutorial_taskflow_templates.py
[2025-01-22T13:06:56.202+0000] {processor.py:914} INFO - Processing file /usr/local/python/3.12.1/lib/python3.12/site-packages/airflow/example_dags/tutorial_taskflow_templates.py for tasks to queue
[2025-01-22T13:06:56.204+0000] {logging_mixin.py:190} INFO - [2025-01-22T13:06:56.204+0000] {dagbag.py:588} INFO - Filling up the DagBag from /usr/local/python/3.12.1/lib/python3.12/site-packages/airflow/example_dags/tutorial_taskflow_templates.py
[2025-01-22T13:06:56.214+0000] {processor.py:925} INFO - DAG(s) 'tutorial_taskflow_templates' retrieved from /usr/local/python/3.12.1/lib/python3.12/site-packages/airflow/example_dags/tutorial_taskflow_templates.py
[2025-01-22T13:06:56.226+0000] {logging_mixin.py:190} INFO - [2025-01-22T13:06:56.226+0000] {dag.py:3239} INFO - Sync 1 DAGs
[2025-01-22T13:06:56.242+0000] {logging_mixin.py:190} INFO - [2025-01-22T13:06:56.242+0000] {dag.py:4180} INFO - Setting next_dagrun for tutorial_taskflow_templates to 2025-01-21 00:00:00+00:00, run_after=2025-01-22 00:00:00+00:00
[2025-01-22T13:06:56.257+0000] {processor.py:208} INFO - Processing /usr/local/python/3.12.1/lib/python3.12/site-packages/airflow/example_dags/tutorial_taskflow_templates.py took 0.060 seconds
[2025-01-22T13:07:47.553+0000] {processor.py:186} INFO - Started process (PID=13633) to work on /usr/local/python/3.12.1/lib/python3.12/site-packages/airflow/example_dags/tutorial_taskflow_templates.py
[2025-01-22T13:07:47.554+0000] {processor.py:914} INFO - Processing file /usr/local/python/3.12.1/lib/python3.12/site-packages/airflow/example_dags/tutorial_taskflow_templates.py for tasks to queue
[2025-01-22T13:07:47.556+0000] {logging_mixin.py:190} INFO - [2025-01-22T13:07:47.555+0000] {dagbag.py:588} INFO - Filling up the DagBag from /usr/local/python/3.12.1/lib/python3.12/site-packages/airflow/example_dags/tutorial_taskflow_templates.py
[2025-01-22T13:07:47.565+0000] {processor.py:925} INFO - DAG(s) 'tutorial_taskflow_templates' retrieved from /usr/local/python/3.12.1/lib/python3.12/site-packages/airflow/example_dags/tutorial_taskflow_templates.py
[2025-01-22T13:07:47.576+0000] {logging_mixin.py:190} INFO - [2025-01-22T13:07:47.576+0000] {dag.py:3239} INFO - Sync 1 DAGs
[2025-01-22T13:07:47.591+0000] {logging_mixin.py:190} INFO - [2025-01-22T13:07:47.591+0000] {dag.py:4180} INFO - Setting next_dagrun for tutorial_taskflow_templates to 2025-01-21 00:00:00+00:00, run_after=2025-01-22 00:00:00+00:00
[2025-01-22T13:07:47.605+0000] {processor.py:208} INFO - Processing /usr/local/python/3.12.1/lib/python3.12/site-packages/airflow/example_dags/tutorial_taskflow_templates.py took 0.055 seconds
[2025-01-22T13:08:43.100+0000] {processor.py:186} INFO - Started process (PID=14324) to work on /usr/local/python/3.12.1/lib/python3.12/site-packages/airflow/example_dags/tutorial_taskflow_templates.py
[2025-01-22T13:08:43.101+0000] {processor.py:914} INFO - Processing file /usr/local/python/3.12.1/lib/python3.12/site-packages/airflow/example_dags/tutorial_taskflow_templates.py for tasks to queue
[2025-01-22T13:08:43.102+0000] {logging_mixin.py:190} INFO - [2025-01-22T13:08:43.102+0000] {dagbag.py:588} INFO - Filling up the DagBag from /usr/local/python/3.12.1/lib/python3.12/site-packages/airflow/example_dags/tutorial_taskflow_templates.py
[2025-01-22T13:08:43.112+0000] {processor.py:925} INFO - DAG(s) 'tutorial_taskflow_templates' retrieved from /usr/local/python/3.12.1/lib/python3.12/site-packages/airflow/example_dags/tutorial_taskflow_templates.py
[2025-01-22T13:08:43.123+0000] {logging_mixin.py:190} INFO - [2025-01-22T13:08:43.123+0000] {dag.py:3239} INFO - Sync 1 DAGs
[2025-01-22T13:08:43.139+0000] {logging_mixin.py:190} INFO - [2025-01-22T13:08:43.139+0000] {dag.py:4180} INFO - Setting next_dagrun for tutorial_taskflow_templates to 2025-01-21 00:00:00+00:00, run_after=2025-01-22 00:00:00+00:00
[2025-01-22T13:08:43.153+0000] {processor.py:208} INFO - Processing /usr/local/python/3.12.1/lib/python3.12/site-packages/airflow/example_dags/tutorial_taskflow_templates.py took 0.057 seconds
[2025-01-22T13:09:32.779+0000] {processor.py:186} INFO - Started process (PID=14740) to work on /usr/local/python/3.12.1/lib/python3.12/site-packages/airflow/example_dags/tutorial_taskflow_templates.py
[2025-01-22T13:09:32.780+0000] {processor.py:914} INFO - Processing file /usr/local/python/3.12.1/lib/python3.12/site-packages/airflow/example_dags/tutorial_taskflow_templates.py for tasks to queue
[2025-01-22T13:09:32.781+0000] {logging_mixin.py:190} INFO - [2025-01-22T13:09:32.781+0000] {dagbag.py:588} INFO - Filling up the DagBag from /usr/local/python/3.12.1/lib/python3.12/site-packages/airflow/example_dags/tutorial_taskflow_templates.py
[2025-01-22T13:09:32.791+0000] {processor.py:925} INFO - DAG(s) 'tutorial_taskflow_templates' retrieved from /usr/local/python/3.12.1/lib/python3.12/site-packages/airflow/example_dags/tutorial_taskflow_templates.py
[2025-01-22T13:09:32.802+0000] {logging_mixin.py:190} INFO - [2025-01-22T13:09:32.802+0000] {dag.py:3239} INFO - Sync 1 DAGs
[2025-01-22T13:09:32.816+0000] {logging_mixin.py:190} INFO - [2025-01-22T13:09:32.816+0000] {dag.py:4180} INFO - Setting next_dagrun for tutorial_taskflow_templates to 2025-01-21 00:00:00+00:00, run_after=2025-01-22 00:00:00+00:00
[2025-01-22T13:09:32.834+0000] {processor.py:208} INFO - Processing /usr/local/python/3.12.1/lib/python3.12/site-packages/airflow/example_dags/tutorial_taskflow_templates.py took 0.059 seconds
[2025-01-22T13:10:22.054+0000] {processor.py:186} INFO - Started process (PID=15117) to work on /usr/local/python/3.12.1/lib/python3.12/site-packages/airflow/example_dags/tutorial_taskflow_templates.py
[2025-01-22T13:10:22.055+0000] {processor.py:914} INFO - Processing file /usr/local/python/3.12.1/lib/python3.12/site-packages/airflow/example_dags/tutorial_taskflow_templates.py for tasks to queue
[2025-01-22T13:10:22.057+0000] {logging_mixin.py:190} INFO - [2025-01-22T13:10:22.057+0000] {dagbag.py:588} INFO - Filling up the DagBag from /usr/local/python/3.12.1/lib/python3.12/site-packages/airflow/example_dags/tutorial_taskflow_templates.py
[2025-01-22T13:10:22.071+0000] {processor.py:925} INFO - DAG(s) 'tutorial_taskflow_templates' retrieved from /usr/local/python/3.12.1/lib/python3.12/site-packages/airflow/example_dags/tutorial_taskflow_templates.py
[2025-01-22T13:10:22.088+0000] {logging_mixin.py:190} INFO - [2025-01-22T13:10:22.087+0000] {dag.py:3239} INFO - Sync 1 DAGs
[2025-01-22T13:10:22.104+0000] {logging_mixin.py:190} INFO - [2025-01-22T13:10:22.104+0000] {dag.py:4180} INFO - Setting next_dagrun for tutorial_taskflow_templates to 2025-01-21 00:00:00+00:00, run_after=2025-01-22 00:00:00+00:00
[2025-01-22T13:10:22.118+0000] {processor.py:208} INFO - Processing /usr/local/python/3.12.1/lib/python3.12/site-packages/airflow/example_dags/tutorial_taskflow_templates.py took 0.068 seconds
[2025-01-22T13:11:11.670+0000] {processor.py:186} INFO - Started process (PID=15497) to work on /usr/local/python/3.12.1/lib/python3.12/site-packages/airflow/example_dags/tutorial_taskflow_templates.py
[2025-01-22T13:11:11.671+0000] {processor.py:914} INFO - Processing file /usr/local/python/3.12.1/lib/python3.12/site-packages/airflow/example_dags/tutorial_taskflow_templates.py for tasks to queue
[2025-01-22T13:11:11.673+0000] {logging_mixin.py:190} INFO - [2025-01-22T13:11:11.672+0000] {dagbag.py:588} INFO - Filling up the DagBag from /usr/local/python/3.12.1/lib/python3.12/site-packages/airflow/example_dags/tutorial_taskflow_templates.py
[2025-01-22T13:11:11.682+0000] {processor.py:925} INFO - DAG(s) 'tutorial_taskflow_templates' retrieved from /usr/local/python/3.12.1/lib/python3.12/site-packages/airflow/example_dags/tutorial_taskflow_templates.py
[2025-01-22T13:11:11.693+0000] {logging_mixin.py:190} INFO - [2025-01-22T13:11:11.693+0000] {dag.py:3239} INFO - Sync 1 DAGs
[2025-01-22T13:11:11.708+0000] {logging_mixin.py:190} INFO - [2025-01-22T13:11:11.708+0000] {dag.py:4180} INFO - Setting next_dagrun for tutorial_taskflow_templates to 2025-01-21 00:00:00+00:00, run_after=2025-01-22 00:00:00+00:00
[2025-01-22T13:11:11.723+0000] {processor.py:208} INFO - Processing /usr/local/python/3.12.1/lib/python3.12/site-packages/airflow/example_dags/tutorial_taskflow_templates.py took 0.057 seconds
[2025-01-22T13:12:01.829+0000] {processor.py:186} INFO - Started process (PID=15917) to work on /usr/local/python/3.12.1/lib/python3.12/site-packages/airflow/example_dags/tutorial_taskflow_templates.py
[2025-01-22T13:12:01.830+0000] {processor.py:914} INFO - Processing file /usr/local/python/3.12.1/lib/python3.12/site-packages/airflow/example_dags/tutorial_taskflow_templates.py for tasks to queue
[2025-01-22T13:12:01.831+0000] {logging_mixin.py:190} INFO - [2025-01-22T13:12:01.831+0000] {dagbag.py:588} INFO - Filling up the DagBag from /usr/local/python/3.12.1/lib/python3.12/site-packages/airflow/example_dags/tutorial_taskflow_templates.py
[2025-01-22T13:12:01.842+0000] {processor.py:925} INFO - DAG(s) 'tutorial_taskflow_templates' retrieved from /usr/local/python/3.12.1/lib/python3.12/site-packages/airflow/example_dags/tutorial_taskflow_templates.py
[2025-01-22T13:12:01.853+0000] {logging_mixin.py:190} INFO - [2025-01-22T13:12:01.853+0000] {dag.py:3239} INFO - Sync 1 DAGs
[2025-01-22T13:12:01.868+0000] {logging_mixin.py:190} INFO - [2025-01-22T13:12:01.868+0000] {dag.py:4180} INFO - Setting next_dagrun for tutorial_taskflow_templates to 2025-01-21 00:00:00+00:00, run_after=2025-01-22 00:00:00+00:00
[2025-01-22T13:12:01.883+0000] {processor.py:208} INFO - Processing /usr/local/python/3.12.1/lib/python3.12/site-packages/airflow/example_dags/tutorial_taskflow_templates.py took 0.058 seconds
[2025-01-22T13:12:53.137+0000] {processor.py:186} INFO - Started process (PID=16396) to work on /usr/local/python/3.12.1/lib/python3.12/site-packages/airflow/example_dags/tutorial_taskflow_templates.py
[2025-01-22T13:12:53.137+0000] {processor.py:914} INFO - Processing file /usr/local/python/3.12.1/lib/python3.12/site-packages/airflow/example_dags/tutorial_taskflow_templates.py for tasks to queue
[2025-01-22T13:12:53.139+0000] {logging_mixin.py:190} INFO - [2025-01-22T13:12:53.138+0000] {dagbag.py:588} INFO - Filling up the DagBag from /usr/local/python/3.12.1/lib/python3.12/site-packages/airflow/example_dags/tutorial_taskflow_templates.py
[2025-01-22T13:12:53.148+0000] {processor.py:925} INFO - DAG(s) 'tutorial_taskflow_templates' retrieved from /usr/local/python/3.12.1/lib/python3.12/site-packages/airflow/example_dags/tutorial_taskflow_templates.py
[2025-01-22T13:12:53.159+0000] {logging_mixin.py:190} INFO - [2025-01-22T13:12:53.159+0000] {dag.py:3239} INFO - Sync 1 DAGs
[2025-01-22T13:12:53.174+0000] {logging_mixin.py:190} INFO - [2025-01-22T13:12:53.174+0000] {dag.py:4180} INFO - Setting next_dagrun for tutorial_taskflow_templates to 2025-01-21 00:00:00+00:00, run_after=2025-01-22 00:00:00+00:00
[2025-01-22T13:12:53.188+0000] {processor.py:208} INFO - Processing /usr/local/python/3.12.1/lib/python3.12/site-packages/airflow/example_dags/tutorial_taskflow_templates.py took 0.055 seconds
[2025-01-22T13:13:46.804+0000] {processor.py:186} INFO - Started process (PID=16839) to work on /usr/local/python/3.12.1/lib/python3.12/site-packages/airflow/example_dags/tutorial_taskflow_templates.py
[2025-01-22T13:13:46.805+0000] {processor.py:914} INFO - Processing file /usr/local/python/3.12.1/lib/python3.12/site-packages/airflow/example_dags/tutorial_taskflow_templates.py for tasks to queue
[2025-01-22T13:13:46.807+0000] {logging_mixin.py:190} INFO - [2025-01-22T13:13:46.806+0000] {dagbag.py:588} INFO - Filling up the DagBag from /usr/local/python/3.12.1/lib/python3.12/site-packages/airflow/example_dags/tutorial_taskflow_templates.py
[2025-01-22T13:13:46.816+0000] {processor.py:925} INFO - DAG(s) 'tutorial_taskflow_templates' retrieved from /usr/local/python/3.12.1/lib/python3.12/site-packages/airflow/example_dags/tutorial_taskflow_templates.py
[2025-01-22T13:13:46.828+0000] {logging_mixin.py:190} INFO - [2025-01-22T13:13:46.827+0000] {dag.py:3239} INFO - Sync 1 DAGs
[2025-01-22T13:13:46.842+0000] {logging_mixin.py:190} INFO - [2025-01-22T13:13:46.842+0000] {dag.py:4180} INFO - Setting next_dagrun for tutorial_taskflow_templates to 2025-01-21 00:00:00+00:00, run_after=2025-01-22 00:00:00+00:00
[2025-01-22T13:13:46.856+0000] {processor.py:208} INFO - Processing /usr/local/python/3.12.1/lib/python3.12/site-packages/airflow/example_dags/tutorial_taskflow_templates.py took 0.056 seconds
[2025-01-22T13:14:39.521+0000] {processor.py:186} INFO - Started process (PID=17270) to work on /usr/local/python/3.12.1/lib/python3.12/site-packages/airflow/example_dags/tutorial_taskflow_templates.py
[2025-01-22T13:14:39.522+0000] {processor.py:914} INFO - Processing file /usr/local/python/3.12.1/lib/python3.12/site-packages/airflow/example_dags/tutorial_taskflow_templates.py for tasks to queue
[2025-01-22T13:14:39.523+0000] {logging_mixin.py:190} INFO - [2025-01-22T13:14:39.523+0000] {dagbag.py:588} INFO - Filling up the DagBag from /usr/local/python/3.12.1/lib/python3.12/site-packages/airflow/example_dags/tutorial_taskflow_templates.py
[2025-01-22T13:14:39.533+0000] {processor.py:925} INFO - DAG(s) 'tutorial_taskflow_templates' retrieved from /usr/local/python/3.12.1/lib/python3.12/site-packages/airflow/example_dags/tutorial_taskflow_templates.py
[2025-01-22T13:14:39.544+0000] {logging_mixin.py:190} INFO - [2025-01-22T13:14:39.544+0000] {dag.py:3239} INFO - Sync 1 DAGs
[2025-01-22T13:14:39.559+0000] {logging_mixin.py:190} INFO - [2025-01-22T13:14:39.559+0000] {dag.py:4180} INFO - Setting next_dagrun for tutorial_taskflow_templates to 2025-01-21 00:00:00+00:00, run_after=2025-01-22 00:00:00+00:00
[2025-01-22T13:14:39.573+0000] {processor.py:208} INFO - Processing /usr/local/python/3.12.1/lib/python3.12/site-packages/airflow/example_dags/tutorial_taskflow_templates.py took 0.056 seconds
[2025-01-22T13:15:28.602+0000] {processor.py:186} INFO - Started process (PID=17686) to work on /usr/local/python/3.12.1/lib/python3.12/site-packages/airflow/example_dags/tutorial_taskflow_templates.py
[2025-01-22T13:15:28.603+0000] {processor.py:914} INFO - Processing file /usr/local/python/3.12.1/lib/python3.12/site-packages/airflow/example_dags/tutorial_taskflow_templates.py for tasks to queue
[2025-01-22T13:15:28.605+0000] {logging_mixin.py:190} INFO - [2025-01-22T13:15:28.604+0000] {dagbag.py:588} INFO - Filling up the DagBag from /usr/local/python/3.12.1/lib/python3.12/site-packages/airflow/example_dags/tutorial_taskflow_templates.py
[2025-01-22T13:15:28.614+0000] {processor.py:925} INFO - DAG(s) 'tutorial_taskflow_templates' retrieved from /usr/local/python/3.12.1/lib/python3.12/site-packages/airflow/example_dags/tutorial_taskflow_templates.py
[2025-01-22T13:15:28.625+0000] {logging_mixin.py:190} INFO - [2025-01-22T13:15:28.625+0000] {dag.py:3239} INFO - Sync 1 DAGs
[2025-01-22T13:15:28.641+0000] {logging_mixin.py:190} INFO - [2025-01-22T13:15:28.640+0000] {dag.py:4180} INFO - Setting next_dagrun for tutorial_taskflow_templates to 2025-01-21 00:00:00+00:00, run_after=2025-01-22 00:00:00+00:00
[2025-01-22T13:15:28.655+0000] {processor.py:208} INFO - Processing /usr/local/python/3.12.1/lib/python3.12/site-packages/airflow/example_dags/tutorial_taskflow_templates.py took 0.058 seconds
[2025-01-22T13:16:16.935+0000] {processor.py:186} INFO - Started process (PID=18034) to work on /usr/local/python/3.12.1/lib/python3.12/site-packages/airflow/example_dags/tutorial_taskflow_templates.py
[2025-01-22T13:16:16.935+0000] {processor.py:914} INFO - Processing file /usr/local/python/3.12.1/lib/python3.12/site-packages/airflow/example_dags/tutorial_taskflow_templates.py for tasks to queue
[2025-01-22T13:16:16.937+0000] {logging_mixin.py:190} INFO - [2025-01-22T13:16:16.936+0000] {dagbag.py:588} INFO - Filling up the DagBag from /usr/local/python/3.12.1/lib/python3.12/site-packages/airflow/example_dags/tutorial_taskflow_templates.py
[2025-01-22T13:16:16.946+0000] {processor.py:925} INFO - DAG(s) 'tutorial_taskflow_templates' retrieved from /usr/local/python/3.12.1/lib/python3.12/site-packages/airflow/example_dags/tutorial_taskflow_templates.py
[2025-01-22T13:16:16.958+0000] {logging_mixin.py:190} INFO - [2025-01-22T13:16:16.958+0000] {dag.py:3239} INFO - Sync 1 DAGs
[2025-01-22T13:16:16.973+0000] {logging_mixin.py:190} INFO - [2025-01-22T13:16:16.973+0000] {dag.py:4180} INFO - Setting next_dagrun for tutorial_taskflow_templates to 2025-01-21 00:00:00+00:00, run_after=2025-01-22 00:00:00+00:00
[2025-01-22T13:16:16.988+0000] {processor.py:208} INFO - Processing /usr/local/python/3.12.1/lib/python3.12/site-packages/airflow/example_dags/tutorial_taskflow_templates.py took 0.057 seconds
[2025-01-22T13:17:12.215+0000] {processor.py:186} INFO - Started process (PID=18473) to work on /usr/local/python/3.12.1/lib/python3.12/site-packages/airflow/example_dags/tutorial_taskflow_templates.py
[2025-01-22T13:17:12.215+0000] {processor.py:914} INFO - Processing file /usr/local/python/3.12.1/lib/python3.12/site-packages/airflow/example_dags/tutorial_taskflow_templates.py for tasks to queue
[2025-01-22T13:17:12.217+0000] {logging_mixin.py:190} INFO - [2025-01-22T13:17:12.217+0000] {dagbag.py:588} INFO - Filling up the DagBag from /usr/local/python/3.12.1/lib/python3.12/site-packages/airflow/example_dags/tutorial_taskflow_templates.py
[2025-01-22T13:17:12.226+0000] {processor.py:925} INFO - DAG(s) 'tutorial_taskflow_templates' retrieved from /usr/local/python/3.12.1/lib/python3.12/site-packages/airflow/example_dags/tutorial_taskflow_templates.py
[2025-01-22T13:17:12.238+0000] {logging_mixin.py:190} INFO - [2025-01-22T13:17:12.238+0000] {dag.py:3239} INFO - Sync 1 DAGs
[2025-01-22T13:17:12.253+0000] {logging_mixin.py:190} INFO - [2025-01-22T13:17:12.253+0000] {dag.py:4180} INFO - Setting next_dagrun for tutorial_taskflow_templates to 2025-01-21 00:00:00+00:00, run_after=2025-01-22 00:00:00+00:00
[2025-01-22T13:17:12.268+0000] {processor.py:208} INFO - Processing /usr/local/python/3.12.1/lib/python3.12/site-packages/airflow/example_dags/tutorial_taskflow_templates.py took 0.057 seconds
[2025-01-22T13:18:02.370+0000] {processor.py:186} INFO - Started process (PID=18954) to work on /usr/local/python/3.12.1/lib/python3.12/site-packages/airflow/example_dags/tutorial_taskflow_templates.py
[2025-01-22T13:18:02.371+0000] {processor.py:914} INFO - Processing file /usr/local/python/3.12.1/lib/python3.12/site-packages/airflow/example_dags/tutorial_taskflow_templates.py for tasks to queue
[2025-01-22T13:18:02.372+0000] {logging_mixin.py:190} INFO - [2025-01-22T13:18:02.372+0000] {dagbag.py:588} INFO - Filling up the DagBag from /usr/local/python/3.12.1/lib/python3.12/site-packages/airflow/example_dags/tutorial_taskflow_templates.py
[2025-01-22T13:18:02.382+0000] {processor.py:925} INFO - DAG(s) 'tutorial_taskflow_templates' retrieved from /usr/local/python/3.12.1/lib/python3.12/site-packages/airflow/example_dags/tutorial_taskflow_templates.py
[2025-01-22T13:18:02.393+0000] {logging_mixin.py:190} INFO - [2025-01-22T13:18:02.393+0000] {dag.py:3239} INFO - Sync 1 DAGs
[2025-01-22T13:18:02.409+0000] {logging_mixin.py:190} INFO - [2025-01-22T13:18:02.409+0000] {dag.py:4180} INFO - Setting next_dagrun for tutorial_taskflow_templates to 2025-01-21 00:00:00+00:00, run_after=2025-01-22 00:00:00+00:00
[2025-01-22T13:18:02.423+0000] {processor.py:208} INFO - Processing /usr/local/python/3.12.1/lib/python3.12/site-packages/airflow/example_dags/tutorial_taskflow_templates.py took 0.057 seconds
[2025-01-22T13:18:50.450+0000] {processor.py:186} INFO - Started process (PID=19549) to work on /usr/local/python/3.12.1/lib/python3.12/site-packages/airflow/example_dags/tutorial_taskflow_templates.py
[2025-01-22T13:18:50.451+0000] {processor.py:914} INFO - Processing file /usr/local/python/3.12.1/lib/python3.12/site-packages/airflow/example_dags/tutorial_taskflow_templates.py for tasks to queue
[2025-01-22T13:18:50.453+0000] {logging_mixin.py:190} INFO - [2025-01-22T13:18:50.452+0000] {dagbag.py:588} INFO - Filling up the DagBag from /usr/local/python/3.12.1/lib/python3.12/site-packages/airflow/example_dags/tutorial_taskflow_templates.py
[2025-01-22T13:18:50.462+0000] {processor.py:925} INFO - DAG(s) 'tutorial_taskflow_templates' retrieved from /usr/local/python/3.12.1/lib/python3.12/site-packages/airflow/example_dags/tutorial_taskflow_templates.py
[2025-01-22T13:18:50.474+0000] {logging_mixin.py:190} INFO - [2025-01-22T13:18:50.474+0000] {dag.py:3239} INFO - Sync 1 DAGs
[2025-01-22T13:18:50.489+0000] {logging_mixin.py:190} INFO - [2025-01-22T13:18:50.489+0000] {dag.py:4180} INFO - Setting next_dagrun for tutorial_taskflow_templates to 2025-01-21 00:00:00+00:00, run_after=2025-01-22 00:00:00+00:00
[2025-01-22T13:18:50.504+0000] {processor.py:208} INFO - Processing /usr/local/python/3.12.1/lib/python3.12/site-packages/airflow/example_dags/tutorial_taskflow_templates.py took 0.057 seconds
[2025-01-22T13:19:40.960+0000] {processor.py:186} INFO - Started process (PID=20517) to work on /usr/local/python/3.12.1/lib/python3.12/site-packages/airflow/example_dags/tutorial_taskflow_templates.py
[2025-01-22T13:19:40.960+0000] {processor.py:914} INFO - Processing file /usr/local/python/3.12.1/lib/python3.12/site-packages/airflow/example_dags/tutorial_taskflow_templates.py for tasks to queue
[2025-01-22T13:19:40.962+0000] {logging_mixin.py:190} INFO - [2025-01-22T13:19:40.962+0000] {dagbag.py:588} INFO - Filling up the DagBag from /usr/local/python/3.12.1/lib/python3.12/site-packages/airflow/example_dags/tutorial_taskflow_templates.py
[2025-01-22T13:19:40.973+0000] {processor.py:925} INFO - DAG(s) 'tutorial_taskflow_templates' retrieved from /usr/local/python/3.12.1/lib/python3.12/site-packages/airflow/example_dags/tutorial_taskflow_templates.py
[2025-01-22T13:19:40.984+0000] {logging_mixin.py:190} INFO - [2025-01-22T13:19:40.984+0000] {dag.py:3239} INFO - Sync 1 DAGs
[2025-01-22T13:19:41.001+0000] {logging_mixin.py:190} INFO - [2025-01-22T13:19:41.001+0000] {dag.py:4180} INFO - Setting next_dagrun for tutorial_taskflow_templates to 2025-01-21 00:00:00+00:00, run_after=2025-01-22 00:00:00+00:00
[2025-01-22T13:19:41.014+0000] {processor.py:208} INFO - Processing /usr/local/python/3.12.1/lib/python3.12/site-packages/airflow/example_dags/tutorial_taskflow_templates.py took 0.059 seconds
[2025-01-22T13:20:31.095+0000] {processor.py:186} INFO - Started process (PID=21332) to work on /usr/local/python/3.12.1/lib/python3.12/site-packages/airflow/example_dags/tutorial_taskflow_templates.py
[2025-01-22T13:20:31.096+0000] {processor.py:914} INFO - Processing file /usr/local/python/3.12.1/lib/python3.12/site-packages/airflow/example_dags/tutorial_taskflow_templates.py for tasks to queue
[2025-01-22T13:20:31.097+0000] {logging_mixin.py:190} INFO - [2025-01-22T13:20:31.097+0000] {dagbag.py:588} INFO - Filling up the DagBag from /usr/local/python/3.12.1/lib/python3.12/site-packages/airflow/example_dags/tutorial_taskflow_templates.py
[2025-01-22T13:20:31.107+0000] {processor.py:925} INFO - DAG(s) 'tutorial_taskflow_templates' retrieved from /usr/local/python/3.12.1/lib/python3.12/site-packages/airflow/example_dags/tutorial_taskflow_templates.py
[2025-01-22T13:20:31.118+0000] {logging_mixin.py:190} INFO - [2025-01-22T13:20:31.118+0000] {dag.py:3239} INFO - Sync 1 DAGs
[2025-01-22T13:20:31.133+0000] {logging_mixin.py:190} INFO - [2025-01-22T13:20:31.133+0000] {dag.py:4180} INFO - Setting next_dagrun for tutorial_taskflow_templates to 2025-01-21 00:00:00+00:00, run_after=2025-01-22 00:00:00+00:00
[2025-01-22T13:20:31.148+0000] {processor.py:208} INFO - Processing /usr/local/python/3.12.1/lib/python3.12/site-packages/airflow/example_dags/tutorial_taskflow_templates.py took 0.057 seconds
[2025-01-22T13:21:18.616+0000] {processor.py:186} INFO - Started process (PID=21749) to work on /usr/local/python/3.12.1/lib/python3.12/site-packages/airflow/example_dags/tutorial_taskflow_templates.py
[2025-01-22T13:21:18.617+0000] {processor.py:914} INFO - Processing file /usr/local/python/3.12.1/lib/python3.12/site-packages/airflow/example_dags/tutorial_taskflow_templates.py for tasks to queue
[2025-01-22T13:21:18.618+0000] {logging_mixin.py:190} INFO - [2025-01-22T13:21:18.618+0000] {dagbag.py:588} INFO - Filling up the DagBag from /usr/local/python/3.12.1/lib/python3.12/site-packages/airflow/example_dags/tutorial_taskflow_templates.py
[2025-01-22T13:21:18.628+0000] {processor.py:925} INFO - DAG(s) 'tutorial_taskflow_templates' retrieved from /usr/local/python/3.12.1/lib/python3.12/site-packages/airflow/example_dags/tutorial_taskflow_templates.py
[2025-01-22T13:21:18.639+0000] {logging_mixin.py:190} INFO - [2025-01-22T13:21:18.639+0000] {dag.py:3239} INFO - Sync 1 DAGs
[2025-01-22T13:21:18.654+0000] {logging_mixin.py:190} INFO - [2025-01-22T13:21:18.654+0000] {dag.py:4180} INFO - Setting next_dagrun for tutorial_taskflow_templates to 2025-01-21 00:00:00+00:00, run_after=2025-01-22 00:00:00+00:00
[2025-01-22T13:21:18.668+0000] {processor.py:208} INFO - Processing /usr/local/python/3.12.1/lib/python3.12/site-packages/airflow/example_dags/tutorial_taskflow_templates.py took 0.056 seconds
