[2025-01-22T12:52:38.546+0000] {processor.py:186} INFO - Started process (PID=5380) to work on /usr/local/python/3.12.1/lib/python3.12/site-packages/airflow/example_dags/tutorial_dag.py
[2025-01-22T12:52:38.546+0000] {processor.py:914} INFO - Processing file /usr/local/python/3.12.1/lib/python3.12/site-packages/airflow/example_dags/tutorial_dag.py for tasks to queue
[2025-01-22T12:52:38.548+0000] {logging_mixin.py:190} INFO - [2025-01-22T12:52:38.548+0000] {dagbag.py:588} INFO - Filling up the DagBag from /usr/local/python/3.12.1/lib/python3.12/site-packages/airflow/example_dags/tutorial_dag.py
[2025-01-22T12:52:38.554+0000] {processor.py:925} INFO - DAG(s) 'tutorial_dag' retrieved from /usr/local/python/3.12.1/lib/python3.12/site-packages/airflow/example_dags/tutorial_dag.py
[2025-01-22T12:52:38.628+0000] {logging_mixin.py:190} INFO - [2025-01-22T12:52:38.627+0000] {override.py:1911} INFO - Created Permission View: can delete on DAG:tutorial_dag
[2025-01-22T12:52:38.635+0000] {logging_mixin.py:190} INFO - [2025-01-22T12:52:38.635+0000] {override.py:1911} INFO - Created Permission View: can edit on DAG:tutorial_dag
[2025-01-22T12:52:38.641+0000] {logging_mixin.py:190} INFO - [2025-01-22T12:52:38.641+0000] {override.py:1911} INFO - Created Permission View: can read on DAG:tutorial_dag
[2025-01-22T12:52:38.649+0000] {logging_mixin.py:190} INFO - [2025-01-22T12:52:38.649+0000] {override.py:1911} INFO - Created Permission View: can create on DAG Run:tutorial_dag
[2025-01-22T12:52:38.655+0000] {logging_mixin.py:190} INFO - [2025-01-22T12:52:38.654+0000] {override.py:1911} INFO - Created Permission View: can read on DAG Run:tutorial_dag
[2025-01-22T12:52:38.660+0000] {logging_mixin.py:190} INFO - [2025-01-22T12:52:38.660+0000] {override.py:1911} INFO - Created Permission View: menu access on DAG Run:tutorial_dag
[2025-01-22T12:52:38.665+0000] {logging_mixin.py:190} INFO - [2025-01-22T12:52:38.665+0000] {override.py:1911} INFO - Created Permission View: can delete on DAG Run:tutorial_dag
[2025-01-22T12:52:38.665+0000] {logging_mixin.py:190} INFO - [2025-01-22T12:52:38.665+0000] {dag.py:3239} INFO - Sync 1 DAGs
[2025-01-22T12:52:38.675+0000] {logging_mixin.py:190} INFO - [2025-01-22T12:52:38.675+0000] {dag.py:3262} INFO - Creating ORM DAG for tutorial_dag
[2025-01-22T12:52:38.675+0000] {logging_mixin.py:190} INFO - [2025-01-22T12:52:38.675+0000] {dag.py:4180} INFO - Setting next_dagrun for tutorial_dag to None, run_after=None
[2025-01-22T12:52:38.691+0000] {processor.py:208} INFO - Processing /usr/local/python/3.12.1/lib/python3.12/site-packages/airflow/example_dags/tutorial_dag.py took 0.149 seconds
[2025-01-22T12:53:39.398+0000] {processor.py:186} INFO - Started process (PID=6287) to work on /usr/local/python/3.12.1/lib/python3.12/site-packages/airflow/example_dags/tutorial_dag.py
[2025-01-22T12:53:39.399+0000] {processor.py:914} INFO - Processing file /usr/local/python/3.12.1/lib/python3.12/site-packages/airflow/example_dags/tutorial_dag.py for tasks to queue
[2025-01-22T12:53:39.400+0000] {logging_mixin.py:190} INFO - [2025-01-22T12:53:39.400+0000] {dagbag.py:588} INFO - Filling up the DagBag from /usr/local/python/3.12.1/lib/python3.12/site-packages/airflow/example_dags/tutorial_dag.py
[2025-01-22T12:53:39.406+0000] {processor.py:925} INFO - DAG(s) 'tutorial_dag' retrieved from /usr/local/python/3.12.1/lib/python3.12/site-packages/airflow/example_dags/tutorial_dag.py
[2025-01-22T12:53:39.416+0000] {logging_mixin.py:190} INFO - [2025-01-22T12:53:39.416+0000] {dag.py:3239} INFO - Sync 1 DAGs
[2025-01-22T12:53:39.425+0000] {logging_mixin.py:190} INFO - [2025-01-22T12:53:39.425+0000] {dag.py:4180} INFO - Setting next_dagrun for tutorial_dag to None, run_after=None
[2025-01-22T12:53:39.439+0000] {processor.py:208} INFO - Processing /usr/local/python/3.12.1/lib/python3.12/site-packages/airflow/example_dags/tutorial_dag.py took 0.045 seconds
[2025-01-22T12:54:32.562+0000] {processor.py:186} INFO - Started process (PID=7018) to work on /usr/local/python/3.12.1/lib/python3.12/site-packages/airflow/example_dags/tutorial_dag.py
[2025-01-22T12:54:32.568+0000] {processor.py:914} INFO - Processing file /usr/local/python/3.12.1/lib/python3.12/site-packages/airflow/example_dags/tutorial_dag.py for tasks to queue
[2025-01-22T12:54:32.570+0000] {logging_mixin.py:190} INFO - [2025-01-22T12:54:32.570+0000] {dagbag.py:588} INFO - Filling up the DagBag from /usr/local/python/3.12.1/lib/python3.12/site-packages/airflow/example_dags/tutorial_dag.py
[2025-01-22T12:54:32.578+0000] {processor.py:925} INFO - DAG(s) 'tutorial_dag' retrieved from /usr/local/python/3.12.1/lib/python3.12/site-packages/airflow/example_dags/tutorial_dag.py
[2025-01-22T12:54:32.593+0000] {logging_mixin.py:190} INFO - [2025-01-22T12:54:32.593+0000] {dag.py:3239} INFO - Sync 1 DAGs
[2025-01-22T12:54:32.602+0000] {logging_mixin.py:190} INFO - [2025-01-22T12:54:32.602+0000] {dag.py:4180} INFO - Setting next_dagrun for tutorial_dag to None, run_after=None
[2025-01-22T12:54:32.616+0000] {processor.py:208} INFO - Processing /usr/local/python/3.12.1/lib/python3.12/site-packages/airflow/example_dags/tutorial_dag.py took 0.059 seconds
[2025-01-22T12:55:23.222+0000] {processor.py:186} INFO - Started process (PID=7435) to work on /usr/local/python/3.12.1/lib/python3.12/site-packages/airflow/example_dags/tutorial_dag.py
[2025-01-22T12:55:23.223+0000] {processor.py:914} INFO - Processing file /usr/local/python/3.12.1/lib/python3.12/site-packages/airflow/example_dags/tutorial_dag.py for tasks to queue
[2025-01-22T12:55:23.224+0000] {logging_mixin.py:190} INFO - [2025-01-22T12:55:23.224+0000] {dagbag.py:588} INFO - Filling up the DagBag from /usr/local/python/3.12.1/lib/python3.12/site-packages/airflow/example_dags/tutorial_dag.py
[2025-01-22T12:55:23.230+0000] {processor.py:925} INFO - DAG(s) 'tutorial_dag' retrieved from /usr/local/python/3.12.1/lib/python3.12/site-packages/airflow/example_dags/tutorial_dag.py
[2025-01-22T12:55:23.241+0000] {logging_mixin.py:190} INFO - [2025-01-22T12:55:23.240+0000] {dag.py:3239} INFO - Sync 1 DAGs
[2025-01-22T12:55:23.250+0000] {logging_mixin.py:190} INFO - [2025-01-22T12:55:23.250+0000] {dag.py:4180} INFO - Setting next_dagrun for tutorial_dag to None, run_after=None
[2025-01-22T12:55:23.264+0000] {processor.py:208} INFO - Processing /usr/local/python/3.12.1/lib/python3.12/site-packages/airflow/example_dags/tutorial_dag.py took 0.046 seconds
[2025-01-22T12:56:17.252+0000] {processor.py:186} INFO - Started process (PID=7868) to work on /usr/local/python/3.12.1/lib/python3.12/site-packages/airflow/example_dags/tutorial_dag.py
[2025-01-22T12:56:17.253+0000] {processor.py:914} INFO - Processing file /usr/local/python/3.12.1/lib/python3.12/site-packages/airflow/example_dags/tutorial_dag.py for tasks to queue
[2025-01-22T12:56:17.254+0000] {logging_mixin.py:190} INFO - [2025-01-22T12:56:17.254+0000] {dagbag.py:588} INFO - Filling up the DagBag from /usr/local/python/3.12.1/lib/python3.12/site-packages/airflow/example_dags/tutorial_dag.py
[2025-01-22T12:56:17.260+0000] {processor.py:925} INFO - DAG(s) 'tutorial_dag' retrieved from /usr/local/python/3.12.1/lib/python3.12/site-packages/airflow/example_dags/tutorial_dag.py
[2025-01-22T12:56:17.270+0000] {logging_mixin.py:190} INFO - [2025-01-22T12:56:17.270+0000] {dag.py:3239} INFO - Sync 1 DAGs
[2025-01-22T12:56:17.279+0000] {logging_mixin.py:190} INFO - [2025-01-22T12:56:17.279+0000] {dag.py:4180} INFO - Setting next_dagrun for tutorial_dag to None, run_after=None
[2025-01-22T12:56:17.293+0000] {processor.py:208} INFO - Processing /usr/local/python/3.12.1/lib/python3.12/site-packages/airflow/example_dags/tutorial_dag.py took 0.044 seconds
[2025-01-22T12:57:08.689+0000] {processor.py:186} INFO - Started process (PID=8290) to work on /usr/local/python/3.12.1/lib/python3.12/site-packages/airflow/example_dags/tutorial_dag.py
[2025-01-22T12:57:08.690+0000] {processor.py:914} INFO - Processing file /usr/local/python/3.12.1/lib/python3.12/site-packages/airflow/example_dags/tutorial_dag.py for tasks to queue
[2025-01-22T12:57:08.691+0000] {logging_mixin.py:190} INFO - [2025-01-22T12:57:08.691+0000] {dagbag.py:588} INFO - Filling up the DagBag from /usr/local/python/3.12.1/lib/python3.12/site-packages/airflow/example_dags/tutorial_dag.py
[2025-01-22T12:57:08.697+0000] {processor.py:925} INFO - DAG(s) 'tutorial_dag' retrieved from /usr/local/python/3.12.1/lib/python3.12/site-packages/airflow/example_dags/tutorial_dag.py
[2025-01-22T12:57:08.707+0000] {logging_mixin.py:190} INFO - [2025-01-22T12:57:08.707+0000] {dag.py:3239} INFO - Sync 1 DAGs
[2025-01-22T12:57:08.716+0000] {logging_mixin.py:190} INFO - [2025-01-22T12:57:08.716+0000] {dag.py:4180} INFO - Setting next_dagrun for tutorial_dag to None, run_after=None
[2025-01-22T12:57:08.730+0000] {processor.py:208} INFO - Processing /usr/local/python/3.12.1/lib/python3.12/site-packages/airflow/example_dags/tutorial_dag.py took 0.045 seconds
[2025-01-22T12:57:58.464+0000] {processor.py:186} INFO - Started process (PID=8772) to work on /usr/local/python/3.12.1/lib/python3.12/site-packages/airflow/example_dags/tutorial_dag.py
[2025-01-22T12:57:58.465+0000] {processor.py:914} INFO - Processing file /usr/local/python/3.12.1/lib/python3.12/site-packages/airflow/example_dags/tutorial_dag.py for tasks to queue
[2025-01-22T12:57:58.466+0000] {logging_mixin.py:190} INFO - [2025-01-22T12:57:58.466+0000] {dagbag.py:588} INFO - Filling up the DagBag from /usr/local/python/3.12.1/lib/python3.12/site-packages/airflow/example_dags/tutorial_dag.py
[2025-01-22T12:57:58.472+0000] {processor.py:925} INFO - DAG(s) 'tutorial_dag' retrieved from /usr/local/python/3.12.1/lib/python3.12/site-packages/airflow/example_dags/tutorial_dag.py
[2025-01-22T12:57:58.485+0000] {logging_mixin.py:190} INFO - [2025-01-22T12:57:58.485+0000] {dag.py:3239} INFO - Sync 1 DAGs
[2025-01-22T12:57:58.494+0000] {logging_mixin.py:190} INFO - [2025-01-22T12:57:58.494+0000] {dag.py:4180} INFO - Setting next_dagrun for tutorial_dag to None, run_after=None
[2025-01-22T12:57:58.508+0000] {processor.py:208} INFO - Processing /usr/local/python/3.12.1/lib/python3.12/site-packages/airflow/example_dags/tutorial_dag.py took 0.048 seconds
[2025-01-22T12:58:48.532+0000] {processor.py:186} INFO - Started process (PID=9190) to work on /usr/local/python/3.12.1/lib/python3.12/site-packages/airflow/example_dags/tutorial_dag.py
[2025-01-22T12:58:48.533+0000] {processor.py:914} INFO - Processing file /usr/local/python/3.12.1/lib/python3.12/site-packages/airflow/example_dags/tutorial_dag.py for tasks to queue
[2025-01-22T12:58:48.534+0000] {logging_mixin.py:190} INFO - [2025-01-22T12:58:48.534+0000] {dagbag.py:588} INFO - Filling up the DagBag from /usr/local/python/3.12.1/lib/python3.12/site-packages/airflow/example_dags/tutorial_dag.py
[2025-01-22T12:58:48.540+0000] {processor.py:925} INFO - DAG(s) 'tutorial_dag' retrieved from /usr/local/python/3.12.1/lib/python3.12/site-packages/airflow/example_dags/tutorial_dag.py
[2025-01-22T12:58:48.550+0000] {logging_mixin.py:190} INFO - [2025-01-22T12:58:48.550+0000] {dag.py:3239} INFO - Sync 1 DAGs
[2025-01-22T12:58:48.560+0000] {logging_mixin.py:190} INFO - [2025-01-22T12:58:48.559+0000] {dag.py:4180} INFO - Setting next_dagrun for tutorial_dag to None, run_after=None
[2025-01-22T12:58:48.574+0000] {processor.py:208} INFO - Processing /usr/local/python/3.12.1/lib/python3.12/site-packages/airflow/example_dags/tutorial_dag.py took 0.046 seconds
[2025-01-22T12:59:39.860+0000] {processor.py:186} INFO - Started process (PID=9615) to work on /usr/local/python/3.12.1/lib/python3.12/site-packages/airflow/example_dags/tutorial_dag.py
[2025-01-22T12:59:39.861+0000] {processor.py:914} INFO - Processing file /usr/local/python/3.12.1/lib/python3.12/site-packages/airflow/example_dags/tutorial_dag.py for tasks to queue
[2025-01-22T12:59:39.862+0000] {logging_mixin.py:190} INFO - [2025-01-22T12:59:39.862+0000] {dagbag.py:588} INFO - Filling up the DagBag from /usr/local/python/3.12.1/lib/python3.12/site-packages/airflow/example_dags/tutorial_dag.py
[2025-01-22T12:59:39.868+0000] {processor.py:925} INFO - DAG(s) 'tutorial_dag' retrieved from /usr/local/python/3.12.1/lib/python3.12/site-packages/airflow/example_dags/tutorial_dag.py
[2025-01-22T12:59:39.878+0000] {logging_mixin.py:190} INFO - [2025-01-22T12:59:39.878+0000] {dag.py:3239} INFO - Sync 1 DAGs
[2025-01-22T12:59:39.887+0000] {logging_mixin.py:190} INFO - [2025-01-22T12:59:39.887+0000] {dag.py:4180} INFO - Setting next_dagrun for tutorial_dag to None, run_after=None
[2025-01-22T12:59:39.901+0000] {processor.py:208} INFO - Processing /usr/local/python/3.12.1/lib/python3.12/site-packages/airflow/example_dags/tutorial_dag.py took 0.045 seconds
[2025-01-22T13:00:30.008+0000] {processor.py:186} INFO - Started process (PID=10029) to work on /usr/local/python/3.12.1/lib/python3.12/site-packages/airflow/example_dags/tutorial_dag.py
[2025-01-22T13:00:30.009+0000] {processor.py:914} INFO - Processing file /usr/local/python/3.12.1/lib/python3.12/site-packages/airflow/example_dags/tutorial_dag.py for tasks to queue
[2025-01-22T13:00:30.010+0000] {logging_mixin.py:190} INFO - [2025-01-22T13:00:30.010+0000] {dagbag.py:588} INFO - Filling up the DagBag from /usr/local/python/3.12.1/lib/python3.12/site-packages/airflow/example_dags/tutorial_dag.py
[2025-01-22T13:00:30.016+0000] {processor.py:925} INFO - DAG(s) 'tutorial_dag' retrieved from /usr/local/python/3.12.1/lib/python3.12/site-packages/airflow/example_dags/tutorial_dag.py
[2025-01-22T13:00:30.026+0000] {logging_mixin.py:190} INFO - [2025-01-22T13:00:30.026+0000] {dag.py:3239} INFO - Sync 1 DAGs
[2025-01-22T13:00:30.035+0000] {logging_mixin.py:190} INFO - [2025-01-22T13:00:30.035+0000] {dag.py:4180} INFO - Setting next_dagrun for tutorial_dag to None, run_after=None
[2025-01-22T13:00:30.049+0000] {processor.py:208} INFO - Processing /usr/local/python/3.12.1/lib/python3.12/site-packages/airflow/example_dags/tutorial_dag.py took 0.045 seconds
[2025-01-22T13:01:23.024+0000] {processor.py:186} INFO - Started process (PID=10462) to work on /usr/local/python/3.12.1/lib/python3.12/site-packages/airflow/example_dags/tutorial_dag.py
[2025-01-22T13:01:23.025+0000] {processor.py:914} INFO - Processing file /usr/local/python/3.12.1/lib/python3.12/site-packages/airflow/example_dags/tutorial_dag.py for tasks to queue
[2025-01-22T13:01:23.027+0000] {logging_mixin.py:190} INFO - [2025-01-22T13:01:23.026+0000] {dagbag.py:588} INFO - Filling up the DagBag from /usr/local/python/3.12.1/lib/python3.12/site-packages/airflow/example_dags/tutorial_dag.py
[2025-01-22T13:01:23.032+0000] {processor.py:925} INFO - DAG(s) 'tutorial_dag' retrieved from /usr/local/python/3.12.1/lib/python3.12/site-packages/airflow/example_dags/tutorial_dag.py
[2025-01-22T13:01:23.043+0000] {logging_mixin.py:190} INFO - [2025-01-22T13:01:23.043+0000] {dag.py:3239} INFO - Sync 1 DAGs
[2025-01-22T13:01:23.054+0000] {logging_mixin.py:190} INFO - [2025-01-22T13:01:23.054+0000] {dag.py:4180} INFO - Setting next_dagrun for tutorial_dag to None, run_after=None
[2025-01-22T13:01:23.068+0000] {processor.py:208} INFO - Processing /usr/local/python/3.12.1/lib/python3.12/site-packages/airflow/example_dags/tutorial_dag.py took 0.048 seconds
[2025-01-22T13:02:15.547+0000] {processor.py:186} INFO - Started process (PID=10829) to work on /usr/local/python/3.12.1/lib/python3.12/site-packages/airflow/example_dags/tutorial_dag.py
[2025-01-22T13:02:15.548+0000] {processor.py:914} INFO - Processing file /usr/local/python/3.12.1/lib/python3.12/site-packages/airflow/example_dags/tutorial_dag.py for tasks to queue
[2025-01-22T13:02:15.549+0000] {logging_mixin.py:190} INFO - [2025-01-22T13:02:15.549+0000] {dagbag.py:588} INFO - Filling up the DagBag from /usr/local/python/3.12.1/lib/python3.12/site-packages/airflow/example_dags/tutorial_dag.py
[2025-01-22T13:02:15.555+0000] {processor.py:925} INFO - DAG(s) 'tutorial_dag' retrieved from /usr/local/python/3.12.1/lib/python3.12/site-packages/airflow/example_dags/tutorial_dag.py
[2025-01-22T13:02:15.565+0000] {logging_mixin.py:190} INFO - [2025-01-22T13:02:15.565+0000] {dag.py:3239} INFO - Sync 1 DAGs
[2025-01-22T13:02:15.574+0000] {logging_mixin.py:190} INFO - [2025-01-22T13:02:15.574+0000] {dag.py:4180} INFO - Setting next_dagrun for tutorial_dag to None, run_after=None
[2025-01-22T13:02:15.589+0000] {processor.py:208} INFO - Processing /usr/local/python/3.12.1/lib/python3.12/site-packages/airflow/example_dags/tutorial_dag.py took 0.046 seconds
[2025-01-22T13:03:01.319+0000] {processor.py:186} INFO - Started process (PID=11290) to work on /usr/local/python/3.12.1/lib/python3.12/site-packages/airflow/example_dags/tutorial_dag.py
[2025-01-22T13:03:01.319+0000] {processor.py:914} INFO - Processing file /usr/local/python/3.12.1/lib/python3.12/site-packages/airflow/example_dags/tutorial_dag.py for tasks to queue
[2025-01-22T13:03:01.321+0000] {logging_mixin.py:190} INFO - [2025-01-22T13:03:01.321+0000] {dagbag.py:588} INFO - Filling up the DagBag from /usr/local/python/3.12.1/lib/python3.12/site-packages/airflow/example_dags/tutorial_dag.py
[2025-01-22T13:03:01.326+0000] {processor.py:925} INFO - DAG(s) 'tutorial_dag' retrieved from /usr/local/python/3.12.1/lib/python3.12/site-packages/airflow/example_dags/tutorial_dag.py
[2025-01-22T13:03:01.336+0000] {logging_mixin.py:190} INFO - [2025-01-22T13:03:01.336+0000] {dag.py:3239} INFO - Sync 1 DAGs
[2025-01-22T13:03:01.345+0000] {logging_mixin.py:190} INFO - [2025-01-22T13:03:01.345+0000] {dag.py:4180} INFO - Setting next_dagrun for tutorial_dag to None, run_after=None
[2025-01-22T13:03:01.362+0000] {processor.py:208} INFO - Processing /usr/local/python/3.12.1/lib/python3.12/site-packages/airflow/example_dags/tutorial_dag.py took 0.047 seconds
[2025-01-22T13:03:52.062+0000] {processor.py:186} INFO - Started process (PID=11715) to work on /usr/local/python/3.12.1/lib/python3.12/site-packages/airflow/example_dags/tutorial_dag.py
[2025-01-22T13:03:52.062+0000] {processor.py:914} INFO - Processing file /usr/local/python/3.12.1/lib/python3.12/site-packages/airflow/example_dags/tutorial_dag.py for tasks to queue
[2025-01-22T13:03:52.064+0000] {logging_mixin.py:190} INFO - [2025-01-22T13:03:52.064+0000] {dagbag.py:588} INFO - Filling up the DagBag from /usr/local/python/3.12.1/lib/python3.12/site-packages/airflow/example_dags/tutorial_dag.py
[2025-01-22T13:03:52.070+0000] {processor.py:925} INFO - DAG(s) 'tutorial_dag' retrieved from /usr/local/python/3.12.1/lib/python3.12/site-packages/airflow/example_dags/tutorial_dag.py
[2025-01-22T13:03:52.080+0000] {logging_mixin.py:190} INFO - [2025-01-22T13:03:52.080+0000] {dag.py:3239} INFO - Sync 1 DAGs
[2025-01-22T13:03:52.089+0000] {logging_mixin.py:190} INFO - [2025-01-22T13:03:52.089+0000] {dag.py:4180} INFO - Setting next_dagrun for tutorial_dag to None, run_after=None
[2025-01-22T13:03:52.104+0000] {processor.py:208} INFO - Processing /usr/local/python/3.12.1/lib/python3.12/site-packages/airflow/example_dags/tutorial_dag.py took 0.046 seconds
[2025-01-22T13:04:44.456+0000] {processor.py:186} INFO - Started process (PID=12139) to work on /usr/local/python/3.12.1/lib/python3.12/site-packages/airflow/example_dags/tutorial_dag.py
[2025-01-22T13:04:44.456+0000] {processor.py:914} INFO - Processing file /usr/local/python/3.12.1/lib/python3.12/site-packages/airflow/example_dags/tutorial_dag.py for tasks to queue
[2025-01-22T13:04:44.458+0000] {logging_mixin.py:190} INFO - [2025-01-22T13:04:44.458+0000] {dagbag.py:588} INFO - Filling up the DagBag from /usr/local/python/3.12.1/lib/python3.12/site-packages/airflow/example_dags/tutorial_dag.py
[2025-01-22T13:04:44.463+0000] {processor.py:925} INFO - DAG(s) 'tutorial_dag' retrieved from /usr/local/python/3.12.1/lib/python3.12/site-packages/airflow/example_dags/tutorial_dag.py
[2025-01-22T13:04:44.474+0000] {logging_mixin.py:190} INFO - [2025-01-22T13:04:44.474+0000] {dag.py:3239} INFO - Sync 1 DAGs
[2025-01-22T13:04:44.483+0000] {logging_mixin.py:190} INFO - [2025-01-22T13:04:44.483+0000] {dag.py:4180} INFO - Setting next_dagrun for tutorial_dag to None, run_after=None
[2025-01-22T13:04:44.497+0000] {processor.py:208} INFO - Processing /usr/local/python/3.12.1/lib/python3.12/site-packages/airflow/example_dags/tutorial_dag.py took 0.045 seconds
[2025-01-22T13:05:35.104+0000] {processor.py:186} INFO - Started process (PID=12559) to work on /usr/local/python/3.12.1/lib/python3.12/site-packages/airflow/example_dags/tutorial_dag.py
[2025-01-22T13:05:35.105+0000] {processor.py:914} INFO - Processing file /usr/local/python/3.12.1/lib/python3.12/site-packages/airflow/example_dags/tutorial_dag.py for tasks to queue
[2025-01-22T13:05:35.106+0000] {logging_mixin.py:190} INFO - [2025-01-22T13:05:35.106+0000] {dagbag.py:588} INFO - Filling up the DagBag from /usr/local/python/3.12.1/lib/python3.12/site-packages/airflow/example_dags/tutorial_dag.py
[2025-01-22T13:05:35.112+0000] {processor.py:925} INFO - DAG(s) 'tutorial_dag' retrieved from /usr/local/python/3.12.1/lib/python3.12/site-packages/airflow/example_dags/tutorial_dag.py
[2025-01-22T13:05:35.122+0000] {logging_mixin.py:190} INFO - [2025-01-22T13:05:35.122+0000] {dag.py:3239} INFO - Sync 1 DAGs
[2025-01-22T13:05:35.131+0000] {logging_mixin.py:190} INFO - [2025-01-22T13:05:35.131+0000] {dag.py:4180} INFO - Setting next_dagrun for tutorial_dag to None, run_after=None
[2025-01-22T13:05:35.146+0000] {processor.py:208} INFO - Processing /usr/local/python/3.12.1/lib/python3.12/site-packages/airflow/example_dags/tutorial_dag.py took 0.046 seconds
[2025-01-22T13:06:25.364+0000] {processor.py:186} INFO - Started process (PID=12985) to work on /usr/local/python/3.12.1/lib/python3.12/site-packages/airflow/example_dags/tutorial_dag.py
[2025-01-22T13:06:25.364+0000] {processor.py:914} INFO - Processing file /usr/local/python/3.12.1/lib/python3.12/site-packages/airflow/example_dags/tutorial_dag.py for tasks to queue
[2025-01-22T13:06:25.366+0000] {logging_mixin.py:190} INFO - [2025-01-22T13:06:25.366+0000] {dagbag.py:588} INFO - Filling up the DagBag from /usr/local/python/3.12.1/lib/python3.12/site-packages/airflow/example_dags/tutorial_dag.py
[2025-01-22T13:06:25.374+0000] {processor.py:925} INFO - DAG(s) 'tutorial_dag' retrieved from /usr/local/python/3.12.1/lib/python3.12/site-packages/airflow/example_dags/tutorial_dag.py
[2025-01-22T13:06:25.384+0000] {logging_mixin.py:190} INFO - [2025-01-22T13:06:25.384+0000] {dag.py:3239} INFO - Sync 1 DAGs
[2025-01-22T13:06:25.393+0000] {logging_mixin.py:190} INFO - [2025-01-22T13:06:25.393+0000] {dag.py:4180} INFO - Setting next_dagrun for tutorial_dag to None, run_after=None
[2025-01-22T13:06:25.407+0000] {processor.py:208} INFO - Processing /usr/local/python/3.12.1/lib/python3.12/site-packages/airflow/example_dags/tutorial_dag.py took 0.049 seconds
[2025-01-22T13:07:13.362+0000] {processor.py:186} INFO - Started process (PID=13326) to work on /usr/local/python/3.12.1/lib/python3.12/site-packages/airflow/example_dags/tutorial_dag.py
[2025-01-22T13:07:13.363+0000] {processor.py:914} INFO - Processing file /usr/local/python/3.12.1/lib/python3.12/site-packages/airflow/example_dags/tutorial_dag.py for tasks to queue
[2025-01-22T13:07:13.365+0000] {logging_mixin.py:190} INFO - [2025-01-22T13:07:13.364+0000] {dagbag.py:588} INFO - Filling up the DagBag from /usr/local/python/3.12.1/lib/python3.12/site-packages/airflow/example_dags/tutorial_dag.py
[2025-01-22T13:07:13.370+0000] {processor.py:925} INFO - DAG(s) 'tutorial_dag' retrieved from /usr/local/python/3.12.1/lib/python3.12/site-packages/airflow/example_dags/tutorial_dag.py
[2025-01-22T13:07:13.380+0000] {logging_mixin.py:190} INFO - [2025-01-22T13:07:13.380+0000] {dag.py:3239} INFO - Sync 1 DAGs
[2025-01-22T13:07:13.389+0000] {logging_mixin.py:190} INFO - [2025-01-22T13:07:13.389+0000] {dag.py:4180} INFO - Setting next_dagrun for tutorial_dag to None, run_after=None
[2025-01-22T13:07:13.404+0000] {processor.py:208} INFO - Processing /usr/local/python/3.12.1/lib/python3.12/site-packages/airflow/example_dags/tutorial_dag.py took 0.045 seconds
[2025-01-22T13:08:07.837+0000] {processor.py:186} INFO - Started process (PID=13897) to work on /usr/local/python/3.12.1/lib/python3.12/site-packages/airflow/example_dags/tutorial_dag.py
[2025-01-22T13:08:07.839+0000] {processor.py:914} INFO - Processing file /usr/local/python/3.12.1/lib/python3.12/site-packages/airflow/example_dags/tutorial_dag.py for tasks to queue
[2025-01-22T13:08:07.843+0000] {logging_mixin.py:190} INFO - [2025-01-22T13:08:07.843+0000] {dagbag.py:588} INFO - Filling up the DagBag from /usr/local/python/3.12.1/lib/python3.12/site-packages/airflow/example_dags/tutorial_dag.py
[2025-01-22T13:08:07.851+0000] {processor.py:925} INFO - DAG(s) 'tutorial_dag' retrieved from /usr/local/python/3.12.1/lib/python3.12/site-packages/airflow/example_dags/tutorial_dag.py
[2025-01-22T13:08:07.870+0000] {logging_mixin.py:190} INFO - [2025-01-22T13:08:07.870+0000] {dag.py:3239} INFO - Sync 1 DAGs
[2025-01-22T13:08:07.884+0000] {logging_mixin.py:190} INFO - [2025-01-22T13:08:07.884+0000] {dag.py:4180} INFO - Setting next_dagrun for tutorial_dag to None, run_after=None
[2025-01-22T13:08:07.901+0000] {processor.py:208} INFO - Processing /usr/local/python/3.12.1/lib/python3.12/site-packages/airflow/example_dags/tutorial_dag.py took 0.072 seconds
[2025-01-22T13:08:59.370+0000] {processor.py:186} INFO - Started process (PID=14448) to work on /usr/local/python/3.12.1/lib/python3.12/site-packages/airflow/example_dags/tutorial_dag.py
[2025-01-22T13:08:59.371+0000] {processor.py:914} INFO - Processing file /usr/local/python/3.12.1/lib/python3.12/site-packages/airflow/example_dags/tutorial_dag.py for tasks to queue
[2025-01-22T13:08:59.372+0000] {logging_mixin.py:190} INFO - [2025-01-22T13:08:59.372+0000] {dagbag.py:588} INFO - Filling up the DagBag from /usr/local/python/3.12.1/lib/python3.12/site-packages/airflow/example_dags/tutorial_dag.py
[2025-01-22T13:08:59.378+0000] {processor.py:925} INFO - DAG(s) 'tutorial_dag' retrieved from /usr/local/python/3.12.1/lib/python3.12/site-packages/airflow/example_dags/tutorial_dag.py
[2025-01-22T13:08:59.389+0000] {logging_mixin.py:190} INFO - [2025-01-22T13:08:59.389+0000] {dag.py:3239} INFO - Sync 1 DAGs
[2025-01-22T13:08:59.399+0000] {logging_mixin.py:190} INFO - [2025-01-22T13:08:59.398+0000] {dag.py:4180} INFO - Setting next_dagrun for tutorial_dag to None, run_after=None
[2025-01-22T13:08:59.413+0000] {processor.py:208} INFO - Processing /usr/local/python/3.12.1/lib/python3.12/site-packages/airflow/example_dags/tutorial_dag.py took 0.046 seconds
[2025-01-22T13:09:48.197+0000] {processor.py:186} INFO - Started process (PID=14857) to work on /usr/local/python/3.12.1/lib/python3.12/site-packages/airflow/example_dags/tutorial_dag.py
[2025-01-22T13:09:48.197+0000] {processor.py:914} INFO - Processing file /usr/local/python/3.12.1/lib/python3.12/site-packages/airflow/example_dags/tutorial_dag.py for tasks to queue
[2025-01-22T13:09:48.199+0000] {logging_mixin.py:190} INFO - [2025-01-22T13:09:48.198+0000] {dagbag.py:588} INFO - Filling up the DagBag from /usr/local/python/3.12.1/lib/python3.12/site-packages/airflow/example_dags/tutorial_dag.py
[2025-01-22T13:09:48.205+0000] {processor.py:925} INFO - DAG(s) 'tutorial_dag' retrieved from /usr/local/python/3.12.1/lib/python3.12/site-packages/airflow/example_dags/tutorial_dag.py
[2025-01-22T13:09:48.216+0000] {logging_mixin.py:190} INFO - [2025-01-22T13:09:48.215+0000] {dag.py:3239} INFO - Sync 1 DAGs
[2025-01-22T13:09:48.225+0000] {logging_mixin.py:190} INFO - [2025-01-22T13:09:48.225+0000] {dag.py:4180} INFO - Setting next_dagrun for tutorial_dag to None, run_after=None
[2025-01-22T13:09:48.239+0000] {processor.py:208} INFO - Processing /usr/local/python/3.12.1/lib/python3.12/site-packages/airflow/example_dags/tutorial_dag.py took 0.046 seconds
[2025-01-22T13:10:38.568+0000] {processor.py:186} INFO - Started process (PID=15272) to work on /usr/local/python/3.12.1/lib/python3.12/site-packages/airflow/example_dags/tutorial_dag.py
[2025-01-22T13:10:38.568+0000] {processor.py:914} INFO - Processing file /usr/local/python/3.12.1/lib/python3.12/site-packages/airflow/example_dags/tutorial_dag.py for tasks to queue
[2025-01-22T13:10:38.570+0000] {logging_mixin.py:190} INFO - [2025-01-22T13:10:38.570+0000] {dagbag.py:588} INFO - Filling up the DagBag from /usr/local/python/3.12.1/lib/python3.12/site-packages/airflow/example_dags/tutorial_dag.py
[2025-01-22T13:10:38.575+0000] {processor.py:925} INFO - DAG(s) 'tutorial_dag' retrieved from /usr/local/python/3.12.1/lib/python3.12/site-packages/airflow/example_dags/tutorial_dag.py
[2025-01-22T13:10:38.586+0000] {logging_mixin.py:190} INFO - [2025-01-22T13:10:38.586+0000] {dag.py:3239} INFO - Sync 1 DAGs
[2025-01-22T13:10:38.594+0000] {logging_mixin.py:190} INFO - [2025-01-22T13:10:38.594+0000] {dag.py:4180} INFO - Setting next_dagrun for tutorial_dag to None, run_after=None
[2025-01-22T13:10:38.609+0000] {processor.py:208} INFO - Processing /usr/local/python/3.12.1/lib/python3.12/site-packages/airflow/example_dags/tutorial_dag.py took 0.045 seconds
[2025-01-22T13:11:27.982+0000] {processor.py:186} INFO - Started process (PID=15687) to work on /usr/local/python/3.12.1/lib/python3.12/site-packages/airflow/example_dags/tutorial_dag.py
[2025-01-22T13:11:27.983+0000] {processor.py:914} INFO - Processing file /usr/local/python/3.12.1/lib/python3.12/site-packages/airflow/example_dags/tutorial_dag.py for tasks to queue
[2025-01-22T13:11:27.985+0000] {logging_mixin.py:190} INFO - [2025-01-22T13:11:27.985+0000] {dagbag.py:588} INFO - Filling up the DagBag from /usr/local/python/3.12.1/lib/python3.12/site-packages/airflow/example_dags/tutorial_dag.py
[2025-01-22T13:11:27.991+0000] {processor.py:925} INFO - DAG(s) 'tutorial_dag' retrieved from /usr/local/python/3.12.1/lib/python3.12/site-packages/airflow/example_dags/tutorial_dag.py
[2025-01-22T13:11:28.002+0000] {logging_mixin.py:190} INFO - [2025-01-22T13:11:28.001+0000] {dag.py:3239} INFO - Sync 1 DAGs
[2025-01-22T13:11:28.010+0000] {logging_mixin.py:190} INFO - [2025-01-22T13:11:28.010+0000] {dag.py:4180} INFO - Setting next_dagrun for tutorial_dag to None, run_after=None
[2025-01-22T13:11:28.025+0000] {processor.py:208} INFO - Processing /usr/local/python/3.12.1/lib/python3.12/site-packages/airflow/example_dags/tutorial_dag.py took 0.048 seconds
[2025-01-22T13:12:18.763+0000] {processor.py:186} INFO - Started process (PID=16042) to work on /usr/local/python/3.12.1/lib/python3.12/site-packages/airflow/example_dags/tutorial_dag.py
[2025-01-22T13:12:18.763+0000] {processor.py:914} INFO - Processing file /usr/local/python/3.12.1/lib/python3.12/site-packages/airflow/example_dags/tutorial_dag.py for tasks to queue
[2025-01-22T13:12:18.765+0000] {logging_mixin.py:190} INFO - [2025-01-22T13:12:18.765+0000] {dagbag.py:588} INFO - Filling up the DagBag from /usr/local/python/3.12.1/lib/python3.12/site-packages/airflow/example_dags/tutorial_dag.py
[2025-01-22T13:12:18.770+0000] {processor.py:925} INFO - DAG(s) 'tutorial_dag' retrieved from /usr/local/python/3.12.1/lib/python3.12/site-packages/airflow/example_dags/tutorial_dag.py
[2025-01-22T13:12:18.781+0000] {logging_mixin.py:190} INFO - [2025-01-22T13:12:18.781+0000] {dag.py:3239} INFO - Sync 1 DAGs
[2025-01-22T13:12:18.790+0000] {logging_mixin.py:190} INFO - [2025-01-22T13:12:18.789+0000] {dag.py:4180} INFO - Setting next_dagrun for tutorial_dag to None, run_after=None
[2025-01-22T13:12:18.804+0000] {processor.py:208} INFO - Processing /usr/local/python/3.12.1/lib/python3.12/site-packages/airflow/example_dags/tutorial_dag.py took 0.046 seconds
[2025-01-22T13:13:10.654+0000] {processor.py:186} INFO - Started process (PID=16528) to work on /usr/local/python/3.12.1/lib/python3.12/site-packages/airflow/example_dags/tutorial_dag.py
[2025-01-22T13:13:10.654+0000] {processor.py:914} INFO - Processing file /usr/local/python/3.12.1/lib/python3.12/site-packages/airflow/example_dags/tutorial_dag.py for tasks to queue
[2025-01-22T13:13:10.656+0000] {logging_mixin.py:190} INFO - [2025-01-22T13:13:10.656+0000] {dagbag.py:588} INFO - Filling up the DagBag from /usr/local/python/3.12.1/lib/python3.12/site-packages/airflow/example_dags/tutorial_dag.py
[2025-01-22T13:13:10.661+0000] {processor.py:925} INFO - DAG(s) 'tutorial_dag' retrieved from /usr/local/python/3.12.1/lib/python3.12/site-packages/airflow/example_dags/tutorial_dag.py
[2025-01-22T13:13:10.671+0000] {logging_mixin.py:190} INFO - [2025-01-22T13:13:10.671+0000] {dag.py:3239} INFO - Sync 1 DAGs
[2025-01-22T13:13:10.680+0000] {logging_mixin.py:190} INFO - [2025-01-22T13:13:10.680+0000] {dag.py:4180} INFO - Setting next_dagrun for tutorial_dag to None, run_after=None
[2025-01-22T13:13:10.699+0000] {processor.py:208} INFO - Processing /usr/local/python/3.12.1/lib/python3.12/site-packages/airflow/example_dags/tutorial_dag.py took 0.049 seconds
[2025-01-22T13:14:03.069+0000] {processor.py:186} INFO - Started process (PID=16960) to work on /usr/local/python/3.12.1/lib/python3.12/site-packages/airflow/example_dags/tutorial_dag.py
[2025-01-22T13:14:03.070+0000] {processor.py:914} INFO - Processing file /usr/local/python/3.12.1/lib/python3.12/site-packages/airflow/example_dags/tutorial_dag.py for tasks to queue
[2025-01-22T13:14:03.071+0000] {logging_mixin.py:190} INFO - [2025-01-22T13:14:03.071+0000] {dagbag.py:588} INFO - Filling up the DagBag from /usr/local/python/3.12.1/lib/python3.12/site-packages/airflow/example_dags/tutorial_dag.py
[2025-01-22T13:14:03.077+0000] {processor.py:925} INFO - DAG(s) 'tutorial_dag' retrieved from /usr/local/python/3.12.1/lib/python3.12/site-packages/airflow/example_dags/tutorial_dag.py
[2025-01-22T13:14:03.088+0000] {logging_mixin.py:190} INFO - [2025-01-22T13:14:03.088+0000] {dag.py:3239} INFO - Sync 1 DAGs
[2025-01-22T13:14:03.097+0000] {logging_mixin.py:190} INFO - [2025-01-22T13:14:03.097+0000] {dag.py:4180} INFO - Setting next_dagrun for tutorial_dag to None, run_after=None
[2025-01-22T13:14:03.111+0000] {processor.py:208} INFO - Processing /usr/local/python/3.12.1/lib/python3.12/site-packages/airflow/example_dags/tutorial_dag.py took 0.046 seconds
[2025-01-22T13:14:56.080+0000] {processor.py:186} INFO - Started process (PID=17393) to work on /usr/local/python/3.12.1/lib/python3.12/site-packages/airflow/example_dags/tutorial_dag.py
[2025-01-22T13:14:56.080+0000] {processor.py:914} INFO - Processing file /usr/local/python/3.12.1/lib/python3.12/site-packages/airflow/example_dags/tutorial_dag.py for tasks to queue
[2025-01-22T13:14:56.082+0000] {logging_mixin.py:190} INFO - [2025-01-22T13:14:56.082+0000] {dagbag.py:588} INFO - Filling up the DagBag from /usr/local/python/3.12.1/lib/python3.12/site-packages/airflow/example_dags/tutorial_dag.py
[2025-01-22T13:14:56.088+0000] {processor.py:925} INFO - DAG(s) 'tutorial_dag' retrieved from /usr/local/python/3.12.1/lib/python3.12/site-packages/airflow/example_dags/tutorial_dag.py
[2025-01-22T13:14:56.098+0000] {logging_mixin.py:190} INFO - [2025-01-22T13:14:56.098+0000] {dag.py:3239} INFO - Sync 1 DAGs
[2025-01-22T13:14:56.108+0000] {logging_mixin.py:190} INFO - [2025-01-22T13:14:56.107+0000] {dag.py:4180} INFO - Setting next_dagrun for tutorial_dag to None, run_after=None
[2025-01-22T13:14:56.122+0000] {processor.py:208} INFO - Processing /usr/local/python/3.12.1/lib/python3.12/site-packages/airflow/example_dags/tutorial_dag.py took 0.046 seconds
[2025-01-22T13:15:44.014+0000] {processor.py:186} INFO - Started process (PID=17807) to work on /usr/local/python/3.12.1/lib/python3.12/site-packages/airflow/example_dags/tutorial_dag.py
[2025-01-22T13:15:44.014+0000] {processor.py:914} INFO - Processing file /usr/local/python/3.12.1/lib/python3.12/site-packages/airflow/example_dags/tutorial_dag.py for tasks to queue
[2025-01-22T13:15:44.016+0000] {logging_mixin.py:190} INFO - [2025-01-22T13:15:44.016+0000] {dagbag.py:588} INFO - Filling up the DagBag from /usr/local/python/3.12.1/lib/python3.12/site-packages/airflow/example_dags/tutorial_dag.py
[2025-01-22T13:15:44.021+0000] {processor.py:925} INFO - DAG(s) 'tutorial_dag' retrieved from /usr/local/python/3.12.1/lib/python3.12/site-packages/airflow/example_dags/tutorial_dag.py
[2025-01-22T13:15:44.032+0000] {logging_mixin.py:190} INFO - [2025-01-22T13:15:44.032+0000] {dag.py:3239} INFO - Sync 1 DAGs
[2025-01-22T13:15:44.041+0000] {logging_mixin.py:190} INFO - [2025-01-22T13:15:44.041+0000] {dag.py:4180} INFO - Setting next_dagrun for tutorial_dag to None, run_after=None
[2025-01-22T13:15:44.055+0000] {processor.py:208} INFO - Processing /usr/local/python/3.12.1/lib/python3.12/site-packages/airflow/example_dags/tutorial_dag.py took 0.045 seconds
[2025-01-22T13:16:34.158+0000] {processor.py:186} INFO - Started process (PID=18216) to work on /usr/local/python/3.12.1/lib/python3.12/site-packages/airflow/example_dags/tutorial_dag.py
[2025-01-22T13:16:34.159+0000] {processor.py:914} INFO - Processing file /usr/local/python/3.12.1/lib/python3.12/site-packages/airflow/example_dags/tutorial_dag.py for tasks to queue
[2025-01-22T13:16:34.161+0000] {logging_mixin.py:190} INFO - [2025-01-22T13:16:34.160+0000] {dagbag.py:588} INFO - Filling up the DagBag from /usr/local/python/3.12.1/lib/python3.12/site-packages/airflow/example_dags/tutorial_dag.py
[2025-01-22T13:16:34.166+0000] {processor.py:925} INFO - DAG(s) 'tutorial_dag' retrieved from /usr/local/python/3.12.1/lib/python3.12/site-packages/airflow/example_dags/tutorial_dag.py
[2025-01-22T13:16:34.177+0000] {logging_mixin.py:190} INFO - [2025-01-22T13:16:34.177+0000] {dag.py:3239} INFO - Sync 1 DAGs
[2025-01-22T13:16:34.186+0000] {logging_mixin.py:190} INFO - [2025-01-22T13:16:34.186+0000] {dag.py:4180} INFO - Setting next_dagrun for tutorial_dag to None, run_after=None
[2025-01-22T13:16:34.201+0000] {processor.py:208} INFO - Processing /usr/local/python/3.12.1/lib/python3.12/site-packages/airflow/example_dags/tutorial_dag.py took 0.046 seconds
[2025-01-22T13:17:27.531+0000] {processor.py:186} INFO - Started process (PID=18719) to work on /usr/local/python/3.12.1/lib/python3.12/site-packages/airflow/example_dags/tutorial_dag.py
[2025-01-22T13:17:27.531+0000] {processor.py:914} INFO - Processing file /usr/local/python/3.12.1/lib/python3.12/site-packages/airflow/example_dags/tutorial_dag.py for tasks to queue
[2025-01-22T13:17:27.533+0000] {logging_mixin.py:190} INFO - [2025-01-22T13:17:27.533+0000] {dagbag.py:588} INFO - Filling up the DagBag from /usr/local/python/3.12.1/lib/python3.12/site-packages/airflow/example_dags/tutorial_dag.py
[2025-01-22T13:17:27.539+0000] {processor.py:925} INFO - DAG(s) 'tutorial_dag' retrieved from /usr/local/python/3.12.1/lib/python3.12/site-packages/airflow/example_dags/tutorial_dag.py
[2025-01-22T13:17:27.550+0000] {logging_mixin.py:190} INFO - [2025-01-22T13:17:27.550+0000] {dag.py:3239} INFO - Sync 1 DAGs
[2025-01-22T13:17:27.559+0000] {logging_mixin.py:190} INFO - [2025-01-22T13:17:27.559+0000] {dag.py:4180} INFO - Setting next_dagrun for tutorial_dag to None, run_after=None
[2025-01-22T13:17:27.574+0000] {processor.py:208} INFO - Processing /usr/local/python/3.12.1/lib/python3.12/site-packages/airflow/example_dags/tutorial_dag.py took 0.047 seconds
[2025-01-22T13:18:17.906+0000] {processor.py:186} INFO - Started process (PID=19077) to work on /usr/local/python/3.12.1/lib/python3.12/site-packages/airflow/example_dags/tutorial_dag.py
[2025-01-22T13:18:17.907+0000] {processor.py:914} INFO - Processing file /usr/local/python/3.12.1/lib/python3.12/site-packages/airflow/example_dags/tutorial_dag.py for tasks to queue
[2025-01-22T13:18:17.909+0000] {logging_mixin.py:190} INFO - [2025-01-22T13:18:17.908+0000] {dagbag.py:588} INFO - Filling up the DagBag from /usr/local/python/3.12.1/lib/python3.12/site-packages/airflow/example_dags/tutorial_dag.py
[2025-01-22T13:18:17.914+0000] {processor.py:925} INFO - DAG(s) 'tutorial_dag' retrieved from /usr/local/python/3.12.1/lib/python3.12/site-packages/airflow/example_dags/tutorial_dag.py
[2025-01-22T13:18:17.925+0000] {logging_mixin.py:190} INFO - [2025-01-22T13:18:17.925+0000] {dag.py:3239} INFO - Sync 1 DAGs
[2025-01-22T13:18:17.934+0000] {logging_mixin.py:190} INFO - [2025-01-22T13:18:17.934+0000] {dag.py:4180} INFO - Setting next_dagrun for tutorial_dag to None, run_after=None
[2025-01-22T13:18:17.949+0000] {processor.py:208} INFO - Processing /usr/local/python/3.12.1/lib/python3.12/site-packages/airflow/example_dags/tutorial_dag.py took 0.047 seconds
[2025-01-22T13:19:07.191+0000] {processor.py:186} INFO - Started process (PID=19854) to work on /usr/local/python/3.12.1/lib/python3.12/site-packages/airflow/example_dags/tutorial_dag.py
[2025-01-22T13:19:07.192+0000] {processor.py:914} INFO - Processing file /usr/local/python/3.12.1/lib/python3.12/site-packages/airflow/example_dags/tutorial_dag.py for tasks to queue
[2025-01-22T13:19:07.193+0000] {logging_mixin.py:190} INFO - [2025-01-22T13:19:07.193+0000] {dagbag.py:588} INFO - Filling up the DagBag from /usr/local/python/3.12.1/lib/python3.12/site-packages/airflow/example_dags/tutorial_dag.py
[2025-01-22T13:19:07.200+0000] {processor.py:925} INFO - DAG(s) 'tutorial_dag' retrieved from /usr/local/python/3.12.1/lib/python3.12/site-packages/airflow/example_dags/tutorial_dag.py
[2025-01-22T13:19:07.215+0000] {logging_mixin.py:190} INFO - [2025-01-22T13:19:07.215+0000] {dag.py:3239} INFO - Sync 1 DAGs
[2025-01-22T13:19:07.230+0000] {logging_mixin.py:190} INFO - [2025-01-22T13:19:07.230+0000] {dag.py:4180} INFO - Setting next_dagrun for tutorial_dag to None, run_after=None
[2025-01-22T13:19:07.250+0000] {processor.py:208} INFO - Processing /usr/local/python/3.12.1/lib/python3.12/site-packages/airflow/example_dags/tutorial_dag.py took 0.062 seconds
[2025-01-22T13:19:57.875+0000] {processor.py:186} INFO - Started process (PID=20820) to work on /usr/local/python/3.12.1/lib/python3.12/site-packages/airflow/example_dags/tutorial_dag.py
[2025-01-22T13:19:57.876+0000] {processor.py:914} INFO - Processing file /usr/local/python/3.12.1/lib/python3.12/site-packages/airflow/example_dags/tutorial_dag.py for tasks to queue
[2025-01-22T13:19:57.877+0000] {logging_mixin.py:190} INFO - [2025-01-22T13:19:57.877+0000] {dagbag.py:588} INFO - Filling up the DagBag from /usr/local/python/3.12.1/lib/python3.12/site-packages/airflow/example_dags/tutorial_dag.py
[2025-01-22T13:19:57.883+0000] {processor.py:925} INFO - DAG(s) 'tutorial_dag' retrieved from /usr/local/python/3.12.1/lib/python3.12/site-packages/airflow/example_dags/tutorial_dag.py
[2025-01-22T13:19:57.894+0000] {logging_mixin.py:190} INFO - [2025-01-22T13:19:57.893+0000] {dag.py:3239} INFO - Sync 1 DAGs
[2025-01-22T13:19:57.902+0000] {logging_mixin.py:190} INFO - [2025-01-22T13:19:57.902+0000] {dag.py:4180} INFO - Setting next_dagrun for tutorial_dag to None, run_after=None
[2025-01-22T13:19:57.916+0000] {processor.py:208} INFO - Processing /usr/local/python/3.12.1/lib/python3.12/site-packages/airflow/example_dags/tutorial_dag.py took 0.045 seconds
[2025-01-22T13:20:46.512+0000] {processor.py:186} INFO - Started process (PID=21452) to work on /usr/local/python/3.12.1/lib/python3.12/site-packages/airflow/example_dags/tutorial_dag.py
[2025-01-22T13:20:46.512+0000] {processor.py:914} INFO - Processing file /usr/local/python/3.12.1/lib/python3.12/site-packages/airflow/example_dags/tutorial_dag.py for tasks to queue
[2025-01-22T13:20:46.514+0000] {logging_mixin.py:190} INFO - [2025-01-22T13:20:46.513+0000] {dagbag.py:588} INFO - Filling up the DagBag from /usr/local/python/3.12.1/lib/python3.12/site-packages/airflow/example_dags/tutorial_dag.py
[2025-01-22T13:20:46.519+0000] {processor.py:925} INFO - DAG(s) 'tutorial_dag' retrieved from /usr/local/python/3.12.1/lib/python3.12/site-packages/airflow/example_dags/tutorial_dag.py
[2025-01-22T13:20:46.529+0000] {logging_mixin.py:190} INFO - [2025-01-22T13:20:46.529+0000] {dag.py:3239} INFO - Sync 1 DAGs
[2025-01-22T13:20:46.539+0000] {logging_mixin.py:190} INFO - [2025-01-22T13:20:46.538+0000] {dag.py:4180} INFO - Setting next_dagrun for tutorial_dag to None, run_after=None
[2025-01-22T13:20:46.554+0000] {processor.py:208} INFO - Processing /usr/local/python/3.12.1/lib/python3.12/site-packages/airflow/example_dags/tutorial_dag.py took 0.046 seconds
