[2025-01-22T12:52:22.506+0000] {processor.py:186} INFO - Started process (PID=5075) to work on /usr/local/python/3.12.1/lib/python3.12/site-packages/airflow/example_dags/tutorial_taskflow_api_virtualenv.py
[2025-01-22T12:52:22.507+0000] {processor.py:914} INFO - Processing file /usr/local/python/3.12.1/lib/python3.12/site-packages/airflow/example_dags/tutorial_taskflow_api_virtualenv.py for tasks to queue
[2025-01-22T12:52:22.509+0000] {logging_mixin.py:190} INFO - [2025-01-22T12:52:22.508+0000] {dagbag.py:588} INFO - Filling up the DagBag from /usr/local/python/3.12.1/lib/python3.12/site-packages/airflow/example_dags/tutorial_taskflow_api_virtualenv.py
[2025-01-22T12:52:22.566+0000] {processor.py:925} INFO - DAG(s) 'tutorial_taskflow_api_virtualenv' retrieved from /usr/local/python/3.12.1/lib/python3.12/site-packages/airflow/example_dags/tutorial_taskflow_api_virtualenv.py
[2025-01-22T12:52:22.688+0000] {logging_mixin.py:190} INFO - [2025-01-22T12:52:22.687+0000] {override.py:1911} INFO - Created Permission View: can delete on DAG:tutorial_taskflow_api_virtualenv
[2025-01-22T12:52:22.698+0000] {logging_mixin.py:190} INFO - [2025-01-22T12:52:22.698+0000] {override.py:1911} INFO - Created Permission View: can edit on DAG:tutorial_taskflow_api_virtualenv
[2025-01-22T12:52:22.705+0000] {logging_mixin.py:190} INFO - [2025-01-22T12:52:22.704+0000] {override.py:1911} INFO - Created Permission View: can read on DAG:tutorial_taskflow_api_virtualenv
[2025-01-22T12:52:22.714+0000] {logging_mixin.py:190} INFO - [2025-01-22T12:52:22.713+0000] {override.py:1911} INFO - Created Permission View: can create on DAG Run:tutorial_taskflow_api_virtualenv
[2025-01-22T12:52:22.720+0000] {logging_mixin.py:190} INFO - [2025-01-22T12:52:22.720+0000] {override.py:1911} INFO - Created Permission View: can read on DAG Run:tutorial_taskflow_api_virtualenv
[2025-01-22T12:52:22.726+0000] {logging_mixin.py:190} INFO - [2025-01-22T12:52:22.726+0000] {override.py:1911} INFO - Created Permission View: menu access on DAG Run:tutorial_taskflow_api_virtualenv
[2025-01-22T12:52:22.733+0000] {logging_mixin.py:190} INFO - [2025-01-22T12:52:22.732+0000] {override.py:1911} INFO - Created Permission View: can delete on DAG Run:tutorial_taskflow_api_virtualenv
[2025-01-22T12:52:22.733+0000] {logging_mixin.py:190} INFO - [2025-01-22T12:52:22.733+0000] {dag.py:3239} INFO - Sync 1 DAGs
[2025-01-22T12:52:22.746+0000] {logging_mixin.py:190} INFO - [2025-01-22T12:52:22.745+0000] {dag.py:3262} INFO - Creating ORM DAG for tutorial_taskflow_api_virtualenv
[2025-01-22T12:52:22.746+0000] {logging_mixin.py:190} INFO - [2025-01-22T12:52:22.746+0000] {dag.py:4180} INFO - Setting next_dagrun for tutorial_taskflow_api_virtualenv to None, run_after=None
[2025-01-22T12:52:22.769+0000] {processor.py:208} INFO - Processing /usr/local/python/3.12.1/lib/python3.12/site-packages/airflow/example_dags/tutorial_taskflow_api_virtualenv.py took 0.268 seconds
[2025-01-22T12:53:26.344+0000] {processor.py:186} INFO - Started process (PID=6022) to work on /usr/local/python/3.12.1/lib/python3.12/site-packages/airflow/example_dags/tutorial_taskflow_api_virtualenv.py
[2025-01-22T12:53:26.345+0000] {processor.py:914} INFO - Processing file /usr/local/python/3.12.1/lib/python3.12/site-packages/airflow/example_dags/tutorial_taskflow_api_virtualenv.py for tasks to queue
[2025-01-22T12:53:26.347+0000] {logging_mixin.py:190} INFO - [2025-01-22T12:53:26.346+0000] {dagbag.py:588} INFO - Filling up the DagBag from /usr/local/python/3.12.1/lib/python3.12/site-packages/airflow/example_dags/tutorial_taskflow_api_virtualenv.py
[2025-01-22T12:53:26.359+0000] {processor.py:925} INFO - DAG(s) 'tutorial_taskflow_api_virtualenv' retrieved from /usr/local/python/3.12.1/lib/python3.12/site-packages/airflow/example_dags/tutorial_taskflow_api_virtualenv.py
[2025-01-22T12:53:26.374+0000] {logging_mixin.py:190} INFO - [2025-01-22T12:53:26.374+0000] {dag.py:3239} INFO - Sync 1 DAGs
[2025-01-22T12:53:26.385+0000] {logging_mixin.py:190} INFO - [2025-01-22T12:53:26.385+0000] {dag.py:4180} INFO - Setting next_dagrun for tutorial_taskflow_api_virtualenv to None, run_after=None
[2025-01-22T12:53:26.399+0000] {processor.py:208} INFO - Processing /usr/local/python/3.12.1/lib/python3.12/site-packages/airflow/example_dags/tutorial_taskflow_api_virtualenv.py took 0.059 seconds
[2025-01-22T12:54:19.375+0000] {processor.py:186} INFO - Started process (PID=6791) to work on /usr/local/python/3.12.1/lib/python3.12/site-packages/airflow/example_dags/tutorial_taskflow_api_virtualenv.py
[2025-01-22T12:54:19.376+0000] {processor.py:914} INFO - Processing file /usr/local/python/3.12.1/lib/python3.12/site-packages/airflow/example_dags/tutorial_taskflow_api_virtualenv.py for tasks to queue
[2025-01-22T12:54:19.378+0000] {logging_mixin.py:190} INFO - [2025-01-22T12:54:19.377+0000] {dagbag.py:588} INFO - Filling up the DagBag from /usr/local/python/3.12.1/lib/python3.12/site-packages/airflow/example_dags/tutorial_taskflow_api_virtualenv.py
[2025-01-22T12:54:19.387+0000] {processor.py:925} INFO - DAG(s) 'tutorial_taskflow_api_virtualenv' retrieved from /usr/local/python/3.12.1/lib/python3.12/site-packages/airflow/example_dags/tutorial_taskflow_api_virtualenv.py
[2025-01-22T12:54:19.398+0000] {logging_mixin.py:190} INFO - [2025-01-22T12:54:19.398+0000] {dag.py:3239} INFO - Sync 1 DAGs
[2025-01-22T12:54:19.407+0000] {logging_mixin.py:190} INFO - [2025-01-22T12:54:19.407+0000] {dag.py:4180} INFO - Setting next_dagrun for tutorial_taskflow_api_virtualenv to None, run_after=None
[2025-01-22T12:54:19.425+0000] {processor.py:208} INFO - Processing /usr/local/python/3.12.1/lib/python3.12/site-packages/airflow/example_dags/tutorial_taskflow_api_virtualenv.py took 0.053 seconds
[2025-01-22T12:55:10.464+0000] {processor.py:186} INFO - Started process (PID=7272) to work on /usr/local/python/3.12.1/lib/python3.12/site-packages/airflow/example_dags/tutorial_taskflow_api_virtualenv.py
[2025-01-22T12:55:10.465+0000] {processor.py:914} INFO - Processing file /usr/local/python/3.12.1/lib/python3.12/site-packages/airflow/example_dags/tutorial_taskflow_api_virtualenv.py for tasks to queue
[2025-01-22T12:55:10.466+0000] {logging_mixin.py:190} INFO - [2025-01-22T12:55:10.466+0000] {dagbag.py:588} INFO - Filling up the DagBag from /usr/local/python/3.12.1/lib/python3.12/site-packages/airflow/example_dags/tutorial_taskflow_api_virtualenv.py
[2025-01-22T12:55:10.475+0000] {processor.py:925} INFO - DAG(s) 'tutorial_taskflow_api_virtualenv' retrieved from /usr/local/python/3.12.1/lib/python3.12/site-packages/airflow/example_dags/tutorial_taskflow_api_virtualenv.py
[2025-01-22T12:55:10.486+0000] {logging_mixin.py:190} INFO - [2025-01-22T12:55:10.486+0000] {dag.py:3239} INFO - Sync 1 DAGs
[2025-01-22T12:55:10.495+0000] {logging_mixin.py:190} INFO - [2025-01-22T12:55:10.494+0000] {dag.py:4180} INFO - Setting next_dagrun for tutorial_taskflow_api_virtualenv to None, run_after=None
[2025-01-22T12:55:10.509+0000] {processor.py:208} INFO - Processing /usr/local/python/3.12.1/lib/python3.12/site-packages/airflow/example_dags/tutorial_taskflow_api_virtualenv.py took 0.049 seconds
[2025-01-22T12:56:01.827+0000] {processor.py:186} INFO - Started process (PID=7766) to work on /usr/local/python/3.12.1/lib/python3.12/site-packages/airflow/example_dags/tutorial_taskflow_api_virtualenv.py
[2025-01-22T12:56:01.827+0000] {processor.py:914} INFO - Processing file /usr/local/python/3.12.1/lib/python3.12/site-packages/airflow/example_dags/tutorial_taskflow_api_virtualenv.py for tasks to queue
[2025-01-22T12:56:01.829+0000] {logging_mixin.py:190} INFO - [2025-01-22T12:56:01.829+0000] {dagbag.py:588} INFO - Filling up the DagBag from /usr/local/python/3.12.1/lib/python3.12/site-packages/airflow/example_dags/tutorial_taskflow_api_virtualenv.py
[2025-01-22T12:56:01.838+0000] {processor.py:925} INFO - DAG(s) 'tutorial_taskflow_api_virtualenv' retrieved from /usr/local/python/3.12.1/lib/python3.12/site-packages/airflow/example_dags/tutorial_taskflow_api_virtualenv.py
[2025-01-22T12:56:01.851+0000] {logging_mixin.py:190} INFO - [2025-01-22T12:56:01.851+0000] {dag.py:3239} INFO - Sync 1 DAGs
[2025-01-22T12:56:01.865+0000] {logging_mixin.py:190} INFO - [2025-01-22T12:56:01.864+0000] {dag.py:4180} INFO - Setting next_dagrun for tutorial_taskflow_api_virtualenv to None, run_after=None
[2025-01-22T12:56:01.884+0000] {processor.py:208} INFO - Processing /usr/local/python/3.12.1/lib/python3.12/site-packages/airflow/example_dags/tutorial_taskflow_api_virtualenv.py took 0.061 seconds
[2025-01-22T12:56:53.126+0000] {processor.py:186} INFO - Started process (PID=8198) to work on /usr/local/python/3.12.1/lib/python3.12/site-packages/airflow/example_dags/tutorial_taskflow_api_virtualenv.py
[2025-01-22T12:56:53.126+0000] {processor.py:914} INFO - Processing file /usr/local/python/3.12.1/lib/python3.12/site-packages/airflow/example_dags/tutorial_taskflow_api_virtualenv.py for tasks to queue
[2025-01-22T12:56:53.128+0000] {logging_mixin.py:190} INFO - [2025-01-22T12:56:53.128+0000] {dagbag.py:588} INFO - Filling up the DagBag from /usr/local/python/3.12.1/lib/python3.12/site-packages/airflow/example_dags/tutorial_taskflow_api_virtualenv.py
[2025-01-22T12:56:53.137+0000] {processor.py:925} INFO - DAG(s) 'tutorial_taskflow_api_virtualenv' retrieved from /usr/local/python/3.12.1/lib/python3.12/site-packages/airflow/example_dags/tutorial_taskflow_api_virtualenv.py
[2025-01-22T12:56:53.148+0000] {logging_mixin.py:190} INFO - [2025-01-22T12:56:53.148+0000] {dag.py:3239} INFO - Sync 1 DAGs
[2025-01-22T12:56:53.157+0000] {logging_mixin.py:190} INFO - [2025-01-22T12:56:53.157+0000] {dag.py:4180} INFO - Setting next_dagrun for tutorial_taskflow_api_virtualenv to None, run_after=None
[2025-01-22T12:56:53.172+0000] {processor.py:208} INFO - Processing /usr/local/python/3.12.1/lib/python3.12/site-packages/airflow/example_dags/tutorial_taskflow_api_virtualenv.py took 0.050 seconds
[2025-01-22T12:57:43.793+0000] {processor.py:186} INFO - Started process (PID=8675) to work on /usr/local/python/3.12.1/lib/python3.12/site-packages/airflow/example_dags/tutorial_taskflow_api_virtualenv.py
[2025-01-22T12:57:43.793+0000] {processor.py:914} INFO - Processing file /usr/local/python/3.12.1/lib/python3.12/site-packages/airflow/example_dags/tutorial_taskflow_api_virtualenv.py for tasks to queue
[2025-01-22T12:57:43.795+0000] {logging_mixin.py:190} INFO - [2025-01-22T12:57:43.794+0000] {dagbag.py:588} INFO - Filling up the DagBag from /usr/local/python/3.12.1/lib/python3.12/site-packages/airflow/example_dags/tutorial_taskflow_api_virtualenv.py
[2025-01-22T12:57:43.804+0000] {processor.py:925} INFO - DAG(s) 'tutorial_taskflow_api_virtualenv' retrieved from /usr/local/python/3.12.1/lib/python3.12/site-packages/airflow/example_dags/tutorial_taskflow_api_virtualenv.py
[2025-01-22T12:57:43.814+0000] {logging_mixin.py:190} INFO - [2025-01-22T12:57:43.814+0000] {dag.py:3239} INFO - Sync 1 DAGs
[2025-01-22T12:57:43.823+0000] {logging_mixin.py:190} INFO - [2025-01-22T12:57:43.823+0000] {dag.py:4180} INFO - Setting next_dagrun for tutorial_taskflow_api_virtualenv to None, run_after=None
[2025-01-22T12:57:43.838+0000] {processor.py:208} INFO - Processing /usr/local/python/3.12.1/lib/python3.12/site-packages/airflow/example_dags/tutorial_taskflow_api_virtualenv.py took 0.049 seconds
[2025-01-22T12:58:34.240+0000] {processor.py:186} INFO - Started process (PID=9077) to work on /usr/local/python/3.12.1/lib/python3.12/site-packages/airflow/example_dags/tutorial_taskflow_api_virtualenv.py
[2025-01-22T12:58:34.240+0000] {processor.py:914} INFO - Processing file /usr/local/python/3.12.1/lib/python3.12/site-packages/airflow/example_dags/tutorial_taskflow_api_virtualenv.py for tasks to queue
[2025-01-22T12:58:34.242+0000] {logging_mixin.py:190} INFO - [2025-01-22T12:58:34.242+0000] {dagbag.py:588} INFO - Filling up the DagBag from /usr/local/python/3.12.1/lib/python3.12/site-packages/airflow/example_dags/tutorial_taskflow_api_virtualenv.py
[2025-01-22T12:58:34.251+0000] {processor.py:925} INFO - DAG(s) 'tutorial_taskflow_api_virtualenv' retrieved from /usr/local/python/3.12.1/lib/python3.12/site-packages/airflow/example_dags/tutorial_taskflow_api_virtualenv.py
[2025-01-22T12:58:34.262+0000] {logging_mixin.py:190} INFO - [2025-01-22T12:58:34.262+0000] {dag.py:3239} INFO - Sync 1 DAGs
[2025-01-22T12:58:34.271+0000] {logging_mixin.py:190} INFO - [2025-01-22T12:58:34.271+0000] {dag.py:4180} INFO - Setting next_dagrun for tutorial_taskflow_api_virtualenv to None, run_after=None
[2025-01-22T12:58:34.289+0000] {processor.py:208} INFO - Processing /usr/local/python/3.12.1/lib/python3.12/site-packages/airflow/example_dags/tutorial_taskflow_api_virtualenv.py took 0.053 seconds
[2025-01-22T12:59:24.783+0000] {processor.py:186} INFO - Started process (PID=9499) to work on /usr/local/python/3.12.1/lib/python3.12/site-packages/airflow/example_dags/tutorial_taskflow_api_virtualenv.py
[2025-01-22T12:59:24.783+0000] {processor.py:914} INFO - Processing file /usr/local/python/3.12.1/lib/python3.12/site-packages/airflow/example_dags/tutorial_taskflow_api_virtualenv.py for tasks to queue
[2025-01-22T12:59:24.785+0000] {logging_mixin.py:190} INFO - [2025-01-22T12:59:24.785+0000] {dagbag.py:588} INFO - Filling up the DagBag from /usr/local/python/3.12.1/lib/python3.12/site-packages/airflow/example_dags/tutorial_taskflow_api_virtualenv.py
[2025-01-22T12:59:24.794+0000] {processor.py:925} INFO - DAG(s) 'tutorial_taskflow_api_virtualenv' retrieved from /usr/local/python/3.12.1/lib/python3.12/site-packages/airflow/example_dags/tutorial_taskflow_api_virtualenv.py
[2025-01-22T12:59:24.805+0000] {logging_mixin.py:190} INFO - [2025-01-22T12:59:24.804+0000] {dag.py:3239} INFO - Sync 1 DAGs
[2025-01-22T12:59:24.813+0000] {logging_mixin.py:190} INFO - [2025-01-22T12:59:24.813+0000] {dag.py:4180} INFO - Setting next_dagrun for tutorial_taskflow_api_virtualenv to None, run_after=None
[2025-01-22T12:59:24.827+0000] {processor.py:208} INFO - Processing /usr/local/python/3.12.1/lib/python3.12/site-packages/airflow/example_dags/tutorial_taskflow_api_virtualenv.py took 0.049 seconds
[2025-01-22T13:00:16.998+0000] {processor.py:186} INFO - Started process (PID=9874) to work on /usr/local/python/3.12.1/lib/python3.12/site-packages/airflow/example_dags/tutorial_taskflow_api_virtualenv.py
[2025-01-22T13:00:16.999+0000] {processor.py:914} INFO - Processing file /usr/local/python/3.12.1/lib/python3.12/site-packages/airflow/example_dags/tutorial_taskflow_api_virtualenv.py for tasks to queue
[2025-01-22T13:00:17.000+0000] {logging_mixin.py:190} INFO - [2025-01-22T13:00:17.000+0000] {dagbag.py:588} INFO - Filling up the DagBag from /usr/local/python/3.12.1/lib/python3.12/site-packages/airflow/example_dags/tutorial_taskflow_api_virtualenv.py
[2025-01-22T13:00:17.009+0000] {processor.py:925} INFO - DAG(s) 'tutorial_taskflow_api_virtualenv' retrieved from /usr/local/python/3.12.1/lib/python3.12/site-packages/airflow/example_dags/tutorial_taskflow_api_virtualenv.py
[2025-01-22T13:00:17.020+0000] {logging_mixin.py:190} INFO - [2025-01-22T13:00:17.019+0000] {dag.py:3239} INFO - Sync 1 DAGs
[2025-01-22T13:00:17.029+0000] {logging_mixin.py:190} INFO - [2025-01-22T13:00:17.029+0000] {dag.py:4180} INFO - Setting next_dagrun for tutorial_taskflow_api_virtualenv to None, run_after=None
[2025-01-22T13:00:17.043+0000] {processor.py:208} INFO - Processing /usr/local/python/3.12.1/lib/python3.12/site-packages/airflow/example_dags/tutorial_taskflow_api_virtualenv.py took 0.049 seconds
[2025-01-22T13:01:08.799+0000] {processor.py:186} INFO - Started process (PID=10306) to work on /usr/local/python/3.12.1/lib/python3.12/site-packages/airflow/example_dags/tutorial_taskflow_api_virtualenv.py
[2025-01-22T13:01:08.800+0000] {processor.py:914} INFO - Processing file /usr/local/python/3.12.1/lib/python3.12/site-packages/airflow/example_dags/tutorial_taskflow_api_virtualenv.py for tasks to queue
[2025-01-22T13:01:08.801+0000] {logging_mixin.py:190} INFO - [2025-01-22T13:01:08.801+0000] {dagbag.py:588} INFO - Filling up the DagBag from /usr/local/python/3.12.1/lib/python3.12/site-packages/airflow/example_dags/tutorial_taskflow_api_virtualenv.py
[2025-01-22T13:01:08.811+0000] {processor.py:925} INFO - DAG(s) 'tutorial_taskflow_api_virtualenv' retrieved from /usr/local/python/3.12.1/lib/python3.12/site-packages/airflow/example_dags/tutorial_taskflow_api_virtualenv.py
[2025-01-22T13:01:08.821+0000] {logging_mixin.py:190} INFO - [2025-01-22T13:01:08.821+0000] {dag.py:3239} INFO - Sync 1 DAGs
[2025-01-22T13:01:08.830+0000] {logging_mixin.py:190} INFO - [2025-01-22T13:01:08.830+0000] {dag.py:4180} INFO - Setting next_dagrun for tutorial_taskflow_api_virtualenv to None, run_after=None
[2025-01-22T13:01:08.845+0000] {processor.py:208} INFO - Processing /usr/local/python/3.12.1/lib/python3.12/site-packages/airflow/example_dags/tutorial_taskflow_api_virtualenv.py took 0.050 seconds
[2025-01-22T13:02:01.271+0000] {processor.py:186} INFO - Started process (PID=10739) to work on /usr/local/python/3.12.1/lib/python3.12/site-packages/airflow/example_dags/tutorial_taskflow_api_virtualenv.py
[2025-01-22T13:02:01.271+0000] {processor.py:914} INFO - Processing file /usr/local/python/3.12.1/lib/python3.12/site-packages/airflow/example_dags/tutorial_taskflow_api_virtualenv.py for tasks to queue
[2025-01-22T13:02:01.273+0000] {logging_mixin.py:190} INFO - [2025-01-22T13:02:01.273+0000] {dagbag.py:588} INFO - Filling up the DagBag from /usr/local/python/3.12.1/lib/python3.12/site-packages/airflow/example_dags/tutorial_taskflow_api_virtualenv.py
[2025-01-22T13:02:01.282+0000] {processor.py:925} INFO - DAG(s) 'tutorial_taskflow_api_virtualenv' retrieved from /usr/local/python/3.12.1/lib/python3.12/site-packages/airflow/example_dags/tutorial_taskflow_api_virtualenv.py
[2025-01-22T13:02:01.292+0000] {logging_mixin.py:190} INFO - [2025-01-22T13:02:01.292+0000] {dag.py:3239} INFO - Sync 1 DAGs
[2025-01-22T13:02:01.301+0000] {logging_mixin.py:190} INFO - [2025-01-22T13:02:01.301+0000] {dag.py:4180} INFO - Setting next_dagrun for tutorial_taskflow_api_virtualenv to None, run_after=None
[2025-01-22T13:02:01.315+0000] {processor.py:208} INFO - Processing /usr/local/python/3.12.1/lib/python3.12/site-packages/airflow/example_dags/tutorial_taskflow_api_virtualenv.py took 0.048 seconds
[2025-01-22T13:02:47.789+0000] {processor.py:186} INFO - Started process (PID=11178) to work on /usr/local/python/3.12.1/lib/python3.12/site-packages/airflow/example_dags/tutorial_taskflow_api_virtualenv.py
[2025-01-22T13:02:47.790+0000] {processor.py:914} INFO - Processing file /usr/local/python/3.12.1/lib/python3.12/site-packages/airflow/example_dags/tutorial_taskflow_api_virtualenv.py for tasks to queue
[2025-01-22T13:02:47.791+0000] {logging_mixin.py:190} INFO - [2025-01-22T13:02:47.791+0000] {dagbag.py:588} INFO - Filling up the DagBag from /usr/local/python/3.12.1/lib/python3.12/site-packages/airflow/example_dags/tutorial_taskflow_api_virtualenv.py
[2025-01-22T13:02:47.800+0000] {processor.py:925} INFO - DAG(s) 'tutorial_taskflow_api_virtualenv' retrieved from /usr/local/python/3.12.1/lib/python3.12/site-packages/airflow/example_dags/tutorial_taskflow_api_virtualenv.py
[2025-01-22T13:02:47.813+0000] {logging_mixin.py:190} INFO - [2025-01-22T13:02:47.812+0000] {dag.py:3239} INFO - Sync 1 DAGs
[2025-01-22T13:02:47.833+0000] {logging_mixin.py:190} INFO - [2025-01-22T13:02:47.833+0000] {dag.py:4180} INFO - Setting next_dagrun for tutorial_taskflow_api_virtualenv to None, run_after=None
[2025-01-22T13:02:47.855+0000] {processor.py:208} INFO - Processing /usr/local/python/3.12.1/lib/python3.12/site-packages/airflow/example_dags/tutorial_taskflow_api_virtualenv.py took 0.069 seconds
[2025-01-22T13:03:37.179+0000] {processor.py:186} INFO - Started process (PID=11593) to work on /usr/local/python/3.12.1/lib/python3.12/site-packages/airflow/example_dags/tutorial_taskflow_api_virtualenv.py
[2025-01-22T13:03:37.180+0000] {processor.py:914} INFO - Processing file /usr/local/python/3.12.1/lib/python3.12/site-packages/airflow/example_dags/tutorial_taskflow_api_virtualenv.py for tasks to queue
[2025-01-22T13:03:37.181+0000] {logging_mixin.py:190} INFO - [2025-01-22T13:03:37.181+0000] {dagbag.py:588} INFO - Filling up the DagBag from /usr/local/python/3.12.1/lib/python3.12/site-packages/airflow/example_dags/tutorial_taskflow_api_virtualenv.py
[2025-01-22T13:03:37.190+0000] {processor.py:925} INFO - DAG(s) 'tutorial_taskflow_api_virtualenv' retrieved from /usr/local/python/3.12.1/lib/python3.12/site-packages/airflow/example_dags/tutorial_taskflow_api_virtualenv.py
[2025-01-22T13:03:37.200+0000] {logging_mixin.py:190} INFO - [2025-01-22T13:03:37.200+0000] {dag.py:3239} INFO - Sync 1 DAGs
[2025-01-22T13:03:37.210+0000] {logging_mixin.py:190} INFO - [2025-01-22T13:03:37.209+0000] {dag.py:4180} INFO - Setting next_dagrun for tutorial_taskflow_api_virtualenv to None, run_after=None
[2025-01-22T13:03:37.224+0000] {processor.py:208} INFO - Processing /usr/local/python/3.12.1/lib/python3.12/site-packages/airflow/example_dags/tutorial_taskflow_api_virtualenv.py took 0.048 seconds
[2025-01-22T13:04:29.198+0000] {processor.py:186} INFO - Started process (PID=12025) to work on /usr/local/python/3.12.1/lib/python3.12/site-packages/airflow/example_dags/tutorial_taskflow_api_virtualenv.py
[2025-01-22T13:04:29.198+0000] {processor.py:914} INFO - Processing file /usr/local/python/3.12.1/lib/python3.12/site-packages/airflow/example_dags/tutorial_taskflow_api_virtualenv.py for tasks to queue
[2025-01-22T13:04:29.200+0000] {logging_mixin.py:190} INFO - [2025-01-22T13:04:29.199+0000] {dagbag.py:588} INFO - Filling up the DagBag from /usr/local/python/3.12.1/lib/python3.12/site-packages/airflow/example_dags/tutorial_taskflow_api_virtualenv.py
[2025-01-22T13:04:29.209+0000] {processor.py:925} INFO - DAG(s) 'tutorial_taskflow_api_virtualenv' retrieved from /usr/local/python/3.12.1/lib/python3.12/site-packages/airflow/example_dags/tutorial_taskflow_api_virtualenv.py
[2025-01-22T13:04:29.220+0000] {logging_mixin.py:190} INFO - [2025-01-22T13:04:29.220+0000] {dag.py:3239} INFO - Sync 1 DAGs
[2025-01-22T13:04:29.231+0000] {logging_mixin.py:190} INFO - [2025-01-22T13:04:29.231+0000] {dag.py:4180} INFO - Setting next_dagrun for tutorial_taskflow_api_virtualenv to None, run_after=None
[2025-01-22T13:04:29.247+0000] {processor.py:208} INFO - Processing /usr/local/python/3.12.1/lib/python3.12/site-packages/airflow/example_dags/tutorial_taskflow_api_virtualenv.py took 0.053 seconds
[2025-01-22T13:05:20.292+0000] {processor.py:186} INFO - Started process (PID=12388) to work on /usr/local/python/3.12.1/lib/python3.12/site-packages/airflow/example_dags/tutorial_taskflow_api_virtualenv.py
[2025-01-22T13:05:20.293+0000] {processor.py:914} INFO - Processing file /usr/local/python/3.12.1/lib/python3.12/site-packages/airflow/example_dags/tutorial_taskflow_api_virtualenv.py for tasks to queue
[2025-01-22T13:05:20.295+0000] {logging_mixin.py:190} INFO - [2025-01-22T13:05:20.295+0000] {dagbag.py:588} INFO - Filling up the DagBag from /usr/local/python/3.12.1/lib/python3.12/site-packages/airflow/example_dags/tutorial_taskflow_api_virtualenv.py
[2025-01-22T13:05:20.307+0000] {processor.py:925} INFO - DAG(s) 'tutorial_taskflow_api_virtualenv' retrieved from /usr/local/python/3.12.1/lib/python3.12/site-packages/airflow/example_dags/tutorial_taskflow_api_virtualenv.py
[2025-01-22T13:05:20.318+0000] {logging_mixin.py:190} INFO - [2025-01-22T13:05:20.318+0000] {dag.py:3239} INFO - Sync 1 DAGs
[2025-01-22T13:05:20.327+0000] {logging_mixin.py:190} INFO - [2025-01-22T13:05:20.327+0000] {dag.py:4180} INFO - Setting next_dagrun for tutorial_taskflow_api_virtualenv to None, run_after=None
[2025-01-22T13:05:20.341+0000] {processor.py:208} INFO - Processing /usr/local/python/3.12.1/lib/python3.12/site-packages/airflow/example_dags/tutorial_taskflow_api_virtualenv.py took 0.053 seconds
[2025-01-22T13:06:11.809+0000] {processor.py:186} INFO - Started process (PID=12810) to work on /usr/local/python/3.12.1/lib/python3.12/site-packages/airflow/example_dags/tutorial_taskflow_api_virtualenv.py
[2025-01-22T13:06:11.810+0000] {processor.py:914} INFO - Processing file /usr/local/python/3.12.1/lib/python3.12/site-packages/airflow/example_dags/tutorial_taskflow_api_virtualenv.py for tasks to queue
[2025-01-22T13:06:11.811+0000] {logging_mixin.py:190} INFO - [2025-01-22T13:06:11.811+0000] {dagbag.py:588} INFO - Filling up the DagBag from /usr/local/python/3.12.1/lib/python3.12/site-packages/airflow/example_dags/tutorial_taskflow_api_virtualenv.py
[2025-01-22T13:06:11.821+0000] {processor.py:925} INFO - DAG(s) 'tutorial_taskflow_api_virtualenv' retrieved from /usr/local/python/3.12.1/lib/python3.12/site-packages/airflow/example_dags/tutorial_taskflow_api_virtualenv.py
[2025-01-22T13:06:11.832+0000] {logging_mixin.py:190} INFO - [2025-01-22T13:06:11.832+0000] {dag.py:3239} INFO - Sync 1 DAGs
[2025-01-22T13:06:11.842+0000] {logging_mixin.py:190} INFO - [2025-01-22T13:06:11.842+0000] {dag.py:4180} INFO - Setting next_dagrun for tutorial_taskflow_api_virtualenv to None, run_after=None
[2025-01-22T13:06:11.856+0000] {processor.py:208} INFO - Processing /usr/local/python/3.12.1/lib/python3.12/site-packages/airflow/example_dags/tutorial_taskflow_api_virtualenv.py took 0.051 seconds
[2025-01-22T13:06:57.940+0000] {processor.py:186} INFO - Started process (PID=13213) to work on /usr/local/python/3.12.1/lib/python3.12/site-packages/airflow/example_dags/tutorial_taskflow_api_virtualenv.py
[2025-01-22T13:06:57.941+0000] {processor.py:914} INFO - Processing file /usr/local/python/3.12.1/lib/python3.12/site-packages/airflow/example_dags/tutorial_taskflow_api_virtualenv.py for tasks to queue
[2025-01-22T13:06:57.942+0000] {logging_mixin.py:190} INFO - [2025-01-22T13:06:57.942+0000] {dagbag.py:588} INFO - Filling up the DagBag from /usr/local/python/3.12.1/lib/python3.12/site-packages/airflow/example_dags/tutorial_taskflow_api_virtualenv.py
[2025-01-22T13:06:57.951+0000] {processor.py:925} INFO - DAG(s) 'tutorial_taskflow_api_virtualenv' retrieved from /usr/local/python/3.12.1/lib/python3.12/site-packages/airflow/example_dags/tutorial_taskflow_api_virtualenv.py
[2025-01-22T13:06:57.962+0000] {logging_mixin.py:190} INFO - [2025-01-22T13:06:57.962+0000] {dag.py:3239} INFO - Sync 1 DAGs
[2025-01-22T13:06:57.971+0000] {logging_mixin.py:190} INFO - [2025-01-22T13:06:57.971+0000] {dag.py:4180} INFO - Setting next_dagrun for tutorial_taskflow_api_virtualenv to None, run_after=None
[2025-01-22T13:06:57.986+0000] {processor.py:208} INFO - Processing /usr/local/python/3.12.1/lib/python3.12/site-packages/airflow/example_dags/tutorial_taskflow_api_virtualenv.py took 0.049 seconds
[2025-01-22T13:07:49.273+0000] {processor.py:186} INFO - Started process (PID=13635) to work on /usr/local/python/3.12.1/lib/python3.12/site-packages/airflow/example_dags/tutorial_taskflow_api_virtualenv.py
[2025-01-22T13:07:49.274+0000] {processor.py:914} INFO - Processing file /usr/local/python/3.12.1/lib/python3.12/site-packages/airflow/example_dags/tutorial_taskflow_api_virtualenv.py for tasks to queue
[2025-01-22T13:07:49.275+0000] {logging_mixin.py:190} INFO - [2025-01-22T13:07:49.275+0000] {dagbag.py:588} INFO - Filling up the DagBag from /usr/local/python/3.12.1/lib/python3.12/site-packages/airflow/example_dags/tutorial_taskflow_api_virtualenv.py
[2025-01-22T13:07:49.285+0000] {processor.py:925} INFO - DAG(s) 'tutorial_taskflow_api_virtualenv' retrieved from /usr/local/python/3.12.1/lib/python3.12/site-packages/airflow/example_dags/tutorial_taskflow_api_virtualenv.py
[2025-01-22T13:07:49.295+0000] {logging_mixin.py:190} INFO - [2025-01-22T13:07:49.295+0000] {dag.py:3239} INFO - Sync 1 DAGs
[2025-01-22T13:07:49.308+0000] {logging_mixin.py:190} INFO - [2025-01-22T13:07:49.308+0000] {dag.py:4180} INFO - Setting next_dagrun for tutorial_taskflow_api_virtualenv to None, run_after=None
[2025-01-22T13:07:49.327+0000] {processor.py:208} INFO - Processing /usr/local/python/3.12.1/lib/python3.12/site-packages/airflow/example_dags/tutorial_taskflow_api_virtualenv.py took 0.058 seconds
[2025-01-22T13:08:45.366+0000] {processor.py:186} INFO - Started process (PID=14351) to work on /usr/local/python/3.12.1/lib/python3.12/site-packages/airflow/example_dags/tutorial_taskflow_api_virtualenv.py
[2025-01-22T13:08:45.367+0000] {processor.py:914} INFO - Processing file /usr/local/python/3.12.1/lib/python3.12/site-packages/airflow/example_dags/tutorial_taskflow_api_virtualenv.py for tasks to queue
[2025-01-22T13:08:45.369+0000] {logging_mixin.py:190} INFO - [2025-01-22T13:08:45.368+0000] {dagbag.py:588} INFO - Filling up the DagBag from /usr/local/python/3.12.1/lib/python3.12/site-packages/airflow/example_dags/tutorial_taskflow_api_virtualenv.py
[2025-01-22T13:08:45.378+0000] {processor.py:925} INFO - DAG(s) 'tutorial_taskflow_api_virtualenv' retrieved from /usr/local/python/3.12.1/lib/python3.12/site-packages/airflow/example_dags/tutorial_taskflow_api_virtualenv.py
[2025-01-22T13:08:45.391+0000] {logging_mixin.py:190} INFO - [2025-01-22T13:08:45.391+0000] {dag.py:3239} INFO - Sync 1 DAGs
[2025-01-22T13:08:45.400+0000] {logging_mixin.py:190} INFO - [2025-01-22T13:08:45.400+0000] {dag.py:4180} INFO - Setting next_dagrun for tutorial_taskflow_api_virtualenv to None, run_after=None
[2025-01-22T13:08:45.421+0000] {processor.py:208} INFO - Processing /usr/local/python/3.12.1/lib/python3.12/site-packages/airflow/example_dags/tutorial_taskflow_api_virtualenv.py took 0.058 seconds
[2025-01-22T13:09:35.050+0000] {processor.py:186} INFO - Started process (PID=14754) to work on /usr/local/python/3.12.1/lib/python3.12/site-packages/airflow/example_dags/tutorial_taskflow_api_virtualenv.py
[2025-01-22T13:09:35.051+0000] {processor.py:914} INFO - Processing file /usr/local/python/3.12.1/lib/python3.12/site-packages/airflow/example_dags/tutorial_taskflow_api_virtualenv.py for tasks to queue
[2025-01-22T13:09:35.052+0000] {logging_mixin.py:190} INFO - [2025-01-22T13:09:35.052+0000] {dagbag.py:588} INFO - Filling up the DagBag from /usr/local/python/3.12.1/lib/python3.12/site-packages/airflow/example_dags/tutorial_taskflow_api_virtualenv.py
[2025-01-22T13:09:35.061+0000] {processor.py:925} INFO - DAG(s) 'tutorial_taskflow_api_virtualenv' retrieved from /usr/local/python/3.12.1/lib/python3.12/site-packages/airflow/example_dags/tutorial_taskflow_api_virtualenv.py
[2025-01-22T13:09:35.072+0000] {logging_mixin.py:190} INFO - [2025-01-22T13:09:35.072+0000] {dag.py:3239} INFO - Sync 1 DAGs
[2025-01-22T13:09:35.081+0000] {logging_mixin.py:190} INFO - [2025-01-22T13:09:35.081+0000] {dag.py:4180} INFO - Setting next_dagrun for tutorial_taskflow_api_virtualenv to None, run_after=None
[2025-01-22T13:09:35.095+0000] {processor.py:208} INFO - Processing /usr/local/python/3.12.1/lib/python3.12/site-packages/airflow/example_dags/tutorial_taskflow_api_virtualenv.py took 0.049 seconds
[2025-01-22T13:10:24.165+0000] {processor.py:186} INFO - Started process (PID=15166) to work on /usr/local/python/3.12.1/lib/python3.12/site-packages/airflow/example_dags/tutorial_taskflow_api_virtualenv.py
[2025-01-22T13:10:24.166+0000] {processor.py:914} INFO - Processing file /usr/local/python/3.12.1/lib/python3.12/site-packages/airflow/example_dags/tutorial_taskflow_api_virtualenv.py for tasks to queue
[2025-01-22T13:10:24.168+0000] {logging_mixin.py:190} INFO - [2025-01-22T13:10:24.167+0000] {dagbag.py:588} INFO - Filling up the DagBag from /usr/local/python/3.12.1/lib/python3.12/site-packages/airflow/example_dags/tutorial_taskflow_api_virtualenv.py
[2025-01-22T13:10:24.177+0000] {processor.py:925} INFO - DAG(s) 'tutorial_taskflow_api_virtualenv' retrieved from /usr/local/python/3.12.1/lib/python3.12/site-packages/airflow/example_dags/tutorial_taskflow_api_virtualenv.py
[2025-01-22T13:10:24.187+0000] {logging_mixin.py:190} INFO - [2025-01-22T13:10:24.187+0000] {dag.py:3239} INFO - Sync 1 DAGs
[2025-01-22T13:10:24.196+0000] {logging_mixin.py:190} INFO - [2025-01-22T13:10:24.196+0000] {dag.py:4180} INFO - Setting next_dagrun for tutorial_taskflow_api_virtualenv to None, run_after=None
[2025-01-22T13:10:24.210+0000] {processor.py:208} INFO - Processing /usr/local/python/3.12.1/lib/python3.12/site-packages/airflow/example_dags/tutorial_taskflow_api_virtualenv.py took 0.049 seconds
[2025-01-22T13:11:13.936+0000] {processor.py:186} INFO - Started process (PID=15511) to work on /usr/local/python/3.12.1/lib/python3.12/site-packages/airflow/example_dags/tutorial_taskflow_api_virtualenv.py
[2025-01-22T13:11:13.937+0000] {processor.py:914} INFO - Processing file /usr/local/python/3.12.1/lib/python3.12/site-packages/airflow/example_dags/tutorial_taskflow_api_virtualenv.py for tasks to queue
[2025-01-22T13:11:13.938+0000] {logging_mixin.py:190} INFO - [2025-01-22T13:11:13.938+0000] {dagbag.py:588} INFO - Filling up the DagBag from /usr/local/python/3.12.1/lib/python3.12/site-packages/airflow/example_dags/tutorial_taskflow_api_virtualenv.py
[2025-01-22T13:11:13.947+0000] {processor.py:925} INFO - DAG(s) 'tutorial_taskflow_api_virtualenv' retrieved from /usr/local/python/3.12.1/lib/python3.12/site-packages/airflow/example_dags/tutorial_taskflow_api_virtualenv.py
[2025-01-22T13:11:13.958+0000] {logging_mixin.py:190} INFO - [2025-01-22T13:11:13.958+0000] {dag.py:3239} INFO - Sync 1 DAGs
[2025-01-22T13:11:13.968+0000] {logging_mixin.py:190} INFO - [2025-01-22T13:11:13.967+0000] {dag.py:4180} INFO - Setting next_dagrun for tutorial_taskflow_api_virtualenv to None, run_after=None
[2025-01-22T13:11:13.982+0000] {processor.py:208} INFO - Processing /usr/local/python/3.12.1/lib/python3.12/site-packages/airflow/example_dags/tutorial_taskflow_api_virtualenv.py took 0.050 seconds
[2025-01-22T13:12:04.098+0000] {processor.py:186} INFO - Started process (PID=15925) to work on /usr/local/python/3.12.1/lib/python3.12/site-packages/airflow/example_dags/tutorial_taskflow_api_virtualenv.py
[2025-01-22T13:12:04.098+0000] {processor.py:914} INFO - Processing file /usr/local/python/3.12.1/lib/python3.12/site-packages/airflow/example_dags/tutorial_taskflow_api_virtualenv.py for tasks to queue
[2025-01-22T13:12:04.100+0000] {logging_mixin.py:190} INFO - [2025-01-22T13:12:04.100+0000] {dagbag.py:588} INFO - Filling up the DagBag from /usr/local/python/3.12.1/lib/python3.12/site-packages/airflow/example_dags/tutorial_taskflow_api_virtualenv.py
[2025-01-22T13:12:04.109+0000] {processor.py:925} INFO - DAG(s) 'tutorial_taskflow_api_virtualenv' retrieved from /usr/local/python/3.12.1/lib/python3.12/site-packages/airflow/example_dags/tutorial_taskflow_api_virtualenv.py
[2025-01-22T13:12:04.119+0000] {logging_mixin.py:190} INFO - [2025-01-22T13:12:04.119+0000] {dag.py:3239} INFO - Sync 1 DAGs
[2025-01-22T13:12:04.128+0000] {logging_mixin.py:190} INFO - [2025-01-22T13:12:04.128+0000] {dag.py:4180} INFO - Setting next_dagrun for tutorial_taskflow_api_virtualenv to None, run_after=None
[2025-01-22T13:12:04.143+0000] {processor.py:208} INFO - Processing /usr/local/python/3.12.1/lib/python3.12/site-packages/airflow/example_dags/tutorial_taskflow_api_virtualenv.py took 0.049 seconds
[2025-01-22T13:12:55.409+0000] {processor.py:186} INFO - Started process (PID=16417) to work on /usr/local/python/3.12.1/lib/python3.12/site-packages/airflow/example_dags/tutorial_taskflow_api_virtualenv.py
[2025-01-22T13:12:55.410+0000] {processor.py:914} INFO - Processing file /usr/local/python/3.12.1/lib/python3.12/site-packages/airflow/example_dags/tutorial_taskflow_api_virtualenv.py for tasks to queue
[2025-01-22T13:12:55.411+0000] {logging_mixin.py:190} INFO - [2025-01-22T13:12:55.411+0000] {dagbag.py:588} INFO - Filling up the DagBag from /usr/local/python/3.12.1/lib/python3.12/site-packages/airflow/example_dags/tutorial_taskflow_api_virtualenv.py
[2025-01-22T13:12:55.421+0000] {processor.py:925} INFO - DAG(s) 'tutorial_taskflow_api_virtualenv' retrieved from /usr/local/python/3.12.1/lib/python3.12/site-packages/airflow/example_dags/tutorial_taskflow_api_virtualenv.py
[2025-01-22T13:12:55.431+0000] {logging_mixin.py:190} INFO - [2025-01-22T13:12:55.431+0000] {dag.py:3239} INFO - Sync 1 DAGs
[2025-01-22T13:12:55.440+0000] {logging_mixin.py:190} INFO - [2025-01-22T13:12:55.440+0000] {dag.py:4180} INFO - Setting next_dagrun for tutorial_taskflow_api_virtualenv to None, run_after=None
[2025-01-22T13:12:55.454+0000] {processor.py:208} INFO - Processing /usr/local/python/3.12.1/lib/python3.12/site-packages/airflow/example_dags/tutorial_taskflow_api_virtualenv.py took 0.048 seconds
[2025-01-22T13:13:49.067+0000] {processor.py:186} INFO - Started process (PID=16853) to work on /usr/local/python/3.12.1/lib/python3.12/site-packages/airflow/example_dags/tutorial_taskflow_api_virtualenv.py
[2025-01-22T13:13:49.068+0000] {processor.py:914} INFO - Processing file /usr/local/python/3.12.1/lib/python3.12/site-packages/airflow/example_dags/tutorial_taskflow_api_virtualenv.py for tasks to queue
[2025-01-22T13:13:49.069+0000] {logging_mixin.py:190} INFO - [2025-01-22T13:13:49.069+0000] {dagbag.py:588} INFO - Filling up the DagBag from /usr/local/python/3.12.1/lib/python3.12/site-packages/airflow/example_dags/tutorial_taskflow_api_virtualenv.py
[2025-01-22T13:13:49.079+0000] {processor.py:925} INFO - DAG(s) 'tutorial_taskflow_api_virtualenv' retrieved from /usr/local/python/3.12.1/lib/python3.12/site-packages/airflow/example_dags/tutorial_taskflow_api_virtualenv.py
[2025-01-22T13:13:49.090+0000] {logging_mixin.py:190} INFO - [2025-01-22T13:13:49.090+0000] {dag.py:3239} INFO - Sync 1 DAGs
[2025-01-22T13:13:49.100+0000] {logging_mixin.py:190} INFO - [2025-01-22T13:13:49.099+0000] {dag.py:4180} INFO - Setting next_dagrun for tutorial_taskflow_api_virtualenv to None, run_after=None
[2025-01-22T13:13:49.118+0000] {processor.py:208} INFO - Processing /usr/local/python/3.12.1/lib/python3.12/site-packages/airflow/example_dags/tutorial_taskflow_api_virtualenv.py took 0.055 seconds
[2025-01-22T13:14:41.251+0000] {processor.py:186} INFO - Started process (PID=17297) to work on /usr/local/python/3.12.1/lib/python3.12/site-packages/airflow/example_dags/tutorial_taskflow_api_virtualenv.py
[2025-01-22T13:14:41.252+0000] {processor.py:914} INFO - Processing file /usr/local/python/3.12.1/lib/python3.12/site-packages/airflow/example_dags/tutorial_taskflow_api_virtualenv.py for tasks to queue
[2025-01-22T13:14:41.254+0000] {logging_mixin.py:190} INFO - [2025-01-22T13:14:41.253+0000] {dagbag.py:588} INFO - Filling up the DagBag from /usr/local/python/3.12.1/lib/python3.12/site-packages/airflow/example_dags/tutorial_taskflow_api_virtualenv.py
[2025-01-22T13:14:41.263+0000] {processor.py:925} INFO - DAG(s) 'tutorial_taskflow_api_virtualenv' retrieved from /usr/local/python/3.12.1/lib/python3.12/site-packages/airflow/example_dags/tutorial_taskflow_api_virtualenv.py
[2025-01-22T13:14:41.274+0000] {logging_mixin.py:190} INFO - [2025-01-22T13:14:41.273+0000] {dag.py:3239} INFO - Sync 1 DAGs
[2025-01-22T13:14:41.283+0000] {logging_mixin.py:190} INFO - [2025-01-22T13:14:41.283+0000] {dag.py:4180} INFO - Setting next_dagrun for tutorial_taskflow_api_virtualenv to None, run_after=None
[2025-01-22T13:14:41.297+0000] {processor.py:208} INFO - Processing /usr/local/python/3.12.1/lib/python3.12/site-packages/airflow/example_dags/tutorial_taskflow_api_virtualenv.py took 0.050 seconds
[2025-01-22T13:15:30.875+0000] {processor.py:186} INFO - Started process (PID=17694) to work on /usr/local/python/3.12.1/lib/python3.12/site-packages/airflow/example_dags/tutorial_taskflow_api_virtualenv.py
[2025-01-22T13:15:30.875+0000] {processor.py:914} INFO - Processing file /usr/local/python/3.12.1/lib/python3.12/site-packages/airflow/example_dags/tutorial_taskflow_api_virtualenv.py for tasks to queue
[2025-01-22T13:15:30.877+0000] {logging_mixin.py:190} INFO - [2025-01-22T13:15:30.877+0000] {dagbag.py:588} INFO - Filling up the DagBag from /usr/local/python/3.12.1/lib/python3.12/site-packages/airflow/example_dags/tutorial_taskflow_api_virtualenv.py
[2025-01-22T13:15:30.886+0000] {processor.py:925} INFO - DAG(s) 'tutorial_taskflow_api_virtualenv' retrieved from /usr/local/python/3.12.1/lib/python3.12/site-packages/airflow/example_dags/tutorial_taskflow_api_virtualenv.py
[2025-01-22T13:15:30.899+0000] {logging_mixin.py:190} INFO - [2025-01-22T13:15:30.899+0000] {dag.py:3239} INFO - Sync 1 DAGs
[2025-01-22T13:15:30.912+0000] {logging_mixin.py:190} INFO - [2025-01-22T13:15:30.911+0000] {dag.py:4180} INFO - Setting next_dagrun for tutorial_taskflow_api_virtualenv to None, run_after=None
[2025-01-22T13:15:30.932+0000] {processor.py:208} INFO - Processing /usr/local/python/3.12.1/lib/python3.12/site-packages/airflow/example_dags/tutorial_taskflow_api_virtualenv.py took 0.061 seconds
[2025-01-22T13:16:18.742+0000] {processor.py:186} INFO - Started process (PID=18042) to work on /usr/local/python/3.12.1/lib/python3.12/site-packages/airflow/example_dags/tutorial_taskflow_api_virtualenv.py
[2025-01-22T13:16:18.743+0000] {processor.py:914} INFO - Processing file /usr/local/python/3.12.1/lib/python3.12/site-packages/airflow/example_dags/tutorial_taskflow_api_virtualenv.py for tasks to queue
[2025-01-22T13:16:18.745+0000] {logging_mixin.py:190} INFO - [2025-01-22T13:16:18.744+0000] {dagbag.py:588} INFO - Filling up the DagBag from /usr/local/python/3.12.1/lib/python3.12/site-packages/airflow/example_dags/tutorial_taskflow_api_virtualenv.py
[2025-01-22T13:16:18.754+0000] {processor.py:925} INFO - DAG(s) 'tutorial_taskflow_api_virtualenv' retrieved from /usr/local/python/3.12.1/lib/python3.12/site-packages/airflow/example_dags/tutorial_taskflow_api_virtualenv.py
[2025-01-22T13:16:18.765+0000] {logging_mixin.py:190} INFO - [2025-01-22T13:16:18.765+0000] {dag.py:3239} INFO - Sync 1 DAGs
[2025-01-22T13:16:18.774+0000] {logging_mixin.py:190} INFO - [2025-01-22T13:16:18.774+0000] {dag.py:4180} INFO - Setting next_dagrun for tutorial_taskflow_api_virtualenv to None, run_after=None
[2025-01-22T13:16:18.788+0000] {processor.py:208} INFO - Processing /usr/local/python/3.12.1/lib/python3.12/site-packages/airflow/example_dags/tutorial_taskflow_api_virtualenv.py took 0.050 seconds
[2025-01-22T13:17:13.540+0000] {processor.py:186} INFO - Started process (PID=18502) to work on /usr/local/python/3.12.1/lib/python3.12/site-packages/airflow/example_dags/tutorial_taskflow_api_virtualenv.py
[2025-01-22T13:17:13.541+0000] {processor.py:914} INFO - Processing file /usr/local/python/3.12.1/lib/python3.12/site-packages/airflow/example_dags/tutorial_taskflow_api_virtualenv.py for tasks to queue
[2025-01-22T13:17:13.542+0000] {logging_mixin.py:190} INFO - [2025-01-22T13:17:13.542+0000] {dagbag.py:588} INFO - Filling up the DagBag from /usr/local/python/3.12.1/lib/python3.12/site-packages/airflow/example_dags/tutorial_taskflow_api_virtualenv.py
[2025-01-22T13:17:13.551+0000] {processor.py:925} INFO - DAG(s) 'tutorial_taskflow_api_virtualenv' retrieved from /usr/local/python/3.12.1/lib/python3.12/site-packages/airflow/example_dags/tutorial_taskflow_api_virtualenv.py
[2025-01-22T13:17:13.562+0000] {logging_mixin.py:190} INFO - [2025-01-22T13:17:13.562+0000] {dag.py:3239} INFO - Sync 1 DAGs
[2025-01-22T13:17:13.571+0000] {logging_mixin.py:190} INFO - [2025-01-22T13:17:13.571+0000] {dag.py:4180} INFO - Setting next_dagrun for tutorial_taskflow_api_virtualenv to None, run_after=None
[2025-01-22T13:17:13.586+0000] {processor.py:208} INFO - Processing /usr/local/python/3.12.1/lib/python3.12/site-packages/airflow/example_dags/tutorial_taskflow_api_virtualenv.py took 0.050 seconds
[2025-01-22T13:18:03.051+0000] {processor.py:186} INFO - Started process (PID=18963) to work on /usr/local/python/3.12.1/lib/python3.12/site-packages/airflow/example_dags/tutorial_taskflow_api_virtualenv.py
[2025-01-22T13:18:03.051+0000] {processor.py:914} INFO - Processing file /usr/local/python/3.12.1/lib/python3.12/site-packages/airflow/example_dags/tutorial_taskflow_api_virtualenv.py for tasks to queue
[2025-01-22T13:18:03.053+0000] {logging_mixin.py:190} INFO - [2025-01-22T13:18:03.053+0000] {dagbag.py:588} INFO - Filling up the DagBag from /usr/local/python/3.12.1/lib/python3.12/site-packages/airflow/example_dags/tutorial_taskflow_api_virtualenv.py
[2025-01-22T13:18:03.067+0000] {processor.py:925} INFO - DAG(s) 'tutorial_taskflow_api_virtualenv' retrieved from /usr/local/python/3.12.1/lib/python3.12/site-packages/airflow/example_dags/tutorial_taskflow_api_virtualenv.py
[2025-01-22T13:18:03.084+0000] {logging_mixin.py:190} INFO - [2025-01-22T13:18:03.084+0000] {dag.py:3239} INFO - Sync 1 DAGs
[2025-01-22T13:18:03.095+0000] {logging_mixin.py:190} INFO - [2025-01-22T13:18:03.095+0000] {dag.py:4180} INFO - Setting next_dagrun for tutorial_taskflow_api_virtualenv to None, run_after=None
[2025-01-22T13:18:03.109+0000] {processor.py:208} INFO - Processing /usr/local/python/3.12.1/lib/python3.12/site-packages/airflow/example_dags/tutorial_taskflow_api_virtualenv.py took 0.062 seconds
[2025-01-22T13:18:52.522+0000] {processor.py:186} INFO - Started process (PID=19564) to work on /usr/local/python/3.12.1/lib/python3.12/site-packages/airflow/example_dags/tutorial_taskflow_api_virtualenv.py
[2025-01-22T13:18:52.523+0000] {processor.py:914} INFO - Processing file /usr/local/python/3.12.1/lib/python3.12/site-packages/airflow/example_dags/tutorial_taskflow_api_virtualenv.py for tasks to queue
[2025-01-22T13:18:52.524+0000] {logging_mixin.py:190} INFO - [2025-01-22T13:18:52.524+0000] {dagbag.py:588} INFO - Filling up the DagBag from /usr/local/python/3.12.1/lib/python3.12/site-packages/airflow/example_dags/tutorial_taskflow_api_virtualenv.py
[2025-01-22T13:18:52.533+0000] {processor.py:925} INFO - DAG(s) 'tutorial_taskflow_api_virtualenv' retrieved from /usr/local/python/3.12.1/lib/python3.12/site-packages/airflow/example_dags/tutorial_taskflow_api_virtualenv.py
[2025-01-22T13:18:52.544+0000] {logging_mixin.py:190} INFO - [2025-01-22T13:18:52.544+0000] {dag.py:3239} INFO - Sync 1 DAGs
[2025-01-22T13:18:52.553+0000] {logging_mixin.py:190} INFO - [2025-01-22T13:18:52.553+0000] {dag.py:4180} INFO - Setting next_dagrun for tutorial_taskflow_api_virtualenv to None, run_after=None
[2025-01-22T13:18:52.567+0000] {processor.py:208} INFO - Processing /usr/local/python/3.12.1/lib/python3.12/site-packages/airflow/example_dags/tutorial_taskflow_api_virtualenv.py took 0.049 seconds
[2025-01-22T13:19:43.223+0000] {processor.py:186} INFO - Started process (PID=20550) to work on /usr/local/python/3.12.1/lib/python3.12/site-packages/airflow/example_dags/tutorial_taskflow_api_virtualenv.py
[2025-01-22T13:19:43.224+0000] {processor.py:914} INFO - Processing file /usr/local/python/3.12.1/lib/python3.12/site-packages/airflow/example_dags/tutorial_taskflow_api_virtualenv.py for tasks to queue
[2025-01-22T13:19:43.225+0000] {logging_mixin.py:190} INFO - [2025-01-22T13:19:43.225+0000] {dagbag.py:588} INFO - Filling up the DagBag from /usr/local/python/3.12.1/lib/python3.12/site-packages/airflow/example_dags/tutorial_taskflow_api_virtualenv.py
[2025-01-22T13:19:43.234+0000] {processor.py:925} INFO - DAG(s) 'tutorial_taskflow_api_virtualenv' retrieved from /usr/local/python/3.12.1/lib/python3.12/site-packages/airflow/example_dags/tutorial_taskflow_api_virtualenv.py
[2025-01-22T13:19:43.245+0000] {logging_mixin.py:190} INFO - [2025-01-22T13:19:43.245+0000] {dag.py:3239} INFO - Sync 1 DAGs
[2025-01-22T13:19:43.254+0000] {logging_mixin.py:190} INFO - [2025-01-22T13:19:43.254+0000] {dag.py:4180} INFO - Setting next_dagrun for tutorial_taskflow_api_virtualenv to None, run_after=None
[2025-01-22T13:19:43.268+0000] {processor.py:208} INFO - Processing /usr/local/python/3.12.1/lib/python3.12/site-packages/airflow/example_dags/tutorial_taskflow_api_virtualenv.py took 0.049 seconds
[2025-01-22T13:20:33.362+0000] {processor.py:186} INFO - Started process (PID=21340) to work on /usr/local/python/3.12.1/lib/python3.12/site-packages/airflow/example_dags/tutorial_taskflow_api_virtualenv.py
[2025-01-22T13:20:33.362+0000] {processor.py:914} INFO - Processing file /usr/local/python/3.12.1/lib/python3.12/site-packages/airflow/example_dags/tutorial_taskflow_api_virtualenv.py for tasks to queue
[2025-01-22T13:20:33.364+0000] {logging_mixin.py:190} INFO - [2025-01-22T13:20:33.363+0000] {dagbag.py:588} INFO - Filling up the DagBag from /usr/local/python/3.12.1/lib/python3.12/site-packages/airflow/example_dags/tutorial_taskflow_api_virtualenv.py
[2025-01-22T13:20:33.373+0000] {processor.py:925} INFO - DAG(s) 'tutorial_taskflow_api_virtualenv' retrieved from /usr/local/python/3.12.1/lib/python3.12/site-packages/airflow/example_dags/tutorial_taskflow_api_virtualenv.py
[2025-01-22T13:20:33.383+0000] {logging_mixin.py:190} INFO - [2025-01-22T13:20:33.383+0000] {dag.py:3239} INFO - Sync 1 DAGs
[2025-01-22T13:20:33.392+0000] {logging_mixin.py:190} INFO - [2025-01-22T13:20:33.392+0000] {dag.py:4180} INFO - Setting next_dagrun for tutorial_taskflow_api_virtualenv to None, run_after=None
[2025-01-22T13:20:33.406+0000] {processor.py:208} INFO - Processing /usr/local/python/3.12.1/lib/python3.12/site-packages/airflow/example_dags/tutorial_taskflow_api_virtualenv.py took 0.048 seconds
[2025-01-22T13:21:20.888+0000] {processor.py:186} INFO - Started process (PID=21757) to work on /usr/local/python/3.12.1/lib/python3.12/site-packages/airflow/example_dags/tutorial_taskflow_api_virtualenv.py
[2025-01-22T13:21:20.889+0000] {processor.py:914} INFO - Processing file /usr/local/python/3.12.1/lib/python3.12/site-packages/airflow/example_dags/tutorial_taskflow_api_virtualenv.py for tasks to queue
[2025-01-22T13:21:20.890+0000] {logging_mixin.py:190} INFO - [2025-01-22T13:21:20.890+0000] {dagbag.py:588} INFO - Filling up the DagBag from /usr/local/python/3.12.1/lib/python3.12/site-packages/airflow/example_dags/tutorial_taskflow_api_virtualenv.py
[2025-01-22T13:21:20.900+0000] {processor.py:925} INFO - DAG(s) 'tutorial_taskflow_api_virtualenv' retrieved from /usr/local/python/3.12.1/lib/python3.12/site-packages/airflow/example_dags/tutorial_taskflow_api_virtualenv.py
[2025-01-22T13:21:20.915+0000] {logging_mixin.py:190} INFO - [2025-01-22T13:21:20.915+0000] {dag.py:3239} INFO - Sync 1 DAGs
[2025-01-22T13:21:20.925+0000] {logging_mixin.py:190} INFO - [2025-01-22T13:21:20.925+0000] {dag.py:4180} INFO - Setting next_dagrun for tutorial_taskflow_api_virtualenv to None, run_after=None
[2025-01-22T13:21:20.944+0000] {processor.py:208} INFO - Processing /usr/local/python/3.12.1/lib/python3.12/site-packages/airflow/example_dags/tutorial_taskflow_api_virtualenv.py took 0.061 seconds
