[2025-01-22T12:52:21.123+0000] {processor.py:186} INFO - Started process (PID=5061) to work on /usr/local/python/3.12.1/lib/python3.12/site-packages/airflow/example_dags/tutorial_taskflow_api.py
[2025-01-22T12:52:21.124+0000] {processor.py:914} INFO - Processing file /usr/local/python/3.12.1/lib/python3.12/site-packages/airflow/example_dags/tutorial_taskflow_api.py for tasks to queue
[2025-01-22T12:52:21.126+0000] {logging_mixin.py:190} INFO - [2025-01-22T12:52:21.126+0000] {dagbag.py:588} INFO - Filling up the DagBag from /usr/local/python/3.12.1/lib/python3.12/site-packages/airflow/example_dags/tutorial_taskflow_api.py
[2025-01-22T12:52:21.135+0000] {processor.py:925} INFO - DAG(s) 'tutorial_taskflow_api' retrieved from /usr/local/python/3.12.1/lib/python3.12/site-packages/airflow/example_dags/tutorial_taskflow_api.py
[2025-01-22T12:52:21.313+0000] {logging_mixin.py:190} INFO - [2025-01-22T12:52:21.312+0000] {override.py:1911} INFO - Created Permission View: can delete on DAG:tutorial_taskflow_api
[2025-01-22T12:52:21.335+0000] {logging_mixin.py:190} INFO - [2025-01-22T12:52:21.335+0000] {override.py:1911} INFO - Created Permission View: can edit on DAG:tutorial_taskflow_api
[2025-01-22T12:52:21.342+0000] {logging_mixin.py:190} INFO - [2025-01-22T12:52:21.342+0000] {override.py:1911} INFO - Created Permission View: can read on DAG:tutorial_taskflow_api
[2025-01-22T12:52:21.350+0000] {logging_mixin.py:190} INFO - [2025-01-22T12:52:21.350+0000] {override.py:1911} INFO - Created Permission View: can create on DAG Run:tutorial_taskflow_api
[2025-01-22T12:52:21.357+0000] {logging_mixin.py:190} INFO - [2025-01-22T12:52:21.356+0000] {override.py:1911} INFO - Created Permission View: can read on DAG Run:tutorial_taskflow_api
[2025-01-22T12:52:21.363+0000] {logging_mixin.py:190} INFO - [2025-01-22T12:52:21.362+0000] {override.py:1911} INFO - Created Permission View: menu access on DAG Run:tutorial_taskflow_api
[2025-01-22T12:52:21.369+0000] {logging_mixin.py:190} INFO - [2025-01-22T12:52:21.369+0000] {override.py:1911} INFO - Created Permission View: can delete on DAG Run:tutorial_taskflow_api
[2025-01-22T12:52:21.370+0000] {logging_mixin.py:190} INFO - [2025-01-22T12:52:21.369+0000] {dag.py:3239} INFO - Sync 1 DAGs
[2025-01-22T12:52:21.387+0000] {logging_mixin.py:190} INFO - [2025-01-22T12:52:21.387+0000] {dag.py:3262} INFO - Creating ORM DAG for tutorial_taskflow_api
[2025-01-22T12:52:21.388+0000] {logging_mixin.py:190} INFO - [2025-01-22T12:52:21.387+0000] {dag.py:4180} INFO - Setting next_dagrun for tutorial_taskflow_api to None, run_after=None
[2025-01-22T12:52:21.419+0000] {processor.py:208} INFO - Processing /usr/local/python/3.12.1/lib/python3.12/site-packages/airflow/example_dags/tutorial_taskflow_api.py took 0.299 seconds
[2025-01-22T12:53:25.212+0000] {processor.py:186} INFO - Started process (PID=5990) to work on /usr/local/python/3.12.1/lib/python3.12/site-packages/airflow/example_dags/tutorial_taskflow_api.py
[2025-01-22T12:53:25.213+0000] {processor.py:914} INFO - Processing file /usr/local/python/3.12.1/lib/python3.12/site-packages/airflow/example_dags/tutorial_taskflow_api.py for tasks to queue
[2025-01-22T12:53:25.214+0000] {logging_mixin.py:190} INFO - [2025-01-22T12:53:25.214+0000] {dagbag.py:588} INFO - Filling up the DagBag from /usr/local/python/3.12.1/lib/python3.12/site-packages/airflow/example_dags/tutorial_taskflow_api.py
[2025-01-22T12:53:25.220+0000] {processor.py:925} INFO - DAG(s) 'tutorial_taskflow_api' retrieved from /usr/local/python/3.12.1/lib/python3.12/site-packages/airflow/example_dags/tutorial_taskflow_api.py
[2025-01-22T12:53:25.231+0000] {logging_mixin.py:190} INFO - [2025-01-22T12:53:25.230+0000] {dag.py:3239} INFO - Sync 1 DAGs
[2025-01-22T12:53:25.242+0000] {logging_mixin.py:190} INFO - [2025-01-22T12:53:25.242+0000] {dag.py:4180} INFO - Setting next_dagrun for tutorial_taskflow_api to None, run_after=None
[2025-01-22T12:53:25.256+0000] {processor.py:208} INFO - Processing /usr/local/python/3.12.1/lib/python3.12/site-packages/airflow/example_dags/tutorial_taskflow_api.py took 0.049 seconds
[2025-01-22T12:54:18.238+0000] {processor.py:186} INFO - Started process (PID=6784) to work on /usr/local/python/3.12.1/lib/python3.12/site-packages/airflow/example_dags/tutorial_taskflow_api.py
[2025-01-22T12:54:18.238+0000] {processor.py:914} INFO - Processing file /usr/local/python/3.12.1/lib/python3.12/site-packages/airflow/example_dags/tutorial_taskflow_api.py for tasks to queue
[2025-01-22T12:54:18.240+0000] {logging_mixin.py:190} INFO - [2025-01-22T12:54:18.239+0000] {dagbag.py:588} INFO - Filling up the DagBag from /usr/local/python/3.12.1/lib/python3.12/site-packages/airflow/example_dags/tutorial_taskflow_api.py
[2025-01-22T12:54:18.246+0000] {processor.py:925} INFO - DAG(s) 'tutorial_taskflow_api' retrieved from /usr/local/python/3.12.1/lib/python3.12/site-packages/airflow/example_dags/tutorial_taskflow_api.py
[2025-01-22T12:54:18.256+0000] {logging_mixin.py:190} INFO - [2025-01-22T12:54:18.256+0000] {dag.py:3239} INFO - Sync 1 DAGs
[2025-01-22T12:54:18.265+0000] {logging_mixin.py:190} INFO - [2025-01-22T12:54:18.265+0000] {dag.py:4180} INFO - Setting next_dagrun for tutorial_taskflow_api to None, run_after=None
[2025-01-22T12:54:18.280+0000] {processor.py:208} INFO - Processing /usr/local/python/3.12.1/lib/python3.12/site-packages/airflow/example_dags/tutorial_taskflow_api.py took 0.046 seconds
[2025-01-22T12:55:09.327+0000] {processor.py:186} INFO - Started process (PID=7271) to work on /usr/local/python/3.12.1/lib/python3.12/site-packages/airflow/example_dags/tutorial_taskflow_api.py
[2025-01-22T12:55:09.328+0000] {processor.py:914} INFO - Processing file /usr/local/python/3.12.1/lib/python3.12/site-packages/airflow/example_dags/tutorial_taskflow_api.py for tasks to queue
[2025-01-22T12:55:09.329+0000] {logging_mixin.py:190} INFO - [2025-01-22T12:55:09.329+0000] {dagbag.py:588} INFO - Filling up the DagBag from /usr/local/python/3.12.1/lib/python3.12/site-packages/airflow/example_dags/tutorial_taskflow_api.py
[2025-01-22T12:55:09.335+0000] {processor.py:925} INFO - DAG(s) 'tutorial_taskflow_api' retrieved from /usr/local/python/3.12.1/lib/python3.12/site-packages/airflow/example_dags/tutorial_taskflow_api.py
[2025-01-22T12:55:09.346+0000] {logging_mixin.py:190} INFO - [2025-01-22T12:55:09.346+0000] {dag.py:3239} INFO - Sync 1 DAGs
[2025-01-22T12:55:09.355+0000] {logging_mixin.py:190} INFO - [2025-01-22T12:55:09.355+0000] {dag.py:4180} INFO - Setting next_dagrun for tutorial_taskflow_api to None, run_after=None
[2025-01-22T12:55:09.371+0000] {processor.py:208} INFO - Processing /usr/local/python/3.12.1/lib/python3.12/site-packages/airflow/example_dags/tutorial_taskflow_api.py took 0.048 seconds
[2025-01-22T12:56:00.689+0000] {processor.py:186} INFO - Started process (PID=7747) to work on /usr/local/python/3.12.1/lib/python3.12/site-packages/airflow/example_dags/tutorial_taskflow_api.py
[2025-01-22T12:56:00.689+0000] {processor.py:914} INFO - Processing file /usr/local/python/3.12.1/lib/python3.12/site-packages/airflow/example_dags/tutorial_taskflow_api.py for tasks to queue
[2025-01-22T12:56:00.691+0000] {logging_mixin.py:190} INFO - [2025-01-22T12:56:00.691+0000] {dagbag.py:588} INFO - Filling up the DagBag from /usr/local/python/3.12.1/lib/python3.12/site-packages/airflow/example_dags/tutorial_taskflow_api.py
[2025-01-22T12:56:00.697+0000] {processor.py:925} INFO - DAG(s) 'tutorial_taskflow_api' retrieved from /usr/local/python/3.12.1/lib/python3.12/site-packages/airflow/example_dags/tutorial_taskflow_api.py
[2025-01-22T12:56:00.707+0000] {logging_mixin.py:190} INFO - [2025-01-22T12:56:00.707+0000] {dag.py:3239} INFO - Sync 1 DAGs
[2025-01-22T12:56:00.716+0000] {logging_mixin.py:190} INFO - [2025-01-22T12:56:00.716+0000] {dag.py:4180} INFO - Setting next_dagrun for tutorial_taskflow_api to None, run_after=None
[2025-01-22T12:56:00.730+0000] {processor.py:208} INFO - Processing /usr/local/python/3.12.1/lib/python3.12/site-packages/airflow/example_dags/tutorial_taskflow_api.py took 0.045 seconds
[2025-01-22T12:56:52.501+0000] {processor.py:186} INFO - Started process (PID=8170) to work on /usr/local/python/3.12.1/lib/python3.12/site-packages/airflow/example_dags/tutorial_taskflow_api.py
[2025-01-22T12:56:52.501+0000] {processor.py:914} INFO - Processing file /usr/local/python/3.12.1/lib/python3.12/site-packages/airflow/example_dags/tutorial_taskflow_api.py for tasks to queue
[2025-01-22T12:56:52.503+0000] {logging_mixin.py:190} INFO - [2025-01-22T12:56:52.503+0000] {dagbag.py:588} INFO - Filling up the DagBag from /usr/local/python/3.12.1/lib/python3.12/site-packages/airflow/example_dags/tutorial_taskflow_api.py
[2025-01-22T12:56:52.509+0000] {processor.py:925} INFO - DAG(s) 'tutorial_taskflow_api' retrieved from /usr/local/python/3.12.1/lib/python3.12/site-packages/airflow/example_dags/tutorial_taskflow_api.py
[2025-01-22T12:56:52.519+0000] {logging_mixin.py:190} INFO - [2025-01-22T12:56:52.519+0000] {dag.py:3239} INFO - Sync 1 DAGs
[2025-01-22T12:56:52.528+0000] {logging_mixin.py:190} INFO - [2025-01-22T12:56:52.528+0000] {dag.py:4180} INFO - Setting next_dagrun for tutorial_taskflow_api to None, run_after=None
[2025-01-22T12:56:52.541+0000] {processor.py:208} INFO - Processing /usr/local/python/3.12.1/lib/python3.12/site-packages/airflow/example_dags/tutorial_taskflow_api.py took 0.044 seconds
[2025-01-22T12:57:43.489+0000] {processor.py:186} INFO - Started process (PID=8661) to work on /usr/local/python/3.12.1/lib/python3.12/site-packages/airflow/example_dags/tutorial_taskflow_api.py
[2025-01-22T12:57:43.490+0000] {processor.py:914} INFO - Processing file /usr/local/python/3.12.1/lib/python3.12/site-packages/airflow/example_dags/tutorial_taskflow_api.py for tasks to queue
[2025-01-22T12:57:43.492+0000] {logging_mixin.py:190} INFO - [2025-01-22T12:57:43.492+0000] {dagbag.py:588} INFO - Filling up the DagBag from /usr/local/python/3.12.1/lib/python3.12/site-packages/airflow/example_dags/tutorial_taskflow_api.py
[2025-01-22T12:57:43.502+0000] {processor.py:925} INFO - DAG(s) 'tutorial_taskflow_api' retrieved from /usr/local/python/3.12.1/lib/python3.12/site-packages/airflow/example_dags/tutorial_taskflow_api.py
[2025-01-22T12:57:43.518+0000] {logging_mixin.py:190} INFO - [2025-01-22T12:57:43.518+0000] {dag.py:3239} INFO - Sync 1 DAGs
[2025-01-22T12:57:43.533+0000] {logging_mixin.py:190} INFO - [2025-01-22T12:57:43.532+0000] {dag.py:4180} INFO - Setting next_dagrun for tutorial_taskflow_api to None, run_after=None
[2025-01-22T12:57:43.552+0000] {processor.py:208} INFO - Processing /usr/local/python/3.12.1/lib/python3.12/site-packages/airflow/example_dags/tutorial_taskflow_api.py took 0.067 seconds
[2025-01-22T12:58:33.108+0000] {processor.py:186} INFO - Started process (PID=9070) to work on /usr/local/python/3.12.1/lib/python3.12/site-packages/airflow/example_dags/tutorial_taskflow_api.py
[2025-01-22T12:58:33.109+0000] {processor.py:914} INFO - Processing file /usr/local/python/3.12.1/lib/python3.12/site-packages/airflow/example_dags/tutorial_taskflow_api.py for tasks to queue
[2025-01-22T12:58:33.111+0000] {logging_mixin.py:190} INFO - [2025-01-22T12:58:33.110+0000] {dagbag.py:588} INFO - Filling up the DagBag from /usr/local/python/3.12.1/lib/python3.12/site-packages/airflow/example_dags/tutorial_taskflow_api.py
[2025-01-22T12:58:33.117+0000] {processor.py:925} INFO - DAG(s) 'tutorial_taskflow_api' retrieved from /usr/local/python/3.12.1/lib/python3.12/site-packages/airflow/example_dags/tutorial_taskflow_api.py
[2025-01-22T12:58:33.128+0000] {logging_mixin.py:190} INFO - [2025-01-22T12:58:33.127+0000] {dag.py:3239} INFO - Sync 1 DAGs
[2025-01-22T12:58:33.136+0000] {logging_mixin.py:190} INFO - [2025-01-22T12:58:33.136+0000] {dag.py:4180} INFO - Setting next_dagrun for tutorial_taskflow_api to None, run_after=None
[2025-01-22T12:58:33.151+0000] {processor.py:208} INFO - Processing /usr/local/python/3.12.1/lib/python3.12/site-packages/airflow/example_dags/tutorial_taskflow_api.py took 0.046 seconds
[2025-01-22T12:59:23.653+0000] {processor.py:186} INFO - Started process (PID=9492) to work on /usr/local/python/3.12.1/lib/python3.12/site-packages/airflow/example_dags/tutorial_taskflow_api.py
[2025-01-22T12:59:23.654+0000] {processor.py:914} INFO - Processing file /usr/local/python/3.12.1/lib/python3.12/site-packages/airflow/example_dags/tutorial_taskflow_api.py for tasks to queue
[2025-01-22T12:59:23.656+0000] {logging_mixin.py:190} INFO - [2025-01-22T12:59:23.655+0000] {dagbag.py:588} INFO - Filling up the DagBag from /usr/local/python/3.12.1/lib/python3.12/site-packages/airflow/example_dags/tutorial_taskflow_api.py
[2025-01-22T12:59:23.667+0000] {processor.py:925} INFO - DAG(s) 'tutorial_taskflow_api' retrieved from /usr/local/python/3.12.1/lib/python3.12/site-packages/airflow/example_dags/tutorial_taskflow_api.py
[2025-01-22T12:59:23.684+0000] {logging_mixin.py:190} INFO - [2025-01-22T12:59:23.684+0000] {dag.py:3239} INFO - Sync 1 DAGs
[2025-01-22T12:59:23.697+0000] {logging_mixin.py:190} INFO - [2025-01-22T12:59:23.697+0000] {dag.py:4180} INFO - Setting next_dagrun for tutorial_taskflow_api to None, run_after=None
[2025-01-22T12:59:23.711+0000] {processor.py:208} INFO - Processing /usr/local/python/3.12.1/lib/python3.12/site-packages/airflow/example_dags/tutorial_taskflow_api.py took 0.066 seconds
[2025-01-22T13:00:15.864+0000] {processor.py:186} INFO - Started process (PID=9854) to work on /usr/local/python/3.12.1/lib/python3.12/site-packages/airflow/example_dags/tutorial_taskflow_api.py
[2025-01-22T13:00:15.865+0000] {processor.py:914} INFO - Processing file /usr/local/python/3.12.1/lib/python3.12/site-packages/airflow/example_dags/tutorial_taskflow_api.py for tasks to queue
[2025-01-22T13:00:15.866+0000] {logging_mixin.py:190} INFO - [2025-01-22T13:00:15.866+0000] {dagbag.py:588} INFO - Filling up the DagBag from /usr/local/python/3.12.1/lib/python3.12/site-packages/airflow/example_dags/tutorial_taskflow_api.py
[2025-01-22T13:00:15.873+0000] {processor.py:925} INFO - DAG(s) 'tutorial_taskflow_api' retrieved from /usr/local/python/3.12.1/lib/python3.12/site-packages/airflow/example_dags/tutorial_taskflow_api.py
[2025-01-22T13:00:15.883+0000] {logging_mixin.py:190} INFO - [2025-01-22T13:00:15.883+0000] {dag.py:3239} INFO - Sync 1 DAGs
[2025-01-22T13:00:15.893+0000] {logging_mixin.py:190} INFO - [2025-01-22T13:00:15.893+0000] {dag.py:4180} INFO - Setting next_dagrun for tutorial_taskflow_api to None, run_after=None
[2025-01-22T13:00:15.907+0000] {processor.py:208} INFO - Processing /usr/local/python/3.12.1/lib/python3.12/site-packages/airflow/example_dags/tutorial_taskflow_api.py took 0.046 seconds
[2025-01-22T13:01:07.668+0000] {processor.py:186} INFO - Started process (PID=10299) to work on /usr/local/python/3.12.1/lib/python3.12/site-packages/airflow/example_dags/tutorial_taskflow_api.py
[2025-01-22T13:01:07.669+0000] {processor.py:914} INFO - Processing file /usr/local/python/3.12.1/lib/python3.12/site-packages/airflow/example_dags/tutorial_taskflow_api.py for tasks to queue
[2025-01-22T13:01:07.670+0000] {logging_mixin.py:190} INFO - [2025-01-22T13:01:07.670+0000] {dagbag.py:588} INFO - Filling up the DagBag from /usr/local/python/3.12.1/lib/python3.12/site-packages/airflow/example_dags/tutorial_taskflow_api.py
[2025-01-22T13:01:07.677+0000] {processor.py:925} INFO - DAG(s) 'tutorial_taskflow_api' retrieved from /usr/local/python/3.12.1/lib/python3.12/site-packages/airflow/example_dags/tutorial_taskflow_api.py
[2025-01-22T13:01:07.687+0000] {logging_mixin.py:190} INFO - [2025-01-22T13:01:07.687+0000] {dag.py:3239} INFO - Sync 1 DAGs
[2025-01-22T13:01:07.696+0000] {logging_mixin.py:190} INFO - [2025-01-22T13:01:07.695+0000] {dag.py:4180} INFO - Setting next_dagrun for tutorial_taskflow_api to None, run_after=None
[2025-01-22T13:01:07.710+0000] {processor.py:208} INFO - Processing /usr/local/python/3.12.1/lib/python3.12/site-packages/airflow/example_dags/tutorial_taskflow_api.py took 0.046 seconds
[2025-01-22T13:02:00.133+0000] {processor.py:186} INFO - Started process (PID=10726) to work on /usr/local/python/3.12.1/lib/python3.12/site-packages/airflow/example_dags/tutorial_taskflow_api.py
[2025-01-22T13:02:00.133+0000] {processor.py:914} INFO - Processing file /usr/local/python/3.12.1/lib/python3.12/site-packages/airflow/example_dags/tutorial_taskflow_api.py for tasks to queue
[2025-01-22T13:02:00.135+0000] {logging_mixin.py:190} INFO - [2025-01-22T13:02:00.135+0000] {dagbag.py:588} INFO - Filling up the DagBag from /usr/local/python/3.12.1/lib/python3.12/site-packages/airflow/example_dags/tutorial_taskflow_api.py
[2025-01-22T13:02:00.142+0000] {processor.py:925} INFO - DAG(s) 'tutorial_taskflow_api' retrieved from /usr/local/python/3.12.1/lib/python3.12/site-packages/airflow/example_dags/tutorial_taskflow_api.py
[2025-01-22T13:02:00.152+0000] {logging_mixin.py:190} INFO - [2025-01-22T13:02:00.152+0000] {dag.py:3239} INFO - Sync 1 DAGs
[2025-01-22T13:02:00.161+0000] {logging_mixin.py:190} INFO - [2025-01-22T13:02:00.161+0000] {dag.py:4180} INFO - Setting next_dagrun for tutorial_taskflow_api to None, run_after=None
[2025-01-22T13:02:00.180+0000] {processor.py:208} INFO - Processing /usr/local/python/3.12.1/lib/python3.12/site-packages/airflow/example_dags/tutorial_taskflow_api.py took 0.051 seconds
[2025-01-22T13:02:47.469+0000] {processor.py:186} INFO - Started process (PID=11177) to work on /usr/local/python/3.12.1/lib/python3.12/site-packages/airflow/example_dags/tutorial_taskflow_api.py
[2025-01-22T13:02:47.469+0000] {processor.py:914} INFO - Processing file /usr/local/python/3.12.1/lib/python3.12/site-packages/airflow/example_dags/tutorial_taskflow_api.py for tasks to queue
[2025-01-22T13:02:47.471+0000] {logging_mixin.py:190} INFO - [2025-01-22T13:02:47.471+0000] {dagbag.py:588} INFO - Filling up the DagBag from /usr/local/python/3.12.1/lib/python3.12/site-packages/airflow/example_dags/tutorial_taskflow_api.py
[2025-01-22T13:02:47.477+0000] {processor.py:925} INFO - DAG(s) 'tutorial_taskflow_api' retrieved from /usr/local/python/3.12.1/lib/python3.12/site-packages/airflow/example_dags/tutorial_taskflow_api.py
[2025-01-22T13:02:47.488+0000] {logging_mixin.py:190} INFO - [2025-01-22T13:02:47.488+0000] {dag.py:3239} INFO - Sync 1 DAGs
[2025-01-22T13:02:47.497+0000] {logging_mixin.py:190} INFO - [2025-01-22T13:02:47.496+0000] {dag.py:4180} INFO - Setting next_dagrun for tutorial_taskflow_api to None, run_after=None
[2025-01-22T13:02:47.510+0000] {processor.py:208} INFO - Processing /usr/local/python/3.12.1/lib/python3.12/site-packages/airflow/example_dags/tutorial_taskflow_api.py took 0.045 seconds
[2025-01-22T13:03:36.041+0000] {processor.py:186} INFO - Started process (PID=11592) to work on /usr/local/python/3.12.1/lib/python3.12/site-packages/airflow/example_dags/tutorial_taskflow_api.py
[2025-01-22T13:03:36.041+0000] {processor.py:914} INFO - Processing file /usr/local/python/3.12.1/lib/python3.12/site-packages/airflow/example_dags/tutorial_taskflow_api.py for tasks to queue
[2025-01-22T13:03:36.043+0000] {logging_mixin.py:190} INFO - [2025-01-22T13:03:36.043+0000] {dagbag.py:588} INFO - Filling up the DagBag from /usr/local/python/3.12.1/lib/python3.12/site-packages/airflow/example_dags/tutorial_taskflow_api.py
[2025-01-22T13:03:36.049+0000] {processor.py:925} INFO - DAG(s) 'tutorial_taskflow_api' retrieved from /usr/local/python/3.12.1/lib/python3.12/site-packages/airflow/example_dags/tutorial_taskflow_api.py
[2025-01-22T13:03:36.060+0000] {logging_mixin.py:190} INFO - [2025-01-22T13:03:36.060+0000] {dag.py:3239} INFO - Sync 1 DAGs
[2025-01-22T13:03:36.069+0000] {logging_mixin.py:190} INFO - [2025-01-22T13:03:36.069+0000] {dag.py:4180} INFO - Setting next_dagrun for tutorial_taskflow_api to None, run_after=None
[2025-01-22T13:03:36.084+0000] {processor.py:208} INFO - Processing /usr/local/python/3.12.1/lib/python3.12/site-packages/airflow/example_dags/tutorial_taskflow_api.py took 0.048 seconds
[2025-01-22T13:04:29.041+0000] {processor.py:186} INFO - Started process (PID=12024) to work on /usr/local/python/3.12.1/lib/python3.12/site-packages/airflow/example_dags/tutorial_taskflow_api.py
[2025-01-22T13:04:29.042+0000] {processor.py:914} INFO - Processing file /usr/local/python/3.12.1/lib/python3.12/site-packages/airflow/example_dags/tutorial_taskflow_api.py for tasks to queue
[2025-01-22T13:04:29.044+0000] {logging_mixin.py:190} INFO - [2025-01-22T13:04:29.043+0000] {dagbag.py:588} INFO - Filling up the DagBag from /usr/local/python/3.12.1/lib/python3.12/site-packages/airflow/example_dags/tutorial_taskflow_api.py
[2025-01-22T13:04:29.051+0000] {processor.py:925} INFO - DAG(s) 'tutorial_taskflow_api' retrieved from /usr/local/python/3.12.1/lib/python3.12/site-packages/airflow/example_dags/tutorial_taskflow_api.py
[2025-01-22T13:04:29.061+0000] {logging_mixin.py:190} INFO - [2025-01-22T13:04:29.061+0000] {dag.py:3239} INFO - Sync 1 DAGs
[2025-01-22T13:04:29.072+0000] {logging_mixin.py:190} INFO - [2025-01-22T13:04:29.072+0000] {dag.py:4180} INFO - Setting next_dagrun for tutorial_taskflow_api to None, run_after=None
[2025-01-22T13:04:29.087+0000] {processor.py:208} INFO - Processing /usr/local/python/3.12.1/lib/python3.12/site-packages/airflow/example_dags/tutorial_taskflow_api.py took 0.050 seconds
[2025-01-22T13:05:19.863+0000] {processor.py:186} INFO - Started process (PID=12381) to work on /usr/local/python/3.12.1/lib/python3.12/site-packages/airflow/example_dags/tutorial_taskflow_api.py
[2025-01-22T13:05:19.864+0000] {processor.py:914} INFO - Processing file /usr/local/python/3.12.1/lib/python3.12/site-packages/airflow/example_dags/tutorial_taskflow_api.py for tasks to queue
[2025-01-22T13:05:19.865+0000] {logging_mixin.py:190} INFO - [2025-01-22T13:05:19.865+0000] {dagbag.py:588} INFO - Filling up the DagBag from /usr/local/python/3.12.1/lib/python3.12/site-packages/airflow/example_dags/tutorial_taskflow_api.py
[2025-01-22T13:05:19.871+0000] {processor.py:925} INFO - DAG(s) 'tutorial_taskflow_api' retrieved from /usr/local/python/3.12.1/lib/python3.12/site-packages/airflow/example_dags/tutorial_taskflow_api.py
[2025-01-22T13:05:19.882+0000] {logging_mixin.py:190} INFO - [2025-01-22T13:05:19.881+0000] {dag.py:3239} INFO - Sync 1 DAGs
[2025-01-22T13:05:19.891+0000] {logging_mixin.py:190} INFO - [2025-01-22T13:05:19.891+0000] {dag.py:4180} INFO - Setting next_dagrun for tutorial_taskflow_api to None, run_after=None
[2025-01-22T13:05:19.905+0000] {processor.py:208} INFO - Processing /usr/local/python/3.12.1/lib/python3.12/site-packages/airflow/example_dags/tutorial_taskflow_api.py took 0.046 seconds
[2025-01-22T13:06:11.666+0000] {processor.py:186} INFO - Started process (PID=12809) to work on /usr/local/python/3.12.1/lib/python3.12/site-packages/airflow/example_dags/tutorial_taskflow_api.py
[2025-01-22T13:06:11.667+0000] {processor.py:914} INFO - Processing file /usr/local/python/3.12.1/lib/python3.12/site-packages/airflow/example_dags/tutorial_taskflow_api.py for tasks to queue
[2025-01-22T13:06:11.668+0000] {logging_mixin.py:190} INFO - [2025-01-22T13:06:11.668+0000] {dagbag.py:588} INFO - Filling up the DagBag from /usr/local/python/3.12.1/lib/python3.12/site-packages/airflow/example_dags/tutorial_taskflow_api.py
[2025-01-22T13:06:11.675+0000] {processor.py:925} INFO - DAG(s) 'tutorial_taskflow_api' retrieved from /usr/local/python/3.12.1/lib/python3.12/site-packages/airflow/example_dags/tutorial_taskflow_api.py
[2025-01-22T13:06:11.685+0000] {logging_mixin.py:190} INFO - [2025-01-22T13:06:11.685+0000] {dag.py:3239} INFO - Sync 1 DAGs
[2025-01-22T13:06:11.694+0000] {logging_mixin.py:190} INFO - [2025-01-22T13:06:11.694+0000] {dag.py:4180} INFO - Setting next_dagrun for tutorial_taskflow_api to None, run_after=None
[2025-01-22T13:06:11.708+0000] {processor.py:208} INFO - Processing /usr/local/python/3.12.1/lib/python3.12/site-packages/airflow/example_dags/tutorial_taskflow_api.py took 0.046 seconds
[2025-01-22T13:06:57.202+0000] {processor.py:186} INFO - Started process (PID=13206) to work on /usr/local/python/3.12.1/lib/python3.12/site-packages/airflow/example_dags/tutorial_taskflow_api.py
[2025-01-22T13:06:57.203+0000] {processor.py:914} INFO - Processing file /usr/local/python/3.12.1/lib/python3.12/site-packages/airflow/example_dags/tutorial_taskflow_api.py for tasks to queue
[2025-01-22T13:06:57.205+0000] {logging_mixin.py:190} INFO - [2025-01-22T13:06:57.205+0000] {dagbag.py:588} INFO - Filling up the DagBag from /usr/local/python/3.12.1/lib/python3.12/site-packages/airflow/example_dags/tutorial_taskflow_api.py
[2025-01-22T13:06:57.214+0000] {processor.py:925} INFO - DAG(s) 'tutorial_taskflow_api' retrieved from /usr/local/python/3.12.1/lib/python3.12/site-packages/airflow/example_dags/tutorial_taskflow_api.py
[2025-01-22T13:06:57.226+0000] {logging_mixin.py:190} INFO - [2025-01-22T13:06:57.226+0000] {dag.py:3239} INFO - Sync 1 DAGs
[2025-01-22T13:06:57.235+0000] {logging_mixin.py:190} INFO - [2025-01-22T13:06:57.235+0000] {dag.py:4180} INFO - Setting next_dagrun for tutorial_taskflow_api to None, run_after=None
[2025-01-22T13:06:57.250+0000] {processor.py:208} INFO - Processing /usr/local/python/3.12.1/lib/python3.12/site-packages/airflow/example_dags/tutorial_taskflow_api.py took 0.052 seconds
[2025-01-22T13:07:48.685+0000] {processor.py:186} INFO - Started process (PID=13634) to work on /usr/local/python/3.12.1/lib/python3.12/site-packages/airflow/example_dags/tutorial_taskflow_api.py
[2025-01-22T13:07:48.685+0000] {processor.py:914} INFO - Processing file /usr/local/python/3.12.1/lib/python3.12/site-packages/airflow/example_dags/tutorial_taskflow_api.py for tasks to queue
[2025-01-22T13:07:48.687+0000] {logging_mixin.py:190} INFO - [2025-01-22T13:07:48.687+0000] {dagbag.py:588} INFO - Filling up the DagBag from /usr/local/python/3.12.1/lib/python3.12/site-packages/airflow/example_dags/tutorial_taskflow_api.py
[2025-01-22T13:07:48.693+0000] {processor.py:925} INFO - DAG(s) 'tutorial_taskflow_api' retrieved from /usr/local/python/3.12.1/lib/python3.12/site-packages/airflow/example_dags/tutorial_taskflow_api.py
[2025-01-22T13:07:48.704+0000] {logging_mixin.py:190} INFO - [2025-01-22T13:07:48.703+0000] {dag.py:3239} INFO - Sync 1 DAGs
[2025-01-22T13:07:48.713+0000] {logging_mixin.py:190} INFO - [2025-01-22T13:07:48.713+0000] {dag.py:4180} INFO - Setting next_dagrun for tutorial_taskflow_api to None, run_after=None
[2025-01-22T13:07:48.729+0000] {processor.py:208} INFO - Processing /usr/local/python/3.12.1/lib/python3.12/site-packages/airflow/example_dags/tutorial_taskflow_api.py took 0.048 seconds
[2025-01-22T13:08:44.234+0000] {processor.py:186} INFO - Started process (PID=14331) to work on /usr/local/python/3.12.1/lib/python3.12/site-packages/airflow/example_dags/tutorial_taskflow_api.py
[2025-01-22T13:08:44.235+0000] {processor.py:914} INFO - Processing file /usr/local/python/3.12.1/lib/python3.12/site-packages/airflow/example_dags/tutorial_taskflow_api.py for tasks to queue
[2025-01-22T13:08:44.237+0000] {logging_mixin.py:190} INFO - [2025-01-22T13:08:44.236+0000] {dagbag.py:588} INFO - Filling up the DagBag from /usr/local/python/3.12.1/lib/python3.12/site-packages/airflow/example_dags/tutorial_taskflow_api.py
[2025-01-22T13:08:44.243+0000] {processor.py:925} INFO - DAG(s) 'tutorial_taskflow_api' retrieved from /usr/local/python/3.12.1/lib/python3.12/site-packages/airflow/example_dags/tutorial_taskflow_api.py
[2025-01-22T13:08:44.254+0000] {logging_mixin.py:190} INFO - [2025-01-22T13:08:44.253+0000] {dag.py:3239} INFO - Sync 1 DAGs
[2025-01-22T13:08:44.263+0000] {logging_mixin.py:190} INFO - [2025-01-22T13:08:44.262+0000] {dag.py:4180} INFO - Setting next_dagrun for tutorial_taskflow_api to None, run_after=None
[2025-01-22T13:08:44.277+0000] {processor.py:208} INFO - Processing /usr/local/python/3.12.1/lib/python3.12/site-packages/airflow/example_dags/tutorial_taskflow_api.py took 0.047 seconds
[2025-01-22T13:09:33.919+0000] {processor.py:186} INFO - Started process (PID=14741) to work on /usr/local/python/3.12.1/lib/python3.12/site-packages/airflow/example_dags/tutorial_taskflow_api.py
[2025-01-22T13:09:33.920+0000] {processor.py:914} INFO - Processing file /usr/local/python/3.12.1/lib/python3.12/site-packages/airflow/example_dags/tutorial_taskflow_api.py for tasks to queue
[2025-01-22T13:09:33.921+0000] {logging_mixin.py:190} INFO - [2025-01-22T13:09:33.921+0000] {dagbag.py:588} INFO - Filling up the DagBag from /usr/local/python/3.12.1/lib/python3.12/site-packages/airflow/example_dags/tutorial_taskflow_api.py
[2025-01-22T13:09:33.928+0000] {processor.py:925} INFO - DAG(s) 'tutorial_taskflow_api' retrieved from /usr/local/python/3.12.1/lib/python3.12/site-packages/airflow/example_dags/tutorial_taskflow_api.py
[2025-01-22T13:09:33.938+0000] {logging_mixin.py:190} INFO - [2025-01-22T13:09:33.938+0000] {dag.py:3239} INFO - Sync 1 DAGs
[2025-01-22T13:09:33.947+0000] {logging_mixin.py:190} INFO - [2025-01-22T13:09:33.947+0000] {dag.py:4180} INFO - Setting next_dagrun for tutorial_taskflow_api to None, run_after=None
[2025-01-22T13:09:33.961+0000] {processor.py:208} INFO - Processing /usr/local/python/3.12.1/lib/python3.12/site-packages/airflow/example_dags/tutorial_taskflow_api.py took 0.046 seconds
[2025-01-22T13:10:23.200+0000] {processor.py:186} INFO - Started process (PID=15159) to work on /usr/local/python/3.12.1/lib/python3.12/site-packages/airflow/example_dags/tutorial_taskflow_api.py
[2025-01-22T13:10:23.201+0000] {processor.py:914} INFO - Processing file /usr/local/python/3.12.1/lib/python3.12/site-packages/airflow/example_dags/tutorial_taskflow_api.py for tasks to queue
[2025-01-22T13:10:23.203+0000] {logging_mixin.py:190} INFO - [2025-01-22T13:10:23.202+0000] {dagbag.py:588} INFO - Filling up the DagBag from /usr/local/python/3.12.1/lib/python3.12/site-packages/airflow/example_dags/tutorial_taskflow_api.py
[2025-01-22T13:10:23.209+0000] {processor.py:925} INFO - DAG(s) 'tutorial_taskflow_api' retrieved from /usr/local/python/3.12.1/lib/python3.12/site-packages/airflow/example_dags/tutorial_taskflow_api.py
[2025-01-22T13:10:23.219+0000] {logging_mixin.py:190} INFO - [2025-01-22T13:10:23.219+0000] {dag.py:3239} INFO - Sync 1 DAGs
[2025-01-22T13:10:23.228+0000] {logging_mixin.py:190} INFO - [2025-01-22T13:10:23.228+0000] {dag.py:4180} INFO - Setting next_dagrun for tutorial_taskflow_api to None, run_after=None
[2025-01-22T13:10:23.243+0000] {processor.py:208} INFO - Processing /usr/local/python/3.12.1/lib/python3.12/site-packages/airflow/example_dags/tutorial_taskflow_api.py took 0.047 seconds
[2025-01-22T13:11:12.804+0000] {processor.py:186} INFO - Started process (PID=15510) to work on /usr/local/python/3.12.1/lib/python3.12/site-packages/airflow/example_dags/tutorial_taskflow_api.py
[2025-01-22T13:11:12.805+0000] {processor.py:914} INFO - Processing file /usr/local/python/3.12.1/lib/python3.12/site-packages/airflow/example_dags/tutorial_taskflow_api.py for tasks to queue
[2025-01-22T13:11:12.806+0000] {logging_mixin.py:190} INFO - [2025-01-22T13:11:12.806+0000] {dagbag.py:588} INFO - Filling up the DagBag from /usr/local/python/3.12.1/lib/python3.12/site-packages/airflow/example_dags/tutorial_taskflow_api.py
[2025-01-22T13:11:12.813+0000] {processor.py:925} INFO - DAG(s) 'tutorial_taskflow_api' retrieved from /usr/local/python/3.12.1/lib/python3.12/site-packages/airflow/example_dags/tutorial_taskflow_api.py
[2025-01-22T13:11:12.823+0000] {logging_mixin.py:190} INFO - [2025-01-22T13:11:12.823+0000] {dag.py:3239} INFO - Sync 1 DAGs
[2025-01-22T13:11:12.832+0000] {logging_mixin.py:190} INFO - [2025-01-22T13:11:12.832+0000] {dag.py:4180} INFO - Setting next_dagrun for tutorial_taskflow_api to None, run_after=None
[2025-01-22T13:11:12.846+0000] {processor.py:208} INFO - Processing /usr/local/python/3.12.1/lib/python3.12/site-packages/airflow/example_dags/tutorial_taskflow_api.py took 0.046 seconds
[2025-01-22T13:12:02.967+0000] {processor.py:186} INFO - Started process (PID=15924) to work on /usr/local/python/3.12.1/lib/python3.12/site-packages/airflow/example_dags/tutorial_taskflow_api.py
[2025-01-22T13:12:02.967+0000] {processor.py:914} INFO - Processing file /usr/local/python/3.12.1/lib/python3.12/site-packages/airflow/example_dags/tutorial_taskflow_api.py for tasks to queue
[2025-01-22T13:12:02.969+0000] {logging_mixin.py:190} INFO - [2025-01-22T13:12:02.968+0000] {dagbag.py:588} INFO - Filling up the DagBag from /usr/local/python/3.12.1/lib/python3.12/site-packages/airflow/example_dags/tutorial_taskflow_api.py
[2025-01-22T13:12:02.975+0000] {processor.py:925} INFO - DAG(s) 'tutorial_taskflow_api' retrieved from /usr/local/python/3.12.1/lib/python3.12/site-packages/airflow/example_dags/tutorial_taskflow_api.py
[2025-01-22T13:12:02.985+0000] {logging_mixin.py:190} INFO - [2025-01-22T13:12:02.985+0000] {dag.py:3239} INFO - Sync 1 DAGs
[2025-01-22T13:12:02.994+0000] {logging_mixin.py:190} INFO - [2025-01-22T13:12:02.994+0000] {dag.py:4180} INFO - Setting next_dagrun for tutorial_taskflow_api to None, run_after=None
[2025-01-22T13:12:03.008+0000] {processor.py:208} INFO - Processing /usr/local/python/3.12.1/lib/python3.12/site-packages/airflow/example_dags/tutorial_taskflow_api.py took 0.045 seconds
[2025-01-22T13:12:54.281+0000] {processor.py:186} INFO - Started process (PID=16403) to work on /usr/local/python/3.12.1/lib/python3.12/site-packages/airflow/example_dags/tutorial_taskflow_api.py
[2025-01-22T13:12:54.283+0000] {processor.py:914} INFO - Processing file /usr/local/python/3.12.1/lib/python3.12/site-packages/airflow/example_dags/tutorial_taskflow_api.py for tasks to queue
[2025-01-22T13:12:54.285+0000] {logging_mixin.py:190} INFO - [2025-01-22T13:12:54.285+0000] {dagbag.py:588} INFO - Filling up the DagBag from /usr/local/python/3.12.1/lib/python3.12/site-packages/airflow/example_dags/tutorial_taskflow_api.py
[2025-01-22T13:12:54.295+0000] {processor.py:925} INFO - DAG(s) 'tutorial_taskflow_api' retrieved from /usr/local/python/3.12.1/lib/python3.12/site-packages/airflow/example_dags/tutorial_taskflow_api.py
[2025-01-22T13:12:54.312+0000] {logging_mixin.py:190} INFO - [2025-01-22T13:12:54.312+0000] {dag.py:3239} INFO - Sync 1 DAGs
[2025-01-22T13:12:54.326+0000] {logging_mixin.py:190} INFO - [2025-01-22T13:12:54.325+0000] {dag.py:4180} INFO - Setting next_dagrun for tutorial_taskflow_api to None, run_after=None
[2025-01-22T13:12:54.347+0000] {processor.py:208} INFO - Processing /usr/local/python/3.12.1/lib/python3.12/site-packages/airflow/example_dags/tutorial_taskflow_api.py took 0.072 seconds
[2025-01-22T13:13:47.935+0000] {processor.py:186} INFO - Started process (PID=16840) to work on /usr/local/python/3.12.1/lib/python3.12/site-packages/airflow/example_dags/tutorial_taskflow_api.py
[2025-01-22T13:13:47.936+0000] {processor.py:914} INFO - Processing file /usr/local/python/3.12.1/lib/python3.12/site-packages/airflow/example_dags/tutorial_taskflow_api.py for tasks to queue
[2025-01-22T13:13:47.938+0000] {logging_mixin.py:190} INFO - [2025-01-22T13:13:47.937+0000] {dagbag.py:588} INFO - Filling up the DagBag from /usr/local/python/3.12.1/lib/python3.12/site-packages/airflow/example_dags/tutorial_taskflow_api.py
[2025-01-22T13:13:47.944+0000] {processor.py:925} INFO - DAG(s) 'tutorial_taskflow_api' retrieved from /usr/local/python/3.12.1/lib/python3.12/site-packages/airflow/example_dags/tutorial_taskflow_api.py
[2025-01-22T13:13:47.954+0000] {logging_mixin.py:190} INFO - [2025-01-22T13:13:47.954+0000] {dag.py:3239} INFO - Sync 1 DAGs
[2025-01-22T13:13:47.963+0000] {logging_mixin.py:190} INFO - [2025-01-22T13:13:47.963+0000] {dag.py:4180} INFO - Setting next_dagrun for tutorial_taskflow_api to None, run_after=None
[2025-01-22T13:13:47.978+0000] {processor.py:208} INFO - Processing /usr/local/python/3.12.1/lib/python3.12/site-packages/airflow/example_dags/tutorial_taskflow_api.py took 0.046 seconds
[2025-01-22T13:14:40.653+0000] {processor.py:186} INFO - Started process (PID=17271) to work on /usr/local/python/3.12.1/lib/python3.12/site-packages/airflow/example_dags/tutorial_taskflow_api.py
[2025-01-22T13:14:40.653+0000] {processor.py:914} INFO - Processing file /usr/local/python/3.12.1/lib/python3.12/site-packages/airflow/example_dags/tutorial_taskflow_api.py for tasks to queue
[2025-01-22T13:14:40.655+0000] {logging_mixin.py:190} INFO - [2025-01-22T13:14:40.655+0000] {dagbag.py:588} INFO - Filling up the DagBag from /usr/local/python/3.12.1/lib/python3.12/site-packages/airflow/example_dags/tutorial_taskflow_api.py
[2025-01-22T13:14:40.661+0000] {processor.py:925} INFO - DAG(s) 'tutorial_taskflow_api' retrieved from /usr/local/python/3.12.1/lib/python3.12/site-packages/airflow/example_dags/tutorial_taskflow_api.py
[2025-01-22T13:14:40.671+0000] {logging_mixin.py:190} INFO - [2025-01-22T13:14:40.671+0000] {dag.py:3239} INFO - Sync 1 DAGs
[2025-01-22T13:14:40.680+0000] {logging_mixin.py:190} INFO - [2025-01-22T13:14:40.680+0000] {dag.py:4180} INFO - Setting next_dagrun for tutorial_taskflow_api to None, run_after=None
[2025-01-22T13:14:40.695+0000] {processor.py:208} INFO - Processing /usr/local/python/3.12.1/lib/python3.12/site-packages/airflow/example_dags/tutorial_taskflow_api.py took 0.046 seconds
[2025-01-22T13:15:29.741+0000] {processor.py:186} INFO - Started process (PID=17693) to work on /usr/local/python/3.12.1/lib/python3.12/site-packages/airflow/example_dags/tutorial_taskflow_api.py
[2025-01-22T13:15:29.742+0000] {processor.py:914} INFO - Processing file /usr/local/python/3.12.1/lib/python3.12/site-packages/airflow/example_dags/tutorial_taskflow_api.py for tasks to queue
[2025-01-22T13:15:29.744+0000] {logging_mixin.py:190} INFO - [2025-01-22T13:15:29.743+0000] {dagbag.py:588} INFO - Filling up the DagBag from /usr/local/python/3.12.1/lib/python3.12/site-packages/airflow/example_dags/tutorial_taskflow_api.py
[2025-01-22T13:15:29.750+0000] {processor.py:925} INFO - DAG(s) 'tutorial_taskflow_api' retrieved from /usr/local/python/3.12.1/lib/python3.12/site-packages/airflow/example_dags/tutorial_taskflow_api.py
[2025-01-22T13:15:29.760+0000] {logging_mixin.py:190} INFO - [2025-01-22T13:15:29.760+0000] {dag.py:3239} INFO - Sync 1 DAGs
[2025-01-22T13:15:29.769+0000] {logging_mixin.py:190} INFO - [2025-01-22T13:15:29.769+0000] {dag.py:4180} INFO - Setting next_dagrun for tutorial_taskflow_api to None, run_after=None
[2025-01-22T13:15:29.784+0000] {processor.py:208} INFO - Processing /usr/local/python/3.12.1/lib/python3.12/site-packages/airflow/example_dags/tutorial_taskflow_api.py took 0.047 seconds
[2025-01-22T13:16:18.082+0000] {processor.py:186} INFO - Started process (PID=18041) to work on /usr/local/python/3.12.1/lib/python3.12/site-packages/airflow/example_dags/tutorial_taskflow_api.py
[2025-01-22T13:16:18.083+0000] {processor.py:914} INFO - Processing file /usr/local/python/3.12.1/lib/python3.12/site-packages/airflow/example_dags/tutorial_taskflow_api.py for tasks to queue
[2025-01-22T13:16:18.084+0000] {logging_mixin.py:190} INFO - [2025-01-22T13:16:18.084+0000] {dagbag.py:588} INFO - Filling up the DagBag from /usr/local/python/3.12.1/lib/python3.12/site-packages/airflow/example_dags/tutorial_taskflow_api.py
[2025-01-22T13:16:18.091+0000] {processor.py:925} INFO - DAG(s) 'tutorial_taskflow_api' retrieved from /usr/local/python/3.12.1/lib/python3.12/site-packages/airflow/example_dags/tutorial_taskflow_api.py
[2025-01-22T13:16:18.101+0000] {logging_mixin.py:190} INFO - [2025-01-22T13:16:18.101+0000] {dag.py:3239} INFO - Sync 1 DAGs
[2025-01-22T13:16:18.111+0000] {logging_mixin.py:190} INFO - [2025-01-22T13:16:18.111+0000] {dag.py:4180} INFO - Setting next_dagrun for tutorial_taskflow_api to None, run_after=None
[2025-01-22T13:16:18.130+0000] {processor.py:208} INFO - Processing /usr/local/python/3.12.1/lib/python3.12/site-packages/airflow/example_dags/tutorial_taskflow_api.py took 0.052 seconds
[2025-01-22T13:17:12.405+0000] {processor.py:186} INFO - Started process (PID=18474) to work on /usr/local/python/3.12.1/lib/python3.12/site-packages/airflow/example_dags/tutorial_taskflow_api.py
[2025-01-22T13:17:12.406+0000] {processor.py:914} INFO - Processing file /usr/local/python/3.12.1/lib/python3.12/site-packages/airflow/example_dags/tutorial_taskflow_api.py for tasks to queue
[2025-01-22T13:17:12.407+0000] {logging_mixin.py:190} INFO - [2025-01-22T13:17:12.407+0000] {dagbag.py:588} INFO - Filling up the DagBag from /usr/local/python/3.12.1/lib/python3.12/site-packages/airflow/example_dags/tutorial_taskflow_api.py
[2025-01-22T13:17:12.414+0000] {processor.py:925} INFO - DAG(s) 'tutorial_taskflow_api' retrieved from /usr/local/python/3.12.1/lib/python3.12/site-packages/airflow/example_dags/tutorial_taskflow_api.py
[2025-01-22T13:17:12.424+0000] {logging_mixin.py:190} INFO - [2025-01-22T13:17:12.424+0000] {dag.py:3239} INFO - Sync 1 DAGs
[2025-01-22T13:17:12.434+0000] {logging_mixin.py:190} INFO - [2025-01-22T13:17:12.434+0000] {dag.py:4180} INFO - Setting next_dagrun for tutorial_taskflow_api to None, run_after=None
[2025-01-22T13:17:12.448+0000] {processor.py:208} INFO - Processing /usr/local/python/3.12.1/lib/python3.12/site-packages/airflow/example_dags/tutorial_taskflow_api.py took 0.047 seconds
[2025-01-22T13:18:02.772+0000] {processor.py:186} INFO - Started process (PID=18962) to work on /usr/local/python/3.12.1/lib/python3.12/site-packages/airflow/example_dags/tutorial_taskflow_api.py
[2025-01-22T13:18:02.772+0000] {processor.py:914} INFO - Processing file /usr/local/python/3.12.1/lib/python3.12/site-packages/airflow/example_dags/tutorial_taskflow_api.py for tasks to queue
[2025-01-22T13:18:02.774+0000] {logging_mixin.py:190} INFO - [2025-01-22T13:18:02.774+0000] {dagbag.py:588} INFO - Filling up the DagBag from /usr/local/python/3.12.1/lib/python3.12/site-packages/airflow/example_dags/tutorial_taskflow_api.py
[2025-01-22T13:18:02.780+0000] {processor.py:925} INFO - DAG(s) 'tutorial_taskflow_api' retrieved from /usr/local/python/3.12.1/lib/python3.12/site-packages/airflow/example_dags/tutorial_taskflow_api.py
[2025-01-22T13:18:02.791+0000] {logging_mixin.py:190} INFO - [2025-01-22T13:18:02.791+0000] {dag.py:3239} INFO - Sync 1 DAGs
[2025-01-22T13:18:02.800+0000] {logging_mixin.py:190} INFO - [2025-01-22T13:18:02.800+0000] {dag.py:4180} INFO - Setting next_dagrun for tutorial_taskflow_api to None, run_after=None
[2025-01-22T13:18:02.815+0000] {processor.py:208} INFO - Processing /usr/local/python/3.12.1/lib/python3.12/site-packages/airflow/example_dags/tutorial_taskflow_api.py took 0.047 seconds
[2025-01-22T13:18:51.583+0000] {processor.py:186} INFO - Started process (PID=19557) to work on /usr/local/python/3.12.1/lib/python3.12/site-packages/airflow/example_dags/tutorial_taskflow_api.py
[2025-01-22T13:18:51.584+0000] {processor.py:914} INFO - Processing file /usr/local/python/3.12.1/lib/python3.12/site-packages/airflow/example_dags/tutorial_taskflow_api.py for tasks to queue
[2025-01-22T13:18:51.585+0000] {logging_mixin.py:190} INFO - [2025-01-22T13:18:51.585+0000] {dagbag.py:588} INFO - Filling up the DagBag from /usr/local/python/3.12.1/lib/python3.12/site-packages/airflow/example_dags/tutorial_taskflow_api.py
[2025-01-22T13:18:51.592+0000] {processor.py:925} INFO - DAG(s) 'tutorial_taskflow_api' retrieved from /usr/local/python/3.12.1/lib/python3.12/site-packages/airflow/example_dags/tutorial_taskflow_api.py
[2025-01-22T13:18:51.602+0000] {logging_mixin.py:190} INFO - [2025-01-22T13:18:51.602+0000] {dag.py:3239} INFO - Sync 1 DAGs
[2025-01-22T13:18:51.611+0000] {logging_mixin.py:190} INFO - [2025-01-22T13:18:51.611+0000] {dag.py:4180} INFO - Setting next_dagrun for tutorial_taskflow_api to None, run_after=None
[2025-01-22T13:18:51.625+0000] {processor.py:208} INFO - Processing /usr/local/python/3.12.1/lib/python3.12/site-packages/airflow/example_dags/tutorial_taskflow_api.py took 0.047 seconds
[2025-01-22T13:19:42.091+0000] {processor.py:186} INFO - Started process (PID=20518) to work on /usr/local/python/3.12.1/lib/python3.12/site-packages/airflow/example_dags/tutorial_taskflow_api.py
[2025-01-22T13:19:42.092+0000] {processor.py:914} INFO - Processing file /usr/local/python/3.12.1/lib/python3.12/site-packages/airflow/example_dags/tutorial_taskflow_api.py for tasks to queue
[2025-01-22T13:19:42.093+0000] {logging_mixin.py:190} INFO - [2025-01-22T13:19:42.093+0000] {dagbag.py:588} INFO - Filling up the DagBag from /usr/local/python/3.12.1/lib/python3.12/site-packages/airflow/example_dags/tutorial_taskflow_api.py
[2025-01-22T13:19:42.100+0000] {processor.py:925} INFO - DAG(s) 'tutorial_taskflow_api' retrieved from /usr/local/python/3.12.1/lib/python3.12/site-packages/airflow/example_dags/tutorial_taskflow_api.py
[2025-01-22T13:19:42.110+0000] {logging_mixin.py:190} INFO - [2025-01-22T13:19:42.110+0000] {dag.py:3239} INFO - Sync 1 DAGs
[2025-01-22T13:19:42.119+0000] {logging_mixin.py:190} INFO - [2025-01-22T13:19:42.119+0000] {dag.py:4180} INFO - Setting next_dagrun for tutorial_taskflow_api to None, run_after=None
[2025-01-22T13:19:42.136+0000] {processor.py:208} INFO - Processing /usr/local/python/3.12.1/lib/python3.12/site-packages/airflow/example_dags/tutorial_taskflow_api.py took 0.048 seconds
[2025-01-22T13:20:32.232+0000] {processor.py:186} INFO - Started process (PID=21339) to work on /usr/local/python/3.12.1/lib/python3.12/site-packages/airflow/example_dags/tutorial_taskflow_api.py
[2025-01-22T13:20:32.232+0000] {processor.py:914} INFO - Processing file /usr/local/python/3.12.1/lib/python3.12/site-packages/airflow/example_dags/tutorial_taskflow_api.py for tasks to queue
[2025-01-22T13:20:32.234+0000] {logging_mixin.py:190} INFO - [2025-01-22T13:20:32.234+0000] {dagbag.py:588} INFO - Filling up the DagBag from /usr/local/python/3.12.1/lib/python3.12/site-packages/airflow/example_dags/tutorial_taskflow_api.py
[2025-01-22T13:20:32.240+0000] {processor.py:925} INFO - DAG(s) 'tutorial_taskflow_api' retrieved from /usr/local/python/3.12.1/lib/python3.12/site-packages/airflow/example_dags/tutorial_taskflow_api.py
[2025-01-22T13:20:32.251+0000] {logging_mixin.py:190} INFO - [2025-01-22T13:20:32.251+0000] {dag.py:3239} INFO - Sync 1 DAGs
[2025-01-22T13:20:32.259+0000] {logging_mixin.py:190} INFO - [2025-01-22T13:20:32.259+0000] {dag.py:4180} INFO - Setting next_dagrun for tutorial_taskflow_api to None, run_after=None
[2025-01-22T13:20:32.274+0000] {processor.py:208} INFO - Processing /usr/local/python/3.12.1/lib/python3.12/site-packages/airflow/example_dags/tutorial_taskflow_api.py took 0.047 seconds
[2025-01-22T13:21:19.747+0000] {processor.py:186} INFO - Started process (PID=21750) to work on /usr/local/python/3.12.1/lib/python3.12/site-packages/airflow/example_dags/tutorial_taskflow_api.py
[2025-01-22T13:21:19.748+0000] {processor.py:914} INFO - Processing file /usr/local/python/3.12.1/lib/python3.12/site-packages/airflow/example_dags/tutorial_taskflow_api.py for tasks to queue
[2025-01-22T13:21:19.749+0000] {logging_mixin.py:190} INFO - [2025-01-22T13:21:19.749+0000] {dagbag.py:588} INFO - Filling up the DagBag from /usr/local/python/3.12.1/lib/python3.12/site-packages/airflow/example_dags/tutorial_taskflow_api.py
[2025-01-22T13:21:19.756+0000] {processor.py:925} INFO - DAG(s) 'tutorial_taskflow_api' retrieved from /usr/local/python/3.12.1/lib/python3.12/site-packages/airflow/example_dags/tutorial_taskflow_api.py
[2025-01-22T13:21:19.766+0000] {logging_mixin.py:190} INFO - [2025-01-22T13:21:19.766+0000] {dag.py:3239} INFO - Sync 1 DAGs
[2025-01-22T13:21:19.775+0000] {logging_mixin.py:190} INFO - [2025-01-22T13:21:19.775+0000] {dag.py:4180} INFO - Setting next_dagrun for tutorial_taskflow_api to None, run_after=None
[2025-01-22T13:21:19.791+0000] {processor.py:208} INFO - Processing /usr/local/python/3.12.1/lib/python3.12/site-packages/airflow/example_dags/tutorial_taskflow_api.py took 0.048 seconds
