[2025-01-22T13:08:02.725+0000] {local_task_job_runner.py:123} INFO - ::group::Pre task execution logs
[2025-01-22T13:08:02.733+0000] {taskinstance.py:2613} INFO - Dependencies all met for dep_context=non-requeueable deps ti=<TaskInstance: dataset_with_extra_by_context.dataset_with_extra_by_context scheduled__2025-01-21T00:00:00+00:00 [queued]>
[2025-01-22T13:08:02.736+0000] {taskinstance.py:2613} INFO - Dependencies all met for dep_context=requeueable deps ti=<TaskInstance: dataset_with_extra_by_context.dataset_with_extra_by_context scheduled__2025-01-21T00:00:00+00:00 [queued]>
[2025-01-22T13:08:02.737+0000] {taskinstance.py:2866} INFO - Starting attempt 1 of 1
[2025-01-22T13:08:02.746+0000] {taskinstance.py:2889} INFO - Executing <Task(_PythonDecoratedOperator): dataset_with_extra_by_context> on 2025-01-21 00:00:00+00:00
[2025-01-22T13:08:02.749+0000] {standard_task_runner.py:72} INFO - Started process 13792 to run task
[2025-01-22T13:08:02.752+0000] {standard_task_runner.py:104} INFO - Running: ['airflow', 'tasks', 'run', 'dataset_with_extra_by_context', 'dataset_with_extra_by_context', 'scheduled__2025-01-21T00:00:00+00:00', '--job-id', '3', '--raw', '--subdir', '/usr/local/python/3.12.1/lib/python3.12/site-packages/airflow/example_dags/example_outlet_event_extra.py', '--cfg-path', '/tmp/tmpw98311qr']
[2025-01-22T13:08:02.752+0000] {standard_task_runner.py:105} INFO - Job 3: Subtask dataset_with_extra_by_context
[2025-01-22T13:08:02.777+0000] {task_command.py:467} INFO - Running <TaskInstance: dataset_with_extra_by_context.dataset_with_extra_by_context scheduled__2025-01-21T00:00:00+00:00 [running]> on host codespaces-70b800
[2025-01-22T13:08:02.834+0000] {taskinstance.py:3132} INFO - Exporting env vars: AIRFLOW_CTX_DAG_OWNER='airflow' AIRFLOW_CTX_DAG_ID='dataset_with_extra_by_context' AIRFLOW_CTX_TASK_ID='dataset_with_extra_by_context' AIRFLOW_CTX_EXECUTION_DATE='2025-01-21T00:00:00+00:00' AIRFLOW_CTX_TRY_NUMBER='1' AIRFLOW_CTX_DAG_RUN_ID='scheduled__2025-01-21T00:00:00+00:00'
[2025-01-22T13:08:02.835+0000] {logging_mixin.py:190} INFO - Task instance is in running state
[2025-01-22T13:08:02.835+0000] {logging_mixin.py:190} INFO -  Previous state of the Task instance: queued
[2025-01-22T13:08:02.835+0000] {logging_mixin.py:190} INFO - Current task name:dataset_with_extra_by_context state:running start_date:2025-01-22 13:08:02.733363+00:00
[2025-01-22T13:08:02.835+0000] {logging_mixin.py:190} INFO - Dag name:dataset_with_extra_by_context and current dag run status:running
[2025-01-22T13:08:02.835+0000] {taskinstance.py:731} INFO - ::endgroup::
[2025-01-22T13:08:02.836+0000] {python.py:240} INFO - Done. Returned value was: None
[2025-01-22T13:08:02.844+0000] {taskinstance.py:340} INFO - ::group::Post task execution logs
[2025-01-22T13:08:02.845+0000] {taskinstance.py:352} INFO - Marking task as SUCCESS. dag_id=dataset_with_extra_by_context, task_id=dataset_with_extra_by_context, run_id=scheduled__2025-01-21T00:00:00+00:00, execution_date=20250121T000000, start_date=20250122T130802, end_date=20250122T130802
[2025-01-22T13:08:02.858+0000] {logging_mixin.py:190} INFO - Task instance in success state
[2025-01-22T13:08:02.858+0000] {logging_mixin.py:190} INFO -  Previous state of the Task instance: running
[2025-01-22T13:08:02.858+0000] {logging_mixin.py:190} INFO - Dag name:dataset_with_extra_by_context queued_at:2025-01-22 13:08:00.801019+00:00
[2025-01-22T13:08:02.859+0000] {logging_mixin.py:190} INFO - Task hostname:codespaces-70b800 operator:_PythonDecoratedOperator
[2025-01-22T13:08:02.889+0000] {local_task_job_runner.py:266} INFO - Task exited with return code 0
[2025-01-22T13:08:02.896+0000] {taskinstance.py:3895} INFO - 0 downstream tasks scheduled from follow-on schedule check
[2025-01-22T13:08:02.897+0000] {local_task_job_runner.py:245} INFO - ::endgroup::
