[2025-01-22T12:52:28.011+0000] {processor.py:186} INFO - Started process (PID=5191) to work on /usr/local/python/3.12.1/lib/python3.12/site-packages/airflow/example_dags/plugins/event_listener.py
[2025-01-22T12:52:28.011+0000] {processor.py:914} INFO - Processing file /usr/local/python/3.12.1/lib/python3.12/site-packages/airflow/example_dags/plugins/event_listener.py for tasks to queue
[2025-01-22T12:52:28.013+0000] {logging_mixin.py:190} INFO - [2025-01-22T12:52:28.013+0000] {dagbag.py:588} INFO - Filling up the DagBag from /usr/local/python/3.12.1/lib/python3.12/site-packages/airflow/example_dags/plugins/event_listener.py
[2025-01-22T12:52:28.015+0000] {processor.py:927} WARNING - No viable dags retrieved from /usr/local/python/3.12.1/lib/python3.12/site-packages/airflow/example_dags/plugins/event_listener.py
[2025-01-22T12:52:28.029+0000] {processor.py:208} INFO - Processing /usr/local/python/3.12.1/lib/python3.12/site-packages/airflow/example_dags/plugins/event_listener.py took 0.022 seconds
[2025-01-22T12:53:30.603+0000] {processor.py:186} INFO - Started process (PID=6125) to work on /usr/local/python/3.12.1/lib/python3.12/site-packages/airflow/example_dags/plugins/event_listener.py
[2025-01-22T12:53:30.604+0000] {processor.py:914} INFO - Processing file /usr/local/python/3.12.1/lib/python3.12/site-packages/airflow/example_dags/plugins/event_listener.py for tasks to queue
[2025-01-22T12:53:30.605+0000] {logging_mixin.py:190} INFO - [2025-01-22T12:53:30.605+0000] {dagbag.py:588} INFO - Filling up the DagBag from /usr/local/python/3.12.1/lib/python3.12/site-packages/airflow/example_dags/plugins/event_listener.py
[2025-01-22T12:53:30.607+0000] {processor.py:927} WARNING - No viable dags retrieved from /usr/local/python/3.12.1/lib/python3.12/site-packages/airflow/example_dags/plugins/event_listener.py
[2025-01-22T12:53:30.614+0000] {processor.py:208} INFO - Processing /usr/local/python/3.12.1/lib/python3.12/site-packages/airflow/example_dags/plugins/event_listener.py took 0.015 seconds
[2025-01-22T12:54:22.417+0000] {processor.py:186} INFO - Started process (PID=6887) to work on /usr/local/python/3.12.1/lib/python3.12/site-packages/airflow/example_dags/plugins/event_listener.py
[2025-01-22T12:54:22.418+0000] {processor.py:914} INFO - Processing file /usr/local/python/3.12.1/lib/python3.12/site-packages/airflow/example_dags/plugins/event_listener.py for tasks to queue
[2025-01-22T12:54:22.420+0000] {logging_mixin.py:190} INFO - [2025-01-22T12:54:22.420+0000] {dagbag.py:588} INFO - Filling up the DagBag from /usr/local/python/3.12.1/lib/python3.12/site-packages/airflow/example_dags/plugins/event_listener.py
[2025-01-22T12:54:22.422+0000] {processor.py:927} WARNING - No viable dags retrieved from /usr/local/python/3.12.1/lib/python3.12/site-packages/airflow/example_dags/plugins/event_listener.py
[2025-01-22T12:54:22.432+0000] {processor.py:208} INFO - Processing /usr/local/python/3.12.1/lib/python3.12/site-packages/airflow/example_dags/plugins/event_listener.py took 0.020 seconds
[2025-01-22T12:55:14.465+0000] {processor.py:186} INFO - Started process (PID=7309) to work on /usr/local/python/3.12.1/lib/python3.12/site-packages/airflow/example_dags/plugins/event_listener.py
[2025-01-22T12:55:14.465+0000] {processor.py:914} INFO - Processing file /usr/local/python/3.12.1/lib/python3.12/site-packages/airflow/example_dags/plugins/event_listener.py for tasks to queue
[2025-01-22T12:55:14.467+0000] {logging_mixin.py:190} INFO - [2025-01-22T12:55:14.467+0000] {dagbag.py:588} INFO - Filling up the DagBag from /usr/local/python/3.12.1/lib/python3.12/site-packages/airflow/example_dags/plugins/event_listener.py
[2025-01-22T12:55:14.469+0000] {processor.py:927} WARNING - No viable dags retrieved from /usr/local/python/3.12.1/lib/python3.12/site-packages/airflow/example_dags/plugins/event_listener.py
[2025-01-22T12:55:14.476+0000] {processor.py:208} INFO - Processing /usr/local/python/3.12.1/lib/python3.12/site-packages/airflow/example_dags/plugins/event_listener.py took 0.015 seconds
[2025-01-22T12:56:06.969+0000] {processor.py:186} INFO - Started process (PID=7795) to work on /usr/local/python/3.12.1/lib/python3.12/site-packages/airflow/example_dags/plugins/event_listener.py
[2025-01-22T12:56:06.970+0000] {processor.py:914} INFO - Processing file /usr/local/python/3.12.1/lib/python3.12/site-packages/airflow/example_dags/plugins/event_listener.py for tasks to queue
[2025-01-22T12:56:06.971+0000] {logging_mixin.py:190} INFO - [2025-01-22T12:56:06.971+0000] {dagbag.py:588} INFO - Filling up the DagBag from /usr/local/python/3.12.1/lib/python3.12/site-packages/airflow/example_dags/plugins/event_listener.py
[2025-01-22T12:56:06.973+0000] {processor.py:927} WARNING - No viable dags retrieved from /usr/local/python/3.12.1/lib/python3.12/site-packages/airflow/example_dags/plugins/event_listener.py
[2025-01-22T12:56:06.981+0000] {processor.py:208} INFO - Processing /usr/local/python/3.12.1/lib/python3.12/site-packages/airflow/example_dags/plugins/event_listener.py took 0.015 seconds
[2025-01-22T12:56:58.407+0000] {processor.py:186} INFO - Started process (PID=8221) to work on /usr/local/python/3.12.1/lib/python3.12/site-packages/airflow/example_dags/plugins/event_listener.py
[2025-01-22T12:56:58.408+0000] {processor.py:914} INFO - Processing file /usr/local/python/3.12.1/lib/python3.12/site-packages/airflow/example_dags/plugins/event_listener.py for tasks to queue
[2025-01-22T12:56:58.409+0000] {logging_mixin.py:190} INFO - [2025-01-22T12:56:58.409+0000] {dagbag.py:588} INFO - Filling up the DagBag from /usr/local/python/3.12.1/lib/python3.12/site-packages/airflow/example_dags/plugins/event_listener.py
[2025-01-22T12:56:58.411+0000] {processor.py:927} WARNING - No viable dags retrieved from /usr/local/python/3.12.1/lib/python3.12/site-packages/airflow/example_dags/plugins/event_listener.py
[2025-01-22T12:56:58.418+0000] {processor.py:208} INFO - Processing /usr/local/python/3.12.1/lib/python3.12/site-packages/airflow/example_dags/plugins/event_listener.py took 0.015 seconds
[2025-01-22T12:57:48.633+0000] {processor.py:186} INFO - Started process (PID=8699) to work on /usr/local/python/3.12.1/lib/python3.12/site-packages/airflow/example_dags/plugins/event_listener.py
[2025-01-22T12:57:48.633+0000] {processor.py:914} INFO - Processing file /usr/local/python/3.12.1/lib/python3.12/site-packages/airflow/example_dags/plugins/event_listener.py for tasks to queue
[2025-01-22T12:57:48.635+0000] {logging_mixin.py:190} INFO - [2025-01-22T12:57:48.635+0000] {dagbag.py:588} INFO - Filling up the DagBag from /usr/local/python/3.12.1/lib/python3.12/site-packages/airflow/example_dags/plugins/event_listener.py
[2025-01-22T12:57:48.637+0000] {processor.py:927} WARNING - No viable dags retrieved from /usr/local/python/3.12.1/lib/python3.12/site-packages/airflow/example_dags/plugins/event_listener.py
[2025-01-22T12:57:48.644+0000] {processor.py:208} INFO - Processing /usr/local/python/3.12.1/lib/python3.12/site-packages/airflow/example_dags/plugins/event_listener.py took 0.015 seconds
[2025-01-22T12:58:38.249+0000] {processor.py:186} INFO - Started process (PID=9120) to work on /usr/local/python/3.12.1/lib/python3.12/site-packages/airflow/example_dags/plugins/event_listener.py
[2025-01-22T12:58:38.250+0000] {processor.py:914} INFO - Processing file /usr/local/python/3.12.1/lib/python3.12/site-packages/airflow/example_dags/plugins/event_listener.py for tasks to queue
[2025-01-22T12:58:38.251+0000] {logging_mixin.py:190} INFO - [2025-01-22T12:58:38.251+0000] {dagbag.py:588} INFO - Filling up the DagBag from /usr/local/python/3.12.1/lib/python3.12/site-packages/airflow/example_dags/plugins/event_listener.py
[2025-01-22T12:58:38.253+0000] {processor.py:927} WARNING - No viable dags retrieved from /usr/local/python/3.12.1/lib/python3.12/site-packages/airflow/example_dags/plugins/event_listener.py
[2025-01-22T12:58:38.260+0000] {processor.py:208} INFO - Processing /usr/local/python/3.12.1/lib/python3.12/site-packages/airflow/example_dags/plugins/event_listener.py took 0.015 seconds
[2025-01-22T12:59:29.605+0000] {processor.py:186} INFO - Started process (PID=9543) to work on /usr/local/python/3.12.1/lib/python3.12/site-packages/airflow/example_dags/plugins/event_listener.py
[2025-01-22T12:59:29.606+0000] {processor.py:914} INFO - Processing file /usr/local/python/3.12.1/lib/python3.12/site-packages/airflow/example_dags/plugins/event_listener.py for tasks to queue
[2025-01-22T12:59:29.608+0000] {logging_mixin.py:190} INFO - [2025-01-22T12:59:29.607+0000] {dagbag.py:588} INFO - Filling up the DagBag from /usr/local/python/3.12.1/lib/python3.12/site-packages/airflow/example_dags/plugins/event_listener.py
[2025-01-22T12:59:29.609+0000] {processor.py:927} WARNING - No viable dags retrieved from /usr/local/python/3.12.1/lib/python3.12/site-packages/airflow/example_dags/plugins/event_listener.py
[2025-01-22T12:59:29.616+0000] {processor.py:208} INFO - Processing /usr/local/python/3.12.1/lib/python3.12/site-packages/airflow/example_dags/plugins/event_listener.py took 0.015 seconds
[2025-01-22T13:00:20.617+0000] {processor.py:186} INFO - Started process (PID=9909) to work on /usr/local/python/3.12.1/lib/python3.12/site-packages/airflow/example_dags/plugins/event_listener.py
[2025-01-22T13:00:20.618+0000] {processor.py:914} INFO - Processing file /usr/local/python/3.12.1/lib/python3.12/site-packages/airflow/example_dags/plugins/event_listener.py for tasks to queue
[2025-01-22T13:00:20.620+0000] {logging_mixin.py:190} INFO - [2025-01-22T13:00:20.619+0000] {dagbag.py:588} INFO - Filling up the DagBag from /usr/local/python/3.12.1/lib/python3.12/site-packages/airflow/example_dags/plugins/event_listener.py
[2025-01-22T13:00:20.622+0000] {processor.py:927} WARNING - No viable dags retrieved from /usr/local/python/3.12.1/lib/python3.12/site-packages/airflow/example_dags/plugins/event_listener.py
[2025-01-22T13:00:20.630+0000] {processor.py:208} INFO - Processing /usr/local/python/3.12.1/lib/python3.12/site-packages/airflow/example_dags/plugins/event_listener.py took 0.019 seconds
[2025-01-22T13:01:13.938+0000] {processor.py:186} INFO - Started process (PID=10329) to work on /usr/local/python/3.12.1/lib/python3.12/site-packages/airflow/example_dags/plugins/event_listener.py
[2025-01-22T13:01:13.938+0000] {processor.py:914} INFO - Processing file /usr/local/python/3.12.1/lib/python3.12/site-packages/airflow/example_dags/plugins/event_listener.py for tasks to queue
[2025-01-22T13:01:13.940+0000] {logging_mixin.py:190} INFO - [2025-01-22T13:01:13.940+0000] {dagbag.py:588} INFO - Filling up the DagBag from /usr/local/python/3.12.1/lib/python3.12/site-packages/airflow/example_dags/plugins/event_listener.py
[2025-01-22T13:01:13.941+0000] {processor.py:927} WARNING - No viable dags retrieved from /usr/local/python/3.12.1/lib/python3.12/site-packages/airflow/example_dags/plugins/event_listener.py
[2025-01-22T13:01:13.949+0000] {processor.py:208} INFO - Processing /usr/local/python/3.12.1/lib/python3.12/site-packages/airflow/example_dags/plugins/event_listener.py took 0.015 seconds
[2025-01-22T13:02:06.410+0000] {processor.py:186} INFO - Started process (PID=10763) to work on /usr/local/python/3.12.1/lib/python3.12/site-packages/airflow/example_dags/plugins/event_listener.py
[2025-01-22T13:02:06.411+0000] {processor.py:914} INFO - Processing file /usr/local/python/3.12.1/lib/python3.12/site-packages/airflow/example_dags/plugins/event_listener.py for tasks to queue
[2025-01-22T13:02:06.412+0000] {logging_mixin.py:190} INFO - [2025-01-22T13:02:06.412+0000] {dagbag.py:588} INFO - Filling up the DagBag from /usr/local/python/3.12.1/lib/python3.12/site-packages/airflow/example_dags/plugins/event_listener.py
[2025-01-22T13:02:06.414+0000] {processor.py:927} WARNING - No viable dags retrieved from /usr/local/python/3.12.1/lib/python3.12/site-packages/airflow/example_dags/plugins/event_listener.py
[2025-01-22T13:02:06.421+0000] {processor.py:208} INFO - Processing /usr/local/python/3.12.1/lib/python3.12/site-packages/airflow/example_dags/plugins/event_listener.py took 0.015 seconds
[2025-01-22T13:02:52.609+0000] {processor.py:186} INFO - Started process (PID=11222) to work on /usr/local/python/3.12.1/lib/python3.12/site-packages/airflow/example_dags/plugins/event_listener.py
[2025-01-22T13:02:52.609+0000] {processor.py:914} INFO - Processing file /usr/local/python/3.12.1/lib/python3.12/site-packages/airflow/example_dags/plugins/event_listener.py for tasks to queue
[2025-01-22T13:02:52.611+0000] {logging_mixin.py:190} INFO - [2025-01-22T13:02:52.611+0000] {dagbag.py:588} INFO - Filling up the DagBag from /usr/local/python/3.12.1/lib/python3.12/site-packages/airflow/example_dags/plugins/event_listener.py
[2025-01-22T13:02:52.613+0000] {processor.py:927} WARNING - No viable dags retrieved from /usr/local/python/3.12.1/lib/python3.12/site-packages/airflow/example_dags/plugins/event_listener.py
[2025-01-22T13:02:52.620+0000] {processor.py:208} INFO - Processing /usr/local/python/3.12.1/lib/python3.12/site-packages/airflow/example_dags/plugins/event_listener.py took 0.014 seconds
[2025-01-22T13:03:41.689+0000] {processor.py:186} INFO - Started process (PID=11636) to work on /usr/local/python/3.12.1/lib/python3.12/site-packages/airflow/example_dags/plugins/event_listener.py
[2025-01-22T13:03:41.690+0000] {processor.py:914} INFO - Processing file /usr/local/python/3.12.1/lib/python3.12/site-packages/airflow/example_dags/plugins/event_listener.py for tasks to queue
[2025-01-22T13:03:41.692+0000] {logging_mixin.py:190} INFO - [2025-01-22T13:03:41.691+0000] {dagbag.py:588} INFO - Filling up the DagBag from /usr/local/python/3.12.1/lib/python3.12/site-packages/airflow/example_dags/plugins/event_listener.py
[2025-01-22T13:03:41.693+0000] {processor.py:927} WARNING - No viable dags retrieved from /usr/local/python/3.12.1/lib/python3.12/site-packages/airflow/example_dags/plugins/event_listener.py
[2025-01-22T13:03:41.700+0000] {processor.py:208} INFO - Processing /usr/local/python/3.12.1/lib/python3.12/site-packages/airflow/example_dags/plugins/event_listener.py took 0.015 seconds
[2025-01-22T13:04:34.179+0000] {processor.py:186} INFO - Started process (PID=12067) to work on /usr/local/python/3.12.1/lib/python3.12/site-packages/airflow/example_dags/plugins/event_listener.py
[2025-01-22T13:04:34.180+0000] {processor.py:914} INFO - Processing file /usr/local/python/3.12.1/lib/python3.12/site-packages/airflow/example_dags/plugins/event_listener.py for tasks to queue
[2025-01-22T13:04:34.181+0000] {logging_mixin.py:190} INFO - [2025-01-22T13:04:34.181+0000] {dagbag.py:588} INFO - Filling up the DagBag from /usr/local/python/3.12.1/lib/python3.12/site-packages/airflow/example_dags/plugins/event_listener.py
[2025-01-22T13:04:34.183+0000] {processor.py:927} WARNING - No viable dags retrieved from /usr/local/python/3.12.1/lib/python3.12/site-packages/airflow/example_dags/plugins/event_listener.py
[2025-01-22T13:04:34.190+0000] {processor.py:208} INFO - Processing /usr/local/python/3.12.1/lib/python3.12/site-packages/airflow/example_dags/plugins/event_listener.py took 0.015 seconds
[2025-01-22T13:05:25.431+0000] {processor.py:186} INFO - Started process (PID=12491) to work on /usr/local/python/3.12.1/lib/python3.12/site-packages/airflow/example_dags/plugins/event_listener.py
[2025-01-22T13:05:25.431+0000] {processor.py:914} INFO - Processing file /usr/local/python/3.12.1/lib/python3.12/site-packages/airflow/example_dags/plugins/event_listener.py for tasks to queue
[2025-01-22T13:05:25.433+0000] {logging_mixin.py:190} INFO - [2025-01-22T13:05:25.433+0000] {dagbag.py:588} INFO - Filling up the DagBag from /usr/local/python/3.12.1/lib/python3.12/site-packages/airflow/example_dags/plugins/event_listener.py
[2025-01-22T13:05:25.435+0000] {processor.py:927} WARNING - No viable dags retrieved from /usr/local/python/3.12.1/lib/python3.12/site-packages/airflow/example_dags/plugins/event_listener.py
[2025-01-22T13:05:25.442+0000] {processor.py:208} INFO - Processing /usr/local/python/3.12.1/lib/python3.12/site-packages/airflow/example_dags/plugins/event_listener.py took 0.015 seconds
[2025-01-22T13:06:16.806+0000] {processor.py:186} INFO - Started process (PID=12860) to work on /usr/local/python/3.12.1/lib/python3.12/site-packages/airflow/example_dags/plugins/event_listener.py
[2025-01-22T13:06:16.806+0000] {processor.py:914} INFO - Processing file /usr/local/python/3.12.1/lib/python3.12/site-packages/airflow/example_dags/plugins/event_listener.py for tasks to queue
[2025-01-22T13:06:16.808+0000] {logging_mixin.py:190} INFO - [2025-01-22T13:06:16.808+0000] {dagbag.py:588} INFO - Filling up the DagBag from /usr/local/python/3.12.1/lib/python3.12/site-packages/airflow/example_dags/plugins/event_listener.py
[2025-01-22T13:06:16.810+0000] {processor.py:927} WARNING - No viable dags retrieved from /usr/local/python/3.12.1/lib/python3.12/site-packages/airflow/example_dags/plugins/event_listener.py
[2025-01-22T13:06:16.816+0000] {processor.py:208} INFO - Processing /usr/local/python/3.12.1/lib/python3.12/site-packages/airflow/example_dags/plugins/event_listener.py took 0.015 seconds
[2025-01-22T13:07:03.088+0000] {processor.py:186} INFO - Started process (PID=13255) to work on /usr/local/python/3.12.1/lib/python3.12/site-packages/airflow/example_dags/plugins/event_listener.py
[2025-01-22T13:07:03.089+0000] {processor.py:914} INFO - Processing file /usr/local/python/3.12.1/lib/python3.12/site-packages/airflow/example_dags/plugins/event_listener.py for tasks to queue
[2025-01-22T13:07:03.091+0000] {logging_mixin.py:190} INFO - [2025-01-22T13:07:03.091+0000] {dagbag.py:588} INFO - Filling up the DagBag from /usr/local/python/3.12.1/lib/python3.12/site-packages/airflow/example_dags/plugins/event_listener.py
[2025-01-22T13:07:03.094+0000] {processor.py:927} WARNING - No viable dags retrieved from /usr/local/python/3.12.1/lib/python3.12/site-packages/airflow/example_dags/plugins/event_listener.py
[2025-01-22T13:07:03.103+0000] {processor.py:208} INFO - Processing /usr/local/python/3.12.1/lib/python3.12/site-packages/airflow/example_dags/plugins/event_listener.py took 0.022 seconds
[2025-01-22T13:07:54.133+0000] {processor.py:186} INFO - Started process (PID=13684) to work on /usr/local/python/3.12.1/lib/python3.12/site-packages/airflow/example_dags/plugins/event_listener.py
[2025-01-22T13:07:54.134+0000] {processor.py:914} INFO - Processing file /usr/local/python/3.12.1/lib/python3.12/site-packages/airflow/example_dags/plugins/event_listener.py for tasks to queue
[2025-01-22T13:07:54.136+0000] {logging_mixin.py:190} INFO - [2025-01-22T13:07:54.135+0000] {dagbag.py:588} INFO - Filling up the DagBag from /usr/local/python/3.12.1/lib/python3.12/site-packages/airflow/example_dags/plugins/event_listener.py
[2025-01-22T13:07:54.137+0000] {processor.py:927} WARNING - No viable dags retrieved from /usr/local/python/3.12.1/lib/python3.12/site-packages/airflow/example_dags/plugins/event_listener.py
[2025-01-22T13:07:54.145+0000] {processor.py:208} INFO - Processing /usr/local/python/3.12.1/lib/python3.12/site-packages/airflow/example_dags/plugins/event_listener.py took 0.015 seconds
[2025-01-22T13:08:49.940+0000] {processor.py:186} INFO - Started process (PID=14375) to work on /usr/local/python/3.12.1/lib/python3.12/site-packages/airflow/example_dags/plugins/event_listener.py
[2025-01-22T13:08:49.940+0000] {processor.py:914} INFO - Processing file /usr/local/python/3.12.1/lib/python3.12/site-packages/airflow/example_dags/plugins/event_listener.py for tasks to queue
[2025-01-22T13:08:49.942+0000] {logging_mixin.py:190} INFO - [2025-01-22T13:08:49.942+0000] {dagbag.py:588} INFO - Filling up the DagBag from /usr/local/python/3.12.1/lib/python3.12/site-packages/airflow/example_dags/plugins/event_listener.py
[2025-01-22T13:08:49.944+0000] {processor.py:927} WARNING - No viable dags retrieved from /usr/local/python/3.12.1/lib/python3.12/site-packages/airflow/example_dags/plugins/event_listener.py
[2025-01-22T13:08:49.951+0000] {processor.py:208} INFO - Processing /usr/local/python/3.12.1/lib/python3.12/site-packages/airflow/example_dags/plugins/event_listener.py took 0.015 seconds
[2025-01-22T13:09:39.058+0000] {processor.py:186} INFO - Started process (PID=14791) to work on /usr/local/python/3.12.1/lib/python3.12/site-packages/airflow/example_dags/plugins/event_listener.py
[2025-01-22T13:09:39.059+0000] {processor.py:914} INFO - Processing file /usr/local/python/3.12.1/lib/python3.12/site-packages/airflow/example_dags/plugins/event_listener.py for tasks to queue
[2025-01-22T13:09:39.060+0000] {logging_mixin.py:190} INFO - [2025-01-22T13:09:39.060+0000] {dagbag.py:588} INFO - Filling up the DagBag from /usr/local/python/3.12.1/lib/python3.12/site-packages/airflow/example_dags/plugins/event_listener.py
[2025-01-22T13:09:39.062+0000] {processor.py:927} WARNING - No viable dags retrieved from /usr/local/python/3.12.1/lib/python3.12/site-packages/airflow/example_dags/plugins/event_listener.py
[2025-01-22T13:09:39.069+0000] {processor.py:208} INFO - Processing /usr/local/python/3.12.1/lib/python3.12/site-packages/airflow/example_dags/plugins/event_listener.py took 0.015 seconds
[2025-01-22T13:10:29.029+0000] {processor.py:186} INFO - Started process (PID=15207) to work on /usr/local/python/3.12.1/lib/python3.12/site-packages/airflow/example_dags/plugins/event_listener.py
[2025-01-22T13:10:29.030+0000] {processor.py:914} INFO - Processing file /usr/local/python/3.12.1/lib/python3.12/site-packages/airflow/example_dags/plugins/event_listener.py for tasks to queue
[2025-01-22T13:10:29.031+0000] {logging_mixin.py:190} INFO - [2025-01-22T13:10:29.031+0000] {dagbag.py:588} INFO - Filling up the DagBag from /usr/local/python/3.12.1/lib/python3.12/site-packages/airflow/example_dags/plugins/event_listener.py
[2025-01-22T13:10:29.033+0000] {processor.py:927} WARNING - No viable dags retrieved from /usr/local/python/3.12.1/lib/python3.12/site-packages/airflow/example_dags/plugins/event_listener.py
[2025-01-22T13:10:29.040+0000] {processor.py:208} INFO - Processing /usr/local/python/3.12.1/lib/python3.12/site-packages/airflow/example_dags/plugins/event_listener.py took 0.015 seconds
[2025-01-22T13:11:18.982+0000] {processor.py:186} INFO - Started process (PID=15560) to work on /usr/local/python/3.12.1/lib/python3.12/site-packages/airflow/example_dags/plugins/event_listener.py
[2025-01-22T13:11:18.983+0000] {processor.py:914} INFO - Processing file /usr/local/python/3.12.1/lib/python3.12/site-packages/airflow/example_dags/plugins/event_listener.py for tasks to queue
[2025-01-22T13:11:18.984+0000] {logging_mixin.py:190} INFO - [2025-01-22T13:11:18.984+0000] {dagbag.py:588} INFO - Filling up the DagBag from /usr/local/python/3.12.1/lib/python3.12/site-packages/airflow/example_dags/plugins/event_listener.py
[2025-01-22T13:11:18.986+0000] {processor.py:927} WARNING - No viable dags retrieved from /usr/local/python/3.12.1/lib/python3.12/site-packages/airflow/example_dags/plugins/event_listener.py
[2025-01-22T13:11:18.994+0000] {processor.py:208} INFO - Processing /usr/local/python/3.12.1/lib/python3.12/site-packages/airflow/example_dags/plugins/event_listener.py took 0.016 seconds
[2025-01-22T13:12:08.629+0000] {processor.py:186} INFO - Started process (PID=15969) to work on /usr/local/python/3.12.1/lib/python3.12/site-packages/airflow/example_dags/plugins/event_listener.py
[2025-01-22T13:12:08.629+0000] {processor.py:914} INFO - Processing file /usr/local/python/3.12.1/lib/python3.12/site-packages/airflow/example_dags/plugins/event_listener.py for tasks to queue
[2025-01-22T13:12:08.631+0000] {logging_mixin.py:190} INFO - [2025-01-22T13:12:08.631+0000] {dagbag.py:588} INFO - Filling up the DagBag from /usr/local/python/3.12.1/lib/python3.12/site-packages/airflow/example_dags/plugins/event_listener.py
[2025-01-22T13:12:08.633+0000] {processor.py:927} WARNING - No viable dags retrieved from /usr/local/python/3.12.1/lib/python3.12/site-packages/airflow/example_dags/plugins/event_listener.py
[2025-01-22T13:12:08.640+0000] {processor.py:208} INFO - Processing /usr/local/python/3.12.1/lib/python3.12/site-packages/airflow/example_dags/plugins/event_listener.py took 0.015 seconds
[2025-01-22T13:13:00.304+0000] {processor.py:186} INFO - Started process (PID=16461) to work on /usr/local/python/3.12.1/lib/python3.12/site-packages/airflow/example_dags/plugins/event_listener.py
[2025-01-22T13:13:00.305+0000] {processor.py:914} INFO - Processing file /usr/local/python/3.12.1/lib/python3.12/site-packages/airflow/example_dags/plugins/event_listener.py for tasks to queue
[2025-01-22T13:13:00.306+0000] {logging_mixin.py:190} INFO - [2025-01-22T13:13:00.306+0000] {dagbag.py:588} INFO - Filling up the DagBag from /usr/local/python/3.12.1/lib/python3.12/site-packages/airflow/example_dags/plugins/event_listener.py
[2025-01-22T13:13:00.308+0000] {processor.py:927} WARNING - No viable dags retrieved from /usr/local/python/3.12.1/lib/python3.12/site-packages/airflow/example_dags/plugins/event_listener.py
[2025-01-22T13:13:00.315+0000] {processor.py:208} INFO - Processing /usr/local/python/3.12.1/lib/python3.12/site-packages/airflow/example_dags/plugins/event_listener.py took 0.015 seconds
[2025-01-22T13:13:53.456+0000] {processor.py:186} INFO - Started process (PID=16889) to work on /usr/local/python/3.12.1/lib/python3.12/site-packages/airflow/example_dags/plugins/event_listener.py
[2025-01-22T13:13:53.456+0000] {processor.py:914} INFO - Processing file /usr/local/python/3.12.1/lib/python3.12/site-packages/airflow/example_dags/plugins/event_listener.py for tasks to queue
[2025-01-22T13:13:53.458+0000] {logging_mixin.py:190} INFO - [2025-01-22T13:13:53.457+0000] {dagbag.py:588} INFO - Filling up the DagBag from /usr/local/python/3.12.1/lib/python3.12/site-packages/airflow/example_dags/plugins/event_listener.py
[2025-01-22T13:13:53.459+0000] {processor.py:927} WARNING - No viable dags retrieved from /usr/local/python/3.12.1/lib/python3.12/site-packages/airflow/example_dags/plugins/event_listener.py
[2025-01-22T13:13:53.466+0000] {processor.py:208} INFO - Processing /usr/local/python/3.12.1/lib/python3.12/site-packages/airflow/example_dags/plugins/event_listener.py took 0.015 seconds
[2025-01-22T13:14:46.114+0000] {processor.py:186} INFO - Started process (PID=17321) to work on /usr/local/python/3.12.1/lib/python3.12/site-packages/airflow/example_dags/plugins/event_listener.py
[2025-01-22T13:14:46.115+0000] {processor.py:914} INFO - Processing file /usr/local/python/3.12.1/lib/python3.12/site-packages/airflow/example_dags/plugins/event_listener.py for tasks to queue
[2025-01-22T13:14:46.116+0000] {logging_mixin.py:190} INFO - [2025-01-22T13:14:46.116+0000] {dagbag.py:588} INFO - Filling up the DagBag from /usr/local/python/3.12.1/lib/python3.12/site-packages/airflow/example_dags/plugins/event_listener.py
[2025-01-22T13:14:46.118+0000] {processor.py:927} WARNING - No viable dags retrieved from /usr/local/python/3.12.1/lib/python3.12/site-packages/airflow/example_dags/plugins/event_listener.py
[2025-01-22T13:14:46.125+0000] {processor.py:208} INFO - Processing /usr/local/python/3.12.1/lib/python3.12/site-packages/airflow/example_dags/plugins/event_listener.py took 0.015 seconds
[2025-01-22T13:15:34.870+0000] {processor.py:186} INFO - Started process (PID=17736) to work on /usr/local/python/3.12.1/lib/python3.12/site-packages/airflow/example_dags/plugins/event_listener.py
[2025-01-22T13:15:34.870+0000] {processor.py:914} INFO - Processing file /usr/local/python/3.12.1/lib/python3.12/site-packages/airflow/example_dags/plugins/event_listener.py for tasks to queue
[2025-01-22T13:15:34.872+0000] {logging_mixin.py:190} INFO - [2025-01-22T13:15:34.871+0000] {dagbag.py:588} INFO - Filling up the DagBag from /usr/local/python/3.12.1/lib/python3.12/site-packages/airflow/example_dags/plugins/event_listener.py
[2025-01-22T13:15:34.873+0000] {processor.py:927} WARNING - No viable dags retrieved from /usr/local/python/3.12.1/lib/python3.12/site-packages/airflow/example_dags/plugins/event_listener.py
[2025-01-22T13:15:34.880+0000] {processor.py:208} INFO - Processing /usr/local/python/3.12.1/lib/python3.12/site-packages/airflow/example_dags/plugins/event_listener.py took 0.015 seconds
[2025-01-22T13:16:23.882+0000] {processor.py:186} INFO - Started process (PID=18146) to work on /usr/local/python/3.12.1/lib/python3.12/site-packages/airflow/example_dags/plugins/event_listener.py
[2025-01-22T13:16:23.882+0000] {processor.py:914} INFO - Processing file /usr/local/python/3.12.1/lib/python3.12/site-packages/airflow/example_dags/plugins/event_listener.py for tasks to queue
[2025-01-22T13:16:23.884+0000] {logging_mixin.py:190} INFO - [2025-01-22T13:16:23.883+0000] {dagbag.py:588} INFO - Filling up the DagBag from /usr/local/python/3.12.1/lib/python3.12/site-packages/airflow/example_dags/plugins/event_listener.py
[2025-01-22T13:16:23.885+0000] {processor.py:927} WARNING - No viable dags retrieved from /usr/local/python/3.12.1/lib/python3.12/site-packages/airflow/example_dags/plugins/event_listener.py
[2025-01-22T13:16:23.892+0000] {processor.py:208} INFO - Processing /usr/local/python/3.12.1/lib/python3.12/site-packages/airflow/example_dags/plugins/event_listener.py took 0.015 seconds
[2025-01-22T13:17:18.497+0000] {processor.py:186} INFO - Started process (PID=18526) to work on /usr/local/python/3.12.1/lib/python3.12/site-packages/airflow/example_dags/plugins/event_listener.py
[2025-01-22T13:17:18.498+0000] {processor.py:914} INFO - Processing file /usr/local/python/3.12.1/lib/python3.12/site-packages/airflow/example_dags/plugins/event_listener.py for tasks to queue
[2025-01-22T13:17:18.500+0000] {logging_mixin.py:190} INFO - [2025-01-22T13:17:18.499+0000] {dagbag.py:588} INFO - Filling up the DagBag from /usr/local/python/3.12.1/lib/python3.12/site-packages/airflow/example_dags/plugins/event_listener.py
[2025-01-22T13:17:18.501+0000] {processor.py:927} WARNING - No viable dags retrieved from /usr/local/python/3.12.1/lib/python3.12/site-packages/airflow/example_dags/plugins/event_listener.py
[2025-01-22T13:17:18.508+0000] {processor.py:208} INFO - Processing /usr/local/python/3.12.1/lib/python3.12/site-packages/airflow/example_dags/plugins/event_listener.py took 0.015 seconds
[2025-01-22T13:18:08.657+0000] {processor.py:186} INFO - Started process (PID=19011) to work on /usr/local/python/3.12.1/lib/python3.12/site-packages/airflow/example_dags/plugins/event_listener.py
[2025-01-22T13:18:08.658+0000] {processor.py:914} INFO - Processing file /usr/local/python/3.12.1/lib/python3.12/site-packages/airflow/example_dags/plugins/event_listener.py for tasks to queue
[2025-01-22T13:18:08.659+0000] {logging_mixin.py:190} INFO - [2025-01-22T13:18:08.659+0000] {dagbag.py:588} INFO - Filling up the DagBag from /usr/local/python/3.12.1/lib/python3.12/site-packages/airflow/example_dags/plugins/event_listener.py
[2025-01-22T13:18:08.661+0000] {processor.py:927} WARNING - No viable dags retrieved from /usr/local/python/3.12.1/lib/python3.12/site-packages/airflow/example_dags/plugins/event_listener.py
[2025-01-22T13:18:08.668+0000] {processor.py:208} INFO - Processing /usr/local/python/3.12.1/lib/python3.12/site-packages/airflow/example_dags/plugins/event_listener.py took 0.015 seconds
[2025-01-22T13:18:57.661+0000] {processor.py:186} INFO - Started process (PID=19668) to work on /usr/local/python/3.12.1/lib/python3.12/site-packages/airflow/example_dags/plugins/event_listener.py
[2025-01-22T13:18:57.662+0000] {processor.py:914} INFO - Processing file /usr/local/python/3.12.1/lib/python3.12/site-packages/airflow/example_dags/plugins/event_listener.py for tasks to queue
[2025-01-22T13:18:57.664+0000] {logging_mixin.py:190} INFO - [2025-01-22T13:18:57.663+0000] {dagbag.py:588} INFO - Filling up the DagBag from /usr/local/python/3.12.1/lib/python3.12/site-packages/airflow/example_dags/plugins/event_listener.py
[2025-01-22T13:18:57.666+0000] {processor.py:927} WARNING - No viable dags retrieved from /usr/local/python/3.12.1/lib/python3.12/site-packages/airflow/example_dags/plugins/event_listener.py
[2025-01-22T13:18:57.673+0000] {processor.py:208} INFO - Processing /usr/local/python/3.12.1/lib/python3.12/site-packages/airflow/example_dags/plugins/event_listener.py took 0.015 seconds
[2025-01-22T13:19:47.748+0000] {processor.py:186} INFO - Started process (PID=20627) to work on /usr/local/python/3.12.1/lib/python3.12/site-packages/airflow/example_dags/plugins/event_listener.py
[2025-01-22T13:19:47.748+0000] {processor.py:914} INFO - Processing file /usr/local/python/3.12.1/lib/python3.12/site-packages/airflow/example_dags/plugins/event_listener.py for tasks to queue
[2025-01-22T13:19:47.750+0000] {logging_mixin.py:190} INFO - [2025-01-22T13:19:47.750+0000] {dagbag.py:588} INFO - Filling up the DagBag from /usr/local/python/3.12.1/lib/python3.12/site-packages/airflow/example_dags/plugins/event_listener.py
[2025-01-22T13:19:47.753+0000] {processor.py:927} WARNING - No viable dags retrieved from /usr/local/python/3.12.1/lib/python3.12/site-packages/airflow/example_dags/plugins/event_listener.py
[2025-01-22T13:19:47.762+0000] {processor.py:208} INFO - Processing /usr/local/python/3.12.1/lib/python3.12/site-packages/airflow/example_dags/plugins/event_listener.py took 0.020 seconds
[2025-01-22T13:20:37.365+0000] {processor.py:186} INFO - Started process (PID=21388) to work on /usr/local/python/3.12.1/lib/python3.12/site-packages/airflow/example_dags/plugins/event_listener.py
[2025-01-22T13:20:37.366+0000] {processor.py:914} INFO - Processing file /usr/local/python/3.12.1/lib/python3.12/site-packages/airflow/example_dags/plugins/event_listener.py for tasks to queue
[2025-01-22T13:20:37.367+0000] {logging_mixin.py:190} INFO - [2025-01-22T13:20:37.367+0000] {dagbag.py:588} INFO - Filling up the DagBag from /usr/local/python/3.12.1/lib/python3.12/site-packages/airflow/example_dags/plugins/event_listener.py
[2025-01-22T13:20:37.369+0000] {processor.py:927} WARNING - No viable dags retrieved from /usr/local/python/3.12.1/lib/python3.12/site-packages/airflow/example_dags/plugins/event_listener.py
[2025-01-22T13:20:37.376+0000] {processor.py:208} INFO - Processing /usr/local/python/3.12.1/lib/python3.12/site-packages/airflow/example_dags/plugins/event_listener.py took 0.015 seconds
